#
# There is insufficient memory for the Java Runtime Environment to continue.
# Native memory allocation (malloc) failed to allocate 1137056 bytes for Chunk::new
# Possible reasons:
#   The system is out of physical RAM or swap space
#   The process is running with CompressedOops enabled, and the Java Heap may be blocking the growth of the native heap
# Possible solutions:
#   Reduce memory load on the system
#   Increase physical memory or swap space
#   Check if swap backing store is full
#   Decrease Java heap size (-Xmx/-Xms)
#   Decrease number of Java threads
#   Decrease Java thread stack sizes (-Xss)
#   Set larger code cache with -XX:ReservedCodeCacheSize=
#   JVM is running with Unscaled Compressed Oops mode in which the Java heap is
#     placed in the first 4GB address space. The Java Heap base address is the
#     maximum limit for the native heap growth. Please use -XX:HeapBaseMinAddress
#     to set the Java Heap base and to place the Java Heap above 4GB virtual address.
# This output file may be truncated or incomplete.
#
#  Out of Memory Error (./src/hotspot/share/memory/arena.cpp:197), pid=9312, tid=7752
#
# JRE version: OpenJDK Runtime Environment (11.0.10) (build 11.0.10+0-b96-7249189)
# Java VM: OpenJDK 64-Bit Server VM (11.0.10+0-b96-7249189, mixed mode, tiered, compressed oops, g1 gc, windows-amd64)
# No core dump will be written. Minidumps are not enabled by default on client versions of Windows
#

---------------  S U M M A R Y ------------

Command Line: --add-opens=java.base/java.util=ALL-UNNAMED --add-opens=java.base/java.lang=ALL-UNNAMED --add-opens=java.base/java.lang.invoke=ALL-UNNAMED --add-opens=java.base/java.util=ALL-UNNAMED --add-opens=java.prefs/java.util.prefs=ALL-UNNAMED --add-opens=java.prefs/java.util.prefs=ALL-UNNAMED --add-opens=java.base/java.nio.charset=ALL-UNNAMED --add-opens=java.base/java.net=ALL-UNNAMED --add-opens=java.base/java.util.concurrent.atomic=ALL-UNNAMED -Xmx2048m -Dfile.encoding=UTF-8 -Duser.country=CO -Duser.language=es -Duser.variant org.gradle.launcher.daemon.bootstrap.GradleDaemon 7.0.2

Host: Intel(R) Core(TM) i3 CPU         540  @ 3.07GHz, 4 cores, 5G,  Windows 10 , 64 bit Build 19041 (10.0.19041.1202)
Time: Sun Nov  7 23:16:29 2021 Hora est. Pacífico, Sudamérica elapsed time: 26.988648 seconds (0d 0h 0m 26s)

---------------  T H R E A D  ---------------

Current thread (0x000001ba43d21800):  JavaThread "C2 CompilerThread1" daemon [_thread_in_native, id=7752, stack(0x0000007f87a00000,0x0000007f87b00000)]


Current CompileTask:
C2:  26988 6668   !   4       java.net.URLClassLoader$1::run (63 bytes)

Stack: [0x0000007f87a00000,0x0000007f87b00000]
Native frames: (J=compiled Java code, j=interpreted, Vv=VM code, C=native code)
V  [jvm.dll+0x5ecfaa]
V  [jvm.dll+0x722bd5]
V  [jvm.dll+0x72412d]
V  [jvm.dll+0x7247e3]
V  [jvm.dll+0x242928]
V  [jvm.dll+0xbc4fc]
V  [jvm.dll+0xbca0c]
V  [jvm.dll+0x2b4fd4]
V  [jvm.dll+0x506028]
V  [jvm.dll+0x203253]
V  [jvm.dll+0x1fd07c]
V  [jvm.dll+0x1fa77f]
V  [jvm.dll+0x18354c]
V  [jvm.dll+0x208ee7]
V  [jvm.dll+0x207731]
V  [jvm.dll+0x6eb1cf]
V  [jvm.dll+0x6e3d45]
V  [jvm.dll+0x5ebe96]
C  [ucrtbase.dll+0x21bb2]
C  [KERNEL32.DLL+0x17034]
C  [ntdll.dll+0x52651]


---------------  P R O C E S S  ---------------

Threads class SMR info:
_java_thread_list=0x000001ba43d11170, length=43, elements={
0x000001ba24e0b800, 0x000001ba40955000, 0x000001ba40956000, 0x000001ba41313800,
0x000001ba4095c800, 0x000001ba4095e800, 0x000001ba4096f000, 0x000001ba40970800,
0x000001ba40973800, 0x000001ba41448800, 0x000001ba43402800, 0x000001ba42dc5800,
0x000001ba4334f000, 0x000001ba42b17000, 0x000001ba42b18000, 0x000001ba427de800,
0x000001ba42324000, 0x000001ba434b9000, 0x000001ba4222a800, 0x000001ba43b81800,
0x000001ba43b7d800, 0x000001ba43b83000, 0x000001ba43b7f000, 0x000001ba43b80000,
0x000001ba43b80800, 0x000001ba43b82800, 0x000001ba43b84000, 0x000001ba43b7e000,
0x000001ba4526c000, 0x000001ba4526d800, 0x000001ba4526f800, 0x000001ba45270000,
0x000001ba4526b000, 0x000001ba45276800, 0x000001ba45274000, 0x000001ba45271000,
0x000001ba45277800, 0x000001ba45272800, 0x000001ba45271800, 0x000001ba45278800,
0x000001ba45279000, 0x000001ba46a87000, 0x000001ba43d21800
}

Java Threads: ( => current thread )
  0x000001ba24e0b800 JavaThread "main" [_thread_blocked, id=4828, stack(0x0000007f84800000,0x0000007f84900000)]
  0x000001ba40955000 JavaThread "Reference Handler" daemon [_thread_blocked, id=8128, stack(0x0000007f84f00000,0x0000007f85000000)]
  0x000001ba40956000 JavaThread "Finalizer" daemon [_thread_blocked, id=5836, stack(0x0000007f85000000,0x0000007f85100000)]
  0x000001ba41313800 JavaThread "Signal Dispatcher" daemon [_thread_blocked, id=9608, stack(0x0000007f85100000,0x0000007f85200000)]
  0x000001ba4095c800 JavaThread "Attach Listener" daemon [_thread_blocked, id=3800, stack(0x0000007f85200000,0x0000007f85300000)]
  0x000001ba4095e800 JavaThread "Service Thread" daemon [_thread_blocked, id=7808, stack(0x0000007f85300000,0x0000007f85400000)]
  0x000001ba4096f000 JavaThread "C2 CompilerThread0" daemon [_thread_in_native, id=224, stack(0x0000007f85400000,0x0000007f85500000)]
  0x000001ba40970800 JavaThread "C1 CompilerThread0" daemon [_thread_blocked, id=7260, stack(0x0000007f85500000,0x0000007f85600000)]
  0x000001ba40973800 JavaThread "Sweeper thread" daemon [_thread_blocked, id=6440, stack(0x0000007f85600000,0x0000007f85700000)]
  0x000001ba41448800 JavaThread "Common-Cleaner" daemon [_thread_blocked, id=9336, stack(0x0000007f85700000,0x0000007f85800000)]
  0x000001ba43402800 JavaThread "Daemon health stats" [_thread_blocked, id=8712, stack(0x0000007f85b00000,0x0000007f85c00000)]
  0x000001ba42dc5800 JavaThread "Incoming local TCP Connector on port 51008" [_thread_in_native, id=4304, stack(0x0000007f85900000,0x0000007f85a00000)]
  0x000001ba4334f000 JavaThread "Daemon periodic checks" [_thread_blocked, id=748, stack(0x0000007f85c00000,0x0000007f85d00000)]
  0x000001ba42b17000 JavaThread "Daemon" [_thread_blocked, id=2536, stack(0x0000007f85d00000,0x0000007f85e00000)]
  0x000001ba42b18000 JavaThread "Handler for socket connection from /127.0.0.1:51008 to /127.0.0.1:51009" [_thread_in_native, id=2556, stack(0x0000007f85e00000,0x0000007f85f00000)]
  0x000001ba427de800 JavaThread "Cancel handler" [_thread_blocked, id=7576, stack(0x0000007f86100000,0x0000007f86200000)]
  0x000001ba42324000 JavaThread "Daemon worker" [_thread_in_native, id=8576, stack(0x0000007f86200000,0x0000007f86300000)]
  0x000001ba434b9000 JavaThread "Asynchronous log dispatcher for DefaultDaemonConnection: socket connection from /127.0.0.1:51008 to /127.0.0.1:51009" [_thread_blocked, id=5156, stack(0x0000007f86400000,0x0000007f86500000)]
  0x000001ba4222a800 JavaThread "Stdin handler" [_thread_blocked, id=8792, stack(0x0000007f86500000,0x0000007f86600000)]
  0x000001ba43b81800 JavaThread "Daemon client event forwarder" [_thread_blocked, id=8528, stack(0x0000007f86600000,0x0000007f86700000)]
  0x000001ba43b7d800 JavaThread "Cache worker for file hash cache (C:\Users\MARIA TERESA\.gradle\caches\7.0.2\fileHashes)" [_thread_blocked, id=7932, stack(0x0000007f86300000,0x0000007f86400000)]
  0x000001ba43b83000 JavaThread "File lock request listener" [_thread_in_native, id=796, stack(0x0000007f86700000,0x0000007f86800000)]
  0x000001ba43b7f000 JavaThread "Cache worker for journal cache (C:\Users\MARIA TERESA\.gradle\caches\journal-1)" [_thread_blocked, id=7984, stack(0x0000007f86800000,0x0000007f86900000)]
  0x000001ba43b80000 JavaThread "Cache worker for file hash cache (G:\DOWNLOADS\androidstudioprojects\.gradle\7.0.2\fileHashes)" [_thread_blocked, id=7208, stack(0x0000007f86a00000,0x0000007f86b00000)]
  0x000001ba43b80800 JavaThread "File watcher server" daemon [_thread_in_native, id=4388, stack(0x0000007f86b00000,0x0000007f86c00000)]
  0x000001ba43b82800 JavaThread "File watcher consumer" daemon [_thread_blocked, id=2580, stack(0x0000007f86c00000,0x0000007f86d00000)]
  0x000001ba43b84000 JavaThread "Cache worker for checksums cache (G:\DOWNLOADS\androidstudioprojects\.gradle\checksums)" [_thread_blocked, id=5072, stack(0x0000007f86d00000,0x0000007f86e00000)]
  0x000001ba43b7e000 JavaThread "Cache worker for cache directory md-supplier (C:\Users\MARIA TERESA\.gradle\caches\7.0.2\md-supplier)" [_thread_blocked, id=1392, stack(0x0000007f86e00000,0x0000007f86f00000)]
  0x000001ba4526c000 JavaThread "Cache worker for cache directory md-rule (C:\Users\MARIA TERESA\.gradle\caches\7.0.2\md-rule)" [_thread_blocked, id=1528, stack(0x0000007f86f00000,0x0000007f87000000)]
  0x000001ba4526d800 JavaThread "Cache worker for execution history cache (C:\Users\MARIA TERESA\.gradle\caches\7.0.2\executionHistory)" [_thread_blocked, id=1820, stack(0x0000007f86900000,0x0000007f86a00000)]
  0x000001ba4526f800 JavaThread "jar transforms" [_thread_blocked, id=7728, stack(0x0000007f87100000,0x0000007f87200000)]
  0x000001ba45270000 JavaThread "jar transforms Thread 2" [_thread_blocked, id=6320, stack(0x0000007f87200000,0x0000007f87300000)]
  0x000001ba4526b000 JavaThread "Cache worker for file content cache (C:\Users\MARIA TERESA\.gradle\caches\7.0.2\fileContent)" [_thread_blocked, id=4100, stack(0x0000007f87300000,0x0000007f87400000)]
  0x000001ba45276800 JavaThread "Cache worker for dependencies-accessors (G:\DOWNLOADS\androidstudioprojects\.gradle\7.0.2\dependencies-accessors)" [_thread_blocked, id=9880, stack(0x0000007f87400000,0x0000007f87500000)]
  0x000001ba45274000 JavaThread "jar transforms Thread 3" [_thread_blocked, id=5140, stack(0x0000007f87500000,0x0000007f87600000)]
  0x000001ba45271000 JavaThread "Cache worker for Build Output Cleanup Cache (G:\DOWNLOADS\androidstudioprojects\.gradle\buildOutputCleanup)" [_thread_blocked, id=2396, stack(0x0000007f87000000,0x0000007f87100000)]
  0x000001ba45277800 JavaThread "Build operations" [_thread_blocked, id=9624, stack(0x0000007f87600000,0x0000007f87700000)]
  0x000001ba45272800 JavaThread "Build operations Thread 2" [_thread_blocked, id=3604, stack(0x0000007f87700000,0x0000007f87800000)]
  0x000001ba45271800 JavaThread "Build operations Thread 3" [_thread_blocked, id=5212, stack(0x0000007f87800000,0x0000007f87900000)]
  0x000001ba45278800 JavaThread "Build operations Thread 4" [_thread_blocked, id=5784, stack(0x0000007f87900000,0x0000007f87a00000)]
  0x000001ba45279000 JavaThread "jar transforms Thread 4" [_thread_blocked, id=188, stack(0x0000007f87b00000,0x0000007f87c00000)]
  0x000001ba46a87000 JavaThread "Memory manager" [_thread_blocked, id=1972, stack(0x0000007f87c00000,0x0000007f87d00000)]
=>0x000001ba43d21800 JavaThread "C2 CompilerThread1" daemon [_thread_in_native, id=7752, stack(0x0000007f87a00000,0x0000007f87b00000)]

Other Threads:
  0x000001ba4092e800 VMThread "VM Thread" [stack: 0x0000007f84e00000,0x0000007f84f00000] [id=9588]
  0x000001ba41465800 WatcherThread [stack: 0x0000007f85800000,0x0000007f85900000] [id=4952]
  0x000001ba24e24000 GCTaskThread "GC Thread#0" [stack: 0x0000007f84900000,0x0000007f84a00000] [id=2216]
  0x000001ba4137f800 GCTaskThread "GC Thread#1" [stack: 0x0000007f85a00000,0x0000007f85b00000] [id=7108]
  0x000001ba41380800 GCTaskThread "GC Thread#2" [stack: 0x0000007f85f00000,0x0000007f86000000] [id=1632]
  0x000001ba4137e000 GCTaskThread "GC Thread#3" [stack: 0x0000007f86000000,0x0000007f86100000] [id=4812]
  0x000001ba24e54000 ConcurrentGCThread "G1 Main Marker" [stack: 0x0000007f84a00000,0x0000007f84b00000] [id=9252]
  0x000001ba24e58000 ConcurrentGCThread "G1 Conc#0" [stack: 0x0000007f84b00000,0x0000007f84c00000] [id=9136]
  0x000001ba24ebd000 ConcurrentGCThread "G1 Refine#0" [stack: 0x0000007f84c00000,0x0000007f84d00000] [id=5484]
  0x000001ba24ebe000 ConcurrentGCThread "G1 Young RemSet Sampling" [stack: 0x0000007f84d00000,0x0000007f84e00000] [id=496]

Threads with active compile tasks:
C2 CompilerThread0  27032 6667       4       java.net.URLClassLoader$1::run (5 bytes)
C2 CompilerThread1  27032 6668   !   4       java.net.URLClassLoader$1::run (63 bytes)

VM state:not at safepoint (normal execution)

VM Mutex/Monitor currently owned by a thread: None

Heap address: 0x0000000080000000, size: 2048 MB, Compressed Oops mode: 32-bit
Narrow klass base: 0x0000000000000000, Narrow klass shift: 3
Compressed class space size: 1073741824 Address: 0x0000000100000000

Heap:
 garbage-first heap   total 137216K, used 66795K [0x0000000080000000, 0x0000000100000000)
  region size 1024K, 13 young (13312K), 4 survivors (4096K)
 Metaspace       used 66089K, capacity 67706K, committed 67840K, reserved 1107968K
  class space    used 8356K, capacity 8956K, committed 8960K, reserved 1048576K
Heap Regions: E=young(eden), S=young(survivor), O=old, HS=humongous(starts), HC=humongous(continues), CS=collection set, F=free, A=archive, TAMS=top-at-mark-start (previous, next)
|   0|0x0000000080000000, 0x0000000080100000, 0x0000000080100000|100%|HS|  |TAMS 0x0000000080100000, 0x0000000080000000| Complete 
|   1|0x0000000080100000, 0x0000000080200000, 0x0000000080200000|100%|HC|  |TAMS 0x0000000080200000, 0x0000000080100000| Complete 
|   2|0x0000000080200000, 0x0000000080300000, 0x0000000080300000|100%|HC|  |TAMS 0x0000000080300000, 0x0000000080200000| Complete 
|   3|0x0000000080300000, 0x0000000080400000, 0x0000000080400000|100%| O|  |TAMS 0x0000000080400000, 0x0000000080300000| Untracked 
|   4|0x0000000080400000, 0x0000000080500000, 0x0000000080500000|100%| O|  |TAMS 0x0000000080500000, 0x0000000080400000| Untracked 
|   5|0x0000000080500000, 0x0000000080600000, 0x0000000080600000|100%| O|  |TAMS 0x0000000080600000, 0x0000000080500000| Untracked 
|   6|0x0000000080600000, 0x0000000080700000, 0x0000000080700000|100%| O|  |TAMS 0x0000000080700000, 0x0000000080600000| Untracked 
|   7|0x0000000080700000, 0x0000000080800000, 0x0000000080800000|100%| O|  |TAMS 0x0000000080800000, 0x0000000080700000| Untracked 
|   8|0x0000000080800000, 0x0000000080900000, 0x0000000080900000|100%| O|  |TAMS 0x0000000080900000, 0x0000000080800000| Untracked 
|   9|0x0000000080900000, 0x0000000080a00000, 0x0000000080a00000|100%| O|  |TAMS 0x0000000080a00000, 0x0000000080900000| Untracked 
|  10|0x0000000080a00000, 0x0000000080b00000, 0x0000000080b00000|100%| O|  |TAMS 0x0000000080b00000, 0x0000000080a00000| Untracked 
|  11|0x0000000080b00000, 0x0000000080c00000, 0x0000000080c00000|100%| O|  |TAMS 0x0000000080c00000, 0x0000000080b00000| Untracked 
|  12|0x0000000080c00000, 0x0000000080d00000, 0x0000000080d00000|100%| O|  |TAMS 0x0000000080d00000, 0x0000000080c00000| Untracked 
|  13|0x0000000080d00000, 0x0000000080e00000, 0x0000000080e00000|100%| O|  |TAMS 0x0000000080e00000, 0x0000000080d00000| Untracked 
|  14|0x0000000080e00000, 0x0000000080f00000, 0x0000000080f00000|100%| O|  |TAMS 0x0000000080f00000, 0x0000000080e00000| Untracked 
|  15|0x0000000080f00000, 0x0000000081000000, 0x0000000081000000|100%| O|  |TAMS 0x0000000081000000, 0x0000000080f00000| Untracked 
|  16|0x0000000081000000, 0x0000000081100000, 0x0000000081100000|100%| O|  |TAMS 0x0000000081100000, 0x0000000081000000| Untracked 
|  17|0x0000000081100000, 0x0000000081200000, 0x0000000081200000|100%| O|  |TAMS 0x0000000081200000, 0x0000000081100000| Untracked 
|  18|0x0000000081200000, 0x0000000081300000, 0x0000000081300000|100%| O|  |TAMS 0x0000000081300000, 0x0000000081200000| Untracked 
|  19|0x0000000081300000, 0x0000000081400000, 0x0000000081400000|100%| O|  |TAMS 0x0000000081400000, 0x0000000081300000| Untracked 
|  20|0x0000000081400000, 0x0000000081500000, 0x0000000081500000|100%| O|  |TAMS 0x0000000081500000, 0x0000000081400000| Untracked 
|  21|0x0000000081500000, 0x0000000081600000, 0x0000000081600000|100%| O|  |TAMS 0x0000000081600000, 0x0000000081500000| Untracked 
|  22|0x0000000081600000, 0x0000000081700000, 0x0000000081700000|100%| O|  |TAMS 0x0000000081700000, 0x0000000081600000| Untracked 
|  23|0x0000000081700000, 0x0000000081800000, 0x0000000081800000|100%| O|  |TAMS 0x0000000081800000, 0x0000000081700000| Untracked 
|  24|0x0000000081800000, 0x0000000081900000, 0x0000000081900000|100%| O|  |TAMS 0x0000000081900000, 0x0000000081800000| Untracked 
|  25|0x0000000081900000, 0x0000000081a00000, 0x0000000081a00000|100%| O|  |TAMS 0x0000000081a00000, 0x0000000081900000| Untracked 
|  26|0x0000000081a00000, 0x0000000081b00000, 0x0000000081b00000|100%|HS|  |TAMS 0x0000000081b00000, 0x0000000081a00000| Complete 
|  27|0x0000000081b00000, 0x0000000081c00000, 0x0000000081c00000|100%|HS|  |TAMS 0x0000000081c00000, 0x0000000081b00000| Complete 
|  28|0x0000000081c00000, 0x0000000081d00000, 0x0000000081d00000|100%|HS|  |TAMS 0x0000000081d00000, 0x0000000081c00000| Complete 
|  29|0x0000000081d00000, 0x0000000081e00000, 0x0000000081e00000|100%|HS|  |TAMS 0x0000000081e00000, 0x0000000081d00000| Complete 
|  30|0x0000000081e00000, 0x0000000081f00000, 0x0000000081f00000|100%|HC|  |TAMS 0x0000000081f00000, 0x0000000081e00000| Complete 
|  31|0x0000000081f00000, 0x0000000082000000, 0x0000000082000000|100%|HC|  |TAMS 0x0000000082000000, 0x0000000081f00000| Complete 
|  32|0x0000000082000000, 0x0000000082100000, 0x0000000082100000|100%|HS|  |TAMS 0x0000000082100000, 0x0000000082000000| Complete 
|  33|0x0000000082100000, 0x0000000082200000, 0x0000000082200000|100%|HC|  |TAMS 0x0000000082200000, 0x0000000082100000| Complete 
|  34|0x0000000082200000, 0x0000000082300000, 0x0000000082300000|100%| O|  |TAMS 0x0000000082300000, 0x0000000082200000| Untracked 
|  35|0x0000000082300000, 0x0000000082400000, 0x0000000082400000|100%| O|  |TAMS 0x0000000082400000, 0x0000000082300000| Untracked 
|  36|0x0000000082400000, 0x0000000082500000, 0x0000000082500000|100%| O|  |TAMS 0x0000000082500000, 0x0000000082400000| Untracked 
|  37|0x0000000082500000, 0x0000000082600000, 0x0000000082600000|100%| O|  |TAMS 0x0000000082600000, 0x0000000082500000| Untracked 
|  38|0x0000000082600000, 0x0000000082700000, 0x0000000082700000|100%| O|  |TAMS 0x0000000082700000, 0x0000000082600000| Untracked 
|  39|0x0000000082700000, 0x0000000082800000, 0x0000000082800000|100%| O|  |TAMS 0x0000000082800000, 0x0000000082700000| Untracked 
|  40|0x0000000082800000, 0x0000000082900000, 0x0000000082900000|100%| O|  |TAMS 0x0000000082900000, 0x0000000082800000| Untracked 
|  41|0x0000000082900000, 0x0000000082a00000, 0x0000000082a00000|100%| O|  |TAMS 0x0000000082a00000, 0x0000000082900000| Untracked 
|  42|0x0000000082a00000, 0x0000000082b00000, 0x0000000082b00000|100%| O|  |TAMS 0x0000000082b00000, 0x0000000082a00000| Untracked 
|  43|0x0000000082b00000, 0x0000000082c00000, 0x0000000082c00000|100%| O|  |TAMS 0x0000000082c00000, 0x0000000082b00000| Untracked 
|  44|0x0000000082c00000, 0x0000000082d00000, 0x0000000082d00000|100%| O|  |TAMS 0x0000000082d00000, 0x0000000082c00000| Untracked 
|  45|0x0000000082d00000, 0x0000000082e00000, 0x0000000082e00000|100%| O|  |TAMS 0x0000000082e00000, 0x0000000082d00000| Untracked 
|  46|0x0000000082e00000, 0x0000000082f00000, 0x0000000082f00000|100%| O|  |TAMS 0x0000000082ef7800, 0x0000000082e00000| Untracked 
|  47|0x0000000082f00000, 0x0000000083000000, 0x0000000083000000|100%| O|  |TAMS 0x0000000082f00000, 0x0000000082f00000| Untracked 
|  48|0x0000000083000000, 0x0000000083100000, 0x0000000083100000|100%| O|  |TAMS 0x0000000083000000, 0x0000000083000000| Untracked 
|  49|0x0000000083100000, 0x0000000083200000, 0x0000000083200000|100%| O|  |TAMS 0x0000000083100000, 0x0000000083100000| Untracked 
|  50|0x0000000083200000, 0x0000000083300000, 0x0000000083300000|100%| O|  |TAMS 0x0000000083200000, 0x0000000083200000| Untracked 
|  51|0x0000000083300000, 0x0000000083400000, 0x0000000083400000|100%| O|  |TAMS 0x0000000083300000, 0x0000000083300000| Untracked 
|  52|0x0000000083400000, 0x0000000083500000, 0x0000000083500000|100%| O|  |TAMS 0x0000000083400000, 0x0000000083400000| Untracked 
|  53|0x0000000083500000, 0x000000008353ae00, 0x0000000083600000| 22%| O|  |TAMS 0x0000000083500000, 0x0000000083500000| Untracked 
|  54|0x0000000083600000, 0x0000000083600000, 0x0000000083700000|  0%| F|  |TAMS 0x0000000083600000, 0x0000000083600000| Untracked 
|  55|0x0000000083700000, 0x0000000083700000, 0x0000000083800000|  0%| F|  |TAMS 0x0000000083700000, 0x0000000083700000| Untracked 
|  56|0x0000000083800000, 0x0000000083800000, 0x0000000083900000|  0%| F|  |TAMS 0x0000000083800000, 0x0000000083800000| Untracked 
|  57|0x0000000083900000, 0x0000000083900000, 0x0000000083a00000|  0%| F|  |TAMS 0x0000000083900000, 0x0000000083900000| Untracked 
|  58|0x0000000083a00000, 0x0000000083a00000, 0x0000000083b00000|  0%| F|  |TAMS 0x0000000083a00000, 0x0000000083a00000| Untracked 
|  59|0x0000000083b00000, 0x0000000083b00000, 0x0000000083c00000|  0%| F|  |TAMS 0x0000000083b00000, 0x0000000083b00000| Untracked 
|  60|0x0000000083c00000, 0x0000000083c00000, 0x0000000083d00000|  0%| F|  |TAMS 0x0000000083c00000, 0x0000000083c00000| Untracked 
|  61|0x0000000083d00000, 0x0000000083d00000, 0x0000000083e00000|  0%| F|  |TAMS 0x0000000083d00000, 0x0000000083d00000| Untracked 
|  62|0x0000000083e00000, 0x0000000083e00000, 0x0000000083f00000|  0%| F|  |TAMS 0x0000000083e00000, 0x0000000083e00000| Untracked 
|  63|0x0000000083f00000, 0x0000000083f00000, 0x0000000084000000|  0%| F|  |TAMS 0x0000000083f00000, 0x0000000083f00000| Untracked 
|  64|0x0000000084000000, 0x0000000084000000, 0x0000000084100000|  0%| F|  |TAMS 0x0000000084000000, 0x0000000084000000| Untracked 
|  65|0x0000000084100000, 0x0000000084100000, 0x0000000084200000|  0%| F|  |TAMS 0x0000000084100000, 0x0000000084100000| Untracked 
|  66|0x0000000084200000, 0x0000000084200000, 0x0000000084300000|  0%| F|  |TAMS 0x0000000084200000, 0x0000000084200000| Untracked 
|  67|0x0000000084300000, 0x0000000084300000, 0x0000000084400000|  0%| F|  |TAMS 0x0000000084300000, 0x0000000084300000| Untracked 
|  68|0x0000000084400000, 0x0000000084400000, 0x0000000084500000|  0%| F|  |TAMS 0x0000000084400000, 0x0000000084400000| Untracked 
|  69|0x0000000084500000, 0x0000000084500000, 0x0000000084600000|  0%| F|  |TAMS 0x0000000084500000, 0x0000000084500000| Untracked 
|  70|0x0000000084600000, 0x0000000084600000, 0x0000000084700000|  0%| F|  |TAMS 0x0000000084600000, 0x0000000084600000| Untracked 
|  71|0x0000000084700000, 0x0000000084700000, 0x0000000084800000|  0%| F|  |TAMS 0x0000000084700000, 0x0000000084700000| Untracked 
|  72|0x0000000084800000, 0x0000000084800000, 0x0000000084900000|  0%| F|  |TAMS 0x0000000084800000, 0x0000000084800000| Untracked 
|  73|0x0000000084900000, 0x0000000084900000, 0x0000000084a00000|  0%| F|  |TAMS 0x0000000084900000, 0x0000000084900000| Untracked 
|  74|0x0000000084a00000, 0x0000000084a00000, 0x0000000084b00000|  0%| F|  |TAMS 0x0000000084a00000, 0x0000000084a00000| Untracked 
|  75|0x0000000084b00000, 0x0000000084b00000, 0x0000000084c00000|  0%| F|  |TAMS 0x0000000084b00000, 0x0000000084b00000| Untracked 
|  76|0x0000000084c00000, 0x0000000084c00000, 0x0000000084d00000|  0%| F|  |TAMS 0x0000000084c00000, 0x0000000084c00000| Untracked 
|  77|0x0000000084d00000, 0x0000000084d00000, 0x0000000084e00000|  0%| F|  |TAMS 0x0000000084d00000, 0x0000000084d00000| Untracked 
|  78|0x0000000084e00000, 0x0000000084e00000, 0x0000000084f00000|  0%| F|  |TAMS 0x0000000084e00000, 0x0000000084e00000| Untracked 
|  79|0x0000000084f00000, 0x0000000084f00000, 0x0000000085000000|  0%| F|  |TAMS 0x0000000084f00000, 0x0000000084f00000| Untracked 
|  80|0x0000000085000000, 0x0000000085000000, 0x0000000085100000|  0%| F|  |TAMS 0x0000000085000000, 0x0000000085000000| Untracked 
|  81|0x0000000085100000, 0x0000000085100000, 0x0000000085200000|  0%| F|  |TAMS 0x0000000085100000, 0x0000000085100000| Untracked 
|  82|0x0000000085200000, 0x0000000085200000, 0x0000000085300000|  0%| F|  |TAMS 0x0000000085200000, 0x0000000085200000| Untracked 
|  83|0x0000000085300000, 0x0000000085300000, 0x0000000085400000|  0%| F|  |TAMS 0x0000000085300000, 0x0000000085300000| Untracked 
|  84|0x0000000085400000, 0x0000000085400000, 0x0000000085500000|  0%| F|  |TAMS 0x0000000085400000, 0x0000000085400000| Untracked 
|  85|0x0000000085500000, 0x0000000085600000, 0x0000000085600000|100%| S|CS|TAMS 0x0000000085500000, 0x0000000085500000| Complete 
|  86|0x0000000085600000, 0x0000000085700000, 0x0000000085700000|100%| S|CS|TAMS 0x0000000085600000, 0x0000000085600000| Complete 
|  87|0x0000000085700000, 0x0000000085800000, 0x0000000085800000|100%| S|CS|TAMS 0x0000000085700000, 0x0000000085700000| Complete 
|  88|0x0000000085800000, 0x0000000085900000, 0x0000000085900000|100%| S|CS|TAMS 0x0000000085800000, 0x0000000085800000| Complete 
|  89|0x0000000085900000, 0x0000000085900000, 0x0000000085a00000|  0%| F|  |TAMS 0x0000000085900000, 0x0000000085900000| Untracked 
|  90|0x0000000085a00000, 0x0000000085a00000, 0x0000000085b00000|  0%| F|  |TAMS 0x0000000085a00000, 0x0000000085a00000| Untracked 
|  91|0x0000000085b00000, 0x0000000085b00000, 0x0000000085c00000|  0%| F|  |TAMS 0x0000000085b00000, 0x0000000085b00000| Untracked 
|  92|0x0000000085c00000, 0x0000000085c00000, 0x0000000085d00000|  0%| F|  |TAMS 0x0000000085c00000, 0x0000000085c00000| Untracked 
|  93|0x0000000085d00000, 0x0000000085d00000, 0x0000000085e00000|  0%| F|  |TAMS 0x0000000085d00000, 0x0000000085d00000| Untracked 
|  94|0x0000000085e00000, 0x0000000085e00000, 0x0000000085f00000|  0%| F|  |TAMS 0x0000000085e00000, 0x0000000085e00000| Untracked 
|  95|0x0000000085f00000, 0x0000000085f00000, 0x0000000086000000|  0%| F|  |TAMS 0x0000000085f00000, 0x0000000085f00000| Untracked 
|  96|0x0000000086000000, 0x0000000086000000, 0x0000000086100000|  0%| F|  |TAMS 0x0000000086000000, 0x0000000086000000| Untracked 
|  97|0x0000000086100000, 0x0000000086100000, 0x0000000086200000|  0%| F|  |TAMS 0x0000000086100000, 0x0000000086100000| Untracked 
|  98|0x0000000086200000, 0x0000000086200000, 0x0000000086300000|  0%| F|  |TAMS 0x0000000086200000, 0x0000000086200000| Untracked 
|  99|0x0000000086300000, 0x0000000086300000, 0x0000000086400000|  0%| F|  |TAMS 0x0000000086300000, 0x0000000086300000| Untracked 
| 100|0x0000000086400000, 0x0000000086400000, 0x0000000086500000|  0%| F|  |TAMS 0x0000000086400000, 0x0000000086400000| Untracked 
| 101|0x0000000086500000, 0x0000000086500000, 0x0000000086600000|  0%| F|  |TAMS 0x0000000086500000, 0x0000000086500000| Untracked 
| 102|0x0000000086600000, 0x0000000086600000, 0x0000000086700000|  0%| F|  |TAMS 0x0000000086600000, 0x0000000086600000| Untracked 
| 103|0x0000000086700000, 0x0000000086700000, 0x0000000086800000|  0%| F|  |TAMS 0x0000000086700000, 0x0000000086700000| Untracked 
| 104|0x0000000086800000, 0x0000000086800000, 0x0000000086900000|  0%| F|  |TAMS 0x0000000086800000, 0x0000000086800000| Untracked 
| 105|0x0000000086900000, 0x0000000086900000, 0x0000000086a00000|  0%| F|  |TAMS 0x0000000086900000, 0x0000000086900000| Untracked 
| 106|0x0000000086a00000, 0x0000000086a00000, 0x0000000086b00000|  0%| F|  |TAMS 0x0000000086a00000, 0x0000000086a00000| Untracked 
| 107|0x0000000086b00000, 0x0000000086b00000, 0x0000000086c00000|  0%| F|  |TAMS 0x0000000086b00000, 0x0000000086b00000| Untracked 
| 108|0x0000000086c00000, 0x0000000086c00000, 0x0000000086d00000|  0%| F|  |TAMS 0x0000000086c00000, 0x0000000086c00000| Untracked 
| 109|0x0000000086d00000, 0x0000000086d00000, 0x0000000086e00000|  0%| F|  |TAMS 0x0000000086d00000, 0x0000000086d00000| Untracked 
| 110|0x0000000086e00000, 0x0000000086e00000, 0x0000000086f00000|  0%| F|  |TAMS 0x0000000086e00000, 0x0000000086e00000| Untracked 
| 111|0x0000000086f00000, 0x0000000086f00000, 0x0000000087000000|  0%| F|  |TAMS 0x0000000086f00000, 0x0000000086f00000| Untracked 
| 112|0x0000000087000000, 0x0000000087000000, 0x0000000087100000|  0%| F|  |TAMS 0x0000000087000000, 0x0000000087000000| Untracked 
| 113|0x0000000087100000, 0x0000000087100000, 0x0000000087200000|  0%| F|  |TAMS 0x0000000087100000, 0x0000000087100000| Untracked 
| 114|0x0000000087200000, 0x0000000087200000, 0x0000000087300000|  0%| F|  |TAMS 0x0000000087200000, 0x0000000087200000| Untracked 
| 115|0x0000000087300000, 0x0000000087300000, 0x0000000087400000|  0%| F|  |TAMS 0x0000000087300000, 0x0000000087300000| Untracked 
| 116|0x0000000087400000, 0x0000000087400000, 0x0000000087500000|  0%| F|  |TAMS 0x0000000087400000, 0x0000000087400000| Untracked 
| 117|0x0000000087500000, 0x0000000087500000, 0x0000000087600000|  0%| F|  |TAMS 0x0000000087500000, 0x0000000087500000| Untracked 
| 118|0x0000000087600000, 0x0000000087600000, 0x0000000087700000|  0%| F|  |TAMS 0x0000000087600000, 0x0000000087600000| Untracked 
| 119|0x0000000087700000, 0x0000000087700000, 0x0000000087800000|  0%| F|  |TAMS 0x0000000087700000, 0x0000000087700000| Untracked 
| 120|0x0000000087800000, 0x0000000087800000, 0x0000000087900000|  0%| F|  |TAMS 0x0000000087800000, 0x0000000087800000| Untracked 
| 121|0x0000000087900000, 0x0000000087900000, 0x0000000087a00000|  0%| F|  |TAMS 0x0000000087900000, 0x0000000087900000| Untracked 
| 122|0x0000000087a00000, 0x0000000087a00000, 0x0000000087b00000|  0%| F|  |TAMS 0x0000000087a00000, 0x0000000087a00000| Untracked 
| 123|0x0000000087b00000, 0x0000000087b00000, 0x0000000087c00000|  0%| F|  |TAMS 0x0000000087b00000, 0x0000000087b00000| Untracked 
| 124|0x0000000087c00000, 0x0000000087c00000, 0x0000000087d00000|  0%| F|  |TAMS 0x0000000087c00000, 0x0000000087c00000| Untracked 
| 125|0x0000000087d00000, 0x0000000087db76b0, 0x0000000087e00000| 71%| E|  |TAMS 0x0000000087d00000, 0x0000000087d00000| Complete 
| 126|0x0000000087e00000, 0x0000000087f00000, 0x0000000087f00000|100%| E|CS|TAMS 0x0000000087e00000, 0x0000000087e00000| Complete 
| 127|0x0000000087f00000, 0x0000000088000000, 0x0000000088000000|100%| E|CS|TAMS 0x0000000087f00000, 0x0000000087f00000| Complete 
| 128|0x0000000088000000, 0x0000000088100000, 0x0000000088100000|100%| E|CS|TAMS 0x0000000088000000, 0x0000000088000000| Complete 
| 129|0x0000000088100000, 0x0000000088200000, 0x0000000088200000|100%| E|CS|TAMS 0x0000000088100000, 0x0000000088100000| Complete 
| 130|0x0000000088200000, 0x0000000088300000, 0x0000000088300000|100%| E|CS|TAMS 0x0000000088200000, 0x0000000088200000| Complete 
| 131|0x0000000088300000, 0x0000000088400000, 0x0000000088400000|100%| E|CS|TAMS 0x0000000088300000, 0x0000000088300000| Complete 
| 132|0x0000000088400000, 0x0000000088500000, 0x0000000088500000|100%| E|CS|TAMS 0x0000000088400000, 0x0000000088400000| Complete 
| 133|0x0000000088500000, 0x0000000088600000, 0x0000000088600000|100%| E|CS|TAMS 0x0000000088500000, 0x0000000088500000| Complete 

Card table byte_map: [0x000001ba39b10000,0x000001ba39f10000] _byte_map_base: 0x000001ba39710000

Marking Bits (Prev, Next): (CMBitMap*) 0x000001ba24e4b1e8, (CMBitMap*) 0x000001ba24e4b220
 Prev Bits: [0x000001ba3a310000, 0x000001ba3c310000)
 Next Bits: [0x000001ba3c310000, 0x000001ba3e310000)

Polling page: 0x000001ba24ef0000

Metaspace:

Usage:
  Non-class:     57.37 MB capacity,    56.39 MB ( 98%) used,   842.99 KB (  1%) free+waste,   166.94 KB ( <1%) overhead. 
      Class:      8.75 MB capacity,     8.16 MB ( 93%) used,   520.96 KB (  6%) free+waste,    77.56 KB ( <1%) overhead. 
       Both:     66.12 MB capacity,    64.55 MB ( 98%) used,     1.33 MB (  2%) free+waste,   244.50 KB ( <1%) overhead. 

Virtual space:
  Non-class space:       58.00 MB reserved,      57.50 MB (>99%) committed 
      Class space:        1.00 GB reserved,       8.75 MB ( <1%) committed 
             Both:        1.06 GB reserved,      66.25 MB (  6%) committed 

Chunk freelists:
   Non-Class:  2.00 KB
       Class:  4.00 KB
        Both:  6.00 KB

MaxMetaspaceSize: 17179869184.00 GB
CompressedClassSpaceSize: 1.00 GB

CodeHeap 'non-profiled nmethods': size=120064Kb used=4195Kb max_used=4195Kb free=115868Kb
 bounds [0x000001ba31b90000, 0x000001ba31fb0000, 0x000001ba390d0000]
CodeHeap 'profiled nmethods': size=120000Kb used=14273Kb max_used=14273Kb free=105726Kb
 bounds [0x000001ba2a660000, 0x000001ba2b460000, 0x000001ba31b90000]
CodeHeap 'non-nmethods': size=5696Kb used=2248Kb max_used=2286Kb free=3447Kb
 bounds [0x000001ba2a0d0000, 0x000001ba2a340000, 0x000001ba2a660000]
 total_blobs=7503 nmethods=6651 adapters=764
 compilation: enabled
              stopped_count=0, restarted_count=0
 full_count=0

Compilation events (20 events):
Event: 26.764 Thread 0x000001ba4096f000 6667       4       java.net.URLClassLoader$1::run (5 bytes)
Event: 26.779 Thread 0x000001ba43d21800 6668   !   4       java.net.URLClassLoader$1::run (63 bytes)
Event: 26.816 Thread 0x000001ba40970800 6670       3       java.util.LinkedList$ListItr::set (28 bytes)
Event: 26.816 Thread 0x000001ba40970800 nmethod 6670 0x000001ba2b44c990 code [0x000001ba2b44cb80, 0x000001ba2b44cf78]
Event: 26.896 Thread 0x000001ba40970800 6671       3       org.codehaus.groovy.util.FastArray::get (7 bytes)
Event: 26.896 Thread 0x000001ba40970800 nmethod 6671 0x000001ba2b44d190 code [0x000001ba2b44d340, 0x000001ba2b44d478]
Event: 26.896 Thread 0x000001ba40970800 6672       3       org.codehaus.groovy.runtime.metaclass.MetaMethodIndex::addMethodToList (131 bytes)
Event: 26.897 Thread 0x000001ba40970800 nmethod 6672 0x000001ba2b44d590 code [0x000001ba2b44d840, 0x000001ba2b44e948]
Event: 26.939 Thread 0x000001ba40970800 6676       1       org.codehaus.groovy.runtime.metaclass.MultipleSetterProperty::setGetter (6 bytes)
Event: 26.940 Thread 0x000001ba40970800 nmethod 6676 0x000001ba31fa8390 code [0x000001ba31fa8540, 0x000001ba31fa8638]
Event: 26.950 Thread 0x000001ba40970800 6677       3       java.lang.Thread::getContextClassLoader (32 bytes)
Event: 26.951 Thread 0x000001ba40970800 nmethod 6677 0x000001ba2b44ed90 code [0x000001ba2b44efc0, 0x000001ba2b44f838]
Event: 26.956 Thread 0x000001ba40970800 6678       3       org.codehaus.groovy.runtime.metaclass.MetaMethodIndex$Header::<init> (26 bytes)
Event: 26.956 Thread 0x000001ba40970800 nmethod 6678 0x000001ba2b44fb10 code [0x000001ba2b44fce0, 0x000001ba2b44ffc8]
Event: 26.964 Thread 0x000001ba40970800 6679       3       java.lang.reflect.Constructor::isSynthetic (5 bytes)
Event: 26.964 Thread 0x000001ba40970800 nmethod 6679 0x000001ba2b450110 code [0x000001ba2b4502e0, 0x000001ba2b450518]
Event: 26.970 Thread 0x000001ba40970800 6680       1       java.beans.GenericBeanInfo::getEventSetDescriptors (5 bytes)
Event: 26.970 Thread 0x000001ba40970800 nmethod 6680 0x000001ba31fa8690 code [0x000001ba31fa8840, 0x000001ba31fa88f8]
Event: 26.970 Thread 0x000001ba40970800 6681       1       java.beans.GenericBeanInfo::getPropertyDescriptors (5 bytes)
Event: 26.970 Thread 0x000001ba40970800 nmethod 6681 0x000001ba31fa8990 code [0x000001ba31fa8b40, 0x000001ba31fa8bf8]

GC Heap History (20 events):
Event: 9.060 GC heap before
{Heap before GC invocations=7 (full 0):
 garbage-first heap   total 94208K, used 61288K [0x0000000080000000, 0x0000000100000000)
  region size 1024K, 45 young (46080K), 3 survivors (3072K)
 Metaspace       used 28414K, capacity 29114K, committed 29184K, reserved 1075200K
  class space    used 3784K, capacity 4030K, committed 4096K, reserved 1048576K
}
Event: 9.069 GC heap after
{Heap after GC invocations=8 (full 0):
 garbage-first heap   total 94208K, used 19511K [0x0000000080000000, 0x0000000100000000)
  region size 1024K, 4 young (4096K), 4 survivors (4096K)
 Metaspace       used 28414K, capacity 29114K, committed 29184K, reserved 1075200K
  class space    used 3784K, capacity 4030K, committed 4096K, reserved 1048576K
}
Event: 10.389 GC heap before
{Heap before GC invocations=8 (full 0):
 garbage-first heap   total 94208K, used 48183K [0x0000000080000000, 0x0000000100000000)
  region size 1024K, 33 young (33792K), 4 survivors (4096K)
 Metaspace       used 35068K, capacity 35822K, committed 35840K, reserved 1081344K
  class space    used 4538K, capacity 4864K, committed 4864K, reserved 1048576K
}
Event: 10.406 GC heap after
{Heap after GC invocations=9 (full 0):
 garbage-first heap   total 94208K, used 22351K [0x0000000080000000, 0x0000000100000000)
  region size 1024K, 6 young (6144K), 6 survivors (6144K)
 Metaspace       used 35068K, capacity 35822K, committed 35840K, reserved 1081344K
  class space    used 4538K, capacity 4864K, committed 4864K, reserved 1048576K
}
Event: 11.503 GC heap before
{Heap before GC invocations=10 (full 0):
 garbage-first heap   total 94208K, used 65359K [0x0000000080000000, 0x0000000100000000)
  region size 1024K, 46 young (47104K), 6 survivors (6144K)
 Metaspace       used 38367K, capacity 39247K, committed 39296K, reserved 1083392K
  class space    used 4890K, capacity 5211K, committed 5248K, reserved 1048576K
}
Event: 11.519 GC heap after
{Heap after GC invocations=11 (full 0):
 garbage-first heap   total 113664K, used 26067K [0x0000000080000000, 0x0000000100000000)
  region size 1024K, 6 young (6144K), 6 survivors (6144K)
 Metaspace       used 38367K, capacity 39247K, committed 39296K, reserved 1083392K
  class space    used 4890K, capacity 5211K, committed 5248K, reserved 1048576K
}
Event: 12.944 GC heap before
{Heap before GC invocations=11 (full 0):
 garbage-first heap   total 113664K, used 74195K [0x0000000080000000, 0x0000000100000000)
  region size 1024K, 53 young (54272K), 6 survivors (6144K)
 Metaspace       used 42516K, capacity 43443K, committed 43648K, reserved 1087488K
  class space    used 5392K, capacity 5750K, committed 5760K, reserved 1048576K
}
Event: 12.958 GC heap after
{Heap after GC invocations=12 (full 0):
 garbage-first heap   total 113664K, used 28780K [0x0000000080000000, 0x0000000100000000)
  region size 1024K, 6 young (6144K), 6 survivors (6144K)
 Metaspace       used 42516K, capacity 43443K, committed 43648K, reserved 1087488K
  class space    used 5392K, capacity 5750K, committed 5760K, reserved 1048576K
}
Event: 15.821 GC heap before
{Heap before GC invocations=12 (full 0):
 garbage-first heap   total 113664K, used 77932K [0x0000000080000000, 0x0000000100000000)
  region size 1024K, 54 young (55296K), 6 survivors (6144K)
 Metaspace       used 46126K, capacity 47338K, committed 47616K, reserved 1091584K
  class space    used 5898K, capacity 6345K, committed 6400K, reserved 1048576K
}
Event: 15.838 GC heap after
{Heap after GC invocations=13 (full 0):
 garbage-first heap   total 113664K, used 31473K [0x0000000080000000, 0x0000000100000000)
  region size 1024K, 6 young (6144K), 6 survivors (6144K)
 Metaspace       used 46126K, capacity 47338K, committed 47616K, reserved 1091584K
  class space    used 5898K, capacity 6345K, committed 6400K, reserved 1048576K
}
Event: 18.531 GC heap before
{Heap before GC invocations=13 (full 0):
 garbage-first heap   total 113664K, used 88817K [0x0000000080000000, 0x0000000100000000)
  region size 1024K, 55 young (56320K), 6 survivors (6144K)
 Metaspace       used 48646K, capacity 49939K, committed 50048K, reserved 1093632K
  class space    used 6200K, capacity 6701K, committed 6784K, reserved 1048576K
}
Event: 18.552 GC heap after
{Heap after GC invocations=14 (full 0):
 garbage-first heap   total 113664K, used 47388K [0x0000000080000000, 0x0000000100000000)
  region size 1024K, 7 young (7168K), 7 survivors (7168K)
 Metaspace       used 48646K, capacity 49939K, committed 50048K, reserved 1093632K
  class space    used 6200K, capacity 6701K, committed 6784K, reserved 1048576K
}
Event: 21.117 GC heap before
{Heap before GC invocations=14 (full 0):
 garbage-first heap   total 113664K, used 85276K [0x0000000080000000, 0x0000000100000000)
  region size 1024K, 44 young (45056K), 7 survivors (7168K)
 Metaspace       used 54002K, capacity 55336K, committed 55552K, reserved 1097728K
  class space    used 6851K, capacity 7348K, committed 7424K, reserved 1048576K
}
Event: 21.129 GC heap after
{Heap after GC invocations=15 (full 0):
 garbage-first heap   total 137216K, used 49842K [0x0000000080000000, 0x0000000100000000)
  region size 1024K, 2 young (2048K), 2 survivors (2048K)
 Metaspace       used 54002K, capacity 55336K, committed 55552K, reserved 1097728K
  class space    used 6851K, capacity 7348K, committed 7424K, reserved 1048576K
}
Event: 22.810 GC heap before
{Heap before GC invocations=15 (full 0):
 garbage-first heap   total 137216K, used 78514K [0x0000000080000000, 0x0000000100000000)
  region size 1024K, 31 young (31744K), 2 survivors (2048K)
 Metaspace       used 58607K, capacity 60054K, committed 60160K, reserved 1101824K
  class space    used 7418K, capacity 7979K, committed 8064K, reserved 1048576K
}
Event: 22.819 GC heap after
{Heap after GC invocations=16 (full 0):
 garbage-first heap   total 137216K, used 51266K [0x0000000080000000, 0x0000000100000000)
  region size 1024K, 4 young (4096K), 4 survivors (4096K)
 Metaspace       used 58607K, capacity 60054K, committed 60160K, reserved 1101824K
  class space    used 7418K, capacity 7979K, committed 8064K, reserved 1048576K
}
Event: 24.805 GC heap before
{Heap before GC invocations=17 (full 0):
 garbage-first heap   total 137216K, used 98370K [0x0000000080000000, 0x0000000100000000)
  region size 1024K, 50 young (51200K), 4 survivors (4096K)
 Metaspace       used 63002K, capacity 64512K, committed 64640K, reserved 1105920K
  class space    used 7959K, capacity 8536K, committed 8576K, reserved 1048576K
}
Event: 24.820 GC heap after
{Heap after GC invocations=18 (full 0):
 garbage-first heap   total 137216K, used 55262K [0x0000000080000000, 0x0000000100000000)
  region size 1024K, 7 young (7168K), 7 survivors (7168K)
 Metaspace       used 63002K, capacity 64512K, committed 64640K, reserved 1105920K
  class space    used 7959K, capacity 8536K, committed 8576K, reserved 1048576K
}
Event: 26.739 GC heap before
{Heap before GC invocations=19 (full 0):
 garbage-first heap   total 137216K, used 101342K [0x0000000080000000, 0x0000000100000000)
  region size 1024K, 52 young (53248K), 7 survivors (7168K)
 Metaspace       used 65936K, capacity 67514K, committed 67584K, reserved 1107968K
  class space    used 8352K, capacity 8956K, committed 8960K, reserved 1048576K
}
Event: 26.757 GC heap after
{Heap after GC invocations=20 (full 0):
 garbage-first heap   total 137216K, used 58603K [0x0000000080000000, 0x0000000100000000)
  region size 1024K, 4 young (4096K), 4 survivors (4096K)
 Metaspace       used 65936K, capacity 67514K, committed 67584K, reserved 1107968K
  class space    used 8352K, capacity 8956K, committed 8960K, reserved 1048576K
}

Deoptimization events (20 events):
Event: 25.783 Thread 0x000001ba42324000 Uncommon trap: trap_request=0xffffff4d fr.pc=0x000001ba31d0f9f0 relative=0x00000000000050f0
Event: 25.783 Thread 0x000001ba42324000 Uncommon trap: reason=unstable_if action=reinterpret pc=0x000001ba31d0f9f0 method=sun.net.www.protocol.jar.Handler.parseURL(Ljava/net/URL;Ljava/lang/String;II)V @ 116 c2
Event: 25.783 Thread 0x000001ba42324000 DEOPT PACKING pc=0x000001ba31d0f9f0 sp=0x0000007f862f82c0
Event: 25.783 Thread 0x000001ba42324000 DEOPT UNPACKING pc=0x000001ba2a0f6a29 sp=0x0000007f862f81b8 mode 2
Event: 26.147 Thread 0x000001ba42324000 Uncommon trap: trap_request=0xffffff4d fr.pc=0x000001ba31ebf3f4 relative=0x0000000000001854
Event: 26.147 Thread 0x000001ba42324000 Uncommon trap: reason=unstable_if action=reinterpret pc=0x000001ba31ebf3f4 method=java.util.concurrent.ConcurrentHashMap.putVal(Ljava/lang/Object;Ljava/lang/Object;Z)Ljava/lang/Object; @ 245 c2
Event: 26.147 Thread 0x000001ba42324000 DEOPT PACKING pc=0x000001ba31ebf3f4 sp=0x0000007f862f7580
Event: 26.147 Thread 0x000001ba42324000 DEOPT UNPACKING pc=0x000001ba2a0f6a29 sp=0x0000007f862f7518 mode 2
Event: 26.510 Thread 0x000001ba42324000 Uncommon trap: trap_request=0xffffff4d fr.pc=0x000001ba31d3c894 relative=0x0000000000000354
Event: 26.510 Thread 0x000001ba42324000 Uncommon trap: reason=unstable_if action=reinterpret pc=0x000001ba31d3c894 method=java.util.StringJoiner.add(Ljava/lang/CharSequence;)Ljava/util/StringJoiner; @ 33 c2
Event: 26.510 Thread 0x000001ba42324000 DEOPT PACKING pc=0x000001ba31d3c894 sp=0x0000007f862f5f30
Event: 26.510 Thread 0x000001ba42324000 DEOPT UNPACKING pc=0x000001ba2a0f6a29 sp=0x0000007f862f5ee0 mode 2
Event: 26.895 Thread 0x000001ba42324000 Uncommon trap: trap_request=0xffffff4d fr.pc=0x000001ba31e699e0 relative=0x0000000000000e00
Event: 26.896 Thread 0x000001ba42324000 Uncommon trap: reason=unstable_if action=reinterpret pc=0x000001ba31e699e0 method=org.codehaus.groovy.runtime.metaclass.MetaMethodIndex.isOverridden(Lgroovy/lang/MetaMethod;Lgroovy/lang/MetaMethod;)Z @ 33 c2
Event: 26.896 Thread 0x000001ba42324000 DEOPT PACKING pc=0x000001ba31e699e0 sp=0x0000007f862f4da0
Event: 26.896 Thread 0x000001ba42324000 DEOPT UNPACKING pc=0x000001ba2a0f6a29 sp=0x0000007f862f4cf8 mode 2
Event: 26.902 Thread 0x000001ba42324000 Uncommon trap: trap_request=0xfffffff4 fr.pc=0x000001ba31fa1570 relative=0x0000000000000850
Event: 26.902 Thread 0x000001ba42324000 Uncommon trap: reason=null_check action=make_not_entrant pc=0x000001ba31fa1570 method=com.sun.beans.introspect.MethodInfo$MethodOrder.compare(Ljava/lang/reflect/Method;Ljava/lang/reflect/Method;)I @ 133 c2
Event: 26.902 Thread 0x000001ba42324000 DEOPT PACKING pc=0x000001ba31fa1570 sp=0x0000007f862f2d70
Event: 26.902 Thread 0x000001ba42324000 DEOPT UNPACKING pc=0x000001ba2a0f6a29 sp=0x0000007f862f2d10 mode 2

Classes redefined (0 events):
No events

Internal exceptions (20 events):
Event: 26.806 Thread 0x000001ba42324000 Exception <a 'java/lang/ClassNotFoundException'{0x000000008849dc20}: org/gradle/api/internal/AbstractNamedDomainObjectContainerCustomizer> (0x000000008849dc20) thrown at [./src/hotspot/share/classfile/systemDictionary.cpp, line 231]
Event: 26.811 Thread 0x000001ba42324000 Exception <a 'java/lang/ClassNotFoundException'{0x00000000884e65a8}: org/gradle/api/internal/FactoryNamedDomainObjectContainerCustomizer> (0x00000000884e65a8) thrown at [./src/hotspot/share/classfile/systemDictionary.cpp, line 231]
Event: 26.813 Thread 0x000001ba42324000 Exception <a 'java/lang/ClassNotFoundException'{0x0000000088327f58}: org/gradle/api/internal/FactoryNamedDomainObjectContainer_DecoratedCustomizer> (0x0000000088327f58) thrown at [./src/hotspot/share/classfile/systemDictionary.cpp, line 231]
Event: 26.899 Thread 0x000001ba42324000 Exception <a 'java/lang/ClassNotFoundException'{0x0000000088142908}: com/android/build/gradle/internal/dsl/BuildType_DecoratedBeanInfo> (0x0000000088142908) thrown at [./src/hotspot/share/classfile/systemDictionary.cpp, line 231]
Event: 26.900 Thread 0x000001ba42324000 Exception <a 'java/lang/ClassNotFoundException'{0x000000008815cf90}: com/android/build/gradle/internal/dsl/BuildTypeBeanInfo> (0x000000008815cf90) thrown at [./src/hotspot/share/classfile/systemDictionary.cpp, line 231]
Event: 26.901 Thread 0x000001ba42324000 Exception <a 'java/lang/ClassNotFoundException'{0x0000000088176920}: com/android/builder/core/AbstractBuildTypeBeanInfo> (0x0000000088176920) thrown at [./src/hotspot/share/classfile/systemDictionary.cpp, line 231]
Event: 26.901 Thread 0x000001ba42324000 Exception <a 'java/lang/ClassNotFoundException'{0x0000000088190dd8}: com/android/builder/core/AbstractBuildTypeCustomizer> (0x0000000088190dd8) thrown at [./src/hotspot/share/classfile/systemDictionary.cpp, line 231]
Event: 26.902 Thread 0x000001ba42324000 Implicit null exception at 0x000001ba31fa0fd5 to 0x000001ba31fa1560
Event: 26.904 Thread 0x000001ba42324000 Exception <a 'java/lang/ClassNotFoundException'{0x00000000881c79b0}: com/android/build/gradle/internal/dsl/BuildTypeCustomizer> (0x00000000881c79b0) thrown at [./src/hotspot/share/classfile/systemDictionary.cpp, line 231]
Event: 26.931 Thread 0x000001ba42324000 Exception <a 'java/lang/ClassNotFoundException'{0x00000000880566f0}: com/android/build/gradle/internal/dsl/BuildType_DecoratedCustomizer> (0x00000000880566f0) thrown at [./src/hotspot/share/classfile/systemDictionary.cpp, line 231]
Event: 26.942 Thread 0x000001ba42324000 Exception <a 'java/lang/ClassNotFoundException'{0x0000000087f19c18}: build_5v8auhxzd7d27lhodvncj7461$_run_closure1$_closure4BeanInfo> (0x0000000087f19c18) thrown at [./src/hotspot/share/classfile/systemDictionary.cpp, line 231]
Event: 26.943 Thread 0x000001ba42324000 Exception <a 'java/lang/ClassNotFoundException'{0x0000000087f2b4c0}: build_5v8auhxzd7d27lhodvncj7461$_run_closure1$_closure4Customizer> (0x0000000087f2b4c0) thrown at [./src/hotspot/share/classfile/systemDictionary.cpp, line 231]
Event: 26.950 Thread 0x000001ba42324000 Exception <a 'java/lang/ClassNotFoundException'{0x0000000087f55230}: build_5v8auhxzd7d27lhodvncj7461$_run_closure1BeanInfo> (0x0000000087f55230) thrown at [./src/hotspot/share/classfile/systemDictionary.cpp, line 231]
Event: 26.951 Thread 0x000001ba42324000 Exception <a 'java/lang/ClassNotFoundException'{0x0000000087f66010}: build_5v8auhxzd7d27lhodvncj7461$_run_closure1Customizer> (0x0000000087f66010) thrown at [./src/hotspot/share/classfile/systemDictionary.cpp, line 231]
Event: 26.959 Thread 0x000001ba42324000 Exception <a 'java/lang/ClassNotFoundException'{0x0000000087fc4388}: org/gradle/api/JavaVersionBeanInfo> (0x0000000087fc4388) thrown at [./src/hotspot/share/classfile/systemDictionary.cpp, line 231]
Event: 26.961 Thread 0x000001ba42324000 Exception <a 'java/lang/ClassNotFoundException'{0x0000000087fef320}: org/gradle/api/JavaVersionCustomizer> (0x0000000087fef320) thrown at [./src/hotspot/share/classfile/systemDictionary.cpp, line 231]
Event: 26.966 Thread 0x000001ba42324000 Exception <a 'java/lang/ClassNotFoundException'{0x0000000087e46870}: com/android/build/gradle/internal/CompileOptions_DecoratedBeanInfo> (0x0000000087e46870) thrown at [./src/hotspot/share/classfile/systemDictionary.cpp, line 231]
Event: 26.967 Thread 0x000001ba42324000 Exception <a 'java/lang/ClassNotFoundException'{0x0000000087e5fc68}: com/android/build/gradle/internal/CompileOptionsBeanInfo> (0x0000000087e5fc68) thrown at [./src/hotspot/share/classfile/systemDictionary.cpp, line 231]
Event: 26.967 Thread 0x000001ba42324000 Exception <a 'java/lang/ClassNotFoundException'{0x0000000087e79960}: com/android/build/gradle/internal/CompileOptionsCustomizer> (0x0000000087e79960) thrown at [./src/hotspot/share/classfile/systemDictionary.cpp, line 231]
Event: 26.969 Thread 0x000001ba42324000 Exception <a 'java/lang/ClassNotFoundException'{0x0000000087ea0710}: com/android/build/gradle/internal/CompileOptions_DecoratedCustomizer> (0x0000000087ea0710) thrown at [./src/hotspot/share/classfile/systemDictionary.cpp, line 231]

Events (20 events):
Event: 26.966 loading class com/android/build/gradle/internal/CompileOptionsBeanInfo
Event: 26.966 loading class com/android/build/gradle/internal/CompileOptionsBeanInfo done
Event: 26.967 loading class com/android/build/gradle/internal/CompileOptionsBeanInfo
Event: 26.967 loading class com/android/build/gradle/internal/CompileOptionsBeanInfo done
Event: 26.967 loading class com/android/build/gradle/internal/CompileOptionsCustomizer
Event: 26.967 loading class com/android/build/gradle/internal/CompileOptionsCustomizer done
Event: 26.967 loading class com/android/build/gradle/internal/CompileOptionsCustomizer
Event: 26.967 loading class com/android/build/gradle/internal/CompileOptionsCustomizer done
Event: 26.968 loading class com/android/build/gradle/internal/CompileOptions_DecoratedCustomizer
Event: 26.968 loading class com/android/build/gradle/internal/CompileOptions_DecoratedCustomizer done
Event: 26.969 loading class com/android/build/gradle/internal/CompileOptions_DecoratedCustomizer
Event: 26.969 loading class com/android/build/gradle/internal/CompileOptions_DecoratedCustomizer done
Event: 26.973 loading class groovy/runtime/metaclass/build_5v8auhxzd7d27lhodvncj7461$_run_closure1$_closure6MetaClass
Event: 26.973 loading class groovy/runtime/metaclass/build_5v8auhxzd7d27lhodvncj7461$_run_closure1$_closure6MetaClass done
Event: 26.974 loading class groovy/runtime/metaclass/org/jetbrains/kotlin/gradle/dsl/KotlinJvmOptionsImplMetaClass
Event: 26.974 loading class groovy/runtime/metaclass/org/jetbrains/kotlin/gradle/dsl/KotlinJvmOptionsImplMetaClass done
Event: 26.975 loading class org/jetbrains/kotlin/cli/common/arguments/K2JVMCompilerArguments
Event: 26.975 loading class org/jetbrains/kotlin/cli/common/arguments/K2JVMCompilerArguments done
Event: 26.980 loading class org/jetbrains/kotlin/cli/common/arguments/CommonCompilerArguments
Event: 26.980 loading class org/jetbrains/kotlin/cli/common/arguments/CommonCompilerArguments done


Dynamic libraries:
0x00007ff76c870000 - 0x00007ff76c87a000 	C:\Program Files\Android\Android Studio\jre\bin\java.exe
0x00007ffeff090000 - 0x00007ffeff285000 	C:\Windows\SYSTEM32\ntdll.dll
0x00007ffefe8d0000 - 0x00007ffefe98e000 	C:\Windows\System32\KERNEL32.DLL
0x00007ffefce10000 - 0x00007ffefd0d9000 	C:\Windows\System32\KERNELBASE.dll
0x00007ffefc7b0000 - 0x00007ffefc8b0000 	C:\Windows\System32\ucrtbase.dll
0x00007ffef0240000 - 0x00007ffef0257000 	C:\Program Files\Android\Android Studio\jre\bin\VCRUNTIME140.dll
0x00007ffeeff00000 - 0x00007ffeeff19000 	C:\Program Files\Android\Android Studio\jre\bin\jli.dll
0x00007ffefee10000 - 0x00007ffefefb1000 	C:\Windows\System32\USER32.dll
0x00007ffefccd0000 - 0x00007ffefccf2000 	C:\Windows\System32\win32u.dll
0x00007ffef12b0000 - 0x00007ffef154a000 	C:\Windows\WinSxS\amd64_microsoft.windows.common-controls_6595b64144ccf1df_6.0.19041.1110_none_60b5254171f9507e\COMCTL32.dll
0x00007ffefd610000 - 0x00007ffefd63b000 	C:\Windows\System32\GDI32.dll
0x00007ffefe7d0000 - 0x00007ffefe86e000 	C:\Windows\System32\msvcrt.dll
0x00007ffefcd00000 - 0x00007ffefce0b000 	C:\Windows\System32\gdi32full.dll
0x00007ffefc960000 - 0x00007ffefc9fd000 	C:\Windows\System32\msvcp_win.dll
0x00007ffefdae0000 - 0x00007ffefdb10000 	C:\Windows\System32\IMM32.DLL
0x00007ffec5e20000 - 0x00007ffec5ebd000 	C:\Program Files\Android\Android Studio\jre\bin\msvcp140.dll
0x00007ffebb190000 - 0x00007ffebbc5f000 	C:\Program Files\Android\Android Studio\jre\bin\server\jvm.dll
0x00007ffefd0e0000 - 0x00007ffefd18c000 	C:\Windows\System32\ADVAPI32.dll
0x00007ffefed70000 - 0x00007ffefee0b000 	C:\Windows\System32\sechost.dll
0x00007ffefd9b0000 - 0x00007ffefdada000 	C:\Windows\System32\RPCRT4.dll
0x00007ffefd930000 - 0x00007ffefd938000 	C:\Windows\System32\PSAPI.DLL
0x00007ffef9fe0000 - 0x00007ffef9fe9000 	C:\Windows\SYSTEM32\WSOCK32.dll
0x00007ffedf9f0000 - 0x00007ffedfa17000 	C:\Windows\SYSTEM32\WINMM.dll
0x00007ffefeb60000 - 0x00007ffefebcb000 	C:\Windows\System32\WS2_32.dll
0x00007ffef1bb0000 - 0x00007ffef1bba000 	C:\Windows\SYSTEM32\VERSION.dll
0x00007ffefa6d0000 - 0x00007ffefa6e2000 	C:\Windows\SYSTEM32\kernel.appcore.dll
0x00007ffef78b0000 - 0x00007ffef78c1000 	C:\Program Files\Android\Android Studio\jre\bin\verify.dll
0x00007ffed8200000 - 0x00007ffed83e4000 	C:\Windows\SYSTEM32\DBGHELP.DLL
0x00007ffeda140000 - 0x00007ffeda16c000 	C:\Windows\SYSTEM32\dbgcore.DLL
0x00007ffefca80000 - 0x00007ffefcb03000 	C:\Windows\System32\bcryptPrimitives.dll
0x00007ffef7440000 - 0x00007ffef7469000 	C:\Program Files\Android\Android Studio\jre\bin\java.dll
0x00007ffef7380000 - 0x00007ffef738b000 	C:\Program Files\Android\Android Studio\jre\bin\jimage.dll
0x00007ffef7330000 - 0x00007ffef7348000 	C:\Program Files\Android\Android Studio\jre\bin\zip.dll
0x00007ffefe090000 - 0x00007ffefe7cf000 	C:\Windows\System32\SHELL32.dll
0x00007ffefa8d0000 - 0x00007ffefb060000 	C:\Windows\SYSTEM32\windows.storage.dll
0x00007ffefdc00000 - 0x00007ffefdf55000 	C:\Windows\System32\combase.dll
0x00007ffefc130000 - 0x00007ffefc15c000 	C:\Windows\SYSTEM32\Wldp.dll
0x00007ffefd7f0000 - 0x00007ffefd89d000 	C:\Windows\System32\SHCORE.dll
0x00007ffefecb0000 - 0x00007ffefed05000 	C:\Windows\System32\shlwapi.dll
0x00007ffefc6f0000 - 0x00007ffefc70f000 	C:\Windows\SYSTEM32\profapi.dll
0x00007ffef7070000 - 0x00007ffef708a000 	C:\Program Files\Android\Android Studio\jre\bin\net.dll
0x00007ffef4490000 - 0x00007ffef4598000 	C:\Windows\SYSTEM32\WINHTTP.dll
0x00007ffefbe90000 - 0x00007ffefbefa000 	C:\Windows\system32\mswsock.dll
0x00007ffef7030000 - 0x00007ffef7044000 	C:\Program Files\Android\Android Studio\jre\bin\nio.dll
0x00007ffef24f0000 - 0x00007ffef2517000 	C:\Users\MARIA TERESA\.gradle\native\8bec1ad78214c89d9ad589b4d07fe93259594b29d510b10fafb7a158f7737e5d\windows-amd64\native-platform.dll
0x00007ffec5860000 - 0x00007ffec599d000 	C:\Users\MARIA TERESA\.gradle\native\53dbd7edfb1c66fb8903c78663c9afc45aea4f116125fa6feffd364cf09443e8\windows-amd64\native-platform-file-events.dll
0x00007ffef7370000 - 0x00007ffef737a000 	C:\Program Files\Android\Android Studio\jre\bin\management.dll
0x00007ffef7320000 - 0x00007ffef732c000 	C:\Program Files\Android\Android Studio\jre\bin\management_ext.dll
0x00007ffefc080000 - 0x00007ffefc098000 	C:\Windows\SYSTEM32\CRYPTSP.dll
0x00007ffefb810000 - 0x00007ffefb844000 	C:\Windows\system32\rsaenh.dll
0x00007ffefca00000 - 0x00007ffefca27000 	C:\Windows\System32\bcrypt.dll
0x00007ffefc6b0000 - 0x00007ffefc6de000 	C:\Windows\SYSTEM32\USERENV.dll
0x00007ffefc0a0000 - 0x00007ffefc0ac000 	C:\Windows\SYSTEM32\CRYPTBASE.dll
0x00007ffefbb80000 - 0x00007ffefbbbb000 	C:\Windows\SYSTEM32\IPHLPAPI.DLL
0x00007ffefd9a0000 - 0x00007ffefd9a8000 	C:\Windows\System32\NSI.dll
0x00007ffef6c00000 - 0x00007ffef6c17000 	C:\Windows\SYSTEM32\dhcpcsvc6.DLL
0x00007ffef6bc0000 - 0x00007ffef6bdd000 	C:\Windows\SYSTEM32\dhcpcsvc.DLL
0x00007ffefbbc0000 - 0x00007ffefbc8c000 	C:\Windows\SYSTEM32\DNSAPI.dll

dbghelp: loaded successfully - version: 4.0.5 - missing functions: none
symbol engine: initialized successfully - sym options: 0x614 - pdb path: .;C:\Program Files\Android\Android Studio\jre\bin;C:\Windows\SYSTEM32;C:\Windows\WinSxS\amd64_microsoft.windows.common-controls_6595b64144ccf1df_6.0.19041.1110_none_60b5254171f9507e;C:\Program Files\Android\Android Studio\jre\bin\server;C:\Users\MARIA TERESA\.gradle\native\8bec1ad78214c89d9ad589b4d07fe93259594b29d510b10fafb7a158f7737e5d\windows-amd64;C:\Users\MARIA TERESA\.gradle\native\53dbd7edfb1c66fb8903c78663c9afc45aea4f116125fa6feffd364cf09443e8\windows-amd64

VM Arguments:
jvm_args: --add-opens=java.base/java.util=ALL-UNNAMED --add-opens=java.base/java.lang=ALL-UNNAMED --add-opens=java.base/java.lang.invoke=ALL-UNNAMED --add-opens=java.base/java.util=ALL-UNNAMED --add-opens=java.prefs/java.util.prefs=ALL-UNNAMED --add-opens=java.prefs/java.util.prefs=ALL-UNNAMED --add-opens=java.base/java.nio.charset=ALL-UNNAMED --add-opens=java.base/java.net=ALL-UNNAMED --add-opens=java.base/java.util.concurrent.atomic=ALL-UNNAMED -Xmx2048m -Dfile.encoding=UTF-8 -Duser.country=CO -Duser.language=es -Duser.variant 
java_command: org.gradle.launcher.daemon.bootstrap.GradleDaemon 7.0.2
java_class_path (initial): C:\Users\MARIA TERESA\.gradle\wrapper\dists\gradle-7.0.2-bin\857tjihv64xamwrf0h14cai3r\gradle-7.0.2\lib\gradle-launcher-7.0.2.jar
Launcher Type: SUN_STANDARD

[Global flags]
     intx CICompilerCount                          = 3                                         {product} {ergonomic}
     uint ConcGCThreads                            = 1                                         {product} {ergonomic}
     uint G1ConcRefinementThreads                  = 4                                         {product} {ergonomic}
   size_t G1HeapRegionSize                         = 1048576                                   {product} {ergonomic}
    uintx GCDrainStackTargetSize                   = 64                                        {product} {ergonomic}
   size_t InitialHeapSize                          = 96468992                                  {product} {ergonomic}
   size_t MarkStackSize                            = 4194304                                   {product} {ergonomic}
   size_t MaxHeapSize                              = 2147483648                                {product} {command line}
   size_t MaxNewSize                               = 1287651328                                {product} {ergonomic}
   size_t MinHeapDeltaBytes                        = 1048576                                   {product} {ergonomic}
    uintx NonNMethodCodeHeapSize                   = 5830732                                {pd product} {ergonomic}
    uintx NonProfiledCodeHeapSize                  = 122913754                              {pd product} {ergonomic}
    uintx ProfiledCodeHeapSize                     = 122913754                              {pd product} {ergonomic}
    uintx ReservedCodeCacheSize                    = 251658240                              {pd product} {ergonomic}
     bool SegmentedCodeCache                       = true                                      {product} {ergonomic}
     bool UseCompressedClassPointers               = true                                 {lp64_product} {ergonomic}
     bool UseCompressedOops                        = true                                 {lp64_product} {ergonomic}
     bool UseG1GC                                  = true                                      {product} {ergonomic}
     bool UseLargePagesIndividualAllocation        = false                                  {pd product} {ergonomic}

Logging:
Log output configuration:
 #0: stdout all=warning uptime,level,tags
 #1: stderr all=off uptime,level,tags

Environment Variables:
PATH=C:\Program Files\Common Files\Oracle\Java\javapath;C:\Program Files\Microsoft MPI\Bin\;C:\Windows\system32;C:\Windows;C:\Windows\System32\Wbem;C:\Windows\System32\WindowsPowerShell\v1.0\;C:\Windows\System32\OpenSSH\;C:\Program Files\Azure Data Studio\bin;C:\Program Files (x86)\Microsoft SQL Server\150\Tools\Binn\;C:\Program Files\Microsoft SQL Server\150\Tools\Binn\;C:\Program Files (x86)\Microsoft SQL Server\150\DTS\Binn\;C:\Program Files\Microsoft SQL Server\150\DTS\Binn\;C:\Program Files\Microsoft SQL Server\Client SDK\ODBC\170\Tools\Binn\;C:\Program Files\dotnet\;C:\Program Files\Git\cmd;C:\Users\MARIA TERESA\AppData\Local\Microsoft\WindowsApps;;C:\Users\MARIA TERESA\AppData\Local\Programs\Microsoft VS Code\bin;C:\Program Files\Azure Data Studio\bin;C:\Users\MARIA TERESA\.dotnet\tools
USERNAME=MARIA TERESA
OS=Windows_NT
PROCESSOR_IDENTIFIER=Intel64 Family 6 Model 37 Stepping 2, GenuineIntel



---------------  S Y S T E M  ---------------

OS: Windows 10 , 64 bit Build 19041 (10.0.19041.1202)
OS uptime: 8 days 0:46 hours

CPU:total 4 (initial active 4) (2 cores per cpu, 2 threads per core) family 6 model 37 stepping 2 microcode 0x11, cmov, cx8, fxsr, mmx, sse, sse2, sse3, ssse3, sse4.1, sse4.2, popcnt, ht, tsc, tscinvbit

Memory: 4k page, system-wide physical 5879M (632M free)
TotalPageFile size 5879M (AvailPageFile size 6M)
current process WorkingSet (physical memory assigned to process): 325M, peak: 325M
current process commit charge ("private bytes"): 355M, peak: 356M

vm_info: OpenJDK 64-Bit Server VM (11.0.10+0-b96-7249189) for windows-amd64 JRE (11.0.10+0-b96-7249189), built on Mar 31 2021 21:44:00 by "builder" with MS VC++ 14.0 (VS2015)

END.
