#
# There is insufficient memory for the Java Runtime Environment to continue.
# Native memory allocation (mmap) failed to map 28311552 bytes for Failed to commit area from 0x0000000088600000 to 0x000000008a100000 of length 28311552.
# Possible reasons:
#   The system is out of physical RAM or swap space
#   The process is running with CompressedOops enabled, and the Java Heap may be blocking the growth of the native heap
# Possible solutions:
#   Reduce memory load on the system
#   Increase physical memory or swap space
#   Check if swap backing store is full
#   Decrease Java heap size (-Xmx/-Xms)
#   Decrease number of Java threads
#   Decrease Java thread stack sizes (-Xss)
#   Set larger code cache with -XX:ReservedCodeCacheSize=
#   JVM is running with Unscaled Compressed Oops mode in which the Java heap is
#     placed in the first 4GB address space. The Java Heap base address is the
#     maximum limit for the native heap growth. Please use -XX:HeapBaseMinAddress
#     to set the Java Heap base and to place the Java Heap above 4GB virtual address.
# This output file may be truncated or incomplete.
#
#  Out of Memory Error (./src/hotspot/os/windows/os_windows.cpp:3301), pid=10160, tid=9604
#
# JRE version: OpenJDK Runtime Environment (11.0.10) (build 11.0.10+0-b96-7249189)
# Java VM: OpenJDK 64-Bit Server VM (11.0.10+0-b96-7249189, mixed mode, tiered, compressed oops, g1 gc, windows-amd64)
# No core dump will be written. Minidumps are not enabled by default on client versions of Windows
#

---------------  S U M M A R Y ------------

Command Line: --add-opens=java.base/java.util=ALL-UNNAMED --add-opens=java.base/java.lang=ALL-UNNAMED --add-opens=java.base/java.lang.invoke=ALL-UNNAMED --add-opens=java.base/java.util=ALL-UNNAMED --add-opens=java.prefs/java.util.prefs=ALL-UNNAMED --add-opens=java.prefs/java.util.prefs=ALL-UNNAMED --add-opens=java.base/java.nio.charset=ALL-UNNAMED --add-opens=java.base/java.net=ALL-UNNAMED --add-opens=java.base/java.util.concurrent.atomic=ALL-UNNAMED -Xmx2048m -Dfile.encoding=UTF-8 -Duser.country=CO -Duser.language=es -Duser.variant org.gradle.launcher.daemon.bootstrap.GradleDaemon 7.0.2

Host: Intel(R) Core(TM) i3 CPU         540  @ 3.07GHz, 4 cores, 5G,  Windows 10 , 64 bit Build 19041 (10.0.19041.1202)
Time: Fri Nov 12 09:29:05 2021 Hora est. Pacífico, Sudamérica elapsed time: 14.715011 seconds (0d 0h 0m 14s)

---------------  T H R E A D  ---------------

Current thread (0x000001e6abbac000):  VMThread "VM Thread" [stack: 0x0000001b85100000,0x0000001b85200000] [id=9604]

Stack: [0x0000001b85100000,0x0000001b85200000]
[error occurred during error reporting (printing stack bounds), id 0xc0000005, EXCEPTION_ACCESS_VIOLATION (0xc0000005) at pc=0x000001e695af0f3d]

Native frames: (J=compiled Java code, j=interpreted, Vv=VM code, C=native code)
V  [jvm.dll+0x5ecfaa]
V  [jvm.dll+0x722bd5]
V  [jvm.dll+0x72412d]
V  [jvm.dll+0x724745]
V  [jvm.dll+0x7246fb]
V  [jvm.dll+0x5ec348]
V  [jvm.dll+0x5ecad8]
C  [ntdll.dll+0xa20cf]
C  [ntdll.dll+0x51454]
C  [ntdll.dll+0xa0bfe]
C  0x000001e695af0f3d

VM_Operation (0x0000001b863f3840): CollectForMetadataAllocation, mode: safepoint, requested by thread 0x000001e6ade02000


---------------  P R O C E S S  ---------------

Threads class SMR info:
_java_thread_list=0x000001e6b27e5330, length=43, elements={
0x000001e691ffc800, 0x000001e6abbd2800, 0x000001e6abbd4000, 0x000001e6ac583800,
0x000001e6abbdb800, 0x000001e6abbe0000, 0x000001e6abbe7000, 0x000001e6abbe8800,
0x000001e6abbec800, 0x000001e6ac6b9800, 0x000001e6ad292000, 0x000001e6ad768800,
0x000001e6ad1a6800, 0x000001e6af405800, 0x000001e6adf19800, 0x000001e6ae757800,
0x000001e6ade02000, 0x000001e6ae637800, 0x000001e6af206000, 0x000001e6adeec800,
0x000001e6adeeb800, 0x000001e6adeed000, 0x000001e6adeef000, 0x000001e6adef0800,
0x000001e6adeee000, 0x000001e6adef1000, 0x000001e6adeef800, 0x000001e6adef2000,
0x000001e6b09ff800, 0x000001e6b0a01800, 0x000001e6b09ff000, 0x000001e6b0a02000,
0x000001e6b0a03000, 0x000001e6b0a03800, 0x000001e6b09fe000, 0x000001e6b0a08000,
0x000001e6b0a04800, 0x000001e6b0a08800, 0x000001e6b0a09800, 0x000001e6b0a07000,
0x000001e6b0a0a000, 0x000001e6b23a8800, 0x000001e6b0a0b000
}

Java Threads: ( => current thread )
  0x000001e691ffc800 JavaThread "main" [_thread_blocked, id=3040, stack(0x0000001b84b00000,0x0000001b84c00000)]
  0x000001e6abbd2800 JavaThread "Reference Handler" daemon [_thread_blocked, id=10164, stack(0x0000001b85200000,0x0000001b85300000)]
  0x000001e6abbd4000 JavaThread "Finalizer" daemon [_thread_blocked, id=10332, stack(0x0000001b85300000,0x0000001b85400000)]
  0x000001e6ac583800 JavaThread "Signal Dispatcher" daemon [_thread_blocked, id=4856, stack(0x0000001b85400000,0x0000001b85500000)]
  0x000001e6abbdb800 JavaThread "Attach Listener" daemon [_thread_blocked, id=6532, stack(0x0000001b85500000,0x0000001b85600000)]
  0x000001e6abbe0000 JavaThread "Service Thread" daemon [_thread_blocked, id=3920, stack(0x0000001b85600000,0x0000001b85700000)]
  0x000001e6abbe7000 JavaThread "C2 CompilerThread0" daemon [_thread_blocked, id=7140, stack(0x0000001b85700000,0x0000001b85800000)]
  0x000001e6abbe8800 JavaThread "C1 CompilerThread0" daemon [_thread_blocked, id=8856, stack(0x0000001b85800000,0x0000001b85900000)]
  0x000001e6abbec800 JavaThread "Sweeper thread" daemon [_thread_blocked, id=1796, stack(0x0000001b85900000,0x0000001b85a00000)]
  0x000001e6ac6b9800 JavaThread "Common-Cleaner" daemon [_thread_blocked, id=11152, stack(0x0000001b85a00000,0x0000001b85b00000)]
  0x000001e6ad292000 JavaThread "Daemon health stats" [_thread_blocked, id=1224, stack(0x0000001b85e00000,0x0000001b85f00000)]
  0x000001e6ad768800 JavaThread "Incoming local TCP Connector on port 56970" [_thread_in_native, id=1208, stack(0x0000001b85c00000,0x0000001b85d00000)]
  0x000001e6ad1a6800 JavaThread "Daemon periodic checks" [_thread_blocked, id=3604, stack(0x0000001b85f00000,0x0000001b86000000)]
  0x000001e6af405800 JavaThread "Daemon" [_thread_blocked, id=6200, stack(0x0000001b86000000,0x0000001b86100000)]
  0x000001e6adf19800 JavaThread "Handler for socket connection from /127.0.0.1:56970 to /127.0.0.1:56971" [_thread_in_native, id=9360, stack(0x0000001b86100000,0x0000001b86200000)]
  0x000001e6ae757800 JavaThread "Cancel handler" [_thread_blocked, id=4284, stack(0x0000001b86200000,0x0000001b86300000)]
  0x000001e6ade02000 JavaThread "Daemon worker" [_thread_blocked, id=6072, stack(0x0000001b86300000,0x0000001b86400000)]
  0x000001e6ae637800 JavaThread "Asynchronous log dispatcher for DefaultDaemonConnection: socket connection from /127.0.0.1:56970 to /127.0.0.1:56971" [_thread_blocked, id=10336, stack(0x0000001b86400000,0x0000001b86500000)]
  0x000001e6af206000 JavaThread "Stdin handler" [_thread_blocked, id=11040, stack(0x0000001b86500000,0x0000001b86600000)]
  0x000001e6adeec800 JavaThread "Daemon client event forwarder" [_thread_blocked, id=1824, stack(0x0000001b86800000,0x0000001b86900000)]
  0x000001e6adeeb800 JavaThread "Cache worker for file hash cache (C:\Users\MARIA TERESA\.gradle\caches\7.0.2\fileHashes)" [_thread_blocked, id=10644, stack(0x0000001b86900000,0x0000001b86a00000)]
  0x000001e6adeed000 JavaThread "File lock request listener" [_thread_in_native, id=3876, stack(0x0000001b86a00000,0x0000001b86b00000)]
  0x000001e6adeef000 JavaThread "Cache worker for journal cache (C:\Users\MARIA TERESA\.gradle\caches\journal-1)" [_thread_blocked, id=6864, stack(0x0000001b86b00000,0x0000001b86c00000)]
  0x000001e6adef0800 JavaThread "Cache worker for file hash cache (G:\DOWNLOADS\androidstudioprojects\.gradle\7.0.2\fileHashes)" [_thread_blocked, id=4528, stack(0x0000001b86d00000,0x0000001b86e00000)]
  0x000001e6adeee000 JavaThread "File watcher server" daemon [_thread_in_native, id=3136, stack(0x0000001b86e00000,0x0000001b86f00000)]
  0x000001e6adef1000 JavaThread "File watcher consumer" daemon [_thread_blocked, id=3360, stack(0x0000001b86f00000,0x0000001b87000000)]
  0x000001e6adeef800 JavaThread "Cache worker for checksums cache (G:\DOWNLOADS\androidstudioprojects\.gradle\checksums)" [_thread_blocked, id=1012, stack(0x0000001b87000000,0x0000001b87100000)]
  0x000001e6adef2000 JavaThread "Cache worker for cache directory md-supplier (C:\Users\MARIA TERESA\.gradle\caches\7.0.2\md-supplier)" [_thread_blocked, id=1920, stack(0x0000001b87100000,0x0000001b87200000)]
  0x000001e6b09ff800 JavaThread "Cache worker for cache directory md-rule (C:\Users\MARIA TERESA\.gradle\caches\7.0.2\md-rule)" [_thread_blocked, id=10448, stack(0x0000001b87200000,0x0000001b87300000)]
  0x000001e6b0a01800 JavaThread "Cache worker for execution history cache (C:\Users\MARIA TERESA\.gradle\caches\7.0.2\executionHistory)" [_thread_blocked, id=6132, stack(0x0000001b87300000,0x0000001b87400000)]
  0x000001e6b09ff000 JavaThread "jar transforms" [_thread_blocked, id=1652, stack(0x0000001b87400000,0x0000001b87500000)]
  0x000001e6b0a02000 JavaThread "jar transforms Thread 2" [_thread_blocked, id=10120, stack(0x0000001b87500000,0x0000001b87600000)]
  0x000001e6b0a03000 JavaThread "Cache worker for file content cache (C:\Users\MARIA TERESA\.gradle\caches\7.0.2\fileContent)" [_thread_blocked, id=9320, stack(0x0000001b87600000,0x0000001b87700000)]
  0x000001e6b0a03800 JavaThread "Cache worker for dependencies-accessors (G:\DOWNLOADS\androidstudioprojects\.gradle\7.0.2\dependencies-accessors)" [_thread_blocked, id=10760, stack(0x0000001b87700000,0x0000001b87800000)]
  0x000001e6b09fe000 JavaThread "jar transforms Thread 3" [_thread_blocked, id=9744, stack(0x0000001b87800000,0x0000001b87900000)]
  0x000001e6b0a08000 JavaThread "Cache worker for Build Output Cleanup Cache (G:\DOWNLOADS\androidstudioprojects\.gradle\buildOutputCleanup)" [_thread_blocked, id=10324, stack(0x0000001b87900000,0x0000001b87a00000)]
  0x000001e6b0a04800 JavaThread "Build operations" [_thread_blocked, id=5304, stack(0x0000001b87a00000,0x0000001b87b00000)]
  0x000001e6b0a08800 JavaThread "Build operations Thread 2" [_thread_blocked, id=1908, stack(0x0000001b87b00000,0x0000001b87c00000)]
  0x000001e6b0a09800 JavaThread "Build operations Thread 3" [_thread_blocked, id=10916, stack(0x0000001b87c00000,0x0000001b87d00000)]
  0x000001e6b0a07000 JavaThread "Build operations Thread 4" [_thread_blocked, id=3532, stack(0x0000001b87d00000,0x0000001b87e00000)]
  0x000001e6b0a0a000 JavaThread "jar transforms Thread 4" [_thread_blocked, id=9144, stack(0x0000001b87e00000,0x0000001b87f00000)]
  0x000001e6b23a8800 JavaThread "C2 CompilerThread1" daemon [_thread_in_native, id=2112, stack(0x0000001b86c00000,0x0000001b86d00000)]
  0x000001e6b0a0b000 JavaThread "Memory manager" [_thread_blocked, id=9056, stack(0x0000001b87f00000,0x0000001b88000000)]

Other Threads:
=>0x000001e6abbac000 VMThread "VM Thread" [stack: 0x0000001b85100000,0x0000001b85200000] [id=9604]
  0x000001e6ac6de800 WatcherThread [stack: 0x0000001b85b00000,0x0000001b85c00000] [id=9052]
  0x000001e692015000 GCTaskThread "GC Thread#0" [stack: 0x0000001b84c00000,0x0000001b84d00000] [id=2280]
  0x000001e6ac5e0800 GCTaskThread "GC Thread#1" [stack: 0x0000001b85d00000,0x0000001b85e00000] [id=6312]
  0x000001e6ac5de800 GCTaskThread "GC Thread#2" [stack: 0x0000001b86600000,0x0000001b86700000] [id=9956]
  0x000001e6ac5dd000 GCTaskThread "GC Thread#3" [stack: 0x0000001b86700000,0x0000001b86800000] [id=1628]
  0x000001e692045000 ConcurrentGCThread "G1 Main Marker" [stack: 0x0000001b84d00000,0x0000001b84e00000] [id=10680]
  0x000001e692049000 ConcurrentGCThread "G1 Conc#0" [stack: 0x0000001b84e00000,0x0000001b84f00000] [id=4172]
  0x000001e6920ab000 ConcurrentGCThread "G1 Refine#0" [stack: 0x0000001b84f00000,0x0000001b85000000] [id=11120]
  0x000001e6920ac000 ConcurrentGCThread "G1 Young RemSet Sampling" [stack: 0x0000001b85000000,0x0000001b85100000] [id=1216]

Threads with active compile tasks:
C2 CompilerThread0  14733 5816       4       java.util.Arrays::binarySearch0 (95 bytes)
C2 CompilerThread1  14733 5792       4       org.objectweb.asm.Frame::execute (2318 bytes)

VM state:at safepoint (normal execution)

VM Mutex/Monitor currently owned by a thread:  ([mutex/lock_event])
[0x000001e691ff9180] Threads_lock - owner thread: 0x000001e6abbac000
[0x000001e691ff9b10] Heap_lock - owner thread: 0x000001e6ade02000

Heap address: 0x0000000080000000, size: 2048 MB, Compressed Oops mode: 32-bit
Narrow klass base: 0x0000000000000000, Narrow klass shift: 3
Compressed class space size: 1073741824 Address: 0x0000000100000000

Heap:
 garbage-first heap   total 164864K, used 50936K [0x0000000080000000, 0x0000000100000000)
  region size 1024K, 3 young (3072K), 3 survivors (3072K)
 Metaspace       used 58577K, capacity 60062K, committed 60160K, reserved 1101824K
  class space    used 7424K, capacity 7984K, committed 8064K, reserved 1048576K
Heap Regions: E=young(eden), S=young(survivor), O=old, HS=humongous(starts), HC=humongous(continues), CS=collection set, F=free, A=archive, TAMS=top-at-mark-start (previous, next)
|   0|0x0000000080000000, 0x0000000080100000, 0x0000000080100000|100%|HS|  |TAMS 0x0000000080100000, 0x0000000080100000| Complete 
|   1|0x0000000080100000, 0x0000000080200000, 0x0000000080200000|100%|HC|  |TAMS 0x0000000080200000, 0x0000000080200000| Complete 
|   2|0x0000000080200000, 0x0000000080300000, 0x0000000080300000|100%|HC|  |TAMS 0x0000000080300000, 0x0000000080300000| Complete 
|   3|0x0000000080300000, 0x0000000080400000, 0x0000000080400000|100%| O|  |TAMS 0x0000000080400000, 0x0000000080400000| Untracked 
|   4|0x0000000080400000, 0x0000000080500000, 0x0000000080500000|100%| O|  |TAMS 0x0000000080500000, 0x0000000080500000| Untracked 
|   5|0x0000000080500000, 0x0000000080600000, 0x0000000080600000|100%| O|  |TAMS 0x0000000080600000, 0x0000000080600000| Untracked 
|   6|0x0000000080600000, 0x0000000080700000, 0x0000000080700000|100%| O|  |TAMS 0x0000000080700000, 0x0000000080700000| Untracked 
|   7|0x0000000080700000, 0x0000000080800000, 0x0000000080800000|100%| O|  |TAMS 0x0000000080800000, 0x0000000080800000| Untracked 
|   8|0x0000000080800000, 0x0000000080900000, 0x0000000080900000|100%| O|  |TAMS 0x0000000080900000, 0x0000000080900000| Untracked 
|   9|0x0000000080900000, 0x0000000080a00000, 0x0000000080a00000|100%| O|  |TAMS 0x0000000080a00000, 0x0000000080a00000| Untracked 
|  10|0x0000000080a00000, 0x0000000080b00000, 0x0000000080b00000|100%| O|  |TAMS 0x0000000080b00000, 0x0000000080b00000| Untracked 
|  11|0x0000000080b00000, 0x0000000080c00000, 0x0000000080c00000|100%| O|  |TAMS 0x0000000080c00000, 0x0000000080c00000| Untracked 
|  12|0x0000000080c00000, 0x0000000080d00000, 0x0000000080d00000|100%| O|  |TAMS 0x0000000080d00000, 0x0000000080d00000| Untracked 
|  13|0x0000000080d00000, 0x0000000080e00000, 0x0000000080e00000|100%| O|  |TAMS 0x0000000080e00000, 0x0000000080e00000| Untracked 
|  14|0x0000000080e00000, 0x0000000080f00000, 0x0000000080f00000|100%| O|  |TAMS 0x0000000080f00000, 0x0000000080f00000| Untracked 
|  15|0x0000000080f00000, 0x0000000081000000, 0x0000000081000000|100%| O|  |TAMS 0x0000000081000000, 0x0000000081000000| Untracked 
|  16|0x0000000081000000, 0x0000000081100000, 0x0000000081100000|100%| O|  |TAMS 0x0000000081100000, 0x0000000081100000| Untracked 
|  17|0x0000000081100000, 0x0000000081200000, 0x0000000081200000|100%| O|  |TAMS 0x0000000081200000, 0x0000000081200000| Untracked 
|  18|0x0000000081200000, 0x0000000081300000, 0x0000000081300000|100%| O|  |TAMS 0x000000008125ee00, 0x0000000081300000| Untracked 
|  19|0x0000000081300000, 0x0000000081400000, 0x0000000081400000|100%| O|  |TAMS 0x0000000081300000, 0x0000000081400000| Untracked 
|  20|0x0000000081400000, 0x0000000081500000, 0x0000000081500000|100%| O|  |TAMS 0x0000000081400000, 0x0000000081500000| Untracked 
|  21|0x0000000081500000, 0x0000000081600000, 0x0000000081600000|100%| O|  |TAMS 0x0000000081500000, 0x0000000081600000| Untracked 
|  22|0x0000000081600000, 0x0000000081700000, 0x0000000081700000|100%| O|  |TAMS 0x0000000081600000, 0x0000000081700000| Untracked 
|  23|0x0000000081700000, 0x0000000081800000, 0x0000000081800000|100%| O|  |TAMS 0x0000000081700000, 0x0000000081800000| Untracked 
|  24|0x0000000081800000, 0x0000000081900000, 0x0000000081900000|100%| O|  |TAMS 0x0000000081800000, 0x0000000081900000| Untracked 
|  25|0x0000000081900000, 0x0000000081a00000, 0x0000000081a00000|100%| O|  |TAMS 0x0000000081900000, 0x0000000081a00000| Untracked 
|  26|0x0000000081a00000, 0x0000000081b00000, 0x0000000081b00000|100%|HS|  |TAMS 0x0000000081a00000, 0x0000000081b00000| Complete 
|  27|0x0000000081b00000, 0x0000000081c00000, 0x0000000081c00000|100%|HS|  |TAMS 0x0000000081b00000, 0x0000000081c00000| Complete 
|  28|0x0000000081c00000, 0x0000000081d00000, 0x0000000081d00000|100%|HS|  |TAMS 0x0000000081c00000, 0x0000000081d00000| Complete 
|  29|0x0000000081d00000, 0x0000000081e00000, 0x0000000081e00000|100%|HS|  |TAMS 0x0000000081d00000, 0x0000000081e00000| Complete 
|  30|0x0000000081e00000, 0x0000000081f00000, 0x0000000081f00000|100%|HC|  |TAMS 0x0000000081e00000, 0x0000000081f00000| Complete 
|  31|0x0000000081f00000, 0x0000000082000000, 0x0000000082000000|100%|HC|  |TAMS 0x0000000081f00000, 0x0000000082000000| Complete 
|  32|0x0000000082000000, 0x0000000082100000, 0x0000000082100000|100%|HS|  |TAMS 0x0000000082000000, 0x0000000082100000| Complete 
|  33|0x0000000082100000, 0x0000000082200000, 0x0000000082200000|100%|HC|  |TAMS 0x0000000082100000, 0x0000000082200000| Complete 
|  34|0x0000000082200000, 0x0000000082300000, 0x0000000082300000|100%| O|  |TAMS 0x0000000082200000, 0x0000000082300000| Untracked 
|  35|0x0000000082300000, 0x0000000082400000, 0x0000000082400000|100%| O|  |TAMS 0x0000000082300000, 0x0000000082400000| Untracked 
|  36|0x0000000082400000, 0x0000000082500000, 0x0000000082500000|100%| O|  |TAMS 0x0000000082400000, 0x0000000082500000| Untracked 
|  37|0x0000000082500000, 0x0000000082600000, 0x0000000082600000|100%| O|  |TAMS 0x0000000082500000, 0x0000000082600000| Untracked 
|  38|0x0000000082600000, 0x0000000082700000, 0x0000000082700000|100%| O|  |TAMS 0x0000000082600000, 0x0000000082700000| Untracked 
|  39|0x0000000082700000, 0x0000000082800000, 0x0000000082800000|100%| O|  |TAMS 0x0000000082700000, 0x0000000082800000| Untracked 
|  40|0x0000000082800000, 0x0000000082900000, 0x0000000082900000|100%| O|  |TAMS 0x0000000082800000, 0x0000000082900000| Untracked 
|  41|0x0000000082900000, 0x0000000082a00000, 0x0000000082a00000|100%| O|  |TAMS 0x0000000082900000, 0x0000000082a00000| Untracked 
|  42|0x0000000082a00000, 0x0000000082b00000, 0x0000000082b00000|100%| O|  |TAMS 0x0000000082a00000, 0x0000000082b00000| Untracked 
|  43|0x0000000082b00000, 0x0000000082c00000, 0x0000000082c00000|100%| O|  |TAMS 0x0000000082b00000, 0x0000000082c00000| Untracked 
|  44|0x0000000082c00000, 0x0000000082d00000, 0x0000000082d00000|100%| O|  |TAMS 0x0000000082c00000, 0x0000000082d00000| Untracked 
|  45|0x0000000082d00000, 0x0000000082e00000, 0x0000000082e00000|100%| O|  |TAMS 0x0000000082d00000, 0x0000000082e00000| Untracked 
|  46|0x0000000082e00000, 0x0000000082ed2c00, 0x0000000082f00000| 82%| O|  |TAMS 0x0000000082e00000, 0x0000000082ed2c00| Untracked 
|  47|0x0000000082f00000, 0x0000000082f00000, 0x0000000083000000|  0%| F|  |TAMS 0x0000000082f00000, 0x0000000082f00000| Untracked 
|  48|0x0000000083000000, 0x0000000083000000, 0x0000000083100000|  0%| F|  |TAMS 0x0000000083000000, 0x0000000083000000| Untracked 
|  49|0x0000000083100000, 0x0000000083100000, 0x0000000083200000|  0%| F|  |TAMS 0x0000000083100000, 0x0000000083100000| Untracked 
|  50|0x0000000083200000, 0x0000000083200000, 0x0000000083300000|  0%| F|  |TAMS 0x0000000083200000, 0x0000000083200000| Untracked 
|  51|0x0000000083300000, 0x0000000083300000, 0x0000000083400000|  0%| F|  |TAMS 0x0000000083300000, 0x0000000083300000| Untracked 
|  52|0x0000000083400000, 0x0000000083400000, 0x0000000083500000|  0%| F|  |TAMS 0x0000000083400000, 0x0000000083400000| Untracked 
|  53|0x0000000083500000, 0x0000000083500000, 0x0000000083600000|  0%| F|  |TAMS 0x0000000083500000, 0x0000000083500000| Untracked 
|  54|0x0000000083600000, 0x0000000083600000, 0x0000000083700000|  0%| F|  |TAMS 0x0000000083600000, 0x0000000083600000| Untracked 
|  55|0x0000000083700000, 0x0000000083700000, 0x0000000083800000|  0%| F|  |TAMS 0x0000000083700000, 0x0000000083700000| Untracked 
|  56|0x0000000083800000, 0x0000000083800000, 0x0000000083900000|  0%| F|  |TAMS 0x0000000083800000, 0x0000000083800000| Untracked 
|  57|0x0000000083900000, 0x0000000083900000, 0x0000000083a00000|  0%| F|  |TAMS 0x0000000083900000, 0x0000000083900000| Untracked 
|  58|0x0000000083a00000, 0x0000000083a00000, 0x0000000083b00000|  0%| F|  |TAMS 0x0000000083a00000, 0x0000000083a00000| Untracked 
|  59|0x0000000083b00000, 0x0000000083b00000, 0x0000000083c00000|  0%| F|  |TAMS 0x0000000083b00000, 0x0000000083b00000| Untracked 
|  60|0x0000000083c00000, 0x0000000083c00000, 0x0000000083d00000|  0%| F|  |TAMS 0x0000000083c00000, 0x0000000083c00000| Untracked 
|  61|0x0000000083d00000, 0x0000000083d00000, 0x0000000083e00000|  0%| F|  |TAMS 0x0000000083d00000, 0x0000000083d00000| Untracked 
|  62|0x0000000083e00000, 0x0000000083e00000, 0x0000000083f00000|  0%| F|  |TAMS 0x0000000083e00000, 0x0000000083e00000| Untracked 
|  63|0x0000000083f00000, 0x0000000083f00000, 0x0000000084000000|  0%| F|  |TAMS 0x0000000083f00000, 0x0000000083f00000| Untracked 
|  64|0x0000000084000000, 0x0000000084000000, 0x0000000084100000|  0%| F|  |TAMS 0x0000000084000000, 0x0000000084000000| Untracked 
|  65|0x0000000084100000, 0x0000000084100000, 0x0000000084200000|  0%| F|  |TAMS 0x0000000084100000, 0x0000000084100000| Untracked 
|  66|0x0000000084200000, 0x0000000084200000, 0x0000000084300000|  0%| F|  |TAMS 0x0000000084200000, 0x0000000084200000| Untracked 
|  67|0x0000000084300000, 0x0000000084300000, 0x0000000084400000|  0%| F|  |TAMS 0x0000000084300000, 0x0000000084300000| Untracked 
|  68|0x0000000084400000, 0x0000000084400000, 0x0000000084500000|  0%| F|  |TAMS 0x0000000084400000, 0x0000000084400000| Untracked 
|  69|0x0000000084500000, 0x0000000084500000, 0x0000000084600000|  0%| F|  |TAMS 0x0000000084500000, 0x0000000084500000| Untracked 
|  70|0x0000000084600000, 0x0000000084600000, 0x0000000084700000|  0%| F|  |TAMS 0x0000000084600000, 0x0000000084600000| Untracked 
|  71|0x0000000084700000, 0x0000000084700000, 0x0000000084800000|  0%| F|  |TAMS 0x0000000084700000, 0x0000000084700000| Untracked 
|  72|0x0000000084800000, 0x0000000084800000, 0x0000000084900000|  0%| F|  |TAMS 0x0000000084800000, 0x0000000084800000| Untracked 
|  73|0x0000000084900000, 0x0000000084900000, 0x0000000084a00000|  0%| F|  |TAMS 0x0000000084900000, 0x0000000084900000| Untracked 
|  74|0x0000000084a00000, 0x0000000084a00000, 0x0000000084b00000|  0%| F|  |TAMS 0x0000000084a00000, 0x0000000084a00000| Untracked 
|  75|0x0000000084b00000, 0x0000000084b00000, 0x0000000084c00000|  0%| F|  |TAMS 0x0000000084b00000, 0x0000000084b00000| Untracked 
|  76|0x0000000084c00000, 0x0000000084c00000, 0x0000000084d00000|  0%| F|  |TAMS 0x0000000084c00000, 0x0000000084c00000| Untracked 
|  77|0x0000000084d00000, 0x0000000084d00000, 0x0000000084e00000|  0%| F|  |TAMS 0x0000000084d00000, 0x0000000084d00000| Untracked 
|  78|0x0000000084e00000, 0x0000000084e00000, 0x0000000084f00000|  0%| F|  |TAMS 0x0000000084e00000, 0x0000000084e00000| Untracked 
|  79|0x0000000084f00000, 0x0000000084f00000, 0x0000000085000000|  0%| F|  |TAMS 0x0000000084f00000, 0x0000000084f00000| Untracked 
|  80|0x0000000085000000, 0x0000000085000000, 0x0000000085100000|  0%| F|  |TAMS 0x0000000085000000, 0x0000000085000000| Untracked 
|  81|0x0000000085100000, 0x0000000085100000, 0x0000000085200000|  0%| F|  |TAMS 0x0000000085100000, 0x0000000085100000| Untracked 
|  82|0x0000000085200000, 0x0000000085200000, 0x0000000085300000|  0%| F|  |TAMS 0x0000000085200000, 0x0000000085200000| Untracked 
|  83|0x0000000085300000, 0x0000000085300000, 0x0000000085400000|  0%| F|  |TAMS 0x0000000085300000, 0x0000000085300000| Untracked 
|  84|0x0000000085400000, 0x0000000085400000, 0x0000000085500000|  0%| F|  |TAMS 0x0000000085400000, 0x0000000085400000| Untracked 
|  85|0x0000000085500000, 0x0000000085500000, 0x0000000085600000|  0%| F|  |TAMS 0x0000000085500000, 0x0000000085500000| Untracked 
|  86|0x0000000085600000, 0x0000000085600000, 0x0000000085700000|  0%| F|  |TAMS 0x0000000085600000, 0x0000000085600000| Untracked 
|  87|0x0000000085700000, 0x0000000085700000, 0x0000000085800000|  0%| F|  |TAMS 0x0000000085700000, 0x0000000085700000| Untracked 
|  88|0x0000000085800000, 0x0000000085800000, 0x0000000085900000|  0%| F|  |TAMS 0x0000000085800000, 0x0000000085800000| Untracked 
|  89|0x0000000085900000, 0x0000000085900000, 0x0000000085a00000|  0%| F|  |TAMS 0x0000000085900000, 0x0000000085900000| Untracked 
|  90|0x0000000085a00000, 0x0000000085a00000, 0x0000000085b00000|  0%| F|  |TAMS 0x0000000085a00000, 0x0000000085a00000| Untracked 
|  91|0x0000000085b00000, 0x0000000085b00000, 0x0000000085c00000|  0%| F|  |TAMS 0x0000000085b00000, 0x0000000085b00000| Untracked 
|  92|0x0000000085c00000, 0x0000000085c00000, 0x0000000085d00000|  0%| F|  |TAMS 0x0000000085c00000, 0x0000000085c00000| Untracked 
|  93|0x0000000085d00000, 0x0000000085d00000, 0x0000000085e00000|  0%| F|  |TAMS 0x0000000085d00000, 0x0000000085d00000| Untracked 
|  94|0x0000000085e00000, 0x0000000085e00000, 0x0000000085f00000|  0%| F|  |TAMS 0x0000000085e00000, 0x0000000085e00000| Untracked 
|  95|0x0000000085f00000, 0x0000000085f00000, 0x0000000086000000|  0%| F|  |TAMS 0x0000000085f00000, 0x0000000085f00000| Untracked 
|  96|0x0000000086000000, 0x0000000086000000, 0x0000000086100000|  0%| F|  |TAMS 0x0000000086000000, 0x0000000086000000| Untracked 
|  97|0x0000000086100000, 0x0000000086100000, 0x0000000086200000|  0%| F|  |TAMS 0x0000000086100000, 0x0000000086100000| Untracked 
|  98|0x0000000086200000, 0x0000000086200000, 0x0000000086300000|  0%| F|  |TAMS 0x0000000086200000, 0x0000000086200000| Untracked 
|  99|0x0000000086300000, 0x0000000086300000, 0x0000000086400000|  0%| F|  |TAMS 0x0000000086300000, 0x0000000086300000| Untracked 
| 100|0x0000000086400000, 0x0000000086400000, 0x0000000086500000|  0%| F|  |TAMS 0x0000000086400000, 0x0000000086400000| Untracked 
| 101|0x0000000086500000, 0x0000000086500000, 0x0000000086600000|  0%| F|  |TAMS 0x0000000086500000, 0x0000000086500000| Untracked 
| 102|0x0000000086600000, 0x0000000086600000, 0x0000000086700000|  0%| F|  |TAMS 0x0000000086600000, 0x0000000086600000| Untracked 
| 103|0x0000000086700000, 0x0000000086700000, 0x0000000086800000|  0%| F|  |TAMS 0x0000000086700000, 0x0000000086700000| Untracked 
| 104|0x0000000086800000, 0x0000000086800000, 0x0000000086900000|  0%| F|  |TAMS 0x0000000086800000, 0x0000000086800000| Untracked 
| 105|0x0000000086900000, 0x0000000086900000, 0x0000000086a00000|  0%| F|  |TAMS 0x0000000086900000, 0x0000000086900000| Untracked 
| 106|0x0000000086a00000, 0x0000000086a00000, 0x0000000086b00000|  0%| F|  |TAMS 0x0000000086a00000, 0x0000000086a00000| Untracked 
| 107|0x0000000086b00000, 0x0000000086b00000, 0x0000000086c00000|  0%| F|  |TAMS 0x0000000086b00000, 0x0000000086b00000| Untracked 
| 108|0x0000000086c00000, 0x0000000086c00000, 0x0000000086d00000|  0%| F|  |TAMS 0x0000000086c00000, 0x0000000086c00000| Untracked 
| 109|0x0000000086d00000, 0x0000000086d00000, 0x0000000086e00000|  0%| F|  |TAMS 0x0000000086d00000, 0x0000000086d00000| Untracked 
| 110|0x0000000086e00000, 0x0000000086e00000, 0x0000000086f00000|  0%| F|  |TAMS 0x0000000086e00000, 0x0000000086e00000| Untracked 
| 111|0x0000000086f00000, 0x0000000086f00000, 0x0000000087000000|  0%| F|  |TAMS 0x0000000086f00000, 0x0000000086f00000| Untracked 
| 112|0x0000000087000000, 0x0000000087000000, 0x0000000087100000|  0%| F|  |TAMS 0x0000000087000000, 0x0000000087000000| Untracked 
| 113|0x0000000087100000, 0x0000000087100000, 0x0000000087200000|  0%| F|  |TAMS 0x0000000087100000, 0x0000000087100000| Untracked 
| 114|0x0000000087200000, 0x0000000087200000, 0x0000000087300000|  0%| F|  |TAMS 0x0000000087200000, 0x0000000087200000| Untracked 
| 115|0x0000000087300000, 0x0000000087300000, 0x0000000087400000|  0%| F|  |TAMS 0x0000000087300000, 0x0000000087300000| Untracked 
| 116|0x0000000087400000, 0x0000000087400000, 0x0000000087500000|  0%| F|  |TAMS 0x0000000087400000, 0x0000000087400000| Untracked 
| 117|0x0000000087500000, 0x0000000087500000, 0x0000000087600000|  0%| F|  |TAMS 0x0000000087500000, 0x0000000087500000| Untracked 
| 118|0x0000000087600000, 0x0000000087600000, 0x0000000087700000|  0%| F|  |TAMS 0x0000000087600000, 0x0000000087600000| Untracked 
| 119|0x0000000087700000, 0x0000000087700000, 0x0000000087800000|  0%| F|  |TAMS 0x0000000087700000, 0x0000000087700000| Untracked 
| 120|0x0000000087800000, 0x0000000087800000, 0x0000000087900000|  0%| F|  |TAMS 0x0000000087800000, 0x0000000087800000| Untracked 
| 121|0x0000000087900000, 0x00000000879eb790, 0x0000000087a00000| 91%| S|CS|TAMS 0x0000000087900000, 0x0000000087900000| Complete 
| 122|0x0000000087a00000, 0x0000000087b00000, 0x0000000087b00000|100%| S|CS|TAMS 0x0000000087a00000, 0x0000000087a00000| Complete 
| 123|0x0000000087b00000, 0x0000000087c00000, 0x0000000087c00000|100%| S|CS|TAMS 0x0000000087b00000, 0x0000000087b00000| Complete 
| 124|0x0000000087c00000, 0x0000000087c00000, 0x0000000087d00000|  0%| F|  |TAMS 0x0000000087c00000, 0x0000000087c00000| Untracked 
| 125|0x0000000087d00000, 0x0000000087d00000, 0x0000000087e00000|  0%| F|  |TAMS 0x0000000087d00000, 0x0000000087d00000| Untracked 
| 126|0x0000000087e00000, 0x0000000087e00000, 0x0000000087f00000|  0%| F|  |TAMS 0x0000000087e00000, 0x0000000087e00000| Untracked 
| 127|0x0000000087f00000, 0x0000000087f00000, 0x0000000088000000|  0%| F|  |TAMS 0x0000000087f00000, 0x0000000087f00000| Untracked 
| 128|0x0000000088000000, 0x0000000088000000, 0x0000000088100000|  0%| F|  |TAMS 0x0000000088000000, 0x0000000088000000| Untracked 
| 129|0x0000000088100000, 0x0000000088100000, 0x0000000088200000|  0%| F|  |TAMS 0x0000000088100000, 0x0000000088100000| Untracked 
| 130|0x0000000088200000, 0x0000000088200000, 0x0000000088300000|  0%| F|  |TAMS 0x0000000088200000, 0x0000000088200000| Untracked 
| 131|0x0000000088300000, 0x0000000088300000, 0x0000000088400000|  0%| F|  |TAMS 0x0000000088300000, 0x0000000088300000| Untracked 
| 132|0x0000000088400000, 0x0000000088400000, 0x0000000088500000|  0%| F|  |TAMS 0x0000000088400000, 0x0000000088400000| Untracked 
| 133|0x0000000088500000, 0x0000000088500000, 0x0000000088600000|  0%| F|  |TAMS 0x0000000088500000, 0x0000000088500000| Untracked 

Card table byte_map: [0x000001e6a4ef0000,0x000001e6a52f0000] _byte_map_base: 0x000001e6a4af0000

Marking Bits (Prev, Next): (CMBitMap*) 0x000001e69203c328, (CMBitMap*) 0x000001e69203c360
 Prev Bits: [0x000001e6a56f0000, 0x000001e6a76f0000)
 Next Bits: [0x000001e6a76f0000, 0x000001e6a96f0000)

Polling page: 0x000001e68fed0000

Metaspace:

Usage:
  Non-class:     50.86 MB capacity,    49.95 MB ( 98%) used,   770.89 KB (  1%) free+waste,   154.19 KB ( <1%) overhead. 
      Class:      7.80 MB capacity,     7.25 MB ( 93%) used,   486.55 KB (  6%) free+waste,    73.25 KB ( <1%) overhead. 
       Both:     58.65 MB capacity,    57.20 MB ( 98%) used,     1.23 MB (  2%) free+waste,   227.44 KB ( <1%) overhead. 

Virtual space:
  Non-class space:       52.00 MB reserved,      50.88 MB ( 98%) committed 
      Class space:        1.00 GB reserved,       7.88 MB ( <1%) committed 
             Both:        1.05 GB reserved,      58.75 MB (  5%) committed 

Chunk freelists:
   Non-Class:  18.00 KB
       Class:  16.00 KB
        Both:  34.00 KB

MaxMetaspaceSize: 17179869184.00 GB
CompressedClassSpaceSize: 1.00 GB

CodeHeap 'non-profiled nmethods': size=120064Kb used=3206Kb max_used=3206Kb free=116857Kb
 bounds [0x000001e69d5b0000, 0x000001e69d8e0000, 0x000001e6a4af0000]
CodeHeap 'profiled nmethods': size=120000Kb used=12287Kb max_used=12287Kb free=107713Kb
 bounds [0x000001e696080000, 0x000001e696c80000, 0x000001e69d5b0000]
CodeHeap 'non-nmethods': size=5696Kb used=2236Kb max_used=2277Kb free=3459Kb
 bounds [0x000001e695af0000, 0x000001e695d60000, 0x000001e696080000]
 total_blobs=6703 nmethods=5872 adapters=743
 compilation: enabled
              stopped_count=0, restarted_count=0
 full_count=0

Compilation events (20 events):
Event: 14.650 Thread 0x000001e6abbe8800 5894       3       sun.security.util.ManifestDigester$Entry::<init> (16 bytes)
Event: 14.651 Thread 0x000001e6abbe8800 nmethod 5894 0x000001e696c7ab90 code [0x000001e696c7ad80, 0x000001e696c7b178]
Event: 14.651 Thread 0x000001e6abbe8800 5895       3       sun.security.util.ManifestDigester$Section::<init> (26 bytes)
Event: 14.651 Thread 0x000001e6abbe8800 nmethod 5895 0x000001e696c7b310 code [0x000001e696c7b4c0, 0x000001e696c7b678]
Event: 14.651 Thread 0x000001e6abbe8800 5896       3       sun.security.util.ManifestDigester$Entry::addSection (13 bytes)
Event: 14.651 Thread 0x000001e6abbe8800 nmethod 5896 0x000001e696c7b710 code [0x000001e696c7b8c0, 0x000001e696c7ba88]
Event: 14.651 Thread 0x000001e6abbe8800 5897       3       sun.security.util.ManifestDigester::isNameAttr (102 bytes)
Event: 14.652 Thread 0x000001e6abbe8800 nmethod 5897 0x000001e696c7bb90 code [0x000001e696c7bd60, 0x000001e696c7c1b8]
Event: 14.652 Thread 0x000001e6abbe8800 5898       3       sun.security.util.ManifestDigester$$Lambda$614/0x00000001007bbc40::apply (8 bytes)
Event: 14.652 Thread 0x000001e6abbe8800 nmethod 5898 0x000001e696c7c310 code [0x000001e696c7c520, 0x000001e696c7cb18]
Event: 14.664 Thread 0x000001e6abbe7000 nmethod 5891 0x000001e69d8d0b10 code [0x000001e69d8d0ce0, 0x000001e69d8d1408]
Event: 14.664 Thread 0x000001e6abbe7000 5816       4       java.util.Arrays::binarySearch0 (95 bytes)
Event: 14.672 Thread 0x000001e6abbe8800 5899       3       sun.security.util.ObjectIdentifier::pack7Oid (42 bytes)
Event: 14.672 Thread 0x000001e6abbe8800 nmethod 5899 0x000001e696c7cd10 code [0x000001e696c7cec0, 0x000001e696c7d0a8]
Event: 14.672 Thread 0x000001e6abbe8800 5900       3       sun.security.util.ObjectIdentifier::pack (219 bytes)
Event: 14.673 Thread 0x000001e6abbe8800 nmethod 5900 0x000001e696c7d190 code [0x000001e696c7d380, 0x000001e696c7d988]
Event: 14.673 Thread 0x000001e6abbe8800 5901       3       sun.security.util.ObjectIdentifier::checkOtherComponent (39 bytes)
Event: 14.674 Thread 0x000001e6abbe8800 nmethod 5901 0x000001e696c7dc10 code [0x000001e696c7de80, 0x000001e696c7e768]
Event: 14.674 Thread 0x000001e6abbe8800 5902       3       sun.security.util.ObjectIdentifier::checkOidSize (51 bytes)
Event: 14.675 Thread 0x000001e6abbe8800 nmethod 5902 0x000001e696c7eb10 code [0x000001e696c7edc0, 0x000001e696c7f808]

GC Heap History (20 events):
Event: 4.153 GC heap after
{Heap after GC invocations=4 (full 0):
 garbage-first heap   total 94208K, used 15988K [0x0000000080000000, 0x0000000100000000)
  region size 1024K, 5 young (5120K), 5 survivors (5120K)
 Metaspace       used 17112K, capacity 17521K, committed 17792K, reserved 1064960K
  class space    used 1958K, capacity 2088K, committed 2176K, reserved 1048576K
}
Event: 4.681 GC heap before
{Heap before GC invocations=4 (full 0):
 garbage-first heap   total 94208K, used 46708K [0x0000000080000000, 0x0000000100000000)
  region size 1024K, 36 young (36864K), 5 survivors (5120K)
 Metaspace       used 20543K, capacity 21088K, committed 21248K, reserved 1067008K
  class space    used 2500K, capacity 2690K, committed 2816K, reserved 1048576K
}
Event: 4.692 GC heap after
{Heap after GC invocations=5 (full 0):
 garbage-first heap   total 113664K, used 17488K [0x0000000080000000, 0x0000000100000000)
  region size 1024K, 2 young (2048K), 2 survivors (2048K)
 Metaspace       used 20543K, capacity 21088K, committed 21248K, reserved 1067008K
  class space    used 2500K, capacity 2690K, committed 2816K, reserved 1048576K
}
Event: 5.746 GC heap before
{Heap before GC invocations=6 (full 0):
 garbage-first heap   total 113664K, used 60496K [0x0000000080000000, 0x0000000100000000)
  region size 1024K, 44 young (45056K), 2 survivors (2048K)
 Metaspace       used 24893K, capacity 25503K, committed 25728K, reserved 1071104K
  class space    used 3216K, capacity 3421K, committed 3456K, reserved 1048576K
}
Event: 5.751 GC heap after
{Heap after GC invocations=7 (full 0):
 garbage-first heap   total 113664K, used 18848K [0x0000000080000000, 0x0000000100000000)
  region size 1024K, 3 young (3072K), 3 survivors (3072K)
 Metaspace       used 24893K, capacity 25503K, committed 25728K, reserved 1071104K
  class space    used 3216K, capacity 3421K, committed 3456K, reserved 1048576K
}
Event: 7.544 GC heap before
{Heap before GC invocations=7 (full 0):
 garbage-first heap   total 113664K, used 82336K [0x0000000080000000, 0x0000000100000000)
  region size 1024K, 65 young (66560K), 3 survivors (3072K)
 Metaspace       used 34121K, capacity 34884K, committed 34944K, reserved 1079296K
  class space    used 4429K, capacity 4722K, committed 4736K, reserved 1048576K
}
Event: 7.562 GC heap after
{Heap after GC invocations=8 (full 0):
 garbage-first heap   total 113664K, used 22438K [0x0000000080000000, 0x0000000100000000)
  region size 1024K, 6 young (6144K), 6 survivors (6144K)
 Metaspace       used 34121K, capacity 34884K, committed 34944K, reserved 1079296K
  class space    used 4429K, capacity 4722K, committed 4736K, reserved 1048576K
}
Event: 7.711 GC heap before
{Heap before GC invocations=8 (full 0):
 garbage-first heap   total 113664K, used 25510K [0x0000000080000000, 0x0000000100000000)
  region size 1024K, 11 young (11264K), 6 survivors (6144K)
 Metaspace       used 35007K, capacity 35790K, committed 35840K, reserved 1081344K
  class space    used 4534K, capacity 4832K, committed 4864K, reserved 1048576K
}
Event: 7.725 GC heap after
{Heap after GC invocations=9 (full 0):
 garbage-first heap   total 113664K, used 23893K [0x0000000080000000, 0x0000000100000000)
  region size 1024K, 5 young (5120K), 5 survivors (5120K)
 Metaspace       used 35007K, capacity 35790K, committed 35840K, reserved 1081344K
  class space    used 4534K, capacity 4832K, committed 4864K, reserved 1048576K
}
Event: 8.797 GC heap before
{Heap before GC invocations=10 (full 0):
 garbage-first heap   total 113664K, used 65877K [0x0000000080000000, 0x0000000100000000)
  region size 1024K, 44 young (45056K), 5 survivors (5120K)
 Metaspace       used 38337K, capacity 39183K, committed 39296K, reserved 1083392K
  class space    used 4885K, capacity 5211K, committed 5248K, reserved 1048576K
}
Event: 8.811 GC heap after
{Heap after GC invocations=11 (full 0):
 garbage-first heap   total 113664K, used 26940K [0x0000000080000000, 0x0000000100000000)
  region size 1024K, 5 young (5120K), 5 survivors (5120K)
 Metaspace       used 38337K, capacity 39183K, committed 39296K, reserved 1083392K
  class space    used 4885K, capacity 5211K, committed 5248K, reserved 1048576K
}
Event: 9.758 GC heap before
{Heap before GC invocations=11 (full 0):
 garbage-first heap   total 113664K, used 68924K [0x0000000080000000, 0x0000000100000000)
  region size 1024K, 46 young (47104K), 5 survivors (5120K)
 Metaspace       used 41448K, capacity 42345K, committed 42624K, reserved 1085440K
  class space    used 5351K, capacity 5705K, committed 5760K, reserved 1048576K
}
Event: 9.769 GC heap after
{Heap after GC invocations=12 (full 0):
 garbage-first heap   total 137216K, used 27813K [0x0000000080000000, 0x0000000100000000)
  region size 1024K, 2 young (2048K), 2 survivors (2048K)
 Metaspace       used 41448K, capacity 42345K, committed 42624K, reserved 1085440K
  class space    used 5351K, capacity 5705K, committed 5760K, reserved 1048576K
}
Event: 11.420 GC heap before
{Heap before GC invocations=12 (full 0):
 garbage-first heap   total 137216K, used 85157K [0x0000000080000000, 0x0000000100000000)
  region size 1024K, 58 young (59392K), 2 survivors (2048K)
 Metaspace       used 46188K, capacity 47338K, committed 47616K, reserved 1091584K
  class space    used 5902K, capacity 6345K, committed 6400K, reserved 1048576K
}
Event: 11.433 GC heap after
{Heap after GC invocations=13 (full 0):
 garbage-first heap   total 137216K, used 30885K [0x0000000080000000, 0x0000000100000000)
  region size 1024K, 5 young (5120K), 5 survivors (5120K)
 Metaspace       used 46188K, capacity 47338K, committed 47616K, reserved 1091584K
  class space    used 5902K, capacity 6345K, committed 6400K, reserved 1048576K
}
Event: 12.990 GC heap before
{Heap before GC invocations=13 (full 0):
 garbage-first heap   total 137216K, used 96421K [0x0000000080000000, 0x0000000100000000)
  region size 1024K, 62 young (63488K), 5 survivors (5120K)
 Metaspace       used 49810K, capacity 51122K, committed 51200K, reserved 1093632K
  class space    used 6333K, capacity 6842K, committed 6912K, reserved 1048576K
}
Event: 13.006 GC heap after
{Heap after GC invocations=14 (full 0):
 garbage-first heap   total 137216K, used 47656K [0x0000000080000000, 0x0000000100000000)
  region size 1024K, 8 young (8192K), 8 survivors (8192K)
 Metaspace       used 49810K, capacity 51122K, committed 51200K, reserved 1093632K
  class space    used 6333K, capacity 6842K, committed 6912K, reserved 1048576K
}
Event: 14.268 GC heap before
{Heap before GC invocations=14 (full 0):
 garbage-first heap   total 137216K, used 96808K [0x0000000080000000, 0x0000000100000000)
  region size 1024K, 56 young (57344K), 8 survivors (8192K)
 Metaspace       used 56682K, capacity 58165K, committed 58496K, reserved 1099776K
  class space    used 7196K, capacity 7714K, committed 7808K, reserved 1048576K
}
Event: 14.280 GC heap after
{Heap after GC invocations=15 (full 0):
 garbage-first heap   total 137216K, used 49995K [0x0000000080000000, 0x0000000100000000)
  region size 1024K, 2 young (2048K), 2 survivors (2048K)
 Metaspace       used 56682K, capacity 58165K, committed 58496K, reserved 1099776K
  class space    used 7196K, capacity 7714K, committed 7808K, reserved 1048576K
}
Event: 14.686 GC heap before
{Heap before GC invocations=15 (full 0):
 garbage-first heap   total 137216K, used 59211K [0x0000000080000000, 0x0000000100000000)
  region size 1024K, 12 young (12288K), 2 survivors (2048K)
 Metaspace       used 58577K, capacity 60062K, committed 60160K, reserved 1101824K
  class space    used 7424K, capacity 7984K, committed 8064K, reserved 1048576K
}

Deoptimization events (20 events):
Event: 14.280 Thread 0x000001e6ac6b9800 Uncommon trap: trap_request=0xffffffde fr.pc=0x000001e69d6eaaec relative=0x000000000000052c
Event: 14.280 Thread 0x000001e6ac6b9800 Uncommon trap: reason=class_check action=maybe_recompile pc=0x000001e69d6eaaec method=jdk.internal.ref.PhantomCleanable.clean()V @ 12 c2
Event: 14.280 Thread 0x000001e6ac6b9800 DEOPT PACKING pc=0x000001e69d6eaaec sp=0x0000001b85afee20
Event: 14.283 Thread 0x000001e6ac6b9800 DEOPT UNPACKING pc=0x000001e695b16a29 sp=0x0000001b85afee00 mode 2
Event: 14.373 Thread 0x000001e6ade02000 Uncommon trap: trap_request=0xffffff7e fr.pc=0x000001e69d85aa88 relative=0x0000000000000148
Event: 14.373 Thread 0x000001e6ade02000 Uncommon trap: reason=predicate action=maybe_recompile pc=0x000001e69d85aa88 method=java.util.Arrays.binarySearch0([Ljava/lang/Object;IILjava/lang/Object;Ljava/util/Comparator;)I @ 25 c2
Event: 14.373 Thread 0x000001e6ade02000 DEOPT PACKING pc=0x000001e69d85aa88 sp=0x0000001b863f3a40
Event: 14.373 Thread 0x000001e6ade02000 DEOPT UNPACKING pc=0x000001e695b16a29 sp=0x0000001b863f39a8 mode 2
Event: 14.627 Thread 0x000001e6ade02000 Uncommon trap: trap_request=0xffffff4d fr.pc=0x000001e69d78a34c relative=0x0000000000005c2c
Event: 14.627 Thread 0x000001e6ade02000 Uncommon trap: reason=unstable_if action=reinterpret pc=0x000001e69d78a34c method=java.util.jar.JarFile.maybeInstantiateVerifier()V @ 4 c2
Event: 14.627 Thread 0x000001e6ade02000 DEOPT PACKING pc=0x000001e69d78a34c sp=0x0000001b863f4e00
Event: 14.627 Thread 0x000001e6ade02000 DEOPT UNPACKING pc=0x000001e695b16a29 sp=0x0000001b863f4b90 mode 2
Event: 14.631 Thread 0x000001e6ade02000 Uncommon trap: trap_request=0xffffff4d fr.pc=0x000001e69d7a53d4 relative=0x00000000000066b4
Event: 14.631 Thread 0x000001e6ade02000 Uncommon trap: reason=unstable_if action=reinterpret pc=0x000001e69d7a53d4 method=java.util.jar.JarFile.maybeInstantiateVerifier()V @ 91 c2
Event: 14.631 Thread 0x000001e6ade02000 DEOPT PACKING pc=0x000001e69d7a53d4 sp=0x0000001b863f4d30
Event: 14.631 Thread 0x000001e6ade02000 DEOPT UNPACKING pc=0x000001e695b16a29 sp=0x0000001b863f4b20 mode 2
Event: 14.655 Thread 0x000001e6ade02000 Uncommon trap: trap_request=0xffffff4d fr.pc=0x000001e69d8b249c relative=0x000000000000033c
Event: 14.655 Thread 0x000001e6ade02000 Uncommon trap: reason=unstable_if action=reinterpret pc=0x000001e69d8b249c method=java.lang.ThreadLocal.get()Ljava/lang/Object; @ 11 c2
Event: 14.656 Thread 0x000001e6ade02000 DEOPT PACKING pc=0x000001e69d8b249c sp=0x0000001b863f4800
Event: 14.656 Thread 0x000001e6ade02000 DEOPT UNPACKING pc=0x000001e695b16a29 sp=0x0000001b863f47c0 mode 2

Classes redefined (0 events):
No events

Internal exceptions (20 events):
Event: 12.522 Thread 0x000001e6adeec800 Exception <a 'java/lang/NoSuchMethodError'{0x0000000085d27110}: <clinit>> (0x0000000085d27110) thrown at [./src/hotspot/share/prims/jni.cpp, line 1362]
Event: 12.523 Thread 0x000001e6adeec800 Exception <a 'java/lang/NoSuchMethodError'{0x0000000085d28130}: <clinit>> (0x0000000085d28130) thrown at [./src/hotspot/share/prims/jni.cpp, line 1362]
Event: 12.524 Thread 0x000001e6adeec800 Exception <a 'java/lang/NoSuchMethodError'{0x0000000085d32230}: <clinit>> (0x0000000085d32230) thrown at [./src/hotspot/share/prims/jni.cpp, line 1362]
Event: 12.525 Thread 0x000001e6adeec800 Exception <a 'java/lang/NoSuchMethodError'{0x0000000085d3c480}: <clinit>> (0x0000000085d3c480) thrown at [./src/hotspot/share/prims/jni.cpp, line 1362]
Event: 12.530 Thread 0x000001e6adeec800 Exception <a 'java/lang/NoSuchMethodError'{0x0000000085d50960}: <clinit>> (0x0000000085d50960) thrown at [./src/hotspot/share/prims/jni.cpp, line 1362]
Event: 12.559 Thread 0x000001e6ade02000 Exception <a 'java/lang/ClassNotFoundException'{0x0000000085dcf820}: build_5v8auhxzd7d27lhodvncj7461BeanInfo> (0x0000000085dcf820) thrown at [./src/hotspot/share/classfile/systemDictionary.cpp, line 231]
Event: 12.560 Thread 0x000001e6ade02000 Exception <a 'java/lang/ClassNotFoundException'{0x0000000085dda748}: build_5v8auhxzd7d27lhodvncj7461Customizer> (0x0000000085dda748) thrown at [./src/hotspot/share/classfile/systemDictionary.cpp, line 231]
Event: 12.603 Thread 0x000001e6ade02000 Exception <a 'java/lang/ClassNotFoundException'{0x0000000085c5c010}: org/gradle/plugin/use/internal/PluginRequestCollector$PluginDependenciesSpecImplBeanInfo> (0x0000000085c5c010) thrown at [./src/hotspot/share/classfile/systemDictionary.cpp, line 231]
Event: 12.605 Thread 0x000001e6ade02000 Exception <a 'java/lang/ClassNotFoundException'{0x0000000085c8a100}: org/gradle/plugin/use/internal/PluginRequestCollector$PluginDependenciesSpecImplCustomizer> (0x0000000085c8a100) thrown at [./src/hotspot/share/classfile/systemDictionary.cpp, line 231]
Event: 12.683 Thread 0x000001e6ade02000 Exception <a 'java/lang/ClassNotFoundException'{0x000000008596d3d8}: org/gradle/api/internal/plugins/DefaultObjectConfigurationActionBeanInfo> (0x000000008596d3d8) thrown at [./src/hotspot/share/classfile/systemDictionary.cpp, line 231]
Event: 12.686 Thread 0x000001e6ade02000 Exception <a 'java/lang/ClassNotFoundException'{0x00000000859a2058}: org/gradle/api/internal/plugins/DefaultObjectConfigurationActionCustomizer> (0x00000000859a2058) thrown at [./src/hotspot/share/classfile/systemDictionary.cpp, line 231]
Event: 12.927 Thread 0x000001e6ade02000 Exception <a 'java/lang/NoSuchMethodError'{0x0000000084f8c4d8}: 'java.lang.Object java.lang.invoke.DirectMethodHandle$Holder.invokeStatic(java.lang.Object, java.lang.Object, java.lang.Object, java.lang.Object, int)'> (0x0000000084f8c4d8) thrown at [./src/hotspot/share/interpreter/linkResolver.cpp, line 773]
Event: 12.928 Thread 0x000001e6ade02000 Exception <a 'java/lang/NoSuchMethodError'{0x0000000084f90ed0}: 'java.lang.Object java.lang.invoke.DirectMethodHandle$Holder.invokeSpecial(java.lang.Object, java.lang.Object, java.lang.Object, java.lang.Object, java.lang.Object, int)'> (0x0000000084f90ed0) thrown at [./src/hotspot/share/interpreter/linkResolver.cpp, line 773]
Event: 12.928 Thread 0x000001e6ade02000 Exception <a 'java/lang/NoSuchMethodError'{0x0000000084f95510}: 'java.lang.Object java.lang.invoke.Invokers$Holder.linkToTargetMethod(java.lang.Object, java.lang.Object, java.lang.Object, int, java.lang.Object)'> (0x0000000084f95510) thrown at [./src/hotspot/share/interpreter/linkResolver.cpp, line 773]
Event: 13.316 Thread 0x000001e6ade02000 Exception <a 'java/lang/NoSuchMethodError'{0x00000000879419b0}: 'java.lang.Object java.lang.invoke.DirectMethodHandle$Holder.invokeSpecial(java.lang.Object, java.lang.Object, int, int, java.lang.Object, java.lang.Object, java.lang.Object)'> (0x00000000879419b0) thrown at [./src/hotspot/share/interpreter/linkResolver.cpp, line 773]
Event: 13.316 Thread 0x000001e6ade02000 Exception <a 'java/lang/NoSuchMethodError'{0x0000000087946198}: 'java.lang.Object java.lang.invoke.DelegatingMethodHandle$Holder.reinvoke_L(java.lang.Object, int, int, java.lang.Object, java.lang.Object, java.lang.Object)'> (0x0000000087946198) thrown at [./src/hotspot/share/interpreter/linkResolver.cpp, line 773]
Event: 13.638 Thread 0x000001e6ade02000 Exception <a 'java/lang/NoSuchMethodError'{0x0000000086d32138}: 'int java.lang.invoke.DirectMethodHandle$Holder.invokeInterface(java.lang.Object, java.lang.Object, java.lang.Object, java.lang.Object)'> (0x0000000086d32138) thrown at [./src/hotspot/share/interpreter/linkResolver.cpp, line 773]
Event: 14.059 Thread 0x000001e6ade02000 Exception <a 'java/lang/NoSuchMethodError'{0x0000000085d4e1b8}: 'void java.lang.invoke.DirectMethodHandle$Holder.invokeInterface(java.lang.Object, java.lang.Object, java.lang.Object, java.lang.Object)'> (0x0000000085d4e1b8) thrown at [./src/hotspot/share/interpreter/linkResolver.cpp, line 773]
Event: 14.351 Thread 0x000001e6ade02000 Exception <a 'java/lang/IncompatibleClassChangeError'{0x00000000885780e8}: Found class java.lang.Object, but interface was expected> (0x00000000885780e8) thrown at [./src/hotspot/share/interpreter/linkResolver.cpp, line 839]
Event: 14.655 Thread 0x000001e6ade02000 Implicit null exception at 0x000001e69d8b21ab to 0x000001e69d8b2488

Events (20 events):
Event: 14.679 Executing VM operation: Deoptimize
Event: 14.681 Executing VM operation: Deoptimize done
Event: 14.681 loading class sun/security/util/Cache$EqualByteArray
Event: 14.681 loading class sun/security/util/Cache$EqualByteArray done
Event: 14.681 loading class sun/security/x509/X509CertImpl
Event: 14.683 loading class sun/security/x509/X509CertImpl done
Event: 14.684 loading class sun/security/x509/X509CertInfo
Event: 14.684 loading class sun/security/x509/CertAttrSet
Event: 14.684 loading class sun/security/x509/CertAttrSet done
Event: 14.684 loading class sun/security/x509/X509CertInfo done
Event: 14.684 loading class sun/security/x509/CertificateVersion
Event: 14.685 loading class sun/security/x509/CertificateVersion done
Event: 14.685 loading class sun/security/x509/CertificateSerialNumber
Event: 14.685 loading class sun/security/x509/CertificateSerialNumber done
Event: 14.685 loading class sun/security/x509/SerialNumber
Event: 14.685 loading class sun/security/x509/SerialNumber done
Event: 14.685 loading class sun/security/x509/CertificateAlgorithmId
Event: 14.685 loading class sun/security/x509/CertificateAlgorithmId done
Event: 14.686 loading class sun/security/x509/X500Name
Event: 14.686 Executing VM operation: CollectForMetadataAllocation


Dynamic libraries:
0x00007ff7ce570000 - 0x00007ff7ce57a000 	C:\Program Files\Android\Android Studio\jre\bin\java.exe
0x00007ffeff090000 - 0x00007ffeff285000 	C:\Windows\SYSTEM32\ntdll.dll
0x00007ffefe8d0000 - 0x00007ffefe98e000 	C:\Windows\System32\KERNEL32.DLL
0x00007ffefce10000 - 0x00007ffefd0d9000 	C:\Windows\System32\KERNELBASE.dll
0x00007ffefc7b0000 - 0x00007ffefc8b0000 	C:\Windows\System32\ucrtbase.dll
0x00007ffef16b0000 - 0x00007ffef16c7000 	C:\Program Files\Android\Android Studio\jre\bin\VCRUNTIME140.dll
0x00007ffef1690000 - 0x00007ffef16a9000 	C:\Program Files\Android\Android Studio\jre\bin\jli.dll
0x00007ffefee10000 - 0x00007ffefefb1000 	C:\Windows\System32\USER32.dll
0x00007ffef12b0000 - 0x00007ffef154a000 	C:\Windows\WinSxS\amd64_microsoft.windows.common-controls_6595b64144ccf1df_6.0.19041.1110_none_60b5254171f9507e\COMCTL32.dll
0x00007ffefccd0000 - 0x00007ffefccf2000 	C:\Windows\System32\win32u.dll
0x00007ffefe7d0000 - 0x00007ffefe86e000 	C:\Windows\System32\msvcrt.dll
0x00007ffefd610000 - 0x00007ffefd63b000 	C:\Windows\System32\GDI32.dll
0x00007ffefcd00000 - 0x00007ffefce0b000 	C:\Windows\System32\gdi32full.dll
0x00007ffefc960000 - 0x00007ffefc9fd000 	C:\Windows\System32\msvcp_win.dll
0x00007ffefdae0000 - 0x00007ffefdb10000 	C:\Windows\System32\IMM32.DLL
0x00007ffecffd0000 - 0x00007ffed006d000 	C:\Program Files\Android\Android Studio\jre\bin\msvcp140.dll
0x00007ffebe620000 - 0x00007ffebf0ef000 	C:\Program Files\Android\Android Studio\jre\bin\server\jvm.dll
0x00007ffefd0e0000 - 0x00007ffefd18c000 	C:\Windows\System32\ADVAPI32.dll
0x00007ffefed70000 - 0x00007ffefee0b000 	C:\Windows\System32\sechost.dll
0x00007ffefd9b0000 - 0x00007ffefdada000 	C:\Windows\System32\RPCRT4.dll
0x00007ffefd930000 - 0x00007ffefd938000 	C:\Windows\System32\PSAPI.DLL
0x00007ffef8360000 - 0x00007ffef8369000 	C:\Windows\SYSTEM32\WSOCK32.dll
0x00007ffefeb60000 - 0x00007ffefebcb000 	C:\Windows\System32\WS2_32.dll
0x00007ffedf9f0000 - 0x00007ffedfa17000 	C:\Windows\SYSTEM32\WINMM.dll
0x00007ffef1bb0000 - 0x00007ffef1bba000 	C:\Windows\SYSTEM32\VERSION.dll
0x00007ffefa6d0000 - 0x00007ffefa6e2000 	C:\Windows\SYSTEM32\kernel.appcore.dll
0x00007ffeedfe0000 - 0x00007ffeedff1000 	C:\Program Files\Android\Android Studio\jre\bin\verify.dll
0x00007ffed8200000 - 0x00007ffed83e4000 	C:\Windows\SYSTEM32\DBGHELP.DLL
0x00007ffeda140000 - 0x00007ffeda16c000 	C:\Windows\SYSTEM32\dbgcore.DLL
0x00007ffefca80000 - 0x00007ffefcb03000 	C:\Windows\System32\bcryptPrimitives.dll
0x00007ffedefd0000 - 0x00007ffedeff9000 	C:\Program Files\Android\Android Studio\jre\bin\java.dll
0x00007ffef8350000 - 0x00007ffef835b000 	C:\Program Files\Android\Android Studio\jre\bin\jimage.dll
0x00007ffedb2c0000 - 0x00007ffedb2d8000 	C:\Program Files\Android\Android Studio\jre\bin\zip.dll
0x00007ffefe090000 - 0x00007ffefe7cf000 	C:\Windows\System32\SHELL32.dll
0x00007ffefa8d0000 - 0x00007ffefb060000 	C:\Windows\SYSTEM32\windows.storage.dll
0x00007ffefdc00000 - 0x00007ffefdf55000 	C:\Windows\System32\combase.dll
0x00007ffefc130000 - 0x00007ffefc15c000 	C:\Windows\SYSTEM32\Wldp.dll
0x00007ffefd7f0000 - 0x00007ffefd89d000 	C:\Windows\System32\SHCORE.dll
0x00007ffefecb0000 - 0x00007ffefed05000 	C:\Windows\System32\shlwapi.dll
0x00007ffefc6f0000 - 0x00007ffefc70f000 	C:\Windows\SYSTEM32\profapi.dll
0x00007ffed9de0000 - 0x00007ffed9dfa000 	C:\Program Files\Android\Android Studio\jre\bin\net.dll
0x00007ffef4490000 - 0x00007ffef4598000 	C:\Windows\SYSTEM32\WINHTTP.dll
0x00007ffefbe90000 - 0x00007ffefbefa000 	C:\Windows\system32\mswsock.dll
0x00007ffed99a0000 - 0x00007ffed99b4000 	C:\Program Files\Android\Android Studio\jre\bin\nio.dll
0x00007ffef16d0000 - 0x00007ffef16f7000 	C:\Users\MARIA TERESA\.gradle\native\8bec1ad78214c89d9ad589b4d07fe93259594b29d510b10fafb7a158f7737e5d\windows-amd64\native-platform.dll
0x00007ffecdc80000 - 0x00007ffecddbd000 	C:\Users\MARIA TERESA\.gradle\native\53dbd7edfb1c66fb8903c78663c9afc45aea4f116125fa6feffd364cf09443e8\windows-amd64\native-platform-file-events.dll
0x00007ffef3070000 - 0x00007ffef307a000 	C:\Program Files\Android\Android Studio\jre\bin\management.dll
0x00007ffef2d80000 - 0x00007ffef2d8c000 	C:\Program Files\Android\Android Studio\jre\bin\management_ext.dll
0x00007ffefc080000 - 0x00007ffefc098000 	C:\Windows\SYSTEM32\CRYPTSP.dll
0x00007ffefb810000 - 0x00007ffefb844000 	C:\Windows\system32\rsaenh.dll
0x00007ffefca00000 - 0x00007ffefca27000 	C:\Windows\System32\bcrypt.dll
0x00007ffefc6b0000 - 0x00007ffefc6de000 	C:\Windows\SYSTEM32\USERENV.dll
0x00007ffefc0a0000 - 0x00007ffefc0ac000 	C:\Windows\SYSTEM32\CRYPTBASE.dll
0x00007ffefbb80000 - 0x00007ffefbbbb000 	C:\Windows\SYSTEM32\IPHLPAPI.DLL
0x00007ffefd9a0000 - 0x00007ffefd9a8000 	C:\Windows\System32\NSI.dll
0x00007ffef6c00000 - 0x00007ffef6c17000 	C:\Windows\SYSTEM32\dhcpcsvc6.DLL
0x00007ffef6bc0000 - 0x00007ffef6bdd000 	C:\Windows\SYSTEM32\dhcpcsvc.DLL
0x00007ffefbbc0000 - 0x00007ffefbc8c000 	C:\Windows\SYSTEM32\DNSAPI.dll

dbghelp: loaded successfully - version: 4.0.5 - missing functions: none
symbol engine: initialized successfully - sym options: 0x614 - pdb path: .;C:\Program Files\Android\Android Studio\jre\bin;C:\Windows\SYSTEM32;C:\Windows\WinSxS\amd64_microsoft.windows.common-controls_6595b64144ccf1df_6.0.19041.1110_none_60b5254171f9507e;C:\Program Files\Android\Android Studio\jre\bin\server;C:\Users\MARIA TERESA\.gradle\native\8bec1ad78214c89d9ad589b4d07fe93259594b29d510b10fafb7a158f7737e5d\windows-amd64;C:\Users\MARIA TERESA\.gradle\native\53dbd7edfb1c66fb8903c78663c9afc45aea4f116125fa6feffd364cf09443e8\windows-amd64

VM Arguments:
jvm_args: --add-opens=java.base/java.util=ALL-UNNAMED --add-opens=java.base/java.lang=ALL-UNNAMED --add-opens=java.base/java.lang.invoke=ALL-UNNAMED --add-opens=java.base/java.util=ALL-UNNAMED --add-opens=java.prefs/java.util.prefs=ALL-UNNAMED --add-opens=java.prefs/java.util.prefs=ALL-UNNAMED --add-opens=java.base/java.nio.charset=ALL-UNNAMED --add-opens=java.base/java.net=ALL-UNNAMED --add-opens=java.base/java.util.concurrent.atomic=ALL-UNNAMED -Xmx2048m -Dfile.encoding=UTF-8 -Duser.country=CO -Duser.language=es -Duser.variant 
java_command: org.gradle.launcher.daemon.bootstrap.GradleDaemon 7.0.2
java_class_path (initial): C:\Users\MARIA TERESA\.gradle\wrapper\dists\gradle-7.0.2-bin\857tjihv64xamwrf0h14cai3r\gradle-7.0.2\lib\gradle-launcher-7.0.2.jar
Launcher Type: SUN_STANDARD

[Global flags]
     intx CICompilerCount                          = 3                                         {product} {ergonomic}
     uint ConcGCThreads                            = 1                                         {product} {ergonomic}
     uint G1ConcRefinementThreads                  = 4                                         {product} {ergonomic}
   size_t G1HeapRegionSize                         = 1048576                                   {product} {ergonomic}
    uintx GCDrainStackTargetSize                   = 64                                        {product} {ergonomic}
   size_t InitialHeapSize                          = 96468992                                  {product} {ergonomic}
   size_t MarkStackSize                            = 4194304                                   {product} {ergonomic}
   size_t MaxHeapSize                              = 2147483648                                {product} {command line}
   size_t MaxNewSize                               = 1287651328                                {product} {ergonomic}
   size_t MinHeapDeltaBytes                        = 1048576                                   {product} {ergonomic}
    uintx NonNMethodCodeHeapSize                   = 5830732                                {pd product} {ergonomic}
    uintx NonProfiledCodeHeapSize                  = 122913754                              {pd product} {ergonomic}
    uintx ProfiledCodeHeapSize                     = 122913754                              {pd product} {ergonomic}
    uintx ReservedCodeCacheSize                    = 251658240                              {pd product} {ergonomic}
     bool SegmentedCodeCache                       = true                                      {product} {ergonomic}
     bool UseCompressedClassPointers               = true                                 {lp64_product} {ergonomic}
     bool UseCompressedOops                        = true                                 {lp64_product} {ergonomic}
     bool UseG1GC                                  = true                                      {product} {ergonomic}
     bool UseLargePagesIndividualAllocation        = false                                  {pd product} {ergonomic}

Logging:
Log output configuration:
 #0: stdout all=warning uptime,level,tags
 #1: stderr all=off uptime,level,tags

Environment Variables:
PATH=C:\Program Files\Common Files\Oracle\Java\javapath;C:\Program Files\Microsoft MPI\Bin\;C:\Windows\system32;C:\Windows;C:\Windows\System32\Wbem;C:\Windows\System32\WindowsPowerShell\v1.0\;C:\Windows\System32\OpenSSH\;C:\Program Files\Azure Data Studio\bin;C:\Program Files (x86)\Microsoft SQL Server\150\Tools\Binn\;C:\Program Files\Microsoft SQL Server\150\Tools\Binn\;C:\Program Files (x86)\Microsoft SQL Server\150\DTS\Binn\;C:\Program Files\Microsoft SQL Server\150\DTS\Binn\;C:\Program Files\Microsoft SQL Server\Client SDK\ODBC\170\Tools\Binn\;C:\Program Files\dotnet\;C:\Program Files\Git\cmd;C:\Users\MARIA TERESA\AppData\Local\Microsoft\WindowsApps;;C:\Users\MARIA TERESA\AppData\Local\Programs\Microsoft VS Code\bin;C:\Program Files\Azure Data Studio\bin;C:\Users\MARIA TERESA\.dotnet\tools
USERNAME=MARIA TERESA
OS=Windows_NT
PROCESSOR_IDENTIFIER=Intel64 Family 6 Model 37 Stepping 2, GenuineIntel



---------------  S Y S T E M  ---------------

OS: Windows 10 , 64 bit Build 19041 (10.0.19041.1202)
OS uptime: 12 days 10:58 hours

CPU:total 4 (initial active 4) (2 cores per cpu, 2 threads per core) family 6 model 37 stepping 2 microcode 0x11, cmov, cx8, fxsr, mmx, sse, sse2, sse3, ssse3, sse4.1, sse4.2, popcnt, ht, tsc, tscinvbit

Memory: 4k page, system-wide physical 5879M (664M free)
TotalPageFile size 5879M (AvailPageFile size 27M)
current process WorkingSet (physical memory assigned to process): 323M, peak: 326M
current process commit charge ("private bytes"): 353M, peak: 380M

vm_info: OpenJDK 64-Bit Server VM (11.0.10+0-b96-7249189) for windows-amd64 JRE (11.0.10+0-b96-7249189), built on Mar 31 2021 21:44:00 by "builder" with MS VC++ 14.0 (VS2015)

END.
