#
# There is insufficient memory for the Java Runtime Environment to continue.
# Native memory allocation (mmap) failed to map 19922944 bytes for Failed to commit area from 0x0000000085c00000 to 0x0000000086f00000 of length 19922944.
# Possible reasons:
#   The system is out of physical RAM or swap space
#   The process is running with CompressedOops enabled, and the Java Heap may be blocking the growth of the native heap
# Possible solutions:
#   Reduce memory load on the system
#   Increase physical memory or swap space
#   Check if swap backing store is full
#   Decrease Java heap size (-Xmx/-Xms)
#   Decrease number of Java threads
#   Decrease Java thread stack sizes (-Xss)
#   Set larger code cache with -XX:ReservedCodeCacheSize=
#   JVM is running with Unscaled Compressed Oops mode in which the Java heap is
#     placed in the first 4GB address space. The Java Heap base address is the
#     maximum limit for the native heap growth. Please use -XX:HeapBaseMinAddress
#     to set the Java Heap base and to place the Java Heap above 4GB virtual address.
# This output file may be truncated or incomplete.
#
#  Out of Memory Error (./src/hotspot/os/windows/os_windows.cpp:3301), pid=2804, tid=9572
#
# JRE version: OpenJDK Runtime Environment (11.0.10) (build 11.0.10+0-b96-7249189)
# Java VM: OpenJDK 64-Bit Server VM (11.0.10+0-b96-7249189, mixed mode, tiered, compressed oops, g1 gc, windows-amd64)
# No core dump will be written. Minidumps are not enabled by default on client versions of Windows
#

---------------  S U M M A R Y ------------

Command Line: --add-opens=java.base/java.util=ALL-UNNAMED --add-opens=java.base/java.lang=ALL-UNNAMED --add-opens=java.base/java.lang.invoke=ALL-UNNAMED --add-opens=java.base/java.util=ALL-UNNAMED --add-opens=java.prefs/java.util.prefs=ALL-UNNAMED --add-opens=java.prefs/java.util.prefs=ALL-UNNAMED --add-opens=java.base/java.nio.charset=ALL-UNNAMED --add-opens=java.base/java.net=ALL-UNNAMED --add-opens=java.base/java.util.concurrent.atomic=ALL-UNNAMED -Xmx2048m -Dfile.encoding=UTF-8 -Duser.country=CO -Duser.language=es -Duser.variant org.gradle.launcher.daemon.bootstrap.GradleDaemon 7.0.2

Host: Intel(R) Core(TM) i3 CPU         540  @ 3.07GHz, 4 cores, 5G,  Windows 10 , 64 bit Build 19041 (10.0.19041.1348)
Time: Thu Nov 18 20:36:44 2021 Hora est. Pacífico, Sudamérica elapsed time: 9.691501 seconds (0d 0h 0m 9s)

---------------  T H R E A D  ---------------

Current thread (0x000001391a5cb000):  VMThread "VM Thread" [stack: 0x0000003551b00000,0x0000003551c00000] [id=9572]

Stack: [0x0000003551b00000,0x0000003551c00000]
[error occurred during error reporting (printing stack bounds), id 0xc0000005, EXCEPTION_ACCESS_VIOLATION (0xc0000005) at pc=0x0000013904e20f3d]

Native frames: (J=compiled Java code, j=interpreted, Vv=VM code, C=native code)
V  [jvm.dll+0x5ecfaa]
V  [jvm.dll+0x722bd5]
V  [jvm.dll+0x72412d]
V  [jvm.dll+0x724745]
V  [jvm.dll+0x7246fb]
V  [jvm.dll+0x5ec348]
V  [jvm.dll+0x5ecad8]
C  [ntdll.dll+0xa20cf]
C  [ntdll.dll+0x51454]
C  [ntdll.dll+0xa0bfe]
C  0x0000013904e20f3d

VM_Operation (0x0000003552df4f90): CollectForMetadataAllocation, mode: safepoint, requested by thread 0x000001391bf23800


---------------  P R O C E S S  ---------------

Threads class SMR info:
_java_thread_list=0x0000013920099090, length=35, elements={
0x000001397f56b800, 0x000001391a5f3000, 0x000001391a5f4000, 0x000001391a5fa000,
0x000001391a5fb000, 0x000001391a5fd000, 0x000001391a600000, 0x000001391a603000,
0x000001391a63d800, 0x000001391b0cd000, 0x000001391cf72800, 0x000001391bd73800,
0x000001391c09d000, 0x000001391d05d800, 0x000001391b25c800, 0x000001391c04e000,
0x000001391bf23800, 0x000001391bd97000, 0x000001391c9dd000, 0x000001391d39d800,
0x000001391d39d000, 0x000001391d398000, 0x000001391d39c000, 0x000001391d398800,
0x000001391d399800, 0x000001391d39a800, 0x000001391d39b000, 0x000001391d39e800,
0x000001391f62c800, 0x000001391f62e000, 0x000001391f62b000, 0x000001391f62d800,
0x000001391bff5000, 0x000001391f628800, 0x000001391f62f000
}

Java Threads: ( => current thread )
  0x000001397f56b800 JavaThread "main" [_thread_blocked, id=7644, stack(0x0000003551500000,0x0000003551600000)]
  0x000001391a5f3000 JavaThread "Reference Handler" daemon [_thread_blocked, id=7672, stack(0x0000003551c00000,0x0000003551d00000)]
  0x000001391a5f4000 JavaThread "Finalizer" daemon [_thread_blocked, id=2636, stack(0x0000003551d00000,0x0000003551e00000)]
  0x000001391a5fa000 JavaThread "Signal Dispatcher" daemon [_thread_blocked, id=8320, stack(0x0000003551e00000,0x0000003551f00000)]
  0x000001391a5fb000 JavaThread "Attach Listener" daemon [_thread_blocked, id=9420, stack(0x0000003551f00000,0x0000003552000000)]
  0x000001391a5fd000 JavaThread "Service Thread" daemon [_thread_blocked, id=3372, stack(0x0000003552000000,0x0000003552100000)]
  0x000001391a600000 JavaThread "C2 CompilerThread0" daemon [_thread_blocked, id=8412, stack(0x0000003552100000,0x0000003552200000)]
  0x000001391a603000 JavaThread "C1 CompilerThread0" daemon [_thread_blocked, id=3600, stack(0x0000003552200000,0x0000003552300000)]
  0x000001391a63d800 JavaThread "Sweeper thread" daemon [_thread_blocked, id=8016, stack(0x0000003552300000,0x0000003552400000)]
  0x000001391b0cd000 JavaThread "Common-Cleaner" daemon [_thread_blocked, id=656, stack(0x0000003552400000,0x0000003552500000)]
  0x000001391cf72800 JavaThread "Daemon health stats" [_thread_blocked, id=524, stack(0x0000003552800000,0x0000003552900000)]
  0x000001391bd73800 JavaThread "Incoming local TCP Connector on port 63057" [_thread_in_native, id=4608, stack(0x0000003552600000,0x0000003552700000)]
  0x000001391c09d000 JavaThread "Daemon periodic checks" [_thread_blocked, id=6284, stack(0x0000003552900000,0x0000003552a00000)]
  0x000001391d05d800 JavaThread "Daemon" [_thread_blocked, id=3292, stack(0x0000003552a00000,0x0000003552b00000)]
  0x000001391b25c800 JavaThread "Handler for socket connection from /127.0.0.1:63057 to /127.0.0.1:63058" [_thread_in_native, id=5116, stack(0x0000003552b00000,0x0000003552c00000)]
  0x000001391c04e000 JavaThread "Cancel handler" [_thread_blocked, id=7584, stack(0x0000003552c00000,0x0000003552d00000)]
  0x000001391bf23800 JavaThread "Daemon worker" [_thread_blocked, id=4472, stack(0x0000003552d00000,0x0000003552e00000)]
  0x000001391bd97000 JavaThread "Asynchronous log dispatcher for DefaultDaemonConnection: socket connection from /127.0.0.1:63057 to /127.0.0.1:63058" [_thread_blocked, id=5524, stack(0x0000003552e00000,0x0000003552f00000)]
  0x000001391c9dd000 JavaThread "Stdin handler" [_thread_blocked, id=9520, stack(0x0000003552f00000,0x0000003553000000)]
  0x000001391d39d800 JavaThread "Daemon client event forwarder" [_thread_blocked, id=7656, stack(0x0000003553000000,0x0000003553100000)]
  0x000001391d39d000 JavaThread "Cache worker for file hash cache (C:\Users\MARIA TERESA\.gradle\caches\7.0.2\fileHashes)" [_thread_blocked, id=10136, stack(0x0000003553100000,0x0000003553200000)]
  0x000001391d398000 JavaThread "File lock request listener" [_thread_in_native, id=9448, stack(0x0000003553200000,0x0000003553300000)]
  0x000001391d39c000 JavaThread "Cache worker for journal cache (C:\Users\MARIA TERESA\.gradle\caches\journal-1)" [_thread_blocked, id=3892, stack(0x0000003553500000,0x0000003553600000)]
  0x000001391d398800 JavaThread "Cache worker for file hash cache (G:\DOWNLOADS\androidstudioprojects\.gradle\7.0.2\fileHashes)" [_thread_blocked, id=9452, stack(0x0000003553700000,0x0000003553800000)]
  0x000001391d399800 JavaThread "File watcher server" daemon [_thread_in_native, id=8648, stack(0x0000003553800000,0x0000003553900000)]
  0x000001391d39a800 JavaThread "File watcher consumer" daemon [_thread_blocked, id=8312, stack(0x0000003553900000,0x0000003553a00000)]
  0x000001391d39b000 JavaThread "jar transforms" [_thread_blocked, id=2088, stack(0x0000003553a00000,0x0000003553b00000)]
  0x000001391d39e800 JavaThread "jar transforms Thread 2" [_thread_blocked, id=7660, stack(0x0000003553b00000,0x0000003553c00000)]
  0x000001391f62c800 JavaThread "jar transforms Thread 3" [_thread_blocked, id=5776, stack(0x0000003553c00000,0x0000003553d00000)]
  0x000001391f62e000 JavaThread "jar transforms Thread 4" [_thread_blocked, id=5220, stack(0x0000003553d00000,0x0000003553e00000)]
  0x000001391f62b000 JavaThread "Cache worker for checksums cache (G:\DOWNLOADS\androidstudioprojects\.gradle\checksums)" [_thread_blocked, id=2592, stack(0x0000003553e00000,0x0000003553f00000)]
  0x000001391f62d800 JavaThread "Cache worker for cache directory md-supplier (C:\Users\MARIA TERESA\.gradle\caches\7.0.2\md-supplier)" [_thread_blocked, id=5108, stack(0x0000003553600000,0x0000003553700000)]
  0x000001391bff5000 JavaThread "C2 CompilerThread1" daemon [_thread_blocked, id=4352, stack(0x0000003553f00000,0x0000003554000000)]
  0x000001391f628800 JavaThread "Cache worker for cache directory md-rule (C:\Users\MARIA TERESA\.gradle\caches\7.0.2\md-rule)" [_thread_blocked, id=5520, stack(0x0000003554000000,0x0000003554100000)]
  0x000001391f62f000 JavaThread "Cache worker for execution history cache (C:\Users\MARIA TERESA\.gradle\caches\7.0.2\executionHistory)" [_thread_blocked, id=10052, stack(0x0000003554100000,0x0000003554200000)]

Other Threads:
=>0x000001391a5cb000 VMThread "VM Thread" [stack: 0x0000003551b00000,0x0000003551c00000] [id=9572]
  0x000001391b127000 WatcherThread [stack: 0x0000003552500000,0x0000003552600000] [id=2952]
  0x000001397f582000 GCTaskThread "GC Thread#0" [stack: 0x0000003551600000,0x0000003551700000] [id=9048]
  0x000001391ba1f000 GCTaskThread "GC Thread#1" [stack: 0x0000003552700000,0x0000003552800000] [id=9760]
  0x000001391be9c800 GCTaskThread "GC Thread#2" [stack: 0x0000003553300000,0x0000003553400000] [id=8344]
  0x000001391b41b000 GCTaskThread "GC Thread#3" [stack: 0x0000003553400000,0x0000003553500000] [id=7172]
  0x000001397f5b3800 ConcurrentGCThread "G1 Main Marker" [stack: 0x0000003551700000,0x0000003551800000] [id=8044]
  0x000001397f5b6800 ConcurrentGCThread "G1 Conc#0" [stack: 0x0000003551800000,0x0000003551900000] [id=1000]
  0x000001397f617800 ConcurrentGCThread "G1 Refine#0" [stack: 0x0000003551900000,0x0000003551a00000] [id=3172]
  0x000001397f619800 ConcurrentGCThread "G1 Young RemSet Sampling" [stack: 0x0000003551a00000,0x0000003551b00000] [id=3828]

Threads with active compile tasks:

VM state:at safepoint (normal execution)

VM Mutex/Monitor currently owned by a thread:  ([mutex/lock_event])
[0x000001397f568650] Threads_lock - owner thread: 0x000001391a5cb000
[0x000001397f567f90] Heap_lock - owner thread: 0x000001391bf23800

Heap address: 0x0000000080000000, size: 2048 MB, Compressed Oops mode: 32-bit
Narrow klass base: 0x0000000000000000, Narrow klass shift: 3
Compressed class space size: 1073741824 Address: 0x0000000100000000

Heap:
 garbage-first heap   total 113664K, used 34737K [0x0000000080000000, 0x0000000100000000)
  region size 1024K, 3 young (3072K), 3 survivors (3072K)
 Metaspace       used 34642K, capacity 35555K, committed 35708K, reserved 1081344K
  class space    used 4532K, capacity 4863K, committed 4864K, reserved 1048576K
Heap Regions: E=young(eden), S=young(survivor), O=old, HS=humongous(starts), HC=humongous(continues), CS=collection set, F=free, A=archive, TAMS=top-at-mark-start (previous, next)
|   0|0x0000000080000000, 0x0000000080100000, 0x0000000080100000|100%|HS|  |TAMS 0x0000000080100000, 0x0000000080100000| Complete 
|   1|0x0000000080100000, 0x0000000080200000, 0x0000000080200000|100%|HC|  |TAMS 0x0000000080200000, 0x0000000080200000| Complete 
|   2|0x0000000080200000, 0x0000000080300000, 0x0000000080300000|100%|HC|  |TAMS 0x0000000080300000, 0x0000000080300000| Complete 
|   3|0x0000000080300000, 0x0000000080400000, 0x0000000080400000|100%| O|  |TAMS 0x0000000080400000, 0x0000000080400000| Untracked 
|   4|0x0000000080400000, 0x0000000080500000, 0x0000000080500000|100%| O|  |TAMS 0x0000000080500000, 0x0000000080500000| Untracked 
|   5|0x0000000080500000, 0x0000000080600000, 0x0000000080600000|100%| O|  |TAMS 0x0000000080600000, 0x0000000080600000| Untracked 
|   6|0x0000000080600000, 0x0000000080700000, 0x0000000080700000|100%| O|  |TAMS 0x0000000080700000, 0x0000000080700000| Untracked 
|   7|0x0000000080700000, 0x0000000080800000, 0x0000000080800000|100%| O|  |TAMS 0x0000000080800000, 0x0000000080800000| Untracked 
|   8|0x0000000080800000, 0x0000000080900000, 0x0000000080900000|100%| O|  |TAMS 0x0000000080900000, 0x0000000080900000| Untracked 
|   9|0x0000000080900000, 0x0000000080a00000, 0x0000000080a00000|100%| O|  |TAMS 0x0000000080a00000, 0x0000000080a00000| Untracked 
|  10|0x0000000080a00000, 0x0000000080b00000, 0x0000000080b00000|100%| O|  |TAMS 0x0000000080b00000, 0x0000000080b00000| Untracked 
|  11|0x0000000080b00000, 0x0000000080c00000, 0x0000000080c00000|100%| O|  |TAMS 0x0000000080c00000, 0x0000000080c00000| Untracked 
|  12|0x0000000080c00000, 0x0000000080d00000, 0x0000000080d00000|100%| O|  |TAMS 0x0000000080d00000, 0x0000000080d00000| Untracked 
|  13|0x0000000080d00000, 0x0000000080e00000, 0x0000000080e00000|100%| O|  |TAMS 0x0000000080e00000, 0x0000000080e00000| Untracked 
|  14|0x0000000080e00000, 0x0000000080f00000, 0x0000000080f00000|100%| O|  |TAMS 0x0000000080e89208, 0x0000000080f00000| Untracked 
|  15|0x0000000080f00000, 0x0000000081000000, 0x0000000081000000|100%|HS|  |TAMS 0x0000000080f00000, 0x0000000081000000| Complete 
|  16|0x0000000081000000, 0x0000000081100000, 0x0000000081100000|100%|HC|  |TAMS 0x0000000081000000, 0x0000000081100000| Complete 
|  17|0x0000000081100000, 0x0000000081200000, 0x0000000081200000|100%|HS|  |TAMS 0x0000000081100000, 0x0000000081200000| Complete 
|  18|0x0000000081200000, 0x0000000081300000, 0x0000000081300000|100%|HC|  |TAMS 0x0000000081200000, 0x0000000081300000| Complete 
|  19|0x0000000081300000, 0x0000000081400000, 0x0000000081400000|100%|HC|  |TAMS 0x0000000081300000, 0x0000000081400000| Complete 
|  20|0x0000000081400000, 0x0000000081500000, 0x0000000081500000|100%|HS|  |TAMS 0x0000000081400000, 0x0000000081500000| Complete 
|  21|0x0000000081500000, 0x0000000081600000, 0x0000000081600000|100%|HC|  |TAMS 0x0000000081500000, 0x0000000081600000| Complete 
|  22|0x0000000081600000, 0x0000000081700000, 0x0000000081700000|100%|HC|  |TAMS 0x0000000081600000, 0x0000000081700000| Complete 
|  23|0x0000000081700000, 0x0000000081800000, 0x0000000081800000|100%|HC|  |TAMS 0x0000000081700000, 0x0000000081800000| Complete 
|  24|0x0000000081800000, 0x0000000081900000, 0x0000000081900000|100%|HC|  |TAMS 0x0000000081800000, 0x0000000081900000| Complete 
|  25|0x0000000081900000, 0x0000000081a00000, 0x0000000081a00000|100%| O|  |TAMS 0x0000000081900000, 0x0000000081a00000| Untracked 
|  26|0x0000000081a00000, 0x0000000081b00000, 0x0000000081b00000|100%| O|  |TAMS 0x0000000081a00000, 0x0000000081b00000| Untracked 
|  27|0x0000000081b00000, 0x0000000081c00000, 0x0000000081c00000|100%| O|  |TAMS 0x0000000081b00000, 0x0000000081c00000| Untracked 
|  28|0x0000000081c00000, 0x0000000081d00000, 0x0000000081d00000|100%| O|  |TAMS 0x0000000081c00000, 0x0000000081d00000| Untracked 
|  29|0x0000000081d00000, 0x0000000081e00000, 0x0000000081e00000|100%| O|  |TAMS 0x0000000081d00000, 0x0000000081e00000| Untracked 
|  30|0x0000000081e00000, 0x0000000081f00000, 0x0000000081f00000|100%| O|  |TAMS 0x0000000081e00000, 0x0000000081f00000| Untracked 
|  31|0x0000000081f00000, 0x0000000081f94e00, 0x0000000082000000| 58%| O|  |TAMS 0x0000000081f00000, 0x0000000081f94e00| Untracked 
|  32|0x0000000082000000, 0x0000000082000000, 0x0000000082100000|  0%| F|  |TAMS 0x0000000082000000, 0x0000000082000000| Untracked 
|  33|0x0000000082100000, 0x0000000082100000, 0x0000000082200000|  0%| F|  |TAMS 0x0000000082100000, 0x0000000082100000| Untracked 
|  34|0x0000000082200000, 0x0000000082200000, 0x0000000082300000|  0%| F|  |TAMS 0x0000000082200000, 0x0000000082200000| Untracked 
|  35|0x0000000082300000, 0x0000000082300000, 0x0000000082400000|  0%| F|  |TAMS 0x0000000082300000, 0x0000000082300000| Untracked 
|  36|0x0000000082400000, 0x0000000082400000, 0x0000000082500000|  0%| F|  |TAMS 0x0000000082400000, 0x0000000082400000| Untracked 
|  37|0x0000000082500000, 0x0000000082500000, 0x0000000082600000|  0%| F|  |TAMS 0x0000000082500000, 0x0000000082500000| Untracked 
|  38|0x0000000082600000, 0x0000000082600000, 0x0000000082700000|  0%| F|  |TAMS 0x0000000082600000, 0x0000000082600000| Untracked 
|  39|0x0000000082700000, 0x0000000082700000, 0x0000000082800000|  0%| F|  |TAMS 0x0000000082700000, 0x0000000082700000| Untracked 
|  40|0x0000000082800000, 0x0000000082800000, 0x0000000082900000|  0%| F|  |TAMS 0x0000000082800000, 0x0000000082800000| Untracked 
|  41|0x0000000082900000, 0x0000000082900000, 0x0000000082a00000|  0%| F|  |TAMS 0x0000000082900000, 0x0000000082900000| Untracked 
|  42|0x0000000082a00000, 0x0000000082a00000, 0x0000000082b00000|  0%| F|  |TAMS 0x0000000082a00000, 0x0000000082a00000| Untracked 
|  43|0x0000000082b00000, 0x0000000082b00000, 0x0000000082c00000|  0%| F|  |TAMS 0x0000000082b00000, 0x0000000082b00000| Untracked 
|  44|0x0000000082c00000, 0x0000000082c00000, 0x0000000082d00000|  0%| F|  |TAMS 0x0000000082c00000, 0x0000000082c00000| Untracked 
|  45|0x0000000082d00000, 0x0000000082d00000, 0x0000000082e00000|  0%| F|  |TAMS 0x0000000082d00000, 0x0000000082d00000| Untracked 
|  46|0x0000000082e00000, 0x0000000082e00000, 0x0000000082f00000|  0%| F|  |TAMS 0x0000000082e00000, 0x0000000082e00000| Untracked 
|  47|0x0000000082f00000, 0x0000000082f00000, 0x0000000083000000|  0%| F|  |TAMS 0x0000000082f00000, 0x0000000082f00000| Untracked 
|  48|0x0000000083000000, 0x0000000083000000, 0x0000000083100000|  0%| F|  |TAMS 0x0000000083000000, 0x0000000083000000| Untracked 
|  49|0x0000000083100000, 0x0000000083100000, 0x0000000083200000|  0%| F|  |TAMS 0x0000000083100000, 0x0000000083100000| Untracked 
|  50|0x0000000083200000, 0x0000000083200000, 0x0000000083300000|  0%| F|  |TAMS 0x0000000083200000, 0x0000000083200000| Untracked 
|  51|0x0000000083300000, 0x0000000083300000, 0x0000000083400000|  0%| F|  |TAMS 0x0000000083300000, 0x0000000083300000| Untracked 
|  52|0x0000000083400000, 0x0000000083400000, 0x0000000083500000|  0%| F|  |TAMS 0x0000000083400000, 0x0000000083400000| Untracked 
|  53|0x0000000083500000, 0x0000000083500000, 0x0000000083600000|  0%| F|  |TAMS 0x0000000083500000, 0x0000000083500000| Untracked 
|  54|0x0000000083600000, 0x0000000083600000, 0x0000000083700000|  0%| F|  |TAMS 0x0000000083600000, 0x0000000083600000| Untracked 
|  55|0x0000000083700000, 0x0000000083700000, 0x0000000083800000|  0%| F|  |TAMS 0x0000000083700000, 0x0000000083700000| Untracked 
|  56|0x0000000083800000, 0x0000000083800000, 0x0000000083900000|  0%| F|  |TAMS 0x0000000083800000, 0x0000000083800000| Untracked 
|  57|0x0000000083900000, 0x0000000083900000, 0x0000000083a00000|  0%| F|  |TAMS 0x0000000083900000, 0x0000000083900000| Untracked 
|  58|0x0000000083a00000, 0x0000000083a00000, 0x0000000083b00000|  0%| F|  |TAMS 0x0000000083a00000, 0x0000000083a00000| Untracked 
|  59|0x0000000083b00000, 0x0000000083b00000, 0x0000000083c00000|  0%| F|  |TAMS 0x0000000083b00000, 0x0000000083b00000| Untracked 
|  60|0x0000000083c00000, 0x0000000083c00000, 0x0000000083d00000|  0%| F|  |TAMS 0x0000000083c00000, 0x0000000083c00000| Untracked 
|  61|0x0000000083d00000, 0x0000000083d577e0, 0x0000000083e00000| 34%| S|CS|TAMS 0x0000000083d00000, 0x0000000083d00000| Complete 
|  62|0x0000000083e00000, 0x0000000083f00000, 0x0000000083f00000|100%| S|CS|TAMS 0x0000000083e00000, 0x0000000083e00000| Complete 
|  63|0x0000000083f00000, 0x0000000084000000, 0x0000000084000000|100%| S|CS|TAMS 0x0000000083f00000, 0x0000000083f00000| Complete 
|  64|0x0000000084000000, 0x0000000084000000, 0x0000000084100000|  0%| F|  |TAMS 0x0000000084000000, 0x0000000084000000| Untracked 
|  65|0x0000000084100000, 0x0000000084100000, 0x0000000084200000|  0%| F|  |TAMS 0x0000000084100000, 0x0000000084100000| Untracked 
|  66|0x0000000084200000, 0x0000000084200000, 0x0000000084300000|  0%| F|  |TAMS 0x0000000084200000, 0x0000000084200000| Untracked 
|  67|0x0000000084300000, 0x0000000084300000, 0x0000000084400000|  0%| F|  |TAMS 0x0000000084300000, 0x0000000084300000| Untracked 
|  68|0x0000000084400000, 0x0000000084400000, 0x0000000084500000|  0%| F|  |TAMS 0x0000000084400000, 0x0000000084400000| Untracked 
|  69|0x0000000084500000, 0x0000000084500000, 0x0000000084600000|  0%| F|  |TAMS 0x0000000084500000, 0x0000000084500000| Untracked 
|  70|0x0000000084600000, 0x0000000084600000, 0x0000000084700000|  0%| F|  |TAMS 0x0000000084600000, 0x0000000084600000| Untracked 
|  71|0x0000000084700000, 0x0000000084700000, 0x0000000084800000|  0%| F|  |TAMS 0x0000000084700000, 0x0000000084700000| Untracked 
|  72|0x0000000084800000, 0x0000000084800000, 0x0000000084900000|  0%| F|  |TAMS 0x0000000084800000, 0x0000000084800000| Untracked 
|  73|0x0000000084900000, 0x0000000084900000, 0x0000000084a00000|  0%| F|  |TAMS 0x0000000084900000, 0x0000000084900000| Untracked 
|  74|0x0000000084a00000, 0x0000000084a00000, 0x0000000084b00000|  0%| F|  |TAMS 0x0000000084a00000, 0x0000000084a00000| Untracked 
|  75|0x0000000084b00000, 0x0000000084b00000, 0x0000000084c00000|  0%| F|  |TAMS 0x0000000084b00000, 0x0000000084b00000| Untracked 
|  76|0x0000000084c00000, 0x0000000084c00000, 0x0000000084d00000|  0%| F|  |TAMS 0x0000000084c00000, 0x0000000084c00000| Untracked 
|  77|0x0000000084d00000, 0x0000000084d00000, 0x0000000084e00000|  0%| F|  |TAMS 0x0000000084d00000, 0x0000000084d00000| Untracked 
|  78|0x0000000084e00000, 0x0000000084e00000, 0x0000000084f00000|  0%| F|  |TAMS 0x0000000084e00000, 0x0000000084e00000| Untracked 
|  79|0x0000000084f00000, 0x0000000084f00000, 0x0000000085000000|  0%| F|  |TAMS 0x0000000084f00000, 0x0000000084f00000| Untracked 
|  80|0x0000000085000000, 0x0000000085000000, 0x0000000085100000|  0%| F|  |TAMS 0x0000000085000000, 0x0000000085000000| Untracked 
|  81|0x0000000085100000, 0x0000000085100000, 0x0000000085200000|  0%| F|  |TAMS 0x0000000085100000, 0x0000000085100000| Untracked 
|  82|0x0000000085200000, 0x0000000085200000, 0x0000000085300000|  0%| F|  |TAMS 0x0000000085200000, 0x0000000085200000| Untracked 
|  83|0x0000000085300000, 0x0000000085300000, 0x0000000085400000|  0%| F|  |TAMS 0x0000000085300000, 0x0000000085300000| Untracked 
|  84|0x0000000085400000, 0x0000000085400000, 0x0000000085500000|  0%| F|  |TAMS 0x0000000085400000, 0x0000000085400000| Untracked 
|  85|0x0000000085500000, 0x0000000085500000, 0x0000000085600000|  0%| F|  |TAMS 0x0000000085500000, 0x0000000085500000| Untracked 
|  86|0x0000000085600000, 0x0000000085600000, 0x0000000085700000|  0%| F|  |TAMS 0x0000000085600000, 0x0000000085600000| Untracked 
|  87|0x0000000085700000, 0x0000000085700000, 0x0000000085800000|  0%| F|  |TAMS 0x0000000085700000, 0x0000000085700000| Untracked 
|  88|0x0000000085800000, 0x0000000085800000, 0x0000000085900000|  0%| F|  |TAMS 0x0000000085800000, 0x0000000085800000| Untracked 
|  89|0x0000000085900000, 0x0000000085900000, 0x0000000085a00000|  0%| F|  |TAMS 0x0000000085900000, 0x0000000085900000| Untracked 
|  90|0x0000000085a00000, 0x0000000085a00000, 0x0000000085b00000|  0%| F|  |TAMS 0x0000000085a00000, 0x0000000085a00000| Untracked 
|  91|0x0000000085b00000, 0x0000000085b00000, 0x0000000085c00000|  0%| F|  |TAMS 0x0000000085b00000, 0x0000000085b00000| Untracked 

Card table byte_map: [0x000001397fa50000,0x000001397fe50000] _byte_map_base: 0x000001397f650000

Marking Bits (Prev, Next): (CMBitMap*) 0x000001397f5aaa10, (CMBitMap*) 0x000001397f5aa9d8
 Prev Bits: [0x0000013916220000, 0x0000013918220000)
 Next Bits: [0x0000013914220000, 0x0000013916220000)

Polling page: 0x000001397eb30000

Metaspace:

Usage:
  Non-class:     29.97 MB capacity,    29.40 MB ( 98%) used,   500.99 KB (  2%) free+waste,    80.56 KB ( <1%) overhead. 
      Class:      4.75 MB capacity,     4.43 MB ( 93%) used,   290.72 KB (  6%) free+waste,    39.88 KB ( <1%) overhead. 
       Both:     34.72 MB capacity,    33.83 MB ( 97%) used,   791.71 KB (  2%) free+waste,   120.44 KB ( <1%) overhead. 

Virtual space:
  Non-class space:       32.00 MB reserved,      30.12 MB ( 94%) committed 
      Class space:        1.00 GB reserved,       4.75 MB ( <1%) committed 
             Both:        1.03 GB reserved,      34.87 MB (  3%) committed 

Chunk freelists:
   Non-Class:  12.00 KB
       Class:  1.00 KB
        Both:  13.00 KB

MaxMetaspaceSize: 17179869184.00 GB
CompressedClassSpaceSize: 1.00 GB

CodeHeap 'non-profiled nmethods': size=120064Kb used=1459Kb max_used=1459Kb free=118604Kb
 bounds [0x000001390c8e0000, 0x000001390cb50000, 0x0000013913e20000]
CodeHeap 'profiled nmethods': size=120000Kb used=6224Kb max_used=6224Kb free=113775Kb
 bounds [0x00000139053b0000, 0x00000139059d0000, 0x000001390c8e0000]
CodeHeap 'non-nmethods': size=5696Kb used=1165Kb max_used=1221Kb free=4530Kb
 bounds [0x0000013904e20000, 0x0000013905090000, 0x00000139053b0000]
 total_blobs=3434 nmethods=2915 adapters=430
 compilation: enabled
              stopped_count=0, restarted_count=0
 full_count=0

Compilation events (20 events):
Event: 9.616 Thread 0x000001391a603000 nmethod 2909 0x00000139059bd710 code [0x00000139059bd960, 0x00000139059be4f8]
Event: 9.616 Thread 0x000001391a603000 2912  s    3       org.codehaus.groovy.reflection.ParameterTypes::getParametersTypes0 (89 bytes)
Event: 9.617 Thread 0x000001391a603000 nmethod 2912 0x00000139059be810 code [0x00000139059bea80, 0x00000139059bf9e8]
Event: 9.617 Thread 0x000001391a603000 2910       3       org.codehaus.groovy.reflection.CachedMethod::isStatic (8 bytes)
Event: 9.617 Thread 0x000001391a603000 nmethod 2910 0x00000139059bfd90 code [0x00000139059bff40, 0x00000139059c0118]
Event: 9.617 Thread 0x000001391a603000 2911       3       org.codehaus.groovy.runtime.metaclass.MethodHelper::isStatic (19 bytes)
Event: 9.617 Thread 0x000001391a603000 nmethod 2911 0x00000139059c0210 code [0x00000139059c03c0, 0x00000139059c0518]
Event: 9.617 Thread 0x000001391a603000 2913       3       org.codehaus.groovy.runtime.metaclass.NewMetaMethod::<init> (56 bytes)
Event: 9.618 Thread 0x000001391a603000 nmethod 2913 0x00000139059c0610 code [0x00000139059c0860, 0x00000139059c11d8]
Event: 9.618 Thread 0x000001391a603000 2914       3       org.codehaus.groovy.runtime.metaclass.ReflectionMetaMethod::<init> (18 bytes)
Event: 9.619 Thread 0x000001391a603000 nmethod 2914 0x00000139059c1510 code [0x00000139059c1700, 0x00000139059c1c68]
Event: 9.626 Thread 0x000001391a603000 2915       3       java.util.zip.Inflater::<init> (24 bytes)
Event: 9.626 Thread 0x000001391a603000 nmethod 2915 0x00000139059c1e90 code [0x00000139059c2060, 0x00000139059c22f8]
Event: 9.631 Thread 0x000001391a603000 2916       3       java.util.StringJoiner::add (104 bytes)
Event: 9.632 Thread 0x000001391a603000 nmethod 2916 0x00000139059c2410 code [0x00000139059c2660, 0x00000139059c3038]
Event: 9.633 Thread 0x000001391a600000 2917       4       java.lang.String::codePointAt (50 bytes)
Event: 9.634 Thread 0x000001391a600000 nmethod 2917 0x000001390ca4a590 code [0x000001390ca4a720, 0x000001390ca4a7d8]
Event: 9.653 Thread 0x000001391bff5000 nmethod 2898 0x000001390ca4a910 code [0x000001390ca4ab40, 0x000001390ca4c108]
Event: 9.658 Thread 0x000001391a603000 2918       3       java.lang.PublicMethods::toArray (76 bytes)
Event: 9.659 Thread 0x000001391a603000 nmethod 2918 0x00000139059c3390 code [0x00000139059c35c0, 0x00000139059c3e58]

GC Heap History (15 events):
Event: 1.735 GC heap before
{Heap before GC invocations=0 (full 0):
 garbage-first heap   total 94208K, used 17408K [0x0000000080000000, 0x0000000100000000)
  region size 1024K, 14 young (14336K), 0 survivors (0K)
 Metaspace       used 6777K, capacity 6993K, committed 7168K, reserved 1056768K
  class space    used 584K, capacity 650K, committed 768K, reserved 1048576K
}
Event: 1.745 GC heap after
{Heap after GC invocations=1 (full 0):
 garbage-first heap   total 94208K, used 4581K [0x0000000080000000, 0x0000000100000000)
  region size 1024K, 2 young (2048K), 2 survivors (2048K)
 Metaspace       used 6777K, capacity 6993K, committed 7168K, reserved 1056768K
  class space    used 584K, capacity 650K, committed 768K, reserved 1048576K
}
Event: 2.157 GC heap before
{Heap before GC invocations=1 (full 0):
 garbage-first heap   total 94208K, used 15845K [0x0000000080000000, 0x0000000100000000)
  region size 1024K, 10 young (10240K), 2 survivors (2048K)
 Metaspace       used 9930K, capacity 10170K, committed 10368K, reserved 1058816K
  class space    used 1011K, capacity 1075K, committed 1152K, reserved 1048576K
}
Event: 2.164 GC heap after
{Heap after GC invocations=2 (full 0):
 garbage-first heap   total 94208K, used 9537K [0x0000000080000000, 0x0000000100000000)
  region size 1024K, 2 young (2048K), 2 survivors (2048K)
 Metaspace       used 9930K, capacity 10170K, committed 10368K, reserved 1058816K
  class space    used 1011K, capacity 1075K, committed 1152K, reserved 1048576K
}
Event: 2.954 GC heap before
{Heap before GC invocations=2 (full 0):
 garbage-first heap   total 94208K, used 33089K [0x0000000080000000, 0x0000000100000000)
  region size 1024K, 25 young (25600K), 2 survivors (2048K)
 Metaspace       used 11164K, capacity 11448K, committed 11520K, reserved 1058816K
  class space    used 1165K, capacity 1245K, committed 1280K, reserved 1048576K
}
Event: 2.960 GC heap after
{Heap after GC invocations=3 (full 0):
 garbage-first heap   total 94208K, used 9919K [0x0000000080000000, 0x0000000100000000)
  region size 1024K, 3 young (3072K), 3 survivors (3072K)
 Metaspace       used 11164K, capacity 11448K, committed 11520K, reserved 1058816K
  class space    used 1165K, capacity 1245K, committed 1280K, reserved 1048576K
}
Event: 4.190 GC heap before
{Heap before GC invocations=3 (full 0):
 garbage-first heap   total 94208K, used 43711K [0x0000000080000000, 0x0000000100000000)
  region size 1024K, 36 young (36864K), 3 survivors (3072K)
 Metaspace       used 13429K, capacity 13819K, committed 13952K, reserved 1060864K
  class space    used 1486K, capacity 1590K, committed 1664K, reserved 1048576K
}
Event: 4.208 GC heap after
{Heap after GC invocations=4 (full 0):
 garbage-first heap   total 94208K, used 15091K [0x0000000080000000, 0x0000000100000000)
  region size 1024K, 5 young (5120K), 5 survivors (5120K)
 Metaspace       used 13429K, capacity 13819K, committed 13952K, reserved 1060864K
  class space    used 1486K, capacity 1590K, committed 1664K, reserved 1048576K
}
Event: 6.349 GC heap before
{Heap before GC invocations=4 (full 0):
 garbage-first heap   total 94208K, used 57075K [0x0000000080000000, 0x0000000100000000)
  region size 1024K, 47 young (48128K), 5 survivors (5120K)
 Metaspace       used 20596K, capacity 21127K, committed 21296K, reserved 1069056K
  class space    used 2509K, capacity 2669K, committed 2688K, reserved 1048576K
}
Event: 6.365 GC heap after
{Heap after GC invocations=5 (full 0):
 garbage-first heap   total 94208K, used 17009K [0x0000000080000000, 0x0000000100000000)
  region size 1024K, 3 young (3072K), 3 survivors (3072K)
 Metaspace       used 20596K, capacity 21127K, committed 21296K, reserved 1069056K
  class space    used 2509K, capacity 2669K, committed 2688K, reserved 1048576K
}
Event: 7.328 GC heap before
{Heap before GC invocations=6 (full 0):
 garbage-first heap   total 94208K, used 60017K [0x0000000080000000, 0x0000000100000000)
  region size 1024K, 45 young (46080K), 3 survivors (3072K)
 Metaspace       used 24938K, capacity 25571K, committed 25648K, reserved 1071104K
  class space    used 3222K, capacity 3431K, committed 3456K, reserved 1048576K
}
Event: 7.336 GC heap after
{Heap after GC invocations=7 (full 0):
 garbage-first heap   total 94208K, used 18583K [0x0000000080000000, 0x0000000100000000)
  region size 1024K, 4 young (4096K), 4 survivors (4096K)
 Metaspace       used 24938K, capacity 25571K, committed 25648K, reserved 1071104K
  class space    used 3222K, capacity 3431K, committed 3456K, reserved 1048576K
}
Event: 8.796 GC heap before
{Heap before GC invocations=7 (full 0):
 garbage-first heap   total 94208K, used 72855K [0x0000000080000000, 0x0000000100000000)
  region size 1024K, 47 young (48128K), 4 survivors (4096K)
 Metaspace       used 28905K, capacity 29780K, committed 30000K, reserved 1075200K
  class space    used 3854K, capacity 4172K, committed 4224K, reserved 1048576K
}
Event: 8.808 GC heap after
{Heap after GC invocations=8 (full 0):
 garbage-first heap   total 94208K, used 32339K [0x0000000080000000, 0x0000000100000000)
  region size 1024K, 6 young (6144K), 6 survivors (6144K)
 Metaspace       used 28905K, capacity 29780K, committed 30000K, reserved 1075200K
  class space    used 3854K, capacity 4172K, committed 4224K, reserved 1048576K
}
Event: 9.669 GC heap before
{Heap before GC invocations=8 (full 0):
 garbage-first heap   total 94208K, used 59987K [0x0000000080000000, 0x0000000100000000)
  region size 1024K, 34 young (34816K), 6 survivors (6144K)
 Metaspace       used 34642K, capacity 35555K, committed 35708K, reserved 1081344K
  class space    used 4532K, capacity 4863K, committed 4864K, reserved 1048576K
}

Deoptimization events (20 events):
Event: 9.161 Thread 0x000001391bf23800 Uncommon trap: trap_request=0xffffff4d fr.pc=0x000001390ca2a468 relative=0x0000000000000788
Event: 9.161 Thread 0x000001391bf23800 Uncommon trap: reason=unstable_if action=reinterpret pc=0x000001390ca2a468 method=java.lang.Class.getPackageName()Ljava/lang/String; @ 55 c2
Event: 9.161 Thread 0x000001391bf23800 DEOPT PACKING pc=0x000001390ca2a468 sp=0x0000003552df96e0
Event: 9.161 Thread 0x000001391bf23800 DEOPT UNPACKING pc=0x0000013904e46a29 sp=0x0000003552df96a0 mode 2
Event: 9.215 Thread 0x000001391bf23800 Uncommon trap: trap_request=0xffffffc6 fr.pc=0x000001390ca09f34 relative=0x00000000000009b4
Event: 9.215 Thread 0x000001391bf23800 Uncommon trap: reason=bimorphic_or_optimized_type_check action=maybe_recompile pc=0x000001390ca09f34 method=java.io.BufferedInputStream.read([BII)I @ 101 c2
Event: 9.215 Thread 0x000001391bf23800 DEOPT PACKING pc=0x000001390ca09f34 sp=0x0000003552df8e00
Event: 9.215 Thread 0x000001391bf23800 DEOPT UNPACKING pc=0x0000013904e46a29 sp=0x0000003552df8db8 mode 2
Event: 9.216 Thread 0x000001391bf23800 Uncommon trap: trap_request=0xffffffc6 fr.pc=0x000001390ca09f34 relative=0x00000000000009b4
Event: 9.216 Thread 0x000001391bf23800 Uncommon trap: reason=bimorphic_or_optimized_type_check action=maybe_recompile pc=0x000001390ca09f34 method=java.io.BufferedInputStream.read([BII)I @ 101 c2
Event: 9.216 Thread 0x000001391bf23800 DEOPT PACKING pc=0x000001390ca09f34 sp=0x0000003552df8e00
Event: 9.216 Thread 0x000001391bf23800 DEOPT UNPACKING pc=0x0000013904e46a29 sp=0x0000003552df8db8 mode 2
Event: 9.216 Thread 0x000001391bf23800 Uncommon trap: trap_request=0xffffffc6 fr.pc=0x000001390ca09f34 relative=0x00000000000009b4
Event: 9.216 Thread 0x000001391bf23800 Uncommon trap: reason=bimorphic_or_optimized_type_check action=maybe_recompile pc=0x000001390ca09f34 method=java.io.BufferedInputStream.read([BII)I @ 101 c2
Event: 9.216 Thread 0x000001391bf23800 DEOPT PACKING pc=0x000001390ca09f34 sp=0x0000003552df8e00
Event: 9.216 Thread 0x000001391bf23800 DEOPT UNPACKING pc=0x0000013904e46a29 sp=0x0000003552df8db8 mode 2
Event: 9.217 Thread 0x000001391bf23800 Uncommon trap: trap_request=0xffffffc6 fr.pc=0x000001390ca09f34 relative=0x00000000000009b4
Event: 9.217 Thread 0x000001391bf23800 Uncommon trap: reason=bimorphic_or_optimized_type_check action=maybe_recompile pc=0x000001390ca09f34 method=java.io.BufferedInputStream.read([BII)I @ 101 c2
Event: 9.217 Thread 0x000001391bf23800 DEOPT PACKING pc=0x000001390ca09f34 sp=0x0000003552df8e00
Event: 9.217 Thread 0x000001391bf23800 DEOPT UNPACKING pc=0x0000013904e46a29 sp=0x0000003552df8db8 mode 2

Classes redefined (0 events):
No events

Internal exceptions (20 events):
Event: 8.185 Thread 0x000001391bf23800 Exception <a 'java/lang/NoSuchMethodError'{0x0000000084dfad88}: <clinit>> (0x0000000084dfad88) thrown at [./src/hotspot/share/prims/jni.cpp, line 1362]
Event: 8.185 Thread 0x000001391bf23800 Exception <a 'java/lang/NoSuchMethodError'{0x0000000084dfc4e8}: <clinit>> (0x0000000084dfc4e8) thrown at [./src/hotspot/share/prims/jni.cpp, line 1362]
Event: 8.185 Thread 0x000001391bf23800 Exception <a 'java/lang/NoSuchMethodError'{0x0000000084dfdb80}: <clinit>> (0x0000000084dfdb80) thrown at [./src/hotspot/share/prims/jni.cpp, line 1362]
Event: 8.185 Thread 0x000001391bf23800 Exception <a 'java/lang/NoSuchMethodError'{0x0000000084dff0b8}: <clinit>> (0x0000000084dff0b8) thrown at [./src/hotspot/share/prims/jni.cpp, line 1362]
Event: 8.217 Thread 0x000001391bf23800 Implicit null exception at 0x000001390c9736a3 to 0x000001390c9745be
Event: 8.379 Thread 0x000001391bf23800 Exception <a 'java/lang/NoSuchMethodError'{0x000000008424f558}: 'java.lang.Object java.lang.invoke.DirectMethodHandle$Holder.invokeSpecialIFC(java.lang.Object, java.lang.Object, java.lang.Object, java.lang.Object)'> (0x000000008424f558) thrown at [./src/hotspot/share/interpreter/linkResolver.cpp, line 773]
Event: 8.395 Thread 0x000001391bf23800 Exception <a 'java/lang/NoSuchMethodError'{0x000000008414a8a0}: 'java.lang.Object java.lang.invoke.DirectMethodHandle$Holder.invokeSpecial(java.lang.Object, java.lang.Object, java.lang.Object, java.lang.Object, java.lang.Object, java.lang.Object, java.lang.Object, java.lang.Object, java.lang.Object, java.lang.Object, java.lang.Object, java.lang.Object, java.lang.Object)'> (0x000000008414a8a0) thrown at [./src/hotspot/share/interpreter/linkResolver.cpp, line 773]
Event: 8.396 Thread 0x000001391bf23800 Exception <a 'java/lang/NoSuchMethodError'{0x000000008415bb28}: 'java.lang.Object java.lang.invoke.DirectMethodHandle$Holder.invokeSpecial(java.lang.Object, java.lang.Object, java.lang.Object, java.lang.Object, java.lang.Object, java.lang.Object, java.lang.Object, java.lang.Object, java.lang.Object, java.lang.Object, java.lang.Object, java.lang.Object)'> (0x000000008415bb28) thrown at [./src/hotspot/share/interpreter/linkResolver.cpp, line 773]
Event: 8.397 Thread 0x000001391bf23800 Exception <a 'java/lang/NoSuchMethodError'{0x0000000084160c50}: 'java.lang.Object java.lang.invoke.Invokers$Holder.linkToTargetMethod(java.lang.Object, java.lang.Object, java.lang.Object, java.lang.Object, java.lang.Object, java.lang.Object, java.lang.Object, java.lang.Object, java.lang.Object, java.lang.Object, java.lang.Object)'> (0x0000000084160c50) thrown at [./src/hotspot/share/interpreter/linkResolver.cpp, line 773]
Event: 8.416 Thread 0x000001391bf23800 Exception <a 'java/lang/NoSuchMethodError'{0x0000000084099340}: 'java.lang.Object java.lang.invoke.DirectMethodHandle$Holder.invokeSpecial(java.lang.Object, java.lang.Object, java.lang.Object, java.lang.Object, java.lang.Object, java.lang.Object, java.lang.Object, java.lang.Object, java.lang.Object, java.lang.Object, java.lang.Object, java.lang.Object, java.lang.Object, java.lang.Object)'> (0x0000000084099340) thrown at [./src/hotspot/share/interpreter/linkResolver.cpp, line 773]
Event: 8.417 Thread 0x000001391bf23800 Exception <a 'java/lang/NoSuchMethodError'{0x00000000840aa938}: 'java.lang.Object java.lang.invoke.Invokers$Holder.linkToTargetMethod(java.lang.Object, java.lang.Object, java.lang.Object, java.lang.Object, java.lang.Object, java.lang.Object, java.lang.Object, java.lang.Object, java.lang.Object, java.lang.Object, java.lang.Object, java.lang.Object)'> (0x00000000840aa938) thrown at [./src/hotspot/share/interpreter/linkResolver.cpp, line 773]
Event: 8.428 Thread 0x000001391bf23800 Exception <a 'java/lang/NoSuchMethodError'{0x0000000083f38b20}: 'java.lang.Object java.lang.invoke.DirectMethodHandle$Holder.invokeStaticInit(java.lang.Object, java.lang.Object, java.lang.Object, java.lang.Object)'> (0x0000000083f38b20) thrown at [./src/hotspot/share/interpreter/linkResolver.cpp, line 773]
Event: 8.581 Thread 0x000001391bf23800 Implicit null exception at 0x000001390c9e1975 to 0x000001390c9e1b3c
Event: 8.581 Thread 0x000001391bf23800 Implicit null exception at 0x000001390c9cd9af to 0x000001390c9cda1d
Event: 9.145 Thread 0x000001391bf23800 Exception <a 'java/lang/NoSuchMethodError'{0x0000000084cc13d0}: 'int java.lang.invoke.DirectMethodHandle$Holder.invokeStatic(java.lang.Object, java.lang.Object, java.lang.Object, java.lang.Object, java.lang.Object)'> (0x0000000084cc13d0) thrown at [./src/hotspot/share/interpreter/linkResolver.cpp, line 773]
Event: 9.186 Thread 0x000001391bf23800 Exception <a 'java/lang/NoSuchMethodError'{0x0000000084a1e290}: 'void java.lang.invoke.DirectMethodHandle$Holder.invokeStaticInit(java.lang.Object, java.lang.Object, java.lang.Object, java.lang.Object)'> (0x0000000084a1e290) thrown at [./src/hotspot/share/interpreter/linkResolver.cpp, line 773]
Event: 9.310 Thread 0x000001391bf23800 Exception <a 'java/lang/NoSuchMethodError'{0x0000000084649f68}: 'void java.lang.invoke.DirectMethodHandle$Holder.invokeStaticInit(java.lang.Object, java.lang.Object, java.lang.Object)'> (0x0000000084649f68) thrown at [./src/hotspot/share/interpreter/linkResolver.cpp, line 773]
Event: 9.322 Thread 0x000001391bf23800 Exception <a 'java/lang/NoSuchMethodError'{0x000000008466f778}: 'void java.lang.invoke.DirectMethodHandle$Holder.invokeStaticInit(java.lang.Object, java.lang.Object, java.lang.Object, java.lang.Object, java.lang.Object)'> (0x000000008466f778) thrown at [./src/hotspot/share/interpreter/linkResolver.cpp, line 773]
Event: 9.439 Thread 0x000001391bf23800 Exception <a 'java/lang/NoSuchMethodError'{0x00000000846e5cf8}: 'int java.lang.invoke.DirectMethodHandle$Holder.invokeStaticInit(java.lang.Object, java.lang.Object, java.lang.Object, java.lang.Object)'> (0x00000000846e5cf8) thrown at [./src/hotspot/share/interpreter/linkResolver.cpp, line 773]
Event: 9.440 Thread 0x000001391bf23800 Exception <a 'java/lang/IncompatibleClassChangeError'{0x00000000846ef500}: Found class java.lang.Object, but interface was expected> (0x00000000846ef500) thrown at [./src/hotspot/share/interpreter/linkResolver.cpp, line 839]

Events (20 events):
Event: 9.668 loading class java/awt/event/MouseEvent
Event: 9.668 loading class java/awt/event/MouseEvent done
Event: 9.668 loading class javax/swing/JToolTip
Event: 9.668 loading class javax/swing/JToolTip done
Event: 9.668 loading class javax/swing/TransferHandler$DropLocation
Event: 9.668 loading class javax/swing/TransferHandler$DropLocation done
Event: 9.668 loading class javax/swing/ArrayTable
Event: 9.668 loading class javax/swing/ArrayTable done
Event: 9.668 loading class java/beans/PropertyVetoException
Event: 9.668 loading class java/beans/PropertyVetoException done
Event: 9.668 loading class java/beans/VetoableChangeListener
Event: 9.668 loading class java/beans/VetoableChangeListener done
Event: 9.668 loading class javax/swing/AncestorNotifier
Event: 9.669 loading class java/awt/event/ComponentListener
Event: 9.669 loading class java/awt/event/ComponentListener done
Event: 9.669 loading class java/beans/PropertyChangeListener
Event: 9.669 loading class java/beans/PropertyChangeListener done
Event: 9.669 loading class javax/swing/AncestorNotifier done
Event: 9.669 loading class javax/swing/JRootPane
Event: 9.669 Executing VM operation: CollectForMetadataAllocation


Dynamic libraries:
0x00007ff703810000 - 0x00007ff70381a000 	C:\Program Files\Android\Android Studio\jre\bin\java.exe
0x00007ff8575f0000 - 0x00007ff8577e5000 	C:\Windows\SYSTEM32\ntdll.dll
0x00007ff855c50000 - 0x00007ff855d0e000 	C:\Windows\System32\KERNEL32.DLL
0x00007ff855210000 - 0x00007ff8554d8000 	C:\Windows\System32\KERNELBASE.dll
0x00007ff854fb0000 - 0x00007ff8550b0000 	C:\Windows\System32\ucrtbase.dll
0x00007ff84ab50000 - 0x00007ff84ab69000 	C:\Program Files\Android\Android Studio\jre\bin\jli.dll
0x00007ff856200000 - 0x00007ff8563a1000 	C:\Windows\System32\USER32.dll
0x00007ff855570000 - 0x00007ff855592000 	C:\Windows\System32\win32u.dll
0x00007ff855f90000 - 0x00007ff855fbb000 	C:\Windows\System32\GDI32.dll
0x00007ff8550b0000 - 0x00007ff8551bb000 	C:\Windows\System32\gdi32full.dll
0x00007ff8555a0000 - 0x00007ff85563d000 	C:\Windows\System32\msvcp_win.dll
0x00007ff82ca10000 - 0x00007ff82ca27000 	C:\Program Files\Android\Android Studio\jre\bin\VCRUNTIME140.dll
0x00007ff8495b0000 - 0x00007ff84984a000 	C:\Windows\WinSxS\amd64_microsoft.windows.common-controls_6595b64144ccf1df_6.0.19041.1110_none_60b5254171f9507e\COMCTL32.dll
0x00007ff856090000 - 0x00007ff85612e000 	C:\Windows\System32\msvcrt.dll
0x00007ff855770000 - 0x00007ff8557a0000 	C:\Windows\System32\IMM32.DLL
0x00007ff8227b0000 - 0x00007ff82284d000 	C:\Program Files\Android\Android Studio\jre\bin\msvcp140.dll
0x00007ffffbe60000 - 0x00007ffffc92f000 	C:\Program Files\Android\Android Studio\jre\bin\server\jvm.dll
0x00007ff855ee0000 - 0x00007ff855f8c000 	C:\Windows\System32\ADVAPI32.dll
0x00007ff856fd0000 - 0x00007ff85706b000 	C:\Windows\System32\sechost.dll
0x00007ff855640000 - 0x00007ff85576a000 	C:\Windows\System32\RPCRT4.dll
0x00007ff8558e0000 - 0x00007ff8558e8000 	C:\Windows\System32\PSAPI.DLL
0x00007ff8508c0000 - 0x00007ff8508c9000 	C:\Windows\SYSTEM32\WSOCK32.dll
0x00007ff855d10000 - 0x00007ff855d7b000 	C:\Windows\System32\WS2_32.dll
0x00007ff838130000 - 0x00007ff838157000 	C:\Windows\SYSTEM32\WINMM.dll
0x00007ff849ef0000 - 0x00007ff849efa000 	C:\Windows\SYSTEM32\VERSION.dll
0x00007ff852c30000 - 0x00007ff852c42000 	C:\Windows\SYSTEM32\kernel.appcore.dll
0x00007ff84ab30000 - 0x00007ff84ab41000 	C:\Program Files\Android\Android Studio\jre\bin\verify.dll
0x00007ff830bf0000 - 0x00007ff830dd4000 	C:\Windows\SYSTEM32\DBGHELP.DLL
0x00007ff832690000 - 0x00007ff8326bc000 	C:\Windows\SYSTEM32\dbgcore.DLL
0x00007ff854d10000 - 0x00007ff854d93000 	C:\Windows\System32\bcryptPrimitives.dll
0x00007ff82c330000 - 0x00007ff82c359000 	C:\Program Files\Android\Android Studio\jre\bin\java.dll
0x00007ff84e070000 - 0x00007ff84e07b000 	C:\Program Files\Android\Android Studio\jre\bin\jimage.dll
0x00007ff84a8e0000 - 0x00007ff84a8f8000 	C:\Program Files\Android\Android Studio\jre\bin\zip.dll
0x00007ff856890000 - 0x00007ff856fcf000 	C:\Windows\System32\SHELL32.dll
0x00007ff852e30000 - 0x00007ff8535c0000 	C:\Windows\SYSTEM32\windows.storage.dll
0x00007ff8558f0000 - 0x00007ff855c45000 	C:\Windows\System32\combase.dll
0x00007ff854690000 - 0x00007ff8546be000 	C:\Windows\SYSTEM32\Wldp.dll
0x00007ff855830000 - 0x00007ff8558dd000 	C:\Windows\System32\SHCORE.dll
0x00007ff856190000 - 0x00007ff8561e5000 	C:\Windows\System32\shlwapi.dll
0x00007ff854c50000 - 0x00007ff854c6f000 	C:\Windows\SYSTEM32\profapi.dll
0x00007ff8378f0000 - 0x00007ff83790a000 	C:\Program Files\Android\Android Studio\jre\bin\net.dll
0x00007ff84c9b0000 - 0x00007ff84cabc000 	C:\Windows\SYSTEM32\WINHTTP.dll
0x00007ff8543f0000 - 0x00007ff85445a000 	C:\Windows\system32\mswsock.dll
0x00007ff836aa0000 - 0x00007ff836ab4000 	C:\Program Files\Android\Android Studio\jre\bin\nio.dll
0x00007ff837920000 - 0x00007ff837947000 	C:\Users\MARIA TERESA\.gradle\native\8bec1ad78214c89d9ad589b4d07fe93259594b29d510b10fafb7a158f7737e5d\windows-amd64\native-platform.dll
0x00007ff81b990000 - 0x00007ff81bacd000 	C:\Users\MARIA TERESA\.gradle\native\53dbd7edfb1c66fb8903c78663c9afc45aea4f116125fa6feffd364cf09443e8\windows-amd64\native-platform-file-events.dll
0x00007ff84be40000 - 0x00007ff84be4a000 	C:\Program Files\Android\Android Studio\jre\bin\management.dll
0x00007ff84b5e0000 - 0x00007ff84b5ec000 	C:\Program Files\Android\Android Studio\jre\bin\management_ext.dll
0x00007ff8545e0000 - 0x00007ff8545f8000 	C:\Windows\SYSTEM32\CRYPTSP.dll
0x00007ff853d70000 - 0x00007ff853da4000 	C:\Windows\system32\rsaenh.dll
0x00007ff8554e0000 - 0x00007ff855507000 	C:\Windows\System32\bcrypt.dll
0x00007ff854bd0000 - 0x00007ff854bfe000 	C:\Windows\SYSTEM32\USERENV.dll
0x00007ff854600000 - 0x00007ff85460c000 	C:\Windows\SYSTEM32\CRYPTBASE.dll
0x00007ff8540e0000 - 0x00007ff85411b000 	C:\Windows\SYSTEM32\IPHLPAPI.DLL
0x00007ff8561f0000 - 0x00007ff8561f8000 	C:\Windows\System32\NSI.dll
0x00007ff84f1d0000 - 0x00007ff84f1e7000 	C:\Windows\SYSTEM32\dhcpcsvc6.DLL
0x00007ff84ee70000 - 0x00007ff84ee8d000 	C:\Windows\SYSTEM32\dhcpcsvc.DLL
0x00007ff854120000 - 0x00007ff8541eb000 	C:\Windows\SYSTEM32\DNSAPI.dll

dbghelp: loaded successfully - version: 4.0.5 - missing functions: none
symbol engine: initialized successfully - sym options: 0x614 - pdb path: .;C:\Program Files\Android\Android Studio\jre\bin;C:\Windows\SYSTEM32;C:\Windows\WinSxS\amd64_microsoft.windows.common-controls_6595b64144ccf1df_6.0.19041.1110_none_60b5254171f9507e;C:\Program Files\Android\Android Studio\jre\bin\server;C:\Users\MARIA TERESA\.gradle\native\8bec1ad78214c89d9ad589b4d07fe93259594b29d510b10fafb7a158f7737e5d\windows-amd64;C:\Users\MARIA TERESA\.gradle\native\53dbd7edfb1c66fb8903c78663c9afc45aea4f116125fa6feffd364cf09443e8\windows-amd64

VM Arguments:
jvm_args: --add-opens=java.base/java.util=ALL-UNNAMED --add-opens=java.base/java.lang=ALL-UNNAMED --add-opens=java.base/java.lang.invoke=ALL-UNNAMED --add-opens=java.base/java.util=ALL-UNNAMED --add-opens=java.prefs/java.util.prefs=ALL-UNNAMED --add-opens=java.prefs/java.util.prefs=ALL-UNNAMED --add-opens=java.base/java.nio.charset=ALL-UNNAMED --add-opens=java.base/java.net=ALL-UNNAMED --add-opens=java.base/java.util.concurrent.atomic=ALL-UNNAMED -Xmx2048m -Dfile.encoding=UTF-8 -Duser.country=CO -Duser.language=es -Duser.variant 
java_command: org.gradle.launcher.daemon.bootstrap.GradleDaemon 7.0.2
java_class_path (initial): C:\Users\MARIA TERESA\.gradle\wrapper\dists\gradle-7.0.2-bin\857tjihv64xamwrf0h14cai3r\gradle-7.0.2\lib\gradle-launcher-7.0.2.jar
Launcher Type: SUN_STANDARD

[Global flags]
     intx CICompilerCount                          = 3                                         {product} {ergonomic}
     uint ConcGCThreads                            = 1                                         {product} {ergonomic}
     uint G1ConcRefinementThreads                  = 4                                         {product} {ergonomic}
   size_t G1HeapRegionSize                         = 1048576                                   {product} {ergonomic}
    uintx GCDrainStackTargetSize                   = 64                                        {product} {ergonomic}
   size_t InitialHeapSize                          = 96468992                                  {product} {ergonomic}
   size_t MarkStackSize                            = 4194304                                   {product} {ergonomic}
   size_t MaxHeapSize                              = 2147483648                                {product} {command line}
   size_t MaxNewSize                               = 1287651328                                {product} {ergonomic}
   size_t MinHeapDeltaBytes                        = 1048576                                   {product} {ergonomic}
    uintx NonNMethodCodeHeapSize                   = 5830732                                {pd product} {ergonomic}
    uintx NonProfiledCodeHeapSize                  = 122913754                              {pd product} {ergonomic}
    uintx ProfiledCodeHeapSize                     = 122913754                              {pd product} {ergonomic}
    uintx ReservedCodeCacheSize                    = 251658240                              {pd product} {ergonomic}
     bool SegmentedCodeCache                       = true                                      {product} {ergonomic}
     bool UseCompressedClassPointers               = true                                 {lp64_product} {ergonomic}
     bool UseCompressedOops                        = true                                 {lp64_product} {ergonomic}
     bool UseG1GC                                  = true                                      {product} {ergonomic}
     bool UseLargePagesIndividualAllocation        = false                                  {pd product} {ergonomic}

Logging:
Log output configuration:
 #0: stdout all=warning uptime,level,tags
 #1: stderr all=off uptime,level,tags

Environment Variables:
PATH=C:\Program Files\Common Files\Oracle\Java\javapath;C:\Program Files\Microsoft MPI\Bin\;C:\Windows\system32;C:\Windows;C:\Windows\System32\Wbem;C:\Windows\System32\WindowsPowerShell\v1.0\;C:\Windows\System32\OpenSSH\;C:\Program Files\Azure Data Studio\bin;C:\Program Files (x86)\Microsoft SQL Server\150\Tools\Binn\;C:\Program Files\Microsoft SQL Server\150\Tools\Binn\;C:\Program Files (x86)\Microsoft SQL Server\150\DTS\Binn\;C:\Program Files\Microsoft SQL Server\150\DTS\Binn\;C:\Program Files\Microsoft SQL Server\Client SDK\ODBC\170\Tools\Binn\;C:\Program Files\dotnet\;C:\Program Files\Git\cmd;C:\Users\MARIA TERESA\AppData\Local\Microsoft\WindowsApps;;C:\Users\MARIA TERESA\AppData\Local\Programs\Microsoft VS Code\bin;C:\Program Files\Azure Data Studio\bin;C:\Users\MARIA TERESA\.dotnet\tools
USERNAME=MARIA TERESA
OS=Windows_NT
PROCESSOR_IDENTIFIER=Intel64 Family 6 Model 37 Stepping 2, GenuineIntel



---------------  S Y S T E M  ---------------

OS: Windows 10 , 64 bit Build 19041 (10.0.19041.1348)
OS uptime: 1 days 22:27 hours

CPU:total 4 (initial active 4) (2 cores per cpu, 2 threads per core) family 6 model 37 stepping 2 microcode 0x11, cmov, cx8, fxsr, mmx, sse, sse2, sse3, ssse3, sse4.1, sse4.2, popcnt, ht, tsc, tscinvbit

Memory: 4k page, system-wide physical 5879M (411M free)
TotalPageFile size 5879M (AvailPageFile size 16M)
current process WorkingSet (physical memory assigned to process): 226M, peak: 226M
current process commit charge ("private bytes"): 265M, peak: 284M

vm_info: OpenJDK 64-Bit Server VM (11.0.10+0-b96-7249189) for windows-amd64 JRE (11.0.10+0-b96-7249189), built on Mar 31 2021 21:44:00 by "builder" with MS VC++ 14.0 (VS2015)

END.
