#
# There is insufficient memory for the Java Runtime Environment to continue.
# Native memory allocation (malloc) failed to allocate 716016 bytes for Chunk::new
# Possible reasons:
#   The system is out of physical RAM or swap space
#   The process is running with CompressedOops enabled, and the Java Heap may be blocking the growth of the native heap
# Possible solutions:
#   Reduce memory load on the system
#   Increase physical memory or swap space
#   Check if swap backing store is full
#   Decrease Java heap size (-Xmx/-Xms)
#   Decrease number of Java threads
#   Decrease Java thread stack sizes (-Xss)
#   Set larger code cache with -XX:ReservedCodeCacheSize=
#   JVM is running with Unscaled Compressed Oops mode in which the Java heap is
#     placed in the first 4GB address space. The Java Heap base address is the
#     maximum limit for the native heap growth. Please use -XX:HeapBaseMinAddress
#     to set the Java Heap base and to place the Java Heap above 4GB virtual address.
# This output file may be truncated or incomplete.
#
#  Out of Memory Error (./src/hotspot/share/memory/arena.cpp:197), pid=3140, tid=6324
#
# JRE version: OpenJDK Runtime Environment (11.0.10) (build 11.0.10+0-b96-7249189)
# Java VM: OpenJDK 64-Bit Server VM (11.0.10+0-b96-7249189, mixed mode, tiered, compressed oops, g1 gc, windows-amd64)
# No core dump will be written. Minidumps are not enabled by default on client versions of Windows
#

---------------  S U M M A R Y ------------

Command Line: --add-opens=java.base/java.util=ALL-UNNAMED --add-opens=java.base/java.lang=ALL-UNNAMED --add-opens=java.base/java.lang.invoke=ALL-UNNAMED --add-opens=java.base/java.util=ALL-UNNAMED --add-opens=java.prefs/java.util.prefs=ALL-UNNAMED --add-opens=java.prefs/java.util.prefs=ALL-UNNAMED --add-opens=java.base/java.nio.charset=ALL-UNNAMED --add-opens=java.base/java.net=ALL-UNNAMED --add-opens=java.base/java.util.concurrent.atomic=ALL-UNNAMED -Xmx2048m -Dfile.encoding=UTF-8 -Duser.country=CO -Duser.language=es -Duser.variant org.gradle.launcher.daemon.bootstrap.GradleDaemon 7.0.2

Host: Intel(R) Core(TM) i3 CPU         540  @ 3.07GHz, 4 cores, 5G,  Windows 10 , 64 bit Build 19041 (10.0.19041.1202)
Time: Thu Nov 11 16:28:46 2021 Hora est. Pacífico, Sudamérica elapsed time: 6.400238 seconds (0d 0h 0m 6s)

---------------  T H R E A D  ---------------

Current thread (0x000001695bd02000):  JavaThread "C2 CompilerThread1" daemon [_thread_in_native, id=6324, stack(0x000000174f400000,0x000000174f500000)]


Current CompileTask:
C2:   6400 2277   !   4       java.net.URL::<init> (543 bytes)

Stack: [0x000000174f400000,0x000000174f500000]
Native frames: (J=compiled Java code, j=interpreted, Vv=VM code, C=native code)
V  [jvm.dll+0x5ecfaa]
V  [jvm.dll+0x722bd5]
V  [jvm.dll+0x72412d]
V  [jvm.dll+0x7247e3]
V  [jvm.dll+0x242928]
V  [jvm.dll+0xbc4fc]
V  [jvm.dll+0xbca0c]
V  [jvm.dll+0x2b4fd4]
V  [jvm.dll+0x506028]
V  [jvm.dll+0x203253]
V  [jvm.dll+0x1fd07c]
V  [jvm.dll+0x1fa77f]
V  [jvm.dll+0x18354c]
V  [jvm.dll+0x208ee7]
V  [jvm.dll+0x207731]
V  [jvm.dll+0x6eb1cf]
V  [jvm.dll+0x6e3d45]
V  [jvm.dll+0x5ebe96]
C  [ucrtbase.dll+0x21bb2]
C  [KERNEL32.DLL+0x17034]
C  [ntdll.dll+0x52651]


---------------  P R O C E S S  ---------------

Threads class SMR info:
_java_thread_list=0x000001695e5c6c50, length=30, elements={
0x000001693de64000, 0x00000169599a1800, 0x00000169599a2800, 0x000001695a363800,
0x00000169599ac800, 0x00000169599ae800, 0x00000169599b2000, 0x00000169599b6800,
0x00000169599e7800, 0x000001695a483000, 0x000001695be6c000, 0x000001695ba20800,
0x000001695b892800, 0x000001695bca8800, 0x000001695c308800, 0x000001695ba1d800,
0x000001695b6ce800, 0x000001695bafe000, 0x000001695ba8d000, 0x000001695ba91000,
0x000001695bd02000, 0x000001695ba8b800, 0x000001695ba8c000, 0x000001695ba8e800,
0x000001695ba8f800, 0x000001695ba8e000, 0x000001695ba90800, 0x000001695ba92000,
0x000001695c9e4000, 0x000001695c9e5800
}

Java Threads: ( => current thread )
  0x000001693de64000 JavaThread "main" [_thread_blocked, id=1512, stack(0x000000174d600000,0x000000174d700000)]
  0x00000169599a1800 JavaThread "Reference Handler" daemon [_thread_blocked, id=4944, stack(0x000000174dd00000,0x000000174de00000)]
  0x00000169599a2800 JavaThread "Finalizer" daemon [_thread_blocked, id=4732, stack(0x000000174de00000,0x000000174df00000)]
  0x000001695a363800 JavaThread "Signal Dispatcher" daemon [_thread_blocked, id=10008, stack(0x000000174df00000,0x000000174e000000)]
  0x00000169599ac800 JavaThread "Attach Listener" daemon [_thread_blocked, id=8732, stack(0x000000174e000000,0x000000174e100000)]
  0x00000169599ae800 JavaThread "Service Thread" daemon [_thread_blocked, id=9284, stack(0x000000174e100000,0x000000174e200000)]
  0x00000169599b2000 JavaThread "C2 CompilerThread0" daemon [_thread_blocked, id=7808, stack(0x000000174e200000,0x000000174e300000)]
  0x00000169599b6800 JavaThread "C1 CompilerThread0" daemon [_thread_blocked, id=2260, stack(0x000000174e300000,0x000000174e400000)]
  0x00000169599e7800 JavaThread "Sweeper thread" daemon [_thread_blocked, id=1052, stack(0x000000174e400000,0x000000174e500000)]
  0x000001695a483000 JavaThread "Common-Cleaner" daemon [_thread_blocked, id=10000, stack(0x000000174e500000,0x000000174e600000)]
  0x000001695be6c000 JavaThread "Daemon health stats" [_thread_blocked, id=9832, stack(0x000000174e900000,0x000000174ea00000)]
  0x000001695ba20800 JavaThread "Incoming local TCP Connector on port 55667" [_thread_in_native, id=5688, stack(0x000000174e700000,0x000000174e800000)]
  0x000001695b892800 JavaThread "Daemon periodic checks" [_thread_blocked, id=9148, stack(0x000000174ea00000,0x000000174eb00000)]
  0x000001695bca8800 JavaThread "Daemon" [_thread_blocked, id=6872, stack(0x000000174eb00000,0x000000174ec00000)]
  0x000001695c308800 JavaThread "Handler for socket connection from /127.0.0.1:55667 to /127.0.0.1:55668" [_thread_in_native, id=1812, stack(0x000000174ec00000,0x000000174ed00000)]
  0x000001695ba1d800 JavaThread "Cancel handler" [_thread_blocked, id=8544, stack(0x000000174ed00000,0x000000174ee00000)]
  0x000001695b6ce800 JavaThread "Daemon worker" [_thread_in_vm, id=1944, stack(0x000000174ee00000,0x000000174ef00000)]
  0x000001695bafe000 JavaThread "Asynchronous log dispatcher for DefaultDaemonConnection: socket connection from /127.0.0.1:55667 to /127.0.0.1:55668" [_thread_blocked, id=1444, stack(0x000000174ef00000,0x000000174f000000)]
  0x000001695ba8d000 JavaThread "Stdin handler" [_thread_blocked, id=8060, stack(0x000000174f000000,0x000000174f100000)]
  0x000001695ba91000 JavaThread "Daemon client event forwarder" [_thread_blocked, id=6860, stack(0x000000174f100000,0x000000174f200000)]
=>0x000001695bd02000 JavaThread "C2 CompilerThread1" daemon [_thread_in_native, id=6324, stack(0x000000174f400000,0x000000174f500000)]
  0x000001695ba8b800 JavaThread "Cache worker for file hash cache (C:\Users\MARIA TERESA\.gradle\caches\7.0.2\fileHashes)" [_thread_blocked, id=216, stack(0x000000174f500000,0x000000174f600000)]
  0x000001695ba8c000 JavaThread "File lock request listener" [_thread_in_native, id=2812, stack(0x000000174f600000,0x000000174f700000)]
  0x000001695ba8e800 JavaThread "Cache worker for journal cache (C:\Users\MARIA TERESA\.gradle\caches\journal-1)" [_thread_blocked, id=4832, stack(0x000000174f700000,0x000000174f800000)]
  0x000001695ba8f800 JavaThread "Cache worker for file hash cache (G:\DOWNLOADS\androidstudioprojects\.gradle\7.0.2\fileHashes)" [_thread_blocked, id=3496, stack(0x000000174f800000,0x000000174f900000)]
  0x000001695ba8e000 JavaThread "File watcher server" daemon [_thread_in_native, id=6408, stack(0x000000174f900000,0x000000174fa00000)]
  0x000001695ba90800 JavaThread "File watcher consumer" daemon [_thread_blocked, id=9664, stack(0x000000174fa00000,0x000000174fb00000)]
  0x000001695ba92000 JavaThread "Cache worker for checksums cache (G:\DOWNLOADS\androidstudioprojects\.gradle\checksums)" [_thread_blocked, id=1772, stack(0x000000174fb00000,0x000000174fc00000)]
  0x000001695c9e4000 JavaThread "Cache worker for cache directory md-supplier (C:\Users\MARIA TERESA\.gradle\caches\7.0.2\md-supplier)" [_thread_blocked, id=4216, stack(0x000000174fc00000,0x000000174fd00000)]
  0x000001695c9e5800 JavaThread "Cache worker for cache directory md-rule (C:\Users\MARIA TERESA\.gradle\caches\7.0.2\md-rule)" [_thread_blocked, id=3552, stack(0x000000174fd00000,0x000000174fe00000)]

Other Threads:
  0x0000016959948800 VMThread "VM Thread" [stack: 0x000000174dc00000,0x000000174dd00000] [id=2736]
  0x000001695a488800 WatcherThread [stack: 0x000000174e600000,0x000000174e700000] [id=9244]
  0x000001693de76800 GCTaskThread "GC Thread#0" [stack: 0x000000174d700000,0x000000174d800000] [id=9160]
  0x000001695ab30800 GCTaskThread "GC Thread#1" [stack: 0x000000174e800000,0x000000174e900000] [id=3572]
  0x000001695c44d000 GCTaskThread "GC Thread#2" [stack: 0x000000174f200000,0x000000174f300000] [id=6724]
  0x000001695b15e800 GCTaskThread "GC Thread#3" [stack: 0x000000174f300000,0x000000174f400000] [id=7488]
  0x000001693dea6000 ConcurrentGCThread "G1 Main Marker" [stack: 0x000000174d800000,0x000000174d900000] [id=8528]
  0x000001693deaa000 ConcurrentGCThread "G1 Conc#0" [stack: 0x000000174d900000,0x000000174da00000] [id=9304]
  0x000001693df0a000 ConcurrentGCThread "G1 Refine#0" [stack: 0x000000174da00000,0x000000174db00000] [id=10056]
  0x000001693df0b000 ConcurrentGCThread "G1 Young RemSet Sampling" [stack: 0x000000174db00000,0x000000174dc00000] [id=5132]

Threads with active compile tasks:
C2 CompilerThread1   6431 2277   !   4       java.net.URL::<init> (543 bytes)

VM state:not at safepoint (normal execution)

VM Mutex/Monitor currently owned by a thread: None

Heap address: 0x0000000080000000, size: 2048 MB, Compressed Oops mode: 32-bit
Narrow klass base: 0x0000000000000000, Narrow klass shift: 3
Compressed class space size: 1073741824 Address: 0x0000000100000000

Heap:
 garbage-first heap   total 113664K, used 50945K [0x0000000080000000, 0x0000000100000000)
  region size 1024K, 35 young (35840K), 3 survivors (3072K)
 Metaspace       used 27887K, capacity 28632K, committed 28800K, reserved 1075200K
  class space    used 3690K, capacity 3932K, committed 3968K, reserved 1048576K
Heap Regions: E=young(eden), S=young(survivor), O=old, HS=humongous(starts), HC=humongous(continues), CS=collection set, F=free, A=archive, TAMS=top-at-mark-start (previous, next)
|   0|0x0000000080000000, 0x0000000080100000, 0x0000000080100000|100%|HS|  |TAMS 0x0000000080100000, 0x0000000080000000| Complete 
|   1|0x0000000080100000, 0x0000000080200000, 0x0000000080200000|100%|HC|  |TAMS 0x0000000080200000, 0x0000000080100000| Complete 
|   2|0x0000000080200000, 0x0000000080300000, 0x0000000080300000|100%|HC|  |TAMS 0x0000000080300000, 0x0000000080200000| Complete 
|   3|0x0000000080300000, 0x0000000080400000, 0x0000000080400000|100%| O|  |TAMS 0x0000000080400000, 0x0000000080300000| Untracked 
|   4|0x0000000080400000, 0x0000000080500000, 0x0000000080500000|100%| O|  |TAMS 0x0000000080500000, 0x0000000080400000| Untracked 
|   5|0x0000000080500000, 0x0000000080600000, 0x0000000080600000|100%| O|  |TAMS 0x0000000080600000, 0x0000000080500000| Untracked 
|   6|0x0000000080600000, 0x0000000080700000, 0x0000000080700000|100%| O|  |TAMS 0x0000000080700000, 0x0000000080600000| Untracked 
|   7|0x0000000080700000, 0x0000000080800000, 0x0000000080800000|100%| O|  |TAMS 0x0000000080800000, 0x0000000080700000| Untracked 
|   8|0x0000000080800000, 0x0000000080900000, 0x0000000080900000|100%| O|  |TAMS 0x0000000080900000, 0x0000000080800000| Untracked 
|   9|0x0000000080900000, 0x0000000080a00000, 0x0000000080a00000|100%| O|  |TAMS 0x0000000080a00000, 0x0000000080900000| Untracked 
|  10|0x0000000080a00000, 0x0000000080b00000, 0x0000000080b00000|100%| O|  |TAMS 0x0000000080b00000, 0x0000000080a00000| Untracked 
|  11|0x0000000080b00000, 0x0000000080c00000, 0x0000000080c00000|100%| O|  |TAMS 0x0000000080c00000, 0x0000000080b00000| Untracked 
|  12|0x0000000080c00000, 0x0000000080d00000, 0x0000000080d00000|100%| O|  |TAMS 0x0000000080d00000, 0x0000000080c00000| Untracked 
|  13|0x0000000080d00000, 0x0000000080e00000, 0x0000000080e00000|100%| O|  |TAMS 0x0000000080e00000, 0x0000000080d00000| Untracked 
|  14|0x0000000080e00000, 0x0000000080f00000, 0x0000000080f00000|100%| O|  |TAMS 0x0000000080f00000, 0x0000000080e00000| Untracked 
|  15|0x0000000080f00000, 0x0000000081000000, 0x0000000081000000|100%| O|  |TAMS 0x0000000081000000, 0x0000000080f00000| Untracked 
|  16|0x0000000081000000, 0x0000000081033000, 0x0000000081100000| 19%| O|  |TAMS 0x0000000081033000, 0x0000000081000000| Untracked 
|  17|0x0000000081100000, 0x0000000081100000, 0x0000000081200000|  0%| F|  |TAMS 0x0000000081100000, 0x0000000081100000| Untracked 
|  18|0x0000000081200000, 0x0000000081200000, 0x0000000081300000|  0%| F|  |TAMS 0x0000000081200000, 0x0000000081200000| Untracked 
|  19|0x0000000081300000, 0x0000000081300000, 0x0000000081400000|  0%| F|  |TAMS 0x0000000081300000, 0x0000000081300000| Untracked 
|  20|0x0000000081400000, 0x0000000081400000, 0x0000000081500000|  0%| F|  |TAMS 0x0000000081400000, 0x0000000081400000| Untracked 
|  21|0x0000000081500000, 0x0000000081500000, 0x0000000081600000|  0%| F|  |TAMS 0x0000000081500000, 0x0000000081500000| Untracked 
|  22|0x0000000081600000, 0x0000000081600000, 0x0000000081700000|  0%| F|  |TAMS 0x0000000081600000, 0x0000000081600000| Untracked 
|  23|0x0000000081700000, 0x0000000081700000, 0x0000000081800000|  0%| F|  |TAMS 0x0000000081700000, 0x0000000081700000| Untracked 
|  24|0x0000000081800000, 0x0000000081800000, 0x0000000081900000|  0%| F|  |TAMS 0x0000000081800000, 0x0000000081800000| Untracked 
|  25|0x0000000081900000, 0x0000000081900000, 0x0000000081a00000|  0%| F|  |TAMS 0x0000000081900000, 0x0000000081900000| Untracked 
|  26|0x0000000081a00000, 0x0000000081a00000, 0x0000000081b00000|  0%| F|  |TAMS 0x0000000081a00000, 0x0000000081a00000| Untracked 
|  27|0x0000000081b00000, 0x0000000081b00000, 0x0000000081c00000|  0%| F|  |TAMS 0x0000000081b00000, 0x0000000081b00000| Untracked 
|  28|0x0000000081c00000, 0x0000000081c00000, 0x0000000081d00000|  0%| F|  |TAMS 0x0000000081c00000, 0x0000000081c00000| Untracked 
|  29|0x0000000081d00000, 0x0000000081d00000, 0x0000000081e00000|  0%| F|  |TAMS 0x0000000081d00000, 0x0000000081d00000| Untracked 
|  30|0x0000000081e00000, 0x0000000081e00000, 0x0000000081f00000|  0%| F|  |TAMS 0x0000000081e00000, 0x0000000081e00000| Untracked 
|  31|0x0000000081f00000, 0x0000000081f00000, 0x0000000082000000|  0%| F|  |TAMS 0x0000000081f00000, 0x0000000081f00000| Untracked 
|  32|0x0000000082000000, 0x0000000082000000, 0x0000000082100000|  0%| F|  |TAMS 0x0000000082000000, 0x0000000082000000| Untracked 
|  33|0x0000000082100000, 0x0000000082100000, 0x0000000082200000|  0%| F|  |TAMS 0x0000000082100000, 0x0000000082100000| Untracked 
|  34|0x0000000082200000, 0x0000000082200000, 0x0000000082300000|  0%| F|  |TAMS 0x0000000082200000, 0x0000000082200000| Untracked 
|  35|0x0000000082300000, 0x0000000082300000, 0x0000000082400000|  0%| F|  |TAMS 0x0000000082300000, 0x0000000082300000| Untracked 
|  36|0x0000000082400000, 0x0000000082400000, 0x0000000082500000|  0%| F|  |TAMS 0x0000000082400000, 0x0000000082400000| Untracked 
|  37|0x0000000082500000, 0x0000000082500000, 0x0000000082600000|  0%| F|  |TAMS 0x0000000082500000, 0x0000000082500000| Untracked 
|  38|0x0000000082600000, 0x0000000082600000, 0x0000000082700000|  0%| F|  |TAMS 0x0000000082600000, 0x0000000082600000| Untracked 
|  39|0x0000000082700000, 0x0000000082700000, 0x0000000082800000|  0%| F|  |TAMS 0x0000000082700000, 0x0000000082700000| Untracked 
|  40|0x0000000082800000, 0x0000000082800000, 0x0000000082900000|  0%| F|  |TAMS 0x0000000082800000, 0x0000000082800000| Untracked 
|  41|0x0000000082900000, 0x0000000082900000, 0x0000000082a00000|  0%| F|  |TAMS 0x0000000082900000, 0x0000000082900000| Untracked 
|  42|0x0000000082a00000, 0x0000000082a00000, 0x0000000082b00000|  0%| F|  |TAMS 0x0000000082a00000, 0x0000000082a00000| Untracked 
|  43|0x0000000082b00000, 0x0000000082b00000, 0x0000000082c00000|  0%| F|  |TAMS 0x0000000082b00000, 0x0000000082b00000| Untracked 
|  44|0x0000000082c00000, 0x0000000082c00000, 0x0000000082d00000|  0%| F|  |TAMS 0x0000000082c00000, 0x0000000082c00000| Untracked 
|  45|0x0000000082d00000, 0x0000000082d00000, 0x0000000082e00000|  0%| F|  |TAMS 0x0000000082d00000, 0x0000000082d00000| Untracked 
|  46|0x0000000082e00000, 0x0000000082e00000, 0x0000000082f00000|  0%| F|  |TAMS 0x0000000082e00000, 0x0000000082e00000| Untracked 
|  47|0x0000000082f00000, 0x0000000082f00000, 0x0000000083000000|  0%| F|  |TAMS 0x0000000082f00000, 0x0000000082f00000| Untracked 
|  48|0x0000000083000000, 0x0000000083000000, 0x0000000083100000|  0%| F|  |TAMS 0x0000000083000000, 0x0000000083000000| Untracked 
|  49|0x0000000083100000, 0x0000000083100000, 0x0000000083200000|  0%| F|  |TAMS 0x0000000083100000, 0x0000000083100000| Untracked 
|  50|0x0000000083200000, 0x0000000083200000, 0x0000000083300000|  0%| F|  |TAMS 0x0000000083200000, 0x0000000083200000| Untracked 
|  51|0x0000000083300000, 0x0000000083300000, 0x0000000083400000|  0%| F|  |TAMS 0x0000000083300000, 0x0000000083300000| Untracked 
|  52|0x0000000083400000, 0x0000000083400000, 0x0000000083500000|  0%| F|  |TAMS 0x0000000083400000, 0x0000000083400000| Untracked 
|  53|0x0000000083500000, 0x0000000083500000, 0x0000000083600000|  0%| F|  |TAMS 0x0000000083500000, 0x0000000083500000| Untracked 
|  54|0x0000000083600000, 0x0000000083600000, 0x0000000083700000|  0%| F|  |TAMS 0x0000000083600000, 0x0000000083600000| Untracked 
|  55|0x0000000083700000, 0x0000000083700000, 0x0000000083800000|  0%| F|  |TAMS 0x0000000083700000, 0x0000000083700000| Untracked 
|  56|0x0000000083800000, 0x0000000083800000, 0x0000000083900000|  0%| F|  |TAMS 0x0000000083800000, 0x0000000083800000| Untracked 
|  57|0x0000000083900000, 0x0000000083900000, 0x0000000083a00000|  0%| F|  |TAMS 0x0000000083900000, 0x0000000083900000| Untracked 
|  58|0x0000000083a00000, 0x0000000083a00000, 0x0000000083b00000|  0%| F|  |TAMS 0x0000000083a00000, 0x0000000083a00000| Untracked 
|  59|0x0000000083b00000, 0x0000000083b00000, 0x0000000083c00000|  0%| F|  |TAMS 0x0000000083b00000, 0x0000000083b00000| Untracked 
|  60|0x0000000083c00000, 0x0000000083c00000, 0x0000000083d00000|  0%| F|  |TAMS 0x0000000083c00000, 0x0000000083c00000| Untracked 
|  61|0x0000000083d00000, 0x0000000083d00000, 0x0000000083e00000|  0%| F|  |TAMS 0x0000000083d00000, 0x0000000083d00000| Untracked 
|  62|0x0000000083e00000, 0x0000000083e00000, 0x0000000083f00000|  0%| F|  |TAMS 0x0000000083e00000, 0x0000000083e00000| Untracked 
|  63|0x0000000083f00000, 0x0000000083f00000, 0x0000000084000000|  0%| F|  |TAMS 0x0000000083f00000, 0x0000000083f00000| Untracked 
|  64|0x0000000084000000, 0x0000000084000000, 0x0000000084100000|  0%| F|  |TAMS 0x0000000084000000, 0x0000000084000000| Untracked 
|  65|0x0000000084100000, 0x0000000084100000, 0x0000000084200000|  0%| F|  |TAMS 0x0000000084100000, 0x0000000084100000| Untracked 
|  66|0x0000000084200000, 0x000000008428d6d0, 0x0000000084300000| 55%| S|CS|TAMS 0x0000000084200000, 0x0000000084200000| Complete 
|  67|0x0000000084300000, 0x0000000084400000, 0x0000000084400000|100%| S|CS|TAMS 0x0000000084300000, 0x0000000084300000| Complete 
|  68|0x0000000084400000, 0x0000000084500000, 0x0000000084500000|100%| S|CS|TAMS 0x0000000084400000, 0x0000000084400000| Complete 
|  69|0x0000000084500000, 0x0000000084500000, 0x0000000084600000|  0%| F|  |TAMS 0x0000000084500000, 0x0000000084500000| Untracked 
|  70|0x0000000084600000, 0x0000000084600000, 0x0000000084700000|  0%| F|  |TAMS 0x0000000084600000, 0x0000000084600000| Untracked 
|  71|0x0000000084700000, 0x0000000084700000, 0x0000000084800000|  0%| F|  |TAMS 0x0000000084700000, 0x0000000084700000| Untracked 
|  72|0x0000000084800000, 0x0000000084800000, 0x0000000084900000|  0%| F|  |TAMS 0x0000000084800000, 0x0000000084800000| Untracked 
|  73|0x0000000084900000, 0x0000000084900000, 0x0000000084a00000|  0%| F|  |TAMS 0x0000000084900000, 0x0000000084900000| Untracked 
|  74|0x0000000084a00000, 0x0000000084a00000, 0x0000000084b00000|  0%| F|  |TAMS 0x0000000084a00000, 0x0000000084a00000| Untracked 
|  75|0x0000000084b00000, 0x0000000084b00000, 0x0000000084c00000|  0%| F|  |TAMS 0x0000000084b00000, 0x0000000084b00000| Untracked 
|  76|0x0000000084c00000, 0x0000000084c00000, 0x0000000084d00000|  0%| F|  |TAMS 0x0000000084c00000, 0x0000000084c00000| Untracked 
|  77|0x0000000084d00000, 0x0000000084d00000, 0x0000000084e00000|  0%| F|  |TAMS 0x0000000084d00000, 0x0000000084d00000| Untracked 
|  78|0x0000000084e00000, 0x0000000084e00000, 0x0000000084f00000|  0%| F|  |TAMS 0x0000000084e00000, 0x0000000084e00000| Untracked 
|  79|0x0000000084f00000, 0x0000000084f80800, 0x0000000085000000| 50%| E|  |TAMS 0x0000000084f00000, 0x0000000084f00000| Complete 
|  80|0x0000000085000000, 0x0000000085100000, 0x0000000085100000|100%| E|CS|TAMS 0x0000000085000000, 0x0000000085000000| Complete 
|  81|0x0000000085100000, 0x0000000085200000, 0x0000000085200000|100%| E|CS|TAMS 0x0000000085100000, 0x0000000085100000| Complete 
|  82|0x0000000085200000, 0x0000000085300000, 0x0000000085300000|100%| E|CS|TAMS 0x0000000085200000, 0x0000000085200000| Complete 
|  83|0x0000000085300000, 0x0000000085400000, 0x0000000085400000|100%| E|CS|TAMS 0x0000000085300000, 0x0000000085300000| Complete 
|  84|0x0000000085400000, 0x0000000085500000, 0x0000000085500000|100%| E|CS|TAMS 0x0000000085400000, 0x0000000085400000| Complete 
|  85|0x0000000085500000, 0x0000000085600000, 0x0000000085600000|100%| E|CS|TAMS 0x0000000085500000, 0x0000000085500000| Complete 
|  86|0x0000000085600000, 0x0000000085700000, 0x0000000085700000|100%| E|CS|TAMS 0x0000000085600000, 0x0000000085600000| Complete 
|  87|0x0000000085700000, 0x0000000085800000, 0x0000000085800000|100%| E|CS|TAMS 0x0000000085700000, 0x0000000085700000| Complete 
|  88|0x0000000085800000, 0x0000000085900000, 0x0000000085900000|100%| E|CS|TAMS 0x0000000085800000, 0x0000000085800000| Complete 
|  89|0x0000000085900000, 0x0000000085a00000, 0x0000000085a00000|100%| E|CS|TAMS 0x0000000085900000, 0x0000000085900000| Complete 
|  90|0x0000000085a00000, 0x0000000085b00000, 0x0000000085b00000|100%| E|CS|TAMS 0x0000000085a00000, 0x0000000085a00000| Complete 
|  91|0x0000000085b00000, 0x0000000085c00000, 0x0000000085c00000|100%| E|CS|TAMS 0x0000000085b00000, 0x0000000085b00000| Complete 
|  92|0x0000000085c00000, 0x0000000085d00000, 0x0000000085d00000|100%| E|CS|TAMS 0x0000000085c00000, 0x0000000085c00000| Complete 
|  93|0x0000000085d00000, 0x0000000085e00000, 0x0000000085e00000|100%| E|CS|TAMS 0x0000000085d00000, 0x0000000085d00000| Complete 
|  94|0x0000000085e00000, 0x0000000085f00000, 0x0000000085f00000|100%| E|CS|TAMS 0x0000000085e00000, 0x0000000085e00000| Complete 
|  95|0x0000000085f00000, 0x0000000086000000, 0x0000000086000000|100%| E|CS|TAMS 0x0000000085f00000, 0x0000000085f00000| Complete 
|  96|0x0000000086000000, 0x0000000086100000, 0x0000000086100000|100%| E|CS|TAMS 0x0000000086000000, 0x0000000086000000| Complete 
|  97|0x0000000086100000, 0x0000000086200000, 0x0000000086200000|100%| E|CS|TAMS 0x0000000086100000, 0x0000000086100000| Complete 
|  98|0x0000000086200000, 0x0000000086300000, 0x0000000086300000|100%| E|CS|TAMS 0x0000000086200000, 0x0000000086200000| Complete 
|  99|0x0000000086300000, 0x0000000086400000, 0x0000000086400000|100%| E|CS|TAMS 0x0000000086300000, 0x0000000086300000| Complete 
| 100|0x0000000086400000, 0x0000000086500000, 0x0000000086500000|100%| E|CS|TAMS 0x0000000086400000, 0x0000000086400000| Complete 
| 101|0x0000000086500000, 0x0000000086600000, 0x0000000086600000|100%| E|CS|TAMS 0x0000000086500000, 0x0000000086500000| Complete 
| 102|0x0000000086600000, 0x0000000086700000, 0x0000000086700000|100%| E|CS|TAMS 0x0000000086600000, 0x0000000086600000| Complete 
| 103|0x0000000086700000, 0x0000000086800000, 0x0000000086800000|100%| E|CS|TAMS 0x0000000086700000, 0x0000000086700000| Complete 
| 104|0x0000000086800000, 0x0000000086900000, 0x0000000086900000|100%| E|CS|TAMS 0x0000000086800000, 0x0000000086800000| Complete 
| 105|0x0000000086900000, 0x0000000086a00000, 0x0000000086a00000|100%| E|CS|TAMS 0x0000000086900000, 0x0000000086900000| Complete 
| 106|0x0000000086a00000, 0x0000000086b00000, 0x0000000086b00000|100%| E|CS|TAMS 0x0000000086a00000, 0x0000000086a00000| Complete 
| 107|0x0000000086b00000, 0x0000000086c00000, 0x0000000086c00000|100%| E|CS|TAMS 0x0000000086b00000, 0x0000000086b00000| Complete 
| 108|0x0000000086c00000, 0x0000000086d00000, 0x0000000086d00000|100%| E|CS|TAMS 0x0000000086c00000, 0x0000000086c00000| Complete 
| 109|0x0000000086d00000, 0x0000000086e00000, 0x0000000086e00000|100%| E|CS|TAMS 0x0000000086d00000, 0x0000000086d00000| Complete 
| 110|0x0000000086e00000, 0x0000000086f00000, 0x0000000086f00000|100%| E|CS|TAMS 0x0000000086e00000, 0x0000000086e00000| Complete 

Card table byte_map: [0x0000016952b50000,0x0000016952f50000] _byte_map_base: 0x0000016952750000

Marking Bits (Prev, Next): (CMBitMap*) 0x000001693de9d070, (CMBitMap*) 0x000001693de9d038
 Prev Bits: [0x0000016955350000, 0x0000016957350000)
 Next Bits: [0x0000016953350000, 0x0000016955350000)

Polling page: 0x000001693df40000

Metaspace:

Usage:
  Non-class:     24.12 MB capacity,    23.65 MB ( 98%) used,   429.96 KB (  2%) free+waste,    56.50 KB ( <1%) overhead. 
      Class:      3.84 MB capacity,     3.61 MB ( 94%) used,   210.70 KB (  5%) free+waste,    28.63 KB ( <1%) overhead. 
       Both:     27.96 MB capacity,    27.25 MB ( 97%) used,   640.66 KB (  2%) free+waste,    85.13 KB ( <1%) overhead. 

Virtual space:
  Non-class space:       26.00 MB reserved,      24.25 MB ( 93%) committed 
      Class space:        1.00 GB reserved,       3.88 MB ( <1%) committed 
             Both:        1.03 GB reserved,      28.13 MB (  3%) committed 

Chunk freelists:
   Non-Class:  4.00 KB
       Class:  4.00 KB
        Both:  8.00 KB

MaxMetaspaceSize: 17179869184.00 GB
CompressedClassSpaceSize: 1.00 GB

CodeHeap 'non-profiled nmethods': size=120064Kb used=1180Kb max_used=1180Kb free=118884Kb
 bounds [0x000001694abe0000, 0x000001694ae50000, 0x0000016952120000]
CodeHeap 'profiled nmethods': size=120000Kb used=5304Kb max_used=5304Kb free=114695Kb
 bounds [0x00000169436b0000, 0x0000016943be0000, 0x000001694abe0000]
CodeHeap 'non-nmethods': size=5696Kb used=1153Kb max_used=1225Kb free=4542Kb
 bounds [0x0000016943120000, 0x0000016943390000, 0x00000169436b0000]
 total_blobs=2885 nmethods=2382 adapters=415
 compilation: enabled
              stopped_count=0, restarted_count=0
 full_count=0

Compilation events (20 events):
Event: 6.385 Thread 0x00000169599b6800 nmethod 2352 0x0000016943bcef90 code [0x0000016943bcf1a0, 0x0000016943bcf8a8]
Event: 6.385 Thread 0x00000169599b6800 2353       3       sun.reflect.generics.reflectiveObjects.ParameterizedTypeImpl::getRawType (5 bytes)
Event: 6.386 Thread 0x00000169599b6800 nmethod 2353 0x0000016943bcfa90 code [0x0000016943bcfc40, 0x0000016943bcfd58]
Event: 6.388 Thread 0x00000169599b6800 2354       3       sun.reflect.generics.reflectiveObjects.ParameterizedTypeImpl::getActualTypeArguments (11 bytes)
Event: 6.390 Thread 0x00000169599b6800 nmethod 2354 0x0000016943bcfe10 code [0x0000016943bcffe0, 0x0000016943bd02a8]
Event: 6.390 Thread 0x00000169599b6800 2355       3       com.google.common.collect.RegularImmutableMap$EntrySet$1::get (6 bytes)
Event: 6.390 Thread 0x00000169599b6800 nmethod 2355 0x0000016943bd0390 code [0x0000016943bd0540, 0x0000016943bd0688]
Event: 6.390 Thread 0x00000169599b6800 2356       3       java.lang.Class::annotationData (44 bytes)
Event: 6.391 Thread 0x00000169599b6800 nmethod 2356 0x0000016943bd0710 code [0x0000016943bd08e0, 0x0000016943bd0c48]
Event: 6.391 Thread 0x00000169599b6800 2357       3       java.lang.Class::getAnnotation (22 bytes)
Event: 6.391 Thread 0x00000169599b6800 nmethod 2357 0x0000016943bd0d90 code [0x0000016943bd0f80, 0x0000016943bd13c8]
Event: 6.393 Thread 0x00000169599b6800 2358       3       java.util.TreeMap$PrivateEntryIterator::hasNext (13 bytes)
Event: 6.394 Thread 0x00000169599b6800 nmethod 2358 0x0000016943bd1590 code [0x0000016943bd1740, 0x0000016943bd1898]
Event: 6.394 Thread 0x00000169599b6800 2359       3       org.gradle.internal.instantiation.generator.AbstractClassGenerator$DslMixInPropertyType::visitInstanceMethod (104 bytes)
Event: 6.396 Thread 0x00000169599b6800 nmethod 2359 0x0000016943bd1910 code [0x0000016943bd1b60, 0x0000016943bd2518]
Event: 6.396 Thread 0x00000169599b6800 2360       3       org.objectweb.asm.Type::getType (10 bytes)
Event: 6.396 Thread 0x00000169599b6800 nmethod 2360 0x0000016943bd2810 code [0x0000016943bd29e0, 0x0000016943bd2c08]
Event: 6.396 Thread 0x00000169599b6800 2361       3       org.objectweb.asm.Type::<init> (26 bytes)
Event: 6.396 Thread 0x00000169599b6800 nmethod 2361 0x0000016943bd2d90 code [0x0000016943bd2f40, 0x0000016943bd30f8]
Event: 6.396 Thread 0x00000169599b6800 2363       3       org.objectweb.asm.Frame::merge (395 bytes)

GC Heap History (12 events):
Event: 0.995 GC heap before
{Heap before GC invocations=0 (full 0):
 garbage-first heap   total 94208K, used 17408K [0x0000000080000000, 0x0000000100000000)
  region size 1024K, 14 young (14336K), 0 survivors (0K)
 Metaspace       used 6785K, capacity 6989K, committed 7168K, reserved 1056768K
  class space    used 584K, capacity 650K, committed 768K, reserved 1048576K
}
Event: 1.006 GC heap after
{Heap after GC invocations=1 (full 0):
 garbage-first heap   total 94208K, used 4817K [0x0000000080000000, 0x0000000100000000)
  region size 1024K, 2 young (2048K), 2 survivors (2048K)
 Metaspace       used 6785K, capacity 6989K, committed 7168K, reserved 1056768K
  class space    used 584K, capacity 650K, committed 768K, reserved 1048576K
}
Event: 1.794 GC heap before
{Heap before GC invocations=1 (full 0):
 garbage-first heap   total 94208K, used 20177K [0x0000000080000000, 0x0000000100000000)
  region size 1024K, 14 young (14336K), 2 survivors (2048K)
 Metaspace       used 10287K, capacity 10491K, committed 10624K, reserved 1058816K
  class space    used 1065K, capacity 1141K, committed 1152K, reserved 1048576K
}
Event: 1.802 GC heap after
{Heap after GC invocations=2 (full 0):
 garbage-first heap   total 94208K, used 9811K [0x0000000080000000, 0x0000000100000000)
  region size 1024K, 2 young (2048K), 2 survivors (2048K)
 Metaspace       used 10287K, capacity 10491K, committed 10624K, reserved 1058816K
  class space    used 1065K, capacity 1141K, committed 1152K, reserved 1048576K
}
Event: 2.541 GC heap before
{Heap before GC invocations=2 (full 0):
 garbage-first heap   total 94208K, used 38483K [0x0000000080000000, 0x0000000100000000)
  region size 1024K, 29 young (29696K), 2 survivors (2048K)
 Metaspace       used 11208K, capacity 11508K, committed 11776K, reserved 1060864K
  class space    used 1167K, capacity 1245K, committed 1280K, reserved 1048576K
}
Event: 2.548 GC heap after
{Heap after GC invocations=3 (full 0):
 garbage-first heap   total 94208K, used 12986K [0x0000000080000000, 0x0000000100000000)
  region size 1024K, 4 young (4096K), 4 survivors (4096K)
 Metaspace       used 11208K, capacity 11508K, committed 11776K, reserved 1060864K
  class space    used 1167K, capacity 1245K, committed 1280K, reserved 1048576K
}
Event: 3.732 GC heap before
{Heap before GC invocations=3 (full 0):
 garbage-first heap   total 94208K, used 48826K [0x0000000080000000, 0x0000000100000000)
  region size 1024K, 40 young (40960K), 4 survivors (4096K)
 Metaspace       used 17157K, capacity 17621K, committed 17792K, reserved 1064960K
  class space    used 1969K, capacity 2120K, committed 2176K, reserved 1048576K
}
Event: 3.747 GC heap after
{Heap after GC invocations=4 (full 0):
 garbage-first heap   total 94208K, used 15909K [0x0000000080000000, 0x0000000100000000)
  region size 1024K, 5 young (5120K), 5 survivors (5120K)
 Metaspace       used 17157K, capacity 17621K, committed 17792K, reserved 1064960K
  class space    used 1969K, capacity 2120K, committed 2176K, reserved 1048576K
}
Event: 4.311 GC heap before
{Heap before GC invocations=4 (full 0):
 garbage-first heap   total 94208K, used 44581K [0x0000000080000000, 0x0000000100000000)
  region size 1024K, 35 young (35840K), 5 survivors (5120K)
 Metaspace       used 20591K, capacity 21092K, committed 21248K, reserved 1067008K
  class space    used 2505K, capacity 2690K, committed 2816K, reserved 1048576K
}
Event: 4.323 GC heap after
{Heap after GC invocations=5 (full 0):
 garbage-first heap   total 113664K, used 17736K [0x0000000080000000, 0x0000000100000000)
  region size 1024K, 2 young (2048K), 2 survivors (2048K)
 Metaspace       used 20591K, capacity 21092K, committed 21248K, reserved 1067008K
  class space    used 2505K, capacity 2690K, committed 2816K, reserved 1048576K
}
Event: 5.241 GC heap before
{Heap before GC invocations=6 (full 0):
 garbage-first heap   total 113664K, used 60744K [0x0000000080000000, 0x0000000100000000)
  region size 1024K, 44 young (45056K), 2 survivors (2048K)
 Metaspace       used 24891K, capacity 25507K, committed 25728K, reserved 1071104K
  class space    used 3216K, capacity 3421K, committed 3456K, reserved 1048576K
}
Event: 5.246 GC heap after
{Heap after GC invocations=7 (full 0):
 garbage-first heap   total 113664K, used 19201K [0x0000000080000000, 0x0000000100000000)
  region size 1024K, 3 young (3072K), 3 survivors (3072K)
 Metaspace       used 24891K, capacity 25507K, committed 25728K, reserved 1071104K
  class space    used 3216K, capacity 3421K, committed 3456K, reserved 1048576K
}

Deoptimization events (20 events):
Event: 5.093 Thread 0x000001695b6ce800 DEOPT PACKING pc=0x000001694acd2690 sp=0x000000174eefaf10
Event: 5.093 Thread 0x000001695b6ce800 DEOPT UNPACKING pc=0x0000016943146a29 sp=0x000000174eefaea0 mode 2
Event: 5.317 Thread 0x000001695b6ce800 Uncommon trap: trap_request=0xffffff7e fr.pc=0x000001694acd4554 relative=0x0000000000000174
Event: 5.317 Thread 0x000001695b6ce800 Uncommon trap: reason=predicate action=maybe_recompile pc=0x000001694acd4554 method=com.google.common.base.CharMatcher.indexIn(Ljava/lang/CharSequence;I)I @ 19 c2
Event: 5.317 Thread 0x000001695b6ce800 DEOPT PACKING pc=0x000001694acd4554 sp=0x000000174eefb860
Event: 5.317 Thread 0x000001695b6ce800 DEOPT UNPACKING pc=0x0000016943146a29 sp=0x000000174eefb7f0 mode 2
Event: 5.433 Thread 0x000001695b6ce800 Uncommon trap: trap_request=0xffffffde fr.pc=0x000001694acb21a8 relative=0x00000000000002e8
Event: 5.433 Thread 0x000001695b6ce800 Uncommon trap: reason=class_check action=maybe_recompile pc=0x000001694acb21a8 method=java.util.Collections$SetFromMap.remove(Ljava/lang/Object;)Z @ 5 c2
Event: 5.433 Thread 0x000001695b6ce800 DEOPT PACKING pc=0x000001694acb21a8 sp=0x000000174eefc270
Event: 5.433 Thread 0x000001695b6ce800 DEOPT UNPACKING pc=0x0000016943146a29 sp=0x000000174eefc268 mode 2
Event: 5.433 Thread 0x000001695b6ce800 Uncommon trap: trap_request=0xffffffde fr.pc=0x000001694acb21a8 relative=0x00000000000002e8
Event: 5.433 Thread 0x000001695b6ce800 Uncommon trap: reason=class_check action=maybe_recompile pc=0x000001694acb21a8 method=java.util.Collections$SetFromMap.remove(Ljava/lang/Object;)Z @ 5 c2
Event: 5.433 Thread 0x000001695b6ce800 DEOPT PACKING pc=0x000001694acb21a8 sp=0x000000174eefc1f0
Event: 5.433 Thread 0x000001695b6ce800 DEOPT UNPACKING pc=0x0000016943146a29 sp=0x000000174eefc1e8 mode 2
Event: 5.961 Thread 0x000001695b6ce800 DEOPT PACKING pc=0x000001694379227a sp=0x000000174eef4fa0
Event: 5.961 Thread 0x000001695b6ce800 DEOPT UNPACKING pc=0x000001694314683f sp=0x000000174eef4590 mode 0
Event: 6.218 Thread 0x000001695b6ce800 Uncommon trap: trap_request=0xffffff4d fr.pc=0x000001694acd104c relative=0x000000000000020c
Event: 6.218 Thread 0x000001695b6ce800 Uncommon trap: reason=unstable_if action=reinterpret pc=0x000001694acd104c method=java.util.HashMap.hash(Ljava/lang/Object;)I @ 1 c2
Event: 6.218 Thread 0x000001695b6ce800 DEOPT PACKING pc=0x000001694acd104c sp=0x000000174eef8f00
Event: 6.218 Thread 0x000001695b6ce800 DEOPT UNPACKING pc=0x0000016943146a29 sp=0x000000174eef8e38 mode 2

Classes redefined (0 events):
No events

Internal exceptions (20 events):
Event: 4.358 Thread 0x000001695b6ce800 Exception <a 'java/lang/IncompatibleClassChangeError'{0x0000000086ec6f38}: Found class java.lang.Object, but interface was expected> (0x0000000086ec6f38) thrown at [./src/hotspot/share/interpreter/linkResolver.cpp, line 839]
Event: 4.378 Thread 0x000001695b6ce800 Exception <a 'java/lang/NoSuchMethodError'{0x0000000086d7e118}: 'void java.lang.invoke.DirectMethodHandle$Holder.invokeStatic(java.lang.Object, java.lang.Object, java.lang.Object, java.lang.Object, java.lang.Object)'> (0x0000000086d7e118) thrown at [./src/hotspot/share/interpreter/linkResolver.cpp, line 773]
Event: 4.479 Thread 0x000001695b6ce800 Exception <a 'java/lang/NoSuchMethodError'{0x000000008682ab70}: 'void java.lang.invoke.DirectMethodHandle$Holder.invokeSpecial(java.lang.Object, java.lang.Object)'> (0x000000008682ab70) thrown at [./src/hotspot/share/interpreter/linkResolver.cpp, line 773]
Event: 4.535 Thread 0x000001695b6ce800 Exception <a 'java/lang/NoSuchMethodError'{0x0000000086660510}: 'java.lang.Object java.lang.invoke.DirectMethodHandle$Holder.invokeSpecial(java.lang.Object, java.lang.Object, java.lang.Object, java.lang.Object, java.lang.Object, java.lang.Object, java.lang.Object, java.lang.Object, java.lang.Object)'> (0x0000000086660510) thrown at [./src/hotspot/share/interpreter/linkResolver.cpp, line 773]
Event: 4.692 Thread 0x000001695b6ce800 Exception <a 'java/lang/NoSuchMethodError'{0x0000000085de1130}: 'java.lang.Object java.lang.invoke.DirectMethodHandle$Holder.invokeVirtual(java.lang.Object, java.lang.Object, java.lang.Object, java.lang.Object)'> (0x0000000085de1130) thrown at [./src/hotspot/share/interpreter/linkResolver.cpp, line 773]
Event: 4.729 Thread 0x000001695b6ce800 Exception <a 'java/lang/NoSuchMethodError'{0x0000000085aaaa38}: 'java.lang.Object java.lang.invoke.Invokers$Holder.invoker(java.lang.Object, java.lang.Object, java.lang.Object, java.lang.Object, java.lang.Object)'> (0x0000000085aaaa38) thrown at [./src/hotspot/share/interpreter/linkResolver.cpp, line 773]
Event: 4.851 Thread 0x000001695b6ce800 Exception <a 'java/lang/NoSuchMethodError'{0x00000000856fcbe0}: 'void java.lang.invoke.DirectMethodHandle$Holder.invokeSpecial(java.lang.Object, java.lang.Object, java.lang.Object, java.lang.Object, java.lang.Object, java.lang.Object)'> (0x00000000856fcbe0) thrown at [./src/hotspot/share/interpreter/linkResolver.cpp, line 773]
Event: 4.872 Thread 0x000001695b6ce800 Exception <a 'java/lang/NoSuchMethodError'{0x00000000855628b8}: 'void java.lang.invoke.DirectMethodHandle$Holder.invokeSpecial(java.lang.Object, java.lang.Object, java.lang.Object, java.lang.Object, java.lang.Object, java.lang.Object, java.lang.Object)'> (0x00000000855628b8) thrown at [./src/hotspot/share/interpreter/linkResolver.cpp, line 773]
Event: 4.874 Thread 0x000001695b6ce800 Exception <a 'java/lang/NoSuchMethodError'{0x000000008556ab00}: 'java.lang.Object java.lang.invoke.Invokers$Holder.linkToTargetMethod(java.lang.Object, java.lang.Object, java.lang.Object, java.lang.Object, java.lang.Object, java.lang.Object)'> (0x000000008556ab00) thrown at [./src/hotspot/share/interpreter/linkResolver.cpp, line 773]
Event: 5.136 Thread 0x000001695b6ce800 Exception <a 'java/lang/NoSuchMethodError'{0x00000000848e7480}: 'void java.lang.invoke.DirectMethodHandle$Holder.invokeStaticInit(java.lang.Object, java.lang.Object)'> (0x00000000848e7480) thrown at [./src/hotspot/share/interpreter/linkResolver.cpp, line 773]
Event: 5.404 Thread 0x000001695b6ce800 Exception <a 'java/lang/NoSuchMethodError'{0x0000000086bda860}: 'void java.lang.invoke.DirectMethodHandle$Holder.invokeStatic(java.lang.Object, java.lang.Object, java.lang.Object, java.lang.Object)'> (0x0000000086bda860) thrown at [./src/hotspot/share/interpreter/linkResolver.cpp, line 773]
Event: 5.421 Thread 0x000001695b6ce800 Exception <a 'java/lang/NoSuchMethodError'{0x0000000086bee2b0}: 'int java.lang.invoke.DirectMethodHandle$Holder.invokeInterface(java.lang.Object, java.lang.Object)'> (0x0000000086bee2b0) thrown at [./src/hotspot/share/interpreter/linkResolver.cpp, line 773]
Event: 5.756 Thread 0x000001695b6ce800 Exception <a 'java/lang/NoSuchMethodError'{0x00000000860f98c8}: 'java.lang.Object java.lang.invoke.DirectMethodHandle$Holder.invokeSpecialIFC(java.lang.Object, java.lang.Object, java.lang.Object, java.lang.Object)'> (0x00000000860f98c8) thrown at [./src/hotspot/share/interpreter/linkResolver.cpp, line 773]
Event: 5.769 Thread 0x000001695b6ce800 Exception <a 'java/lang/NoSuchMethodError'{0x0000000085fd5070}: 'java.lang.Object java.lang.invoke.DirectMethodHandle$Holder.invokeSpecial(java.lang.Object, java.lang.Object, java.lang.Object, java.lang.Object, java.lang.Object, java.lang.Object, java.lang.Object, java.lang.Object, java.lang.Object, java.lang.Object, java.lang.Object, java.lang.Object, java.lang.Object)'> (0x0000000085fd5070) thrown at [./src/hotspot/share/interpreter/linkResolver.cpp, line 773]
Event: 5.771 Thread 0x000001695b6ce800 Exception <a 'java/lang/NoSuchMethodError'{0x0000000085fe62f8}: 'java.lang.Object java.lang.invoke.DirectMethodHandle$Holder.invokeSpecial(java.lang.Object, java.lang.Object, java.lang.Object, java.lang.Object, java.lang.Object, java.lang.Object, java.lang.Object, java.lang.Object, java.lang.Object, java.lang.Object, java.lang.Object, java.lang.Object)'> (0x0000000085fe62f8) thrown at [./src/hotspot/share/interpreter/linkResolver.cpp, line 773]
Event: 5.772 Thread 0x000001695b6ce800 Exception <a 'java/lang/NoSuchMethodError'{0x0000000085feb420}: 'java.lang.Object java.lang.invoke.Invokers$Holder.linkToTargetMethod(java.lang.Object, java.lang.Object, java.lang.Object, java.lang.Object, java.lang.Object, java.lang.Object, java.lang.Object, java.lang.Object, java.lang.Object, java.lang.Object, java.lang.Object)'> (0x0000000085feb420) thrown at [./src/hotspot/share/interpreter/linkResolver.cpp, line 773]
Event: 5.811 Thread 0x000001695b6ce800 Exception <a 'java/lang/NoSuchMethodError'{0x0000000085d2b908}: 'java.lang.Object java.lang.invoke.DirectMethodHandle$Holder.invokeSpecial(java.lang.Object, java.lang.Object, java.lang.Object, java.lang.Object, java.lang.Object, java.lang.Object, java.lang.Object, java.lang.Object, java.lang.Object, java.lang.Object, java.lang.Object, java.lang.Object, java.lang.Object, java.lang.Object)'> (0x0000000085d2b908) thrown at [./src/hotspot/share/interpreter/linkResolver.cpp, line 773]
Event: 5.813 Thread 0x000001695b6ce800 Exception <a 'java/lang/NoSuchMethodError'{0x0000000085d3fe70}: 'java.lang.Object java.lang.invoke.Invokers$Holder.linkToTargetMethod(java.lang.Object, java.lang.Object, java.lang.Object, java.lang.Object, java.lang.Object, java.lang.Object, java.lang.Object, java.lang.Object, java.lang.Object, java.lang.Object, java.lang.Object, java.lang.Object)'> (0x0000000085d3fe70) thrown at [./src/hotspot/share/interpreter/linkResolver.cpp, line 773]
Event: 5.828 Thread 0x000001695b6ce800 Exception <a 'java/lang/NoSuchMethodError'{0x0000000085dd1898}: 'java.lang.Object java.lang.invoke.DirectMethodHandle$Holder.invokeStaticInit(java.lang.Object, java.lang.Object, java.lang.Object, java.lang.Object)'> (0x0000000085dd1898) thrown at [./src/hotspot/share/interpreter/linkResolver.cpp, line 773]
Event: 6.218 Thread 0x000001695b6ce800 Implicit null exception at 0x000001694acd0e75 to 0x000001694acd103c

Events (20 events):
Event: 6.373 loading class groovy/lang/Writable
Event: 6.373 loading class groovy/lang/Writable done
Event: 6.373 loading class groovy/lang/Buildable
Event: 6.373 loading class groovy/lang/Buildable done
Event: 6.375 loading class org/gradle/internal/instantiation/generator/Jsr330ConstructorSelector$CachedConstructor
Event: 6.375 loading class org/gradle/internal/instantiation/generator/Jsr330ConstructorSelector$CachedConstructor done
Event: 6.375 loading class org/gradle/internal/instantiation/generator/Jsr330ConstructorSelector$CachedConstructor
Event: 6.375 loading class org/gradle/internal/instantiation/generator/Jsr330ConstructorSelector$CachedConstructor done
Event: 6.376 loading class org/gradle/internal/instantiation/generator/Jsr330ConstructorSelector$CachedConstructor
Event: 6.376 loading class org/gradle/internal/instantiation/generator/Jsr330ConstructorSelector$CachedConstructor done
Event: 6.376 loading class org/gradle/internal/instantiation/generator/Jsr330ConstructorSelector
Event: 6.376 loading class org/gradle/internal/instantiation/generator/Jsr330ConstructorSelector done
Event: 6.377 loading class org/gradle/api/reflect/TypeOf
Event: 6.377 loading class org/gradle/api/reflect/TypeOf done
Event: 6.378 loading class org/gradle/api/internal/AbstractNamedDomainObjectContainer$1
Event: 6.378 loading class org/gradle/api/internal/AbstractNamedDomainObjectContainer$1 done
Event: 6.378 loading class org/gradle/internal/metaobject/ConfigureDelegate
Event: 6.378 loading class org/gradle/internal/metaobject/ConfigureDelegate done
Event: 6.379 loading class org/gradle/api/internal/NamedDomainObjectContainerConfigureDelegate
Event: 6.379 loading class org/gradle/api/internal/NamedDomainObjectContainerConfigureDelegate done


Dynamic libraries:
0x00007ff704380000 - 0x00007ff70438a000 	C:\Program Files\Android\Android Studio\jre\bin\java.exe
0x00007ffeff090000 - 0x00007ffeff285000 	C:\Windows\SYSTEM32\ntdll.dll
0x00007ffefe8d0000 - 0x00007ffefe98e000 	C:\Windows\System32\KERNEL32.DLL
0x00007ffefce10000 - 0x00007ffefd0d9000 	C:\Windows\System32\KERNELBASE.dll
0x00007ffefc7b0000 - 0x00007ffefc8b0000 	C:\Windows\System32\ucrtbase.dll
0x00007ffef0230000 - 0x00007ffef0247000 	C:\Program Files\Android\Android Studio\jre\bin\VCRUNTIME140.dll
0x00007ffeeea10000 - 0x00007ffeeea29000 	C:\Program Files\Android\Android Studio\jre\bin\jli.dll
0x00007ffefee10000 - 0x00007ffefefb1000 	C:\Windows\System32\USER32.dll
0x00007ffefccd0000 - 0x00007ffefccf2000 	C:\Windows\System32\win32u.dll
0x00007ffefd610000 - 0x00007ffefd63b000 	C:\Windows\System32\GDI32.dll
0x00007ffefcd00000 - 0x00007ffefce0b000 	C:\Windows\System32\gdi32full.dll
0x00007ffefc960000 - 0x00007ffefc9fd000 	C:\Windows\System32\msvcp_win.dll
0x00007ffef12b0000 - 0x00007ffef154a000 	C:\Windows\WinSxS\amd64_microsoft.windows.common-controls_6595b64144ccf1df_6.0.19041.1110_none_60b5254171f9507e\COMCTL32.dll
0x00007ffefe7d0000 - 0x00007ffefe86e000 	C:\Windows\System32\msvcrt.dll
0x00007ffefdae0000 - 0x00007ffefdb10000 	C:\Windows\System32\IMM32.DLL
0x00007ffec85a0000 - 0x00007ffec863d000 	C:\Program Files\Android\Android Studio\jre\bin\msvcp140.dll
0x00007ffebac20000 - 0x00007ffebb6ef000 	C:\Program Files\Android\Android Studio\jre\bin\server\jvm.dll
0x00007ffefd0e0000 - 0x00007ffefd18c000 	C:\Windows\System32\ADVAPI32.dll
0x00007ffefed70000 - 0x00007ffefee0b000 	C:\Windows\System32\sechost.dll
0x00007ffefd9b0000 - 0x00007ffefdada000 	C:\Windows\System32\RPCRT4.dll
0x00007ffefd930000 - 0x00007ffefd938000 	C:\Windows\System32\PSAPI.DLL
0x00007ffef7320000 - 0x00007ffef7329000 	C:\Windows\SYSTEM32\WSOCK32.dll
0x00007ffefeb60000 - 0x00007ffefebcb000 	C:\Windows\System32\WS2_32.dll
0x00007ffedf9f0000 - 0x00007ffedfa17000 	C:\Windows\SYSTEM32\WINMM.dll
0x00007ffef1bb0000 - 0x00007ffef1bba000 	C:\Windows\SYSTEM32\VERSION.dll
0x00007ffefa6d0000 - 0x00007ffefa6e2000 	C:\Windows\SYSTEM32\kernel.appcore.dll
0x00007ffef2e30000 - 0x00007ffef2e41000 	C:\Program Files\Android\Android Studio\jre\bin\verify.dll
0x00007ffed8200000 - 0x00007ffed83e4000 	C:\Windows\SYSTEM32\DBGHELP.DLL
0x00007ffeda140000 - 0x00007ffeda16c000 	C:\Windows\SYSTEM32\dbgcore.DLL
0x00007ffefca80000 - 0x00007ffefcb03000 	C:\Windows\System32\bcryptPrimitives.dll
0x00007ffedf510000 - 0x00007ffedf539000 	C:\Program Files\Android\Android Studio\jre\bin\java.dll
0x00007ffef7310000 - 0x00007ffef731b000 	C:\Program Files\Android\Android Studio\jre\bin\jimage.dll
0x00007ffef25b0000 - 0x00007ffef25c8000 	C:\Program Files\Android\Android Studio\jre\bin\zip.dll
0x00007ffefe090000 - 0x00007ffefe7cf000 	C:\Windows\System32\SHELL32.dll
0x00007ffefa8d0000 - 0x00007ffefb060000 	C:\Windows\SYSTEM32\windows.storage.dll
0x00007ffefdc00000 - 0x00007ffefdf55000 	C:\Windows\System32\combase.dll
0x00007ffefc130000 - 0x00007ffefc15c000 	C:\Windows\SYSTEM32\Wldp.dll
0x00007ffefd7f0000 - 0x00007ffefd89d000 	C:\Windows\System32\SHCORE.dll
0x00007ffefecb0000 - 0x00007ffefed05000 	C:\Windows\System32\shlwapi.dll
0x00007ffefc6f0000 - 0x00007ffefc70f000 	C:\Windows\SYSTEM32\profapi.dll
0x00007ffef2250000 - 0x00007ffef226a000 	C:\Program Files\Android\Android Studio\jre\bin\net.dll
0x00007ffef4490000 - 0x00007ffef4598000 	C:\Windows\SYSTEM32\WINHTTP.dll
0x00007ffefbe90000 - 0x00007ffefbefa000 	C:\Windows\system32\mswsock.dll
0x00007ffeef6a0000 - 0x00007ffeef6b4000 	C:\Program Files\Android\Android Studio\jre\bin\nio.dll
0x00007ffed7f00000 - 0x00007ffed7f27000 	C:\Users\MARIA TERESA\.gradle\native\8bec1ad78214c89d9ad589b4d07fe93259594b29d510b10fafb7a158f7737e5d\windows-amd64\native-platform.dll
0x00007ffec6780000 - 0x00007ffec68bd000 	C:\Users\MARIA TERESA\.gradle\native\53dbd7edfb1c66fb8903c78663c9afc45aea4f116125fa6feffd364cf09443e8\windows-amd64\native-platform-file-events.dll
0x00007ffef5c70000 - 0x00007ffef5c7a000 	C:\Program Files\Android\Android Studio\jre\bin\management.dll
0x00007ffef3b70000 - 0x00007ffef3b7c000 	C:\Program Files\Android\Android Studio\jre\bin\management_ext.dll
0x00007ffefc080000 - 0x00007ffefc098000 	C:\Windows\SYSTEM32\CRYPTSP.dll
0x00007ffefb810000 - 0x00007ffefb844000 	C:\Windows\system32\rsaenh.dll
0x00007ffefca00000 - 0x00007ffefca27000 	C:\Windows\System32\bcrypt.dll
0x00007ffefc6b0000 - 0x00007ffefc6de000 	C:\Windows\SYSTEM32\USERENV.dll
0x00007ffefc0a0000 - 0x00007ffefc0ac000 	C:\Windows\SYSTEM32\CRYPTBASE.dll
0x00007ffefbb80000 - 0x00007ffefbbbb000 	C:\Windows\SYSTEM32\IPHLPAPI.DLL
0x00007ffefd9a0000 - 0x00007ffefd9a8000 	C:\Windows\System32\NSI.dll
0x00007ffef6c00000 - 0x00007ffef6c17000 	C:\Windows\SYSTEM32\dhcpcsvc6.DLL
0x00007ffef6bc0000 - 0x00007ffef6bdd000 	C:\Windows\SYSTEM32\dhcpcsvc.DLL
0x00007ffefbbc0000 - 0x00007ffefbc8c000 	C:\Windows\SYSTEM32\DNSAPI.dll

dbghelp: loaded successfully - version: 4.0.5 - missing functions: none
symbol engine: initialized successfully - sym options: 0x614 - pdb path: .;C:\Program Files\Android\Android Studio\jre\bin;C:\Windows\SYSTEM32;C:\Windows\WinSxS\amd64_microsoft.windows.common-controls_6595b64144ccf1df_6.0.19041.1110_none_60b5254171f9507e;C:\Program Files\Android\Android Studio\jre\bin\server;C:\Users\MARIA TERESA\.gradle\native\8bec1ad78214c89d9ad589b4d07fe93259594b29d510b10fafb7a158f7737e5d\windows-amd64;C:\Users\MARIA TERESA\.gradle\native\53dbd7edfb1c66fb8903c78663c9afc45aea4f116125fa6feffd364cf09443e8\windows-amd64

VM Arguments:
jvm_args: --add-opens=java.base/java.util=ALL-UNNAMED --add-opens=java.base/java.lang=ALL-UNNAMED --add-opens=java.base/java.lang.invoke=ALL-UNNAMED --add-opens=java.base/java.util=ALL-UNNAMED --add-opens=java.prefs/java.util.prefs=ALL-UNNAMED --add-opens=java.prefs/java.util.prefs=ALL-UNNAMED --add-opens=java.base/java.nio.charset=ALL-UNNAMED --add-opens=java.base/java.net=ALL-UNNAMED --add-opens=java.base/java.util.concurrent.atomic=ALL-UNNAMED -Xmx2048m -Dfile.encoding=UTF-8 -Duser.country=CO -Duser.language=es -Duser.variant 
java_command: org.gradle.launcher.daemon.bootstrap.GradleDaemon 7.0.2
java_class_path (initial): C:\Users\MARIA TERESA\.gradle\wrapper\dists\gradle-7.0.2-bin\857tjihv64xamwrf0h14cai3r\gradle-7.0.2\lib\gradle-launcher-7.0.2.jar
Launcher Type: SUN_STANDARD

[Global flags]
     intx CICompilerCount                          = 3                                         {product} {ergonomic}
     uint ConcGCThreads                            = 1                                         {product} {ergonomic}
     uint G1ConcRefinementThreads                  = 4                                         {product} {ergonomic}
   size_t G1HeapRegionSize                         = 1048576                                   {product} {ergonomic}
    uintx GCDrainStackTargetSize                   = 64                                        {product} {ergonomic}
   size_t InitialHeapSize                          = 96468992                                  {product} {ergonomic}
   size_t MarkStackSize                            = 4194304                                   {product} {ergonomic}
   size_t MaxHeapSize                              = 2147483648                                {product} {command line}
   size_t MaxNewSize                               = 1287651328                                {product} {ergonomic}
   size_t MinHeapDeltaBytes                        = 1048576                                   {product} {ergonomic}
    uintx NonNMethodCodeHeapSize                   = 5830732                                {pd product} {ergonomic}
    uintx NonProfiledCodeHeapSize                  = 122913754                              {pd product} {ergonomic}
    uintx ProfiledCodeHeapSize                     = 122913754                              {pd product} {ergonomic}
    uintx ReservedCodeCacheSize                    = 251658240                              {pd product} {ergonomic}
     bool SegmentedCodeCache                       = true                                      {product} {ergonomic}
     bool UseCompressedClassPointers               = true                                 {lp64_product} {ergonomic}
     bool UseCompressedOops                        = true                                 {lp64_product} {ergonomic}
     bool UseG1GC                                  = true                                      {product} {ergonomic}
     bool UseLargePagesIndividualAllocation        = false                                  {pd product} {ergonomic}

Logging:
Log output configuration:
 #0: stdout all=warning uptime,level,tags
 #1: stderr all=off uptime,level,tags

Environment Variables:
PATH=C:\Program Files\Common Files\Oracle\Java\javapath;C:\Program Files\Microsoft MPI\Bin\;C:\Windows\system32;C:\Windows;C:\Windows\System32\Wbem;C:\Windows\System32\WindowsPowerShell\v1.0\;C:\Windows\System32\OpenSSH\;C:\Program Files\Azure Data Studio\bin;C:\Program Files (x86)\Microsoft SQL Server\150\Tools\Binn\;C:\Program Files\Microsoft SQL Server\150\Tools\Binn\;C:\Program Files (x86)\Microsoft SQL Server\150\DTS\Binn\;C:\Program Files\Microsoft SQL Server\150\DTS\Binn\;C:\Program Files\Microsoft SQL Server\Client SDK\ODBC\170\Tools\Binn\;C:\Program Files\dotnet\;C:\Program Files\Git\cmd;C:\Users\MARIA TERESA\AppData\Local\Microsoft\WindowsApps;;C:\Users\MARIA TERESA\AppData\Local\Programs\Microsoft VS Code\bin;C:\Program Files\Azure Data Studio\bin;C:\Users\MARIA TERESA\.dotnet\tools
USERNAME=MARIA TERESA
OS=Windows_NT
PROCESSOR_IDENTIFIER=Intel64 Family 6 Model 37 Stepping 2, GenuineIntel



---------------  S Y S T E M  ---------------

OS: Windows 10 , 64 bit Build 19041 (10.0.19041.1202)
OS uptime: 11 days 17:58 hours

CPU:total 4 (initial active 4) (2 cores per cpu, 2 threads per core) family 6 model 37 stepping 2 microcode 0x11, cmov, cx8, fxsr, mmx, sse, sse2, sse3, ssse3, sse4.1, sse4.2, popcnt, ht, tsc, tscinvbit

Memory: 4k page, system-wide physical 5879M (596M free)
TotalPageFile size 5879M (AvailPageFile size 0M)
current process WorkingSet (physical memory assigned to process): 213M, peak: 216M
current process commit charge ("private bytes"): 276M, peak: 282M

vm_info: OpenJDK 64-Bit Server VM (11.0.10+0-b96-7249189) for windows-amd64 JRE (11.0.10+0-b96-7249189), built on Mar 31 2021 21:44:00 by "builder" with MS VC++ 14.0 (VS2015)

END.
