#
# There is insufficient memory for the Java Runtime Environment to continue.
# Native memory allocation (malloc) failed to allocate 1057776 bytes for Chunk::new
# Possible reasons:
#   The system is out of physical RAM or swap space
#   The process is running with CompressedOops enabled, and the Java Heap may be blocking the growth of the native heap
# Possible solutions:
#   Reduce memory load on the system
#   Increase physical memory or swap space
#   Check if swap backing store is full
#   Decrease Java heap size (-Xmx/-Xms)
#   Decrease number of Java threads
#   Decrease Java thread stack sizes (-Xss)
#   Set larger code cache with -XX:ReservedCodeCacheSize=
#   JVM is running with Unscaled Compressed Oops mode in which the Java heap is
#     placed in the first 4GB address space. The Java Heap base address is the
#     maximum limit for the native heap growth. Please use -XX:HeapBaseMinAddress
#     to set the Java Heap base and to place the Java Heap above 4GB virtual address.
# This output file may be truncated or incomplete.
#
#  Out of Memory Error (./src/hotspot/share/memory/arena.cpp:197), pid=5708, tid=9560
#
# JRE version: OpenJDK Runtime Environment (11.0.10) (build 11.0.10+0-b96-7249189)
# Java VM: OpenJDK 64-Bit Server VM (11.0.10+0-b96-7249189, mixed mode, tiered, compressed oops, g1 gc, windows-amd64)
# No core dump will be written. Minidumps are not enabled by default on client versions of Windows
#

---------------  S U M M A R Y ------------

Command Line: --add-opens=java.base/java.util=ALL-UNNAMED --add-opens=java.base/java.lang=ALL-UNNAMED --add-opens=java.base/java.lang.invoke=ALL-UNNAMED --add-opens=java.base/java.util=ALL-UNNAMED --add-opens=java.prefs/java.util.prefs=ALL-UNNAMED --add-opens=java.prefs/java.util.prefs=ALL-UNNAMED --add-opens=java.base/java.nio.charset=ALL-UNNAMED --add-opens=java.base/java.net=ALL-UNNAMED --add-opens=java.base/java.util.concurrent.atomic=ALL-UNNAMED -Xmx2048m -Dfile.encoding=UTF-8 -Duser.country=CO -Duser.language=es -Duser.variant org.gradle.launcher.daemon.bootstrap.GradleDaemon 7.0.2

Host: Intel(R) Core(TM) i3 CPU         540  @ 3.07GHz, 4 cores, 5G,  Windows 10 , 64 bit Build 19041 (10.0.19041.1202)
Time: Thu Nov 11 16:26:58 2021 Hora est. Pacífico, Sudamérica elapsed time: 11.353410 seconds (0d 0h 0m 11s)

---------------  T H R E A D  ---------------

Current thread (0x000001ee9ea84000):  JavaThread "C2 CompilerThread1" daemon [_thread_in_native, id=9560, stack(0x0000001964800000,0x0000001964900000)]


Current CompileTask:
C2:  11353 3602       4       org.objectweb.asm.Frame::execute (2318 bytes)

Stack: [0x0000001964800000,0x0000001964900000]
Native frames: (J=compiled Java code, j=interpreted, Vv=VM code, C=native code)
V  [jvm.dll+0x5ecfaa]
V  [jvm.dll+0x722bd5]
V  [jvm.dll+0x72412d]
V  [jvm.dll+0x7247e3]
V  [jvm.dll+0x242928]
V  [jvm.dll+0xbc4fc]
V  [jvm.dll+0xbca0c]
V  [jvm.dll+0x352d7d]
V  [jvm.dll+0x19800c]
V  [jvm.dll+0x1fb70e]
V  [jvm.dll+0x1fa7f4]
V  [jvm.dll+0x18354c]
V  [jvm.dll+0x208ee7]
V  [jvm.dll+0x207731]
V  [jvm.dll+0x6eb1cf]
V  [jvm.dll+0x6e3d45]
V  [jvm.dll+0x5ebe96]
C  [ucrtbase.dll+0x21bb2]
C  [KERNEL32.DLL+0x17034]
C  [ntdll.dll+0x52651]


---------------  P R O C E S S  ---------------

Threads class SMR info:
_java_thread_list=0x000001ee9f606100, length=36, elements={
0x000001eeff56d800, 0x000001ee9a5f6000, 0x000001ee9a5f7800, 0x000001ee9afa2800,
0x000001ee9afa3800, 0x000001ee9a5fe800, 0x000001ee9a605000, 0x000001ee9a60d800,
0x000001ee9a618000, 0x000001ee9b0ca000, 0x000001ee9ca57800, 0x000001ee9b34d000,
0x000001ee9cf07000, 0x000001ee9c152000, 0x000001ee9c61b000, 0x000001ee9bdcb800,
0x000001ee9bf0a800, 0x000001ee9d643000, 0x000001ee9bd88800, 0x000001ee9d278800,
0x000001ee9d27b800, 0x000001ee9d27d000, 0x000001ee9d279000, 0x000001ee9d27e000,
0x000001ee9d27c800, 0x000001ee9d27a000, 0x000001ee9d27f000, 0x000001ee9d27a800,
0x000001ee9ea84000, 0x000001ee9ea6f000, 0x000001ee9ea6a000, 0x000001ee9ea6e000,
0x000001ee9ea6f800, 0x000001ee9ea71800, 0x000001ee9ea6d800, 0x000001ee9ea78800
}

Java Threads: ( => current thread )
  0x000001eeff56d800 JavaThread "main" [_thread_blocked, id=2504, stack(0x0000001962700000,0x0000001962800000)]
  0x000001ee9a5f6000 JavaThread "Reference Handler" daemon [_thread_blocked, id=1592, stack(0x0000001962e00000,0x0000001962f00000)]
  0x000001ee9a5f7800 JavaThread "Finalizer" daemon [_thread_blocked, id=9932, stack(0x0000001962f00000,0x0000001963000000)]
  0x000001ee9afa2800 JavaThread "Signal Dispatcher" daemon [_thread_blocked, id=892, stack(0x0000001963000000,0x0000001963100000)]
  0x000001ee9afa3800 JavaThread "Attach Listener" daemon [_thread_blocked, id=9648, stack(0x0000001963100000,0x0000001963200000)]
  0x000001ee9a5fe800 JavaThread "Service Thread" daemon [_thread_blocked, id=4880, stack(0x0000001963200000,0x0000001963300000)]
  0x000001ee9a605000 JavaThread "C2 CompilerThread0" daemon [_thread_in_native, id=7568, stack(0x0000001963300000,0x0000001963400000)]
  0x000001ee9a60d800 JavaThread "C1 CompilerThread0" daemon [_thread_in_native, id=8624, stack(0x0000001963400000,0x0000001963500000)]
  0x000001ee9a618000 JavaThread "Sweeper thread" daemon [_thread_blocked, id=4640, stack(0x0000001963500000,0x0000001963600000)]
  0x000001ee9b0ca000 JavaThread "Common-Cleaner" daemon [_thread_blocked, id=6096, stack(0x0000001963600000,0x0000001963700000)]
  0x000001ee9ca57800 JavaThread "Daemon health stats" [_thread_blocked, id=1820, stack(0x0000001963a00000,0x0000001963b00000)]
  0x000001ee9b34d000 JavaThread "Incoming local TCP Connector on port 55593" [_thread_in_native, id=10088, stack(0x0000001963800000,0x0000001963900000)]
  0x000001ee9cf07000 JavaThread "Daemon periodic checks" [_thread_blocked, id=9756, stack(0x0000001963b00000,0x0000001963c00000)]
  0x000001ee9c152000 JavaThread "Daemon" [_thread_blocked, id=9736, stack(0x0000001963c00000,0x0000001963d00000)]
  0x000001ee9c61b000 JavaThread "Handler for socket connection from /127.0.0.1:55593 to /127.0.0.1:55594" [_thread_in_native, id=1004, stack(0x0000001963d00000,0x0000001963e00000)]
  0x000001ee9bdcb800 JavaThread "Cancel handler" [_thread_blocked, id=2092, stack(0x0000001964000000,0x0000001964100000)]
  0x000001ee9bf0a800 JavaThread "Daemon worker" [_thread_in_Java, id=5420, stack(0x0000001964100000,0x0000001964200000)]
  0x000001ee9d643000 JavaThread "Asynchronous log dispatcher for DefaultDaemonConnection: socket connection from /127.0.0.1:55593 to /127.0.0.1:55594" [_thread_blocked, id=1124, stack(0x0000001964200000,0x0000001964300000)]
  0x000001ee9bd88800 JavaThread "Stdin handler" [_thread_blocked, id=3688, stack(0x0000001964300000,0x0000001964400000)]
  0x000001ee9d278800 JavaThread "Daemon client event forwarder" [_thread_blocked, id=6372, stack(0x0000001964400000,0x0000001964500000)]
  0x000001ee9d27b800 JavaThread "Cache worker for file hash cache (C:\Users\MARIA TERESA\.gradle\caches\7.0.2\fileHashes)" [_thread_blocked, id=192, stack(0x0000001964500000,0x0000001964600000)]
  0x000001ee9d27d000 JavaThread "File lock request listener" [_thread_in_native, id=6444, stack(0x0000001964600000,0x0000001964700000)]
  0x000001ee9d279000 JavaThread "Cache worker for journal cache (C:\Users\MARIA TERESA\.gradle\caches\journal-1)" [_thread_in_native, id=7784, stack(0x0000001964700000,0x0000001964800000)]
  0x000001ee9d27e000 JavaThread "Cache worker for file hash cache (G:\DOWNLOADS\androidstudioprojects\.gradle\7.0.2\fileHashes)" [_thread_blocked, id=476, stack(0x0000001964900000,0x0000001964a00000)]
  0x000001ee9d27c800 JavaThread "File watcher server" daemon [_thread_in_native, id=2564, stack(0x0000001964a00000,0x0000001964b00000)]
  0x000001ee9d27a000 JavaThread "File watcher consumer" daemon [_thread_blocked, id=564, stack(0x0000001964b00000,0x0000001964c00000)]
  0x000001ee9d27f000 JavaThread "Cache worker for checksums cache (G:\DOWNLOADS\androidstudioprojects\.gradle\checksums)" [_thread_blocked, id=4672, stack(0x0000001964c00000,0x0000001964d00000)]
  0x000001ee9d27a800 JavaThread "Cache worker for cache directory md-supplier (C:\Users\MARIA TERESA\.gradle\caches\7.0.2\md-supplier)" [_thread_blocked, id=8572, stack(0x0000001964d00000,0x0000001964e00000)]
=>0x000001ee9ea84000 JavaThread "C2 CompilerThread1" daemon [_thread_in_native, id=9560, stack(0x0000001964800000,0x0000001964900000)]
  0x000001ee9ea6f000 JavaThread "Cache worker for cache directory md-rule (C:\Users\MARIA TERESA\.gradle\caches\7.0.2\md-rule)" [_thread_blocked, id=700, stack(0x0000001964e00000,0x0000001964f00000)]
  0x000001ee9ea6a000 JavaThread "Cache worker for execution history cache (C:\Users\MARIA TERESA\.gradle\caches\7.0.2\executionHistory)" [_thread_blocked, id=8800, stack(0x0000001964f00000,0x0000001965000000)]
  0x000001ee9ea6e000 JavaThread "jar transforms" [_thread_blocked, id=1132, stack(0x0000001965000000,0x0000001965100000)]
  0x000001ee9ea6f800 JavaThread "jar transforms Thread 2" [_thread_blocked, id=2748, stack(0x0000001965100000,0x0000001965200000)]
  0x000001ee9ea71800 JavaThread "Cache worker for file content cache (C:\Users\MARIA TERESA\.gradle\caches\7.0.2\fileContent)" [_thread_blocked, id=1264, stack(0x0000001965200000,0x0000001965300000)]
  0x000001ee9ea6d800 JavaThread "Cache worker for dependencies-accessors (G:\DOWNLOADS\androidstudioprojects\.gradle\7.0.2\dependencies-accessors)" [_thread_blocked, id=1536, stack(0x0000001965300000,0x0000001965400000)]
  0x000001ee9ea78800 JavaThread "jar transforms Thread 3" [_thread_blocked, id=5468, stack(0x0000001965400000,0x0000001965500000)]

Other Threads:
  0x000001ee9a5d0000 VMThread "VM Thread" [stack: 0x0000001962d00000,0x0000001962e00000] [id=496]
  0x000001ee9b0fc800 WatcherThread [stack: 0x0000001963700000,0x0000001963800000] [id=5996]
  0x000001eeff586000 GCTaskThread "GC Thread#0" [stack: 0x0000001962800000,0x0000001962900000] [id=348]
  0x000001ee9b535800 GCTaskThread "GC Thread#1" [stack: 0x0000001963900000,0x0000001963a00000] [id=6608]
  0x000001ee9d14a800 GCTaskThread "GC Thread#2" [stack: 0x0000001963e00000,0x0000001963f00000] [id=7132]
  0x000001ee9cb14800 GCTaskThread "GC Thread#3" [stack: 0x0000001963f00000,0x0000001964000000] [id=4568]
  0x000001eeff5b6000 ConcurrentGCThread "G1 Main Marker" [stack: 0x0000001962900000,0x0000001962a00000] [id=6528]
  0x000001eeff5b9000 ConcurrentGCThread "G1 Conc#0" [stack: 0x0000001962a00000,0x0000001962b00000] [id=1912]
  0x000001eeff61b000 ConcurrentGCThread "G1 Refine#0" [stack: 0x0000001962b00000,0x0000001962c00000] [id=7208]
  0x000001eeff61e000 ConcurrentGCThread "G1 Young RemSet Sampling" [stack: 0x0000001962c00000,0x0000001962d00000] [id=1424]

Threads with active compile tasks:
C2 CompilerThread0  11395 3619   !   4       java.net.URLClassLoader$1::run (63 bytes)
C1 CompilerThread0  11395 3685   !   3       java.lang.invoke.MethodHandles$Lookup::revealDirect (209 bytes)
C2 CompilerThread1  11395 3602       4       org.objectweb.asm.Frame::execute (2318 bytes)

VM state:not at safepoint (normal execution)

VM Mutex/Monitor currently owned by a thread:  ([mutex/lock_event])
[0x000001eeff569f10] CompiledIC_lock - owner thread: 0x0000000000000000

Heap address: 0x0000000080000000, size: 2048 MB, Compressed Oops mode: 32-bit
Narrow klass base: 0x0000000000000000, Narrow klass shift: 3
Compressed class space size: 1073741824 Address: 0x0000000100000000

Heap:
 garbage-first heap   total 113664K, used 57857K [0x0000000080000000, 0x0000000100000000)
  region size 1024K, 38 young (38912K), 8 survivors (8192K)
 Metaspace       used 42451K, capacity 43420K, committed 43648K, reserved 1087488K
  class space    used 5384K, capacity 5741K, committed 5760K, reserved 1048576K
Heap Regions: E=young(eden), S=young(survivor), O=old, HS=humongous(starts), HC=humongous(continues), CS=collection set, F=free, A=archive, TAMS=top-at-mark-start (previous, next)
|   0|0x0000000080000000, 0x0000000080100000, 0x0000000080100000|100%|HS|  |TAMS 0x0000000080100000, 0x0000000080000000| Complete 
|   1|0x0000000080100000, 0x0000000080200000, 0x0000000080200000|100%|HC|  |TAMS 0x0000000080200000, 0x0000000080100000| Complete 
|   2|0x0000000080200000, 0x0000000080300000, 0x0000000080300000|100%|HC|  |TAMS 0x0000000080300000, 0x0000000080200000| Complete 
|   3|0x0000000080300000, 0x0000000080400000, 0x0000000080400000|100%| O|  |TAMS 0x0000000080400000, 0x0000000080300000| Untracked 
|   4|0x0000000080400000, 0x0000000080500000, 0x0000000080500000|100%| O|  |TAMS 0x0000000080500000, 0x0000000080400000| Untracked 
|   5|0x0000000080500000, 0x0000000080600000, 0x0000000080600000|100%| O|  |TAMS 0x0000000080600000, 0x0000000080500000| Untracked 
|   6|0x0000000080600000, 0x0000000080700000, 0x0000000080700000|100%| O|  |TAMS 0x0000000080700000, 0x0000000080600000| Untracked 
|   7|0x0000000080700000, 0x0000000080800000, 0x0000000080800000|100%| O|  |TAMS 0x0000000080800000, 0x0000000080700000| Untracked 
|   8|0x0000000080800000, 0x0000000080900000, 0x0000000080900000|100%| O|  |TAMS 0x0000000080900000, 0x0000000080800000| Untracked 
|   9|0x0000000080900000, 0x0000000080a00000, 0x0000000080a00000|100%| O|  |TAMS 0x0000000080a00000, 0x0000000080900000| Untracked 
|  10|0x0000000080a00000, 0x0000000080b00000, 0x0000000080b00000|100%| O|  |TAMS 0x0000000080b00000, 0x0000000080a00000| Untracked 
|  11|0x0000000080b00000, 0x0000000080c00000, 0x0000000080c00000|100%| O|  |TAMS 0x0000000080c00000, 0x0000000080b00000| Untracked 
|  12|0x0000000080c00000, 0x0000000080d00000, 0x0000000080d00000|100%| O|  |TAMS 0x0000000080d00000, 0x0000000080c00000| Untracked 
|  13|0x0000000080d00000, 0x0000000080e00000, 0x0000000080e00000|100%| O|  |TAMS 0x0000000080e00000, 0x0000000080d00000| Untracked 
|  14|0x0000000080e00000, 0x0000000080f00000, 0x0000000080f00000|100%| O|  |TAMS 0x0000000080f00000, 0x0000000080e00000| Untracked 
|  15|0x0000000080f00000, 0x0000000081000000, 0x0000000081000000|100%| O|  |TAMS 0x0000000081000000, 0x0000000080f00000| Untracked 
|  16|0x0000000081000000, 0x0000000081100000, 0x0000000081100000|100%| O|  |TAMS 0x0000000081100000, 0x0000000081000000| Untracked 
|  17|0x0000000081100000, 0x0000000081200000, 0x0000000081200000|100%| O|  |TAMS 0x0000000081200000, 0x0000000081100000| Untracked 
|  18|0x0000000081200000, 0x0000000081280400, 0x0000000081300000| 50%| O|  |TAMS 0x000000008120b600, 0x0000000081200000| Untracked 
|  19|0x0000000081300000, 0x0000000081400000, 0x0000000081400000|100%|HS|  |TAMS 0x0000000081300000, 0x0000000081300000| Complete 
|  20|0x0000000081400000, 0x0000000081400000, 0x0000000081500000|  0%| F|  |TAMS 0x0000000081400000, 0x0000000081400000| Untracked 
|  21|0x0000000081500000, 0x0000000081500000, 0x0000000081600000|  0%| F|  |TAMS 0x0000000081500000, 0x0000000081500000| Untracked 
|  22|0x0000000081600000, 0x0000000081600000, 0x0000000081700000|  0%| F|  |TAMS 0x0000000081600000, 0x0000000081600000| Untracked 
|  23|0x0000000081700000, 0x0000000081700000, 0x0000000081800000|  0%| F|  |TAMS 0x0000000081700000, 0x0000000081700000| Untracked 
|  24|0x0000000081800000, 0x0000000081800000, 0x0000000081900000|  0%| F|  |TAMS 0x0000000081800000, 0x0000000081800000| Untracked 
|  25|0x0000000081900000, 0x0000000081900000, 0x0000000081a00000|  0%| F|  |TAMS 0x0000000081900000, 0x0000000081900000| Untracked 
|  26|0x0000000081a00000, 0x0000000081a00000, 0x0000000081b00000|  0%| F|  |TAMS 0x0000000081a00000, 0x0000000081a00000| Untracked 
|  27|0x0000000081b00000, 0x0000000081b00000, 0x0000000081c00000|  0%| F|  |TAMS 0x0000000081b00000, 0x0000000081b00000| Untracked 
|  28|0x0000000081c00000, 0x0000000081c00000, 0x0000000081d00000|  0%| F|  |TAMS 0x0000000081c00000, 0x0000000081c00000| Untracked 
|  29|0x0000000081d00000, 0x0000000081d00000, 0x0000000081e00000|  0%| F|  |TAMS 0x0000000081d00000, 0x0000000081d00000| Untracked 
|  30|0x0000000081e00000, 0x0000000081e00000, 0x0000000081f00000|  0%| F|  |TAMS 0x0000000081e00000, 0x0000000081e00000| Untracked 
|  31|0x0000000081f00000, 0x0000000081f00000, 0x0000000082000000|  0%| F|  |TAMS 0x0000000081f00000, 0x0000000081f00000| Untracked 
|  32|0x0000000082000000, 0x0000000082000000, 0x0000000082100000|  0%| F|  |TAMS 0x0000000082000000, 0x0000000082000000| Untracked 
|  33|0x0000000082100000, 0x0000000082100000, 0x0000000082200000|  0%| F|  |TAMS 0x0000000082100000, 0x0000000082100000| Untracked 
|  34|0x0000000082200000, 0x0000000082200000, 0x0000000082300000|  0%| F|  |TAMS 0x0000000082200000, 0x0000000082200000| Untracked 
|  35|0x0000000082300000, 0x0000000082300000, 0x0000000082400000|  0%| F|  |TAMS 0x0000000082300000, 0x0000000082300000| Untracked 
|  36|0x0000000082400000, 0x0000000082400000, 0x0000000082500000|  0%| F|  |TAMS 0x0000000082400000, 0x0000000082400000| Untracked 
|  37|0x0000000082500000, 0x0000000082500000, 0x0000000082600000|  0%| F|  |TAMS 0x0000000082500000, 0x0000000082500000| Untracked 
|  38|0x0000000082600000, 0x0000000082600000, 0x0000000082700000|  0%| F|  |TAMS 0x0000000082600000, 0x0000000082600000| Untracked 
|  39|0x0000000082700000, 0x0000000082700000, 0x0000000082800000|  0%| F|  |TAMS 0x0000000082700000, 0x0000000082700000| Untracked 
|  40|0x0000000082800000, 0x0000000082800000, 0x0000000082900000|  0%| F|  |TAMS 0x0000000082800000, 0x0000000082800000| Untracked 
|  41|0x0000000082900000, 0x0000000082900000, 0x0000000082a00000|  0%| F|  |TAMS 0x0000000082900000, 0x0000000082900000| Untracked 
|  42|0x0000000082a00000, 0x0000000082a00000, 0x0000000082b00000|  0%| F|  |TAMS 0x0000000082a00000, 0x0000000082a00000| Untracked 
|  43|0x0000000082b00000, 0x0000000082b00000, 0x0000000082c00000|  0%| F|  |TAMS 0x0000000082b00000, 0x0000000082b00000| Untracked 
|  44|0x0000000082c00000, 0x0000000082c00000, 0x0000000082d00000|  0%| F|  |TAMS 0x0000000082c00000, 0x0000000082c00000| Untracked 
|  45|0x0000000082d00000, 0x0000000082e00000, 0x0000000082e00000|100%| S|CS|TAMS 0x0000000082d00000, 0x0000000082d00000| Complete 
|  46|0x0000000082e00000, 0x0000000082f00000, 0x0000000082f00000|100%| S|CS|TAMS 0x0000000082e00000, 0x0000000082e00000| Complete 
|  47|0x0000000082f00000, 0x0000000083000000, 0x0000000083000000|100%| S|CS|TAMS 0x0000000082f00000, 0x0000000082f00000| Complete 
|  48|0x0000000083000000, 0x0000000083100000, 0x0000000083100000|100%| S|CS|TAMS 0x0000000083000000, 0x0000000083000000| Complete 
|  49|0x0000000083100000, 0x0000000083200000, 0x0000000083200000|100%| S|CS|TAMS 0x0000000083100000, 0x0000000083100000| Complete 
|  50|0x0000000083200000, 0x0000000083300000, 0x0000000083300000|100%| S|CS|TAMS 0x0000000083200000, 0x0000000083200000| Complete 
|  51|0x0000000083300000, 0x0000000083400000, 0x0000000083400000|100%| S|CS|TAMS 0x0000000083300000, 0x0000000083300000| Complete 
|  52|0x0000000083400000, 0x0000000083500000, 0x0000000083500000|100%| S|CS|TAMS 0x0000000083400000, 0x0000000083400000| Complete 
|  53|0x0000000083500000, 0x0000000083500000, 0x0000000083600000|  0%| F|  |TAMS 0x0000000083500000, 0x0000000083500000| Untracked 
|  54|0x0000000083600000, 0x0000000083600000, 0x0000000083700000|  0%| F|  |TAMS 0x0000000083600000, 0x0000000083600000| Untracked 
|  55|0x0000000083700000, 0x0000000083700000, 0x0000000083800000|  0%| F|  |TAMS 0x0000000083700000, 0x0000000083700000| Untracked 
|  56|0x0000000083800000, 0x0000000083800000, 0x0000000083900000|  0%| F|  |TAMS 0x0000000083800000, 0x0000000083800000| Untracked 
|  57|0x0000000083900000, 0x0000000083900000, 0x0000000083a00000|  0%| F|  |TAMS 0x0000000083900000, 0x0000000083900000| Untracked 
|  58|0x0000000083a00000, 0x0000000083a00000, 0x0000000083b00000|  0%| F|  |TAMS 0x0000000083a00000, 0x0000000083a00000| Untracked 
|  59|0x0000000083b00000, 0x0000000083b00000, 0x0000000083c00000|  0%| F|  |TAMS 0x0000000083b00000, 0x0000000083b00000| Untracked 
|  60|0x0000000083c00000, 0x0000000083c00000, 0x0000000083d00000|  0%| F|  |TAMS 0x0000000083c00000, 0x0000000083c00000| Untracked 
|  61|0x0000000083d00000, 0x0000000083d00000, 0x0000000083e00000|  0%| F|  |TAMS 0x0000000083d00000, 0x0000000083d00000| Untracked 
|  62|0x0000000083e00000, 0x0000000083e00000, 0x0000000083f00000|  0%| F|  |TAMS 0x0000000083e00000, 0x0000000083e00000| Untracked 
|  63|0x0000000083f00000, 0x0000000083f00000, 0x0000000084000000|  0%| F|  |TAMS 0x0000000083f00000, 0x0000000083f00000| Untracked 
|  64|0x0000000084000000, 0x0000000084000000, 0x0000000084100000|  0%| F|  |TAMS 0x0000000084000000, 0x0000000084000000| Untracked 
|  65|0x0000000084100000, 0x0000000084100000, 0x0000000084200000|  0%| F|  |TAMS 0x0000000084100000, 0x0000000084100000| Untracked 
|  66|0x0000000084200000, 0x0000000084200000, 0x0000000084300000|  0%| F|  |TAMS 0x0000000084200000, 0x0000000084200000| Untracked 
|  67|0x0000000084300000, 0x0000000084300000, 0x0000000084400000|  0%| F|  |TAMS 0x0000000084300000, 0x0000000084300000| Untracked 
|  68|0x0000000084400000, 0x0000000084400000, 0x0000000084500000|  0%| F|  |TAMS 0x0000000084400000, 0x0000000084400000| Untracked 
|  69|0x0000000084500000, 0x0000000084500000, 0x0000000084600000|  0%| F|  |TAMS 0x0000000084500000, 0x0000000084500000| Untracked 
|  70|0x0000000084600000, 0x0000000084600000, 0x0000000084700000|  0%| F|  |TAMS 0x0000000084600000, 0x0000000084600000| Untracked 
|  71|0x0000000084700000, 0x0000000084700000, 0x0000000084800000|  0%| F|  |TAMS 0x0000000084700000, 0x0000000084700000| Untracked 
|  72|0x0000000084800000, 0x0000000084800000, 0x0000000084900000|  0%| F|  |TAMS 0x0000000084800000, 0x0000000084800000| Untracked 
|  73|0x0000000084900000, 0x0000000084900000, 0x0000000084a00000|  0%| F|  |TAMS 0x0000000084900000, 0x0000000084900000| Untracked 
|  74|0x0000000084a00000, 0x0000000084a00000, 0x0000000084b00000|  0%| F|  |TAMS 0x0000000084a00000, 0x0000000084a00000| Untracked 
|  75|0x0000000084b00000, 0x0000000084b00000, 0x0000000084c00000|  0%| F|  |TAMS 0x0000000084b00000, 0x0000000084b00000| Untracked 
|  76|0x0000000084c00000, 0x0000000084c00000, 0x0000000084d00000|  0%| F|  |TAMS 0x0000000084c00000, 0x0000000084c00000| Untracked 
|  77|0x0000000084d00000, 0x0000000084d00000, 0x0000000084e00000|  0%| F|  |TAMS 0x0000000084d00000, 0x0000000084d00000| Untracked 
|  78|0x0000000084e00000, 0x0000000084e00000, 0x0000000084f00000|  0%| F|  |TAMS 0x0000000084e00000, 0x0000000084e00000| Untracked 
|  79|0x0000000084f00000, 0x0000000084f00000, 0x0000000085000000|  0%| F|  |TAMS 0x0000000084f00000, 0x0000000084f00000| Untracked 
|  80|0x0000000085000000, 0x0000000085080800, 0x0000000085100000| 50%| E|  |TAMS 0x0000000085000000, 0x0000000085000000| Complete 
|  81|0x0000000085100000, 0x0000000085200000, 0x0000000085200000|100%| E|CS|TAMS 0x0000000085100000, 0x0000000085100000| Complete 
|  82|0x0000000085200000, 0x0000000085300000, 0x0000000085300000|100%| E|CS|TAMS 0x0000000085200000, 0x0000000085200000| Complete 
|  83|0x0000000085300000, 0x0000000085400000, 0x0000000085400000|100%| E|CS|TAMS 0x0000000085300000, 0x0000000085300000| Complete 
|  84|0x0000000085400000, 0x0000000085500000, 0x0000000085500000|100%| E|CS|TAMS 0x0000000085400000, 0x0000000085400000| Complete 
|  85|0x0000000085500000, 0x0000000085600000, 0x0000000085600000|100%| E|CS|TAMS 0x0000000085500000, 0x0000000085500000| Complete 
|  86|0x0000000085600000, 0x0000000085700000, 0x0000000085700000|100%| E|CS|TAMS 0x0000000085600000, 0x0000000085600000| Complete 
|  87|0x0000000085700000, 0x0000000085800000, 0x0000000085800000|100%| E|CS|TAMS 0x0000000085700000, 0x0000000085700000| Complete 
|  88|0x0000000085800000, 0x0000000085900000, 0x0000000085900000|100%| E|CS|TAMS 0x0000000085800000, 0x0000000085800000| Complete 
|  89|0x0000000085900000, 0x0000000085a00000, 0x0000000085a00000|100%| E|CS|TAMS 0x0000000085900000, 0x0000000085900000| Complete 
|  90|0x0000000085a00000, 0x0000000085b00000, 0x0000000085b00000|100%| E|CS|TAMS 0x0000000085a00000, 0x0000000085a00000| Complete 
|  91|0x0000000085b00000, 0x0000000085c00000, 0x0000000085c00000|100%| E|CS|TAMS 0x0000000085b00000, 0x0000000085b00000| Complete 
|  92|0x0000000085c00000, 0x0000000085d00000, 0x0000000085d00000|100%| E|CS|TAMS 0x0000000085c00000, 0x0000000085c00000| Complete 
|  93|0x0000000085d00000, 0x0000000085e00000, 0x0000000085e00000|100%| E|CS|TAMS 0x0000000085d00000, 0x0000000085d00000| Complete 
|  94|0x0000000085e00000, 0x0000000085f00000, 0x0000000085f00000|100%| E|CS|TAMS 0x0000000085e00000, 0x0000000085e00000| Complete 
|  95|0x0000000085f00000, 0x0000000086000000, 0x0000000086000000|100%| E|CS|TAMS 0x0000000085f00000, 0x0000000085f00000| Complete 
|  96|0x0000000086000000, 0x0000000086100000, 0x0000000086100000|100%| E|CS|TAMS 0x0000000086000000, 0x0000000086000000| Complete 
|  97|0x0000000086100000, 0x0000000086200000, 0x0000000086200000|100%| E|CS|TAMS 0x0000000086100000, 0x0000000086100000| Complete 
|  98|0x0000000086200000, 0x0000000086300000, 0x0000000086300000|100%| E|CS|TAMS 0x0000000086200000, 0x0000000086200000| Complete 
|  99|0x0000000086300000, 0x0000000086400000, 0x0000000086400000|100%| E|CS|TAMS 0x0000000086300000, 0x0000000086300000| Complete 
| 100|0x0000000086400000, 0x0000000086500000, 0x0000000086500000|100%| E|CS|TAMS 0x0000000086400000, 0x0000000086400000| Complete 
| 101|0x0000000086500000, 0x0000000086600000, 0x0000000086600000|100%| E|CS|TAMS 0x0000000086500000, 0x0000000086500000| Complete 
| 102|0x0000000086600000, 0x0000000086700000, 0x0000000086700000|100%| E|CS|TAMS 0x0000000086600000, 0x0000000086600000| Complete 
| 103|0x0000000086700000, 0x0000000086800000, 0x0000000086800000|100%| E|CS|TAMS 0x0000000086700000, 0x0000000086700000| Complete 
| 104|0x0000000086800000, 0x0000000086900000, 0x0000000086900000|100%| E|CS|TAMS 0x0000000086800000, 0x0000000086800000| Complete 
| 105|0x0000000086900000, 0x0000000086a00000, 0x0000000086a00000|100%| E|CS|TAMS 0x0000000086900000, 0x0000000086900000| Complete 
| 106|0x0000000086a00000, 0x0000000086b00000, 0x0000000086b00000|100%| E|CS|TAMS 0x0000000086a00000, 0x0000000086a00000| Complete 
| 107|0x0000000086b00000, 0x0000000086c00000, 0x0000000086c00000|100%| E|CS|TAMS 0x0000000086b00000, 0x0000000086b00000| Complete 
| 108|0x0000000086c00000, 0x0000000086d00000, 0x0000000086d00000|100%| E|CS|TAMS 0x0000000086c00000, 0x0000000086c00000| Complete 
| 109|0x0000000086d00000, 0x0000000086e00000, 0x0000000086e00000|100%| E|CS|TAMS 0x0000000086d00000, 0x0000000086d00000| Complete 
| 110|0x0000000086e00000, 0x0000000086f00000, 0x0000000086f00000|100%| E|CS|TAMS 0x0000000086e00000, 0x0000000086e00000| Complete 

Card table byte_map: [0x000001eeffa50000,0x000001eeffe50000] _byte_map_base: 0x000001eeff650000

Marking Bits (Prev, Next): (CMBitMap*) 0x000001eeff5ad218, (CMBitMap*) 0x000001eeff5ad250
 Prev Bits: [0x000001ee94220000, 0x000001ee96220000)
 Next Bits: [0x000001ee96220000, 0x000001ee98220000)

Polling page: 0x000001eefeb10000

Metaspace:

Usage:
  Non-class:     36.80 MB capacity,    36.20 MB ( 98%) used,   516.55 KB (  1%) free+waste,    97.56 KB ( <1%) overhead. 
      Class:      5.61 MB capacity,     5.26 MB ( 94%) used,   310.56 KB (  5%) free+waste,    46.44 KB ( <1%) overhead. 
       Both:     42.41 MB capacity,    41.46 MB ( 98%) used,   827.12 KB (  2%) free+waste,   144.00 KB ( <1%) overhead. 

Virtual space:
  Non-class space:       38.00 MB reserved,      37.00 MB ( 97%) committed 
      Class space:        1.00 GB reserved,       5.63 MB ( <1%) committed 
             Both:        1.04 GB reserved,      42.63 MB (  4%) committed 

Chunk freelists:
   Non-Class:  9.00 KB
       Class:  17.00 KB
        Both:  26.00 KB

MaxMetaspaceSize: 17179869184.00 GB
CompressedClassSpaceSize: 1.00 GB

CodeHeap 'non-profiled nmethods': size=120064Kb used=2065Kb max_used=2065Kb free=117998Kb
 bounds [0x000001ee8c8e0000, 0x000001ee8cb50000, 0x000001ee93e20000]
CodeHeap 'profiled nmethods': size=120000Kb used=7898Kb max_used=7898Kb free=112101Kb
 bounds [0x000001ee853b0000, 0x000001ee85b70000, 0x000001ee8c8e0000]
CodeHeap 'non-nmethods': size=5696Kb used=2191Kb max_used=2217Kb free=3504Kb
 bounds [0x000001ee84e20000, 0x000001ee85090000, 0x000001ee853b0000]
 total_blobs=4437 nmethods=3671 adapters=678
 compilation: enabled
              stopped_count=0, restarted_count=0
 full_count=0

Compilation events (20 events):
Event: 11.274 Thread 0x000001ee9a60d800 3657   !   3       java.util.concurrent.ConcurrentHashMap::computeIfAbsent (576 bytes)
Event: 11.278 Thread 0x000001ee9a60d800 nmethod 3657 0x000001ee85b48790 code [0x000001ee85b48c00, 0x000001ee85b4b828]
Event: 11.335 Thread 0x000001ee9a60d800 3658       3       java.util.concurrent.TimeUnit::toNanos (45 bytes)
Event: 11.336 Thread 0x000001ee9a60d800 nmethod 3658 0x000001ee85b4ca10 code [0x000001ee85b4cbc0, 0x000001ee85b4cdd8]
Event: 11.338 Thread 0x000001ee9a60d800 3659       3       org.gradle.internal.logging.slf4j.OutputEventListenerBackedLogger::isLevelAtMost (20 bytes)
Event: 11.338 Thread 0x000001ee9a60d800 nmethod 3659 0x000001ee85b4ce90 code [0x000001ee85b4d060, 0x000001ee85b4d388]
Event: 11.339 Thread 0x000001ee9a60d800 3660       3       org.gradle.internal.logging.slf4j.OutputEventListenerBackedLoggerContext::getLevel (11 bytes)
Event: 11.339 Thread 0x000001ee9a60d800 nmethod 3660 0x000001ee85b4d510 code [0x000001ee85b4d6c0, 0x000001ee85b4d8d8]
Event: 11.346 Thread 0x000001ee9a60d800 3661       3       sun.net.www.URLConnection::<init> (22 bytes)
Event: 11.346 Thread 0x000001ee9a60d800 nmethod 3661 0x000001ee85b4d990 code [0x000001ee85b4db60, 0x000001ee85b4de58]
Event: 11.346 Thread 0x000001ee9a60d800 3662       3       sun.net.www.MessageHeader::<init> (9 bytes)
Event: 11.347 Thread 0x000001ee9a60d800 nmethod 3662 0x000001ee85b4df90 code [0x000001ee85b4e160, 0x000001ee85b4e2e8]
Event: 11.347 Thread 0x000001ee9a60d800 3663       3       org.objectweb.asm.Label::accept (65 bytes)
Event: 11.347 Thread 0x000001ee9a60d800 nmethod 3663 0x000001ee85b4e390 code [0x000001ee85b4e580, 0x000001ee85b4eaa8]
Event: 11.347 Thread 0x000001ee9a60d800 3664       3       org.objectweb.asm.Label::addLineNumber (89 bytes)
Event: 11.348 Thread 0x000001ee9a60d800 nmethod 3664 0x000001ee85b4ec90 code [0x000001ee85b4ee80, 0x000001ee85b4f388]
Event: 11.348 Thread 0x000001ee9a60d800 3665       3       org.objectweb.asm.MethodWriter::visitLineNumber (50 bytes)
Event: 11.348 Thread 0x000001ee9a60d800 nmethod 3665 0x000001ee85b4f510 code [0x000001ee85b4f700, 0x000001ee85b4fb78]
Event: 11.350 Thread 0x000001ee9a60d800 3666       3       sun.reflect.generics.reflectiveObjects.WildcardTypeImpl::getUpperBounds (34 bytes)
Event: 11.350 Thread 0x000001ee9a60d800 nmethod 3666 0x000001ee85b4fd10 code [0x000001ee85b4ff00, 0x000001ee85b50538]

GC Heap History (18 events):
Event: 0.956 GC heap before
{Heap before GC invocations=0 (full 0):
 garbage-first heap   total 94208K, used 17408K [0x0000000080000000, 0x0000000100000000)
  region size 1024K, 14 young (14336K), 0 survivors (0K)
 Metaspace       used 6774K, capacity 6993K, committed 7168K, reserved 1056768K
  class space    used 584K, capacity 650K, committed 768K, reserved 1048576K
}
Event: 0.964 GC heap after
{Heap after GC invocations=1 (full 0):
 garbage-first heap   total 94208K, used 4534K [0x0000000080000000, 0x0000000100000000)
  region size 1024K, 2 young (2048K), 2 survivors (2048K)
 Metaspace       used 6774K, capacity 6993K, committed 7168K, reserved 1056768K
  class space    used 584K, capacity 650K, committed 768K, reserved 1048576K
}
Event: 1.435 GC heap before
{Heap before GC invocations=1 (full 0):
 garbage-first heap   total 94208K, used 18870K [0x0000000080000000, 0x0000000100000000)
  region size 1024K, 13 young (13312K), 2 survivors (2048K)
 Metaspace       used 10289K, capacity 10495K, committed 10624K, reserved 1058816K
  class space    used 1065K, capacity 1141K, committed 1152K, reserved 1048576K
}
Event: 1.442 GC heap after
{Heap after GC invocations=2 (full 0):
 garbage-first heap   total 94208K, used 9669K [0x0000000080000000, 0x0000000100000000)
  region size 1024K, 2 young (2048K), 2 survivors (2048K)
 Metaspace       used 10289K, capacity 10495K, committed 10624K, reserved 1058816K
  class space    used 1065K, capacity 1141K, committed 1152K, reserved 1048576K
}
Event: 2.168 GC heap before
{Heap before GC invocations=2 (full 0):
 garbage-first heap   total 94208K, used 36293K [0x0000000080000000, 0x0000000100000000)
  region size 1024K, 28 young (28672K), 2 survivors (2048K)
 Metaspace       used 11209K, capacity 11512K, committed 11776K, reserved 1060864K
  class space    used 1167K, capacity 1245K, committed 1280K, reserved 1048576K
}
Event: 2.174 GC heap after
{Heap after GC invocations=3 (full 0):
 garbage-first heap   total 94208K, used 10613K [0x0000000080000000, 0x0000000100000000)
  region size 1024K, 3 young (3072K), 3 survivors (3072K)
 Metaspace       used 11209K, capacity 11512K, committed 11776K, reserved 1060864K
  class space    used 1167K, capacity 1245K, committed 1280K, reserved 1048576K
}
Event: 3.549 GC heap before
{Heap before GC invocations=3 (full 0):
 garbage-first heap   total 94208K, used 46453K [0x0000000080000000, 0x0000000100000000)
  region size 1024K, 38 young (38912K), 3 survivors (3072K)
 Metaspace       used 16343K, capacity 16778K, committed 16896K, reserved 1064960K
  class space    used 1865K, capacity 2002K, committed 2048K, reserved 1048576K
}
Event: 3.573 GC heap after
{Heap after GC invocations=4 (full 0):
 garbage-first heap   total 94208K, used 15536K [0x0000000080000000, 0x0000000100000000)
  region size 1024K, 5 young (5120K), 5 survivors (5120K)
 Metaspace       used 16343K, capacity 16778K, committed 16896K, reserved 1064960K
  class space    used 1865K, capacity 2002K, committed 2048K, reserved 1048576K
}
Event: 4.369 GC heap before
{Heap before GC invocations=4 (full 0):
 garbage-first heap   total 94208K, used 48304K [0x0000000080000000, 0x0000000100000000)
  region size 1024K, 38 young (38912K), 5 survivors (5120K)
 Metaspace       used 20536K, capacity 21096K, committed 21248K, reserved 1067008K
  class space    used 2500K, capacity 2690K, committed 2816K, reserved 1048576K
}
Event: 4.379 GC heap after
{Heap after GC invocations=5 (full 0):
 garbage-first heap   total 113664K, used 16856K [0x0000000080000000, 0x0000000100000000)
  region size 1024K, 2 young (2048K), 2 survivors (2048K)
 Metaspace       used 20536K, capacity 21096K, committed 21248K, reserved 1067008K
  class space    used 2500K, capacity 2690K, committed 2816K, reserved 1048576K
}
Event: 5.558 GC heap before
{Heap before GC invocations=6 (full 0):
 garbage-first heap   total 113664K, used 64984K [0x0000000080000000, 0x0000000100000000)
  region size 1024K, 49 young (50176K), 2 survivors (2048K)
 Metaspace       used 25661K, capacity 26364K, committed 26496K, reserved 1073152K
  class space    used 3353K, capacity 3600K, committed 3712K, reserved 1048576K
}
Event: 5.566 GC heap after
{Heap after GC invocations=7 (full 0):
 garbage-first heap   total 113664K, used 18604K [0x0000000080000000, 0x0000000100000000)
  region size 1024K, 3 young (3072K), 3 survivors (3072K)
 Metaspace       used 25661K, capacity 26364K, committed 26496K, reserved 1073152K
  class space    used 3353K, capacity 3600K, committed 3712K, reserved 1048576K
}
Event: 8.634 GC heap before
{Heap before GC invocations=7 (full 0):
 garbage-first heap   total 113664K, used 76972K [0x0000000080000000, 0x0000000100000000)
  region size 1024K, 60 young (61440K), 3 survivors (3072K)
 Metaspace       used 34768K, capacity 35542K, committed 35584K, reserved 1079296K
  class space    used 4525K, capacity 4832K, committed 4864K, reserved 1048576K
}
Event: 8.648 GC heap after
{Heap after GC invocations=8 (full 0):
 garbage-first heap   total 113664K, used 22183K [0x0000000080000000, 0x0000000100000000)
  region size 1024K, 7 young (7168K), 7 survivors (7168K)
 Metaspace       used 34768K, capacity 35542K, committed 35584K, reserved 1079296K
  class space    used 4525K, capacity 4832K, committed 4864K, reserved 1048576K
}
Event: 8.787 GC heap before
{Heap before GC invocations=8 (full 0):
 garbage-first heap   total 113664K, used 22183K [0x0000000080000000, 0x0000000100000000)
  region size 1024K, 9 young (9216K), 7 survivors (7168K)
 Metaspace       used 35065K, capacity 35798K, committed 35840K, reserved 1081344K
  class space    used 4537K, capacity 4832K, committed 4864K, reserved 1048576K
}
Event: 8.804 GC heap after
{Heap after GC invocations=9 (full 0):
 garbage-first heap   total 113664K, used 22573K [0x0000000080000000, 0x0000000100000000)
  region size 1024K, 4 young (4096K), 4 survivors (4096K)
 Metaspace       used 35065K, capacity 35798K, committed 35840K, reserved 1081344K
  class space    used 4537K, capacity 4832K, committed 4864K, reserved 1048576K
}
Event: 10.531 GC heap before
{Heap before GC invocations=10 (full 0):
 garbage-first heap   total 113664K, used 80941K [0x0000000080000000, 0x0000000100000000)
  region size 1024K, 58 young (59392K), 4 survivors (4096K)
 Metaspace       used 38956K, capacity 39824K, committed 39936K, reserved 1083392K
  class space    used 4966K, capacity 5315K, committed 5376K, reserved 1048576K
}
Event: 10.547 GC heap after
{Heap after GC invocations=11 (full 0):
 garbage-first heap   total 113664K, used 27137K [0x0000000080000000, 0x0000000100000000)
  region size 1024K, 8 young (8192K), 8 survivors (8192K)
 Metaspace       used 38956K, capacity 39824K, committed 39936K, reserved 1083392K
  class space    used 4966K, capacity 5315K, committed 5376K, reserved 1048576K
}

Deoptimization events (20 events):
Event: 11.124 Thread 0x000001ee9bf0a800 Uncommon trap: trap_request=0xffffff4d fr.pc=0x000001ee8c91fe14 relative=0x00000000000000d4
Event: 11.124 Thread 0x000001ee9bf0a800 Uncommon trap: reason=unstable_if action=reinterpret pc=0x000001ee8c91fe14 method=java.util.HashMap.hash(Ljava/lang/Object;)I @ 1 c2
Event: 11.124 Thread 0x000001ee9bf0a800 DEOPT PACKING pc=0x000001ee8c91fe14 sp=0x00000019641f8fe0
Event: 11.124 Thread 0x000001ee9bf0a800 DEOPT UNPACKING pc=0x000001ee84e46a29 sp=0x00000019641f8f20 mode 2
Event: 11.124 Thread 0x000001ee9bf0a800 Uncommon trap: trap_request=0xffffff4d fr.pc=0x000001ee8ca687c0 relative=0x00000000000006c0
Event: 11.124 Thread 0x000001ee9bf0a800 Uncommon trap: reason=unstable_if action=reinterpret pc=0x000001ee8ca687c0 method=java.util.HashMap.putVal(ILjava/lang/Object;Ljava/lang/Object;ZZ)Ljava/lang/Object; @ 85 c2
Event: 11.124 Thread 0x000001ee9bf0a800 DEOPT PACKING pc=0x000001ee8ca687c0 sp=0x00000019641f8f10
Event: 11.124 Thread 0x000001ee9bf0a800 DEOPT UNPACKING pc=0x000001ee84e46a29 sp=0x00000019641f8ec8 mode 2
Event: 11.134 Thread 0x000001ee9bf0a800 Uncommon trap: trap_request=0xffffff4d fr.pc=0x000001ee8ca340e8 relative=0x0000000000000308
Event: 11.134 Thread 0x000001ee9bf0a800 Uncommon trap: reason=unstable_if action=reinterpret pc=0x000001ee8ca340e8 method=org.gradle.internal.reflect.PropertyAccessorType.isGetGetterName(Ljava/lang/String;)Z @ 14 c2
Event: 11.134 Thread 0x000001ee9bf0a800 DEOPT PACKING pc=0x000001ee8ca340e8 sp=0x00000019641f98a0
Event: 11.134 Thread 0x000001ee9bf0a800 DEOPT UNPACKING pc=0x000001ee84e46a29 sp=0x00000019641f97f8 mode 2
Event: 11.181 Thread 0x000001ee9bf0a800 Uncommon trap: trap_request=0xffffff4d fr.pc=0x000001ee8ca23a88 relative=0x00000000000000e8
Event: 11.181 Thread 0x000001ee9bf0a800 Uncommon trap: reason=unstable_if action=reinterpret pc=0x000001ee8ca23a88 method=org.objectweb.asm.ByteVector.putShort(I)Lorg/objectweb/asm/ByteVector; @ 13 c2
Event: 11.181 Thread 0x000001ee9bf0a800 DEOPT PACKING pc=0x000001ee8ca23a88 sp=0x00000019641f9460
Event: 11.181 Thread 0x000001ee9bf0a800 DEOPT UNPACKING pc=0x000001ee84e46a29 sp=0x00000019641f93f8 mode 2
Event: 11.217 Thread 0x000001ee9bf0a800 Uncommon trap: trap_request=0xffffff4d fr.pc=0x000001ee8cabe670 relative=0x00000000000019f0
Event: 11.217 Thread 0x000001ee9bf0a800 Uncommon trap: reason=unstable_if action=reinterpret pc=0x000001ee8cabe670 method=java.util.concurrent.ConcurrentHashMap.computeIfAbsent(Ljava/lang/Object;Ljava/util/function/Function;)Ljava/lang/Object; @ 123 c2
Event: 11.217 Thread 0x000001ee9bf0a800 DEOPT PACKING pc=0x000001ee8cabe670 sp=0x00000019641fa950
Event: 11.217 Thread 0x000001ee9bf0a800 DEOPT UNPACKING pc=0x000001ee84e46a29 sp=0x00000019641fa8e0 mode 2

Classes redefined (0 events):
No events

Internal exceptions (20 events):
Event: 10.343 Thread 0x000001ee9bf0a800 Exception <a 'java/lang/ClassNotFoundException'{0x0000000083acb000}: org/gradle/api/internal/DefaultNamedDomainObjectCollectionBeanInfo> (0x0000000083acb000) thrown at [./src/hotspot/share/classfile/systemDictionary.cpp, line 231]
Event: 10.378 Thread 0x000001ee9bf0a800 Exception <a 'java/lang/ClassNotFoundException'{0x0000000083af4840}: org/gradle/api/internal/DefaultDomainObjectCollectionBeanInfo> (0x0000000083af4840) thrown at [./src/hotspot/share/classfile/systemDictionary.cpp, line 231]
Event: 10.378 Thread 0x000001ee9bf0a800 Exception <a 'java/lang/ClassNotFoundException'{0x0000000083afaa78}: java/util/AbstractCollectionBeanInfo> (0x0000000083afaa78) thrown at [./src/hotspot/share/classfile/systemDictionary.cpp, line 231]
Event: 10.379 Thread 0x000001ee9bf0a800 Exception <a 'java/lang/ClassNotFoundException'{0x00000000839016e8}: java/util/AbstractCollectionCustomizer> (0x00000000839016e8) thrown at [./src/hotspot/share/classfile/systemDictionary.cpp, line 231]
Event: 10.383 Thread 0x000001ee9bf0a800 Exception <a 'java/lang/ClassNotFoundException'{0x00000000839339b8}: org/gradle/api/internal/DefaultDomainObjectCollectionCustomizer> (0x00000000839339b8) thrown at [./src/hotspot/share/classfile/systemDictionary.cpp, line 231]
Event: 10.389 Thread 0x000001ee9bf0a800 Exception <a 'java/lang/ClassNotFoundException'{0x000000008397a930}: org/gradle/api/internal/DefaultNamedDomainObjectCollectionCustomizer> (0x000000008397a930) thrown at [./src/hotspot/share/classfile/systemDictionary.cpp, line 231]
Event: 10.398 Thread 0x000001ee9bf0a800 Exception <a 'java/lang/ClassNotFoundException'{0x00000000839f0ff0}: org/gradle/api/internal/DefaultNamedDomainObjectListCustomizer> (0x00000000839f0ff0) thrown at [./src/hotspot/share/classfile/systemDictionary.cpp, line 231]
Event: 10.403 Thread 0x000001ee9bf0a800 Exception <a 'java/lang/ClassNotFoundException'{0x0000000083843d18}: org/gradle/api/internal/artifacts/DefaultArtifactRepositoryContainerCustomizer> (0x0000000083843d18) thrown at [./src/hotspot/share/classfile/systemDictionary.cpp, line 231]
Event: 10.407 Thread 0x000001ee9bf0a800 Exception <a 'java/lang/ClassNotFoundException'{0x000000008388be78}: org/gradle/api/internal/artifacts/dsl/DefaultRepositoryHandlerCustomizer> (0x000000008388be78) thrown at [./src/hotspot/share/classfile/systemDictionary.cpp, line 231]
Event: 10.411 Thread 0x000001ee9bf0a800 Exception <a 'java/lang/ClassNotFoundException'{0x00000000838e6b90}: org/gradle/api/internal/artifacts/dsl/DefaultRepositoryHandler_DecoratedCustomizer> (0x00000000838e6b90) thrown at [./src/hotspot/share/classfile/systemDictionary.cpp, line 231]
Event: 10.615 Thread 0x000001ee9bf0a800 Exception <a 'java/lang/ClassNotFoundException'{0x0000000086dbb160}: org/gradle/initialization/DefaultProjectDescriptorBeanInfo> (0x0000000086dbb160) thrown at [./src/hotspot/share/classfile/systemDictionary.cpp, line 231]
Event: 10.616 Thread 0x000001ee9bf0a800 Exception <a 'java/lang/ClassNotFoundException'{0x0000000086dde928}: org/gradle/initialization/DefaultProjectDescriptorCustomizer> (0x0000000086dde928) thrown at [./src/hotspot/share/classfile/systemDictionary.cpp, line 231]
Event: 10.624 Thread 0x000001ee9bf0a800 Implicit null exception at 0x000001ee8ca3c3ec to 0x000001ee8ca3c494
Event: 10.882 Thread 0x000001ee9d278800 Exception <a 'java/lang/NoSuchMethodError'{0x0000000086201520}: <clinit>> (0x0000000086201520) thrown at [./src/hotspot/share/prims/jni.cpp, line 1362]
Event: 10.883 Thread 0x000001ee9d278800 Exception <a 'java/lang/NoSuchMethodError'{0x0000000086202b10}: <clinit>> (0x0000000086202b10) thrown at [./src/hotspot/share/prims/jni.cpp, line 1362]
Event: 10.885 Thread 0x000001ee9d278800 Exception <a 'java/lang/NoSuchMethodError'{0x0000000086211880}: <clinit>> (0x0000000086211880) thrown at [./src/hotspot/share/prims/jni.cpp, line 1362]
Event: 10.885 Thread 0x000001ee9d278800 Exception <a 'java/lang/NoSuchMethodError'{0x00000000862136d0}: <clinit>> (0x00000000862136d0) thrown at [./src/hotspot/share/prims/jni.cpp, line 1362]
Event: 10.888 Thread 0x000001ee9d278800 Exception <a 'java/lang/NoSuchMethodError'{0x0000000086222a98}: <clinit>> (0x0000000086222a98) thrown at [./src/hotspot/share/prims/jni.cpp, line 1362]
Event: 11.123 Thread 0x000001ee9bf0a800 Implicit null exception at 0x000001ee8c9dd0f4 to 0x000001ee8c9dd304
Event: 11.124 Thread 0x000001ee9bf0a800 Implicit null exception at 0x000001ee8c91fd78 to 0x000001ee8c91fe0a

Events (20 events):
Event: 11.333 loading class kotlin/collections/ArraysUtilJVM
Event: 11.333 loading class kotlin/collections/ArraysUtilJVM done
Event: 11.334 loading class org/gradle/kotlin/dsl/tooling/builders/KotlinDslScriptsModelBuilder
Event: 11.334 loading class org/gradle/kotlin/dsl/tooling/builders/KotlinDslScriptsModelBuilder done
Event: 11.340 loading class org/gradle/buildinit/plugins/BuildInitPlugin
Event: 11.340 loading class org/gradle/buildinit/plugins/BuildInitPlugin done
Event: 11.342 loading class org/gradle/buildinit/plugins/BuildInitPlugin$InitBuildDependsOnCallable
Event: 11.342 loading class org/gradle/buildinit/plugins/BuildInitPlugin$InitBuildDependsOnCallable done
Event: 11.343 loading class org/gradle/buildinit/plugins/BuildInitPlugin$InitBuildOnlyIfSpec
Event: 11.343 loading class org/gradle/buildinit/plugins/BuildInitPlugin$InitBuildOnlyIfSpec done
Event: 11.344 loading class org/gradle/api/internal/collections/AbstractIterationOrderRetainingElementSource$ValuePointer
Event: 11.344 loading class org/gradle/api/internal/collections/AbstractIterationOrderRetainingElementSource$ValuePointer done
Event: 11.345 loading class org/gradle/buildinit/tasks/InitBuild
Event: 11.345 loading class org/gradle/buildinit/tasks/InitBuild done
Event: 11.350 loading class org/gradle/api/Project
Event: 11.350 loading class org/gradle/api/Project done
Event: 11.351 loading class org/gradle/buildinit/tasks/InitBuild
Event: 11.351 loading class org/gradle/buildinit/tasks/InitBuild done
Event: 11.351 loading class org/gradle/api/Project
Event: 11.351 loading class org/gradle/api/Project done


Dynamic libraries:
0x00007ff704380000 - 0x00007ff70438a000 	C:\Program Files\Android\Android Studio\jre\bin\java.exe
0x00007ffeff090000 - 0x00007ffeff285000 	C:\Windows\SYSTEM32\ntdll.dll
0x00007ffefe8d0000 - 0x00007ffefe98e000 	C:\Windows\System32\KERNEL32.DLL
0x00007ffefce10000 - 0x00007ffefd0d9000 	C:\Windows\System32\KERNELBASE.dll
0x00007ffefc7b0000 - 0x00007ffefc8b0000 	C:\Windows\System32\ucrtbase.dll
0x00007ffeee2d0000 - 0x00007ffeee2e9000 	C:\Program Files\Android\Android Studio\jre\bin\jli.dll
0x00007ffefee10000 - 0x00007ffefefb1000 	C:\Windows\System32\USER32.dll
0x00007ffeedf90000 - 0x00007ffeedfa7000 	C:\Program Files\Android\Android Studio\jre\bin\VCRUNTIME140.dll
0x00007ffef12b0000 - 0x00007ffef154a000 	C:\Windows\WinSxS\amd64_microsoft.windows.common-controls_6595b64144ccf1df_6.0.19041.1110_none_60b5254171f9507e\COMCTL32.dll
0x00007ffefe7d0000 - 0x00007ffefe86e000 	C:\Windows\System32\msvcrt.dll
0x00007ffefd610000 - 0x00007ffefd63b000 	C:\Windows\System32\GDI32.dll
0x00007ffefccd0000 - 0x00007ffefccf2000 	C:\Windows\System32\win32u.dll
0x00007ffefcd00000 - 0x00007ffefce0b000 	C:\Windows\System32\gdi32full.dll
0x00007ffefc960000 - 0x00007ffefc9fd000 	C:\Windows\System32\msvcp_win.dll
0x00007ffefdae0000 - 0x00007ffefdb10000 	C:\Windows\System32\IMM32.DLL
0x00007ffecd610000 - 0x00007ffecd6ad000 	C:\Program Files\Android\Android Studio\jre\bin\msvcp140.dll
0x00007ffebac20000 - 0x00007ffebb6ef000 	C:\Program Files\Android\Android Studio\jre\bin\server\jvm.dll
0x00007ffefd0e0000 - 0x00007ffefd18c000 	C:\Windows\System32\ADVAPI32.dll
0x00007ffefed70000 - 0x00007ffefee0b000 	C:\Windows\System32\sechost.dll
0x00007ffefd9b0000 - 0x00007ffefdada000 	C:\Windows\System32\RPCRT4.dll
0x00007ffefd930000 - 0x00007ffefd938000 	C:\Windows\System32\PSAPI.DLL
0x00007ffedf9f0000 - 0x00007ffedfa17000 	C:\Windows\SYSTEM32\WINMM.dll
0x00007ffef7320000 - 0x00007ffef7329000 	C:\Windows\SYSTEM32\WSOCK32.dll
0x00007ffef1bb0000 - 0x00007ffef1bba000 	C:\Windows\SYSTEM32\VERSION.dll
0x00007ffefeb60000 - 0x00007ffefebcb000 	C:\Windows\System32\WS2_32.dll
0x00007ffefa6d0000 - 0x00007ffefa6e2000 	C:\Windows\SYSTEM32\kernel.appcore.dll
0x00007ffef2e30000 - 0x00007ffef2e41000 	C:\Program Files\Android\Android Studio\jre\bin\verify.dll
0x00007ffed8200000 - 0x00007ffed83e4000 	C:\Windows\SYSTEM32\DBGHELP.DLL
0x00007ffeda140000 - 0x00007ffeda16c000 	C:\Windows\SYSTEM32\dbgcore.DLL
0x00007ffefca80000 - 0x00007ffefcb03000 	C:\Windows\System32\bcryptPrimitives.dll
0x00007ffedf510000 - 0x00007ffedf539000 	C:\Program Files\Android\Android Studio\jre\bin\java.dll
0x00007ffef7310000 - 0x00007ffef731b000 	C:\Program Files\Android\Android Studio\jre\bin\jimage.dll
0x00007ffef25b0000 - 0x00007ffef25c8000 	C:\Program Files\Android\Android Studio\jre\bin\zip.dll
0x00007ffefe090000 - 0x00007ffefe7cf000 	C:\Windows\System32\SHELL32.dll
0x00007ffefa8d0000 - 0x00007ffefb060000 	C:\Windows\SYSTEM32\windows.storage.dll
0x00007ffefdc00000 - 0x00007ffefdf55000 	C:\Windows\System32\combase.dll
0x00007ffefc130000 - 0x00007ffefc15c000 	C:\Windows\SYSTEM32\Wldp.dll
0x00007ffefd7f0000 - 0x00007ffefd89d000 	C:\Windows\System32\SHCORE.dll
0x00007ffefecb0000 - 0x00007ffefed05000 	C:\Windows\System32\shlwapi.dll
0x00007ffefc6f0000 - 0x00007ffefc70f000 	C:\Windows\SYSTEM32\profapi.dll
0x00007ffef2250000 - 0x00007ffef226a000 	C:\Program Files\Android\Android Studio\jre\bin\net.dll
0x00007ffef4490000 - 0x00007ffef4598000 	C:\Windows\SYSTEM32\WINHTTP.dll
0x00007ffefbe90000 - 0x00007ffefbefa000 	C:\Windows\system32\mswsock.dll
0x00007ffeef6a0000 - 0x00007ffeef6b4000 	C:\Program Files\Android\Android Studio\jre\bin\nio.dll
0x00007ffed7f00000 - 0x00007ffed7f27000 	C:\Users\MARIA TERESA\.gradle\native\8bec1ad78214c89d9ad589b4d07fe93259594b29d510b10fafb7a158f7737e5d\windows-amd64\native-platform.dll
0x00007ffec6780000 - 0x00007ffec68bd000 	C:\Users\MARIA TERESA\.gradle\native\53dbd7edfb1c66fb8903c78663c9afc45aea4f116125fa6feffd364cf09443e8\windows-amd64\native-platform-file-events.dll
0x00007ffef5c70000 - 0x00007ffef5c7a000 	C:\Program Files\Android\Android Studio\jre\bin\management.dll
0x00007ffef3b70000 - 0x00007ffef3b7c000 	C:\Program Files\Android\Android Studio\jre\bin\management_ext.dll
0x00007ffefc080000 - 0x00007ffefc098000 	C:\Windows\SYSTEM32\CRYPTSP.dll
0x00007ffefb810000 - 0x00007ffefb844000 	C:\Windows\system32\rsaenh.dll
0x00007ffefca00000 - 0x00007ffefca27000 	C:\Windows\System32\bcrypt.dll
0x00007ffefc6b0000 - 0x00007ffefc6de000 	C:\Windows\SYSTEM32\USERENV.dll
0x00007ffefc0a0000 - 0x00007ffefc0ac000 	C:\Windows\SYSTEM32\CRYPTBASE.dll
0x00007ffefbb80000 - 0x00007ffefbbbb000 	C:\Windows\SYSTEM32\IPHLPAPI.DLL
0x00007ffefd9a0000 - 0x00007ffefd9a8000 	C:\Windows\System32\NSI.dll
0x00007ffef6c00000 - 0x00007ffef6c17000 	C:\Windows\SYSTEM32\dhcpcsvc6.DLL
0x00007ffef6bc0000 - 0x00007ffef6bdd000 	C:\Windows\SYSTEM32\dhcpcsvc.DLL
0x00007ffefbbc0000 - 0x00007ffefbc8c000 	C:\Windows\SYSTEM32\DNSAPI.dll

dbghelp: loaded successfully - version: 4.0.5 - missing functions: none
symbol engine: initialized successfully - sym options: 0x614 - pdb path: .;C:\Program Files\Android\Android Studio\jre\bin;C:\Windows\SYSTEM32;C:\Windows\WinSxS\amd64_microsoft.windows.common-controls_6595b64144ccf1df_6.0.19041.1110_none_60b5254171f9507e;C:\Program Files\Android\Android Studio\jre\bin\server;C:\Users\MARIA TERESA\.gradle\native\8bec1ad78214c89d9ad589b4d07fe93259594b29d510b10fafb7a158f7737e5d\windows-amd64;C:\Users\MARIA TERESA\.gradle\native\53dbd7edfb1c66fb8903c78663c9afc45aea4f116125fa6feffd364cf09443e8\windows-amd64

VM Arguments:
jvm_args: --add-opens=java.base/java.util=ALL-UNNAMED --add-opens=java.base/java.lang=ALL-UNNAMED --add-opens=java.base/java.lang.invoke=ALL-UNNAMED --add-opens=java.base/java.util=ALL-UNNAMED --add-opens=java.prefs/java.util.prefs=ALL-UNNAMED --add-opens=java.prefs/java.util.prefs=ALL-UNNAMED --add-opens=java.base/java.nio.charset=ALL-UNNAMED --add-opens=java.base/java.net=ALL-UNNAMED --add-opens=java.base/java.util.concurrent.atomic=ALL-UNNAMED -Xmx2048m -Dfile.encoding=UTF-8 -Duser.country=CO -Duser.language=es -Duser.variant 
java_command: org.gradle.launcher.daemon.bootstrap.GradleDaemon 7.0.2
java_class_path (initial): C:\Users\MARIA TERESA\.gradle\wrapper\dists\gradle-7.0.2-bin\857tjihv64xamwrf0h14cai3r\gradle-7.0.2\lib\gradle-launcher-7.0.2.jar
Launcher Type: SUN_STANDARD

[Global flags]
     intx CICompilerCount                          = 3                                         {product} {ergonomic}
     uint ConcGCThreads                            = 1                                         {product} {ergonomic}
     uint G1ConcRefinementThreads                  = 4                                         {product} {ergonomic}
   size_t G1HeapRegionSize                         = 1048576                                   {product} {ergonomic}
    uintx GCDrainStackTargetSize                   = 64                                        {product} {ergonomic}
   size_t InitialHeapSize                          = 96468992                                  {product} {ergonomic}
   size_t MarkStackSize                            = 4194304                                   {product} {ergonomic}
   size_t MaxHeapSize                              = 2147483648                                {product} {command line}
   size_t MaxNewSize                               = 1287651328                                {product} {ergonomic}
   size_t MinHeapDeltaBytes                        = 1048576                                   {product} {ergonomic}
    uintx NonNMethodCodeHeapSize                   = 5830732                                {pd product} {ergonomic}
    uintx NonProfiledCodeHeapSize                  = 122913754                              {pd product} {ergonomic}
    uintx ProfiledCodeHeapSize                     = 122913754                              {pd product} {ergonomic}
    uintx ReservedCodeCacheSize                    = 251658240                              {pd product} {ergonomic}
     bool SegmentedCodeCache                       = true                                      {product} {ergonomic}
     bool UseCompressedClassPointers               = true                                 {lp64_product} {ergonomic}
     bool UseCompressedOops                        = true                                 {lp64_product} {ergonomic}
     bool UseG1GC                                  = true                                      {product} {ergonomic}
     bool UseLargePagesIndividualAllocation        = false                                  {pd product} {ergonomic}

Logging:
Log output configuration:
 #0: stdout all=warning uptime,level,tags
 #1: stderr all=off uptime,level,tags

Environment Variables:
PATH=C:\Program Files\Common Files\Oracle\Java\javapath;C:\Program Files\Microsoft MPI\Bin\;C:\Windows\system32;C:\Windows;C:\Windows\System32\Wbem;C:\Windows\System32\WindowsPowerShell\v1.0\;C:\Windows\System32\OpenSSH\;C:\Program Files\Azure Data Studio\bin;C:\Program Files (x86)\Microsoft SQL Server\150\Tools\Binn\;C:\Program Files\Microsoft SQL Server\150\Tools\Binn\;C:\Program Files (x86)\Microsoft SQL Server\150\DTS\Binn\;C:\Program Files\Microsoft SQL Server\150\DTS\Binn\;C:\Program Files\Microsoft SQL Server\Client SDK\ODBC\170\Tools\Binn\;C:\Program Files\dotnet\;C:\Program Files\Git\cmd;C:\Users\MARIA TERESA\AppData\Local\Microsoft\WindowsApps;;C:\Users\MARIA TERESA\AppData\Local\Programs\Microsoft VS Code\bin;C:\Program Files\Azure Data Studio\bin;C:\Users\MARIA TERESA\.dotnet\tools
USERNAME=MARIA TERESA
OS=Windows_NT
PROCESSOR_IDENTIFIER=Intel64 Family 6 Model 37 Stepping 2, GenuineIntel



---------------  S Y S T E M  ---------------

OS: Windows 10 , 64 bit Build 19041 (10.0.19041.1202)
OS uptime: 11 days 17:56 hours

CPU:total 4 (initial active 4) (2 cores per cpu, 2 threads per core) family 6 model 37 stepping 2 microcode 0x11, cmov, cx8, fxsr, mmx, sse, sse2, sse3, ssse3, sse4.1, sse4.2, popcnt, ht, tsc, tscinvbit

Memory: 4k page, system-wide physical 5879M (584M free)
TotalPageFile size 5879M (AvailPageFile size 5M)
current process WorkingSet (physical memory assigned to process): 242M, peak: 244M
current process commit charge ("private bytes"): 296M, peak: 297M

vm_info: OpenJDK 64-Bit Server VM (11.0.10+0-b96-7249189) for windows-amd64 JRE (11.0.10+0-b96-7249189), built on Mar 31 2021 21:44:00 by "builder" with MS VC++ 14.0 (VS2015)

END.
