#
# There is insufficient memory for the Java Runtime Environment to continue.
# Native memory allocation (malloc) failed to allocate 39760 bytes for Chunk::new
# Possible reasons:
#   The system is out of physical RAM or swap space
#   The process is running with CompressedOops enabled, and the Java Heap may be blocking the growth of the native heap
# Possible solutions:
#   Reduce memory load on the system
#   Increase physical memory or swap space
#   Check if swap backing store is full
#   Decrease Java heap size (-Xmx/-Xms)
#   Decrease number of Java threads
#   Decrease Java thread stack sizes (-Xss)
#   Set larger code cache with -XX:ReservedCodeCacheSize=
#   JVM is running with Unscaled Compressed Oops mode in which the Java heap is
#     placed in the first 4GB address space. The Java Heap base address is the
#     maximum limit for the native heap growth. Please use -XX:HeapBaseMinAddress
#     to set the Java Heap base and to place the Java Heap above 4GB virtual address.
# This output file may be truncated or incomplete.
#
#  Out of Memory Error (./src/hotspot/share/memory/arena.cpp:197), pid=2960, tid=5552
#
# JRE version: OpenJDK Runtime Environment (11.0.10) (build 11.0.10+0-b96-7249189)
# Java VM: OpenJDK 64-Bit Server VM (11.0.10+0-b96-7249189, mixed mode, tiered, compressed oops, g1 gc, windows-amd64)
# No core dump will be written. Minidumps are not enabled by default on client versions of Windows
#

---------------  S U M M A R Y ------------

Command Line: --add-opens=java.base/java.util=ALL-UNNAMED --add-opens=java.base/java.lang=ALL-UNNAMED --add-opens=java.base/java.lang.invoke=ALL-UNNAMED --add-opens=java.base/java.util=ALL-UNNAMED --add-opens=java.prefs/java.util.prefs=ALL-UNNAMED --add-opens=java.prefs/java.util.prefs=ALL-UNNAMED --add-opens=java.base/java.nio.charset=ALL-UNNAMED --add-opens=java.base/java.net=ALL-UNNAMED --add-opens=java.base/java.util.concurrent.atomic=ALL-UNNAMED -Xmx2048m -Dfile.encoding=UTF-8 -Duser.country=CO -Duser.language=es -Duser.variant org.gradle.launcher.daemon.bootstrap.GradleDaemon 7.0.2

Host: Intel(R) Core(TM) i3 CPU         540  @ 3.07GHz, 4 cores, 5G,  Windows 10 , 64 bit Build 19041 (10.0.19041.1348)
Time: Thu Nov 18 17:15:24 2021 Hora est. Pacífico, Sudamérica elapsed time: 53.537267 seconds (0d 0h 0m 53s)

---------------  T H R E A D  ---------------

Current thread (0x000001d38318c800):  JavaThread "C2 CompilerThread1" daemon [_thread_in_native, id=5552, stack(0x000000a2c7300000,0x000000a2c7400000)]


Current CompileTask:
C2:  53537 15261       4       com.android.tools.r8.internal.Ah::<init> (89 bytes)

Stack: [0x000000a2c7300000,0x000000a2c7400000]
Native frames: (J=compiled Java code, j=interpreted, Vv=VM code, C=native code)
V  [jvm.dll+0x5ecfaa]
V  [jvm.dll+0x722bd5]
V  [jvm.dll+0x72412d]
V  [jvm.dll+0x7247e3]
V  [jvm.dll+0x242928]
V  [jvm.dll+0xbc4fc]
V  [jvm.dll+0xbca0c]
V  [jvm.dll+0x1fae51]
V  [jvm.dll+0x584a45]
V  [jvm.dll+0x58380e]
V  [jvm.dll+0x1fb4a2]
V  [jvm.dll+0x1fa7f4]
V  [jvm.dll+0x18354c]
V  [jvm.dll+0x208ee7]
V  [jvm.dll+0x207731]
V  [jvm.dll+0x6eb1cf]
V  [jvm.dll+0x6e3d45]
V  [jvm.dll+0x5ebe96]
C  [ucrtbase.dll+0x21bb2]
C  [KERNEL32.DLL+0x17034]
C  [ntdll.dll+0x52651]


---------------  P R O C E S S  ---------------

Threads class SMR info:
_java_thread_list=0x000001d380af05a0, length=52, elements={
0x000001d3dce4b800, 0x000001d3f894e800, 0x000001d3f895a000, 0x000001d3f9322800,
0x000001d3f897b000, 0x000001d3f897c000, 0x000001d3f8985000, 0x000001d3f8987000,
0x000001d3f898d000, 0x000001d3f9443000, 0x000001d3fb545800, 0x000001d3fb476000,
0x000001d3fa992800, 0x000001d3fc958000, 0x000001d3fc140000, 0x000001d3fbb09800,
0x000001d3fc00a000, 0x000001d3fc00a800, 0x000001d3fb61b800, 0x000001d3fa97e800,
0x000001d3fa97f800, 0x000001d3fa981000, 0x000001d3fa97c000, 0x000001d3fa980800,
0x000001d3fa97d000, 0x000001d3fa982000, 0x000001d3fa982800, 0x000001d3fa97e000,
0x000001d3feacc800, 0x000001d3fead3000, 0x000001d3fead0000, 0x000001d3feacf000,
0x000001d3fead2800, 0x000001d3feacd800, 0x000001d3fead4000, 0x000001d3feace000,
0x000001d3fead9800, 0x000001d3feada800, 0x000001d3fead4800, 0x000001d3fead8000,
0x000001d3fead6800, 0x000001d3fead9000, 0x000001d3fead5800, 0x000001d383185800,
0x000001d383189000, 0x000001d38318a000, 0x000001d383184000, 0x000001d38318a800,
0x000001d383185000, 0x000001d383188000, 0x000001d383186800, 0x000001d38318c800
}

Java Threads: ( => current thread )
  0x000001d3dce4b800 JavaThread "main" [_thread_blocked, id=9472, stack(0x000000a2c3500000,0x000000a2c3600000)]
  0x000001d3f894e800 JavaThread "Reference Handler" daemon [_thread_blocked, id=6564, stack(0x000000a2c3c00000,0x000000a2c3d00000)]
  0x000001d3f895a000 JavaThread "Finalizer" daemon [_thread_blocked, id=6000, stack(0x000000a2c3d00000,0x000000a2c3e00000)]
  0x000001d3f9322800 JavaThread "Signal Dispatcher" daemon [_thread_blocked, id=6036, stack(0x000000a2c3e00000,0x000000a2c3f00000)]
  0x000001d3f897b000 JavaThread "Attach Listener" daemon [_thread_blocked, id=1064, stack(0x000000a2c3f00000,0x000000a2c4000000)]
  0x000001d3f897c000 JavaThread "Service Thread" daemon [_thread_blocked, id=5128, stack(0x000000a2c4000000,0x000000a2c4100000)]
  0x000001d3f8985000 JavaThread "C2 CompilerThread0" daemon [_thread_in_native, id=6232, stack(0x000000a2c4100000,0x000000a2c4200000)]
  0x000001d3f8987000 JavaThread "C1 CompilerThread0" daemon [_thread_blocked, id=3408, stack(0x000000a2c4200000,0x000000a2c4300000)]
  0x000001d3f898d000 JavaThread "Sweeper thread" daemon [_thread_blocked, id=2820, stack(0x000000a2c4300000,0x000000a2c4400000)]
  0x000001d3f9443000 JavaThread "Common-Cleaner" daemon [_thread_blocked, id=10156, stack(0x000000a2c4400000,0x000000a2c4500000)]
  0x000001d3fb545800 JavaThread "Daemon health stats" [_thread_blocked, id=1248, stack(0x000000a2c4800000,0x000000a2c4900000)]
  0x000001d3fb476000 JavaThread "Incoming local TCP Connector on port 62161" [_thread_in_native, id=6976, stack(0x000000a2c4900000,0x000000a2c4a00000)]
  0x000001d3fa992800 JavaThread "Daemon periodic checks" [_thread_blocked, id=9296, stack(0x000000a2c4a00000,0x000000a2c4b00000)]
  0x000001d3fc958000 JavaThread "Daemon" [_thread_blocked, id=9108, stack(0x000000a2c4d00000,0x000000a2c4e00000)]
  0x000001d3fc140000 JavaThread "Handler for socket connection from /127.0.0.1:62161 to /127.0.0.1:62162" [_thread_in_native, id=4372, stack(0x000000a2c4e00000,0x000000a2c4f00000)]
  0x000001d3fbb09800 JavaThread "Cancel handler" [_thread_blocked, id=6028, stack(0x000000a2c4f00000,0x000000a2c5000000)]
  0x000001d3fc00a000 JavaThread "Daemon worker" [_thread_blocked, id=9656, stack(0x000000a2c5000000,0x000000a2c5100000)]
  0x000001d3fc00a800 JavaThread "Asynchronous log dispatcher for DefaultDaemonConnection: socket connection from /127.0.0.1:62161 to /127.0.0.1:62162" [_thread_blocked, id=4352, stack(0x000000a2c5100000,0x000000a2c5200000)]
  0x000001d3fb61b800 JavaThread "Stdin handler" [_thread_blocked, id=3844, stack(0x000000a2c5200000,0x000000a2c5300000)]
  0x000001d3fa97e800 JavaThread "Daemon client event forwarder" [_thread_blocked, id=9992, stack(0x000000a2c5300000,0x000000a2c5400000)]
  0x000001d3fa97f800 JavaThread "Cache worker for file hash cache (C:\Users\MARIA TERESA\.gradle\caches\7.0.2\fileHashes)" [_thread_blocked, id=2284, stack(0x000000a2c4600000,0x000000a2c4700000)]
  0x000001d3fa981000 JavaThread "File lock request listener" [_thread_in_native, id=7816, stack(0x000000a2c5400000,0x000000a2c5500000)]
  0x000001d3fa97c000 JavaThread "Cache worker for journal cache (C:\Users\MARIA TERESA\.gradle\caches\journal-1)" [_thread_blocked, id=7820, stack(0x000000a2c5500000,0x000000a2c5600000)]
  0x000001d3fa980800 JavaThread "Cache worker for file hash cache (G:\DOWNLOADS\androidstudioprojects\.gradle\7.0.2\fileHashes)" [_thread_blocked, id=4812, stack(0x000000a2c5700000,0x000000a2c5800000)]
  0x000001d3fa97d000 JavaThread "File watcher server" daemon [_thread_in_native, id=1368, stack(0x000000a2c5800000,0x000000a2c5900000)]
  0x000001d3fa982000 JavaThread "File watcher consumer" daemon [_thread_blocked, id=1108, stack(0x000000a2c5900000,0x000000a2c5a00000)]
  0x000001d3fa982800 JavaThread "Cache worker for checksums cache (G:\DOWNLOADS\androidstudioprojects\.gradle\checksums)" [_thread_blocked, id=8332, stack(0x000000a2c5a00000,0x000000a2c5b00000)]
  0x000001d3fa97e000 JavaThread "Cache worker for cache directory md-supplier (C:\Users\MARIA TERESA\.gradle\caches\7.0.2\md-supplier)" [_thread_blocked, id=564, stack(0x000000a2c5b00000,0x000000a2c5c00000)]
  0x000001d3feacc800 JavaThread "Cache worker for cache directory md-rule (C:\Users\MARIA TERESA\.gradle\caches\7.0.2\md-rule)" [_thread_blocked, id=4468, stack(0x000000a2c5c00000,0x000000a2c5d00000)]
  0x000001d3fead3000 JavaThread "Cache worker for execution history cache (C:\Users\MARIA TERESA\.gradle\caches\7.0.2\executionHistory)" [_thread_blocked, id=6312, stack(0x000000a2c5600000,0x000000a2c5700000)]
  0x000001d3fead0000 JavaThread "jar transforms" [_thread_blocked, id=9788, stack(0x000000a2c5e00000,0x000000a2c5f00000)]
  0x000001d3feacf000 JavaThread "jar transforms Thread 2" [_thread_blocked, id=1972, stack(0x000000a2c5f00000,0x000000a2c6000000)]
  0x000001d3fead2800 JavaThread "Cache worker for file content cache (C:\Users\MARIA TERESA\.gradle\caches\7.0.2\fileContent)" [_thread_blocked, id=7420, stack(0x000000a2c6000000,0x000000a2c6100000)]
  0x000001d3feacd800 JavaThread "Cache worker for dependencies-accessors (G:\DOWNLOADS\androidstudioprojects\.gradle\7.0.2\dependencies-accessors)" [_thread_blocked, id=9852, stack(0x000000a2c6100000,0x000000a2c6200000)]
  0x000001d3fead4000 JavaThread "jar transforms Thread 3" [_thread_blocked, id=816, stack(0x000000a2c6200000,0x000000a2c6300000)]
  0x000001d3feace000 JavaThread "Cache worker for Build Output Cleanup Cache (G:\DOWNLOADS\androidstudioprojects\.gradle\buildOutputCleanup)" [_thread_blocked, id=1488, stack(0x000000a2c6300000,0x000000a2c6400000)]
  0x000001d3fead9800 JavaThread "Build operations" [_thread_in_Java, id=8092, stack(0x000000a2c6400000,0x000000a2c6500000)]
  0x000001d3feada800 JavaThread "Build operations Thread 2" [_thread_in_Java, id=2524, stack(0x000000a2c6500000,0x000000a2c6600000)]
  0x000001d3fead4800 JavaThread "Build operations Thread 3" [_thread_in_vm_trans, id=9508, stack(0x000000a2c6600000,0x000000a2c6700000)]
  0x000001d3fead8000 JavaThread "Build operations Thread 4" [_thread_in_native, id=4956, stack(0x000000a2c6700000,0x000000a2c6800000)]
  0x000001d3fead6800 JavaThread "jar transforms Thread 4" [_thread_blocked, id=10112, stack(0x000000a2c6800000,0x000000a2c6900000)]
  0x000001d3fead9000 JavaThread "Memory manager" [_thread_blocked, id=2384, stack(0x000000a2c6900000,0x000000a2c6a00000)]
  0x000001d3fead5800 JavaThread "build event listener" [_thread_blocked, id=9048, stack(0x000000a2c6a00000,0x000000a2c6b00000)]
  0x000001d383185800 JavaThread "Execution worker for ':'" [_thread_blocked, id=5060, stack(0x000000a2c6b00000,0x000000a2c6c00000)]
  0x000001d383189000 JavaThread "Execution worker for ':' Thread 2" [_thread_blocked, id=4948, stack(0x000000a2c6c00000,0x000000a2c6d00000)]
  0x000001d38318a000 JavaThread "Execution worker for ':' Thread 3" [_thread_blocked, id=6844, stack(0x000000a2c6d00000,0x000000a2c6e00000)]
  0x000001d383184000 JavaThread "Cache worker for execution history cache (G:\DOWNLOADS\androidstudioprojects\.gradle\7.0.2\executionHistory)" [_thread_blocked, id=508, stack(0x000000a2c6e00000,0x000000a2c6f00000)]
  0x000001d38318a800 JavaThread "WorkerExecutor Queue" [_thread_blocked, id=1504, stack(0x000000a2c7100000,0x000000a2c7200000)]
  0x000001d383185000 JavaThread "WorkerExecutor Queue Thread 2" [_thread_blocked, id=1840, stack(0x000000a2c5d00000,0x000000a2c5e00000)]
  0x000001d383188000 JavaThread "WorkerExecutor Queue Thread 3" [_thread_blocked, id=7568, stack(0x000000a2c7200000,0x000000a2c7300000)]
  0x000001d383186800 JavaThread "WorkerExecutor Queue Thread 4" [_thread_blocked, id=9160, stack(0x000000a2c7400000,0x000000a2c7500000)]
=>0x000001d38318c800 JavaThread "C2 CompilerThread1" daemon [_thread_in_native, id=5552, stack(0x000000a2c7300000,0x000000a2c7400000)]

Other Threads:
  0x000001d3dcf2e800 VMThread "VM Thread" [stack: 0x000000a2c3b00000,0x000000a2c3c00000] [id=8796]
  0x000001d3f9468800 WatcherThread [stack: 0x000000a2c4500000,0x000000a2c4600000] [id=9864]
  0x000001d3dce65000 GCTaskThread "GC Thread#0" [stack: 0x000000a2c3600000,0x000000a2c3700000] [id=5296]
  0x000001d3f976d000 GCTaskThread "GC Thread#1" [stack: 0x000000a2c4700000,0x000000a2c4800000] [id=5872]
  0x000001d3fc9c6000 GCTaskThread "GC Thread#2" [stack: 0x000000a2c4b00000,0x000000a2c4c00000] [id=4672]
  0x000001d3fc089800 GCTaskThread "GC Thread#3" [stack: 0x000000a2c4c00000,0x000000a2c4d00000] [id=3292]
  0x000001d3dce95800 ConcurrentGCThread "G1 Main Marker" [stack: 0x000000a2c3700000,0x000000a2c3800000] [id=9988]
  0x000001d3dce99000 ConcurrentGCThread "G1 Conc#0" [stack: 0x000000a2c3800000,0x000000a2c3900000] [id=9364]
  0x000001d3dcef8000 ConcurrentGCThread "G1 Refine#0" [stack: 0x000000a2c3900000,0x000000a2c3a00000] [id=7812]
  0x000001d3dcef9000 ConcurrentGCThread "G1 Young RemSet Sampling" [stack: 0x000000a2c3a00000,0x000000a2c3b00000] [id=9824]

Threads with active compile tasks:
C2 CompilerThread0  53593 15253 %     4       com.android.tools.r8.ir.regalloc.a::a @ 2121 (3985 bytes)
C2 CompilerThread1  53593 15261       4       com.android.tools.r8.internal.Ah::<init> (89 bytes)

VM state:not at safepoint (normal execution)

VM Mutex/Monitor currently owned by a thread: None

OutOfMemory and StackOverflow Exception counts:
OutOfMemoryError java_heap_errors=1
LinkageErrors=154

Heap address: 0x0000000080000000, size: 2048 MB, Compressed Oops mode: 32-bit
Narrow klass base: 0x0000000000000000, Narrow klass shift: 3
Compressed class space size: 1073741824 Address: 0x0000000100000000

Heap:
 garbage-first heap   total 238592K, used 174806K [0x0000000080000000, 0x0000000100000000)
  region size 1024K, 45 young (46080K), 4 survivors (4096K)
 Metaspace       used 103396K, capacity 105996K, committed 106316K, reserved 1144832K
  class space    used 13322K, capacity 14296K, committed 14412K, reserved 1048576K
Heap Regions: E=young(eden), S=young(survivor), O=old, HS=humongous(starts), HC=humongous(continues), CS=collection set, F=free, A=archive, TAMS=top-at-mark-start (previous, next)
|   0|0x0000000080000000, 0x0000000080100000, 0x0000000080100000|100%|HS|  |TAMS 0x0000000080100000, 0x0000000080000000| Complete 
|   1|0x0000000080100000, 0x0000000080200000, 0x0000000080200000|100%|HC|  |TAMS 0x0000000080200000, 0x0000000080100000| Complete 
|   2|0x0000000080200000, 0x0000000080300000, 0x0000000080300000|100%|HC|  |TAMS 0x0000000080300000, 0x0000000080200000| Complete 
|   3|0x0000000080300000, 0x0000000080400000, 0x0000000080400000|100%| O|  |TAMS 0x0000000080400000, 0x0000000080300000| Updating 
|   4|0x0000000080400000, 0x0000000080500000, 0x0000000080500000|100%| O|  |TAMS 0x0000000080500000, 0x0000000080400000| Updating 
|   5|0x0000000080500000, 0x0000000080600000, 0x0000000080600000|100%| O|  |TAMS 0x0000000080600000, 0x0000000080500000| Updating 
|   6|0x0000000080600000, 0x0000000080700000, 0x0000000080700000|100%| O|  |TAMS 0x0000000080700000, 0x0000000080600000| Updating 
|   7|0x0000000080700000, 0x0000000080800000, 0x0000000080800000|100%| O|  |TAMS 0x0000000080800000, 0x0000000080700000| Updating 
|   8|0x0000000080800000, 0x0000000080900000, 0x0000000080900000|100%| O|  |TAMS 0x0000000080900000, 0x0000000080800000| Updating 
|   9|0x0000000080900000, 0x0000000080a00000, 0x0000000080a00000|100%| O|  |TAMS 0x0000000080a00000, 0x0000000080900000| Updating 
|  10|0x0000000080a00000, 0x0000000080b00000, 0x0000000080b00000|100%| O|  |TAMS 0x0000000080b00000, 0x0000000080a00000| Updating 
|  11|0x0000000080b00000, 0x0000000080c00000, 0x0000000080c00000|100%| O|  |TAMS 0x0000000080c00000, 0x0000000080b00000| Updating 
|  12|0x0000000080c00000, 0x0000000080d00000, 0x0000000080d00000|100%| O|  |TAMS 0x0000000080d00000, 0x0000000080c00000| Updating 
|  13|0x0000000080d00000, 0x0000000080e00000, 0x0000000080e00000|100%| O|  |TAMS 0x0000000080e00000, 0x0000000080d00000| Updating 
|  14|0x0000000080e00000, 0x0000000080f00000, 0x0000000080f00000|100%| O|  |TAMS 0x0000000080f00000, 0x0000000080e00000| Updating 
|  15|0x0000000080f00000, 0x0000000081000000, 0x0000000081000000|100%| O|  |TAMS 0x0000000081000000, 0x0000000080f00000| Updating 
|  16|0x0000000081000000, 0x0000000081100000, 0x0000000081100000|100%| O|  |TAMS 0x0000000081100000, 0x0000000081000000| Updating 
|  17|0x0000000081100000, 0x0000000081200000, 0x0000000081200000|100%|HS|  |TAMS 0x0000000081200000, 0x0000000081100000| Complete 
|  18|0x0000000081200000, 0x0000000081300000, 0x0000000081300000|100%| O|  |TAMS 0x0000000081300000, 0x0000000081200000| Updating 
|  19|0x0000000081300000, 0x0000000081400000, 0x0000000081400000|100%| O|  |TAMS 0x0000000081400000, 0x0000000081300000| Updating 
|  20|0x0000000081400000, 0x0000000081500000, 0x0000000081500000|100%| O|  |TAMS 0x0000000081500000, 0x0000000081400000| Updating 
|  21|0x0000000081500000, 0x0000000081600000, 0x0000000081600000|100%| O|  |TAMS 0x0000000081600000, 0x0000000081500000| Updating 
|  22|0x0000000081600000, 0x0000000081700000, 0x0000000081700000|100%| O|  |TAMS 0x0000000081700000, 0x0000000081600000| Updating 
|  23|0x0000000081700000, 0x0000000081800000, 0x0000000081800000|100%|HS|  |TAMS 0x0000000081800000, 0x0000000081700000| Complete 
|  24|0x0000000081800000, 0x0000000081900000, 0x0000000081900000|100%|HS|  |TAMS 0x0000000081900000, 0x0000000081800000| Complete 
|  25|0x0000000081900000, 0x0000000081a00000, 0x0000000081a00000|100%|HS|  |TAMS 0x0000000081a00000, 0x0000000081900000| Complete 
|  26|0x0000000081a00000, 0x0000000081b00000, 0x0000000081b00000|100%|HC|  |TAMS 0x0000000081b00000, 0x0000000081a00000| Complete 
|  27|0x0000000081b00000, 0x0000000081c00000, 0x0000000081c00000|100%|HC|  |TAMS 0x0000000081c00000, 0x0000000081b00000| Complete 
|  28|0x0000000081c00000, 0x0000000081d00000, 0x0000000081d00000|100%| O|  |TAMS 0x0000000081d00000, 0x0000000081c00000| Updating 
|  29|0x0000000081d00000, 0x0000000081e00000, 0x0000000081e00000|100%| O|  |TAMS 0x0000000081e00000, 0x0000000081d00000| Updating 
|  30|0x0000000081e00000, 0x0000000081f00000, 0x0000000081f00000|100%| O|  |TAMS 0x0000000081f00000, 0x0000000081e00000| Updating 
|  31|0x0000000081f00000, 0x0000000082000000, 0x0000000082000000|100%| O|  |TAMS 0x0000000082000000, 0x0000000081f00000| Updating 
|  32|0x0000000082000000, 0x0000000082100000, 0x0000000082100000|100%| O|  |TAMS 0x0000000082100000, 0x0000000082000000| Updating 
|  33|0x0000000082100000, 0x0000000082200000, 0x0000000082200000|100%|HS|  |TAMS 0x0000000082200000, 0x0000000082100000| Complete 
|  34|0x0000000082200000, 0x0000000082300000, 0x0000000082300000|100%|HC|  |TAMS 0x0000000082300000, 0x0000000082200000| Complete 
|  35|0x0000000082300000, 0x0000000082400000, 0x0000000082400000|100%| O|  |TAMS 0x0000000082400000, 0x0000000082300000| Updating 
|  36|0x0000000082400000, 0x0000000082500000, 0x0000000082500000|100%| O|  |TAMS 0x0000000082500000, 0x0000000082400000| Updating 
|  37|0x0000000082500000, 0x0000000082600000, 0x0000000082600000|100%| O|  |TAMS 0x0000000082600000, 0x0000000082500000| Updating 
|  38|0x0000000082600000, 0x0000000082700000, 0x0000000082700000|100%| O|  |TAMS 0x0000000082700000, 0x0000000082600000| Updating 
|  39|0x0000000082700000, 0x0000000082800000, 0x0000000082800000|100%| O|  |TAMS 0x0000000082800000, 0x0000000082700000| Updating 
|  40|0x0000000082800000, 0x0000000082900000, 0x0000000082900000|100%| O|  |TAMS 0x0000000082900000, 0x0000000082800000| Updating 
|  41|0x0000000082900000, 0x0000000082a00000, 0x0000000082a00000|100%| O|  |TAMS 0x0000000082a00000, 0x0000000082900000| Updating 
|  42|0x0000000082a00000, 0x0000000082b00000, 0x0000000082b00000|100%| O|  |TAMS 0x0000000082b00000, 0x0000000082a00000| Updating 
|  43|0x0000000082b00000, 0x0000000082c00000, 0x0000000082c00000|100%| O|  |TAMS 0x0000000082c00000, 0x0000000082b00000| Updating 
|  44|0x0000000082c00000, 0x0000000082d00000, 0x0000000082d00000|100%| O|  |TAMS 0x0000000082d00000, 0x0000000082c00000| Updating 
|  45|0x0000000082d00000, 0x0000000082e00000, 0x0000000082e00000|100%| O|  |TAMS 0x0000000082e00000, 0x0000000082d00000| Updating 
|  46|0x0000000082e00000, 0x0000000082f00000, 0x0000000082f00000|100%| O|  |TAMS 0x0000000082f00000, 0x0000000082e00000| Updating 
|  47|0x0000000082f00000, 0x0000000083000000, 0x0000000083000000|100%| O|  |TAMS 0x0000000083000000, 0x0000000082f00000| Updating 
|  48|0x0000000083000000, 0x0000000083100000, 0x0000000083100000|100%| O|  |TAMS 0x0000000083100000, 0x0000000083000000| Updating 
|  49|0x0000000083100000, 0x0000000083200000, 0x0000000083200000|100%| O|  |TAMS 0x0000000083200000, 0x0000000083100000| Updating 
|  50|0x0000000083200000, 0x0000000083300000, 0x0000000083300000|100%| O|  |TAMS 0x0000000083300000, 0x0000000083200000| Updating 
|  51|0x0000000083300000, 0x0000000083400000, 0x0000000083400000|100%| O|  |TAMS 0x0000000083400000, 0x0000000083300000| Updating 
|  52|0x0000000083400000, 0x0000000083500000, 0x0000000083500000|100%| O|  |TAMS 0x0000000083500000, 0x0000000083400000| Updating 
|  53|0x0000000083500000, 0x0000000083600000, 0x0000000083600000|100%| O|  |TAMS 0x0000000083600000, 0x0000000083500000| Updating 
|  54|0x0000000083600000, 0x0000000083700000, 0x0000000083700000|100%| O|  |TAMS 0x0000000083700000, 0x0000000083600000| Updating 
|  55|0x0000000083700000, 0x0000000083800000, 0x0000000083800000|100%| O|  |TAMS 0x0000000083800000, 0x0000000083700000| Updating 
|  56|0x0000000083800000, 0x0000000083900000, 0x0000000083900000|100%| O|  |TAMS 0x0000000083900000, 0x0000000083800000| Updating 
|  57|0x0000000083900000, 0x0000000083a00000, 0x0000000083a00000|100%| O|  |TAMS 0x0000000083a00000, 0x0000000083900000| Updating 
|  58|0x0000000083a00000, 0x0000000083b00000, 0x0000000083b00000|100%| O|  |TAMS 0x0000000083b00000, 0x0000000083a00000| Updating 
|  59|0x0000000083b00000, 0x0000000083c00000, 0x0000000083c00000|100%| O|  |TAMS 0x0000000083c00000, 0x0000000083b00000| Updating 
|  60|0x0000000083c00000, 0x0000000083d00000, 0x0000000083d00000|100%| O|  |TAMS 0x0000000083d00000, 0x0000000083c00000| Updating 
|  61|0x0000000083d00000, 0x0000000083e00000, 0x0000000083e00000|100%| O|  |TAMS 0x0000000083e00000, 0x0000000083d00000| Updating 
|  62|0x0000000083e00000, 0x0000000083f00000, 0x0000000083f00000|100%| O|  |TAMS 0x0000000083f00000, 0x0000000083e00000| Updating 
|  63|0x0000000083f00000, 0x0000000084000000, 0x0000000084000000|100%| O|  |TAMS 0x0000000084000000, 0x0000000083f00000| Updating 
|  64|0x0000000084000000, 0x0000000084100000, 0x0000000084100000|100%| O|  |TAMS 0x0000000084100000, 0x0000000084000000| Updating 
|  65|0x0000000084100000, 0x0000000084200000, 0x0000000084200000|100%| O|  |TAMS 0x0000000084200000, 0x0000000084100000| Updating 
|  66|0x0000000084200000, 0x0000000084300000, 0x0000000084300000|100%| O|  |TAMS 0x0000000084300000, 0x0000000084200000| Updating 
|  67|0x0000000084300000, 0x0000000084400000, 0x0000000084400000|100%| O|  |TAMS 0x0000000084400000, 0x0000000084300000| Updating 
|  68|0x0000000084400000, 0x0000000084500000, 0x0000000084500000|100%| O|  |TAMS 0x0000000084500000, 0x0000000084400000| Updating 
|  69|0x0000000084500000, 0x0000000084600000, 0x0000000084600000|100%| O|  |TAMS 0x0000000084600000, 0x0000000084500000| Updating 
|  70|0x0000000084600000, 0x0000000084700000, 0x0000000084700000|100%| O|  |TAMS 0x0000000084700000, 0x0000000084600000| Updating 
|  71|0x0000000084700000, 0x0000000084800000, 0x0000000084800000|100%| O|  |TAMS 0x0000000084800000, 0x0000000084700000| Updating 
|  72|0x0000000084800000, 0x0000000084900000, 0x0000000084900000|100%| O|  |TAMS 0x0000000084900000, 0x0000000084800000| Updating 
|  73|0x0000000084900000, 0x0000000084a00000, 0x0000000084a00000|100%| O|  |TAMS 0x0000000084a00000, 0x0000000084900000| Updating 
|  74|0x0000000084a00000, 0x0000000084b00000, 0x0000000084b00000|100%| O|  |TAMS 0x0000000084b00000, 0x0000000084a00000| Updating 
|  75|0x0000000084b00000, 0x0000000084c00000, 0x0000000084c00000|100%| O|  |TAMS 0x0000000084c00000, 0x0000000084b00000| Updating 
|  76|0x0000000084c00000, 0x0000000084d00000, 0x0000000084d00000|100%| O|  |TAMS 0x0000000084d00000, 0x0000000084c00000| Updating 
|  77|0x0000000084d00000, 0x0000000084e00000, 0x0000000084e00000|100%| O|  |TAMS 0x0000000084e00000, 0x0000000084d00000| Updating 
|  78|0x0000000084e00000, 0x0000000084f00000, 0x0000000084f00000|100%| O|  |TAMS 0x0000000084f00000, 0x0000000084e00000| Updating 
|  79|0x0000000084f00000, 0x0000000085000000, 0x0000000085000000|100%| O|  |TAMS 0x0000000085000000, 0x0000000084f00000| Updating 
|  80|0x0000000085000000, 0x0000000085100000, 0x0000000085100000|100%| O|  |TAMS 0x0000000085100000, 0x0000000085000000| Updating 
|  81|0x0000000085100000, 0x0000000085200000, 0x0000000085200000|100%| O|  |TAMS 0x0000000085200000, 0x0000000085100000| Updating 
|  82|0x0000000085200000, 0x0000000085300000, 0x0000000085300000|100%| O|  |TAMS 0x0000000085300000, 0x0000000085200000| Updating 
|  83|0x0000000085300000, 0x0000000085400000, 0x0000000085400000|100%| O|  |TAMS 0x0000000085400000, 0x0000000085300000| Updating 
|  84|0x0000000085400000, 0x0000000085500000, 0x0000000085500000|100%| O|  |TAMS 0x0000000085500000, 0x0000000085400000| Updating 
|  85|0x0000000085500000, 0x0000000085600000, 0x0000000085600000|100%| O|  |TAMS 0x0000000085600000, 0x0000000085500000| Updating 
|  86|0x0000000085600000, 0x0000000085700000, 0x0000000085700000|100%| O|  |TAMS 0x0000000085700000, 0x0000000085600000| Updating 
|  87|0x0000000085700000, 0x0000000085800000, 0x0000000085800000|100%| O|  |TAMS 0x0000000085800000, 0x0000000085700000| Updating 
|  88|0x0000000085800000, 0x0000000085900000, 0x0000000085900000|100%| O|  |TAMS 0x0000000085900000, 0x0000000085800000| Updating 
|  89|0x0000000085900000, 0x0000000085a00000, 0x0000000085a00000|100%| O|  |TAMS 0x0000000085a00000, 0x0000000085900000| Updating 
|  90|0x0000000085a00000, 0x0000000085b00000, 0x0000000085b00000|100%| O|  |TAMS 0x0000000085b00000, 0x0000000085a00000| Updating 
|  91|0x0000000085b00000, 0x0000000085c00000, 0x0000000085c00000|100%| O|  |TAMS 0x0000000085c00000, 0x0000000085b00000| Updating 
|  92|0x0000000085c00000, 0x0000000085d00000, 0x0000000085d00000|100%| O|  |TAMS 0x0000000085d00000, 0x0000000085c00000| Updating 
|  93|0x0000000085d00000, 0x0000000085e00000, 0x0000000085e00000|100%| O|  |TAMS 0x0000000085e00000, 0x0000000085d00000| Updating 
|  94|0x0000000085e00000, 0x0000000085f00000, 0x0000000085f00000|100%| O|  |TAMS 0x0000000085f00000, 0x0000000085e00000| Updating 
|  95|0x0000000085f00000, 0x0000000086000000, 0x0000000086000000|100%| O|  |TAMS 0x0000000086000000, 0x0000000085f00000| Updating 
|  96|0x0000000086000000, 0x0000000086100000, 0x0000000086100000|100%| O|  |TAMS 0x0000000086100000, 0x0000000086000000| Updating 
|  97|0x0000000086100000, 0x0000000086200000, 0x0000000086200000|100%| O|  |TAMS 0x0000000086200000, 0x0000000086100000| Updating 
|  98|0x0000000086200000, 0x0000000086300000, 0x0000000086300000|100%| O|  |TAMS 0x0000000086300000, 0x0000000086200000| Updating 
|  99|0x0000000086300000, 0x0000000086400000, 0x0000000086400000|100%| O|  |TAMS 0x0000000086400000, 0x0000000086300000| Updating 
| 100|0x0000000086400000, 0x0000000086500000, 0x0000000086500000|100%| O|  |TAMS 0x0000000086500000, 0x0000000086400000| Updating 
| 101|0x0000000086500000, 0x0000000086600000, 0x0000000086600000|100%| O|  |TAMS 0x0000000086600000, 0x0000000086500000| Updating 
| 102|0x0000000086600000, 0x0000000086700000, 0x0000000086700000|100%| O|  |TAMS 0x0000000086700000, 0x0000000086600000| Updating 
| 103|0x0000000086700000, 0x0000000086800000, 0x0000000086800000|100%| O|  |TAMS 0x0000000086800000, 0x0000000086700000| Updating 
| 104|0x0000000086800000, 0x0000000086900000, 0x0000000086900000|100%| O|  |TAMS 0x0000000086900000, 0x0000000086800000| Updating 
| 105|0x0000000086900000, 0x0000000086a00000, 0x0000000086a00000|100%| O|  |TAMS 0x0000000086a00000, 0x0000000086900000| Updating 
| 106|0x0000000086a00000, 0x0000000086b00000, 0x0000000086b00000|100%| O|  |TAMS 0x0000000086b00000, 0x0000000086a00000| Updating 
| 107|0x0000000086b00000, 0x0000000086c00000, 0x0000000086c00000|100%| O|  |TAMS 0x0000000086c00000, 0x0000000086b00000| Updating 
| 108|0x0000000086c00000, 0x0000000086d00000, 0x0000000086d00000|100%| O|  |TAMS 0x0000000086d00000, 0x0000000086c00000| Updating 
| 109|0x0000000086d00000, 0x0000000086e00000, 0x0000000086e00000|100%| O|  |TAMS 0x0000000086e00000, 0x0000000086d00000| Updating 
| 110|0x0000000086e00000, 0x0000000086f00000, 0x0000000086f00000|100%| O|  |TAMS 0x0000000086f00000, 0x0000000086e00000| Updating 
| 111|0x0000000086f00000, 0x0000000087000000, 0x0000000087000000|100%| O|  |TAMS 0x0000000087000000, 0x0000000086f00000| Updating 
| 112|0x0000000087000000, 0x0000000087100000, 0x0000000087100000|100%| O|  |TAMS 0x0000000087100000, 0x0000000087000000| Updating 
| 113|0x0000000087100000, 0x0000000087200000, 0x0000000087200000|100%| O|  |TAMS 0x0000000087200000, 0x0000000087100000| Updating 
| 114|0x0000000087200000, 0x0000000087300000, 0x0000000087300000|100%| O|  |TAMS 0x0000000087300000, 0x0000000087200000| Updating 
| 115|0x0000000087300000, 0x0000000087400000, 0x0000000087400000|100%| O|  |TAMS 0x0000000087400000, 0x0000000087300000| Updating 
| 116|0x0000000087400000, 0x0000000087500000, 0x0000000087500000|100%| O|  |TAMS 0x0000000087500000, 0x0000000087400000| Updating 
| 117|0x0000000087500000, 0x0000000087600000, 0x0000000087600000|100%| O|  |TAMS 0x0000000087600000, 0x0000000087500000| Updating 
| 118|0x0000000087600000, 0x0000000087700000, 0x0000000087700000|100%| O|  |TAMS 0x0000000087700000, 0x0000000087600000| Updating 
| 119|0x0000000087700000, 0x0000000087800000, 0x0000000087800000|100%| O|  |TAMS 0x0000000087800000, 0x0000000087700000| Updating 
| 120|0x0000000087800000, 0x0000000087900000, 0x0000000087900000|100%| O|  |TAMS 0x0000000087900000, 0x0000000087800000| Updating 
| 121|0x0000000087900000, 0x0000000087a00000, 0x0000000087a00000|100%| O|  |TAMS 0x0000000087a00000, 0x0000000087900000| Updating 
| 122|0x0000000087a00000, 0x0000000087b00000, 0x0000000087b00000|100%| O|  |TAMS 0x0000000087b00000, 0x0000000087a00000| Updating 
| 123|0x0000000087b00000, 0x0000000087c00000, 0x0000000087c00000|100%| O|  |TAMS 0x0000000087c00000, 0x0000000087b00000| Updating 
| 124|0x0000000087c00000, 0x0000000087d00000, 0x0000000087d00000|100%| O|  |TAMS 0x0000000087d00000, 0x0000000087c00000| Updating 
| 125|0x0000000087d00000, 0x0000000087e00000, 0x0000000087e00000|100%| O|  |TAMS 0x0000000087e00000, 0x0000000087d00000| Updating 
| 126|0x0000000087e00000, 0x0000000087f00000, 0x0000000087f00000|100%| O|  |TAMS 0x0000000087f00000, 0x0000000087e00000| Updating 
| 127|0x0000000087f00000, 0x0000000088000000, 0x0000000088000000|100%| O|  |TAMS 0x0000000088000000, 0x0000000087f00000| Updating 
| 128|0x0000000088000000, 0x000000008804f800, 0x0000000088100000| 31%| O|  |TAMS 0x000000008804f800, 0x0000000088000000| Updating 
| 129|0x0000000088100000, 0x0000000088100000, 0x0000000088200000|  0%| F|  |TAMS 0x0000000088100000, 0x0000000088100000| Untracked 
| 130|0x0000000088200000, 0x0000000088200000, 0x0000000088300000|  0%| F|  |TAMS 0x0000000088200000, 0x0000000088200000| Untracked 
| 131|0x0000000088300000, 0x0000000088300000, 0x0000000088400000|  0%| F|  |TAMS 0x0000000088300000, 0x0000000088300000| Untracked 
| 132|0x0000000088400000, 0x0000000088400000, 0x0000000088500000|  0%| F|  |TAMS 0x0000000088400000, 0x0000000088400000| Untracked 
| 133|0x0000000088500000, 0x0000000088500000, 0x0000000088600000|  0%| F|  |TAMS 0x0000000088500000, 0x0000000088500000| Untracked 
| 134|0x0000000088600000, 0x0000000088600000, 0x0000000088700000|  0%| F|  |TAMS 0x0000000088600000, 0x0000000088600000| Untracked 
| 135|0x0000000088700000, 0x0000000088700000, 0x0000000088800000|  0%| F|  |TAMS 0x0000000088700000, 0x0000000088700000| Untracked 
| 136|0x0000000088800000, 0x0000000088800000, 0x0000000088900000|  0%| F|  |TAMS 0x0000000088800000, 0x0000000088800000| Untracked 
| 137|0x0000000088900000, 0x0000000088900000, 0x0000000088a00000|  0%| F|  |TAMS 0x0000000088900000, 0x0000000088900000| Untracked 
| 138|0x0000000088a00000, 0x0000000088a00000, 0x0000000088b00000|  0%| F|  |TAMS 0x0000000088a00000, 0x0000000088a00000| Untracked 
| 139|0x0000000088b00000, 0x0000000088b00000, 0x0000000088c00000|  0%| F|  |TAMS 0x0000000088b00000, 0x0000000088b00000| Untracked 
| 140|0x0000000088c00000, 0x0000000088c00000, 0x0000000088d00000|  0%| F|  |TAMS 0x0000000088c00000, 0x0000000088c00000| Untracked 
| 141|0x0000000088d00000, 0x0000000088d00000, 0x0000000088e00000|  0%| F|  |TAMS 0x0000000088d00000, 0x0000000088d00000| Untracked 
| 142|0x0000000088e00000, 0x0000000088e00000, 0x0000000088f00000|  0%| F|  |TAMS 0x0000000088e00000, 0x0000000088e00000| Untracked 
| 143|0x0000000088f00000, 0x0000000088f00000, 0x0000000089000000|  0%| F|  |TAMS 0x0000000088f00000, 0x0000000088f00000| Untracked 
| 144|0x0000000089000000, 0x0000000089000000, 0x0000000089100000|  0%| F|  |TAMS 0x0000000089000000, 0x0000000089000000| Untracked 
| 145|0x0000000089100000, 0x0000000089100000, 0x0000000089200000|  0%| F|  |TAMS 0x0000000089100000, 0x0000000089100000| Untracked 
| 146|0x0000000089200000, 0x0000000089200000, 0x0000000089300000|  0%| F|  |TAMS 0x0000000089200000, 0x0000000089200000| Untracked 
| 147|0x0000000089300000, 0x0000000089300000, 0x0000000089400000|  0%| F|  |TAMS 0x0000000089300000, 0x0000000089300000| Untracked 
| 148|0x0000000089400000, 0x0000000089400000, 0x0000000089500000|  0%| F|  |TAMS 0x0000000089400000, 0x0000000089400000| Untracked 
| 149|0x0000000089500000, 0x0000000089500000, 0x0000000089600000|  0%| F|  |TAMS 0x0000000089500000, 0x0000000089500000| Untracked 
| 150|0x0000000089600000, 0x0000000089600000, 0x0000000089700000|  0%| F|  |TAMS 0x0000000089600000, 0x0000000089600000| Untracked 
| 151|0x0000000089700000, 0x0000000089700000, 0x0000000089800000|  0%| F|  |TAMS 0x0000000089700000, 0x0000000089700000| Untracked 
| 152|0x0000000089800000, 0x0000000089800000, 0x0000000089900000|  0%| F|  |TAMS 0x0000000089800000, 0x0000000089800000| Untracked 
| 153|0x0000000089900000, 0x0000000089900000, 0x0000000089a00000|  0%| F|  |TAMS 0x0000000089900000, 0x0000000089900000| Untracked 
| 154|0x0000000089a00000, 0x0000000089a00000, 0x0000000089b00000|  0%| F|  |TAMS 0x0000000089a00000, 0x0000000089a00000| Untracked 
| 155|0x0000000089b00000, 0x0000000089b00000, 0x0000000089c00000|  0%| F|  |TAMS 0x0000000089b00000, 0x0000000089b00000| Untracked 
| 156|0x0000000089c00000, 0x0000000089c00000, 0x0000000089d00000|  0%| F|  |TAMS 0x0000000089c00000, 0x0000000089c00000| Untracked 
| 157|0x0000000089d00000, 0x0000000089d66288, 0x0000000089e00000| 39%| S|CS|TAMS 0x0000000089d00000, 0x0000000089d00000| Complete 
| 158|0x0000000089e00000, 0x0000000089f00000, 0x0000000089f00000|100%| S|CS|TAMS 0x0000000089e00000, 0x0000000089e00000| Complete 
| 159|0x0000000089f00000, 0x000000008a000000, 0x000000008a000000|100%| S|CS|TAMS 0x0000000089f00000, 0x0000000089f00000| Complete 
| 160|0x000000008a000000, 0x000000008a100000, 0x000000008a100000|100%| S|CS|TAMS 0x000000008a000000, 0x000000008a000000| Complete 
| 161|0x000000008a100000, 0x000000008a100000, 0x000000008a200000|  0%| F|  |TAMS 0x000000008a100000, 0x000000008a100000| Untracked 
| 162|0x000000008a200000, 0x000000008a200000, 0x000000008a300000|  0%| F|  |TAMS 0x000000008a200000, 0x000000008a200000| Untracked 
| 163|0x000000008a300000, 0x000000008a300000, 0x000000008a400000|  0%| F|  |TAMS 0x000000008a300000, 0x000000008a300000| Untracked 
| 164|0x000000008a400000, 0x000000008a400000, 0x000000008a500000|  0%| F|  |TAMS 0x000000008a400000, 0x000000008a400000| Untracked 
| 165|0x000000008a500000, 0x000000008a500000, 0x000000008a600000|  0%| F|  |TAMS 0x000000008a500000, 0x000000008a500000| Untracked 
| 166|0x000000008a600000, 0x000000008a600000, 0x000000008a700000|  0%| F|  |TAMS 0x000000008a600000, 0x000000008a600000| Untracked 
| 167|0x000000008a700000, 0x000000008a700000, 0x000000008a800000|  0%| F|  |TAMS 0x000000008a700000, 0x000000008a700000| Untracked 
| 168|0x000000008a800000, 0x000000008a800000, 0x000000008a900000|  0%| F|  |TAMS 0x000000008a800000, 0x000000008a800000| Untracked 
| 169|0x000000008a900000, 0x000000008a900000, 0x000000008aa00000|  0%| F|  |TAMS 0x000000008a900000, 0x000000008a900000| Untracked 
| 170|0x000000008aa00000, 0x000000008aa00000, 0x000000008ab00000|  0%| F|  |TAMS 0x000000008aa00000, 0x000000008aa00000| Untracked 
| 171|0x000000008ab00000, 0x000000008ab00000, 0x000000008ac00000|  0%| F|  |TAMS 0x000000008ab00000, 0x000000008ab00000| Untracked 
| 172|0x000000008ac00000, 0x000000008ac00000, 0x000000008ad00000|  0%| F|  |TAMS 0x000000008ac00000, 0x000000008ac00000| Untracked 
| 173|0x000000008ad00000, 0x000000008ad00000, 0x000000008ae00000|  0%| F|  |TAMS 0x000000008ad00000, 0x000000008ad00000| Untracked 
| 174|0x000000008ae00000, 0x000000008ae00000, 0x000000008af00000|  0%| F|  |TAMS 0x000000008ae00000, 0x000000008ae00000| Untracked 
| 175|0x000000008af00000, 0x000000008af00000, 0x000000008b000000|  0%| F|  |TAMS 0x000000008af00000, 0x000000008af00000| Untracked 
| 176|0x000000008b000000, 0x000000008b000000, 0x000000008b100000|  0%| F|  |TAMS 0x000000008b000000, 0x000000008b000000| Untracked 
| 177|0x000000008b100000, 0x000000008b100000, 0x000000008b200000|  0%| F|  |TAMS 0x000000008b100000, 0x000000008b100000| Untracked 
| 178|0x000000008b200000, 0x000000008b200000, 0x000000008b300000|  0%| F|  |TAMS 0x000000008b200000, 0x000000008b200000| Untracked 
| 179|0x000000008b300000, 0x000000008b300000, 0x000000008b400000|  0%| F|  |TAMS 0x000000008b300000, 0x000000008b300000| Untracked 
| 180|0x000000008b400000, 0x000000008b400000, 0x000000008b500000|  0%| F|  |TAMS 0x000000008b400000, 0x000000008b400000| Untracked 
| 181|0x000000008b500000, 0x000000008b500000, 0x000000008b600000|  0%| F|  |TAMS 0x000000008b500000, 0x000000008b500000| Untracked 
| 182|0x000000008b600000, 0x000000008b600000, 0x000000008b700000|  0%| F|  |TAMS 0x000000008b600000, 0x000000008b600000| Untracked 
| 183|0x000000008b700000, 0x000000008b700000, 0x000000008b800000|  0%| F|  |TAMS 0x000000008b700000, 0x000000008b700000| Untracked 
| 184|0x000000008b800000, 0x000000008b800000, 0x000000008b900000|  0%| F|  |TAMS 0x000000008b800000, 0x000000008b800000| Untracked 
| 185|0x000000008b900000, 0x000000008b900000, 0x000000008ba00000|  0%| F|  |TAMS 0x000000008b900000, 0x000000008b900000| Untracked 
| 186|0x000000008ba00000, 0x000000008ba00000, 0x000000008bb00000|  0%| F|  |TAMS 0x000000008ba00000, 0x000000008ba00000| Untracked 
| 187|0x000000008bb00000, 0x000000008bb00000, 0x000000008bc00000|  0%| F|  |TAMS 0x000000008bb00000, 0x000000008bb00000| Untracked 
| 188|0x000000008bc00000, 0x000000008bc00000, 0x000000008bd00000|  0%| F|  |TAMS 0x000000008bc00000, 0x000000008bc00000| Untracked 
| 189|0x000000008bd00000, 0x000000008bd00000, 0x000000008be00000|  0%| F|  |TAMS 0x000000008bd00000, 0x000000008bd00000| Untracked 
| 190|0x000000008be00000, 0x000000008be00000, 0x000000008bf00000|  0%| F|  |TAMS 0x000000008be00000, 0x000000008be00000| Untracked 
| 191|0x000000008bf00000, 0x000000008bf00000, 0x000000008c000000|  0%| F|  |TAMS 0x000000008bf00000, 0x000000008bf00000| Untracked 
| 192|0x000000008c000000, 0x000000008c0fb080, 0x000000008c100000| 98%| E|  |TAMS 0x000000008c000000, 0x000000008c000000| Complete 
| 193|0x000000008c100000, 0x000000008c200000, 0x000000008c200000|100%| E|CS|TAMS 0x000000008c100000, 0x000000008c100000| Complete 
| 194|0x000000008c200000, 0x000000008c300000, 0x000000008c300000|100%| E|  |TAMS 0x000000008c200000, 0x000000008c200000| Complete 
| 195|0x000000008c300000, 0x000000008c400000, 0x000000008c400000|100%| E|CS|TAMS 0x000000008c300000, 0x000000008c300000| Complete 
| 196|0x000000008c400000, 0x000000008c500000, 0x000000008c500000|100%| E|CS|TAMS 0x000000008c400000, 0x000000008c400000| Complete 
| 197|0x000000008c500000, 0x000000008c600000, 0x000000008c600000|100%| E|CS|TAMS 0x000000008c500000, 0x000000008c500000| Complete 
| 198|0x000000008c600000, 0x000000008c700000, 0x000000008c700000|100%| E|CS|TAMS 0x000000008c600000, 0x000000008c600000| Complete 
| 199|0x000000008c700000, 0x000000008c800000, 0x000000008c800000|100%| E|CS|TAMS 0x000000008c700000, 0x000000008c700000| Complete 
| 200|0x000000008c800000, 0x000000008c900000, 0x000000008c900000|100%| E|CS|TAMS 0x000000008c800000, 0x000000008c800000| Complete 
| 201|0x000000008c900000, 0x000000008ca00000, 0x000000008ca00000|100%| E|CS|TAMS 0x000000008c900000, 0x000000008c900000| Complete 
| 202|0x000000008ca00000, 0x000000008cb00000, 0x000000008cb00000|100%| E|CS|TAMS 0x000000008ca00000, 0x000000008ca00000| Complete 
| 203|0x000000008cb00000, 0x000000008cc00000, 0x000000008cc00000|100%| E|CS|TAMS 0x000000008cb00000, 0x000000008cb00000| Complete 
| 204|0x000000008cc00000, 0x000000008cd00000, 0x000000008cd00000|100%| E|CS|TAMS 0x000000008cc00000, 0x000000008cc00000| Complete 
| 205|0x000000008cd00000, 0x000000008ce00000, 0x000000008ce00000|100%| E|CS|TAMS 0x000000008cd00000, 0x000000008cd00000| Complete 
| 206|0x000000008ce00000, 0x000000008cf00000, 0x000000008cf00000|100%| E|CS|TAMS 0x000000008ce00000, 0x000000008ce00000| Complete 
| 207|0x000000008cf00000, 0x000000008d000000, 0x000000008d000000|100%| E|CS|TAMS 0x000000008cf00000, 0x000000008cf00000| Complete 
| 208|0x000000008d000000, 0x000000008d100000, 0x000000008d100000|100%| E|CS|TAMS 0x000000008d000000, 0x000000008d000000| Complete 
| 209|0x000000008d100000, 0x000000008d200000, 0x000000008d200000|100%| E|CS|TAMS 0x000000008d100000, 0x000000008d100000| Complete 
| 210|0x000000008d200000, 0x000000008d300000, 0x000000008d300000|100%| E|CS|TAMS 0x000000008d200000, 0x000000008d200000| Complete 
| 211|0x000000008d300000, 0x000000008d400000, 0x000000008d400000|100%| E|CS|TAMS 0x000000008d300000, 0x000000008d300000| Complete 
| 212|0x000000008d400000, 0x000000008d500000, 0x000000008d500000|100%| E|CS|TAMS 0x000000008d400000, 0x000000008d400000| Complete 
| 213|0x000000008d500000, 0x000000008d600000, 0x000000008d600000|100%| E|CS|TAMS 0x000000008d500000, 0x000000008d500000| Complete 
| 214|0x000000008d600000, 0x000000008d700000, 0x000000008d700000|100%| E|CS|TAMS 0x000000008d600000, 0x000000008d600000| Complete 
| 215|0x000000008d700000, 0x000000008d800000, 0x000000008d800000|100%| E|CS|TAMS 0x000000008d700000, 0x000000008d700000| Complete 
| 216|0x000000008d800000, 0x000000008d900000, 0x000000008d900000|100%| E|CS|TAMS 0x000000008d800000, 0x000000008d800000| Complete 
| 217|0x000000008d900000, 0x000000008da00000, 0x000000008da00000|100%| E|CS|TAMS 0x000000008d900000, 0x000000008d900000| Complete 
| 218|0x000000008da00000, 0x000000008db00000, 0x000000008db00000|100%| E|CS|TAMS 0x000000008da00000, 0x000000008da00000| Complete 
| 219|0x000000008db00000, 0x000000008dc00000, 0x000000008dc00000|100%| E|CS|TAMS 0x000000008db00000, 0x000000008db00000| Complete 
| 220|0x000000008dc00000, 0x000000008dd00000, 0x000000008dd00000|100%| E|CS|TAMS 0x000000008dc00000, 0x000000008dc00000| Complete 
| 221|0x000000008dd00000, 0x000000008de00000, 0x000000008de00000|100%| E|CS|TAMS 0x000000008dd00000, 0x000000008dd00000| Complete 
| 222|0x000000008de00000, 0x000000008df00000, 0x000000008df00000|100%| E|CS|TAMS 0x000000008de00000, 0x000000008de00000| Complete 
| 223|0x000000008df00000, 0x000000008e000000, 0x000000008e000000|100%| E|CS|TAMS 0x000000008df00000, 0x000000008df00000| Complete 
| 224|0x000000008e000000, 0x000000008e100000, 0x000000008e100000|100%| E|CS|TAMS 0x000000008e000000, 0x000000008e000000| Complete 
| 225|0x000000008e100000, 0x000000008e200000, 0x000000008e200000|100%| E|CS|TAMS 0x000000008e100000, 0x000000008e100000| Complete 
| 226|0x000000008e200000, 0x000000008e300000, 0x000000008e300000|100%| E|CS|TAMS 0x000000008e200000, 0x000000008e200000| Complete 
| 227|0x000000008e300000, 0x000000008e400000, 0x000000008e400000|100%| E|CS|TAMS 0x000000008e300000, 0x000000008e300000| Complete 
| 228|0x000000008e400000, 0x000000008e500000, 0x000000008e500000|100%| E|CS|TAMS 0x000000008e400000, 0x000000008e400000| Complete 
| 229|0x000000008e500000, 0x000000008e600000, 0x000000008e600000|100%| E|CS|TAMS 0x000000008e500000, 0x000000008e500000| Complete 
| 230|0x000000008e600000, 0x000000008e700000, 0x000000008e700000|100%| E|CS|TAMS 0x000000008e600000, 0x000000008e600000| Complete 
| 231|0x000000008e700000, 0x000000008e800000, 0x000000008e800000|100%| E|CS|TAMS 0x000000008e700000, 0x000000008e700000| Complete 
| 232|0x000000008e800000, 0x000000008e900000, 0x000000008e900000|100%| E|CS|TAMS 0x000000008e800000, 0x000000008e800000| Complete 

Card table byte_map: [0x000001d3f1b30000,0x000001d3f1f30000] _byte_map_base: 0x000001d3f1730000

Marking Bits (Prev, Next): (CMBitMap*) 0x000001d3dce8ce78, (CMBitMap*) 0x000001d3dce8ceb0
 Prev Bits: [0x000001d3f2330000, 0x000001d3f4330000)
 Next Bits: [0x000001d3f4330000, 0x000001d3f6330000)

Polling page: 0x000001d3dccf0000

Metaspace:

Usage:
  Non-class:     89.55 MB capacity,    87.96 MB ( 98%) used,     1.27 MB (  1%) free+waste,   322.06 KB ( <1%) overhead. 
      Class:     13.96 MB capacity,    13.01 MB ( 93%) used,   831.12 KB (  6%) free+waste,   142.88 KB ( <1%) overhead. 
       Both:    103.51 MB capacity,   100.97 MB ( 98%) used,     2.08 MB (  2%) free+waste,   464.94 KB ( <1%) overhead. 

Virtual space:
  Non-class space:       94.00 MB reserved,      89.75 MB ( 95%) committed 
      Class space:        1.00 GB reserved,      14.07 MB (  1%) committed 
             Both:        1.09 GB reserved,     103.82 MB (  9%) committed 

Chunk freelists:
   Non-Class:  12.00 KB
       Class:  72.00 KB
        Both:  84.00 KB

MaxMetaspaceSize: 17179869184.00 GB
CompressedClassSpaceSize: 1.00 GB

CodeHeap 'non-profiled nmethods': size=120064Kb used=9670Kb max_used=9670Kb free=110394Kb
 bounds [0x000001d3e9bd0000, 0x000001d3ea550000, 0x000001d3f1110000]
CodeHeap 'profiled nmethods': size=120000Kb used=35447Kb max_used=35447Kb free=84552Kb
 bounds [0x000001d3e26a0000, 0x000001d3e4940000, 0x000001d3e9bd0000]
CodeHeap 'non-nmethods': size=5696Kb used=2299Kb max_used=2367Kb free=3396Kb
 bounds [0x000001d3e2110000, 0x000001d3e2380000, 0x000001d3e26a0000]
 total_blobs=16109 nmethods=15187 adapters=832
 compilation: enabled
              stopped_count=0, restarted_count=0
 full_count=0

Compilation events (20 events):
Event: 53.486 Thread 0x000001d38318c800 nmethod 15260 0x000001d3ea53ea10 code [0x000001d3ea53eba0, 0x000001d3ea53ec18]
Event: 53.486 Thread 0x000001d38318c800 15255       4       com.android.tools.r8.graph.i$$Lambda$1247/0x0000000100d0fc40::test (20 bytes)
Event: 53.497 Thread 0x000001d38318c800 nmethod 15255 0x000001d3ea53ec90 code [0x000001d3ea53eea0, 0x000001d3ea53f2e0]
Event: 53.497 Thread 0x000001d38318c800 15252       4       com.android.tools.r8.internal.Gg::a (22 bytes)
Event: 53.499 Thread 0x000001d38318c800 nmethod 15252 0x000001d3ea53f890 code [0x000001d3ea53fa20, 0x000001d3ea53fad8]
Event: 53.499 Thread 0x000001d38318c800 15287       4       java.util.HashMap$HashIterator::<init> (79 bytes)
Event: 53.500 Thread 0x000001d3f8987000 15288       2       com.android.tools.r8.internal.z::a (38 bytes)
Event: 53.500 Thread 0x000001d3f8987000 nmethod 15288 0x000001d3e4936a90 code [0x000001d3e4936c80, 0x000001d3e4936f18]
Event: 53.502 Thread 0x000001d3f8987000 15289       2       org.gradle.internal.serialize.InputStreamBackedDecoder::readString (8 bytes)
Event: 53.502 Thread 0x000001d3f8987000 nmethod 15289 0x000001d3e4937090 code [0x000001d3e4937240, 0x000001d3e4937368]
Event: 53.508 Thread 0x000001d38318c800 nmethod 15287 0x000001d3ea53fb90 code [0x000001d3ea53fd20, 0x000001d3ea5400b8]
Event: 53.508 Thread 0x000001d38318c800 15274       4       java.util.LinkedList$ListItr::remove (84 bytes)
Event: 53.525 Thread 0x000001d38318c800 nmethod 15274 0x000001d3ea540210 code [0x000001d3ea5403a0, 0x000001d3ea540b18]
Event: 53.525 Thread 0x000001d38318c800 15271       4       com.android.tools.r8.internal.EE$$Lambda$1078/0x0000000100c6a840::a (15 bytes)
Event: 53.527 Thread 0x000001d38318c800 nmethod 15271 0x000001d3ea540c10 code [0x000001d3ea540dc0, 0x000001d3ea540f18]
Event: 53.527 Thread 0x000001d38318c800 15264       4       com.android.tools.r8.internal.x::b (7 bytes)
Event: 53.530 Thread 0x000001d38318c800 nmethod 15264 0x000001d3ea541090 code [0x000001d3ea541240, 0x000001d3ea541418]
Event: 53.530 Thread 0x000001d38318c800 15284       4       com.android.tools.r8.internal.Re::a (68 bytes)
Event: 53.531 Thread 0x000001d38318c800 nmethod 15284 0x000001d3ea541510 code [0x000001d3ea5416a0, 0x000001d3ea541758]
Event: 53.531 Thread 0x000001d38318c800 15261       4       com.android.tools.r8.internal.Ah::<init> (89 bytes)

GC Heap History (20 events):
Event: 49.152 GC heap before
{Heap before GC invocations=37 (full 0):
 garbage-first heap   total 164864K, used 136950K [0x0000000080000000, 0x0000000100000000)
  region size 1024K, 27 young (27648K), 4 survivors (4096K)
 Metaspace       used 102048K, capacity 104633K, committed 104908K, reserved 1140736K
  class space    used 13221K, capacity 14183K, committed 14284K, reserved 1048576K
}
Event: 49.166 GC heap after
{Heap after GC invocations=38 (full 0):
 garbage-first heap   total 164864K, used 119211K [0x0000000080000000, 0x0000000100000000)
  region size 1024K, 4 young (4096K), 4 survivors (4096K)
 Metaspace       used 102048K, capacity 104633K, committed 104908K, reserved 1140736K
  class space    used 13221K, capacity 14183K, committed 14284K, reserved 1048576K
}
Event: 49.749 GC heap before
{Heap before GC invocations=38 (full 0):
 garbage-first heap   total 164864K, used 138667K [0x0000000080000000, 0x0000000100000000)
  region size 1024K, 23 young (23552K), 4 survivors (4096K)
 Metaspace       used 102409K, capacity 105001K, committed 105292K, reserved 1140736K
  class space    used 13236K, capacity 14215K, committed 14412K, reserved 1048576K
}
Event: 49.762 GC heap after
{Heap after GC invocations=39 (full 0):
 garbage-first heap   total 164864K, used 121703K [0x0000000080000000, 0x0000000100000000)
  region size 1024K, 3 young (3072K), 3 survivors (3072K)
 Metaspace       used 102409K, capacity 105001K, committed 105292K, reserved 1140736K
  class space    used 13236K, capacity 14215K, committed 14412K, reserved 1048576K
}
Event: 50.038 GC heap before
{Heap before GC invocations=40 (full 0):
 garbage-first heap   total 164864K, used 138087K [0x0000000080000000, 0x0000000100000000)
  region size 1024K, 20 young (20480K), 3 survivors (3072K)
 Metaspace       used 102533K, capacity 105131K, committed 105548K, reserved 1140736K
  class space    used 13244K, capacity 14215K, committed 14412K, reserved 1048576K
}
Event: 50.051 GC heap after
{Heap after GC invocations=41 (full 0):
 garbage-first heap   total 164864K, used 123901K [0x0000000080000000, 0x0000000100000000)
  region size 1024K, 3 young (3072K), 3 survivors (3072K)
 Metaspace       used 102533K, capacity 105131K, committed 105548K, reserved 1140736K
  class space    used 13244K, capacity 14215K, committed 14412K, reserved 1048576K
}
Event: 50.334 GC heap before
{Heap before GC invocations=41 (full 0):
 garbage-first heap   total 164864K, used 139261K [0x0000000080000000, 0x0000000100000000)
  region size 1024K, 18 young (18432K), 3 survivors (3072K)
 Metaspace       used 102636K, capacity 105234K, committed 105548K, reserved 1140736K
  class space    used 13251K, capacity 14226K, committed 14412K, reserved 1048576K
}
Event: 50.343 GC heap after
{Heap after GC invocations=42 (full 0):
 garbage-first heap   total 164864K, used 125599K [0x0000000080000000, 0x0000000100000000)
  region size 1024K, 2 young (2048K), 2 survivors (2048K)
 Metaspace       used 102636K, capacity 105234K, committed 105548K, reserved 1140736K
  class space    used 13251K, capacity 14226K, committed 14412K, reserved 1048576K
}
Event: 50.687 GC heap before
{Heap before GC invocations=42 (full 0):
 garbage-first heap   total 164864K, used 140959K [0x0000000080000000, 0x0000000100000000)
  region size 1024K, 17 young (17408K), 2 survivors (2048K)
 Metaspace       used 102708K, capacity 105332K, committed 105548K, reserved 1140736K
  class space    used 13269K, capacity 14258K, committed 14412K, reserved 1048576K
}
Event: 50.696 GC heap after
{Heap after GC invocations=43 (full 0):
 garbage-first heap   total 164864K, used 127174K [0x0000000080000000, 0x0000000100000000)
  region size 1024K, 2 young (2048K), 2 survivors (2048K)
 Metaspace       used 102708K, capacity 105332K, committed 105548K, reserved 1140736K
  class space    used 13269K, capacity 14258K, committed 14412K, reserved 1048576K
}
Event: 50.887 GC heap before
{Heap before GC invocations=43 (full 0):
 garbage-first heap   total 164864K, used 140486K [0x0000000080000000, 0x0000000100000000)
  region size 1024K, 15 young (15360K), 2 survivors (2048K)
 Metaspace       used 102798K, capacity 105410K, committed 105804K, reserved 1140736K
  class space    used 13284K, capacity 14262K, committed 14412K, reserved 1048576K
}
Event: 50.898 GC heap after
{Heap after GC invocations=44 (full 0):
 garbage-first heap   total 198656K, used 128966K [0x0000000080000000, 0x0000000100000000)
  region size 1024K, 2 young (2048K), 2 survivors (2048K)
 Metaspace       used 102798K, capacity 105410K, committed 105804K, reserved 1140736K
  class space    used 13284K, capacity 14262K, committed 14412K, reserved 1048576K
}
Event: 51.337 GC heap before
{Heap before GC invocations=45 (full 0):
 garbage-first heap   total 198656K, used 159686K [0x0000000080000000, 0x0000000100000000)
  region size 1024K, 32 young (32768K), 2 survivors (2048K)
 Metaspace       used 102954K, capacity 105546K, committed 105804K, reserved 1140736K
  class space    used 13293K, capacity 14262K, committed 14412K, reserved 1048576K
}
Event: 51.352 GC heap after
{Heap after GC invocations=46 (full 0):
 garbage-first heap   total 198656K, used 131292K [0x0000000080000000, 0x0000000100000000)
  region size 1024K, 4 young (4096K), 4 survivors (4096K)
 Metaspace       used 102954K, capacity 105546K, committed 105804K, reserved 1140736K
  class space    used 13293K, capacity 14262K, committed 14412K, reserved 1048576K
}
Event: 51.692 GC heap before
{Heap before GC invocations=46 (full 0):
 garbage-first heap   total 198656K, used 160988K [0x0000000080000000, 0x0000000100000000)
  region size 1024K, 33 young (33792K), 4 survivors (4096K)
 Metaspace       used 103048K, capacity 105618K, committed 105804K, reserved 1140736K
  class space    used 13294K, capacity 14264K, committed 14412K, reserved 1048576K
}
Event: 51.705 GC heap after
{Heap after GC invocations=47 (full 0):
 garbage-first heap   total 198656K, used 133480K [0x0000000080000000, 0x0000000100000000)
  region size 1024K, 5 young (5120K), 5 survivors (5120K)
 Metaspace       used 103048K, capacity 105618K, committed 105804K, reserved 1140736K
  class space    used 13294K, capacity 14264K, committed 14412K, reserved 1048576K
}
Event: 52.486 GC heap before
{Heap before GC invocations=48 (full 0):
 garbage-first heap   total 198656K, used 162152K [0x0000000080000000, 0x0000000100000000)
  region size 1024K, 34 young (34816K), 5 survivors (5120K)
 Metaspace       used 103176K, capacity 105700K, committed 106060K, reserved 1140736K
  class space    used 13295K, capacity 14264K, committed 14412K, reserved 1048576K
}
Event: 52.499 GC heap after
{Heap after GC invocations=49 (full 0):
 garbage-first heap   total 198656K, used 134231K [0x0000000080000000, 0x0000000100000000)
  region size 1024K, 3 young (3072K), 3 survivors (3072K)
 Metaspace       used 103176K, capacity 105700K, committed 106060K, reserved 1140736K
  class space    used 13295K, capacity 14264K, committed 14412K, reserved 1048576K
}
Event: 52.871 GC heap before
{Heap before GC invocations=49 (full 0):
 garbage-first heap   total 198656K, used 163927K [0x0000000080000000, 0x0000000100000000)
  region size 1024K, 33 young (33792K), 3 survivors (3072K)
 Metaspace       used 103369K, capacity 105932K, committed 106060K, reserved 1140736K
  class space    used 13320K, capacity 14296K, committed 14412K, reserved 1048576K
}
Event: 52.880 GC heap after
{Heap after GC invocations=50 (full 0):
 garbage-first heap   total 238592K, used 134870K [0x0000000080000000, 0x0000000100000000)
  region size 1024K, 4 young (4096K), 4 survivors (4096K)
 Metaspace       used 103369K, capacity 105932K, committed 106060K, reserved 1140736K
  class space    used 13320K, capacity 14296K, committed 14412K, reserved 1048576K
}

Deoptimization events (20 events):
Event: 52.688 Thread 0x000001d3fead8000 DEOPT UNPACKING pc=0x000001d3e2136a29 sp=0x000000a2c67fa468 mode 2
Event: 52.696 Thread 0x000001d3fead8000 DEOPT PACKING pc=0x000001d3e3eea7ec sp=0x000000a2c67fcfd0
Event: 52.696 Thread 0x000001d3fead8000 DEOPT UNPACKING pc=0x000001d3e213683f sp=0x000000a2c67fc4b8 mode 0
Event: 52.696 Thread 0x000001d3fead8000 DEOPT PACKING pc=0x000001d3e3f97d94 sp=0x000000a2c67fd100
Event: 52.696 Thread 0x000001d3fead8000 DEOPT UNPACKING pc=0x000001d3e213683f sp=0x000000a2c67fc5b0 mode 0
Event: 52.696 Thread 0x000001d3fead8000 DEOPT PACKING pc=0x000001d3e3ba5b0c sp=0x000000a2c67fd780
Event: 52.696 Thread 0x000001d3fead8000 DEOPT UNPACKING pc=0x000001d3e213683f sp=0x000000a2c67fcd30 mode 0
Event: 53.217 Thread 0x000001d3fead4800 Uncommon trap: trap_request=0xffffff4d fr.pc=0x000001d3ea52bf78 relative=0x0000000000000058
Event: 53.217 Thread 0x000001d3fead4800 Uncommon trap: reason=unstable_if action=reinterpret pc=0x000001d3ea52bf78 method=com.android.tools.r8.internal.oh$e.hasNext()Z @ 4 c2
Event: 53.217 Thread 0x000001d3fead4800 DEOPT PACKING pc=0x000001d3ea52bf78 sp=0x000000a2c66f9440
Event: 53.217 Thread 0x000001d3fead4800 DEOPT UNPACKING pc=0x000001d3e2136a29 sp=0x000000a2c66f93c8 mode 2
Event: 53.266 Thread 0x000001d3feada800 DEOPT PACKING pc=0x000001d3e42e42fb sp=0x000000a2c65f9230
Event: 53.266 Thread 0x000001d3feada800 DEOPT UNPACKING pc=0x000001d3e213683f sp=0x000000a2c65f8788 mode 0
Event: 53.433 Thread 0x000001d3fead4800 DEOPT PACKING pc=0x000001d3e42e21b5 sp=0x000000a2c66f9470
Event: 53.433 Thread 0x000001d3fead4800 DEOPT UNPACKING pc=0x000001d3e213683f sp=0x000000a2c66f8908 mode 0
Event: 53.502 Thread 0x000001d3fa992800 DEOPT PACKING pc=0x000001d3e394ad31 sp=0x000000a2c4afe300
Event: 53.502 Thread 0x000001d3fa992800 DEOPT UNPACKING pc=0x000001d3e213683f sp=0x000000a2c4afd7c8 mode 0
Event: 53.535 Thread 0x000001d3fead8000 Uncommon trap: trap_request=0xffffffde fr.pc=0x000001d3e9da0654 relative=0x0000000000000514
Event: 53.535 Thread 0x000001d3fead8000 Uncommon trap: reason=class_check action=maybe_recompile pc=0x000001d3e9da0654 method=java.lang.Throwable.<init>(Ljava/lang/String;Ljava/lang/Throwable;)V @ 24 c2
Event: 53.535 Thread 0x000001d3fead8000 DEOPT PACKING pc=0x000001d3e9da0654 sp=0x000000a2c67fb3c0

Classes redefined (0 events):
No events

Internal exceptions (20 events):
Event: 45.620 Thread 0x000001d3fead8000 Exception <a 'java/lang/IncompatibleClassChangeError'{0x0000000087735e80}: Found class java.lang.Object, but interface was expected> (0x0000000087735e80) thrown at [./src/hotspot/share/interpreter/linkResolver.cpp, line 839]
Event: 45.626 Thread 0x000001d3fead8000 Exception <a 'java/lang/IncompatibleClassChangeError'{0x00000000877408f8}: Found class java.lang.Object, but interface was expected> (0x00000000877408f8) thrown at [./src/hotspot/share/interpreter/linkResolver.cpp, line 839]
Event: 45.764 Thread 0x000001d3fead9800 Exception <a 'java/lang/NoSuchMethodError'{0x0000000089e174d8}: 'void java.lang.invoke.DirectMethodHandle$Holder.invokeVirtual(java.lang.Object, java.lang.Object, int, java.lang.Object)'> (0x0000000089e174d8) thrown at [./src/hotspot/share/interpreter/linkResolver.cpp, line 773]
Event: 45.786 Thread 0x000001d3fead8000 Exception <a 'java/lang/NoSuchMethodError'{0x000000008a02f4b0}: 'void java.lang.invoke.DirectMethodHandle$Holder.invokeVirtual(java.lang.Object, java.lang.Object, int, java.lang.Object)'> (0x000000008a02f4b0) thrown at [./src/hotspot/share/interpreter/linkResolver.cpp, line 773]
Event: 46.053 Thread 0x000001d3fead9800 Exception <a 'java/lang/NoSuchMethodError'{0x00000000892b34a0}: 'java.lang.Object java.lang.invoke.DirectMethodHandle$Holder.newInvokeSpecial(java.lang.Object, int)'> (0x00000000892b34a0) thrown at [./src/hotspot/share/interpreter/linkResolver.cpp, line 773]
Event: 46.433 Thread 0x000001d3fead9800 Exception <a 'java/lang/NoSuchMethodError'{0x0000000088161860}: 'void java.lang.invoke.DirectMethodHandle$Holder.invokeSpecial(java.lang.Object, java.lang.Object, int, java.lang.Object, java.lang.Object, java.lang.Object, java.lang.Object)'> (0x0000000088161860) thrown at [./src/hotspot/share/interpreter/linkResolver.cpp, line 773]
Event: 46.434 Thread 0x000001d3fead9800 Exception <a 'java/lang/NoSuchMethodError'{0x000000008816d460}: 'java.lang.Object java.lang.invoke.Invokers$Holder.linkToTargetMethod(java.lang.Object, int, java.lang.Object, java.lang.Object, java.lang.Object, java.lang.Object)'> (0x000000008816d460) thrown at [./src/hotspot/share/interpreter/linkResolver.cpp, line 773]
Event: 46.435 Thread 0x000001d3fead9800 Exception <a 'java/lang/NoSuchMethodError'{0x0000000088171910}: 'void java.lang.invoke.DirectMethodHandle$Holder.invokeSpecial(java.lang.Object, java.lang.Object, java.lang.Object, java.lang.Object, java.lang.Object, java.lang.Object, java.lang.Object, java.lang.Object, java.lang.Object)'> (0x0000000088171910) thrown at [./src/hotspot/share/interpreter/linkResolver.cpp, line 773]
Event: 46.442 Thread 0x000001d3fead9800 Exception <a 'java/lang/NoSuchMethodError'{0x000000008818ca38}: 'void java.lang.invoke.DirectMethodHandle$Holder.invokeStatic(java.lang.Object, java.lang.Object, java.lang.Object, java.lang.Object, java.lang.Object, java.lang.Object, java.lang.Object, java.lang.Object)'> (0x000000008818ca38) thrown at [./src/hotspot/share/interpreter/linkResolver.cpp, line 773]
Event: 46.648 Thread 0x000001d3fead9800 Implicit null exception at 0x000001d3e9e31bb0 to 0x000001d3e9e32e80
Event: 46.675 Thread 0x000001d3fead9800 Exception <a 'java/lang/IncompatibleClassChangeError'{0x000000008a0bb980}: Found class java.lang.Object, but interface was expected> (0x000000008a0bb980) thrown at [./src/hotspot/share/interpreter/linkResolver.cpp, line 839]
Event: 47.317 Thread 0x000001d3fead9800 Exception <a 'java/lang/NoSuchMethodError'{0x0000000088fdf410}: 'void java.lang.invoke.DirectMethodHandle$Holder.invokeVirtual(java.lang.Object, java.lang.Object, int)'> (0x0000000088fdf410) thrown at [./src/hotspot/share/interpreter/linkResolver.cpp, line 773]
Event: 47.466 Thread 0x000001d3fead9800 Exception <a 'sun/nio/fs/WindowsException'{0x000000008836b340}> (0x000000008836b340) thrown at [./src/hotspot/share/prims/jni.cpp, line 615]
Event: 47.491 Thread 0x000001d3fead4800 Exception <a 'sun/nio/fs/WindowsException'{0x000000008820b860}> (0x000000008820b860) thrown at [./src/hotspot/share/prims/jni.cpp, line 615]
Event: 48.039 Thread 0x000001d3fead4800 Exception <a 'sun/nio/fs/WindowsException'{0x00000000889d2860}> (0x00000000889d2860) thrown at [./src/hotspot/share/prims/jni.cpp, line 615]
Event: 48.101 Thread 0x000001d3fead8000 Exception <a 'java/lang/NoSuchMethodError'{0x0000000088765698}: 'java.lang.Object java.lang.invoke.DirectMethodHandle$Holder.invokeInterface(java.lang.Object, java.lang.Object, int)'> (0x0000000088765698) thrown at [./src/hotspot/share/interpreter/linkResolver.cpp, line 773]
Event: 49.356 Thread 0x000001d3fead9800 Exception <a 'sun/nio/fs/WindowsException'{0x0000000089868528}> (0x0000000089868528) thrown at [./src/hotspot/share/prims/jni.cpp, line 615]
Event: 51.416 Thread 0x000001d3fead4800 Exception <a 'java/lang/NoSuchMethodError'{0x000000008b718250}: 'int java.lang.invoke.DirectMethodHandle$Holder.invokeInterface(java.lang.Object, java.lang.Object, int)'> (0x000000008b718250) thrown at [./src/hotspot/share/interpreter/linkResolver.cpp, line 773]
Event: 52.689 Thread 0x000001d3fead8000 Exception <a 'sun/nio/fs/WindowsException'{0x000000008b42c190}> (0x000000008b42c190) thrown at [./src/hotspot/share/prims/jni.cpp, line 615]
Event: 53.534 Thread 0x000001d3fead8000 Exception <a 'java/lang/OutOfMemoryError'{0x000000008c1716e0}> (0x000000008c1716e0) thrown at [./src/hotspot/share/prims/jni.cpp, line 636]

Events (20 events):
Event: 52.667 loading class com/android/tools/r8/code/a3
Event: 52.667 loading class com/android/tools/r8/code/a3 done
Event: 52.683 loading class com/android/tools/r8/code/r3
Event: 52.683 loading class com/android/tools/r8/code/r3 done
Event: 52.689 loading class com/android/tools/r8/code/t3
Event: 52.689 loading class com/android/tools/r8/code/t3 done
Event: 52.690 loading class com/android/tools/r8/code/u3
Event: 52.690 loading class com/android/tools/r8/code/u3 done
Event: 52.690 loading class com/android/tools/r8/code/v3
Event: 52.690 loading class com/android/tools/r8/code/v3 done
Event: 52.691 loading class com/android/tools/r8/code/s3
Event: 52.691 loading class com/android/tools/r8/code/s3 done
Event: 52.871 Executing VM operation: G1CollectForAllocation
Event: 52.880 Executing VM operation: G1CollectForAllocation done
Event: 53.145 loading class com/android/tools/r8/internal/zh
Event: 53.145 loading class com/android/tools/r8/internal/zh done
Event: 53.391 Executing VM operation: CGC_Operation
Event: 53.421 Executing VM operation: CGC_Operation done
Event: 53.534 loading class java/util/zip/DataFormatException
Event: 53.535 loading class java/util/zip/DataFormatException done


Dynamic libraries:
0x00007ff7a0130000 - 0x00007ff7a013a000 	C:\Program Files\Android\Android Studio\jre\bin\java.exe
0x00007ff8575f0000 - 0x00007ff8577e5000 	C:\Windows\SYSTEM32\ntdll.dll
0x00007ff855c50000 - 0x00007ff855d0e000 	C:\Windows\System32\KERNEL32.DLL
0x00007ff855210000 - 0x00007ff8554d8000 	C:\Windows\System32\KERNELBASE.dll
0x00007ff854fb0000 - 0x00007ff8550b0000 	C:\Windows\System32\ucrtbase.dll
0x00007ff82bc40000 - 0x00007ff82bc59000 	C:\Program Files\Android\Android Studio\jre\bin\jli.dll
0x00007ff82b030000 - 0x00007ff82b047000 	C:\Program Files\Android\Android Studio\jre\bin\VCRUNTIME140.dll
0x00007ff856200000 - 0x00007ff8563a1000 	C:\Windows\System32\USER32.dll
0x00007ff8495b0000 - 0x00007ff84984a000 	C:\Windows\WinSxS\amd64_microsoft.windows.common-controls_6595b64144ccf1df_6.0.19041.1110_none_60b5254171f9507e\COMCTL32.dll
0x00007ff855570000 - 0x00007ff855592000 	C:\Windows\System32\win32u.dll
0x00007ff856090000 - 0x00007ff85612e000 	C:\Windows\System32\msvcrt.dll
0x00007ff855f90000 - 0x00007ff855fbb000 	C:\Windows\System32\GDI32.dll
0x00007ff8550b0000 - 0x00007ff8551bb000 	C:\Windows\System32\gdi32full.dll
0x00007ff8555a0000 - 0x00007ff85563d000 	C:\Windows\System32\msvcp_win.dll
0x00007ff855770000 - 0x00007ff8557a0000 	C:\Windows\System32\IMM32.DLL
0x00007ff824010000 - 0x00007ff8240ad000 	C:\Program Files\Android\Android Studio\jre\bin\msvcp140.dll
0x00007ff818440000 - 0x00007ff818f0f000 	C:\Program Files\Android\Android Studio\jre\bin\server\jvm.dll
0x00007ff855ee0000 - 0x00007ff855f8c000 	C:\Windows\System32\ADVAPI32.dll
0x00007ff856fd0000 - 0x00007ff85706b000 	C:\Windows\System32\sechost.dll
0x00007ff855640000 - 0x00007ff85576a000 	C:\Windows\System32\RPCRT4.dll
0x00007ff8558e0000 - 0x00007ff8558e8000 	C:\Windows\System32\PSAPI.DLL
0x00007ff84e070000 - 0x00007ff84e079000 	C:\Windows\SYSTEM32\WSOCK32.dll
0x00007ff855d10000 - 0x00007ff855d7b000 	C:\Windows\System32\WS2_32.dll
0x00007ff838130000 - 0x00007ff838157000 	C:\Windows\SYSTEM32\WINMM.dll
0x00007ff849ef0000 - 0x00007ff849efa000 	C:\Windows\SYSTEM32\VERSION.dll
0x00007ff852c30000 - 0x00007ff852c42000 	C:\Windows\SYSTEM32\kernel.appcore.dll
0x00007ff836aa0000 - 0x00007ff836ab1000 	C:\Program Files\Android\Android Studio\jre\bin\verify.dll
0x00007ff830bf0000 - 0x00007ff830dd4000 	C:\Windows\SYSTEM32\DBGHELP.DLL
0x00007ff832690000 - 0x00007ff8326bc000 	C:\Windows\SYSTEM32\dbgcore.DLL
0x00007ff854d10000 - 0x00007ff854d93000 	C:\Windows\System32\bcryptPrimitives.dll
0x00007ff82ffa0000 - 0x00007ff82ffc9000 	C:\Program Files\Android\Android Studio\jre\bin\java.dll
0x00007ff84be40000 - 0x00007ff84be4b000 	C:\Program Files\Android\Android Studio\jre\bin\jimage.dll
0x00007ff82e4c0000 - 0x00007ff82e4d8000 	C:\Program Files\Android\Android Studio\jre\bin\zip.dll
0x00007ff856890000 - 0x00007ff856fcf000 	C:\Windows\System32\SHELL32.dll
0x00007ff852e30000 - 0x00007ff8535c0000 	C:\Windows\SYSTEM32\windows.storage.dll
0x00007ff8558f0000 - 0x00007ff855c45000 	C:\Windows\System32\combase.dll
0x00007ff854690000 - 0x00007ff8546be000 	C:\Windows\SYSTEM32\Wldp.dll
0x00007ff855830000 - 0x00007ff8558dd000 	C:\Windows\System32\SHCORE.dll
0x00007ff856190000 - 0x00007ff8561e5000 	C:\Windows\System32\shlwapi.dll
0x00007ff854c50000 - 0x00007ff854c6f000 	C:\Windows\SYSTEM32\profapi.dll
0x00007ff82c6b0000 - 0x00007ff82c6ca000 	C:\Program Files\Android\Android Studio\jre\bin\net.dll
0x00007ff84c9b0000 - 0x00007ff84cabc000 	C:\Windows\SYSTEM32\WINHTTP.dll
0x00007ff8543f0000 - 0x00007ff85445a000 	C:\Windows\system32\mswsock.dll
0x00007ff82c340000 - 0x00007ff82c354000 	C:\Program Files\Android\Android Studio\jre\bin\nio.dll
0x00007ff830e30000 - 0x00007ff830e57000 	C:\Users\MARIA TERESA\.gradle\native\8bec1ad78214c89d9ad589b4d07fe93259594b29d510b10fafb7a158f7737e5d\windows-amd64\native-platform.dll
0x00007ff8282a0000 - 0x00007ff8283dd000 	C:\Users\MARIA TERESA\.gradle\native\53dbd7edfb1c66fb8903c78663c9afc45aea4f116125fa6feffd364cf09443e8\windows-amd64\native-platform-file-events.dll
0x00007ff84b5e0000 - 0x00007ff84b5ea000 	C:\Program Files\Android\Android Studio\jre\bin\management.dll
0x00007ff84aff0000 - 0x00007ff84affc000 	C:\Program Files\Android\Android Studio\jre\bin\management_ext.dll
0x00007ff8545e0000 - 0x00007ff8545f8000 	C:\Windows\SYSTEM32\CRYPTSP.dll
0x00007ff853d70000 - 0x00007ff853da4000 	C:\Windows\system32\rsaenh.dll
0x00007ff8554e0000 - 0x00007ff855507000 	C:\Windows\System32\bcrypt.dll
0x00007ff854bd0000 - 0x00007ff854bfe000 	C:\Windows\SYSTEM32\USERENV.dll
0x00007ff854600000 - 0x00007ff85460c000 	C:\Windows\SYSTEM32\CRYPTBASE.dll
0x00007ff8540e0000 - 0x00007ff85411b000 	C:\Windows\SYSTEM32\IPHLPAPI.DLL
0x00007ff8561f0000 - 0x00007ff8561f8000 	C:\Windows\System32\NSI.dll
0x00007ff84f1d0000 - 0x00007ff84f1e7000 	C:\Windows\SYSTEM32\dhcpcsvc6.DLL
0x00007ff84ee70000 - 0x00007ff84ee8d000 	C:\Windows\SYSTEM32\dhcpcsvc.DLL
0x00007ff854120000 - 0x00007ff8541eb000 	C:\Windows\SYSTEM32\DNSAPI.dll

dbghelp: loaded successfully - version: 4.0.5 - missing functions: none
symbol engine: initialized successfully - sym options: 0x614 - pdb path: .;C:\Program Files\Android\Android Studio\jre\bin;C:\Windows\SYSTEM32;C:\Windows\WinSxS\amd64_microsoft.windows.common-controls_6595b64144ccf1df_6.0.19041.1110_none_60b5254171f9507e;C:\Program Files\Android\Android Studio\jre\bin\server;C:\Users\MARIA TERESA\.gradle\native\8bec1ad78214c89d9ad589b4d07fe93259594b29d510b10fafb7a158f7737e5d\windows-amd64;C:\Users\MARIA TERESA\.gradle\native\53dbd7edfb1c66fb8903c78663c9afc45aea4f116125fa6feffd364cf09443e8\windows-amd64

VM Arguments:
jvm_args: --add-opens=java.base/java.util=ALL-UNNAMED --add-opens=java.base/java.lang=ALL-UNNAMED --add-opens=java.base/java.lang.invoke=ALL-UNNAMED --add-opens=java.base/java.util=ALL-UNNAMED --add-opens=java.prefs/java.util.prefs=ALL-UNNAMED --add-opens=java.prefs/java.util.prefs=ALL-UNNAMED --add-opens=java.base/java.nio.charset=ALL-UNNAMED --add-opens=java.base/java.net=ALL-UNNAMED --add-opens=java.base/java.util.concurrent.atomic=ALL-UNNAMED -Xmx2048m -Dfile.encoding=UTF-8 -Duser.country=CO -Duser.language=es -Duser.variant 
java_command: org.gradle.launcher.daemon.bootstrap.GradleDaemon 7.0.2
java_class_path (initial): C:\Users\MARIA TERESA\.gradle\wrapper\dists\gradle-7.0.2-bin\857tjihv64xamwrf0h14cai3r\gradle-7.0.2\lib\gradle-launcher-7.0.2.jar
Launcher Type: SUN_STANDARD

[Global flags]
     intx CICompilerCount                          = 3                                         {product} {ergonomic}
     uint ConcGCThreads                            = 1                                         {product} {ergonomic}
     uint G1ConcRefinementThreads                  = 4                                         {product} {ergonomic}
   size_t G1HeapRegionSize                         = 1048576                                   {product} {ergonomic}
    uintx GCDrainStackTargetSize                   = 64                                        {product} {ergonomic}
   size_t InitialHeapSize                          = 96468992                                  {product} {ergonomic}
   size_t MarkStackSize                            = 4194304                                   {product} {ergonomic}
   size_t MaxHeapSize                              = 2147483648                                {product} {command line}
   size_t MaxNewSize                               = 1287651328                                {product} {ergonomic}
   size_t MinHeapDeltaBytes                        = 1048576                                   {product} {ergonomic}
    uintx NonNMethodCodeHeapSize                   = 5830732                                {pd product} {ergonomic}
    uintx NonProfiledCodeHeapSize                  = 122913754                              {pd product} {ergonomic}
    uintx ProfiledCodeHeapSize                     = 122913754                              {pd product} {ergonomic}
    uintx ReservedCodeCacheSize                    = 251658240                              {pd product} {ergonomic}
     bool SegmentedCodeCache                       = true                                      {product} {ergonomic}
     bool UseCompressedClassPointers               = true                                 {lp64_product} {ergonomic}
     bool UseCompressedOops                        = true                                 {lp64_product} {ergonomic}
     bool UseG1GC                                  = true                                      {product} {ergonomic}
     bool UseLargePagesIndividualAllocation        = false                                  {pd product} {ergonomic}

Logging:
Log output configuration:
 #0: stdout all=warning uptime,level,tags
 #1: stderr all=off uptime,level,tags

Environment Variables:
PATH=C:\Program Files\Common Files\Oracle\Java\javapath;C:\Program Files\Microsoft MPI\Bin\;C:\Windows\system32;C:\Windows;C:\Windows\System32\Wbem;C:\Windows\System32\WindowsPowerShell\v1.0\;C:\Windows\System32\OpenSSH\;C:\Program Files\Azure Data Studio\bin;C:\Program Files (x86)\Microsoft SQL Server\150\Tools\Binn\;C:\Program Files\Microsoft SQL Server\150\Tools\Binn\;C:\Program Files (x86)\Microsoft SQL Server\150\DTS\Binn\;C:\Program Files\Microsoft SQL Server\150\DTS\Binn\;C:\Program Files\Microsoft SQL Server\Client SDK\ODBC\170\Tools\Binn\;C:\Program Files\dotnet\;C:\Program Files\Git\cmd;C:\Users\MARIA TERESA\AppData\Local\Microsoft\WindowsApps;;C:\Users\MARIA TERESA\AppData\Local\Programs\Microsoft VS Code\bin;C:\Program Files\Azure Data Studio\bin;C:\Users\MARIA TERESA\.dotnet\tools
USERNAME=MARIA TERESA
OS=Windows_NT
PROCESSOR_IDENTIFIER=Intel64 Family 6 Model 37 Stepping 2, GenuineIntel



---------------  S Y S T E M  ---------------

OS: Windows 10 , 64 bit Build 19041 (10.0.19041.1348)
OS uptime: 1 days 19:05 hours

CPU:total 4 (initial active 4) (2 cores per cpu, 2 threads per core) family 6 model 37 stepping 2 microcode 0x11, cmov, cx8, fxsr, mmx, sse, sse2, sse3, ssse3, sse4.1, sse4.2, popcnt, ht, tsc, tscinvbit

Memory: 4k page, system-wide physical 5879M (421M free)
TotalPageFile size 5879M (AvailPageFile size 2M)
current process WorkingSet (physical memory assigned to process): 588M, peak: 588M
current process commit charge ("private bytes"): 636M, peak: 636M

vm_info: OpenJDK 64-Bit Server VM (11.0.10+0-b96-7249189) for windows-amd64 JRE (11.0.10+0-b96-7249189), built on Mar 31 2021 21:44:00 by "builder" with MS VC++ 14.0 (VS2015)

END.
