#
# There is insufficient memory for the Java Runtime Environment to continue.
# Native memory allocation (malloc) failed to allocate 752176 bytes for Chunk::new
# Possible reasons:
#   The system is out of physical RAM or swap space
#   The process is running with CompressedOops enabled, and the Java Heap may be blocking the growth of the native heap
# Possible solutions:
#   Reduce memory load on the system
#   Increase physical memory or swap space
#   Check if swap backing store is full
#   Decrease Java heap size (-Xmx/-Xms)
#   Decrease number of Java threads
#   Decrease Java thread stack sizes (-Xss)
#   Set larger code cache with -XX:ReservedCodeCacheSize=
#   JVM is running with Unscaled Compressed Oops mode in which the Java heap is
#     placed in the first 4GB address space. The Java Heap base address is the
#     maximum limit for the native heap growth. Please use -XX:HeapBaseMinAddress
#     to set the Java Heap base and to place the Java Heap above 4GB virtual address.
# This output file may be truncated or incomplete.
#
#  Out of Memory Error (./src/hotspot/share/memory/arena.cpp:197), pid=4976, tid=6364
#
# JRE version: OpenJDK Runtime Environment (11.0.10) (build 11.0.10+0-b96-7249189)
# Java VM: OpenJDK 64-Bit Server VM (11.0.10+0-b96-7249189, mixed mode, tiered, compressed oops, g1 gc, windows-amd64)
# No core dump will be written. Minidumps are not enabled by default on client versions of Windows
#

---------------  S U M M A R Y ------------

Command Line: --add-opens=java.base/java.util=ALL-UNNAMED --add-opens=java.base/java.lang=ALL-UNNAMED --add-opens=java.base/java.lang.invoke=ALL-UNNAMED --add-opens=java.base/java.util=ALL-UNNAMED --add-opens=java.prefs/java.util.prefs=ALL-UNNAMED --add-opens=java.prefs/java.util.prefs=ALL-UNNAMED --add-opens=java.base/java.nio.charset=ALL-UNNAMED --add-opens=java.base/java.net=ALL-UNNAMED --add-opens=java.base/java.util.concurrent.atomic=ALL-UNNAMED -Xmx2048m -Dfile.encoding=UTF-8 -Duser.country=CO -Duser.language=es -Duser.variant org.gradle.launcher.daemon.bootstrap.GradleDaemon 7.0.2

Host: Intel(R) Core(TM) i3 CPU         540  @ 3.07GHz, 4 cores, 5G,  Windows 10 , 64 bit Build 19041 (10.0.19041.1202)
Time: Tue Nov  9 22:57:17 2021 Hora est. Pacífico, Sudamérica elapsed time: 16.880930 seconds (0d 0h 0m 16s)

---------------  T H R E A D  ---------------

Current thread (0x000001a7005f2800):  JavaThread "C2 CompilerThread1" daemon [_thread_in_native, id=6364, stack(0x000000405ae00000,0x000000405af00000)]


Current CompileTask:
C2:  16881 5667       4       org.gradle.internal.reflect.MethodSet::add (50 bytes)

Stack: [0x000000405ae00000,0x000000405af00000]
Native frames: (J=compiled Java code, j=interpreted, Vv=VM code, C=native code)
V  [jvm.dll+0x5ecfaa]
V  [jvm.dll+0x722bd5]
V  [jvm.dll+0x72412d]
V  [jvm.dll+0x7247e3]
V  [jvm.dll+0x242928]
V  [jvm.dll+0xbc4fc]
V  [jvm.dll+0xbca0c]
V  [jvm.dll+0x352d3b]
V  [jvm.dll+0x320ad3]
V  [jvm.dll+0x31ffca]
V  [jvm.dll+0x1fb602]
V  [jvm.dll+0x1fa7f4]
V  [jvm.dll+0x18354c]
V  [jvm.dll+0x208ee7]
V  [jvm.dll+0x207731]
V  [jvm.dll+0x6eb1cf]
V  [jvm.dll+0x6e3d45]
V  [jvm.dll+0x5ebe96]
C  [ucrtbase.dll+0x21bb2]
C  [KERNEL32.DLL+0x17034]
C  [ntdll.dll+0x52651]


---------------  P R O C E S S  ---------------

Threads class SMR info:
_java_thread_list=0x000001a70031a2c0, length=42, elements={
0x000001a76100b800, 0x000001a77abe5000, 0x000001a77abce000, 0x000001a77abea800,
0x000001a77abeb800, 0x000001a77abec800, 0x000001a77abf7000, 0x000001a77ac00000,
0x000001a77ac07800, 0x000001a77b6d4800, 0x000001a77c44d000, 0x000001a77cd78000,
0x000001a77c5fa000, 0x000001a77c5f8800, 0x000001a77d85a800, 0x000001a77c9c8800,
0x000001a77d8ba800, 0x000001a77da5e000, 0x000001a77d119000, 0x000001a77cf87800,
0x000001a77cf88800, 0x000001a77cf86000, 0x000001a77cf83800, 0x000001a77cf85800,
0x000001a77cf87000, 0x000001a77cf84800, 0x000001a77cf8a000, 0x000001a77cf89800,
0x000001a700049000, 0x000001a70004d000, 0x000001a70004c800, 0x000001a70004e000,
0x000001a700048800, 0x000001a70004f800, 0x000001a70004f000, 0x000001a70004a800,
0x000001a700051000, 0x000001a70004b800, 0x000001a700055800, 0x000001a700052000,
0x000001a700056000, 0x000001a7005f2800
}

Java Threads: ( => current thread )
  0x000001a76100b800 JavaThread "main" [_thread_blocked, id=2276, stack(0x0000004058d00000,0x0000004058e00000)]
  0x000001a77abe5000 JavaThread "Reference Handler" daemon [_thread_blocked, id=9344, stack(0x0000004059400000,0x0000004059500000)]
  0x000001a77abce000 JavaThread "Finalizer" daemon [_thread_blocked, id=4316, stack(0x0000004059500000,0x0000004059600000)]
  0x000001a77abea800 JavaThread "Signal Dispatcher" daemon [_thread_blocked, id=8400, stack(0x0000004059600000,0x0000004059700000)]
  0x000001a77abeb800 JavaThread "Attach Listener" daemon [_thread_blocked, id=1172, stack(0x0000004059700000,0x0000004059800000)]
  0x000001a77abec800 JavaThread "Service Thread" daemon [_thread_blocked, id=8612, stack(0x0000004059800000,0x0000004059900000)]
  0x000001a77abf7000 JavaThread "C2 CompilerThread0" daemon [_thread_in_native, id=3044, stack(0x0000004059900000,0x0000004059a00000)]
  0x000001a77ac00000 JavaThread "C1 CompilerThread0" daemon [_thread_blocked, id=8716, stack(0x0000004059a00000,0x0000004059b00000)]
  0x000001a77ac07800 JavaThread "Sweeper thread" daemon [_thread_blocked, id=6452, stack(0x0000004059b00000,0x0000004059c00000)]
  0x000001a77b6d4800 JavaThread "Common-Cleaner" daemon [_thread_blocked, id=5672, stack(0x0000004059c00000,0x0000004059d00000)]
  0x000001a77c44d000 JavaThread "Daemon health stats" [_thread_blocked, id=7628, stack(0x000000405a000000,0x000000405a100000)]
  0x000001a77cd78000 JavaThread "Incoming local TCP Connector on port 63294" [_thread_in_native, id=3264, stack(0x0000004059e00000,0x0000004059f00000)]
  0x000001a77c5fa000 JavaThread "Daemon periodic checks" [_thread_blocked, id=2988, stack(0x000000405a100000,0x000000405a200000)]
  0x000001a77c5f8800 JavaThread "Daemon" [_thread_blocked, id=3716, stack(0x000000405a200000,0x000000405a300000)]
  0x000001a77d85a800 JavaThread "Handler for socket connection from /127.0.0.1:63294 to /127.0.0.1:63295" [_thread_in_native, id=5308, stack(0x000000405a300000,0x000000405a400000)]
  0x000001a77c9c8800 JavaThread "Cancel handler" [_thread_blocked, id=7584, stack(0x000000405a400000,0x000000405a500000)]
  0x000001a77d8ba800 JavaThread "Daemon worker" [_thread_in_native, id=8072, stack(0x000000405a500000,0x000000405a600000)]
  0x000001a77da5e000 JavaThread "Asynchronous log dispatcher for DefaultDaemonConnection: socket connection from /127.0.0.1:63294 to /127.0.0.1:63295" [_thread_blocked, id=8564, stack(0x000000405a800000,0x000000405a900000)]
  0x000001a77d119000 JavaThread "Stdin handler" [_thread_blocked, id=4628, stack(0x000000405a900000,0x000000405aa00000)]
  0x000001a77cf87800 JavaThread "Daemon client event forwarder" [_thread_blocked, id=5264, stack(0x000000405aa00000,0x000000405ab00000)]
  0x000001a77cf88800 JavaThread "Cache worker for file hash cache (C:\Users\MARIA TERESA\.gradle\caches\7.0.2\fileHashes)" [_thread_blocked, id=6276, stack(0x000000405ab00000,0x000000405ac00000)]
  0x000001a77cf86000 JavaThread "File lock request listener" [_thread_in_native, id=4060, stack(0x000000405ac00000,0x000000405ad00000)]
  0x000001a77cf83800 JavaThread "Cache worker for journal cache (C:\Users\MARIA TERESA\.gradle\caches\journal-1)" [_thread_blocked, id=716, stack(0x000000405ad00000,0x000000405ae00000)]
  0x000001a77cf85800 JavaThread "Cache worker for file hash cache (G:\DOWNLOADS\androidstudioprojects\.gradle\7.0.2\fileHashes)" [_thread_blocked, id=4536, stack(0x000000405af00000,0x000000405b000000)]
  0x000001a77cf87000 JavaThread "File watcher server" daemon [_thread_in_native, id=3724, stack(0x000000405b000000,0x000000405b100000)]
  0x000001a77cf84800 JavaThread "File watcher consumer" daemon [_thread_blocked, id=3328, stack(0x000000405b100000,0x000000405b200000)]
  0x000001a77cf8a000 JavaThread "Cache worker for checksums cache (G:\DOWNLOADS\androidstudioprojects\.gradle\checksums)" [_thread_blocked, id=1416, stack(0x000000405b200000,0x000000405b300000)]
  0x000001a77cf89800 JavaThread "Cache worker for cache directory md-supplier (C:\Users\MARIA TERESA\.gradle\caches\7.0.2\md-supplier)" [_thread_blocked, id=4988, stack(0x000000405b300000,0x000000405b400000)]
  0x000001a700049000 JavaThread "Cache worker for cache directory md-rule (C:\Users\MARIA TERESA\.gradle\caches\7.0.2\md-rule)" [_thread_blocked, id=7824, stack(0x000000405b400000,0x000000405b500000)]
  0x000001a70004d000 JavaThread "Cache worker for execution history cache (C:\Users\MARIA TERESA\.gradle\caches\7.0.2\executionHistory)" [_thread_blocked, id=2176, stack(0x000000405b500000,0x000000405b600000)]
  0x000001a70004c800 JavaThread "jar transforms" [_thread_blocked, id=1180, stack(0x000000405b600000,0x000000405b700000)]
  0x000001a70004e000 JavaThread "jar transforms Thread 2" [_thread_blocked, id=1372, stack(0x000000405b700000,0x000000405b800000)]
  0x000001a700048800 JavaThread "Cache worker for file content cache (C:\Users\MARIA TERESA\.gradle\caches\7.0.2\fileContent)" [_thread_blocked, id=9876, stack(0x000000405b800000,0x000000405b900000)]
  0x000001a70004f800 JavaThread "Cache worker for dependencies-accessors (G:\DOWNLOADS\androidstudioprojects\.gradle\7.0.2\dependencies-accessors)" [_thread_blocked, id=4640, stack(0x000000405b900000,0x000000405ba00000)]
  0x000001a70004f000 JavaThread "jar transforms Thread 3" [_thread_blocked, id=9160, stack(0x000000405ba00000,0x000000405bb00000)]
  0x000001a70004a800 JavaThread "Cache worker for Build Output Cleanup Cache (G:\DOWNLOADS\androidstudioprojects\.gradle\buildOutputCleanup)" [_thread_blocked, id=1608, stack(0x000000405bb00000,0x000000405bc00000)]
  0x000001a700051000 JavaThread "Build operations" [_thread_blocked, id=2744, stack(0x000000405bc00000,0x000000405bd00000)]
  0x000001a70004b800 JavaThread "Build operations Thread 2" [_thread_blocked, id=7416, stack(0x000000405bd00000,0x000000405be00000)]
  0x000001a700055800 JavaThread "Build operations Thread 3" [_thread_blocked, id=9316, stack(0x000000405be00000,0x000000405bf00000)]
  0x000001a700052000 JavaThread "Build operations Thread 4" [_thread_blocked, id=4764, stack(0x000000405bf00000,0x000000405c000000)]
  0x000001a700056000 JavaThread "jar transforms Thread 4" [_thread_blocked, id=3920, stack(0x000000405c000000,0x000000405c100000)]
=>0x000001a7005f2800 JavaThread "C2 CompilerThread1" daemon [_thread_in_native, id=6364, stack(0x000000405ae00000,0x000000405af00000)]

Other Threads:
  0x000001a77abbc800 VMThread "VM Thread" [stack: 0x0000004059300000,0x0000004059400000] [id=812]
  0x000001a77b6d9800 WatcherThread [stack: 0x0000004059d00000,0x0000004059e00000] [id=7140]
  0x000001a761024800 GCTaskThread "GC Thread#0" [stack: 0x0000004058e00000,0x0000004058f00000] [id=9604]
  0x000001a77b944800 GCTaskThread "GC Thread#1" [stack: 0x0000004059f00000,0x000000405a000000] [id=4208]
  0x000001a77c666000 GCTaskThread "GC Thread#2" [stack: 0x000000405a600000,0x000000405a700000] [id=8536]
  0x000001a77c442800 GCTaskThread "GC Thread#3" [stack: 0x000000405a700000,0x000000405a800000] [id=7152]
  0x000001a761055800 ConcurrentGCThread "G1 Main Marker" [stack: 0x0000004058f00000,0x0000004059000000] [id=3136]
  0x000001a761057800 ConcurrentGCThread "G1 Conc#0" [stack: 0x0000004059000000,0x0000004059100000] [id=5316]
  0x000001a7610bd000 ConcurrentGCThread "G1 Refine#0" [stack: 0x0000004059100000,0x0000004059200000] [id=9696]
  0x000001a7610be000 ConcurrentGCThread "G1 Young RemSet Sampling" [stack: 0x0000004059200000,0x0000004059300000] [id=3556]

Threads with active compile tasks:
C2 CompilerThread0  16911 5680       4       org.objectweb.asm.SymbolTable::addConstantMemberReference (147 bytes)
C2 CompilerThread1  16911 5667       4       org.gradle.internal.reflect.MethodSet::add (50 bytes)

VM state:not at safepoint (normal execution)

VM Mutex/Monitor currently owned by a thread: None

Heap address: 0x0000000080000000, size: 2048 MB, Compressed Oops mode: 32-bit
Narrow klass base: 0x0000000000000000, Narrow klass shift: 3
Compressed class space size: 1073741824 Address: 0x0000000100000000

Heap:
 garbage-first heap   total 137216K, used 73703K [0x0000000080000000, 0x0000000100000000)
  region size 1024K, 36 young (36864K), 9 survivors (9216K)
 Metaspace       used 53937K, capacity 55288K, committed 55552K, reserved 1097728K
  class space    used 6850K, capacity 7353K, committed 7424K, reserved 1048576K
Heap Regions: E=young(eden), S=young(survivor), O=old, HS=humongous(starts), HC=humongous(continues), CS=collection set, F=free, A=archive, TAMS=top-at-mark-start (previous, next)
|   0|0x0000000080000000, 0x0000000080100000, 0x0000000080100000|100%|HS|  |TAMS 0x0000000080100000, 0x0000000080000000| Complete 
|   1|0x0000000080100000, 0x0000000080200000, 0x0000000080200000|100%|HC|  |TAMS 0x0000000080200000, 0x0000000080100000| Complete 
|   2|0x0000000080200000, 0x0000000080300000, 0x0000000080300000|100%|HC|  |TAMS 0x0000000080300000, 0x0000000080200000| Complete 
|   3|0x0000000080300000, 0x0000000080400000, 0x0000000080400000|100%| O|  |TAMS 0x0000000080400000, 0x0000000080300000| Untracked 
|   4|0x0000000080400000, 0x0000000080500000, 0x0000000080500000|100%| O|  |TAMS 0x0000000080500000, 0x0000000080400000| Untracked 
|   5|0x0000000080500000, 0x0000000080600000, 0x0000000080600000|100%| O|  |TAMS 0x0000000080600000, 0x0000000080500000| Untracked 
|   6|0x0000000080600000, 0x0000000080700000, 0x0000000080700000|100%| O|  |TAMS 0x0000000080700000, 0x0000000080600000| Untracked 
|   7|0x0000000080700000, 0x0000000080800000, 0x0000000080800000|100%| O|  |TAMS 0x0000000080800000, 0x0000000080700000| Untracked 
|   8|0x0000000080800000, 0x0000000080900000, 0x0000000080900000|100%| O|  |TAMS 0x0000000080900000, 0x0000000080800000| Untracked 
|   9|0x0000000080900000, 0x0000000080a00000, 0x0000000080a00000|100%| O|  |TAMS 0x0000000080a00000, 0x0000000080900000| Untracked 
|  10|0x0000000080a00000, 0x0000000080b00000, 0x0000000080b00000|100%| O|  |TAMS 0x0000000080b00000, 0x0000000080a00000| Untracked 
|  11|0x0000000080b00000, 0x0000000080c00000, 0x0000000080c00000|100%| O|  |TAMS 0x0000000080c00000, 0x0000000080b00000| Untracked 
|  12|0x0000000080c00000, 0x0000000080d00000, 0x0000000080d00000|100%| O|  |TAMS 0x0000000080d00000, 0x0000000080c00000| Untracked 
|  13|0x0000000080d00000, 0x0000000080e00000, 0x0000000080e00000|100%| O|  |TAMS 0x0000000080e00000, 0x0000000080d00000| Untracked 
|  14|0x0000000080e00000, 0x0000000080f00000, 0x0000000080f00000|100%| O|  |TAMS 0x0000000080f00000, 0x0000000080e00000| Untracked 
|  15|0x0000000080f00000, 0x0000000081000000, 0x0000000081000000|100%| O|  |TAMS 0x0000000081000000, 0x0000000080f00000| Untracked 
|  16|0x0000000081000000, 0x0000000081100000, 0x0000000081100000|100%| O|  |TAMS 0x00000000810c2c00, 0x0000000081000000| Untracked 
|  17|0x0000000081100000, 0x0000000081200000, 0x0000000081200000|100%|HS|  |TAMS 0x0000000081100000, 0x0000000081100000| Complete 
|  18|0x0000000081200000, 0x0000000081300000, 0x0000000081300000|100%| O|  |TAMS 0x0000000081200000, 0x0000000081200000| Untracked 
|  19|0x0000000081300000, 0x0000000081400000, 0x0000000081400000|100%| O|  |TAMS 0x0000000081300000, 0x0000000081300000| Untracked 
|  20|0x0000000081400000, 0x0000000081500000, 0x0000000081500000|100%| O|  |TAMS 0x0000000081400000, 0x0000000081400000| Untracked 
|  21|0x0000000081500000, 0x0000000081600000, 0x0000000081600000|100%| O|  |TAMS 0x0000000081500000, 0x0000000081500000| Untracked 
|  22|0x0000000081600000, 0x0000000081700000, 0x0000000081700000|100%| O|  |TAMS 0x0000000081600000, 0x0000000081600000| Untracked 
|  23|0x0000000081700000, 0x0000000081800000, 0x0000000081800000|100%| O|  |TAMS 0x0000000081700000, 0x0000000081700000| Untracked 
|  24|0x0000000081800000, 0x0000000081900000, 0x0000000081900000|100%| O|  |TAMS 0x0000000081800000, 0x0000000081800000| Untracked 
|  25|0x0000000081900000, 0x0000000081a00000, 0x0000000081a00000|100%| O|  |TAMS 0x0000000081900000, 0x0000000081900000| Untracked 
|  26|0x0000000081a00000, 0x0000000081b00000, 0x0000000081b00000|100%| O|  |TAMS 0x0000000081a00000, 0x0000000081a00000| Untracked 
|  27|0x0000000081b00000, 0x0000000081c00000, 0x0000000081c00000|100%|HS|  |TAMS 0x0000000081b00000, 0x0000000081b00000| Complete 
|  28|0x0000000081c00000, 0x0000000081d00000, 0x0000000081d00000|100%|HS|  |TAMS 0x0000000081c00000, 0x0000000081c00000| Complete 
|  29|0x0000000081d00000, 0x0000000081e00000, 0x0000000081e00000|100%|HS|  |TAMS 0x0000000081d00000, 0x0000000081d00000| Complete 
|  30|0x0000000081e00000, 0x0000000081f00000, 0x0000000081f00000|100%|HC|  |TAMS 0x0000000081e00000, 0x0000000081e00000| Complete 
|  31|0x0000000081f00000, 0x0000000082000000, 0x0000000082000000|100%|HC|  |TAMS 0x0000000081f00000, 0x0000000081f00000| Complete 
|  32|0x0000000082000000, 0x0000000082100000, 0x0000000082100000|100%|HS|  |TAMS 0x0000000082000000, 0x0000000082000000| Complete 
|  33|0x0000000082100000, 0x0000000082200000, 0x0000000082200000|100%|HC|  |TAMS 0x0000000082100000, 0x0000000082100000| Complete 
|  34|0x0000000082200000, 0x0000000082300000, 0x0000000082300000|100%| O|  |TAMS 0x0000000082200000, 0x0000000082200000| Untracked 
|  35|0x0000000082300000, 0x0000000082400000, 0x0000000082400000|100%| O|  |TAMS 0x0000000082300000, 0x0000000082300000| Untracked 
|  36|0x0000000082400000, 0x00000000824f9e00, 0x0000000082500000| 97%| O|  |TAMS 0x0000000082400000, 0x0000000082400000| Untracked 
|  37|0x0000000082500000, 0x0000000082500000, 0x0000000082600000|  0%| F|  |TAMS 0x0000000082500000, 0x0000000082500000| Untracked 
|  38|0x0000000082600000, 0x0000000082600000, 0x0000000082700000|  0%| F|  |TAMS 0x0000000082600000, 0x0000000082600000| Untracked 
|  39|0x0000000082700000, 0x0000000082700000, 0x0000000082800000|  0%| F|  |TAMS 0x0000000082700000, 0x0000000082700000| Untracked 
|  40|0x0000000082800000, 0x0000000082800000, 0x0000000082900000|  0%| F|  |TAMS 0x0000000082800000, 0x0000000082800000| Untracked 
|  41|0x0000000082900000, 0x0000000082900000, 0x0000000082a00000|  0%| F|  |TAMS 0x0000000082900000, 0x0000000082900000| Untracked 
|  42|0x0000000082a00000, 0x0000000082a00000, 0x0000000082b00000|  0%| F|  |TAMS 0x0000000082a00000, 0x0000000082a00000| Untracked 
|  43|0x0000000082b00000, 0x0000000082b00000, 0x0000000082c00000|  0%| F|  |TAMS 0x0000000082b00000, 0x0000000082b00000| Untracked 
|  44|0x0000000082c00000, 0x0000000082c00000, 0x0000000082d00000|  0%| F|  |TAMS 0x0000000082c00000, 0x0000000082c00000| Untracked 
|  45|0x0000000082d00000, 0x0000000082d00000, 0x0000000082e00000|  0%| F|  |TAMS 0x0000000082d00000, 0x0000000082d00000| Untracked 
|  46|0x0000000082e00000, 0x0000000082e00000, 0x0000000082f00000|  0%| F|  |TAMS 0x0000000082e00000, 0x0000000082e00000| Untracked 
|  47|0x0000000082f00000, 0x0000000082f00000, 0x0000000083000000|  0%| F|  |TAMS 0x0000000082f00000, 0x0000000082f00000| Untracked 
|  48|0x0000000083000000, 0x0000000083000000, 0x0000000083100000|  0%| F|  |TAMS 0x0000000083000000, 0x0000000083000000| Untracked 
|  49|0x0000000083100000, 0x0000000083100000, 0x0000000083200000|  0%| F|  |TAMS 0x0000000083100000, 0x0000000083100000| Untracked 
|  50|0x0000000083200000, 0x0000000083200000, 0x0000000083300000|  0%| F|  |TAMS 0x0000000083200000, 0x0000000083200000| Untracked 
|  51|0x0000000083300000, 0x0000000083300000, 0x0000000083400000|  0%| F|  |TAMS 0x0000000083300000, 0x0000000083300000| Untracked 
|  52|0x0000000083400000, 0x0000000083400000, 0x0000000083500000|  0%| F|  |TAMS 0x0000000083400000, 0x0000000083400000| Untracked 
|  53|0x0000000083500000, 0x0000000083500000, 0x0000000083600000|  0%| F|  |TAMS 0x0000000083500000, 0x0000000083500000| Untracked 
|  54|0x0000000083600000, 0x0000000083600000, 0x0000000083700000|  0%| F|  |TAMS 0x0000000083600000, 0x0000000083600000| Untracked 
|  55|0x0000000083700000, 0x0000000083700000, 0x0000000083800000|  0%| F|  |TAMS 0x0000000083700000, 0x0000000083700000| Untracked 
|  56|0x0000000083800000, 0x0000000083800000, 0x0000000083900000|  0%| F|  |TAMS 0x0000000083800000, 0x0000000083800000| Untracked 
|  57|0x0000000083900000, 0x0000000083900000, 0x0000000083a00000|  0%| F|  |TAMS 0x0000000083900000, 0x0000000083900000| Untracked 
|  58|0x0000000083a00000, 0x0000000083a00000, 0x0000000083b00000|  0%| F|  |TAMS 0x0000000083a00000, 0x0000000083a00000| Untracked 
|  59|0x0000000083b00000, 0x0000000083b00000, 0x0000000083c00000|  0%| F|  |TAMS 0x0000000083b00000, 0x0000000083b00000| Untracked 
|  60|0x0000000083c00000, 0x0000000083c00000, 0x0000000083d00000|  0%| F|  |TAMS 0x0000000083c00000, 0x0000000083c00000| Untracked 
|  61|0x0000000083d00000, 0x0000000083d00000, 0x0000000083e00000|  0%| F|  |TAMS 0x0000000083d00000, 0x0000000083d00000| Untracked 
|  62|0x0000000083e00000, 0x0000000083e00000, 0x0000000083f00000|  0%| F|  |TAMS 0x0000000083e00000, 0x0000000083e00000| Untracked 
|  63|0x0000000083f00000, 0x0000000083f00000, 0x0000000084000000|  0%| F|  |TAMS 0x0000000083f00000, 0x0000000083f00000| Untracked 
|  64|0x0000000084000000, 0x0000000084100000, 0x0000000084100000|100%| S|CS|TAMS 0x0000000084000000, 0x0000000084000000| Complete 
|  65|0x0000000084100000, 0x0000000084200000, 0x0000000084200000|100%| S|CS|TAMS 0x0000000084100000, 0x0000000084100000| Complete 
|  66|0x0000000084200000, 0x0000000084300000, 0x0000000084300000|100%| S|CS|TAMS 0x0000000084200000, 0x0000000084200000| Complete 
|  67|0x0000000084300000, 0x0000000084400000, 0x0000000084400000|100%| S|CS|TAMS 0x0000000084300000, 0x0000000084300000| Complete 
|  68|0x0000000084400000, 0x0000000084500000, 0x0000000084500000|100%| S|CS|TAMS 0x0000000084400000, 0x0000000084400000| Complete 
|  69|0x0000000084500000, 0x0000000084600000, 0x0000000084600000|100%| S|CS|TAMS 0x0000000084500000, 0x0000000084500000| Complete 
|  70|0x0000000084600000, 0x0000000084700000, 0x0000000084700000|100%| S|CS|TAMS 0x0000000084600000, 0x0000000084600000| Complete 
|  71|0x0000000084700000, 0x0000000084800000, 0x0000000084800000|100%| S|CS|TAMS 0x0000000084700000, 0x0000000084700000| Complete 
|  72|0x0000000084800000, 0x0000000084900000, 0x0000000084900000|100%| S|CS|TAMS 0x0000000084800000, 0x0000000084800000| Complete 
|  73|0x0000000084900000, 0x0000000084900000, 0x0000000084a00000|  0%| F|  |TAMS 0x0000000084900000, 0x0000000084900000| Untracked 
|  74|0x0000000084a00000, 0x0000000084a00000, 0x0000000084b00000|  0%| F|  |TAMS 0x0000000084a00000, 0x0000000084a00000| Untracked 
|  75|0x0000000084b00000, 0x0000000084b00000, 0x0000000084c00000|  0%| F|  |TAMS 0x0000000084b00000, 0x0000000084b00000| Untracked 
|  76|0x0000000084c00000, 0x0000000084c00000, 0x0000000084d00000|  0%| F|  |TAMS 0x0000000084c00000, 0x0000000084c00000| Untracked 
|  77|0x0000000084d00000, 0x0000000084d00000, 0x0000000084e00000|  0%| F|  |TAMS 0x0000000084d00000, 0x0000000084d00000| Untracked 
|  78|0x0000000084e00000, 0x0000000084e00000, 0x0000000084f00000|  0%| F|  |TAMS 0x0000000084e00000, 0x0000000084e00000| Untracked 
|  79|0x0000000084f00000, 0x0000000084f00000, 0x0000000085000000|  0%| F|  |TAMS 0x0000000084f00000, 0x0000000084f00000| Untracked 
|  80|0x0000000085000000, 0x0000000085000000, 0x0000000085100000|  0%| F|  |TAMS 0x0000000085000000, 0x0000000085000000| Untracked 
|  81|0x0000000085100000, 0x0000000085100000, 0x0000000085200000|  0%| F|  |TAMS 0x0000000085100000, 0x0000000085100000| Untracked 
|  82|0x0000000085200000, 0x0000000085200000, 0x0000000085300000|  0%| F|  |TAMS 0x0000000085200000, 0x0000000085200000| Untracked 
|  83|0x0000000085300000, 0x0000000085300000, 0x0000000085400000|  0%| F|  |TAMS 0x0000000085300000, 0x0000000085300000| Untracked 
|  84|0x0000000085400000, 0x0000000085400000, 0x0000000085500000|  0%| F|  |TAMS 0x0000000085400000, 0x0000000085400000| Untracked 
|  85|0x0000000085500000, 0x0000000085500000, 0x0000000085600000|  0%| F|  |TAMS 0x0000000085500000, 0x0000000085500000| Untracked 
|  86|0x0000000085600000, 0x0000000085600000, 0x0000000085700000|  0%| F|  |TAMS 0x0000000085600000, 0x0000000085600000| Untracked 
|  87|0x0000000085700000, 0x0000000085700000, 0x0000000085800000|  0%| F|  |TAMS 0x0000000085700000, 0x0000000085700000| Untracked 
|  88|0x0000000085800000, 0x0000000085800000, 0x0000000085900000|  0%| F|  |TAMS 0x0000000085800000, 0x0000000085800000| Untracked 
|  89|0x0000000085900000, 0x0000000085900000, 0x0000000085a00000|  0%| F|  |TAMS 0x0000000085900000, 0x0000000085900000| Untracked 
|  90|0x0000000085a00000, 0x0000000085a00000, 0x0000000085b00000|  0%| F|  |TAMS 0x0000000085a00000, 0x0000000085a00000| Untracked 
|  91|0x0000000085b00000, 0x0000000085b00000, 0x0000000085c00000|  0%| F|  |TAMS 0x0000000085b00000, 0x0000000085b00000| Untracked 
|  92|0x0000000085c00000, 0x0000000085c00000, 0x0000000085d00000|  0%| F|  |TAMS 0x0000000085c00000, 0x0000000085c00000| Untracked 
|  93|0x0000000085d00000, 0x0000000085d00000, 0x0000000085e00000|  0%| F|  |TAMS 0x0000000085d00000, 0x0000000085d00000| Untracked 
|  94|0x0000000085e00000, 0x0000000085e00000, 0x0000000085f00000|  0%| F|  |TAMS 0x0000000085e00000, 0x0000000085e00000| Untracked 
|  95|0x0000000085f00000, 0x0000000085f00000, 0x0000000086000000|  0%| F|  |TAMS 0x0000000085f00000, 0x0000000085f00000| Untracked 
|  96|0x0000000086000000, 0x0000000086000000, 0x0000000086100000|  0%| F|  |TAMS 0x0000000086000000, 0x0000000086000000| Untracked 
|  97|0x0000000086100000, 0x0000000086100000, 0x0000000086200000|  0%| F|  |TAMS 0x0000000086100000, 0x0000000086100000| Untracked 
|  98|0x0000000086200000, 0x0000000086200000, 0x0000000086300000|  0%| F|  |TAMS 0x0000000086200000, 0x0000000086200000| Untracked 
|  99|0x0000000086300000, 0x0000000086300000, 0x0000000086400000|  0%| F|  |TAMS 0x0000000086300000, 0x0000000086300000| Untracked 
| 100|0x0000000086400000, 0x0000000086400000, 0x0000000086500000|  0%| F|  |TAMS 0x0000000086400000, 0x0000000086400000| Untracked 
| 101|0x0000000086500000, 0x0000000086500000, 0x0000000086600000|  0%| F|  |TAMS 0x0000000086500000, 0x0000000086500000| Untracked 
| 102|0x0000000086600000, 0x0000000086600000, 0x0000000086700000|  0%| F|  |TAMS 0x0000000086600000, 0x0000000086600000| Untracked 
| 103|0x0000000086700000, 0x0000000086700000, 0x0000000086800000|  0%| F|  |TAMS 0x0000000086700000, 0x0000000086700000| Untracked 
| 104|0x0000000086800000, 0x0000000086800000, 0x0000000086900000|  0%| F|  |TAMS 0x0000000086800000, 0x0000000086800000| Untracked 
| 105|0x0000000086900000, 0x0000000086900000, 0x0000000086a00000|  0%| F|  |TAMS 0x0000000086900000, 0x0000000086900000| Untracked 
| 106|0x0000000086a00000, 0x0000000086a00000, 0x0000000086b00000|  0%| F|  |TAMS 0x0000000086a00000, 0x0000000086a00000| Untracked 
| 107|0x0000000086b00000, 0x0000000086c00000, 0x0000000086c00000|100%| E|  |TAMS 0x0000000086b00000, 0x0000000086b00000| Complete 
| 108|0x0000000086c00000, 0x0000000086d00000, 0x0000000086d00000|100%| E|CS|TAMS 0x0000000086c00000, 0x0000000086c00000| Complete 
| 109|0x0000000086d00000, 0x0000000086e00000, 0x0000000086e00000|100%| E|CS|TAMS 0x0000000086d00000, 0x0000000086d00000| Complete 
| 110|0x0000000086e00000, 0x0000000086f00000, 0x0000000086f00000|100%| E|CS|TAMS 0x0000000086e00000, 0x0000000086e00000| Complete 
| 111|0x0000000086f00000, 0x0000000087000000, 0x0000000087000000|100%| E|CS|TAMS 0x0000000086f00000, 0x0000000086f00000| Complete 
| 112|0x0000000087000000, 0x0000000087100000, 0x0000000087100000|100%| E|CS|TAMS 0x0000000087000000, 0x0000000087000000| Complete 
| 113|0x0000000087100000, 0x0000000087200000, 0x0000000087200000|100%| E|CS|TAMS 0x0000000087100000, 0x0000000087100000| Complete 
| 114|0x0000000087200000, 0x0000000087300000, 0x0000000087300000|100%| E|CS|TAMS 0x0000000087200000, 0x0000000087200000| Complete 
| 115|0x0000000087300000, 0x0000000087400000, 0x0000000087400000|100%| E|CS|TAMS 0x0000000087300000, 0x0000000087300000| Complete 
| 116|0x0000000087400000, 0x0000000087500000, 0x0000000087500000|100%| E|CS|TAMS 0x0000000087400000, 0x0000000087400000| Complete 
| 117|0x0000000087500000, 0x0000000087600000, 0x0000000087600000|100%| E|CS|TAMS 0x0000000087500000, 0x0000000087500000| Complete 
| 118|0x0000000087600000, 0x0000000087700000, 0x0000000087700000|100%| E|CS|TAMS 0x0000000087600000, 0x0000000087600000| Complete 
| 119|0x0000000087700000, 0x0000000087800000, 0x0000000087800000|100%| E|CS|TAMS 0x0000000087700000, 0x0000000087700000| Complete 
| 120|0x0000000087800000, 0x0000000087900000, 0x0000000087900000|100%| E|CS|TAMS 0x0000000087800000, 0x0000000087800000| Complete 
| 121|0x0000000087900000, 0x0000000087a00000, 0x0000000087a00000|100%| E|CS|TAMS 0x0000000087900000, 0x0000000087900000| Complete 
| 122|0x0000000087a00000, 0x0000000087b00000, 0x0000000087b00000|100%| E|CS|TAMS 0x0000000087a00000, 0x0000000087a00000| Complete 
| 123|0x0000000087b00000, 0x0000000087c00000, 0x0000000087c00000|100%| E|CS|TAMS 0x0000000087b00000, 0x0000000087b00000| Complete 
| 124|0x0000000087c00000, 0x0000000087d00000, 0x0000000087d00000|100%| E|CS|TAMS 0x0000000087c00000, 0x0000000087c00000| Complete 
| 125|0x0000000087d00000, 0x0000000087e00000, 0x0000000087e00000|100%| E|CS|TAMS 0x0000000087d00000, 0x0000000087d00000| Complete 
| 126|0x0000000087e00000, 0x0000000087f00000, 0x0000000087f00000|100%| E|CS|TAMS 0x0000000087e00000, 0x0000000087e00000| Complete 
| 127|0x0000000087f00000, 0x0000000088000000, 0x0000000088000000|100%| E|CS|TAMS 0x0000000087f00000, 0x0000000087f00000| Complete 
| 128|0x0000000088000000, 0x0000000088100000, 0x0000000088100000|100%| E|CS|TAMS 0x0000000088000000, 0x0000000088000000| Complete 
| 129|0x0000000088100000, 0x0000000088200000, 0x0000000088200000|100%| E|CS|TAMS 0x0000000088100000, 0x0000000088100000| Complete 
| 130|0x0000000088200000, 0x0000000088300000, 0x0000000088300000|100%| E|CS|TAMS 0x0000000088200000, 0x0000000088200000| Complete 
| 131|0x0000000088300000, 0x0000000088400000, 0x0000000088400000|100%| E|CS|TAMS 0x0000000088300000, 0x0000000088300000| Complete 
| 132|0x0000000088400000, 0x0000000088500000, 0x0000000088500000|100%| E|CS|TAMS 0x0000000088400000, 0x0000000088400000| Complete 
| 133|0x0000000088500000, 0x0000000088600000, 0x0000000088600000|100%| E|CS|TAMS 0x0000000088500000, 0x0000000088500000| Complete 

Card table byte_map: [0x000001a773f00000,0x000001a774300000] _byte_map_base: 0x000001a773b00000

Marking Bits (Prev, Next): (CMBitMap*) 0x000001a76104bf58, (CMBitMap*) 0x000001a76104bf90
 Prev Bits: [0x000001a774700000, 0x000001a776700000)
 Next Bits: [0x000001a776700000, 0x000001a778700000)

Polling page: 0x000001a75f170000

Metaspace:

Usage:
  Non-class:     46.81 MB capacity,    46.01 MB ( 98%) used,   681.44 KB (  1%) free+waste,   140.69 KB ( <1%) overhead. 
      Class:      7.18 MB capacity,     6.69 MB ( 93%) used,   432.51 KB (  6%) free+waste,    66.81 KB ( <1%) overhead. 
       Both:     53.99 MB capacity,    52.70 MB ( 98%) used,     1.09 MB (  2%) free+waste,   207.50 KB ( <1%) overhead. 

Virtual space:
  Non-class space:       48.00 MB reserved,      47.00 MB ( 98%) committed 
      Class space:        1.00 GB reserved,       7.25 MB ( <1%) committed 
             Both:        1.05 GB reserved,      54.25 MB (  5%) committed 

Chunk freelists:
   Non-Class:  1.00 KB
       Class:  7.00 KB
        Both:  8.00 KB

MaxMetaspaceSize: 17179869184.00 GB
CompressedClassSpaceSize: 1.00 GB

CodeHeap 'non-profiled nmethods': size=120064Kb used=3150Kb max_used=3150Kb free=116913Kb
 bounds [0x000001a76c5c0000, 0x000001a76c8e0000, 0x000001a773b00000]
CodeHeap 'profiled nmethods': size=120000Kb used=11554Kb max_used=11554Kb free=108446Kb
 bounds [0x000001a765090000, 0x000001a765be0000, 0x000001a76c5c0000]
CodeHeap 'non-nmethods': size=5696Kb used=2223Kb max_used=2260Kb free=3472Kb
 bounds [0x000001a764b00000, 0x000001a764d70000, 0x000001a765090000]
 total_blobs=6469 nmethods=5656 adapters=725
 compilation: enabled
              stopped_count=0, restarted_count=0
 full_count=0

Compilation events (20 events):
Event: 16.826 Thread 0x000001a77ac00000 nmethod 5674 0x000001a765bcfc90 code [0x000001a765bd01e0, 0x000001a765bd30f8]
Event: 16.826 Thread 0x000001a77ac00000 5675       3       com.google.common.collect.ImmutableMap$Builder::build (21 bytes)
Event: 16.826 Thread 0x000001a77ac00000 nmethod 5675 0x000001a765bd3c10 code [0x000001a765bd3de0, 0x000001a765bd3fd8]
Event: 16.826 Thread 0x000001a77ac00000 5676       3       com.google.common.collect.ImmutableMap$Builder::sortEntries (156 bytes)
Event: 16.828 Thread 0x000001a77ac00000 nmethod 5676 0x000001a765bd4090 code [0x000001a765bd43c0, 0x000001a765bd5b58]
Event: 16.828 Thread 0x000001a77ac00000 5677       3       java.lang.reflect.AccessibleObject::verifyAccess (84 bytes)
Event: 16.828 Thread 0x000001a77abf7000 5679       4       org.objectweb.asm.Label::resolve (219 bytes)
Event: 16.829 Thread 0x000001a77ac00000 nmethod 5677 0x000001a765bd6290 code [0x000001a765bd6480, 0x000001a765bd6aa8]
Event: 16.829 Thread 0x000001a77ac00000 5678       3       java.lang.reflect.AccessibleObject::slowVerifyAccess (62 bytes)
Event: 16.830 Thread 0x000001a77ac00000 nmethod 5678 0x000001a765bd6c10 code [0x000001a765bd6e20, 0x000001a765bd7578]
Event: 16.832 Thread 0x000001a77ac00000 5682       1       org.gradle.internal.instantiation.generator.AbstractClassGenerator$MethodMetadata::getGenericReturnType (5 bytes)
Event: 16.832 Thread 0x000001a77ac00000 nmethod 5682 0x000001a76c8d3010 code [0x000001a76c8d31c0, 0x000001a76c8d3278]
Event: 16.834 Thread 0x000001a77abf7000 nmethod 5679 0x000001a76c8d3310 code [0x000001a76c8d34a0, 0x000001a76c8d3718]
Event: 16.835 Thread 0x000001a77abf7000 5680       4       org.objectweb.asm.SymbolTable::addConstantMemberReference (147 bytes)
Event: 16.836 Thread 0x000001a77ac00000 5683       3       java.util.concurrent.atomic.AtomicBoolean::<init> (5 bytes)
Event: 16.836 Thread 0x000001a77ac00000 nmethod 5683 0x000001a765bd7710 code [0x000001a765bd78c0, 0x000001a765bd7a18]
Event: 16.838 Thread 0x000001a77ac00000 5684       3       com.google.common.collect.Sets::newHashSet (8 bytes)
Event: 16.838 Thread 0x000001a77ac00000 nmethod 5684 0x000001a765bd7b10 code [0x000001a765bd7d00, 0x000001a765bd8198]
Event: 16.839 Thread 0x000001a77ac00000 5685       3       java.util.TreeMap::<init> (20 bytes)
Event: 16.840 Thread 0x000001a77ac00000 nmethod 5685 0x000001a765bd8390 code [0x000001a765bd8540, 0x000001a765bd8738]

GC Heap History (20 events):
Event: 2.319 GC heap before
{Heap before GC invocations=2 (full 0):
 garbage-first heap   total 94208K, used 37598K [0x0000000080000000, 0x0000000100000000)
  region size 1024K, 29 young (29696K), 2 survivors (2048K)
 Metaspace       used 11206K, capacity 11508K, committed 11776K, reserved 1060864K
  class space    used 1167K, capacity 1245K, committed 1280K, reserved 1048576K
}
Event: 2.326 GC heap after
{Heap after GC invocations=3 (full 0):
 garbage-first heap   total 94208K, used 12575K [0x0000000080000000, 0x0000000100000000)
  region size 1024K, 4 young (4096K), 4 survivors (4096K)
 Metaspace       used 11206K, capacity 11508K, committed 11776K, reserved 1060864K
  class space    used 1167K, capacity 1245K, committed 1280K, reserved 1048576K
}
Event: 5.112 GC heap before
{Heap before GC invocations=3 (full 0):
 garbage-first heap   total 94208K, used 47391K [0x0000000080000000, 0x0000000100000000)
  region size 1024K, 39 young (39936K), 4 survivors (4096K)
 Metaspace       used 16894K, capacity 17394K, committed 17536K, reserved 1064960K
  class space    used 1940K, capacity 2087K, committed 2176K, reserved 1048576K
}
Event: 5.133 GC heap after
{Heap after GC invocations=4 (full 0):
 garbage-first heap   total 94208K, used 16124K [0x0000000080000000, 0x0000000100000000)
  region size 1024K, 5 young (5120K), 5 survivors (5120K)
 Metaspace       used 16894K, capacity 17394K, committed 17536K, reserved 1064960K
  class space    used 1940K, capacity 2087K, committed 2176K, reserved 1048576K
}
Event: 5.854 GC heap before
{Heap before GC invocations=4 (full 0):
 garbage-first heap   total 94208K, used 46844K [0x0000000080000000, 0x0000000100000000)
  region size 1024K, 36 young (36864K), 5 survivors (5120K)
 Metaspace       used 20591K, capacity 21092K, committed 21248K, reserved 1067008K
  class space    used 2506K, capacity 2690K, committed 2816K, reserved 1048576K
}
Event: 5.868 GC heap after
{Heap after GC invocations=5 (full 0):
 garbage-first heap   total 113664K, used 17524K [0x0000000080000000, 0x0000000100000000)
  region size 1024K, 2 young (2048K), 2 survivors (2048K)
 Metaspace       used 20591K, capacity 21092K, committed 21248K, reserved 1067008K
  class space    used 2506K, capacity 2690K, committed 2816K, reserved 1048576K
}
Event: 7.442 GC heap before
{Heap before GC invocations=6 (full 0):
 garbage-first heap   total 113664K, used 60532K [0x0000000080000000, 0x0000000100000000)
  region size 1024K, 44 young (45056K), 2 survivors (2048K)
 Metaspace       used 24905K, capacity 25507K, committed 25728K, reserved 1071104K
  class space    used 3219K, capacity 3421K, committed 3456K, reserved 1048576K
}
Event: 7.448 GC heap after
{Heap after GC invocations=7 (full 0):
 garbage-first heap   total 113664K, used 18893K [0x0000000080000000, 0x0000000100000000)
  region size 1024K, 3 young (3072K), 3 survivors (3072K)
 Metaspace       used 24905K, capacity 25507K, committed 25728K, reserved 1071104K
  class space    used 3219K, capacity 3421K, committed 3456K, reserved 1048576K
}
Event: 8.901 GC heap before
{Heap before GC invocations=7 (full 0):
 garbage-first heap   total 113664K, used 76237K [0x0000000080000000, 0x0000000100000000)
  region size 1024K, 59 young (60416K), 3 survivors (3072K)
 Metaspace       used 31438K, capacity 32168K, committed 32384K, reserved 1077248K
  class space    used 4171K, capacity 4409K, committed 4480K, reserved 1048576K
}
Event: 8.910 GC heap after
{Heap after GC invocations=8 (full 0):
 garbage-first heap   total 113664K, used 21254K [0x0000000080000000, 0x0000000100000000)
  region size 1024K, 5 young (5120K), 5 survivors (5120K)
 Metaspace       used 31438K, capacity 32168K, committed 32384K, reserved 1077248K
  class space    used 4171K, capacity 4409K, committed 4480K, reserved 1048576K
}
Event: 9.315 GC heap before
{Heap before GC invocations=8 (full 0):
 garbage-first heap   total 113664K, used 31494K [0x0000000080000000, 0x0000000100000000)
  region size 1024K, 16 young (16384K), 5 survivors (5120K)
 Metaspace       used 35057K, capacity 35826K, committed 35840K, reserved 1081344K
  class space    used 4541K, capacity 4864K, committed 4864K, reserved 1048576K
}
Event: 9.333 GC heap after
{Heap after GC invocations=9 (full 0):
 garbage-first heap   total 113664K, used 22927K [0x0000000080000000, 0x0000000100000000)
  region size 1024K, 6 young (6144K), 6 survivors (6144K)
 Metaspace       used 35057K, capacity 35826K, committed 35840K, reserved 1081344K
  class space    used 4541K, capacity 4864K, committed 4864K, reserved 1048576K
}
Event: 10.363 GC heap before
{Heap before GC invocations=10 (full 0):
 garbage-first heap   total 113664K, used 69007K [0x0000000080000000, 0x0000000100000000)
  region size 1024K, 49 young (50176K), 6 survivors (6144K)
 Metaspace       used 38415K, capacity 39315K, committed 39552K, reserved 1083392K
  class space    used 4900K, capacity 5211K, committed 5248K, reserved 1048576K
}
Event: 10.383 GC heap after
{Heap after GC invocations=11 (full 0):
 garbage-first heap   total 113664K, used 26752K [0x0000000080000000, 0x0000000100000000)
  region size 1024K, 6 young (6144K), 6 survivors (6144K)
 Metaspace       used 38415K, capacity 39315K, committed 39552K, reserved 1083392K
  class space    used 4900K, capacity 5211K, committed 5248K, reserved 1048576K
}
Event: 11.281 GC heap before
{Heap before GC invocations=11 (full 0):
 garbage-first heap   total 113664K, used 71808K [0x0000000080000000, 0x0000000100000000)
  region size 1024K, 50 young (51200K), 6 survivors (6144K)
 Metaspace       used 42492K, capacity 43512K, committed 43648K, reserved 1087488K
  class space    used 5393K, capacity 5752K, committed 5760K, reserved 1048576K
}
Event: 11.296 GC heap after
{Heap after GC invocations=12 (full 0):
 garbage-first heap   total 113664K, used 28320K [0x0000000080000000, 0x0000000100000000)
  region size 1024K, 3 young (3072K), 3 survivors (3072K)
 Metaspace       used 42492K, capacity 43512K, committed 43648K, reserved 1087488K
  class space    used 5393K, capacity 5752K, committed 5760K, reserved 1048576K
}
Event: 13.491 GC heap before
{Heap before GC invocations=12 (full 0):
 garbage-first heap   total 113664K, used 75424K [0x0000000080000000, 0x0000000100000000)
  region size 1024K, 49 young (50176K), 3 survivors (3072K)
 Metaspace       used 45974K, capacity 47140K, committed 47360K, reserved 1089536K
  class space    used 5880K, capacity 6300K, committed 6400K, reserved 1048576K
}
Event: 13.502 GC heap after
{Heap after GC invocations=13 (full 0):
 garbage-first heap   total 137216K, used 30526K [0x0000000080000000, 0x0000000100000000)
  region size 1024K, 5 young (5120K), 5 survivors (5120K)
 Metaspace       used 45974K, capacity 47140K, committed 47360K, reserved 1089536K
  class space    used 5880K, capacity 6300K, committed 6400K, reserved 1048576K
}
Event: 16.015 GC heap before
{Heap before GC invocations=13 (full 0):
 garbage-first heap   total 137216K, used 100158K [0x0000000080000000, 0x0000000100000000)
  region size 1024K, 66 young (67584K), 5 survivors (5120K)
 Metaspace       used 50004K, capacity 51321K, committed 51456K, reserved 1093632K
  class space    used 6365K, capacity 6843K, committed 6912K, reserved 1048576K
}
Event: 16.031 GC heap after
{Heap after GC invocations=14 (full 0):
 garbage-first heap   total 137216K, used 47079K [0x0000000080000000, 0x0000000100000000)
  region size 1024K, 9 young (9216K), 9 survivors (9216K)
 Metaspace       used 50004K, capacity 51321K, committed 51456K, reserved 1093632K
  class space    used 6365K, capacity 6843K, committed 6912K, reserved 1048576K
}

Deoptimization events (20 events):
Event: 15.929 Thread 0x000001a77d8ba800 Uncommon trap: trap_request=0xffffff4d fr.pc=0x000001a76c784b78 relative=0x0000000000005cb8
Event: 15.930 Thread 0x000001a77d8ba800 Uncommon trap: reason=unstable_if action=reinterpret pc=0x000001a76c784b78 method=org.objectweb.asm.Frame.execute(IILorg/objectweb/asm/Symbol;Lorg/objectweb/asm/SymbolTable;)V @ 1 c2
Event: 15.930 Thread 0x000001a77d8ba800 DEOPT PACKING pc=0x000001a76c784b78 sp=0x000000405a5f7fd0
Event: 15.930 Thread 0x000001a77d8ba800 DEOPT UNPACKING pc=0x000001a764b26a29 sp=0x000000405a5f7f78 mode 2
Event: 15.974 Thread 0x000001a77d8ba800 Uncommon trap: trap_request=0xffffff45 fr.pc=0x000001a76c6f2274 relative=0x0000000000000214
Event: 15.974 Thread 0x000001a77d8ba800 Uncommon trap: reason=unstable_fused_if action=reinterpret pc=0x000001a76c6f2274 method=org.objectweb.asm.ByteVector.putUTF8(Ljava/lang/String;)Lorg/objectweb/asm/ByteVector; @ 93 c2
Event: 15.974 Thread 0x000001a77d8ba800 DEOPT PACKING pc=0x000001a76c6f2274 sp=0x000000405a5f8110
Event: 15.974 Thread 0x000001a77d8ba800 DEOPT UNPACKING pc=0x000001a764b26a29 sp=0x000000405a5f8090 mode 2
Event: 15.979 Thread 0x000001a77d8ba800 Uncommon trap: trap_request=0xffffffde fr.pc=0x000001a76c84eabc relative=0x00000000000003dc
Event: 15.979 Thread 0x000001a77d8ba800 Uncommon trap: reason=class_check action=maybe_recompile pc=0x000001a76c84eabc method=com.google.common.collect.RegularImmutableMap.get([I[Ljava/lang/Object;IILjava/lang/Object;)Ljava/lang/Object; @ 17 c2
Event: 15.979 Thread 0x000001a77d8ba800 DEOPT PACKING pc=0x000001a76c84eabc sp=0x000000405a5f7c60
Event: 15.979 Thread 0x000001a77d8ba800 DEOPT UNPACKING pc=0x000001a764b26a29 sp=0x000000405a5f7c00 mode 2
Event: 15.980 Thread 0x000001a77d8ba800 Uncommon trap: trap_request=0xffffff4d fr.pc=0x000001a76c84ebb0 relative=0x00000000000004d0
Event: 15.980 Thread 0x000001a77d8ba800 Uncommon trap: reason=unstable_if action=reinterpret pc=0x000001a76c84ebb0 method=com.google.common.collect.RegularImmutableMap.get([I[Ljava/lang/Object;IILjava/lang/Object;)Ljava/lang/Object; @ 34 c2
Event: 15.980 Thread 0x000001a77d8ba800 DEOPT PACKING pc=0x000001a76c84ebb0 sp=0x000000405a5f7cb0
Event: 15.980 Thread 0x000001a77d8ba800 DEOPT UNPACKING pc=0x000001a764b26a29 sp=0x000000405a5f7c58 mode 2
Event: 16.800 Thread 0x000001a77d8ba800 Uncommon trap: trap_request=0xffffff4d fr.pc=0x000001a76c8cefa0 relative=0x0000000000000420
Event: 16.800 Thread 0x000001a77d8ba800 Uncommon trap: reason=unstable_if action=reinterpret pc=0x000001a76c8cefa0 method=org.gradle.internal.instantiation.generator.AbstractClassGenerator$InjectionAnnotationValidator.validateMethod(Ljava/lang/reflect/Method;Lorg/gradle/internal/reflect/Propert
Event: 16.800 Thread 0x000001a77d8ba800 DEOPT PACKING pc=0x000001a76c8cefa0 sp=0x000000405a5f7d60
Event: 16.800 Thread 0x000001a77d8ba800 DEOPT UNPACKING pc=0x000001a764b26a29 sp=0x000000405a5f7d28 mode 2

Classes redefined (0 events):
No events

Internal exceptions (20 events):
Event: 15.429 Thread 0x000001a77cf87800 Exception <a 'java/lang/NoSuchMethodError'{0x0000000085ba5fb8}: <clinit>> (0x0000000085ba5fb8) thrown at [./src/hotspot/share/prims/jni.cpp, line 1362]
Event: 15.429 Thread 0x000001a77cf87800 Exception <a 'java/lang/NoSuchMethodError'{0x0000000085ba72c0}: <clinit>> (0x0000000085ba72c0) thrown at [./src/hotspot/share/prims/jni.cpp, line 1362]
Event: 15.429 Thread 0x000001a77cf87800 Exception <a 'java/lang/NoSuchMethodError'{0x0000000085ba82e0}: <clinit>> (0x0000000085ba82e0) thrown at [./src/hotspot/share/prims/jni.cpp, line 1362]
Event: 15.431 Thread 0x000001a77cf87800 Exception <a 'java/lang/NoSuchMethodError'{0x0000000085bb2678}: <clinit>> (0x0000000085bb2678) thrown at [./src/hotspot/share/prims/jni.cpp, line 1362]
Event: 15.432 Thread 0x000001a77cf87800 Exception <a 'java/lang/NoSuchMethodError'{0x0000000085bbcd70}: <clinit>> (0x0000000085bbcd70) thrown at [./src/hotspot/share/prims/jni.cpp, line 1362]
Event: 15.438 Thread 0x000001a77cf87800 Exception <a 'java/lang/NoSuchMethodError'{0x0000000085bd1060}: <clinit>> (0x0000000085bd1060) thrown at [./src/hotspot/share/prims/jni.cpp, line 1362]
Event: 15.512 Thread 0x000001a77d8ba800 Implicit null exception at 0x000001a76c86ed32 to 0x000001a76c86ef30
Event: 15.530 Thread 0x000001a77d8ba800 Exception <a 'java/lang/ClassNotFoundException'{0x0000000085a1f8e8}: build_5v8auhxzd7d27lhodvncj7461BeanInfo> (0x0000000085a1f8e8) thrown at [./src/hotspot/share/classfile/systemDictionary.cpp, line 231]
Event: 15.530 Thread 0x000001a77d8ba800 Exception <a 'java/lang/ClassNotFoundException'{0x0000000085a2a810}: build_5v8auhxzd7d27lhodvncj7461Customizer> (0x0000000085a2a810) thrown at [./src/hotspot/share/classfile/systemDictionary.cpp, line 231]
Event: 15.570 Thread 0x000001a77d8ba800 Exception <a 'java/lang/ClassNotFoundException'{0x0000000085aaad48}: org/gradle/plugin/use/internal/PluginRequestCollector$PluginDependenciesSpecImplBeanInfo> (0x0000000085aaad48) thrown at [./src/hotspot/share/classfile/systemDictionary.cpp, line 231]
Event: 15.571 Thread 0x000001a77d8ba800 Exception <a 'java/lang/ClassNotFoundException'{0x0000000085ad8bf8}: org/gradle/plugin/use/internal/PluginRequestCollector$PluginDependenciesSpecImplCustomizer> (0x0000000085ad8bf8) thrown at [./src/hotspot/share/classfile/systemDictionary.cpp, line 231]
Event: 15.634 Thread 0x000001a77d8ba800 Exception <a 'java/lang/ClassNotFoundException'{0x00000000857baf50}: org/gradle/api/internal/plugins/DefaultObjectConfigurationActionBeanInfo> (0x00000000857baf50) thrown at [./src/hotspot/share/classfile/systemDictionary.cpp, line 231]
Event: 15.649 Thread 0x000001a77d8ba800 Exception <a 'java/lang/ClassNotFoundException'{0x00000000857ef928}: org/gradle/api/internal/plugins/DefaultObjectConfigurationActionCustomizer> (0x00000000857ef928) thrown at [./src/hotspot/share/classfile/systemDictionary.cpp, line 231]
Event: 15.913 Thread 0x000001a77d8ba800 Exception <a 'java/lang/NoSuchMethodError'{0x0000000084ddba08}: 'java.lang.Object java.lang.invoke.DirectMethodHandle$Holder.invokeStatic(java.lang.Object, java.lang.Object, java.lang.Object, java.lang.Object, int)'> (0x0000000084ddba08) thrown at [./src/hotspot/share/interpreter/linkResolver.cpp, line 773]
Event: 15.913 Thread 0x000001a77d8ba800 Exception <a 'java/lang/NoSuchMethodError'{0x0000000084de0400}: 'java.lang.Object java.lang.invoke.DirectMethodHandle$Holder.invokeSpecial(java.lang.Object, java.lang.Object, java.lang.Object, java.lang.Object, java.lang.Object, int)'> (0x0000000084de0400) thrown at [./src/hotspot/share/interpreter/linkResolver.cpp, line 773]
Event: 15.913 Thread 0x000001a77d8ba800 Exception <a 'java/lang/NoSuchMethodError'{0x0000000084de4a40}: 'java.lang.Object java.lang.invoke.Invokers$Holder.linkToTargetMethod(java.lang.Object, java.lang.Object, java.lang.Object, int, java.lang.Object)'> (0x0000000084de4a40) thrown at [./src/hotspot/share/interpreter/linkResolver.cpp, line 773]
Event: 15.980 Thread 0x000001a77d8ba800 Implicit null exception at 0x000001a76c84e713 to 0x000001a76c84eb9c
Event: 16.363 Thread 0x000001a77d8ba800 Exception <a 'java/lang/NoSuchMethodError'{0x0000000087b92600}: 'java.lang.Object java.lang.invoke.DirectMethodHandle$Holder.invokeSpecial(java.lang.Object, java.lang.Object, int, int, java.lang.Object, java.lang.Object, java.lang.Object)'> (0x0000000087b92600) thrown at [./src/hotspot/share/interpreter/linkResolver.cpp, line 773]
Event: 16.364 Thread 0x000001a77d8ba800 Exception <a 'java/lang/NoSuchMethodError'{0x0000000087b96b80}: 'java.lang.Object java.lang.invoke.DelegatingMethodHandle$Holder.reinvoke_L(java.lang.Object, int, int, java.lang.Object, java.lang.Object, java.lang.Object)'> (0x0000000087b96b80) thrown at [./src/hotspot/share/interpreter/linkResolver.cpp, line 773]
Event: 16.776 Thread 0x000001a77d8ba800 Exception <a 'java/lang/NoSuchMethodError'{0x0000000086f7b030}: 'int java.lang.invoke.DirectMethodHandle$Holder.invokeInterface(java.lang.Object, java.lang.Object, java.lang.Object, java.lang.Object)'> (0x0000000086f7b030) thrown at [./src/hotspot/share/interpreter/linkResolver.cpp, line 773]

Events (20 events):
Event: 16.849 loading class com/google/protobuf/AbstractMessage$Builder
Event: 16.849 loading class com/google/protobuf/AbstractMessage$Builder done
Event: 16.850 loading class com/google/protobuf/Message$Builder
Event: 16.850 loading class com/google/protobuf/Message$Builder done
Event: 16.851 loading class com/google/protobuf/MessageLite$Builder
Event: 16.851 loading class com/google/protobuf/MessageLite$Builder done
Event: 16.852 loading class com/google/protobuf/AbstractMessageLite$Builder
Event: 16.852 loading class com/google/protobuf/AbstractMessageLite$Builder done
Event: 16.854 loading class com/google/wireless/android/sdk/stats/GradleBuildProfileSpan$ExecutionType
Event: 16.854 loading class com/google/wireless/android/sdk/stats/GradleBuildProfileSpan$ExecutionType done
Event: 16.857 loading class com/android/builder/profile/Recorder$VoidBlock
Event: 16.857 loading class com/android/builder/profile/Recorder$VoidBlock done
Event: 16.858 loading class com/google/wireless/android/sdk/stats/GradleBuildVariant$Builder
Event: 16.858 loading class com/google/wireless/android/sdk/stats/GradleBuildVariant$Builder done
Event: 16.862 loading class com/google/wireless/android/sdk/stats/GradleBuildVariantOrBuilder
Event: 16.862 loading class com/google/wireless/android/sdk/stats/GradleBuildVariantOrBuilder done
Event: 16.866 loading class com/android/build/gradle/internal/profile/AnalyticsResourceManager
Event: 16.866 loading class com/android/build/gradle/internal/profile/AnalyticsResourceManager done
Event: 16.868 loading class com/android/build/gradle/internal/profile/AnalyticsConfiguratorService$State
Event: 16.868 loading class com/android/build/gradle/internal/profile/AnalyticsConfiguratorService$State done


Dynamic libraries:
0x00007ff7b8280000 - 0x00007ff7b828a000 	C:\Program Files\Android\Android Studio\jre\bin\java.exe
0x00007ffeff090000 - 0x00007ffeff285000 	C:\Windows\SYSTEM32\ntdll.dll
0x00007ffefe8d0000 - 0x00007ffefe98e000 	C:\Windows\System32\KERNEL32.DLL
0x00007ffefce10000 - 0x00007ffefd0d9000 	C:\Windows\System32\KERNELBASE.dll
0x00007ffefc7b0000 - 0x00007ffefc8b0000 	C:\Windows\System32\ucrtbase.dll
0x00007ffef25c0000 - 0x00007ffef25d7000 	C:\Program Files\Android\Android Studio\jre\bin\VCRUNTIME140.dll
0x00007ffef25e0000 - 0x00007ffef25f9000 	C:\Program Files\Android\Android Studio\jre\bin\jli.dll
0x00007ffefee10000 - 0x00007ffefefb1000 	C:\Windows\System32\USER32.dll
0x00007ffef12b0000 - 0x00007ffef154a000 	C:\Windows\WinSxS\amd64_microsoft.windows.common-controls_6595b64144ccf1df_6.0.19041.1110_none_60b5254171f9507e\COMCTL32.dll
0x00007ffefccd0000 - 0x00007ffefccf2000 	C:\Windows\System32\win32u.dll
0x00007ffefe7d0000 - 0x00007ffefe86e000 	C:\Windows\System32\msvcrt.dll
0x00007ffefd610000 - 0x00007ffefd63b000 	C:\Windows\System32\GDI32.dll
0x00007ffefcd00000 - 0x00007ffefce0b000 	C:\Windows\System32\gdi32full.dll
0x00007ffefc960000 - 0x00007ffefc9fd000 	C:\Windows\System32\msvcp_win.dll
0x00007ffefdae0000 - 0x00007ffefdb10000 	C:\Windows\System32\IMM32.DLL
0x00007ffec9290000 - 0x00007ffec932d000 	C:\Program Files\Android\Android Studio\jre\bin\msvcp140.dll
0x00007ffea32c0000 - 0x00007ffea3d8f000 	C:\Program Files\Android\Android Studio\jre\bin\server\jvm.dll
0x00007ffefd0e0000 - 0x00007ffefd18c000 	C:\Windows\System32\ADVAPI32.dll
0x00007ffefed70000 - 0x00007ffefee0b000 	C:\Windows\System32\sechost.dll
0x00007ffefd9b0000 - 0x00007ffefdada000 	C:\Windows\System32\RPCRT4.dll
0x00007ffefd930000 - 0x00007ffefd938000 	C:\Windows\System32\PSAPI.DLL
0x00007ffef9fe0000 - 0x00007ffef9fe9000 	C:\Windows\SYSTEM32\WSOCK32.dll
0x00007ffefeb60000 - 0x00007ffefebcb000 	C:\Windows\System32\WS2_32.dll
0x00007ffedf9f0000 - 0x00007ffedfa17000 	C:\Windows\SYSTEM32\WINMM.dll
0x00007ffef1bb0000 - 0x00007ffef1bba000 	C:\Windows\SYSTEM32\VERSION.dll
0x00007ffefa6d0000 - 0x00007ffefa6e2000 	C:\Windows\SYSTEM32\kernel.appcore.dll
0x00007ffef2770000 - 0x00007ffef2781000 	C:\Program Files\Android\Android Studio\jre\bin\verify.dll
0x00007ffed8200000 - 0x00007ffed83e4000 	C:\Windows\SYSTEM32\DBGHELP.DLL
0x00007ffeda140000 - 0x00007ffeda16c000 	C:\Windows\SYSTEM32\dbgcore.DLL
0x00007ffefca80000 - 0x00007ffefcb03000 	C:\Windows\System32\bcryptPrimitives.dll
0x00007ffef1650000 - 0x00007ffef1679000 	C:\Program Files\Android\Android Studio\jre\bin\java.dll
0x00007ffef7ad0000 - 0x00007ffef7adb000 	C:\Program Files\Android\Android Studio\jre\bin\jimage.dll
0x00007ffef2710000 - 0x00007ffef2728000 	C:\Program Files\Android\Android Studio\jre\bin\zip.dll
0x00007ffefe090000 - 0x00007ffefe7cf000 	C:\Windows\System32\SHELL32.dll
0x00007ffefa8d0000 - 0x00007ffefb060000 	C:\Windows\SYSTEM32\windows.storage.dll
0x00007ffefdc00000 - 0x00007ffefdf55000 	C:\Windows\System32\combase.dll
0x00007ffefc130000 - 0x00007ffefc15c000 	C:\Windows\SYSTEM32\Wldp.dll
0x00007ffefd7f0000 - 0x00007ffefd89d000 	C:\Windows\System32\SHCORE.dll
0x00007ffefecb0000 - 0x00007ffefed05000 	C:\Windows\System32\shlwapi.dll
0x00007ffefc6f0000 - 0x00007ffefc70f000 	C:\Windows\SYSTEM32\profapi.dll
0x00007ffef25a0000 - 0x00007ffef25ba000 	C:\Program Files\Android\Android Studio\jre\bin\net.dll
0x00007ffef4490000 - 0x00007ffef4598000 	C:\Windows\SYSTEM32\WINHTTP.dll
0x00007ffefbe90000 - 0x00007ffefbefa000 	C:\Windows\system32\mswsock.dll
0x00007ffef11f0000 - 0x00007ffef1204000 	C:\Program Files\Android\Android Studio\jre\bin\nio.dll
0x00007ffedf3e0000 - 0x00007ffedf407000 	C:\Users\MARIA TERESA\.gradle\native\8bec1ad78214c89d9ad589b4d07fe93259594b29d510b10fafb7a158f7737e5d\windows-amd64\native-platform.dll
0x00007ffecd090000 - 0x00007ffecd1cd000 	C:\Users\MARIA TERESA\.gradle\native\53dbd7edfb1c66fb8903c78663c9afc45aea4f116125fa6feffd364cf09443e8\windows-amd64\native-platform-file-events.dll
0x00007ffef7520000 - 0x00007ffef752a000 	C:\Program Files\Android\Android Studio\jre\bin\management.dll
0x00007ffef7510000 - 0x00007ffef751c000 	C:\Program Files\Android\Android Studio\jre\bin\management_ext.dll
0x00007ffefc080000 - 0x00007ffefc098000 	C:\Windows\SYSTEM32\CRYPTSP.dll
0x00007ffefb810000 - 0x00007ffefb844000 	C:\Windows\system32\rsaenh.dll
0x00007ffefca00000 - 0x00007ffefca27000 	C:\Windows\System32\bcrypt.dll
0x00007ffefc6b0000 - 0x00007ffefc6de000 	C:\Windows\SYSTEM32\USERENV.dll
0x00007ffefc0a0000 - 0x00007ffefc0ac000 	C:\Windows\SYSTEM32\CRYPTBASE.dll
0x00007ffefbb80000 - 0x00007ffefbbbb000 	C:\Windows\SYSTEM32\IPHLPAPI.DLL
0x00007ffefd9a0000 - 0x00007ffefd9a8000 	C:\Windows\System32\NSI.dll
0x00007ffef6c00000 - 0x00007ffef6c17000 	C:\Windows\SYSTEM32\dhcpcsvc6.DLL
0x00007ffef6bc0000 - 0x00007ffef6bdd000 	C:\Windows\SYSTEM32\dhcpcsvc.DLL
0x00007ffefbbc0000 - 0x00007ffefbc8c000 	C:\Windows\SYSTEM32\DNSAPI.dll

dbghelp: loaded successfully - version: 4.0.5 - missing functions: none
symbol engine: initialized successfully - sym options: 0x614 - pdb path: .;C:\Program Files\Android\Android Studio\jre\bin;C:\Windows\SYSTEM32;C:\Windows\WinSxS\amd64_microsoft.windows.common-controls_6595b64144ccf1df_6.0.19041.1110_none_60b5254171f9507e;C:\Program Files\Android\Android Studio\jre\bin\server;C:\Users\MARIA TERESA\.gradle\native\8bec1ad78214c89d9ad589b4d07fe93259594b29d510b10fafb7a158f7737e5d\windows-amd64;C:\Users\MARIA TERESA\.gradle\native\53dbd7edfb1c66fb8903c78663c9afc45aea4f116125fa6feffd364cf09443e8\windows-amd64

VM Arguments:
jvm_args: --add-opens=java.base/java.util=ALL-UNNAMED --add-opens=java.base/java.lang=ALL-UNNAMED --add-opens=java.base/java.lang.invoke=ALL-UNNAMED --add-opens=java.base/java.util=ALL-UNNAMED --add-opens=java.prefs/java.util.prefs=ALL-UNNAMED --add-opens=java.prefs/java.util.prefs=ALL-UNNAMED --add-opens=java.base/java.nio.charset=ALL-UNNAMED --add-opens=java.base/java.net=ALL-UNNAMED --add-opens=java.base/java.util.concurrent.atomic=ALL-UNNAMED -Xmx2048m -Dfile.encoding=UTF-8 -Duser.country=CO -Duser.language=es -Duser.variant 
java_command: org.gradle.launcher.daemon.bootstrap.GradleDaemon 7.0.2
java_class_path (initial): C:\Users\MARIA TERESA\.gradle\wrapper\dists\gradle-7.0.2-bin\857tjihv64xamwrf0h14cai3r\gradle-7.0.2\lib\gradle-launcher-7.0.2.jar
Launcher Type: SUN_STANDARD

[Global flags]
     intx CICompilerCount                          = 3                                         {product} {ergonomic}
     uint ConcGCThreads                            = 1                                         {product} {ergonomic}
     uint G1ConcRefinementThreads                  = 4                                         {product} {ergonomic}
   size_t G1HeapRegionSize                         = 1048576                                   {product} {ergonomic}
    uintx GCDrainStackTargetSize                   = 64                                        {product} {ergonomic}
   size_t InitialHeapSize                          = 96468992                                  {product} {ergonomic}
   size_t MarkStackSize                            = 4194304                                   {product} {ergonomic}
   size_t MaxHeapSize                              = 2147483648                                {product} {command line}
   size_t MaxNewSize                               = 1287651328                                {product} {ergonomic}
   size_t MinHeapDeltaBytes                        = 1048576                                   {product} {ergonomic}
    uintx NonNMethodCodeHeapSize                   = 5830732                                {pd product} {ergonomic}
    uintx NonProfiledCodeHeapSize                  = 122913754                              {pd product} {ergonomic}
    uintx ProfiledCodeHeapSize                     = 122913754                              {pd product} {ergonomic}
    uintx ReservedCodeCacheSize                    = 251658240                              {pd product} {ergonomic}
     bool SegmentedCodeCache                       = true                                      {product} {ergonomic}
     bool UseCompressedClassPointers               = true                                 {lp64_product} {ergonomic}
     bool UseCompressedOops                        = true                                 {lp64_product} {ergonomic}
     bool UseG1GC                                  = true                                      {product} {ergonomic}
     bool UseLargePagesIndividualAllocation        = false                                  {pd product} {ergonomic}

Logging:
Log output configuration:
 #0: stdout all=warning uptime,level,tags
 #1: stderr all=off uptime,level,tags

Environment Variables:
PATH=C:\Program Files\Common Files\Oracle\Java\javapath;C:\Program Files\Microsoft MPI\Bin\;C:\Windows\system32;C:\Windows;C:\Windows\System32\Wbem;C:\Windows\System32\WindowsPowerShell\v1.0\;C:\Windows\System32\OpenSSH\;C:\Program Files\Azure Data Studio\bin;C:\Program Files (x86)\Microsoft SQL Server\150\Tools\Binn\;C:\Program Files\Microsoft SQL Server\150\Tools\Binn\;C:\Program Files (x86)\Microsoft SQL Server\150\DTS\Binn\;C:\Program Files\Microsoft SQL Server\150\DTS\Binn\;C:\Program Files\Microsoft SQL Server\Client SDK\ODBC\170\Tools\Binn\;C:\Program Files\dotnet\;C:\Program Files\Git\cmd;C:\Users\MARIA TERESA\AppData\Local\Microsoft\WindowsApps;;C:\Users\MARIA TERESA\AppData\Local\Programs\Microsoft VS Code\bin;C:\Program Files\Azure Data Studio\bin;C:\Users\MARIA TERESA\.dotnet\tools
USERNAME=MARIA TERESA
OS=Windows_NT
PROCESSOR_IDENTIFIER=Intel64 Family 6 Model 37 Stepping 2, GenuineIntel



---------------  S Y S T E M  ---------------

OS: Windows 10 , 64 bit Build 19041 (10.0.19041.1202)
OS uptime: 10 days 0:27 hours

CPU:total 4 (initial active 4) (2 cores per cpu, 2 threads per core) family 6 model 37 stepping 2 microcode 0x11, cmov, cx8, fxsr, mmx, sse, sse2, sse3, ssse3, sse4.1, sse4.2, popcnt, ht, tsc, tscinvbit

Memory: 4k page, system-wide physical 5879M (965M free)
TotalPageFile size 5879M (AvailPageFile size 25M)
current process WorkingSet (physical memory assigned to process): 298M, peak: 298M
current process commit charge ("private bytes"): 338M, peak: 339M

vm_info: OpenJDK 64-Bit Server VM (11.0.10+0-b96-7249189) for windows-amd64 JRE (11.0.10+0-b96-7249189), built on Mar 31 2021 21:44:00 by "builder" with MS VC++ 14.0 (VS2015)

END.
