#
# There is insufficient memory for the Java Runtime Environment to continue.
# Native memory allocation (malloc) failed to allocate 471536 bytes for Chunk::new
# Possible reasons:
#   The system is out of physical RAM or swap space
#   The process is running with CompressedOops enabled, and the Java Heap may be blocking the growth of the native heap
# Possible solutions:
#   Reduce memory load on the system
#   Increase physical memory or swap space
#   Check if swap backing store is full
#   Decrease Java heap size (-Xmx/-Xms)
#   Decrease number of Java threads
#   Decrease Java thread stack sizes (-Xss)
#   Set larger code cache with -XX:ReservedCodeCacheSize=
#   JVM is running with Unscaled Compressed Oops mode in which the Java heap is
#     placed in the first 4GB address space. The Java Heap base address is the
#     maximum limit for the native heap growth. Please use -XX:HeapBaseMinAddress
#     to set the Java Heap base and to place the Java Heap above 4GB virtual address.
# This output file may be truncated or incomplete.
#
#  Out of Memory Error (./src/hotspot/share/memory/arena.cpp:197), pid=11192, tid=10680
#
# JRE version: OpenJDK Runtime Environment (11.0.10) (build 11.0.10+0-b96-7249189)
# Java VM: OpenJDK 64-Bit Server VM (11.0.10+0-b96-7249189, mixed mode, tiered, compressed oops, g1 gc, windows-amd64)
# No core dump will be written. Minidumps are not enabled by default on client versions of Windows
#

---------------  S U M M A R Y ------------

Command Line: --add-opens=java.base/java.util=ALL-UNNAMED --add-opens=java.base/java.lang=ALL-UNNAMED --add-opens=java.base/java.lang.invoke=ALL-UNNAMED --add-opens=java.base/java.util=ALL-UNNAMED --add-opens=java.prefs/java.util.prefs=ALL-UNNAMED --add-opens=java.prefs/java.util.prefs=ALL-UNNAMED --add-opens=java.base/java.nio.charset=ALL-UNNAMED --add-opens=java.base/java.net=ALL-UNNAMED --add-opens=java.base/java.util.concurrent.atomic=ALL-UNNAMED -Xmx2048m -Dfile.encoding=UTF-8 -Duser.country=CO -Duser.language=es -Duser.variant org.gradle.launcher.daemon.bootstrap.GradleDaemon 7.0.2

Host: Intel(R) Core(TM) i3 CPU         540  @ 3.07GHz, 4 cores, 5G,  Windows 10 , 64 bit Build 19041 (10.0.19041.1202)
Time: Fri Nov 12 09:32:02 2021 Hora est. Pacífico, Sudamérica elapsed time: 22.299415 seconds (0d 0h 0m 22s)

---------------  T H R E A D  ---------------

Current thread (0x00000249fc6e0000):  JavaThread "C2 CompilerThread0" daemon [_thread_in_native, id=10680, stack(0x000000e10ed00000,0x000000e10ee00000)]


Current CompileTask:
C2:  22299 7340       4       java.util.regex.Pattern::sequence (645 bytes)

Stack: [0x000000e10ed00000,0x000000e10ee00000]
Native frames: (J=compiled Java code, j=interpreted, Vv=VM code, C=native code)
V  [jvm.dll+0x5ecfaa]
V  [jvm.dll+0x722bd5]
V  [jvm.dll+0x72412d]
V  [jvm.dll+0x7247e3]
V  [jvm.dll+0x242928]
V  [jvm.dll+0xbc4fc]
V  [jvm.dll+0xbca0c]
V  [jvm.dll+0x352d7d]
V  [jvm.dll+0x320ad3]
V  [jvm.dll+0x31ffca]
V  [jvm.dll+0x1fb602]
V  [jvm.dll+0x1fa7f4]
V  [jvm.dll+0x18354c]
V  [jvm.dll+0x208ee7]
V  [jvm.dll+0x207731]
V  [jvm.dll+0x6eb1cf]
V  [jvm.dll+0x6e3d45]
V  [jvm.dll+0x5ebe96]
C  [ucrtbase.dll+0x21bb2]
C  [KERNEL32.DLL+0x17034]
C  [ntdll.dll+0x52651]


---------------  P R O C E S S  ---------------

Threads class SMR info:
_java_thread_list=0x00000249850eb9d0, length=43, elements={
0x00000249e2afb000, 0x00000249fc6d2800, 0x00000249fc6d4000, 0x00000249fc6da000,
0x00000249fc6db000, 0x00000249fc6dd000, 0x00000249fc6e0000, 0x00000249fc6e3000,
0x00000249fc71c800, 0x00000249fd1ab800, 0x00000249fe6b5000, 0x00000249ffa81800,
0x00000249fe940000, 0x00000249feb22800, 0x00000249ff906000, 0x00000249feb6f800,
0x00000249ff324800, 0x00000249ff989000, 0x0000024980aa4800, 0x00000249ff42b000,
0x00000249ff42d800, 0x00000249ff429000, 0x00000249ff42a000, 0x00000249ff42e000,
0x00000249ff42b800, 0x00000249ff42c800, 0x00000249ff428800, 0x00000249ff42f000,
0x00000249ffd0c800, 0x00000249ffd09000, 0x00000249ffd06800, 0x00000249ffd0d000,
0x00000249ffd0a800, 0x00000249ffd07800, 0x00000249ffd0e000, 0x00000249ffd08800,
0x00000249ffd14800, 0x00000249ffd13800, 0x00000249ffd0f000, 0x00000249ffd10800,
0x00000249ffd15800, 0x00000249ffd11000, 0x00000249ffd13000
}

Java Threads: ( => current thread )
  0x00000249e2afb000 JavaThread "main" [_thread_blocked, id=1588, stack(0x000000e10e000000,0x000000e10e100000)]
  0x00000249fc6d2800 JavaThread "Reference Handler" daemon [_thread_blocked, id=924, stack(0x000000e10e800000,0x000000e10e900000)]
  0x00000249fc6d4000 JavaThread "Finalizer" daemon [_thread_blocked, id=5320, stack(0x000000e10e900000,0x000000e10ea00000)]
  0x00000249fc6da000 JavaThread "Signal Dispatcher" daemon [_thread_blocked, id=10348, stack(0x000000e10ea00000,0x000000e10eb00000)]
  0x00000249fc6db000 JavaThread "Attach Listener" daemon [_thread_blocked, id=6648, stack(0x000000e10eb00000,0x000000e10ec00000)]
  0x00000249fc6dd000 JavaThread "Service Thread" daemon [_thread_blocked, id=2280, stack(0x000000e10ec00000,0x000000e10ed00000)]
=>0x00000249fc6e0000 JavaThread "C2 CompilerThread0" daemon [_thread_in_native, id=10680, stack(0x000000e10ed00000,0x000000e10ee00000)]
  0x00000249fc6e3000 JavaThread "C1 CompilerThread0" daemon [_thread_blocked, id=4172, stack(0x000000e10ee00000,0x000000e10ef00000)]
  0x00000249fc71c800 JavaThread "Sweeper thread" daemon [_thread_blocked, id=11120, stack(0x000000e10ef00000,0x000000e10f000000)]
  0x00000249fd1ab800 JavaThread "Common-Cleaner" daemon [_thread_blocked, id=6532, stack(0x000000e10f000000,0x000000e10f100000)]
  0x00000249fe6b5000 JavaThread "Daemon health stats" [_thread_blocked, id=3836, stack(0x000000e10f400000,0x000000e10f500000)]
  0x00000249ffa81800 JavaThread "Incoming local TCP Connector on port 57114" [_thread_in_native, id=10488, stack(0x000000e10f500000,0x000000e10f600000)]
  0x00000249fe940000 JavaThread "Daemon periodic checks" [_thread_blocked, id=4600, stack(0x000000e10f600000,0x000000e10f700000)]
  0x00000249feb22800 JavaThread "Daemon" [_thread_blocked, id=9640, stack(0x000000e10f700000,0x000000e10f800000)]
  0x00000249ff906000 JavaThread "Handler for socket connection from /127.0.0.1:57114 to /127.0.0.1:57115" [_thread_in_native, id=5488, stack(0x000000e10f800000,0x000000e10f900000)]
  0x00000249feb6f800 JavaThread "Cancel handler" [_thread_blocked, id=11116, stack(0x000000e10f900000,0x000000e10fa00000)]
  0x00000249ff324800 JavaThread "Daemon worker" [_thread_in_vm, id=4780, stack(0x000000e10fa00000,0x000000e10fb00000)]
  0x00000249ff989000 JavaThread "Asynchronous log dispatcher for DefaultDaemonConnection: socket connection from /127.0.0.1:57114 to /127.0.0.1:57115" [_thread_blocked, id=8600, stack(0x000000e10fb00000,0x000000e10fc00000)]
  0x0000024980aa4800 JavaThread "Stdin handler" [_thread_blocked, id=2860, stack(0x000000e10fc00000,0x000000e10fd00000)]
  0x00000249ff42b000 JavaThread "Daemon client event forwarder" [_thread_blocked, id=5360, stack(0x000000e10fd00000,0x000000e10fe00000)]
  0x00000249ff42d800 JavaThread "Cache worker for file hash cache (C:\Users\MARIA TERESA\.gradle\caches\7.0.2\fileHashes)" [_thread_blocked, id=9316, stack(0x000000e110000000,0x000000e110100000)]
  0x00000249ff429000 JavaThread "File lock request listener" [_thread_in_native, id=5856, stack(0x000000e110100000,0x000000e110200000)]
  0x00000249ff42a000 JavaThread "Cache worker for journal cache (C:\Users\MARIA TERESA\.gradle\caches\journal-1)" [_thread_blocked, id=2592, stack(0x000000e110200000,0x000000e110300000)]
  0x00000249ff42e000 JavaThread "Cache worker for file hash cache (G:\DOWNLOADS\androidstudioprojects\.gradle\7.0.2\fileHashes)" [_thread_blocked, id=4156, stack(0x000000e110300000,0x000000e110400000)]
  0x00000249ff42b800 JavaThread "File watcher server" daemon [_thread_in_native, id=9708, stack(0x000000e110400000,0x000000e110500000)]
  0x00000249ff42c800 JavaThread "File watcher consumer" daemon [_thread_blocked, id=8388, stack(0x000000e110500000,0x000000e110600000)]
  0x00000249ff428800 JavaThread "Cache worker for checksums cache (G:\DOWNLOADS\androidstudioprojects\.gradle\checksums)" [_thread_blocked, id=2304, stack(0x000000e110600000,0x000000e110700000)]
  0x00000249ff42f000 JavaThread "Cache worker for cache directory md-supplier (C:\Users\MARIA TERESA\.gradle\caches\7.0.2\md-supplier)" [_thread_blocked, id=2200, stack(0x000000e110700000,0x000000e110800000)]
  0x00000249ffd0c800 JavaThread "Cache worker for cache directory md-rule (C:\Users\MARIA TERESA\.gradle\caches\7.0.2\md-rule)" [_thread_blocked, id=6664, stack(0x000000e110800000,0x000000e110900000)]
  0x00000249ffd09000 JavaThread "Cache worker for execution history cache (C:\Users\MARIA TERESA\.gradle\caches\7.0.2\executionHistory)" [_thread_blocked, id=9176, stack(0x000000e110900000,0x000000e110a00000)]
  0x00000249ffd06800 JavaThread "jar transforms" [_thread_blocked, id=8400, stack(0x000000e110a00000,0x000000e110b00000)]
  0x00000249ffd0d000 JavaThread "jar transforms Thread 2" [_thread_blocked, id=7152, stack(0x000000e110b00000,0x000000e110c00000)]
  0x00000249ffd0a800 JavaThread "Cache worker for file content cache (C:\Users\MARIA TERESA\.gradle\caches\7.0.2\fileContent)" [_thread_blocked, id=2556, stack(0x000000e110c00000,0x000000e110d00000)]
  0x00000249ffd07800 JavaThread "Cache worker for dependencies-accessors (G:\DOWNLOADS\androidstudioprojects\.gradle\7.0.2\dependencies-accessors)" [_thread_blocked, id=236, stack(0x000000e110d00000,0x000000e110e00000)]
  0x00000249ffd0e000 JavaThread "jar transforms Thread 3" [_thread_blocked, id=10080, stack(0x000000e110e00000,0x000000e110f00000)]
  0x00000249ffd08800 JavaThread "Cache worker for Build Output Cleanup Cache (G:\DOWNLOADS\androidstudioprojects\.gradle\buildOutputCleanup)" [_thread_blocked, id=1284, stack(0x000000e110f00000,0x000000e111000000)]
  0x00000249ffd14800 JavaThread "Build operations" [_thread_blocked, id=8672, stack(0x000000e111000000,0x000000e111100000)]
  0x00000249ffd13800 JavaThread "Build operations Thread 2" [_thread_blocked, id=9824, stack(0x000000e111100000,0x000000e111200000)]
  0x00000249ffd0f000 JavaThread "Build operations Thread 3" [_thread_blocked, id=1972, stack(0x000000e111200000,0x000000e111300000)]
  0x00000249ffd10800 JavaThread "Build operations Thread 4" [_thread_blocked, id=10184, stack(0x000000e111300000,0x000000e111400000)]
  0x00000249ffd15800 JavaThread "jar transforms Thread 4" [_thread_blocked, id=32, stack(0x000000e111400000,0x000000e111500000)]
  0x00000249ffd11000 JavaThread "Memory manager" [_thread_blocked, id=10248, stack(0x000000e111500000,0x000000e111600000)]
  0x00000249ffd13000 JavaThread "C2 CompilerThread1" daemon [_thread_in_native, id=9248, stack(0x000000e10f200000,0x000000e10f300000)]

Other Threads:
  0x00000249fc6ab000 VMThread "VM Thread" [stack: 0x000000e10e700000,0x000000e10e800000] [id=1828]
  0x00000249fd1c8800 WatcherThread [stack: 0x000000e10f100000,0x000000e10f200000] [id=9052]
  0x00000249e2b14000 GCTaskThread "GC Thread#0" [stack: 0x000000e10e200000,0x000000e10e300000] [id=11220]
  0x00000249fdacb000 GCTaskThread "GC Thread#1" [stack: 0x000000e10f300000,0x000000e10f400000] [id=7656]
  0x0000024980000800 GCTaskThread "GC Thread#2" [stack: 0x000000e10fe00000,0x000000e10ff00000] [id=2116]
  0x00000249fe478000 GCTaskThread "GC Thread#3" [stack: 0x000000e10ff00000,0x000000e110000000] [id=11240]
  0x00000249e2b43800 ConcurrentGCThread "G1 Main Marker" [stack: 0x000000e10e300000,0x000000e10e400000] [id=10036]
  0x00000249e2b46800 ConcurrentGCThread "G1 Conc#0" [stack: 0x000000e10e400000,0x000000e10e500000] [id=5716]
  0x00000249e2baa000 ConcurrentGCThread "G1 Refine#0" [stack: 0x000000e10e500000,0x000000e10e600000] [id=1520]
  0x00000249e2bab000 ConcurrentGCThread "G1 Young RemSet Sampling" [stack: 0x000000e10e600000,0x000000e10e700000] [id=6016]

Threads with active compile tasks:
C2 CompilerThread0  22329 7340       4       java.util.regex.Pattern::sequence (645 bytes)
C1 CompilerThread0  22329 7362       2       java.util.ArrayList::grow (18 bytes)
C2 CompilerThread1  22329 7350       4       java.util.regex.Pattern$NotBehind::match (137 bytes)

VM state:not at safepoint (normal execution)

VM Mutex/Monitor currently owned by a thread: None

Heap address: 0x0000000080000000, size: 2048 MB, Compressed Oops mode: 32-bit
Narrow klass base: 0x0000000000000000, Narrow klass shift: 3
Compressed class space size: 1073741824 Address: 0x0000000100000000

Heap:
 garbage-first heap   total 137216K, used 79073K [0x0000000080000000, 0x0000000100000000)
  region size 1024K, 21 young (21504K), 6 survivors (6144K)
 Metaspace       used 76733K, capacity 78444K, committed 78720K, reserved 1122304K
  class space    used 9952K, capacity 10574K, committed 10624K, reserved 1048576K
Heap Regions: E=young(eden), S=young(survivor), O=old, HS=humongous(starts), HC=humongous(continues), CS=collection set, F=free, A=archive, TAMS=top-at-mark-start (previous, next)
|   0|0x0000000080000000, 0x0000000080100000, 0x0000000080100000|100%|HS|  |TAMS 0x0000000080100000, 0x0000000080000000| Complete 
|   1|0x0000000080100000, 0x0000000080200000, 0x0000000080200000|100%|HC|  |TAMS 0x0000000080200000, 0x0000000080100000| Complete 
|   2|0x0000000080200000, 0x0000000080300000, 0x0000000080300000|100%|HC|  |TAMS 0x0000000080300000, 0x0000000080200000| Complete 
|   3|0x0000000080300000, 0x0000000080400000, 0x0000000080400000|100%| O|  |TAMS 0x0000000080400000, 0x0000000080300000| Untracked 
|   4|0x0000000080400000, 0x0000000080500000, 0x0000000080500000|100%| O|  |TAMS 0x0000000080500000, 0x0000000080400000| Untracked 
|   5|0x0000000080500000, 0x0000000080600000, 0x0000000080600000|100%| O|  |TAMS 0x0000000080600000, 0x0000000080500000| Untracked 
|   6|0x0000000080600000, 0x0000000080700000, 0x0000000080700000|100%| O|  |TAMS 0x0000000080700000, 0x0000000080600000| Untracked 
|   7|0x0000000080700000, 0x0000000080800000, 0x0000000080800000|100%| O|  |TAMS 0x0000000080800000, 0x0000000080700000| Untracked 
|   8|0x0000000080800000, 0x0000000080900000, 0x0000000080900000|100%| O|  |TAMS 0x0000000080900000, 0x0000000080800000| Untracked 
|   9|0x0000000080900000, 0x0000000080a00000, 0x0000000080a00000|100%| O|  |TAMS 0x0000000080a00000, 0x0000000080900000| Untracked 
|  10|0x0000000080a00000, 0x0000000080b00000, 0x0000000080b00000|100%| O|  |TAMS 0x0000000080b00000, 0x0000000080a00000| Untracked 
|  11|0x0000000080b00000, 0x0000000080c00000, 0x0000000080c00000|100%| O|  |TAMS 0x0000000080c00000, 0x0000000080b00000| Untracked 
|  12|0x0000000080c00000, 0x0000000080d00000, 0x0000000080d00000|100%| O|  |TAMS 0x0000000080d00000, 0x0000000080c00000| Untracked 
|  13|0x0000000080d00000, 0x0000000080e00000, 0x0000000080e00000|100%| O|  |TAMS 0x0000000080e00000, 0x0000000080d00000| Untracked 
|  14|0x0000000080e00000, 0x0000000080f00000, 0x0000000080f00000|100%| O|  |TAMS 0x0000000080f00000, 0x0000000080e00000| Untracked 
|  15|0x0000000080f00000, 0x0000000081000000, 0x0000000081000000|100%| O|  |TAMS 0x0000000081000000, 0x0000000080f00000| Untracked 
|  16|0x0000000081000000, 0x0000000081100000, 0x0000000081100000|100%| O|  |TAMS 0x0000000081100000, 0x0000000081000000| Untracked 
|  17|0x0000000081100000, 0x0000000081200000, 0x0000000081200000|100%| O|  |TAMS 0x0000000081200000, 0x0000000081100000| Untracked 
|  18|0x0000000081200000, 0x0000000081300000, 0x0000000081300000|100%| O|  |TAMS 0x0000000081300000, 0x0000000081200000| Untracked 
|  19|0x0000000081300000, 0x0000000081400000, 0x0000000081400000|100%| O|  |TAMS 0x0000000081400000, 0x0000000081300000| Untracked 
|  20|0x0000000081400000, 0x0000000081500000, 0x0000000081500000|100%| O|  |TAMS 0x0000000081500000, 0x0000000081400000| Untracked 
|  21|0x0000000081500000, 0x0000000081600000, 0x0000000081600000|100%| O|  |TAMS 0x0000000081600000, 0x0000000081500000| Untracked 
|  22|0x0000000081600000, 0x0000000081700000, 0x0000000081700000|100%| O|  |TAMS 0x0000000081700000, 0x0000000081600000| Untracked 
|  23|0x0000000081700000, 0x0000000081800000, 0x0000000081800000|100%| O|  |TAMS 0x0000000081800000, 0x0000000081700000| Untracked 
|  24|0x0000000081800000, 0x0000000081900000, 0x0000000081900000|100%| O|  |TAMS 0x0000000081900000, 0x0000000081800000| Untracked 
|  25|0x0000000081900000, 0x0000000081a00000, 0x0000000081a00000|100%| O|  |TAMS 0x0000000081a00000, 0x0000000081900000| Untracked 
|  26|0x0000000081a00000, 0x0000000081b00000, 0x0000000081b00000|100%| O|  |TAMS 0x0000000081b00000, 0x0000000081a00000| Untracked 
|  27|0x0000000081b00000, 0x0000000081c00000, 0x0000000081c00000|100%|HS|  |TAMS 0x0000000081c00000, 0x0000000081b00000| Complete 
|  28|0x0000000081c00000, 0x0000000081d00000, 0x0000000081d00000|100%|HS|  |TAMS 0x0000000081d00000, 0x0000000081c00000| Complete 
|  29|0x0000000081d00000, 0x0000000081e00000, 0x0000000081e00000|100%|HS|  |TAMS 0x0000000081e00000, 0x0000000081d00000| Complete 
|  30|0x0000000081e00000, 0x0000000081f00000, 0x0000000081f00000|100%|HS|  |TAMS 0x0000000081f00000, 0x0000000081e00000| Complete 
|  31|0x0000000081f00000, 0x0000000082000000, 0x0000000082000000|100%|HC|  |TAMS 0x0000000082000000, 0x0000000081f00000| Complete 
|  32|0x0000000082000000, 0x0000000082100000, 0x0000000082100000|100%|HC|  |TAMS 0x0000000082100000, 0x0000000082000000| Complete 
|  33|0x0000000082100000, 0x0000000082200000, 0x0000000082200000|100%|HS|  |TAMS 0x0000000082200000, 0x0000000082100000| Complete 
|  34|0x0000000082200000, 0x0000000082300000, 0x0000000082300000|100%|HC|  |TAMS 0x0000000082300000, 0x0000000082200000| Complete 
|  35|0x0000000082300000, 0x0000000082400000, 0x0000000082400000|100%| O|  |TAMS 0x0000000082400000, 0x0000000082300000| Untracked 
|  36|0x0000000082400000, 0x0000000082500000, 0x0000000082500000|100%| O|  |TAMS 0x0000000082500000, 0x0000000082400000| Untracked 
|  37|0x0000000082500000, 0x0000000082600000, 0x0000000082600000|100%| O|  |TAMS 0x0000000082600000, 0x0000000082500000| Untracked 
|  38|0x0000000082600000, 0x0000000082700000, 0x0000000082700000|100%| O|  |TAMS 0x0000000082700000, 0x0000000082600000| Untracked 
|  39|0x0000000082700000, 0x0000000082800000, 0x0000000082800000|100%| O|  |TAMS 0x0000000082800000, 0x0000000082700000| Untracked 
|  40|0x0000000082800000, 0x0000000082900000, 0x0000000082900000|100%| O|  |TAMS 0x0000000082900000, 0x0000000082800000| Untracked 
|  41|0x0000000082900000, 0x0000000082a00000, 0x0000000082a00000|100%| O|  |TAMS 0x0000000082a00000, 0x0000000082900000| Untracked 
|  42|0x0000000082a00000, 0x0000000082b00000, 0x0000000082b00000|100%| O|  |TAMS 0x0000000082b00000, 0x0000000082a00000| Untracked 
|  43|0x0000000082b00000, 0x0000000082c00000, 0x0000000082c00000|100%| O|  |TAMS 0x0000000082c00000, 0x0000000082b00000| Untracked 
|  44|0x0000000082c00000, 0x0000000082d00000, 0x0000000082d00000|100%| O|  |TAMS 0x0000000082d00000, 0x0000000082c00000| Untracked 
|  45|0x0000000082d00000, 0x0000000082e00000, 0x0000000082e00000|100%| O|  |TAMS 0x0000000082e00000, 0x0000000082d00000| Untracked 
|  46|0x0000000082e00000, 0x0000000082f00000, 0x0000000082f00000|100%| O|  |TAMS 0x0000000082f00000, 0x0000000082e00000| Untracked 
|  47|0x0000000082f00000, 0x0000000083000000, 0x0000000083000000|100%| O|  |TAMS 0x0000000083000000, 0x0000000082f00000| Untracked 
|  48|0x0000000083000000, 0x0000000083100000, 0x0000000083100000|100%| O|  |TAMS 0x0000000083000000, 0x0000000083000000| Untracked 
|  49|0x0000000083100000, 0x0000000083200000, 0x0000000083200000|100%| O|  |TAMS 0x00000000831da000, 0x0000000083100000| Untracked 
|  50|0x0000000083200000, 0x0000000083300000, 0x0000000083300000|100%| O|  |TAMS 0x0000000083200000, 0x0000000083200000| Untracked 
|  51|0x0000000083300000, 0x0000000083400000, 0x0000000083400000|100%| O|  |TAMS 0x0000000083300000, 0x0000000083300000| Untracked 
|  52|0x0000000083400000, 0x0000000083500000, 0x0000000083500000|100%| O|  |TAMS 0x0000000083400000, 0x0000000083400000| Untracked 
|  53|0x0000000083500000, 0x0000000083600000, 0x0000000083600000|100%| O|  |TAMS 0x0000000083500000, 0x0000000083500000| Untracked 
|  54|0x0000000083600000, 0x0000000083700000, 0x0000000083700000|100%| O|  |TAMS 0x0000000083600000, 0x0000000083600000| Untracked 
|  55|0x0000000083700000, 0x0000000083800000, 0x0000000083800000|100%| O|  |TAMS 0x0000000083700000, 0x0000000083700000| Untracked 
|  56|0x0000000083800000, 0x0000000083900000, 0x0000000083900000|100%| O|  |TAMS 0x0000000083800000, 0x0000000083800000| Untracked 
|  57|0x0000000083900000, 0x000000008399a600, 0x0000000083a00000| 60%| O|  |TAMS 0x0000000083900000, 0x0000000083900000| Untracked 
|  58|0x0000000083a00000, 0x0000000083a00000, 0x0000000083b00000|  0%| F|  |TAMS 0x0000000083a00000, 0x0000000083a00000| Untracked 
|  59|0x0000000083b00000, 0x0000000083b00000, 0x0000000083c00000|  0%| F|  |TAMS 0x0000000083b00000, 0x0000000083b00000| Untracked 
|  60|0x0000000083c00000, 0x0000000083c00000, 0x0000000083d00000|  0%| F|  |TAMS 0x0000000083c00000, 0x0000000083c00000| Untracked 
|  61|0x0000000083d00000, 0x0000000083d00000, 0x0000000083e00000|  0%| F|  |TAMS 0x0000000083d00000, 0x0000000083d00000| Untracked 
|  62|0x0000000083e00000, 0x0000000083e00000, 0x0000000083f00000|  0%| F|  |TAMS 0x0000000083e00000, 0x0000000083e00000| Untracked 
|  63|0x0000000083f00000, 0x0000000083f00000, 0x0000000084000000|  0%| F|  |TAMS 0x0000000083f00000, 0x0000000083f00000| Untracked 
|  64|0x0000000084000000, 0x0000000084000000, 0x0000000084100000|  0%| F|  |TAMS 0x0000000084000000, 0x0000000084000000| Untracked 
|  65|0x0000000084100000, 0x0000000084100000, 0x0000000084200000|  0%| F|  |TAMS 0x0000000084100000, 0x0000000084100000| Untracked 
|  66|0x0000000084200000, 0x0000000084200000, 0x0000000084300000|  0%| F|  |TAMS 0x0000000084200000, 0x0000000084200000| Untracked 
|  67|0x0000000084300000, 0x0000000084300000, 0x0000000084400000|  0%| F|  |TAMS 0x0000000084300000, 0x0000000084300000| Untracked 
|  68|0x0000000084400000, 0x0000000084400000, 0x0000000084500000|  0%| F|  |TAMS 0x0000000084400000, 0x0000000084400000| Untracked 
|  69|0x0000000084500000, 0x0000000084500000, 0x0000000084600000|  0%| F|  |TAMS 0x0000000084500000, 0x0000000084500000| Untracked 
|  70|0x0000000084600000, 0x0000000084600000, 0x0000000084700000|  0%| F|  |TAMS 0x0000000084600000, 0x0000000084600000| Untracked 
|  71|0x0000000084700000, 0x0000000084700000, 0x0000000084800000|  0%| F|  |TAMS 0x0000000084700000, 0x0000000084700000| Untracked 
|  72|0x0000000084800000, 0x0000000084800000, 0x0000000084900000|  0%| F|  |TAMS 0x0000000084800000, 0x0000000084800000| Untracked 
|  73|0x0000000084900000, 0x0000000084900000, 0x0000000084a00000|  0%| F|  |TAMS 0x0000000084900000, 0x0000000084900000| Untracked 
|  74|0x0000000084a00000, 0x0000000084a00000, 0x0000000084b00000|  0%| F|  |TAMS 0x0000000084a00000, 0x0000000084a00000| Untracked 
|  75|0x0000000084b00000, 0x0000000084b00000, 0x0000000084c00000|  0%| F|  |TAMS 0x0000000084b00000, 0x0000000084b00000| Untracked 
|  76|0x0000000084c00000, 0x0000000084c00000, 0x0000000084d00000|  0%| F|  |TAMS 0x0000000084c00000, 0x0000000084c00000| Untracked 
|  77|0x0000000084d00000, 0x0000000084d00000, 0x0000000084e00000|  0%| F|  |TAMS 0x0000000084d00000, 0x0000000084d00000| Untracked 
|  78|0x0000000084e00000, 0x0000000084e00000, 0x0000000084f00000|  0%| F|  |TAMS 0x0000000084e00000, 0x0000000084e00000| Untracked 
|  79|0x0000000084f00000, 0x0000000084f00000, 0x0000000085000000|  0%| F|  |TAMS 0x0000000084f00000, 0x0000000084f00000| Untracked 
|  80|0x0000000085000000, 0x0000000085000000, 0x0000000085100000|  0%| F|  |TAMS 0x0000000085000000, 0x0000000085000000| Untracked 
|  81|0x0000000085100000, 0x000000008519df40, 0x0000000085200000| 61%| S|CS|TAMS 0x0000000085100000, 0x0000000085100000| Complete 
|  82|0x0000000085200000, 0x0000000085300000, 0x0000000085300000|100%| S|CS|TAMS 0x0000000085200000, 0x0000000085200000| Complete 
|  83|0x0000000085300000, 0x0000000085300000, 0x0000000085400000|  0%| F|  |TAMS 0x0000000085300000, 0x0000000085300000| Untracked 
|  84|0x0000000085400000, 0x0000000085400000, 0x0000000085500000|  0%| F|  |TAMS 0x0000000085400000, 0x0000000085400000| Untracked 
|  85|0x0000000085500000, 0x0000000085500000, 0x0000000085600000|  0%| F|  |TAMS 0x0000000085500000, 0x0000000085500000| Untracked 
|  86|0x0000000085600000, 0x0000000085700000, 0x0000000085700000|100%| S|CS|TAMS 0x0000000085600000, 0x0000000085600000| Complete 
|  87|0x0000000085700000, 0x0000000085800000, 0x0000000085800000|100%| S|CS|TAMS 0x0000000085700000, 0x0000000085700000| Complete 
|  88|0x0000000085800000, 0x0000000085900000, 0x0000000085900000|100%| S|CS|TAMS 0x0000000085800000, 0x0000000085800000| Complete 
|  89|0x0000000085900000, 0x0000000085a00000, 0x0000000085a00000|100%| S|CS|TAMS 0x0000000085900000, 0x0000000085900000| Complete 
|  90|0x0000000085a00000, 0x0000000085a00000, 0x0000000085b00000|  0%| F|  |TAMS 0x0000000085a00000, 0x0000000085a00000| Untracked 
|  91|0x0000000085b00000, 0x0000000085b00000, 0x0000000085c00000|  0%| F|  |TAMS 0x0000000085b00000, 0x0000000085b00000| Untracked 
|  92|0x0000000085c00000, 0x0000000085c00000, 0x0000000085d00000|  0%| F|  |TAMS 0x0000000085c00000, 0x0000000085c00000| Untracked 
|  93|0x0000000085d00000, 0x0000000085d00000, 0x0000000085e00000|  0%| F|  |TAMS 0x0000000085d00000, 0x0000000085d00000| Untracked 
|  94|0x0000000085e00000, 0x0000000085e00000, 0x0000000085f00000|  0%| F|  |TAMS 0x0000000085e00000, 0x0000000085e00000| Untracked 
|  95|0x0000000085f00000, 0x0000000085f00000, 0x0000000086000000|  0%| F|  |TAMS 0x0000000085f00000, 0x0000000085f00000| Untracked 
|  96|0x0000000086000000, 0x0000000086000000, 0x0000000086100000|  0%| F|  |TAMS 0x0000000086000000, 0x0000000086000000| Untracked 
|  97|0x0000000086100000, 0x0000000086100000, 0x0000000086200000|  0%| F|  |TAMS 0x0000000086100000, 0x0000000086100000| Untracked 
|  98|0x0000000086200000, 0x0000000086200000, 0x0000000086300000|  0%| F|  |TAMS 0x0000000086200000, 0x0000000086200000| Untracked 
|  99|0x0000000086300000, 0x0000000086300000, 0x0000000086400000|  0%| F|  |TAMS 0x0000000086300000, 0x0000000086300000| Untracked 
| 100|0x0000000086400000, 0x0000000086400000, 0x0000000086500000|  0%| F|  |TAMS 0x0000000086400000, 0x0000000086400000| Untracked 
| 101|0x0000000086500000, 0x0000000086500000, 0x0000000086600000|  0%| F|  |TAMS 0x0000000086500000, 0x0000000086500000| Untracked 
| 102|0x0000000086600000, 0x0000000086600000, 0x0000000086700000|  0%| F|  |TAMS 0x0000000086600000, 0x0000000086600000| Untracked 
| 103|0x0000000086700000, 0x0000000086700000, 0x0000000086800000|  0%| F|  |TAMS 0x0000000086700000, 0x0000000086700000| Untracked 
| 104|0x0000000086800000, 0x0000000086800000, 0x0000000086900000|  0%| F|  |TAMS 0x0000000086800000, 0x0000000086800000| Untracked 
| 105|0x0000000086900000, 0x0000000086900000, 0x0000000086a00000|  0%| F|  |TAMS 0x0000000086900000, 0x0000000086900000| Untracked 
| 106|0x0000000086a00000, 0x0000000086a00000, 0x0000000086b00000|  0%| F|  |TAMS 0x0000000086a00000, 0x0000000086a00000| Untracked 
| 107|0x0000000086b00000, 0x0000000086b00000, 0x0000000086c00000|  0%| F|  |TAMS 0x0000000086b00000, 0x0000000086b00000| Untracked 
| 108|0x0000000086c00000, 0x0000000086c00000, 0x0000000086d00000|  0%| F|  |TAMS 0x0000000086c00000, 0x0000000086c00000| Untracked 
| 109|0x0000000086d00000, 0x0000000086d00000, 0x0000000086e00000|  0%| F|  |TAMS 0x0000000086d00000, 0x0000000086d00000| Untracked 
| 110|0x0000000086e00000, 0x0000000086e00000, 0x0000000086f00000|  0%| F|  |TAMS 0x0000000086e00000, 0x0000000086e00000| Untracked 
| 111|0x0000000086f00000, 0x0000000086f00000, 0x0000000087000000|  0%| F|  |TAMS 0x0000000086f00000, 0x0000000086f00000| Untracked 
| 112|0x0000000087000000, 0x0000000087000000, 0x0000000087100000|  0%| F|  |TAMS 0x0000000087000000, 0x0000000087000000| Untracked 
| 113|0x0000000087100000, 0x0000000087100000, 0x0000000087200000|  0%| F|  |TAMS 0x0000000087100000, 0x0000000087100000| Untracked 
| 114|0x0000000087200000, 0x0000000087200000, 0x0000000087300000|  0%| F|  |TAMS 0x0000000087200000, 0x0000000087200000| Untracked 
| 115|0x0000000087300000, 0x0000000087300000, 0x0000000087400000|  0%| F|  |TAMS 0x0000000087300000, 0x0000000087300000| Untracked 
| 116|0x0000000087400000, 0x0000000087400000, 0x0000000087500000|  0%| F|  |TAMS 0x0000000087400000, 0x0000000087400000| Untracked 
| 117|0x0000000087500000, 0x0000000087500000, 0x0000000087600000|  0%| F|  |TAMS 0x0000000087500000, 0x0000000087500000| Untracked 
| 118|0x0000000087600000, 0x0000000087600000, 0x0000000087700000|  0%| F|  |TAMS 0x0000000087600000, 0x0000000087600000| Untracked 
| 119|0x0000000087700000, 0x0000000087780800, 0x0000000087800000| 50%| E|  |TAMS 0x0000000087700000, 0x0000000087700000| Complete 
| 120|0x0000000087800000, 0x0000000087900000, 0x0000000087900000|100%| E|CS|TAMS 0x0000000087800000, 0x0000000087800000| Complete 
| 121|0x0000000087900000, 0x0000000087a00000, 0x0000000087a00000|100%| E|CS|TAMS 0x0000000087900000, 0x0000000087900000| Complete 
| 122|0x0000000087a00000, 0x0000000087b00000, 0x0000000087b00000|100%| E|CS|TAMS 0x0000000087a00000, 0x0000000087a00000| Complete 
| 123|0x0000000087b00000, 0x0000000087c00000, 0x0000000087c00000|100%| E|CS|TAMS 0x0000000087b00000, 0x0000000087b00000| Complete 
| 124|0x0000000087c00000, 0x0000000087d00000, 0x0000000087d00000|100%| E|CS|TAMS 0x0000000087c00000, 0x0000000087c00000| Complete 
| 125|0x0000000087d00000, 0x0000000087e00000, 0x0000000087e00000|100%| E|CS|TAMS 0x0000000087d00000, 0x0000000087d00000| Complete 
| 126|0x0000000087e00000, 0x0000000087f00000, 0x0000000087f00000|100%| E|CS|TAMS 0x0000000087e00000, 0x0000000087e00000| Complete 
| 127|0x0000000087f00000, 0x0000000088000000, 0x0000000088000000|100%| E|CS|TAMS 0x0000000087f00000, 0x0000000087f00000| Complete 
| 128|0x0000000088000000, 0x0000000088100000, 0x0000000088100000|100%| E|CS|TAMS 0x0000000088000000, 0x0000000088000000| Complete 
| 129|0x0000000088100000, 0x0000000088200000, 0x0000000088200000|100%| E|CS|TAMS 0x0000000088100000, 0x0000000088100000| Complete 
| 130|0x0000000088200000, 0x0000000088300000, 0x0000000088300000|100%| E|CS|TAMS 0x0000000088200000, 0x0000000088200000| Complete 
| 131|0x0000000088300000, 0x0000000088400000, 0x0000000088400000|100%| E|CS|TAMS 0x0000000088300000, 0x0000000088300000| Complete 
| 132|0x0000000088400000, 0x0000000088500000, 0x0000000088500000|100%| E|CS|TAMS 0x0000000088400000, 0x0000000088400000| Complete 
| 133|0x0000000088500000, 0x0000000088600000, 0x0000000088600000|100%| E|CS|TAMS 0x0000000088500000, 0x0000000088500000| Complete 

Card table byte_map: [0x00000249f59f0000,0x00000249f5df0000] _byte_map_base: 0x00000249f55f0000

Marking Bits (Prev, Next): (CMBitMap*) 0x00000249e2b3a768, (CMBitMap*) 0x00000249e2b3a7a0
 Prev Bits: [0x00000249f61f0000, 0x00000249f81f0000)
 Next Bits: [0x00000249f81f0000, 0x00000249fa1f0000)

Polling page: 0x00000249e0aa0000

Metaspace:

Usage:
  Non-class:     66.28 MB capacity,    65.22 MB ( 98%) used,   899.23 KB (  1%) free+waste,   188.69 KB ( <1%) overhead. 
      Class:     10.33 MB capacity,     9.72 MB ( 94%) used,   534.05 KB (  5%) free+waste,    87.63 KB ( <1%) overhead. 
       Both:     76.61 MB capacity,    74.94 MB ( 98%) used,     1.40 MB (  2%) free+waste,   276.31 KB ( <1%) overhead. 

Virtual space:
  Non-class space:       72.00 MB reserved,      66.50 MB ( 92%) committed 
      Class space:        1.00 GB reserved,      10.38 MB (  1%) committed 
             Both:        1.07 GB reserved,      76.88 MB (  7%) committed 

Chunk freelists:
   Non-Class:  34.00 KB
       Class:  18.00 KB
        Both:  52.00 KB

MaxMetaspaceSize: 17179869184.00 GB
CompressedClassSpaceSize: 1.00 GB

CodeHeap 'non-profiled nmethods': size=120064Kb used=4472Kb max_used=4472Kb free=115591Kb
 bounds [0x00000249ee0b0000, 0x00000249ee510000, 0x00000249f55f0000]
CodeHeap 'profiled nmethods': size=120000Kb used=15679Kb max_used=15679Kb free=104320Kb
 bounds [0x00000249e6b80000, 0x00000249e7ad0000, 0x00000249ee0b0000]
CodeHeap 'non-nmethods': size=5696Kb used=2257Kb max_used=2317Kb free=3438Kb
 bounds [0x00000249e65f0000, 0x00000249e6860000, 0x00000249e6b80000]
 total_blobs=8202 nmethods=7337 adapters=777
 compilation: enabled
              stopped_count=0, restarted_count=0
 full_count=0

Compilation events (20 events):
Event: 22.252 Thread 0x00000249fc6e0000 nmethod 7334 0x00000249ee50b290 code [0x00000249ee50b420, 0x00000249ee50b558]
Event: 22.252 Thread 0x00000249fc6e0000 7335       4       java.util.ArrayList::indexOf (11 bytes)
Event: 22.255 Thread 0x00000249fc6e0000 nmethod 7335 0x00000249ee50b690 code [0x00000249ee50b820, 0x00000249ee50b958]
Event: 22.255 Thread 0x00000249fc6e0000 7338       4       java.util.Arrays::fill (28 bytes)
Event: 22.262 Thread 0x00000249fc6e0000 nmethod 7338 0x00000249ee50ba90 code [0x00000249ee50bc20, 0x00000249ee50be18]
Event: 22.262 Thread 0x00000249fc6e3000 7339       3       com.sun.org.apache.xerces.internal.util.XMLChar::isContent (35 bytes)
Event: 22.262 Thread 0x00000249fc6e3000 nmethod 7339 0x00000249e7ac4390 code [0x00000249e7ac4540, 0x00000249e7ac4758]
Event: 22.265 Thread 0x00000249fc6e0000 7340       4       java.util.regex.Pattern::sequence (645 bytes)
Event: 22.273 Thread 0x00000249fc6e3000 7342       3       java.util.regex.Matcher::replaceAll (59 bytes)
Event: 22.275 Thread 0x00000249fc6e3000 nmethod 7342 0x00000249e7ac4810 code [0x00000249e7ac4ac0, 0x00000249e7ac55d8]
Event: 22.275 Thread 0x00000249fc6e3000 7343       3       java.util.regex.CharPredicates$$Lambda$296/0x00000001004bb440::is (5 bytes)
Event: 22.276 Thread 0x00000249fc6e3000 nmethod 7343 0x00000249e7ac5a10 code [0x00000249e7ac5c00, 0x00000249e7ac5ff8]
Event: 22.276 Thread 0x00000249fc6e3000 7344       3       java.util.regex.Pattern$Behind::match (137 bytes)
Event: 22.277 Thread 0x00000249fc6e3000 nmethod 7344 0x00000249e7ac6190 code [0x00000249e7ac6380, 0x00000249e7ac6978]
Event: 22.277 Thread 0x00000249fc6e3000 7345       3       java.util.regex.Pattern$1::match (14 bytes)
Event: 22.277 Thread 0x00000249fc6e3000 nmethod 7345 0x00000249e7ac6b90 code [0x00000249e7ac6d40, 0x00000249e7ac6e98]
Event: 22.296 Thread 0x00000249fc6e3000 7353       1       java.lang.reflect.Field::getRoot (5 bytes)
Event: 22.297 Thread 0x00000249fc6e3000 nmethod 7353 0x00000249ee50bf90 code [0x00000249ee50c140, 0x00000249ee50c1f8]
Event: 22.297 Thread 0x00000249fc6e3000 7355       3       com.sun.org.apache.xerces.internal.impl.XMLEntityScanner::checkEntityLimit (50 bytes)
Event: 22.297 Thread 0x00000249ffd13000 7346       4       java.util.regex.Matcher::find (69 bytes)

GC Heap History (20 events):
Event: 9.474 GC heap before
{Heap before GC invocations=10 (full 0):
 garbage-first heap   total 94208K, used 66083K [0x0000000080000000, 0x0000000100000000)
  region size 1024K, 46 young (47104K), 6 survivors (6144K)
 Metaspace       used 38365K, capacity 39255K, committed 39296K, reserved 1083392K
  class space    used 4897K, capacity 5211K, committed 5248K, reserved 1048576K
}
Event: 9.491 GC heap after
{Heap after GC invocations=11 (full 0):
 garbage-first heap   total 113664K, used 27091K [0x0000000080000000, 0x0000000100000000)
  region size 1024K, 6 young (6144K), 6 survivors (6144K)
 Metaspace       used 38365K, capacity 39255K, committed 39296K, reserved 1083392K
  class space    used 4897K, capacity 5211K, committed 5248K, reserved 1048576K
}
Event: 10.908 GC heap before
{Heap before GC invocations=11 (full 0):
 garbage-first heap   total 113664K, used 76243K [0x0000000080000000, 0x0000000100000000)
  region size 1024K, 54 young (55296K), 6 survivors (6144K)
 Metaspace       used 42756K, capacity 43804K, committed 44032K, reserved 1087488K
  class space    used 5435K, capacity 5784K, committed 5888K, reserved 1048576K
}
Event: 10.924 GC heap after
{Heap after GC invocations=12 (full 0):
 garbage-first heap   total 113664K, used 29671K [0x0000000080000000, 0x0000000100000000)
  region size 1024K, 6 young (6144K), 6 survivors (6144K)
 Metaspace       used 42756K, capacity 43804K, committed 44032K, reserved 1087488K
  class space    used 5435K, capacity 5784K, committed 5888K, reserved 1048576K
}
Event: 12.286 GC heap before
{Heap before GC invocations=12 (full 0):
 garbage-first heap   total 113664K, used 78823K [0x0000000080000000, 0x0000000100000000)
  region size 1024K, 54 young (55296K), 6 survivors (6144K)
 Metaspace       used 46305K, capacity 47531K, committed 47616K, reserved 1091584K
  class space    used 5920K, capacity 6363K, committed 6400K, reserved 1048576K
}
Event: 12.301 GC heap after
{Heap after GC invocations=13 (full 0):
 garbage-first heap   total 113664K, used 32756K [0x0000000080000000, 0x0000000100000000)
  region size 1024K, 6 young (6144K), 6 survivors (6144K)
 Metaspace       used 46305K, capacity 47531K, committed 47616K, reserved 1091584K
  class space    used 5920K, capacity 6363K, committed 6400K, reserved 1048576K
}
Event: 13.670 GC heap before
{Heap before GC invocations=13 (full 0):
 garbage-first heap   total 113664K, used 90100K [0x0000000080000000, 0x0000000100000000)
  region size 1024K, 54 young (55296K), 6 survivors (6144K)
 Metaspace       used 48777K, capacity 50085K, committed 50304K, reserved 1093632K
  class space    used 6217K, capacity 6706K, committed 6784K, reserved 1048576K
}
Event: 13.686 GC heap after
{Heap after GC invocations=14 (full 0):
 garbage-first heap   total 113664K, used 48417K [0x0000000080000000, 0x0000000100000000)
  region size 1024K, 7 young (7168K), 7 survivors (7168K)
 Metaspace       used 48777K, capacity 50085K, committed 50304K, reserved 1093632K
  class space    used 6217K, capacity 6706K, committed 6784K, reserved 1048576K
}
Event: 14.705 GC heap before
{Heap before GC invocations=14 (full 0):
 garbage-first heap   total 113664K, used 84257K [0x0000000080000000, 0x0000000100000000)
  region size 1024K, 42 young (43008K), 7 survivors (7168K)
 Metaspace       used 53761K, capacity 55162K, committed 55296K, reserved 1097728K
  class space    used 6840K, capacity 7353K, committed 7424K, reserved 1048576K
}
Event: 14.716 GC heap after
{Heap after GC invocations=15 (full 0):
 garbage-first heap   total 137216K, used 50554K [0x0000000080000000, 0x0000000100000000)
  region size 1024K, 2 young (2048K), 2 survivors (2048K)
 Metaspace       used 53761K, capacity 55162K, committed 55296K, reserved 1097728K
  class space    used 6840K, capacity 7353K, committed 7424K, reserved 1048576K
}
Event: 15.783 GC heap before
{Heap before GC invocations=15 (full 0):
 garbage-first heap   total 137216K, used 80250K [0x0000000080000000, 0x0000000100000000)
  region size 1024K, 32 young (32768K), 2 survivors (2048K)
 Metaspace       used 58609K, capacity 60103K, committed 60160K, reserved 1101824K
  class space    used 7428K, capacity 8016K, committed 8064K, reserved 1048576K
}
Event: 15.794 GC heap after
{Heap after GC invocations=16 (full 0):
 garbage-first heap   total 137216K, used 52115K [0x0000000080000000, 0x0000000100000000)
  region size 1024K, 4 young (4096K), 4 survivors (4096K)
 Metaspace       used 58609K, capacity 60103K, committed 60160K, reserved 1101824K
  class space    used 7428K, capacity 8016K, committed 8064K, reserved 1048576K
}
Event: 17.360 GC heap before
{Heap before GC invocations=17 (full 0):
 garbage-first heap   total 137216K, used 97171K [0x0000000080000000, 0x0000000100000000)
  region size 1024K, 48 young (49152K), 4 survivors (4096K)
 Metaspace       used 62791K, capacity 64257K, committed 64384K, reserved 1105920K
  class space    used 7951K, capacity 8536K, committed 8576K, reserved 1048576K
}
Event: 17.378 GC heap after
{Heap after GC invocations=18 (full 0):
 garbage-first heap   total 137216K, used 56168K [0x0000000080000000, 0x0000000100000000)
  region size 1024K, 6 young (6144K), 6 survivors (6144K)
 Metaspace       used 62791K, capacity 64257K, committed 64384K, reserved 1105920K
  class space    used 7951K, capacity 8536K, committed 8576K, reserved 1048576K
}
Event: 18.602 GC heap before
{Heap before GC invocations=19 (full 0):
 garbage-first heap   total 137216K, used 101224K [0x0000000080000000, 0x0000000100000000)
  region size 1024K, 50 young (51200K), 6 survivors (6144K)
 Metaspace       used 65863K, capacity 67417K, committed 67584K, reserved 1107968K
  class space    used 8352K, capacity 8922K, committed 8960K, reserved 1048576K
}
Event: 18.619 GC heap after
{Heap after GC invocations=20 (full 0):
 garbage-first heap   total 137216K, used 58977K [0x0000000080000000, 0x0000000100000000)
  region size 1024K, 4 young (4096K), 4 survivors (4096K)
 Metaspace       used 65863K, capacity 67417K, committed 67584K, reserved 1107968K
  class space    used 8352K, capacity 8922K, committed 8960K, reserved 1048576K
}
Event: 19.787 GC heap before
{Heap before GC invocations=20 (full 0):
 garbage-first heap   total 137216K, used 103009K [0x0000000080000000, 0x0000000100000000)
  region size 1024K, 47 young (48128K), 4 survivors (4096K)
 Metaspace       used 70063K, capacity 71595K, committed 71936K, reserved 1112064K
  class space    used 9029K, capacity 9610K, committed 9728K, reserved 1048576K
}
Event: 19.808 GC heap after
{Heap after GC invocations=21 (full 0):
 garbage-first heap   total 137216K, used 62415K [0x0000000080000000, 0x0000000100000000)
  region size 1024K, 4 young (4096K), 4 survivors (4096K)
 Metaspace       used 70063K, capacity 71595K, committed 71936K, reserved 1112064K
  class space    used 9029K, capacity 9610K, committed 9728K, reserved 1048576K
}
Event: 21.764 GC heap before
{Heap before GC invocations=21 (full 0):
 garbage-first heap   total 137216K, used 106447K [0x0000000080000000, 0x0000000100000000)
  region size 1024K, 47 young (48128K), 4 survivors (4096K)
 Metaspace       used 74400K, capacity 76139K, committed 76416K, reserved 1116160K
  class space    used 9639K, capacity 10263K, committed 10368K, reserved 1048576K
}
Event: 21.776 GC heap after
{Heap after GC invocations=22 (full 0):
 garbage-first heap   total 137216K, used 64737K [0x0000000080000000, 0x0000000100000000)
  region size 1024K, 6 young (6144K), 6 survivors (6144K)
 Metaspace       used 74400K, capacity 76139K, committed 76416K, reserved 1116160K
  class space    used 9639K, capacity 10263K, committed 10368K, reserved 1048576K
}

Deoptimization events (20 events):
Event: 22.254 Thread 0x00000249ff324800 DEOPT PACKING pc=0x00000249e766cbe3 sp=0x000000e10faf9e10
Event: 22.254 Thread 0x00000249ff324800 DEOPT UNPACKING pc=0x00000249e661683f sp=0x000000e10faf92c0 mode 0
Event: 22.254 Thread 0x00000249ff324800 DEOPT PACKING pc=0x00000249e766cbe3 sp=0x000000e10faf9e10
Event: 22.254 Thread 0x00000249ff324800 DEOPT UNPACKING pc=0x00000249e661683f sp=0x000000e10faf92c0 mode 0
Event: 22.254 Thread 0x00000249ff324800 DEOPT PACKING pc=0x00000249e766cbe3 sp=0x000000e10faf9e10
Event: 22.254 Thread 0x00000249ff324800 DEOPT UNPACKING pc=0x00000249e661683f sp=0x000000e10faf92c0 mode 0
Event: 22.254 Thread 0x00000249ff324800 DEOPT PACKING pc=0x00000249e766cbe3 sp=0x000000e10faf9e10
Event: 22.254 Thread 0x00000249ff324800 DEOPT UNPACKING pc=0x00000249e661683f sp=0x000000e10faf92c0 mode 0
Event: 22.255 Thread 0x00000249ff324800 DEOPT PACKING pc=0x00000249e766cbe3 sp=0x000000e10faf9e10
Event: 22.255 Thread 0x00000249ff324800 DEOPT UNPACKING pc=0x00000249e661683f sp=0x000000e10faf92c0 mode 0
Event: 22.255 Thread 0x00000249ff324800 DEOPT PACKING pc=0x00000249e766cbe3 sp=0x000000e10faf9e10
Event: 22.255 Thread 0x00000249ff324800 DEOPT UNPACKING pc=0x00000249e661683f sp=0x000000e10faf92c0 mode 0
Event: 22.265 Thread 0x00000249ff324800 Uncommon trap: trap_request=0xffffff4d fr.pc=0x00000249ee455984 relative=0x0000000000001b24
Event: 22.265 Thread 0x00000249ff324800 Uncommon trap: reason=unstable_if action=reinterpret pc=0x00000249ee455984 method=java.util.regex.Pattern.atom()Ljava/util/regex/Pattern$Node; @ 14 c2
Event: 22.265 Thread 0x00000249ff324800 DEOPT PACKING pc=0x00000249ee455984 sp=0x000000e10faf9b80
Event: 22.266 Thread 0x00000249ff324800 DEOPT UNPACKING pc=0x00000249e6616a29 sp=0x000000e10faf9b58 mode 2
Event: 22.295 Thread 0x00000249ff324800 Uncommon trap: trap_request=0xffffff4d fr.pc=0x00000249ee3d4b64 relative=0x0000000000000184
Event: 22.295 Thread 0x00000249ff324800 Uncommon trap: reason=unstable_if action=reinterpret pc=0x00000249ee3d4b64 method=java.lang.Integer.parseInt(Ljava/lang/String;I)I @ 195 c2
Event: 22.295 Thread 0x00000249ff324800 DEOPT PACKING pc=0x00000249ee3d4b64 sp=0x000000e10fafa450
Event: 22.295 Thread 0x00000249ff324800 DEOPT UNPACKING pc=0x00000249e6616a29 sp=0x000000e10fafa3c0 mode 2

Classes redefined (0 events):
No events

Internal exceptions (20 events):
Event: 18.834 Thread 0x00000249ff324800 Exception <a 'java/lang/ClassNotFoundException'{0x000000008793cef0}: org/jetbrains/kotlin/gradle/dsl/KotlinJvmOptionsImplBeanInfo> (0x000000008793cef0) thrown at [./src/hotspot/share/classfile/systemDictionary.cpp, line 231]
Event: 18.835 Thread 0x00000249ff324800 Exception <a 'java/lang/ClassNotFoundException'{0x0000000087957470}: org/jetbrains/kotlin/gradle/dsl/KotlinJvmOptionsBaseBeanInfo> (0x0000000087957470) thrown at [./src/hotspot/share/classfile/systemDictionary.cpp, line 231]
Event: 18.845 Thread 0x00000249ff324800 Exception <a 'java/lang/ClassNotFoundException'{0x0000000087971bf8}: org/jetbrains/kotlin/gradle/dsl/KotlinJvmOptionsBaseCustomizer> (0x0000000087971bf8) thrown at [./src/hotspot/share/classfile/systemDictionary.cpp, line 231]
Event: 18.847 Thread 0x00000249ff324800 Exception <a 'java/lang/ClassNotFoundException'{0x00000000879a66a0}: org/jetbrains/kotlin/gradle/dsl/KotlinJvmOptionsImplCustomizer> (0x00000000879a66a0) thrown at [./src/hotspot/share/classfile/systemDictionary.cpp, line 231]
Event: 20.450 Thread 0x00000249ff324800 Exception <a 'java/lang/ClassNotFoundException'{0x0000000087b7fde0}: com/android/build/gradle/internal/api/ApkVariantOutputImpl_DecoratedBeanInfo> (0x0000000087b7fde0) thrown at [./src/hotspot/share/classfile/systemDictionary.cpp, line 231]
Event: 20.451 Thread 0x00000249ff324800 Exception <a 'java/lang/ClassNotFoundException'{0x0000000087b9ad08}: com/android/build/gradle/internal/api/ApkVariantOutputImplBeanInfo> (0x0000000087b9ad08) thrown at [./src/hotspot/share/classfile/systemDictionary.cpp, line 231]
Event: 20.451 Thread 0x00000249ff324800 Exception <a 'java/lang/ClassNotFoundException'{0x0000000087bb6188}: com/android/build/gradle/internal/api/BaseVariantOutputImplBeanInfo> (0x0000000087bb6188) thrown at [./src/hotspot/share/classfile/systemDictionary.cpp, line 231]
Event: 20.452 Thread 0x00000249ff324800 Exception <a 'java/lang/ClassNotFoundException'{0x0000000087bd1670}: com/android/build/gradle/internal/api/BaseVariantOutputImplCustomizer> (0x0000000087bd1670) thrown at [./src/hotspot/share/classfile/systemDictionary.cpp, line 231]
Event: 20.462 Thread 0x00000249ff324800 Exception <a 'java/lang/ClassNotFoundException'{0x0000000087bff210}: com/android/build/gradle/internal/api/ApkVariantOutputImplCustomizer> (0x0000000087bff210) thrown at [./src/hotspot/share/classfile/systemDictionary.cpp, line 231]
Event: 20.464 Thread 0x00000249ff324800 Exception <a 'java/lang/ClassNotFoundException'{0x0000000087a29868}: com/android/build/gradle/internal/api/ApkVariantOutputImpl_DecoratedCustomizer> (0x0000000087a29868) thrown at [./src/hotspot/share/classfile/systemDictionary.cpp, line 231]
Event: 20.568 Thread 0x00000249ff324800 Exception <a 'java/lang/ClassNotFoundException'{0x00000000879a12e8}: com/android/build/gradle/internal/api/ReadOnlyBuildTypeBeanInfo> (0x00000000879a12e8) thrown at [./src/hotspot/share/classfile/systemDictionary.cpp, line 231]
Event: 20.569 Thread 0x00000249ff324800 Exception <a 'java/lang/ClassNotFoundException'{0x00000000879bb620}: com/android/build/gradle/internal/api/ReadOnlyBaseConfigBeanInfo> (0x00000000879bb620) thrown at [./src/hotspot/share/classfile/systemDictionary.cpp, line 231]
Event: 20.570 Thread 0x00000249ff324800 Exception <a 'java/lang/ClassNotFoundException'{0x00000000879d6200}: com/android/build/gradle/internal/api/ReadOnlyBaseConfigCustomizer> (0x00000000879d6200) thrown at [./src/hotspot/share/classfile/systemDictionary.cpp, line 231]
Event: 20.574 Thread 0x00000249ff324800 Exception <a 'java/lang/ClassNotFoundException'{0x0000000087801970}: com/android/build/gradle/internal/api/ReadOnlyBuildTypeCustomizer> (0x0000000087801970) thrown at [./src/hotspot/share/classfile/systemDictionary.cpp, line 231]
Event: 21.519 Thread 0x00000249ff324800 Exception <a 'sun/nio/fs/WindowsException'{0x00000000866eb238}> (0x00000000866eb238) thrown at [./src/hotspot/share/prims/jni.cpp, line 615]
Event: 21.520 Thread 0x00000249ff324800 Exception <a 'sun/nio/fs/WindowsException'{0x00000000866eb838}> (0x00000000866eb838) thrown at [./src/hotspot/share/prims/jni.cpp, line 615]
Event: 21.717 Thread 0x00000249ff324800 Exception <a 'java/lang/NullPointerException'{0x0000000085ddfda8}> (0x0000000085ddfda8) thrown at [./src/hotspot/share/interpreter/linkResolver.cpp, line 1440]
Event: 21.904 Thread 0x00000249ff324800 Implicit null exception at 0x00000249ee4bbd0d to 0x00000249ee4bc3c8
Event: 22.198 Thread 0x00000249ff324800 Exception <a 'java/lang/NoSuchMethodError'{0x00000000879e3258}: 'int java.lang.invoke.DirectMethodHandle$Holder.invokeStatic(java.lang.Object, java.lang.Object, int, java.lang.Object)'> (0x00000000879e3258) thrown at [./src/hotspot/share/interpreter/linkResolver.cpp, line 773]
Event: 22.199 Thread 0x00000249ff324800 Exception <a 'java/lang/NoSuchMethodError'{0x00000000879ea100}: 'java.lang.Object java.lang.invoke.Invokers$Holder.linkToTargetMethod(java.lang.Object, int, java.lang.Object)'> (0x00000000879ea100) thrown at [./src/hotspot/share/interpreter/linkResolver.cpp, line 773]

Events (20 events):
Event: 22.256 loading class com/sun/org/apache/xerces/internal/parsers/AbstractSAXParser$LocatorProxy done
Event: 22.256 loading class com/sun/org/apache/xerces/internal/impl/XMLScanner$NameType
Event: 22.256 loading class com/sun/org/apache/xerces/internal/impl/XMLScanner$NameType done
Event: 22.258 loading class com/sun/org/apache/xerces/internal/impl/Constants
Event: 22.260 loading class com/sun/org/apache/xerces/internal/impl/Constants done
Event: 22.260 loading class com/sun/org/apache/xerces/internal/impl/Constants$ArrayEnumeration
Event: 22.260 loading class com/sun/org/apache/xerces/internal/impl/Constants$ArrayEnumeration done
Event: 22.262 loading class org/xml/sax/helpers/AttributesImpl
Event: 22.263 loading class org/xml/sax/helpers/AttributesImpl done
Event: 22.264 loading class java/util/regex/Pattern$Behind
Event: 22.264 loading class java/util/regex/Pattern$Behind done
Event: 22.265 loading class java/util/regex/Pattern$Neg
Event: 22.265 loading class java/util/regex/Pattern$Neg done
Event: 22.290 loading class com/sun/xml/bind/DatatypeConverterImpl
Event: 22.290 loading class com/sun/xml/bind/DatatypeConverterImpl done
Event: 22.291 loading class javax/xml/bind/DatatypeConverterInterface
Event: 22.291 loading class javax/xml/bind/DatatypeConverterInterface done
Event: 22.293 loading class javax/xml/datatype/DatatypeConfigurationException
Event: 22.293 loading class javax/xml/datatype/DatatypeConfigurationException done
Event: 22.297 Thread 0x00000249ffd13000 Thread added: 0x00000249ffd13000


Dynamic libraries:
0x00007ff7ce570000 - 0x00007ff7ce57a000 	C:\Program Files\Android\Android Studio\jre\bin\java.exe
0x00007ffeff090000 - 0x00007ffeff285000 	C:\Windows\SYSTEM32\ntdll.dll
0x00007ffefe8d0000 - 0x00007ffefe98e000 	C:\Windows\System32\KERNEL32.DLL
0x00007ffefce10000 - 0x00007ffefd0d9000 	C:\Windows\System32\KERNELBASE.dll
0x00007ffefc7b0000 - 0x00007ffefc8b0000 	C:\Windows\System32\ucrtbase.dll
0x00007ffedd640000 - 0x00007ffedd659000 	C:\Program Files\Android\Android Studio\jre\bin\jli.dll
0x00007ffefee10000 - 0x00007ffefefb1000 	C:\Windows\System32\USER32.dll
0x00007ffefccd0000 - 0x00007ffefccf2000 	C:\Windows\System32\win32u.dll
0x00007ffefd610000 - 0x00007ffefd63b000 	C:\Windows\System32\GDI32.dll
0x00007ffefcd00000 - 0x00007ffefce0b000 	C:\Windows\System32\gdi32full.dll
0x00007ffefc960000 - 0x00007ffefc9fd000 	C:\Windows\System32\msvcp_win.dll
0x00007ffedaf70000 - 0x00007ffedaf87000 	C:\Program Files\Android\Android Studio\jre\bin\VCRUNTIME140.dll
0x00007ffef12b0000 - 0x00007ffef154a000 	C:\Windows\WinSxS\amd64_microsoft.windows.common-controls_6595b64144ccf1df_6.0.19041.1110_none_60b5254171f9507e\COMCTL32.dll
0x00007ffefe7d0000 - 0x00007ffefe86e000 	C:\Windows\System32\msvcrt.dll
0x00007ffefdae0000 - 0x00007ffefdb10000 	C:\Windows\System32\IMM32.DLL
0x00007ffeccc50000 - 0x00007ffeccced000 	C:\Program Files\Android\Android Studio\jre\bin\msvcp140.dll
0x00007ffebe620000 - 0x00007ffebf0ef000 	C:\Program Files\Android\Android Studio\jre\bin\server\jvm.dll
0x00007ffefd0e0000 - 0x00007ffefd18c000 	C:\Windows\System32\ADVAPI32.dll
0x00007ffefed70000 - 0x00007ffefee0b000 	C:\Windows\System32\sechost.dll
0x00007ffefd9b0000 - 0x00007ffefdada000 	C:\Windows\System32\RPCRT4.dll
0x00007ffefd930000 - 0x00007ffefd938000 	C:\Windows\System32\PSAPI.DLL
0x00007ffef8360000 - 0x00007ffef8369000 	C:\Windows\SYSTEM32\WSOCK32.dll
0x00007ffefeb60000 - 0x00007ffefebcb000 	C:\Windows\System32\WS2_32.dll
0x00007ffedf9f0000 - 0x00007ffedfa17000 	C:\Windows\SYSTEM32\WINMM.dll
0x00007ffef1bb0000 - 0x00007ffef1bba000 	C:\Windows\SYSTEM32\VERSION.dll
0x00007ffefa6d0000 - 0x00007ffefa6e2000 	C:\Windows\SYSTEM32\kernel.appcore.dll
0x00007ffeedfe0000 - 0x00007ffeedff1000 	C:\Program Files\Android\Android Studio\jre\bin\verify.dll
0x00007ffed8200000 - 0x00007ffed83e4000 	C:\Windows\SYSTEM32\DBGHELP.DLL
0x00007ffeda140000 - 0x00007ffeda16c000 	C:\Windows\SYSTEM32\dbgcore.DLL
0x00007ffefca80000 - 0x00007ffefcb03000 	C:\Windows\System32\bcryptPrimitives.dll
0x00007ffedefd0000 - 0x00007ffedeff9000 	C:\Program Files\Android\Android Studio\jre\bin\java.dll
0x00007ffef8350000 - 0x00007ffef835b000 	C:\Program Files\Android\Android Studio\jre\bin\jimage.dll
0x00007ffedb2c0000 - 0x00007ffedb2d8000 	C:\Program Files\Android\Android Studio\jre\bin\zip.dll
0x00007ffefe090000 - 0x00007ffefe7cf000 	C:\Windows\System32\SHELL32.dll
0x00007ffefa8d0000 - 0x00007ffefb060000 	C:\Windows\SYSTEM32\windows.storage.dll
0x00007ffefdc00000 - 0x00007ffefdf55000 	C:\Windows\System32\combase.dll
0x00007ffefc130000 - 0x00007ffefc15c000 	C:\Windows\SYSTEM32\Wldp.dll
0x00007ffefd7f0000 - 0x00007ffefd89d000 	C:\Windows\System32\SHCORE.dll
0x00007ffefecb0000 - 0x00007ffefed05000 	C:\Windows\System32\shlwapi.dll
0x00007ffefc6f0000 - 0x00007ffefc70f000 	C:\Windows\SYSTEM32\profapi.dll
0x00007ffed9de0000 - 0x00007ffed9dfa000 	C:\Program Files\Android\Android Studio\jre\bin\net.dll
0x00007ffef4490000 - 0x00007ffef4598000 	C:\Windows\SYSTEM32\WINHTTP.dll
0x00007ffefbe90000 - 0x00007ffefbefa000 	C:\Windows\system32\mswsock.dll
0x00007ffed99a0000 - 0x00007ffed99b4000 	C:\Program Files\Android\Android Studio\jre\bin\nio.dll
0x00007ffef16d0000 - 0x00007ffef16f7000 	C:\Users\MARIA TERESA\.gradle\native\8bec1ad78214c89d9ad589b4d07fe93259594b29d510b10fafb7a158f7737e5d\windows-amd64\native-platform.dll
0x00007ffecdc80000 - 0x00007ffecddbd000 	C:\Users\MARIA TERESA\.gradle\native\53dbd7edfb1c66fb8903c78663c9afc45aea4f116125fa6feffd364cf09443e8\windows-amd64\native-platform-file-events.dll
0x00007ffef3070000 - 0x00007ffef307a000 	C:\Program Files\Android\Android Studio\jre\bin\management.dll
0x00007ffef2d80000 - 0x00007ffef2d8c000 	C:\Program Files\Android\Android Studio\jre\bin\management_ext.dll
0x00007ffefc080000 - 0x00007ffefc098000 	C:\Windows\SYSTEM32\CRYPTSP.dll
0x00007ffefb810000 - 0x00007ffefb844000 	C:\Windows\system32\rsaenh.dll
0x00007ffefca00000 - 0x00007ffefca27000 	C:\Windows\System32\bcrypt.dll
0x00007ffefc6b0000 - 0x00007ffefc6de000 	C:\Windows\SYSTEM32\USERENV.dll
0x00007ffefc0a0000 - 0x00007ffefc0ac000 	C:\Windows\SYSTEM32\CRYPTBASE.dll
0x00007ffefbb80000 - 0x00007ffefbbbb000 	C:\Windows\SYSTEM32\IPHLPAPI.DLL
0x00007ffefd9a0000 - 0x00007ffefd9a8000 	C:\Windows\System32\NSI.dll
0x00007ffef6c00000 - 0x00007ffef6c17000 	C:\Windows\SYSTEM32\dhcpcsvc6.DLL
0x00007ffef6bc0000 - 0x00007ffef6bdd000 	C:\Windows\SYSTEM32\dhcpcsvc.DLL
0x00007ffefbbc0000 - 0x00007ffefbc8c000 	C:\Windows\SYSTEM32\DNSAPI.dll

dbghelp: loaded successfully - version: 4.0.5 - missing functions: none
symbol engine: initialized successfully - sym options: 0x614 - pdb path: .;C:\Program Files\Android\Android Studio\jre\bin;C:\Windows\SYSTEM32;C:\Windows\WinSxS\amd64_microsoft.windows.common-controls_6595b64144ccf1df_6.0.19041.1110_none_60b5254171f9507e;C:\Program Files\Android\Android Studio\jre\bin\server;C:\Users\MARIA TERESA\.gradle\native\8bec1ad78214c89d9ad589b4d07fe93259594b29d510b10fafb7a158f7737e5d\windows-amd64;C:\Users\MARIA TERESA\.gradle\native\53dbd7edfb1c66fb8903c78663c9afc45aea4f116125fa6feffd364cf09443e8\windows-amd64

VM Arguments:
jvm_args: --add-opens=java.base/java.util=ALL-UNNAMED --add-opens=java.base/java.lang=ALL-UNNAMED --add-opens=java.base/java.lang.invoke=ALL-UNNAMED --add-opens=java.base/java.util=ALL-UNNAMED --add-opens=java.prefs/java.util.prefs=ALL-UNNAMED --add-opens=java.prefs/java.util.prefs=ALL-UNNAMED --add-opens=java.base/java.nio.charset=ALL-UNNAMED --add-opens=java.base/java.net=ALL-UNNAMED --add-opens=java.base/java.util.concurrent.atomic=ALL-UNNAMED -Xmx2048m -Dfile.encoding=UTF-8 -Duser.country=CO -Duser.language=es -Duser.variant 
java_command: org.gradle.launcher.daemon.bootstrap.GradleDaemon 7.0.2
java_class_path (initial): C:\Users\MARIA TERESA\.gradle\wrapper\dists\gradle-7.0.2-bin\857tjihv64xamwrf0h14cai3r\gradle-7.0.2\lib\gradle-launcher-7.0.2.jar
Launcher Type: SUN_STANDARD

[Global flags]
     intx CICompilerCount                          = 3                                         {product} {ergonomic}
     uint ConcGCThreads                            = 1                                         {product} {ergonomic}
     uint G1ConcRefinementThreads                  = 4                                         {product} {ergonomic}
   size_t G1HeapRegionSize                         = 1048576                                   {product} {ergonomic}
    uintx GCDrainStackTargetSize                   = 64                                        {product} {ergonomic}
   size_t InitialHeapSize                          = 96468992                                  {product} {ergonomic}
   size_t MarkStackSize                            = 4194304                                   {product} {ergonomic}
   size_t MaxHeapSize                              = 2147483648                                {product} {command line}
   size_t MaxNewSize                               = 1287651328                                {product} {ergonomic}
   size_t MinHeapDeltaBytes                        = 1048576                                   {product} {ergonomic}
    uintx NonNMethodCodeHeapSize                   = 5830732                                {pd product} {ergonomic}
    uintx NonProfiledCodeHeapSize                  = 122913754                              {pd product} {ergonomic}
    uintx ProfiledCodeHeapSize                     = 122913754                              {pd product} {ergonomic}
    uintx ReservedCodeCacheSize                    = 251658240                              {pd product} {ergonomic}
     bool SegmentedCodeCache                       = true                                      {product} {ergonomic}
     bool UseCompressedClassPointers               = true                                 {lp64_product} {ergonomic}
     bool UseCompressedOops                        = true                                 {lp64_product} {ergonomic}
     bool UseG1GC                                  = true                                      {product} {ergonomic}
     bool UseLargePagesIndividualAllocation        = false                                  {pd product} {ergonomic}

Logging:
Log output configuration:
 #0: stdout all=warning uptime,level,tags
 #1: stderr all=off uptime,level,tags

Environment Variables:
PATH=C:\Program Files\Common Files\Oracle\Java\javapath;C:\Program Files\Microsoft MPI\Bin\;C:\Windows\system32;C:\Windows;C:\Windows\System32\Wbem;C:\Windows\System32\WindowsPowerShell\v1.0\;C:\Windows\System32\OpenSSH\;C:\Program Files\Azure Data Studio\bin;C:\Program Files (x86)\Microsoft SQL Server\150\Tools\Binn\;C:\Program Files\Microsoft SQL Server\150\Tools\Binn\;C:\Program Files (x86)\Microsoft SQL Server\150\DTS\Binn\;C:\Program Files\Microsoft SQL Server\150\DTS\Binn\;C:\Program Files\Microsoft SQL Server\Client SDK\ODBC\170\Tools\Binn\;C:\Program Files\dotnet\;C:\Program Files\Git\cmd;C:\Users\MARIA TERESA\AppData\Local\Microsoft\WindowsApps;;C:\Users\MARIA TERESA\AppData\Local\Programs\Microsoft VS Code\bin;C:\Program Files\Azure Data Studio\bin;C:\Users\MARIA TERESA\.dotnet\tools
USERNAME=MARIA TERESA
OS=Windows_NT
PROCESSOR_IDENTIFIER=Intel64 Family 6 Model 37 Stepping 2, GenuineIntel



---------------  S Y S T E M  ---------------

OS: Windows 10 , 64 bit Build 19041 (10.0.19041.1202)
OS uptime: 12 days 11:01 hours

CPU:total 4 (initial active 4) (2 cores per cpu, 2 threads per core) family 6 model 37 stepping 2 microcode 0x11, cmov, cx8, fxsr, mmx, sse, sse2, sse3, ssse3, sse4.1, sse4.2, popcnt, ht, tsc, tscinvbit

Memory: 4k page, system-wide physical 5879M (566M free)
TotalPageFile size 5879M (AvailPageFile size 0M)
current process WorkingSet (physical memory assigned to process): 349M, peak: 353M
current process commit charge ("private bytes"): 378M, peak: 384M

vm_info: OpenJDK 64-Bit Server VM (11.0.10+0-b96-7249189) for windows-amd64 JRE (11.0.10+0-b96-7249189), built on Mar 31 2021 21:44:00 by "builder" with MS VC++ 14.0 (VS2015)

END.
