#
# There is insufficient memory for the Java Runtime Environment to continue.
# Native memory allocation (malloc) failed to allocate 1370736 bytes for Chunk::new
# Possible reasons:
#   The system is out of physical RAM or swap space
#   The process is running with CompressedOops enabled, and the Java Heap may be blocking the growth of the native heap
# Possible solutions:
#   Reduce memory load on the system
#   Increase physical memory or swap space
#   Check if swap backing store is full
#   Decrease Java heap size (-Xmx/-Xms)
#   Decrease number of Java threads
#   Decrease Java thread stack sizes (-Xss)
#   Set larger code cache with -XX:ReservedCodeCacheSize=
#   JVM is running with Unscaled Compressed Oops mode in which the Java heap is
#     placed in the first 4GB address space. The Java Heap base address is the
#     maximum limit for the native heap growth. Please use -XX:HeapBaseMinAddress
#     to set the Java Heap base and to place the Java Heap above 4GB virtual address.
# This output file may be truncated or incomplete.
#
#  Out of Memory Error (./src/hotspot/share/memory/arena.cpp:197), pid=2648, tid=9500
#
# JRE version: OpenJDK Runtime Environment (11.0.10) (build 11.0.10+0-b96-7249189)
# Java VM: OpenJDK 64-Bit Server VM (11.0.10+0-b96-7249189, mixed mode, tiered, compressed oops, g1 gc, windows-amd64)
# No core dump will be written. Minidumps are not enabled by default on client versions of Windows
#

---------------  S U M M A R Y ------------

Command Line: --add-opens=java.base/java.util=ALL-UNNAMED --add-opens=java.base/java.lang=ALL-UNNAMED --add-opens=java.base/java.lang.invoke=ALL-UNNAMED --add-opens=java.base/java.util=ALL-UNNAMED --add-opens=java.prefs/java.util.prefs=ALL-UNNAMED --add-opens=java.prefs/java.util.prefs=ALL-UNNAMED --add-opens=java.base/java.nio.charset=ALL-UNNAMED --add-opens=java.base/java.net=ALL-UNNAMED --add-opens=java.base/java.util.concurrent.atomic=ALL-UNNAMED -Xmx2048m -Dfile.encoding=UTF-8 -Duser.country=CO -Duser.language=es -Duser.variant org.gradle.launcher.daemon.bootstrap.GradleDaemon 7.0.2

Host: Intel(R) Core(TM) i3 CPU         540  @ 3.07GHz, 4 cores, 5G,  Windows 10 , 64 bit Build 19041 (10.0.19041.1348)
Time: Thu Nov 18 20:46:53 2021 Hora est. Pacífico, Sudamérica elapsed time: 7.194688 seconds (0d 0h 0m 7s)

---------------  T H R E A D  ---------------

Current thread (0x000002a2fdc49800):  JavaThread "C2 CompilerThread1" daemon [_thread_in_native, id=9500, stack(0x000000ebf1200000,0x000000ebf1300000)]


Current CompileTask:
C2:   7194 2722   !   4       java.net.URL::<init> (543 bytes)

Stack: [0x000000ebf1200000,0x000000ebf1300000]
Native frames: (J=compiled Java code, j=interpreted, Vv=VM code, C=native code)
V  [jvm.dll+0x5ecfaa]
V  [jvm.dll+0x722bd5]
V  [jvm.dll+0x72412d]
V  [jvm.dll+0x7247e3]
V  [jvm.dll+0x242928]
V  [jvm.dll+0xbc4fc]
V  [jvm.dll+0xbca0c]
V  [jvm.dll+0x352d3b]
V  [jvm.dll+0x320ad3]
V  [jvm.dll+0x31ffca]
V  [jvm.dll+0x1fb602]
V  [jvm.dll+0x1fa7f4]
V  [jvm.dll+0x18354c]
V  [jvm.dll+0x208ee7]
V  [jvm.dll+0x207731]
V  [jvm.dll+0x6eb1cf]
V  [jvm.dll+0x6e3d45]
V  [jvm.dll+0x5ebe96]
C  [ucrtbase.dll+0x21bb2]
C  [KERNEL32.DLL+0x17034]
C  [ntdll.dll+0x52651]


---------------  P R O C E S S  ---------------

Threads class SMR info:
_java_thread_list=0x000002a28fa6cc00, length=35, elements={
0x000002a2efa3d000, 0x000002a2fad44800, 0x000002a2fad4d800, 0x000002a2fad32000,
0x000002a2fad32800, 0x000002a2fad4f000, 0x000002a2fad53000, 0x000002a2fad5a000,
0x000002a2fad60800, 0x000002a2fb816800, 0x000002a2fcf50800, 0x000002a2fca22800,
0x000002a2fcf5f800, 0x000002a2fc468000, 0x000002a2fd0a0000, 0x000002a2fcf5e800,
0x000002a2fc11d000, 0x000002a2fd78d000, 0x000002a2fc11e000, 0x000002a2fd995000,
0x000002a2fd993800, 0x000002a2fd990000, 0x000002a2fd992800, 0x000002a2fdc49800,
0x000002a2fd991000, 0x000002a2fd991800, 0x000002a2fd98f800, 0x000002a2fd996000,
0x000002a2fd994000, 0x000002a28f26c800, 0x000002a28f26f800, 0x000002a28f270800,
0x000002a28f271000, 0x000002a28f26b800, 0x000002a28f272000
}

Java Threads: ( => current thread )
  0x000002a2efa3d000 JavaThread "main" [_thread_blocked, id=2084, stack(0x000000ebef100000,0x000000ebef200000)]
  0x000002a2fad44800 JavaThread "Reference Handler" daemon [_thread_blocked, id=9528, stack(0x000000ebef800000,0x000000ebef900000)]
  0x000002a2fad4d800 JavaThread "Finalizer" daemon [_thread_blocked, id=8096, stack(0x000000ebef900000,0x000000ebefa00000)]
  0x000002a2fad32000 JavaThread "Signal Dispatcher" daemon [_thread_blocked, id=7428, stack(0x000000ebefa00000,0x000000ebefb00000)]
  0x000002a2fad32800 JavaThread "Attach Listener" daemon [_thread_blocked, id=7856, stack(0x000000ebefb00000,0x000000ebefc00000)]
  0x000002a2fad4f000 JavaThread "Service Thread" daemon [_thread_blocked, id=3368, stack(0x000000ebefc00000,0x000000ebefd00000)]
  0x000002a2fad53000 JavaThread "C2 CompilerThread0" daemon [_thread_in_native, id=1888, stack(0x000000ebefd00000,0x000000ebefe00000)]
  0x000002a2fad5a000 JavaThread "C1 CompilerThread0" daemon [_thread_blocked, id=792, stack(0x000000ebefe00000,0x000000ebeff00000)]
  0x000002a2fad60800 JavaThread "Sweeper thread" daemon [_thread_blocked, id=7100, stack(0x000000ebeff00000,0x000000ebf0000000)]
  0x000002a2fb816800 JavaThread "Common-Cleaner" daemon [_thread_blocked, id=3496, stack(0x000000ebf0000000,0x000000ebf0100000)]
  0x000002a2fcf50800 JavaThread "Daemon health stats" [_thread_blocked, id=8868, stack(0x000000ebf0400000,0x000000ebf0500000)]
  0x000002a2fca22800 JavaThread "Incoming local TCP Connector on port 63132" [_thread_in_native, id=4220, stack(0x000000ebf0500000,0x000000ebf0600000)]
  0x000002a2fcf5f800 JavaThread "Daemon periodic checks" [_thread_blocked, id=8456, stack(0x000000ebf0600000,0x000000ebf0700000)]
  0x000002a2fc468000 JavaThread "Daemon" [_thread_blocked, id=4812, stack(0x000000ebf0700000,0x000000ebf0800000)]
  0x000002a2fd0a0000 JavaThread "Handler for socket connection from /127.0.0.1:63132 to /127.0.0.1:63133" [_thread_in_native, id=7520, stack(0x000000ebf0800000,0x000000ebf0900000)]
  0x000002a2fcf5e800 JavaThread "Cancel handler" [_thread_blocked, id=744, stack(0x000000ebf0900000,0x000000ebf0a00000)]
  0x000002a2fc11d000 JavaThread "Daemon worker" [_thread_in_Java, id=8232, stack(0x000000ebf0c00000,0x000000ebf0d00000)]
  0x000002a2fd78d000 JavaThread "Asynchronous log dispatcher for DefaultDaemonConnection: socket connection from /127.0.0.1:63132 to /127.0.0.1:63133" [_thread_blocked, id=6188, stack(0x000000ebf0d00000,0x000000ebf0e00000)]
  0x000002a2fc11e000 JavaThread "Stdin handler" [_thread_blocked, id=1116, stack(0x000000ebf0e00000,0x000000ebf0f00000)]
  0x000002a2fd995000 JavaThread "Daemon client event forwarder" [_thread_blocked, id=1824, stack(0x000000ebf0f00000,0x000000ebf1000000)]
  0x000002a2fd993800 JavaThread "Cache worker for file hash cache (C:\Users\MARIA TERESA\.gradle\caches\7.0.2\fileHashes)" [_thread_blocked, id=9856, stack(0x000000ebf0200000,0x000000ebf0300000)]
  0x000002a2fd990000 JavaThread "File lock request listener" [_thread_in_native, id=9592, stack(0x000000ebf1000000,0x000000ebf1100000)]
  0x000002a2fd992800 JavaThread "Cache worker for journal cache (C:\Users\MARIA TERESA\.gradle\caches\journal-1)" [_thread_blocked, id=10100, stack(0x000000ebf1100000,0x000000ebf1200000)]
=>0x000002a2fdc49800 JavaThread "C2 CompilerThread1" daemon [_thread_in_native, id=9500, stack(0x000000ebf1200000,0x000000ebf1300000)]
  0x000002a2fd991000 JavaThread "Cache worker for file hash cache (G:\DOWNLOADS\androidstudioprojects\.gradle\7.0.2\fileHashes)" [_thread_blocked, id=5512, stack(0x000000ebf1300000,0x000000ebf1400000)]
  0x000002a2fd991800 JavaThread "File watcher server" daemon [_thread_in_native, id=936, stack(0x000000ebf1400000,0x000000ebf1500000)]
  0x000002a2fd98f800 JavaThread "File watcher consumer" daemon [_thread_blocked, id=1136, stack(0x000000ebf1500000,0x000000ebf1600000)]
  0x000002a2fd996000 JavaThread "jar transforms" [_thread_blocked, id=4852, stack(0x000000ebf1600000,0x000000ebf1700000)]
  0x000002a2fd994000 JavaThread "jar transforms Thread 2" [_thread_blocked, id=9152, stack(0x000000ebf1700000,0x000000ebf1800000)]
  0x000002a28f26c800 JavaThread "jar transforms Thread 3" [_thread_blocked, id=8892, stack(0x000000ebf1800000,0x000000ebf1900000)]
  0x000002a28f26f800 JavaThread "jar transforms Thread 4" [_thread_blocked, id=5776, stack(0x000000ebf1900000,0x000000ebf1a00000)]
  0x000002a28f270800 JavaThread "Cache worker for checksums cache (G:\DOWNLOADS\androidstudioprojects\.gradle\checksums)" [_thread_blocked, id=5604, stack(0x000000ebf1a00000,0x000000ebf1b00000)]
  0x000002a28f271000 JavaThread "Cache worker for cache directory md-supplier (C:\Users\MARIA TERESA\.gradle\caches\7.0.2\md-supplier)" [_thread_blocked, id=1644, stack(0x000000ebf1b00000,0x000000ebf1c00000)]
  0x000002a28f26b800 JavaThread "Cache worker for cache directory md-rule (C:\Users\MARIA TERESA\.gradle\caches\7.0.2\md-rule)" [_thread_blocked, id=9904, stack(0x000000ebf1c00000,0x000000ebf1d00000)]
  0x000002a28f272000 JavaThread "Cache worker for execution history cache (C:\Users\MARIA TERESA\.gradle\caches\7.0.2\executionHistory)" [_thread_blocked, id=7056, stack(0x000000ebf1d00000,0x000000ebf1e00000)]

Other Threads:
  0x000002a2fad21000 VMThread "VM Thread" [stack: 0x000000ebef700000,0x000000ebef800000] [id=8808]
  0x000002a2fb817800 WatcherThread [stack: 0x000000ebf0100000,0x000000ebf0200000] [id=8052]
  0x000002a2efa55000 GCTaskThread "GC Thread#0" [stack: 0x000000ebef200000,0x000000ebef300000] [id=996]
  0x000002a2fc201800 GCTaskThread "GC Thread#1" [stack: 0x000000ebf0300000,0x000000ebf0400000] [id=7592]
  0x000002a2fd7de800 GCTaskThread "GC Thread#2" [stack: 0x000000ebf0a00000,0x000000ebf0b00000] [id=7940]
  0x000002a2fd0a0800 GCTaskThread "GC Thread#3" [stack: 0x000000ebf0b00000,0x000000ebf0c00000] [id=7936]
  0x000002a2efa86800 ConcurrentGCThread "G1 Main Marker" [stack: 0x000000ebef300000,0x000000ebef400000] [id=5892]
  0x000002a2efa88000 ConcurrentGCThread "G1 Conc#0" [stack: 0x000000ebef400000,0x000000ebef500000] [id=2100]
  0x000002a2efaeb800 ConcurrentGCThread "G1 Refine#0" [stack: 0x000000ebef500000,0x000000ebef600000] [id=2604]
  0x000002a2efaee000 ConcurrentGCThread "G1 Young RemSet Sampling" [stack: 0x000000ebef600000,0x000000ebef700000] [id=8376]

Threads with active compile tasks:
C2 CompilerThread0   7240 2723  s!   4       jdk.internal.loader.URLClassPath::getLoader (194 bytes)
C1 CompilerThread0   7240 2874   !   3       org.codehaus.groovy.util.LazyReference::getLocked (85 bytes)
C2 CompilerThread1   7240 2722   !   4       java.net.URL::<init> (543 bytes)

VM state:not at safepoint (normal execution)

VM Mutex/Monitor currently owned by a thread: None

Heap address: 0x0000000080000000, size: 2048 MB, Compressed Oops mode: 32-bit
Narrow klass base: 0x0000000000000000, Narrow klass shift: 3
Compressed class space size: 1073741824 Address: 0x0000000100000000

Heap:
 garbage-first heap   total 113664K, used 42945K [0x0000000080000000, 0x0000000100000000)
  region size 1024K, 17 young (17408K), 7 survivors (7168K)
 Metaspace       used 32907K, capacity 33847K, committed 33920K, reserved 1079296K
  class space    used 4376K, capacity 4698K, committed 4736K, reserved 1048576K
Heap Regions: E=young(eden), S=young(survivor), O=old, HS=humongous(starts), HC=humongous(continues), CS=collection set, F=free, A=archive, TAMS=top-at-mark-start (previous, next)
|   0|0x0000000080000000, 0x0000000080100000, 0x0000000080100000|100%|HS|  |TAMS 0x0000000080100000, 0x0000000080000000| Complete 
|   1|0x0000000080100000, 0x0000000080200000, 0x0000000080200000|100%|HC|  |TAMS 0x0000000080200000, 0x0000000080100000| Complete 
|   2|0x0000000080200000, 0x0000000080300000, 0x0000000080300000|100%|HC|  |TAMS 0x0000000080300000, 0x0000000080200000| Complete 
|   3|0x0000000080300000, 0x0000000080400000, 0x0000000080400000|100%| O|  |TAMS 0x0000000080400000, 0x0000000080300000| Untracked 
|   4|0x0000000080400000, 0x0000000080500000, 0x0000000080500000|100%| O|  |TAMS 0x0000000080500000, 0x0000000080400000| Untracked 
|   5|0x0000000080500000, 0x0000000080600000, 0x0000000080600000|100%| O|  |TAMS 0x0000000080600000, 0x0000000080500000| Untracked 
|   6|0x0000000080600000, 0x0000000080700000, 0x0000000080700000|100%| O|  |TAMS 0x0000000080700000, 0x0000000080600000| Untracked 
|   7|0x0000000080700000, 0x0000000080800000, 0x0000000080800000|100%| O|  |TAMS 0x0000000080800000, 0x0000000080700000| Untracked 
|   8|0x0000000080800000, 0x0000000080900000, 0x0000000080900000|100%| O|  |TAMS 0x0000000080900000, 0x0000000080800000| Untracked 
|   9|0x0000000080900000, 0x0000000080a00000, 0x0000000080a00000|100%| O|  |TAMS 0x0000000080a00000, 0x0000000080900000| Untracked 
|  10|0x0000000080a00000, 0x0000000080b00000, 0x0000000080b00000|100%| O|  |TAMS 0x0000000080b00000, 0x0000000080a00000| Untracked 
|  11|0x0000000080b00000, 0x0000000080c00000, 0x0000000080c00000|100%| O|  |TAMS 0x0000000080c00000, 0x0000000080b00000| Untracked 
|  12|0x0000000080c00000, 0x0000000080d00000, 0x0000000080d00000|100%| O|  |TAMS 0x0000000080d00000, 0x0000000080c00000| Untracked 
|  13|0x0000000080d00000, 0x0000000080e00000, 0x0000000080e00000|100%| O|  |TAMS 0x0000000080e00000, 0x0000000080d00000| Untracked 
|  14|0x0000000080e00000, 0x0000000080f00000, 0x0000000080f00000|100%| O|  |TAMS 0x0000000080f00000, 0x0000000080e00000| Untracked 
|  15|0x0000000080f00000, 0x0000000080ffaa00, 0x0000000081000000| 97%| O|  |TAMS 0x0000000080ffaa00, 0x0000000080f00000| Untracked 
|  16|0x0000000081000000, 0x0000000081100000, 0x0000000081100000|100%|HS|  |TAMS 0x0000000081000000, 0x0000000081000000| Complete 
|  17|0x0000000081100000, 0x0000000081200000, 0x0000000081200000|100%|HC|  |TAMS 0x0000000081100000, 0x0000000081100000| Complete 
|  18|0x0000000081200000, 0x0000000081300000, 0x0000000081300000|100%|HS|  |TAMS 0x0000000081200000, 0x0000000081200000| Complete 
|  19|0x0000000081300000, 0x0000000081400000, 0x0000000081400000|100%|HC|  |TAMS 0x0000000081300000, 0x0000000081300000| Complete 
|  20|0x0000000081400000, 0x0000000081500000, 0x0000000081500000|100%|HC|  |TAMS 0x0000000081400000, 0x0000000081400000| Complete 
|  21|0x0000000081500000, 0x0000000081600000, 0x0000000081600000|100%|HS|  |TAMS 0x0000000081500000, 0x0000000081500000| Complete 
|  22|0x0000000081600000, 0x0000000081700000, 0x0000000081700000|100%|HC|  |TAMS 0x0000000081600000, 0x0000000081600000| Complete 
|  23|0x0000000081700000, 0x0000000081800000, 0x0000000081800000|100%|HC|  |TAMS 0x0000000081700000, 0x0000000081700000| Complete 
|  24|0x0000000081800000, 0x0000000081900000, 0x0000000081900000|100%|HC|  |TAMS 0x0000000081800000, 0x0000000081800000| Complete 
|  25|0x0000000081900000, 0x0000000081a00000, 0x0000000081a00000|100%|HC|  |TAMS 0x0000000081900000, 0x0000000081900000| Complete 
|  26|0x0000000081a00000, 0x0000000081a00000, 0x0000000081b00000|  0%| F|  |TAMS 0x0000000081a00000, 0x0000000081a00000| Untracked 
|  27|0x0000000081b00000, 0x0000000081b00000, 0x0000000081c00000|  0%| F|  |TAMS 0x0000000081b00000, 0x0000000081b00000| Untracked 
|  28|0x0000000081c00000, 0x0000000081c00000, 0x0000000081d00000|  0%| F|  |TAMS 0x0000000081c00000, 0x0000000081c00000| Untracked 
|  29|0x0000000081d00000, 0x0000000081d00000, 0x0000000081e00000|  0%| F|  |TAMS 0x0000000081d00000, 0x0000000081d00000| Untracked 
|  30|0x0000000081e00000, 0x0000000081e00000, 0x0000000081f00000|  0%| F|  |TAMS 0x0000000081e00000, 0x0000000081e00000| Untracked 
|  31|0x0000000081f00000, 0x0000000081f00000, 0x0000000082000000|  0%| F|  |TAMS 0x0000000081f00000, 0x0000000081f00000| Untracked 
|  32|0x0000000082000000, 0x0000000082000000, 0x0000000082100000|  0%| F|  |TAMS 0x0000000082000000, 0x0000000082000000| Untracked 
|  33|0x0000000082100000, 0x0000000082100000, 0x0000000082200000|  0%| F|  |TAMS 0x0000000082100000, 0x0000000082100000| Untracked 
|  34|0x0000000082200000, 0x0000000082200000, 0x0000000082300000|  0%| F|  |TAMS 0x0000000082200000, 0x0000000082200000| Untracked 
|  35|0x0000000082300000, 0x0000000082300000, 0x0000000082400000|  0%| F|  |TAMS 0x0000000082300000, 0x0000000082300000| Untracked 
|  36|0x0000000082400000, 0x0000000082400000, 0x0000000082500000|  0%| F|  |TAMS 0x0000000082400000, 0x0000000082400000| Untracked 
|  37|0x0000000082500000, 0x0000000082500000, 0x0000000082600000|  0%| F|  |TAMS 0x0000000082500000, 0x0000000082500000| Untracked 
|  38|0x0000000082600000, 0x0000000082600000, 0x0000000082700000|  0%| F|  |TAMS 0x0000000082600000, 0x0000000082600000| Untracked 
|  39|0x0000000082700000, 0x0000000082700000, 0x0000000082800000|  0%| F|  |TAMS 0x0000000082700000, 0x0000000082700000| Untracked 
|  40|0x0000000082800000, 0x0000000082800000, 0x0000000082900000|  0%| F|  |TAMS 0x0000000082800000, 0x0000000082800000| Untracked 
|  41|0x0000000082900000, 0x0000000082900000, 0x0000000082a00000|  0%| F|  |TAMS 0x0000000082900000, 0x0000000082900000| Untracked 
|  42|0x0000000082a00000, 0x0000000082af5ad8, 0x0000000082b00000| 95%| S|CS|TAMS 0x0000000082a00000, 0x0000000082a00000| Complete 
|  43|0x0000000082b00000, 0x0000000082c00000, 0x0000000082c00000|100%| S|CS|TAMS 0x0000000082b00000, 0x0000000082b00000| Complete 
|  44|0x0000000082c00000, 0x0000000082d00000, 0x0000000082d00000|100%| S|CS|TAMS 0x0000000082c00000, 0x0000000082c00000| Complete 
|  45|0x0000000082d00000, 0x0000000082e00000, 0x0000000082e00000|100%| S|CS|TAMS 0x0000000082d00000, 0x0000000082d00000| Complete 
|  46|0x0000000082e00000, 0x0000000082f00000, 0x0000000082f00000|100%| S|CS|TAMS 0x0000000082e00000, 0x0000000082e00000| Complete 
|  47|0x0000000082f00000, 0x0000000083000000, 0x0000000083000000|100%| S|CS|TAMS 0x0000000082f00000, 0x0000000082f00000| Complete 
|  48|0x0000000083000000, 0x0000000083100000, 0x0000000083100000|100%| S|CS|TAMS 0x0000000083000000, 0x0000000083000000| Complete 
|  49|0x0000000083100000, 0x0000000083100000, 0x0000000083200000|  0%| F|  |TAMS 0x0000000083100000, 0x0000000083100000| Untracked 
|  50|0x0000000083200000, 0x0000000083200000, 0x0000000083300000|  0%| F|  |TAMS 0x0000000083200000, 0x0000000083200000| Untracked 
|  51|0x0000000083300000, 0x0000000083300000, 0x0000000083400000|  0%| F|  |TAMS 0x0000000083300000, 0x0000000083300000| Untracked 
|  52|0x0000000083400000, 0x0000000083400000, 0x0000000083500000|  0%| F|  |TAMS 0x0000000083400000, 0x0000000083400000| Untracked 
|  53|0x0000000083500000, 0x0000000083500000, 0x0000000083600000|  0%| F|  |TAMS 0x0000000083500000, 0x0000000083500000| Untracked 
|  54|0x0000000083600000, 0x0000000083600000, 0x0000000083700000|  0%| F|  |TAMS 0x0000000083600000, 0x0000000083600000| Untracked 
|  55|0x0000000083700000, 0x0000000083700000, 0x0000000083800000|  0%| F|  |TAMS 0x0000000083700000, 0x0000000083700000| Untracked 
|  56|0x0000000083800000, 0x0000000083800000, 0x0000000083900000|  0%| F|  |TAMS 0x0000000083800000, 0x0000000083800000| Untracked 
|  57|0x0000000083900000, 0x0000000083900000, 0x0000000083a00000|  0%| F|  |TAMS 0x0000000083900000, 0x0000000083900000| Untracked 
|  58|0x0000000083a00000, 0x0000000083a00000, 0x0000000083b00000|  0%| F|  |TAMS 0x0000000083a00000, 0x0000000083a00000| Untracked 
|  59|0x0000000083b00000, 0x0000000083b00000, 0x0000000083c00000|  0%| F|  |TAMS 0x0000000083b00000, 0x0000000083b00000| Untracked 
|  60|0x0000000083c00000, 0x0000000083c00000, 0x0000000083d00000|  0%| F|  |TAMS 0x0000000083c00000, 0x0000000083c00000| Untracked 
|  61|0x0000000083d00000, 0x0000000083d00000, 0x0000000083e00000|  0%| F|  |TAMS 0x0000000083d00000, 0x0000000083d00000| Untracked 
|  62|0x0000000083e00000, 0x0000000083e00000, 0x0000000083f00000|  0%| F|  |TAMS 0x0000000083e00000, 0x0000000083e00000| Untracked 
|  63|0x0000000083f00000, 0x0000000083f00000, 0x0000000084000000|  0%| F|  |TAMS 0x0000000083f00000, 0x0000000083f00000| Untracked 
|  64|0x0000000084000000, 0x0000000084000000, 0x0000000084100000|  0%| F|  |TAMS 0x0000000084000000, 0x0000000084000000| Untracked 
|  65|0x0000000084100000, 0x0000000084100000, 0x0000000084200000|  0%| F|  |TAMS 0x0000000084100000, 0x0000000084100000| Untracked 
|  66|0x0000000084200000, 0x0000000084200000, 0x0000000084300000|  0%| F|  |TAMS 0x0000000084200000, 0x0000000084200000| Untracked 
|  67|0x0000000084300000, 0x0000000084300000, 0x0000000084400000|  0%| F|  |TAMS 0x0000000084300000, 0x0000000084300000| Untracked 
|  68|0x0000000084400000, 0x0000000084400000, 0x0000000084500000|  0%| F|  |TAMS 0x0000000084400000, 0x0000000084400000| Untracked 
|  69|0x0000000084500000, 0x0000000084500000, 0x0000000084600000|  0%| F|  |TAMS 0x0000000084500000, 0x0000000084500000| Untracked 
|  70|0x0000000084600000, 0x0000000084600000, 0x0000000084700000|  0%| F|  |TAMS 0x0000000084600000, 0x0000000084600000| Untracked 
|  71|0x0000000084700000, 0x0000000084700000, 0x0000000084800000|  0%| F|  |TAMS 0x0000000084700000, 0x0000000084700000| Untracked 
|  72|0x0000000084800000, 0x0000000084800000, 0x0000000084900000|  0%| F|  |TAMS 0x0000000084800000, 0x0000000084800000| Untracked 
|  73|0x0000000084900000, 0x0000000084900000, 0x0000000084a00000|  0%| F|  |TAMS 0x0000000084900000, 0x0000000084900000| Untracked 
|  74|0x0000000084a00000, 0x0000000084a00000, 0x0000000084b00000|  0%| F|  |TAMS 0x0000000084a00000, 0x0000000084a00000| Untracked 
|  75|0x0000000084b00000, 0x0000000084b00000, 0x0000000084c00000|  0%| F|  |TAMS 0x0000000084b00000, 0x0000000084b00000| Untracked 
|  76|0x0000000084c00000, 0x0000000084c00000, 0x0000000084d00000|  0%| F|  |TAMS 0x0000000084c00000, 0x0000000084c00000| Untracked 
|  77|0x0000000084d00000, 0x0000000084d00000, 0x0000000084e00000|  0%| F|  |TAMS 0x0000000084d00000, 0x0000000084d00000| Untracked 
|  78|0x0000000084e00000, 0x0000000084e00000, 0x0000000084f00000|  0%| F|  |TAMS 0x0000000084e00000, 0x0000000084e00000| Untracked 
|  79|0x0000000084f00000, 0x0000000084f00000, 0x0000000085000000|  0%| F|  |TAMS 0x0000000084f00000, 0x0000000084f00000| Untracked 
|  80|0x0000000085000000, 0x0000000085000000, 0x0000000085100000|  0%| F|  |TAMS 0x0000000085000000, 0x0000000085000000| Untracked 
|  81|0x0000000085100000, 0x0000000085100000, 0x0000000085200000|  0%| F|  |TAMS 0x0000000085100000, 0x0000000085100000| Untracked 
|  82|0x0000000085200000, 0x0000000085200000, 0x0000000085300000|  0%| F|  |TAMS 0x0000000085200000, 0x0000000085200000| Untracked 
|  83|0x0000000085300000, 0x0000000085300000, 0x0000000085400000|  0%| F|  |TAMS 0x0000000085300000, 0x0000000085300000| Untracked 
|  84|0x0000000085400000, 0x0000000085400000, 0x0000000085500000|  0%| F|  |TAMS 0x0000000085400000, 0x0000000085400000| Untracked 
|  85|0x0000000085500000, 0x0000000085500000, 0x0000000085600000|  0%| F|  |TAMS 0x0000000085500000, 0x0000000085500000| Untracked 
|  86|0x0000000085600000, 0x0000000085600000, 0x0000000085700000|  0%| F|  |TAMS 0x0000000085600000, 0x0000000085600000| Untracked 
|  87|0x0000000085700000, 0x0000000085700000, 0x0000000085800000|  0%| F|  |TAMS 0x0000000085700000, 0x0000000085700000| Untracked 
|  88|0x0000000085800000, 0x0000000085800000, 0x0000000085900000|  0%| F|  |TAMS 0x0000000085800000, 0x0000000085800000| Untracked 
|  89|0x0000000085900000, 0x0000000085900000, 0x0000000085a00000|  0%| F|  |TAMS 0x0000000085900000, 0x0000000085900000| Untracked 
|  90|0x0000000085a00000, 0x0000000085a00000, 0x0000000085b00000|  0%| F|  |TAMS 0x0000000085a00000, 0x0000000085a00000| Untracked 
|  91|0x0000000085b00000, 0x0000000085b00000, 0x0000000085c00000|  0%| F|  |TAMS 0x0000000085b00000, 0x0000000085b00000| Untracked 
|  92|0x0000000085c00000, 0x0000000085c00000, 0x0000000085d00000|  0%| F|  |TAMS 0x0000000085c00000, 0x0000000085c00000| Untracked 
|  93|0x0000000085d00000, 0x0000000085d00000, 0x0000000085e00000|  0%| F|  |TAMS 0x0000000085d00000, 0x0000000085d00000| Untracked 
|  94|0x0000000085e00000, 0x0000000085e00000, 0x0000000085f00000|  0%| F|  |TAMS 0x0000000085e00000, 0x0000000085e00000| Untracked 
|  95|0x0000000085f00000, 0x0000000085f00000, 0x0000000086000000|  0%| F|  |TAMS 0x0000000085f00000, 0x0000000085f00000| Untracked 
|  96|0x0000000086000000, 0x0000000086000000, 0x0000000086100000|  0%| F|  |TAMS 0x0000000086000000, 0x0000000086000000| Untracked 
|  97|0x0000000086100000, 0x0000000086100000, 0x0000000086200000|  0%| F|  |TAMS 0x0000000086100000, 0x0000000086100000| Untracked 
|  98|0x0000000086200000, 0x0000000086200000, 0x0000000086300000|  0%| F|  |TAMS 0x0000000086200000, 0x0000000086200000| Untracked 
|  99|0x0000000086300000, 0x0000000086300000, 0x0000000086400000|  0%| F|  |TAMS 0x0000000086300000, 0x0000000086300000| Untracked 
| 100|0x0000000086400000, 0x0000000086400000, 0x0000000086500000|  0%| F|  |TAMS 0x0000000086400000, 0x0000000086400000| Untracked 
| 101|0x0000000086500000, 0x0000000086600000, 0x0000000086600000|100%| E|  |TAMS 0x0000000086500000, 0x0000000086500000| Complete 
| 102|0x0000000086600000, 0x0000000086700000, 0x0000000086700000|100%| E|CS|TAMS 0x0000000086600000, 0x0000000086600000| Complete 
| 103|0x0000000086700000, 0x0000000086800000, 0x0000000086800000|100%| E|CS|TAMS 0x0000000086700000, 0x0000000086700000| Complete 
| 104|0x0000000086800000, 0x0000000086900000, 0x0000000086900000|100%| E|CS|TAMS 0x0000000086800000, 0x0000000086800000| Complete 
| 105|0x0000000086900000, 0x0000000086a00000, 0x0000000086a00000|100%| E|CS|TAMS 0x0000000086900000, 0x0000000086900000| Complete 
| 106|0x0000000086a00000, 0x0000000086b00000, 0x0000000086b00000|100%| E|CS|TAMS 0x0000000086a00000, 0x0000000086a00000| Complete 
| 107|0x0000000086b00000, 0x0000000086c00000, 0x0000000086c00000|100%| E|CS|TAMS 0x0000000086b00000, 0x0000000086b00000| Complete 
| 108|0x0000000086c00000, 0x0000000086d00000, 0x0000000086d00000|100%| E|CS|TAMS 0x0000000086c00000, 0x0000000086c00000| Complete 
| 109|0x0000000086d00000, 0x0000000086e00000, 0x0000000086e00000|100%| E|CS|TAMS 0x0000000086d00000, 0x0000000086d00000| Complete 
| 110|0x0000000086e00000, 0x0000000086f00000, 0x0000000086f00000|100%| E|CS|TAMS 0x0000000086e00000, 0x0000000086e00000| Complete 

Card table byte_map: [0x000002a2f3f50000,0x000002a2f4350000] _byte_map_base: 0x000002a2f3b50000

Marking Bits (Prev, Next): (CMBitMap*) 0x000002a2efa7d9e0, (CMBitMap*) 0x000002a2efa7d9a8
 Prev Bits: [0x000002a2f6750000, 0x000002a2f8750000)
 Next Bits: [0x000002a2f4750000, 0x000002a2f6750000)

Polling page: 0x000002a2ee1d0000

Metaspace:

Usage:
  Non-class:     28.47 MB capacity,    27.87 MB ( 98%) used,   530.38 KB (  2%) free+waste,    78.81 KB ( <1%) overhead. 
      Class:      4.59 MB capacity,     4.27 MB ( 93%) used,   282.03 KB (  6%) free+waste,    39.38 KB ( <1%) overhead. 
       Both:     33.05 MB capacity,    32.14 MB ( 97%) used,   812.41 KB (  2%) free+waste,   118.19 KB ( <1%) overhead. 

Virtual space:
  Non-class space:       30.00 MB reserved,      28.50 MB ( 95%) committed 
      Class space:        1.00 GB reserved,       4.63 MB ( <1%) committed 
             Both:        1.03 GB reserved,      33.13 MB (  3%) committed 

Chunk freelists:
   Non-Class:  35.00 KB
       Class:  6.00 KB
        Both:  41.00 KB

MaxMetaspaceSize: 17179869184.00 GB
CompressedClassSpaceSize: 1.00 GB

CodeHeap 'non-profiled nmethods': size=120064Kb used=1373Kb max_used=1373Kb free=118690Kb
 bounds [0x000002a287ac0000, 0x000002a287d30000, 0x000002a28f000000]
CodeHeap 'profiled nmethods': size=120000Kb used=5954Kb max_used=5954Kb free=114045Kb
 bounds [0x000002a280590000, 0x000002a280b70000, 0x000002a287ac0000]
CodeHeap 'non-nmethods': size=5696Kb used=1155Kb max_used=1199Kb free=4540Kb
 bounds [0x000002a280000000, 0x000002a280270000, 0x000002a280590000]
 total_blobs=3368 nmethods=2855 adapters=425
 compilation: enabled
              stopped_count=0, restarted_count=0
 full_count=0

Compilation events (20 events):
Event: 7.158 Thread 0x000002a2fad5a000 2853       3       org.codehaus.groovy.util.ManagedReference::<init> (40 bytes)
Event: 7.158 Thread 0x000002a2fad5a000 nmethod 2853 0x000002a280b52590 code [0x000002a280b52780, 0x000002a280b52c18]
Event: 7.158 Thread 0x000002a2fad5a000 2854       3       org.codehaus.groovy.util.ManagedReference::<init> (14 bytes)
Event: 7.158 Thread 0x000002a2fad5a000 nmethod 2854 0x000002a280b52d90 code [0x000002a280b52f60, 0x000002a280b530e8]
Event: 7.158 Thread 0x000002a2fad5a000 2856       3       java.lang.Throwable::<init> (34 bytes)
Event: 7.159 Thread 0x000002a2fad5a000 nmethod 2856 0x000002a280b53210 code [0x000002a280b533e0, 0x000002a280b537a8]
Event: 7.159 Thread 0x000002a2fad5a000 2855       3       org.codehaus.groovy.util.ReferenceManager$1::afterReferenceCreation (57 bytes)
Event: 7.159 Thread 0x000002a2fad5a000 nmethod 2855 0x000002a280b53890 code [0x000002a280b53a80, 0x000002a280b53e98]
Event: 7.162 Thread 0x000002a2fad5a000 2858       3       org.codehaus.groovy.util.LockableObject::lock (25 bytes)
Event: 7.163 Thread 0x000002a2fad5a000 nmethod 2858 0x000002a280b54010 code [0x000002a280b54280, 0x000002a280b54c78]
Event: 7.164 Thread 0x000002a2fad5a000 2859       3       org.codehaus.groovy.util.LockableObject::unlock (7 bytes)
Event: 7.164 Thread 0x000002a2fad5a000 nmethod 2859 0x000002a280b55010 code [0x000002a280b551e0, 0x000002a280b554f8]
Event: 7.164 Thread 0x000002a2fad5a000 2860       3       org.codehaus.groovy.util.LockableObject::tryRelease (45 bytes)
Event: 7.164 Thread 0x000002a2fad5a000 nmethod 2860 0x000002a280b55610 code [0x000002a280b557e0, 0x000002a280b55aa8]
Event: 7.166 Thread 0x000002a2fad5a000 2861       3       java.util.concurrent.atomic.AtomicInteger::<init> (5 bytes)
Event: 7.166 Thread 0x000002a2fad5a000 nmethod 2861 0x000002a280b55b90 code [0x000002a280b55d40, 0x000002a280b55ef8]
Event: 7.167 Thread 0x000002a2fad5a000 2862       3       java.lang.Class::getMethod (59 bytes)
Event: 7.169 Thread 0x000002a2fad5a000 nmethod 2862 0x000002a280b56010 code [0x000002a280b562e0, 0x000002a280b56f08]
Event: 7.169 Thread 0x000002a2fad5a000 2863       3       java.lang.Class::getMethod0 (31 bytes)
Event: 7.169 Thread 0x000002a2fad5a000 nmethod 2863 0x000002a280b57390 code [0x000002a280b57560, 0x000002a280b57778]

GC Heap History (14 events):
Event: 1.106 GC heap before
{Heap before GC invocations=0 (full 0):
 garbage-first heap   total 94208K, used 17408K [0x0000000080000000, 0x0000000100000000)
  region size 1024K, 14 young (14336K), 0 survivors (0K)
 Metaspace       used 6786K, capacity 6989K, committed 7168K, reserved 1056768K
  class space    used 584K, capacity 650K, committed 768K, reserved 1048576K
}
Event: 1.113 GC heap after
{Heap after GC invocations=1 (full 0):
 garbage-first heap   total 94208K, used 4485K [0x0000000080000000, 0x0000000100000000)
  region size 1024K, 2 young (2048K), 2 survivors (2048K)
 Metaspace       used 6786K, capacity 6989K, committed 7168K, reserved 1056768K
  class space    used 584K, capacity 650K, committed 768K, reserved 1048576K
}
Event: 1.686 GC heap before
{Heap before GC invocations=1 (full 0):
 garbage-first heap   total 94208K, used 19845K [0x0000000080000000, 0x0000000100000000)
  region size 1024K, 14 young (14336K), 2 survivors (2048K)
 Metaspace       used 10274K, capacity 10491K, committed 10624K, reserved 1058816K
  class space    used 1066K, capacity 1141K, committed 1152K, reserved 1048576K
}
Event: 1.693 GC heap after
{Heap after GC invocations=2 (full 0):
 garbage-first heap   total 94208K, used 9661K [0x0000000080000000, 0x0000000100000000)
  region size 1024K, 2 young (2048K), 2 survivors (2048K)
 Metaspace       used 10274K, capacity 10491K, committed 10624K, reserved 1058816K
  class space    used 1066K, capacity 1141K, committed 1152K, reserved 1048576K
}
Event: 2.459 GC heap before
{Heap before GC invocations=2 (full 0):
 garbage-first heap   total 94208K, used 37309K [0x0000000080000000, 0x0000000100000000)
  region size 1024K, 29 young (29696K), 2 survivors (2048K)
 Metaspace       used 11216K, capacity 11508K, committed 11776K, reserved 1060864K
  class space    used 1168K, capacity 1245K, committed 1280K, reserved 1048576K
}
Event: 2.467 GC heap after
{Heap after GC invocations=3 (full 0):
 garbage-first heap   total 94208K, used 12959K [0x0000000080000000, 0x0000000100000000)
  region size 1024K, 4 young (4096K), 4 survivors (4096K)
 Metaspace       used 11216K, capacity 11508K, committed 11776K, reserved 1060864K
  class space    used 1168K, capacity 1245K, committed 1280K, reserved 1048576K
}
Event: 3.804 GC heap before
{Heap before GC invocations=3 (full 0):
 garbage-first heap   total 94208K, used 47775K [0x0000000080000000, 0x0000000100000000)
  region size 1024K, 39 young (39936K), 4 survivors (4096K)
 Metaspace       used 16949K, capacity 17457K, committed 17536K, reserved 1064960K
  class space    used 1947K, capacity 2098K, committed 2176K, reserved 1048576K
}
Event: 3.815 GC heap after
{Heap after GC invocations=4 (full 0):
 garbage-first heap   total 94208K, used 16330K [0x0000000080000000, 0x0000000100000000)
  region size 1024K, 5 young (5120K), 5 survivors (5120K)
 Metaspace       used 16949K, capacity 17457K, committed 17536K, reserved 1064960K
  class space    used 1947K, capacity 2098K, committed 2176K, reserved 1048576K
}
Event: 4.373 GC heap before
{Heap before GC invocations=4 (full 0):
 garbage-first heap   total 94208K, used 48074K [0x0000000080000000, 0x0000000100000000)
  region size 1024K, 37 young (37888K), 5 survivors (5120K)
 Metaspace       used 20523K, capacity 21085K, committed 21248K, reserved 1067008K
  class space    used 2504K, capacity 2695K, committed 2816K, reserved 1048576K
}
Event: 4.383 GC heap after
{Heap after GC invocations=5 (full 0):
 garbage-first heap   total 113664K, used 17562K [0x0000000080000000, 0x0000000100000000)
  region size 1024K, 2 young (2048K), 2 survivors (2048K)
 Metaspace       used 20523K, capacity 21085K, committed 21248K, reserved 1067008K
  class space    used 2504K, capacity 2695K, committed 2816K, reserved 1048576K
}
Event: 5.345 GC heap before
{Heap before GC invocations=6 (full 0):
 garbage-first heap   total 113664K, used 60570K [0x0000000080000000, 0x0000000100000000)
  region size 1024K, 45 young (46080K), 2 survivors (2048K)
 Metaspace       used 25162K, capacity 25800K, committed 26112K, reserved 1071104K
  class space    used 3257K, capacity 3466K, committed 3584K, reserved 1048576K
}
Event: 5.351 GC heap after
{Heap after GC invocations=7 (full 0):
 garbage-first heap   total 113664K, used 19062K [0x0000000080000000, 0x0000000100000000)
  region size 1024K, 3 young (3072K), 3 survivors (3072K)
 Metaspace       used 25162K, capacity 25800K, committed 26112K, reserved 1071104K
  class space    used 3257K, capacity 3466K, committed 3584K, reserved 1048576K
}
Event: 6.816 GC heap before
{Heap before GC invocations=7 (full 0):
 garbage-first heap   total 113664K, used 89718K [0x0000000080000000, 0x0000000100000000)
  region size 1024K, 62 young (63488K), 3 survivors (3072K)
 Metaspace       used 30831K, capacity 31707K, committed 31872K, reserved 1077248K
  class space    used 4162K, capacity 4454K, committed 4480K, reserved 1048576K
}
Event: 6.827 GC heap after
{Heap after GC invocations=8 (full 0):
 garbage-first heap   total 113664K, used 33729K [0x0000000080000000, 0x0000000100000000)
  region size 1024K, 7 young (7168K), 7 survivors (7168K)
 Metaspace       used 30831K, capacity 31707K, committed 31872K, reserved 1077248K
  class space    used 4162K, capacity 4454K, committed 4480K, reserved 1048576K
}

Deoptimization events (20 events):
Event: 6.854 Thread 0x000002a2fc11d000 Uncommon trap: trap_request=0xffffff4d fr.pc=0x000002a287c05168 relative=0x0000000000000788
Event: 6.854 Thread 0x000002a2fc11d000 Uncommon trap: reason=unstable_if action=reinterpret pc=0x000002a287c05168 method=java.lang.Class.getPackageName()Ljava/lang/String; @ 55 c2
Event: 6.854 Thread 0x000002a2fc11d000 DEOPT PACKING pc=0x000002a287c05168 sp=0x000000ebf0cf90f0
Event: 6.854 Thread 0x000002a2fc11d000 DEOPT UNPACKING pc=0x000002a280026a29 sp=0x000000ebf0cf90b0 mode 2
Event: 6.908 Thread 0x000002a2fc11d000 Uncommon trap: trap_request=0xffffffc6 fr.pc=0x000002a287be2390 relative=0x0000000000000810
Event: 6.908 Thread 0x000002a2fc11d000 Uncommon trap: reason=bimorphic_or_optimized_type_check action=maybe_recompile pc=0x000002a287be2390 method=java.io.BufferedInputStream.read([BII)I @ 101 c2
Event: 6.908 Thread 0x000002a2fc11d000 DEOPT PACKING pc=0x000002a287be2390 sp=0x000000ebf0cf8810
Event: 6.908 Thread 0x000002a2fc11d000 DEOPT UNPACKING pc=0x000002a280026a29 sp=0x000000ebf0cf87c8 mode 2
Event: 6.910 Thread 0x000002a2fc11d000 Uncommon trap: trap_request=0xffffffc6 fr.pc=0x000002a287be2390 relative=0x0000000000000810
Event: 6.910 Thread 0x000002a2fc11d000 Uncommon trap: reason=bimorphic_or_optimized_type_check action=maybe_recompile pc=0x000002a287be2390 method=java.io.BufferedInputStream.read([BII)I @ 101 c2
Event: 6.910 Thread 0x000002a2fc11d000 DEOPT PACKING pc=0x000002a287be2390 sp=0x000000ebf0cf8810
Event: 6.910 Thread 0x000002a2fc11d000 DEOPT UNPACKING pc=0x000002a280026a29 sp=0x000000ebf0cf87c8 mode 2
Event: 6.911 Thread 0x000002a2fc11d000 Uncommon trap: trap_request=0xffffffc6 fr.pc=0x000002a287be2390 relative=0x0000000000000810
Event: 6.911 Thread 0x000002a2fc11d000 Uncommon trap: reason=bimorphic_or_optimized_type_check action=maybe_recompile pc=0x000002a287be2390 method=java.io.BufferedInputStream.read([BII)I @ 101 c2
Event: 6.911 Thread 0x000002a2fc11d000 DEOPT PACKING pc=0x000002a287be2390 sp=0x000000ebf0cf8810
Event: 6.911 Thread 0x000002a2fc11d000 DEOPT UNPACKING pc=0x000002a280026a29 sp=0x000000ebf0cf87c8 mode 2
Event: 6.911 Thread 0x000002a2fc11d000 Uncommon trap: trap_request=0xffffffc6 fr.pc=0x000002a287be2390 relative=0x0000000000000810
Event: 6.911 Thread 0x000002a2fc11d000 Uncommon trap: reason=bimorphic_or_optimized_type_check action=maybe_recompile pc=0x000002a287be2390 method=java.io.BufferedInputStream.read([BII)I @ 101 c2
Event: 6.911 Thread 0x000002a2fc11d000 DEOPT PACKING pc=0x000002a287be2390 sp=0x000000ebf0cf8810
Event: 6.911 Thread 0x000002a2fc11d000 DEOPT UNPACKING pc=0x000002a280026a29 sp=0x000000ebf0cf87c8 mode 2

Classes redefined (0 events):
No events

Internal exceptions (20 events):
Event: 5.890 Thread 0x000002a2fc11d000 Exception <a 'java/lang/NoSuchMethodError'{0x0000000086080c48}: <clinit>> (0x0000000086080c48) thrown at [./src/hotspot/share/prims/jni.cpp, line 1362]
Event: 5.890 Thread 0x000002a2fc11d000 Exception <a 'java/lang/NoSuchMethodError'{0x00000000860823a8}: <clinit>> (0x00000000860823a8) thrown at [./src/hotspot/share/prims/jni.cpp, line 1362]
Event: 5.890 Thread 0x000002a2fc11d000 Exception <a 'java/lang/NoSuchMethodError'{0x0000000086083a40}: <clinit>> (0x0000000086083a40) thrown at [./src/hotspot/share/prims/jni.cpp, line 1362]
Event: 5.890 Thread 0x000002a2fc11d000 Exception <a 'java/lang/NoSuchMethodError'{0x0000000086084f78}: <clinit>> (0x0000000086084f78) thrown at [./src/hotspot/share/prims/jni.cpp, line 1362]
Event: 5.917 Thread 0x000002a2fc11d000 Implicit null exception at 0x000002a287b4e923 to 0x000002a287b4f83d
Event: 6.143 Thread 0x000002a2fc11d000 Exception <a 'java/lang/NoSuchMethodError'{0x00000000856e3398}: 'java.lang.Object java.lang.invoke.DirectMethodHandle$Holder.invokeSpecialIFC(java.lang.Object, java.lang.Object, java.lang.Object, java.lang.Object)'> (0x00000000856e3398) thrown at [./src/hotspot/share/interpreter/linkResolver.cpp, line 773]
Event: 6.159 Thread 0x000002a2fc11d000 Exception <a 'java/lang/NoSuchMethodError'{0x00000000855b9cb0}: 'java.lang.Object java.lang.invoke.DirectMethodHandle$Holder.invokeSpecial(java.lang.Object, java.lang.Object, java.lang.Object, java.lang.Object, java.lang.Object, java.lang.Object, java.lang.Object, java.lang.Object, java.lang.Object, java.lang.Object, java.lang.Object, java.lang.Object, java.lang.Object)'> (0x00000000855b9cb0) thrown at [./src/hotspot/share/interpreter/linkResolver.cpp, line 773]
Event: 6.161 Thread 0x000002a2fc11d000 Exception <a 'java/lang/NoSuchMethodError'{0x00000000855caf38}: 'java.lang.Object java.lang.invoke.DirectMethodHandle$Holder.invokeSpecial(java.lang.Object, java.lang.Object, java.lang.Object, java.lang.Object, java.lang.Object, java.lang.Object, java.lang.Object, java.lang.Object, java.lang.Object, java.lang.Object, java.lang.Object, java.lang.Object)'> (0x00000000855caf38) thrown at [./src/hotspot/share/interpreter/linkResolver.cpp, line 773]
Event: 6.162 Thread 0x000002a2fc11d000 Exception <a 'java/lang/NoSuchMethodError'{0x00000000855d0060}: 'java.lang.Object java.lang.invoke.Invokers$Holder.linkToTargetMethod(java.lang.Object, java.lang.Object, java.lang.Object, java.lang.Object, java.lang.Object, java.lang.Object, java.lang.Object, java.lang.Object, java.lang.Object, java.lang.Object, java.lang.Object)'> (0x00000000855d0060) thrown at [./src/hotspot/share/interpreter/linkResolver.cpp, line 773]
Event: 6.181 Thread 0x000002a2fc11d000 Exception <a 'java/lang/NoSuchMethodError'{0x0000000085308330}: 'java.lang.Object java.lang.invoke.DirectMethodHandle$Holder.invokeSpecial(java.lang.Object, java.lang.Object, java.lang.Object, java.lang.Object, java.lang.Object, java.lang.Object, java.lang.Object, java.lang.Object, java.lang.Object, java.lang.Object, java.lang.Object, java.lang.Object, java.lang.Object, java.lang.Object)'> (0x0000000085308330) thrown at [./src/hotspot/share/interpreter/linkResolver.cpp, line 773]
Event: 6.183 Thread 0x000002a2fc11d000 Exception <a 'java/lang/NoSuchMethodError'{0x0000000085319928}: 'java.lang.Object java.lang.invoke.Invokers$Holder.linkToTargetMethod(java.lang.Object, java.lang.Object, java.lang.Object, java.lang.Object, java.lang.Object, java.lang.Object, java.lang.Object, java.lang.Object, java.lang.Object, java.lang.Object, java.lang.Object, java.lang.Object)'> (0x0000000085319928) thrown at [./src/hotspot/share/interpreter/linkResolver.cpp, line 773]
Event: 6.197 Thread 0x000002a2fc11d000 Exception <a 'java/lang/NoSuchMethodError'{0x00000000853c7c18}: 'java.lang.Object java.lang.invoke.DirectMethodHandle$Holder.invokeStaticInit(java.lang.Object, java.lang.Object, java.lang.Object, java.lang.Object)'> (0x00000000853c7c18) thrown at [./src/hotspot/share/interpreter/linkResolver.cpp, line 773]
Event: 6.342 Thread 0x000002a2fc11d000 Implicit null exception at 0x000002a287bbf675 to 0x000002a287bbf83c
Event: 6.342 Thread 0x000002a2fc11d000 Implicit null exception at 0x000002a287bb392f to 0x000002a287bb399d
Event: 6.834 Thread 0x000002a2fc11d000 Exception <a 'java/lang/NoSuchMethodError'{0x0000000086e0ec48}: 'int java.lang.invoke.DirectMethodHandle$Holder.invokeStatic(java.lang.Object, java.lang.Object, java.lang.Object, java.lang.Object, java.lang.Object)'> (0x0000000086e0ec48) thrown at [./src/hotspot/share/interpreter/linkResolver.cpp, line 773]
Event: 6.879 Thread 0x000002a2fc11d000 Exception <a 'java/lang/NoSuchMethodError'{0x0000000086d921b8}: 'void java.lang.invoke.DirectMethodHandle$Holder.invokeStaticInit(java.lang.Object, java.lang.Object, java.lang.Object, java.lang.Object)'> (0x0000000086d921b8) thrown at [./src/hotspot/share/interpreter/linkResolver.cpp, line 773]
Event: 7.017 Thread 0x000002a2fc11d000 Exception <a 'java/lang/NoSuchMethodError'{0x00000000869cd768}: 'void java.lang.invoke.DirectMethodHandle$Holder.invokeStaticInit(java.lang.Object, java.lang.Object, java.lang.Object)'> (0x00000000869cd768) thrown at [./src/hotspot/share/interpreter/linkResolver.cpp, line 773]
Event: 7.027 Thread 0x000002a2fc11d000 Exception <a 'java/lang/NoSuchMethodError'{0x00000000869f2f78}: 'void java.lang.invoke.DirectMethodHandle$Holder.invokeStaticInit(java.lang.Object, java.lang.Object, java.lang.Object, java.lang.Object, java.lang.Object)'> (0x00000000869f2f78) thrown at [./src/hotspot/share/interpreter/linkResolver.cpp, line 773]
Event: 7.126 Thread 0x000002a2fc11d000 Exception <a 'java/lang/NoSuchMethodError'{0x000000008686a360}: 'int java.lang.invoke.DirectMethodHandle$Holder.invokeStaticInit(java.lang.Object, java.lang.Object, java.lang.Object, java.lang.Object)'> (0x000000008686a360) thrown at [./src/hotspot/share/interpreter/linkResolver.cpp, line 773]
Event: 7.128 Thread 0x000002a2fc11d000 Exception <a 'java/lang/IncompatibleClassChangeError'{0x0000000086873b68}: Found class java.lang.Object, but interface was expected> (0x0000000086873b68) thrown at [./src/hotspot/share/interpreter/linkResolver.cpp, line 839]

Events (20 events):
Event: 7.162 loading class java/lang/ProcessHandle$Info
Event: 7.162 loading class java/lang/ProcessHandle$Info done
Event: 7.163 loading class groovy/lang/GString$1
Event: 7.163 loading class groovy/lang/GString$1 done
Event: 7.164 loading class groovy/lang/StringWriterIOException
Event: 7.164 loading class groovy/lang/StringWriterIOException done
Event: 7.165 loading class org/codehaus/groovy/runtime/GStringImpl
Event: 7.165 loading class org/codehaus/groovy/runtime/GStringImpl done
Event: 7.165 loading class java/io/UnsupportedEncodingException
Event: 7.166 loading class java/io/UnsupportedEncodingException done
Event: 7.168 loading class org/codehaus/groovy/runtime/DefaultGroovyMethods
Event: 7.168 loading class org/codehaus/groovy/runtime/DefaultGroovyMethods done
Event: 7.183 loading class java/lang/ArrayIndexOutOfBoundsException
Event: 7.183 loading class java/lang/ArrayIndexOutOfBoundsException done
Event: 7.184 loading class groovy/io/GroovyPrintWriter
Event: 7.184 loading class groovy/io/GroovyPrintWriter done
Event: 7.186 loading class org/codehaus/groovy/runtime/typehandling/GroovyCastException
Event: 7.186 loading class org/codehaus/groovy/runtime/typehandling/GroovyCastException done
Event: 7.191 loading class org/codehaus/groovy/runtime/DefaultGroovyMethods$1
Event: 7.191 loading class org/codehaus/groovy/runtime/DefaultGroovyMethods$1 done


Dynamic libraries:
0x00007ff762c50000 - 0x00007ff762c5a000 	C:\Program Files\Android\Android Studio\jre\bin\java.exe
0x00007ff8575f0000 - 0x00007ff8577e5000 	C:\Windows\SYSTEM32\ntdll.dll
0x00007ff855c50000 - 0x00007ff855d0e000 	C:\Windows\System32\KERNEL32.DLL
0x00007ff855210000 - 0x00007ff8554d8000 	C:\Windows\System32\KERNELBASE.dll
0x00007ff854fb0000 - 0x00007ff8550b0000 	C:\Windows\System32\ucrtbase.dll
0x00007ff84ab50000 - 0x00007ff84ab67000 	C:\Program Files\Android\Android Studio\jre\bin\VCRUNTIME140.dll
0x00007ff84ab10000 - 0x00007ff84ab29000 	C:\Program Files\Android\Android Studio\jre\bin\jli.dll
0x00007ff856200000 - 0x00007ff8563a1000 	C:\Windows\System32\USER32.dll
0x00007ff855570000 - 0x00007ff855592000 	C:\Windows\System32\win32u.dll
0x00007ff8495b0000 - 0x00007ff84984a000 	C:\Windows\WinSxS\amd64_microsoft.windows.common-controls_6595b64144ccf1df_6.0.19041.1110_none_60b5254171f9507e\COMCTL32.dll
0x00007ff855f90000 - 0x00007ff855fbb000 	C:\Windows\System32\GDI32.dll
0x00007ff856090000 - 0x00007ff85612e000 	C:\Windows\System32\msvcrt.dll
0x00007ff8550b0000 - 0x00007ff8551bb000 	C:\Windows\System32\gdi32full.dll
0x00007ff8555a0000 - 0x00007ff85563d000 	C:\Windows\System32\msvcp_win.dll
0x00007ff855770000 - 0x00007ff8557a0000 	C:\Windows\System32\IMM32.DLL
0x00007ff8227b0000 - 0x00007ff82284d000 	C:\Program Files\Android\Android Studio\jre\bin\msvcp140.dll
0x00007ffffbe60000 - 0x00007ffffc92f000 	C:\Program Files\Android\Android Studio\jre\bin\server\jvm.dll
0x00007ff855ee0000 - 0x00007ff855f8c000 	C:\Windows\System32\ADVAPI32.dll
0x00007ff856fd0000 - 0x00007ff85706b000 	C:\Windows\System32\sechost.dll
0x00007ff855640000 - 0x00007ff85576a000 	C:\Windows\System32\RPCRT4.dll
0x00007ff8558e0000 - 0x00007ff8558e8000 	C:\Windows\System32\PSAPI.DLL
0x00007ff8508c0000 - 0x00007ff8508c9000 	C:\Windows\SYSTEM32\WSOCK32.dll
0x00007ff838130000 - 0x00007ff838157000 	C:\Windows\SYSTEM32\WINMM.dll
0x00007ff855d10000 - 0x00007ff855d7b000 	C:\Windows\System32\WS2_32.dll
0x00007ff849ef0000 - 0x00007ff849efa000 	C:\Windows\SYSTEM32\VERSION.dll
0x00007ff852c30000 - 0x00007ff852c42000 	C:\Windows\SYSTEM32\kernel.appcore.dll
0x00007ff84ab30000 - 0x00007ff84ab41000 	C:\Program Files\Android\Android Studio\jre\bin\verify.dll
0x00007ff830bf0000 - 0x00007ff830dd4000 	C:\Windows\SYSTEM32\DBGHELP.DLL
0x00007ff832690000 - 0x00007ff8326bc000 	C:\Windows\SYSTEM32\dbgcore.DLL
0x00007ff854d10000 - 0x00007ff854d93000 	C:\Windows\System32\bcryptPrimitives.dll
0x00007ff82c330000 - 0x00007ff82c359000 	C:\Program Files\Android\Android Studio\jre\bin\java.dll
0x00007ff84e070000 - 0x00007ff84e07b000 	C:\Program Files\Android\Android Studio\jre\bin\jimage.dll
0x00007ff84a8e0000 - 0x00007ff84a8f8000 	C:\Program Files\Android\Android Studio\jre\bin\zip.dll
0x00007ff856890000 - 0x00007ff856fcf000 	C:\Windows\System32\SHELL32.dll
0x00007ff852e30000 - 0x00007ff8535c0000 	C:\Windows\SYSTEM32\windows.storage.dll
0x00007ff8558f0000 - 0x00007ff855c45000 	C:\Windows\System32\combase.dll
0x00007ff854690000 - 0x00007ff8546be000 	C:\Windows\SYSTEM32\Wldp.dll
0x00007ff855830000 - 0x00007ff8558dd000 	C:\Windows\System32\SHCORE.dll
0x00007ff856190000 - 0x00007ff8561e5000 	C:\Windows\System32\shlwapi.dll
0x00007ff854c50000 - 0x00007ff854c6f000 	C:\Windows\SYSTEM32\profapi.dll
0x00007ff8378f0000 - 0x00007ff83790a000 	C:\Program Files\Android\Android Studio\jre\bin\net.dll
0x00007ff84c9b0000 - 0x00007ff84cabc000 	C:\Windows\SYSTEM32\WINHTTP.dll
0x00007ff8543f0000 - 0x00007ff85445a000 	C:\Windows\system32\mswsock.dll
0x00007ff836aa0000 - 0x00007ff836ab4000 	C:\Program Files\Android\Android Studio\jre\bin\nio.dll
0x00007ff837920000 - 0x00007ff837947000 	C:\Users\MARIA TERESA\.gradle\native\8bec1ad78214c89d9ad589b4d07fe93259594b29d510b10fafb7a158f7737e5d\windows-amd64\native-platform.dll
0x00007ff81b990000 - 0x00007ff81bacd000 	C:\Users\MARIA TERESA\.gradle\native\53dbd7edfb1c66fb8903c78663c9afc45aea4f116125fa6feffd364cf09443e8\windows-amd64\native-platform-file-events.dll
0x00007ff84be40000 - 0x00007ff84be4a000 	C:\Program Files\Android\Android Studio\jre\bin\management.dll
0x00007ff84b5e0000 - 0x00007ff84b5ec000 	C:\Program Files\Android\Android Studio\jre\bin\management_ext.dll
0x00007ff8545e0000 - 0x00007ff8545f8000 	C:\Windows\SYSTEM32\CRYPTSP.dll
0x00007ff853d70000 - 0x00007ff853da4000 	C:\Windows\system32\rsaenh.dll
0x00007ff8554e0000 - 0x00007ff855507000 	C:\Windows\System32\bcrypt.dll
0x00007ff854bd0000 - 0x00007ff854bfe000 	C:\Windows\SYSTEM32\USERENV.dll
0x00007ff854600000 - 0x00007ff85460c000 	C:\Windows\SYSTEM32\CRYPTBASE.dll
0x00007ff8540e0000 - 0x00007ff85411b000 	C:\Windows\SYSTEM32\IPHLPAPI.DLL
0x00007ff8561f0000 - 0x00007ff8561f8000 	C:\Windows\System32\NSI.dll
0x00007ff84f1d0000 - 0x00007ff84f1e7000 	C:\Windows\SYSTEM32\dhcpcsvc6.DLL
0x00007ff84ee70000 - 0x00007ff84ee8d000 	C:\Windows\SYSTEM32\dhcpcsvc.DLL
0x00007ff854120000 - 0x00007ff8541eb000 	C:\Windows\SYSTEM32\DNSAPI.dll

dbghelp: loaded successfully - version: 4.0.5 - missing functions: none
symbol engine: initialized successfully - sym options: 0x614 - pdb path: .;C:\Program Files\Android\Android Studio\jre\bin;C:\Windows\SYSTEM32;C:\Windows\WinSxS\amd64_microsoft.windows.common-controls_6595b64144ccf1df_6.0.19041.1110_none_60b5254171f9507e;C:\Program Files\Android\Android Studio\jre\bin\server;C:\Users\MARIA TERESA\.gradle\native\8bec1ad78214c89d9ad589b4d07fe93259594b29d510b10fafb7a158f7737e5d\windows-amd64;C:\Users\MARIA TERESA\.gradle\native\53dbd7edfb1c66fb8903c78663c9afc45aea4f116125fa6feffd364cf09443e8\windows-amd64

VM Arguments:
jvm_args: --add-opens=java.base/java.util=ALL-UNNAMED --add-opens=java.base/java.lang=ALL-UNNAMED --add-opens=java.base/java.lang.invoke=ALL-UNNAMED --add-opens=java.base/java.util=ALL-UNNAMED --add-opens=java.prefs/java.util.prefs=ALL-UNNAMED --add-opens=java.prefs/java.util.prefs=ALL-UNNAMED --add-opens=java.base/java.nio.charset=ALL-UNNAMED --add-opens=java.base/java.net=ALL-UNNAMED --add-opens=java.base/java.util.concurrent.atomic=ALL-UNNAMED -Xmx2048m -Dfile.encoding=UTF-8 -Duser.country=CO -Duser.language=es -Duser.variant 
java_command: org.gradle.launcher.daemon.bootstrap.GradleDaemon 7.0.2
java_class_path (initial): C:\Users\MARIA TERESA\.gradle\wrapper\dists\gradle-7.0.2-bin\857tjihv64xamwrf0h14cai3r\gradle-7.0.2\lib\gradle-launcher-7.0.2.jar
Launcher Type: SUN_STANDARD

[Global flags]
     intx CICompilerCount                          = 3                                         {product} {ergonomic}
     uint ConcGCThreads                            = 1                                         {product} {ergonomic}
     uint G1ConcRefinementThreads                  = 4                                         {product} {ergonomic}
   size_t G1HeapRegionSize                         = 1048576                                   {product} {ergonomic}
    uintx GCDrainStackTargetSize                   = 64                                        {product} {ergonomic}
   size_t InitialHeapSize                          = 96468992                                  {product} {ergonomic}
   size_t MarkStackSize                            = 4194304                                   {product} {ergonomic}
   size_t MaxHeapSize                              = 2147483648                                {product} {command line}
   size_t MaxNewSize                               = 1287651328                                {product} {ergonomic}
   size_t MinHeapDeltaBytes                        = 1048576                                   {product} {ergonomic}
    uintx NonNMethodCodeHeapSize                   = 5830732                                {pd product} {ergonomic}
    uintx NonProfiledCodeHeapSize                  = 122913754                              {pd product} {ergonomic}
    uintx ProfiledCodeHeapSize                     = 122913754                              {pd product} {ergonomic}
    uintx ReservedCodeCacheSize                    = 251658240                              {pd product} {ergonomic}
     bool SegmentedCodeCache                       = true                                      {product} {ergonomic}
     bool UseCompressedClassPointers               = true                                 {lp64_product} {ergonomic}
     bool UseCompressedOops                        = true                                 {lp64_product} {ergonomic}
     bool UseG1GC                                  = true                                      {product} {ergonomic}
     bool UseLargePagesIndividualAllocation        = false                                  {pd product} {ergonomic}

Logging:
Log output configuration:
 #0: stdout all=warning uptime,level,tags
 #1: stderr all=off uptime,level,tags

Environment Variables:
PATH=C:\Program Files\Common Files\Oracle\Java\javapath;C:\Program Files\Microsoft MPI\Bin\;C:\Windows\system32;C:\Windows;C:\Windows\System32\Wbem;C:\Windows\System32\WindowsPowerShell\v1.0\;C:\Windows\System32\OpenSSH\;C:\Program Files\Azure Data Studio\bin;C:\Program Files (x86)\Microsoft SQL Server\150\Tools\Binn\;C:\Program Files\Microsoft SQL Server\150\Tools\Binn\;C:\Program Files (x86)\Microsoft SQL Server\150\DTS\Binn\;C:\Program Files\Microsoft SQL Server\150\DTS\Binn\;C:\Program Files\Microsoft SQL Server\Client SDK\ODBC\170\Tools\Binn\;C:\Program Files\dotnet\;C:\Program Files\Git\cmd;C:\Users\MARIA TERESA\AppData\Local\Microsoft\WindowsApps;;C:\Users\MARIA TERESA\AppData\Local\Programs\Microsoft VS Code\bin;C:\Program Files\Azure Data Studio\bin;C:\Users\MARIA TERESA\.dotnet\tools
USERNAME=MARIA TERESA
OS=Windows_NT
PROCESSOR_IDENTIFIER=Intel64 Family 6 Model 37 Stepping 2, GenuineIntel



---------------  S Y S T E M  ---------------

OS: Windows 10 , 64 bit Build 19041 (10.0.19041.1348)
OS uptime: 1 days 22:37 hours

CPU:total 4 (initial active 4) (2 cores per cpu, 2 threads per core) family 6 model 37 stepping 2 microcode 0x11, cmov, cx8, fxsr, mmx, sse, sse2, sse3, ssse3, sse4.1, sse4.2, popcnt, ht, tsc, tscinvbit

Memory: 4k page, system-wide physical 5879M (556M free)
TotalPageFile size 5879M (AvailPageFile size 5M)
current process WorkingSet (physical memory assigned to process): 234M, peak: 234M
current process commit charge ("private bytes"): 281M, peak: 283M

vm_info: OpenJDK 64-Bit Server VM (11.0.10+0-b96-7249189) for windows-amd64 JRE (11.0.10+0-b96-7249189), built on Mar 31 2021 21:44:00 by "builder" with MS VC++ 14.0 (VS2015)

END.
