#
# There is insufficient memory for the Java Runtime Environment to continue.
# Native memory allocation (malloc) failed to allocate 32744 bytes for ChunkPool::allocate
# Possible reasons:
#   The system is out of physical RAM or swap space
#   The process is running with CompressedOops enabled, and the Java Heap may be blocking the growth of the native heap
# Possible solutions:
#   Reduce memory load on the system
#   Increase physical memory or swap space
#   Check if swap backing store is full
#   Decrease Java heap size (-Xmx/-Xms)
#   Decrease number of Java threads
#   Decrease Java thread stack sizes (-Xss)
#   Set larger code cache with -XX:ReservedCodeCacheSize=
#   JVM is running with Unscaled Compressed Oops mode in which the Java heap is
#     placed in the first 4GB address space. The Java Heap base address is the
#     maximum limit for the native heap growth. Please use -XX:HeapBaseMinAddress
#     to set the Java Heap base and to place the Java Heap above 4GB virtual address.
# This output file may be truncated or incomplete.
#
#  Out of Memory Error (./src/hotspot/share/memory/arena.cpp:81), pid=120, tid=1708
#
# JRE version: OpenJDK Runtime Environment (11.0.10) (build 11.0.10+0-b96-7249189)
# Java VM: OpenJDK 64-Bit Server VM (11.0.10+0-b96-7249189, mixed mode, tiered, compressed oops, g1 gc, windows-amd64)
# No core dump will be written. Minidumps are not enabled by default on client versions of Windows
#

---------------  S U M M A R Y ------------

Command Line: --add-opens=java.base/java.util=ALL-UNNAMED --add-opens=java.base/java.lang=ALL-UNNAMED --add-opens=java.base/java.lang.invoke=ALL-UNNAMED --add-opens=java.base/java.util=ALL-UNNAMED --add-opens=java.prefs/java.util.prefs=ALL-UNNAMED --add-opens=java.prefs/java.util.prefs=ALL-UNNAMED --add-opens=java.base/java.nio.charset=ALL-UNNAMED --add-opens=java.base/java.net=ALL-UNNAMED --add-opens=java.base/java.util.concurrent.atomic=ALL-UNNAMED -Xmx2048m -Dfile.encoding=UTF-8 -Duser.country=CO -Duser.language=es -Duser.variant org.gradle.launcher.daemon.bootstrap.GradleDaemon 7.0.2

Host: Intel(R) Core(TM) i3 CPU         540  @ 3.07GHz, 4 cores, 5G,  Windows 10 , 64 bit Build 19041 (10.0.19041.1202)
Time: Sun Nov  7 22:59:00 2021 Hora est. Pacífico, Sudamérica elapsed time: 6578.493236 seconds (0d 1h 49m 38s)

---------------  T H R E A D  ---------------

Current thread (0x00000274ce268000):  JavaThread "C2 CompilerThread1" daemon [_thread_in_native, id=1708, stack(0x00000091d3d00000,0x00000091d3e00000)]


Current CompileTask:
C2:6578493 18949       4       org.objectweb.asm.signature.SignatureReader::parseType (411 bytes)

Stack: [0x00000091d3d00000,0x00000091d3e00000]
Native frames: (J=compiled Java code, j=interpreted, Vv=VM code, C=native code)
V  [jvm.dll+0x5ecfaa]
V  [jvm.dll+0x722bd5]
V  [jvm.dll+0x72412d]
V  [jvm.dll+0x7247e3]
V  [jvm.dll+0x242928]
V  [jvm.dll+0xbc75b]
V  [jvm.dll+0xbca0c]
V  [jvm.dll+0xbc608]
V  [jvm.dll+0x5cc470]
V  [jvm.dll+0x61cfee]
V  [jvm.dll+0x1980d8]
V  [jvm.dll+0x1fb70e]
V  [jvm.dll+0x1fa7f4]
V  [jvm.dll+0x18354c]
V  [jvm.dll+0x208ee7]
V  [jvm.dll+0x207731]
V  [jvm.dll+0x6eb1cf]
V  [jvm.dll+0x6e3d45]
V  [jvm.dll+0x5ebe96]
C  [ucrtbase.dll+0x21bb2]
C  [KERNEL32.DLL+0x17034]
C  [ntdll.dll+0x52651]


---------------  P R O C E S S  ---------------

Threads class SMR info:
_java_thread_list=0x00000274cba4aac0, length=42, elements={
0x00000274ab26d000, 0x00000274c55c2000, 0x00000274c55ca000, 0x00000274c5f72800,
0x00000274c5f73800, 0x00000274c55cb800, 0x00000274c55d0000, 0x00000274c55dc000,
0x00000274c55dd800, 0x00000274c6098000, 0x00000274c7801000, 0x00000274c8173800,
0x00000274c6dda000, 0x00000274c81bd000, 0x00000274c81bb800, 0x00000274c81bf000,
0x00000274c81bc800, 0x00000274c81b9000, 0x00000274c81bf800, 0x00000274c81ba000,
0x00000274ca0d7800, 0x00000274ca0d3800, 0x00000274ca0d6800, 0x00000274ca0d8800,
0x00000274ca0de000, 0x00000274ca0da000, 0x00000274ca0d4000, 0x00000274ca0d5000,
0x00000274ca0da800, 0x00000274ca0d6000, 0x00000274ca0dc800, 0x00000274ca0db800,
0x00000274ca0dd000, 0x00000274ca0df800, 0x00000274ca0e0800, 0x00000274c81be000,
0x00000274c81ba800, 0x00000274cb7b6000, 0x00000274cb7b0000, 0x00000274cb7b6800,
0x00000274cb7b2800, 0x00000274ce268000
}

Java Threads: ( => current thread )
  0x00000274ab26d000 JavaThread "main" [_thread_blocked, id=4900, stack(0x00000091d2600000,0x00000091d2700000)]
  0x00000274c55c2000 JavaThread "Reference Handler" daemon [_thread_blocked, id=5036, stack(0x00000091d2d00000,0x00000091d2e00000)]
  0x00000274c55ca000 JavaThread "Finalizer" daemon [_thread_blocked, id=2372, stack(0x00000091d2e00000,0x00000091d2f00000)]
  0x00000274c5f72800 JavaThread "Signal Dispatcher" daemon [_thread_blocked, id=2032, stack(0x00000091d2f00000,0x00000091d3000000)]
  0x00000274c5f73800 JavaThread "Attach Listener" daemon [_thread_blocked, id=1092, stack(0x00000091d3000000,0x00000091d3100000)]
  0x00000274c55cb800 JavaThread "Service Thread" daemon [_thread_blocked, id=8200, stack(0x00000091d3100000,0x00000091d3200000)]
  0x00000274c55d0000 JavaThread "C2 CompilerThread0" daemon [_thread_in_native, id=6608, stack(0x00000091d3200000,0x00000091d3300000)]
  0x00000274c55dc000 JavaThread "C1 CompilerThread0" daemon [_thread_in_native, id=3820, stack(0x00000091d3300000,0x00000091d3400000)]
  0x00000274c55dd800 JavaThread "Sweeper thread" daemon [_thread_blocked, id=3332, stack(0x00000091d3400000,0x00000091d3500000)]
  0x00000274c6098000 JavaThread "Common-Cleaner" daemon [_thread_blocked, id=9380, stack(0x00000091d3500000,0x00000091d3600000)]
  0x00000274c7801000 JavaThread "Daemon health stats" [_thread_blocked, id=9872, stack(0x00000091d3900000,0x00000091d3a00000)]
  0x00000274c8173800 JavaThread "Incoming local TCP Connector on port 50383" [_thread_in_native, id=2360, stack(0x00000091d3a00000,0x00000091d3b00000)]
  0x00000274c6dda000 JavaThread "Daemon periodic checks" [_thread_blocked, id=8940, stack(0x00000091d3b00000,0x00000091d3c00000)]
  0x00000274c81bd000 JavaThread "Cache worker for file hash cache (C:\Users\MARIA TERESA\.gradle\caches\7.0.2\fileHashes)" [_thread_blocked, id=9300, stack(0x00000091d4500000,0x00000091d4600000)]
  0x00000274c81bb800 JavaThread "File lock request listener" [_thread_in_native, id=9776, stack(0x00000091d4600000,0x00000091d4700000)]
  0x00000274c81bf000 JavaThread "Cache worker for journal cache (C:\Users\MARIA TERESA\.gradle\caches\journal-1)" [_thread_blocked, id=10204, stack(0x00000091d4700000,0x00000091d4800000)]
  0x00000274c81bc800 JavaThread "File watcher server" daemon [_thread_in_native, id=9396, stack(0x00000091d4900000,0x00000091d4a00000)]
  0x00000274c81b9000 JavaThread "File watcher consumer" daemon [_thread_blocked, id=9972, stack(0x00000091d4a00000,0x00000091d4b00000)]
  0x00000274c81bf800 JavaThread "jar transforms" [_thread_blocked, id=8296, stack(0x00000091d4b00000,0x00000091d4c00000)]
  0x00000274c81ba000 JavaThread "jar transforms Thread 2" [_thread_blocked, id=2568, stack(0x00000091d4c00000,0x00000091d4d00000)]
  0x00000274ca0d7800 JavaThread "jar transforms Thread 3" [_thread_blocked, id=4728, stack(0x00000091d4d00000,0x00000091d4e00000)]
  0x00000274ca0d3800 JavaThread "jar transforms Thread 4" [_thread_blocked, id=8700, stack(0x00000091d4e00000,0x00000091d4f00000)]
  0x00000274ca0d6800 JavaThread "Cache worker for execution history cache (C:\Users\MARIA TERESA\.gradle\caches\7.0.2\executionHistory)" [_thread_blocked, id=6708, stack(0x00000091d5200000,0x00000091d5300000)]
  0x00000274ca0d8800 JavaThread "Cache worker for file content cache (C:\Users\MARIA TERESA\.gradle\caches\7.0.2\fileContent)" [_thread_blocked, id=8208, stack(0x00000091d5300000,0x00000091d5400000)]
  0x00000274ca0de000 JavaThread "Memory manager" [_thread_blocked, id=6684, stack(0x00000091d5a00000,0x00000091d5b00000)]
  0x00000274ca0da000 JavaThread "Daemon Thread 2" [_thread_blocked, id=3560, stack(0x00000091d2300000,0x00000091d2400000)]
  0x00000274ca0d4000 JavaThread "Handler for socket connection from /127.0.0.1:50383 to /127.0.0.1:50726" [_thread_in_native, id=9024, stack(0x00000091d2400000,0x00000091d2500000)]
  0x00000274ca0d5000 JavaThread "Cancel handler" [_thread_blocked, id=6136, stack(0x00000091d2500000,0x00000091d2600000)]
  0x00000274ca0da800 JavaThread "Daemon worker Thread 2" [_thread_in_vm, id=8132, stack(0x00000091d3700000,0x00000091d3800000)]
  0x00000274ca0d6000 JavaThread "Asynchronous log dispatcher for DefaultDaemonConnection: socket connection from /127.0.0.1:50383 to /127.0.0.1:50726" [_thread_blocked, id=9368, stack(0x00000091d3c00000,0x00000091d3d00000)]
  0x00000274ca0dc800 JavaThread "Daemon client event forwarder" [_thread_blocked, id=6160, stack(0x00000091d3e00000,0x00000091d3f00000)]
  0x00000274ca0db800 JavaThread "Cache worker for file hash cache (G:\DOWNLOADS\androidstudioprojects\.gradle\7.0.2\fileHashes)" [_thread_blocked, id=5436, stack(0x00000091d3f00000,0x00000091d4000000)]
  0x00000274ca0dd000 JavaThread "Cache worker for checksums cache (G:\DOWNLOADS\androidstudioprojects\.gradle\checksums)" [_thread_blocked, id=8152, stack(0x00000091d4000000,0x00000091d4100000)]
  0x00000274ca0df800 JavaThread "Cache worker for cache directory md-supplier (C:\Users\MARIA TERESA\.gradle\caches\7.0.2\md-supplier)" [_thread_blocked, id=7768, stack(0x00000091d4400000,0x00000091d4500000)]
  0x00000274ca0e0800 JavaThread "Cache worker for cache directory md-rule (C:\Users\MARIA TERESA\.gradle\caches\7.0.2\md-rule)" [_thread_blocked, id=9128, stack(0x00000091d4800000,0x00000091d4900000)]
  0x00000274c81be000 JavaThread "Cache worker for dependencies-accessors (G:\DOWNLOADS\androidstudioprojects\.gradle\7.0.2\dependencies-accessors)" [_thread_blocked, id=9056, stack(0x00000091d4f00000,0x00000091d5000000)]
  0x00000274c81ba800 JavaThread "Cache worker for Build Output Cleanup Cache (G:\DOWNLOADS\androidstudioprojects\.gradle\buildOutputCleanup)" [_thread_blocked, id=7576, stack(0x00000091d5000000,0x00000091d5100000)]
  0x00000274cb7b6000 JavaThread "Build operations" [_thread_blocked, id=9784, stack(0x00000091d5400000,0x00000091d5500000)]
  0x00000274cb7b0000 JavaThread "Build operations Thread 2" [_thread_blocked, id=9464, stack(0x00000091d5500000,0x00000091d5600000)]
  0x00000274cb7b6800 JavaThread "Build operations Thread 3" [_thread_blocked, id=8372, stack(0x00000091d5600000,0x00000091d5700000)]
  0x00000274cb7b2800 JavaThread "Build operations Thread 4" [_thread_blocked, id=5988, stack(0x00000091d5700000,0x00000091d5800000)]
=>0x00000274ce268000 JavaThread "C2 CompilerThread1" daemon [_thread_in_native, id=1708, stack(0x00000091d3d00000,0x00000091d3e00000)]

Other Threads:
  0x00000274c559d000 VMThread "VM Thread" [stack: 0x00000091d2c00000,0x00000091d2d00000] [id=4720]
  0x00000274c60ab800 WatcherThread [stack: 0x00000091d3600000,0x00000091d3700000] [id=5024]
  0x00000274ab285800 GCTaskThread "GC Thread#0" [stack: 0x00000091d2700000,0x00000091d2800000] [id=9948]
  0x00000274c655e800 GCTaskThread "GC Thread#1" [stack: 0x00000091d3800000,0x00000091d3900000] [id=4568]
  0x00000274c6df4800 GCTaskThread "GC Thread#2" [stack: 0x00000091d4200000,0x00000091d4300000] [id=8232]
  0x00000274c82cb000 GCTaskThread "GC Thread#3" [stack: 0x00000091d4300000,0x00000091d4400000] [id=3712]
  0x00000274ab2b5800 ConcurrentGCThread "G1 Main Marker" [stack: 0x00000091d2800000,0x00000091d2900000] [id=3532]
  0x00000274ab2b9000 ConcurrentGCThread "G1 Conc#0" [stack: 0x00000091d2900000,0x00000091d2a00000] [id=9596]
  0x00000274ab31a000 ConcurrentGCThread "G1 Refine#0" [stack: 0x00000091d2a00000,0x00000091d2b00000] [id=8888]
  0x00000274cabea800 ConcurrentGCThread "G1 Refine#1" [stack: 0x00000091d4100000,0x00000091d4200000] [id=2912]
  0x00000274ab31c800 ConcurrentGCThread "G1 Young RemSet Sampling" [stack: 0x00000091d2b00000,0x00000091d2c00000] [id=3764]

Threads with active compile tasks:
C2 CompilerThread06578540 18947       4       org.objectweb.asm.ClassReader::readMethod (1047 bytes)
C1 CompilerThread06578540 19001       2       com.android.build.gradle.internal.dependency.ConstraintHandler$execute$1::execute (316 bytes)
C2 CompilerThread16578540 18949       4       org.objectweb.asm.signature.SignatureReader::parseType (411 bytes)

VM state:not at safepoint (normal execution)

VM Mutex/Monitor currently owned by a thread: None

Heap address: 0x0000000080000000, size: 2048 MB, Compressed Oops mode: 32-bit
Narrow klass base: 0x0000000000000000, Narrow klass shift: 3
Compressed class space size: 1073741824 Address: 0x0000000100000000

Heap:
 garbage-first heap   total 238592K, used 144545K [0x0000000080000000, 0x0000000100000000)
  region size 1024K, 8 young (8192K), 2 survivors (2048K)
 Metaspace       used 146057K, capacity 149175K, committed 149324K, reserved 1179648K
  class space    used 18472K, capacity 19565K, committed 19584K, reserved 1048576K
Heap Regions: E=young(eden), S=young(survivor), O=old, HS=humongous(starts), HC=humongous(continues), CS=collection set, F=free, A=archive, TAMS=top-at-mark-start (previous, next)
|   0|0x0000000080000000, 0x0000000080100000, 0x0000000080100000|100%|HS|  |TAMS 0x0000000080100000, 0x0000000080000000| Complete 
|   1|0x0000000080100000, 0x0000000080200000, 0x0000000080200000|100%|HC|  |TAMS 0x0000000080200000, 0x0000000080100000| Complete 
|   2|0x0000000080200000, 0x0000000080300000, 0x0000000080300000|100%|HC|  |TAMS 0x0000000080300000, 0x0000000080200000| Complete 
|   3|0x0000000080300000, 0x0000000080400000, 0x0000000080400000|100%| O|  |TAMS 0x0000000080400000, 0x0000000080300000| Untracked 
|   4|0x0000000080400000, 0x0000000080500000, 0x0000000080500000|100%| O|  |TAMS 0x0000000080500000, 0x0000000080400000| Untracked 
|   5|0x0000000080500000, 0x0000000080600000, 0x0000000080600000|100%| O|  |TAMS 0x0000000080600000, 0x0000000080500000| Untracked 
|   6|0x0000000080600000, 0x0000000080700000, 0x0000000080700000|100%| O|  |TAMS 0x0000000080700000, 0x0000000080600000| Untracked 
|   7|0x0000000080700000, 0x0000000080800000, 0x0000000080800000|100%| O|  |TAMS 0x0000000080800000, 0x0000000080700000| Complete 
|   8|0x0000000080800000, 0x0000000080900000, 0x0000000080900000|100%| O|  |TAMS 0x0000000080900000, 0x0000000080800000| Untracked 
|   9|0x0000000080900000, 0x0000000080a00000, 0x0000000080a00000|100%| O|  |TAMS 0x0000000080a00000, 0x0000000080900000| Untracked 
|  10|0x0000000080a00000, 0x0000000080b00000, 0x0000000080b00000|100%| O|  |TAMS 0x0000000080b00000, 0x0000000080a00000| Complete 
|  11|0x0000000080b00000, 0x0000000080c00000, 0x0000000080c00000|100%| O|  |TAMS 0x0000000080c00000, 0x0000000080b00000| Complete 
|  12|0x0000000080c00000, 0x0000000080d00000, 0x0000000080d00000|100%| O|  |TAMS 0x0000000080d00000, 0x0000000080c00000| Untracked 
|  13|0x0000000080d00000, 0x0000000080e00000, 0x0000000080e00000|100%| O|  |TAMS 0x0000000080e00000, 0x0000000080d00000| Untracked 
|  14|0x0000000080e00000, 0x0000000080f00000, 0x0000000080f00000|100%| O|  |TAMS 0x0000000080f00000, 0x0000000080e00000| Untracked 
|  15|0x0000000080f00000, 0x0000000081000000, 0x0000000081000000|100%| O|  |TAMS 0x0000000081000000, 0x0000000080f00000| Complete 
|  16|0x0000000081000000, 0x0000000081100000, 0x0000000081100000|100%|HS|  |TAMS 0x0000000081100000, 0x0000000081000000| Complete 
|  17|0x0000000081100000, 0x0000000081200000, 0x0000000081200000|100%|HC|  |TAMS 0x0000000081200000, 0x0000000081100000| Complete 
|  18|0x0000000081200000, 0x0000000081300000, 0x0000000081300000|100%|HS|  |TAMS 0x0000000081300000, 0x0000000081200000| Complete 
|  19|0x0000000081300000, 0x0000000081400000, 0x0000000081400000|100%|HC|  |TAMS 0x0000000081400000, 0x0000000081300000| Complete 
|  20|0x0000000081400000, 0x0000000081500000, 0x0000000081500000|100%|HC|  |TAMS 0x0000000081500000, 0x0000000081400000| Complete 
|  21|0x0000000081500000, 0x0000000081600000, 0x0000000081600000|100%|HS|  |TAMS 0x0000000081600000, 0x0000000081500000| Complete 
|  22|0x0000000081600000, 0x0000000081700000, 0x0000000081700000|100%|HC|  |TAMS 0x0000000081700000, 0x0000000081600000| Complete 
|  23|0x0000000081700000, 0x0000000081800000, 0x0000000081800000|100%|HC|  |TAMS 0x0000000081800000, 0x0000000081700000| Complete 
|  24|0x0000000081800000, 0x0000000081900000, 0x0000000081900000|100%|HC|  |TAMS 0x0000000081900000, 0x0000000081800000| Complete 
|  25|0x0000000081900000, 0x0000000081a00000, 0x0000000081a00000|100%|HC|  |TAMS 0x0000000081a00000, 0x0000000081900000| Complete 
|  26|0x0000000081a00000, 0x0000000081b00000, 0x0000000081b00000|100%| O|  |TAMS 0x0000000081b00000, 0x0000000081a00000| Untracked 
|  27|0x0000000081b00000, 0x0000000081c00000, 0x0000000081c00000|100%| O|  |TAMS 0x0000000081c00000, 0x0000000081b00000| Untracked 
|  28|0x0000000081c00000, 0x0000000081d00000, 0x0000000081d00000|100%| O|  |TAMS 0x0000000081d00000, 0x0000000081c00000| Complete 
|  29|0x0000000081d00000, 0x0000000081e00000, 0x0000000081e00000|100%| O|  |TAMS 0x0000000081e00000, 0x0000000081d00000| Complete 
|  30|0x0000000081e00000, 0x0000000081f00000, 0x0000000081f00000|100%| O|  |TAMS 0x0000000081f00000, 0x0000000081e00000| Complete 
|  31|0x0000000081f00000, 0x0000000082000000, 0x0000000082000000|100%| O|  |TAMS 0x0000000082000000, 0x0000000081f00000| Complete 
|  32|0x0000000082000000, 0x0000000082100000, 0x0000000082100000|100%|HS|  |TAMS 0x0000000082100000, 0x0000000082000000| Complete 
|  33|0x0000000082100000, 0x0000000082200000, 0x0000000082200000|100%|HC|  |TAMS 0x0000000082200000, 0x0000000082100000| Complete 
|  34|0x0000000082200000, 0x0000000082300000, 0x0000000082300000|100%|HC|  |TAMS 0x0000000082300000, 0x0000000082200000| Complete 
|  35|0x0000000082300000, 0x0000000082400000, 0x0000000082400000|100%|HC|  |TAMS 0x0000000082400000, 0x0000000082300000| Complete 
|  36|0x0000000082400000, 0x0000000082500000, 0x0000000082500000|100%|HC|  |TAMS 0x0000000082500000, 0x0000000082400000| Complete 
|  37|0x0000000082500000, 0x0000000082600000, 0x0000000082600000|100%| O|  |TAMS 0x0000000082600000, 0x0000000082500000| Complete 
|  38|0x0000000082600000, 0x0000000082700000, 0x0000000082700000|100%| O|  |TAMS 0x0000000082700000, 0x0000000082600000| Complete 
|  39|0x0000000082700000, 0x0000000082800000, 0x0000000082800000|100%| O|  |TAMS 0x0000000082800000, 0x0000000082700000| Complete 
|  40|0x0000000082800000, 0x0000000082900000, 0x0000000082900000|100%| O|  |TAMS 0x0000000082900000, 0x0000000082800000| Untracked 
|  41|0x0000000082900000, 0x0000000082a00000, 0x0000000082a00000|100%| O|  |TAMS 0x0000000082a00000, 0x0000000082900000| Complete 
|  42|0x0000000082a00000, 0x0000000082b00000, 0x0000000082b00000|100%|HS|  |TAMS 0x0000000082b00000, 0x0000000082a00000| Complete 
|  43|0x0000000082b00000, 0x0000000082c00000, 0x0000000082c00000|100%|HC|  |TAMS 0x0000000082c00000, 0x0000000082b00000| Complete 
|  44|0x0000000082c00000, 0x0000000082d00000, 0x0000000082d00000|100%|HC|  |TAMS 0x0000000082d00000, 0x0000000082c00000| Complete 
|  45|0x0000000082d00000, 0x0000000082e00000, 0x0000000082e00000|100%| O|  |TAMS 0x0000000082e00000, 0x0000000082d00000| Untracked 
|  46|0x0000000082e00000, 0x0000000082f00000, 0x0000000082f00000|100%| O|  |TAMS 0x0000000082f00000, 0x0000000082e00000| Complete 
|  47|0x0000000082f00000, 0x0000000083000000, 0x0000000083000000|100%| O|  |TAMS 0x0000000083000000, 0x0000000082f00000| Complete 
|  48|0x0000000083000000, 0x0000000083000000, 0x0000000083100000|  0%| F|  |TAMS 0x0000000083000000, 0x0000000083000000| Untracked 
|  49|0x0000000083100000, 0x0000000083200000, 0x0000000083200000|100%| O|  |TAMS 0x0000000083200000, 0x0000000083100000| Untracked 
|  50|0x0000000083200000, 0x0000000083300000, 0x0000000083300000|100%| O|  |TAMS 0x0000000083300000, 0x0000000083200000| Untracked 
|  51|0x0000000083300000, 0x0000000083400000, 0x0000000083400000|100%| O|  |TAMS 0x0000000083400000, 0x0000000083300000| Untracked 
|  52|0x0000000083400000, 0x0000000083500000, 0x0000000083500000|100%| O|  |TAMS 0x0000000083500000, 0x0000000083400000| Complete 
|  53|0x0000000083500000, 0x0000000083600000, 0x0000000083600000|100%| O|  |TAMS 0x0000000083600000, 0x0000000083500000| Complete 
|  54|0x0000000083600000, 0x0000000083700000, 0x0000000083700000|100%|HS|  |TAMS 0x0000000083700000, 0x0000000083600000| Complete 
|  55|0x0000000083700000, 0x0000000083800000, 0x0000000083800000|100%|HS|  |TAMS 0x0000000083800000, 0x0000000083700000| Complete 
|  56|0x0000000083800000, 0x0000000083900000, 0x0000000083900000|100%|HS|  |TAMS 0x0000000083900000, 0x0000000083800000| Complete 
|  57|0x0000000083900000, 0x0000000083a00000, 0x0000000083a00000|100%|HS|  |TAMS 0x0000000083a00000, 0x0000000083900000| Complete 
|  58|0x0000000083a00000, 0x0000000083b00000, 0x0000000083b00000|100%|HC|  |TAMS 0x0000000083b00000, 0x0000000083a00000| Complete 
|  59|0x0000000083b00000, 0x0000000083c00000, 0x0000000083c00000|100%|HC|  |TAMS 0x0000000083c00000, 0x0000000083b00000| Complete 
|  60|0x0000000083c00000, 0x0000000083d00000, 0x0000000083d00000|100%|HS|  |TAMS 0x0000000083d00000, 0x0000000083c00000| Complete 
|  61|0x0000000083d00000, 0x0000000083e00000, 0x0000000083e00000|100%|HC|  |TAMS 0x0000000083e00000, 0x0000000083d00000| Complete 
|  62|0x0000000083e00000, 0x0000000083f00000, 0x0000000083f00000|100%| O|  |TAMS 0x0000000083f00000, 0x0000000083e00000| Untracked 
|  63|0x0000000083f00000, 0x0000000084000000, 0x0000000084000000|100%| O|  |TAMS 0x0000000084000000, 0x0000000083f00000| Complete 
|  64|0x0000000084000000, 0x0000000084100000, 0x0000000084100000|100%|HS|  |TAMS 0x0000000084100000, 0x0000000084000000| Complete 
|  65|0x0000000084100000, 0x0000000084200000, 0x0000000084200000|100%| O|  |TAMS 0x0000000084200000, 0x0000000084100000| Complete 
|  66|0x0000000084200000, 0x0000000084300000, 0x0000000084300000|100%| O|  |TAMS 0x0000000084300000, 0x0000000084200000| Untracked 
|  67|0x0000000084300000, 0x0000000084400000, 0x0000000084400000|100%| O|  |TAMS 0x0000000084400000, 0x0000000084300000| Complete 
|  68|0x0000000084400000, 0x0000000084500000, 0x0000000084500000|100%| O|  |TAMS 0x0000000084500000, 0x0000000084400000| Untracked 
|  69|0x0000000084500000, 0x0000000084600000, 0x0000000084600000|100%| O|  |TAMS 0x0000000084600000, 0x0000000084500000| Untracked 
|  70|0x0000000084600000, 0x0000000084700000, 0x0000000084700000|100%| O|  |TAMS 0x0000000084700000, 0x0000000084600000| Untracked 
|  71|0x0000000084700000, 0x0000000084800000, 0x0000000084800000|100%| O|  |TAMS 0x0000000084800000, 0x0000000084700000| Complete 
|  72|0x0000000084800000, 0x0000000084900000, 0x0000000084900000|100%| O|  |TAMS 0x0000000084900000, 0x0000000084800000| Untracked 
|  73|0x0000000084900000, 0x0000000084a00000, 0x0000000084a00000|100%| O|  |TAMS 0x0000000084a00000, 0x0000000084900000| Complete 
|  74|0x0000000084a00000, 0x0000000084b00000, 0x0000000084b00000|100%| O|  |TAMS 0x0000000084b00000, 0x0000000084a00000| Complete 
|  75|0x0000000084b00000, 0x0000000084c00000, 0x0000000084c00000|100%| O|  |TAMS 0x0000000084c00000, 0x0000000084b00000| Complete 
|  76|0x0000000084c00000, 0x0000000084d00000, 0x0000000084d00000|100%| O|  |TAMS 0x0000000084d00000, 0x0000000084c00000| Complete 
|  77|0x0000000084d00000, 0x0000000084e00000, 0x0000000084e00000|100%| O|  |TAMS 0x0000000084e00000, 0x0000000084d00000| Complete 
|  78|0x0000000084e00000, 0x0000000084f00000, 0x0000000084f00000|100%| O|  |TAMS 0x0000000084f00000, 0x0000000084e00000| Untracked 
|  79|0x0000000084f00000, 0x0000000085000000, 0x0000000085000000|100%| O|  |TAMS 0x0000000085000000, 0x0000000084f00000| Untracked 
|  80|0x0000000085000000, 0x0000000085100000, 0x0000000085100000|100%|HS|  |TAMS 0x0000000085100000, 0x0000000085000000| Complete 
|  81|0x0000000085100000, 0x0000000085200000, 0x0000000085200000|100%|HC|  |TAMS 0x0000000085200000, 0x0000000085100000| Complete 
|  82|0x0000000085200000, 0x0000000085300000, 0x0000000085300000|100%|HC|  |TAMS 0x0000000085300000, 0x0000000085200000| Complete 
|  83|0x0000000085300000, 0x0000000085400000, 0x0000000085400000|100%| O|  |TAMS 0x0000000085400000, 0x0000000085300000| Untracked 
|  84|0x0000000085400000, 0x0000000085500000, 0x0000000085500000|100%| O|  |TAMS 0x0000000085500000, 0x0000000085400000| Untracked 
|  85|0x0000000085500000, 0x0000000085600000, 0x0000000085600000|100%| O|  |TAMS 0x0000000085600000, 0x0000000085500000| Complete 
|  86|0x0000000085600000, 0x0000000085700000, 0x0000000085700000|100%| O|  |TAMS 0x0000000085700000, 0x0000000085600000| Complete 
|  87|0x0000000085700000, 0x0000000085800000, 0x0000000085800000|100%| O|  |TAMS 0x0000000085800000, 0x0000000085700000| Untracked 
|  88|0x0000000085800000, 0x0000000085900000, 0x0000000085900000|100%| O|  |TAMS 0x0000000085900000, 0x0000000085800000| Untracked 
|  89|0x0000000085900000, 0x0000000085a00000, 0x0000000085a00000|100%| O|  |TAMS 0x0000000085a00000, 0x0000000085900000| Untracked 
|  90|0x0000000085a00000, 0x0000000085b00000, 0x0000000085b00000|100%| O|  |TAMS 0x0000000085b00000, 0x0000000085a00000| Untracked 
|  91|0x0000000085b00000, 0x0000000085c00000, 0x0000000085c00000|100%| O|  |TAMS 0x0000000085c00000, 0x0000000085b00000| Untracked 
|  92|0x0000000085c00000, 0x0000000085d00000, 0x0000000085d00000|100%| O|  |TAMS 0x0000000085d00000, 0x0000000085c00000| Untracked 
|  93|0x0000000085d00000, 0x0000000085e00000, 0x0000000085e00000|100%| O|  |TAMS 0x0000000085e00000, 0x0000000085d00000| Untracked 
|  94|0x0000000085e00000, 0x0000000085f00000, 0x0000000085f00000|100%| O|  |TAMS 0x0000000085f00000, 0x0000000085e00000| Complete 
|  95|0x0000000085f00000, 0x0000000086000000, 0x0000000086000000|100%| O|  |TAMS 0x0000000086000000, 0x0000000085f00000| Untracked 
|  96|0x0000000086000000, 0x0000000086100000, 0x0000000086100000|100%| O|  |TAMS 0x0000000086100000, 0x0000000086000000| Complete 
|  97|0x0000000086100000, 0x0000000086200000, 0x0000000086200000|100%| O|  |TAMS 0x0000000086200000, 0x0000000086100000| Untracked 
|  98|0x0000000086200000, 0x0000000086300000, 0x0000000086300000|100%| O|  |TAMS 0x0000000086300000, 0x0000000086200000| Untracked 
|  99|0x0000000086300000, 0x0000000086400000, 0x0000000086400000|100%| O|  |TAMS 0x0000000086400000, 0x0000000086300000| Complete 
| 100|0x0000000086400000, 0x0000000086500000, 0x0000000086500000|100%| O|  |TAMS 0x0000000086500000, 0x0000000086400000| Untracked 
| 101|0x0000000086500000, 0x0000000086600000, 0x0000000086600000|100%| O|  |TAMS 0x0000000086600000, 0x0000000086500000| Complete 
| 102|0x0000000086600000, 0x0000000086600000, 0x0000000086700000|  0%| F|  |TAMS 0x0000000086600000, 0x0000000086600000| Untracked 
| 103|0x0000000086700000, 0x0000000086800000, 0x0000000086800000|100%| O|  |TAMS 0x0000000086800000, 0x0000000086700000| Complete 
| 104|0x0000000086800000, 0x0000000086900000, 0x0000000086900000|100%| O|  |TAMS 0x0000000086900000, 0x0000000086800000| Complete 
| 105|0x0000000086900000, 0x0000000086a00000, 0x0000000086a00000|100%| O|  |TAMS 0x0000000086a00000, 0x0000000086900000| Complete 
| 106|0x0000000086a00000, 0x0000000086b00000, 0x0000000086b00000|100%| O|  |TAMS 0x0000000086b00000, 0x0000000086a00000| Complete 
| 107|0x0000000086b00000, 0x0000000086c00000, 0x0000000086c00000|100%| O|  |TAMS 0x0000000086c00000, 0x0000000086b00000| Complete 
| 108|0x0000000086c00000, 0x0000000086d00000, 0x0000000086d00000|100%| O|  |TAMS 0x0000000086d00000, 0x0000000086c00000| Complete 
| 109|0x0000000086d00000, 0x0000000086e00000, 0x0000000086e00000|100%| O|  |TAMS 0x0000000086e00000, 0x0000000086d00000| Untracked 
| 110|0x0000000086e00000, 0x0000000086f00000, 0x0000000086f00000|100%| O|  |TAMS 0x0000000086f00000, 0x0000000086e00000| Untracked 
| 111|0x0000000086f00000, 0x0000000087000000, 0x0000000087000000|100%| O|  |TAMS 0x0000000087000000, 0x0000000086f00000| Untracked 
| 112|0x0000000087000000, 0x0000000087100000, 0x0000000087100000|100%| O|  |TAMS 0x0000000087100000, 0x0000000087000000| Untracked 
| 113|0x0000000087100000, 0x0000000087200000, 0x0000000087200000|100%| O|  |TAMS 0x0000000087200000, 0x0000000087100000| Complete 
| 114|0x0000000087200000, 0x0000000087300000, 0x0000000087300000|100%| O|  |TAMS 0x0000000087300000, 0x0000000087200000| Complete 
| 115|0x0000000087300000, 0x0000000087400000, 0x0000000087400000|100%| O|  |TAMS 0x0000000087400000, 0x0000000087300000| Untracked 
| 116|0x0000000087400000, 0x0000000087500000, 0x0000000087500000|100%| O|  |TAMS 0x0000000087500000, 0x0000000087400000| Untracked 
| 117|0x0000000087500000, 0x0000000087600000, 0x0000000087600000|100%| O|  |TAMS 0x0000000087600000, 0x0000000087500000| Untracked 
| 118|0x0000000087600000, 0x0000000087700000, 0x0000000087700000|100%| O|  |TAMS 0x0000000087700000, 0x0000000087600000| Untracked 
| 119|0x0000000087700000, 0x0000000087800000, 0x0000000087800000|100%| O|  |TAMS 0x0000000087800000, 0x0000000087700000| Untracked 
| 120|0x0000000087800000, 0x0000000087900000, 0x0000000087900000|100%| O|  |TAMS 0x0000000087900000, 0x0000000087800000| Untracked 
| 121|0x0000000087900000, 0x0000000087a00000, 0x0000000087a00000|100%| O|  |TAMS 0x0000000087a00000, 0x0000000087900000| Untracked 
| 122|0x0000000087a00000, 0x0000000087b00000, 0x0000000087b00000|100%| O|  |TAMS 0x0000000087b00000, 0x0000000087a00000| Untracked 
| 123|0x0000000087b00000, 0x0000000087c00000, 0x0000000087c00000|100%| O|  |TAMS 0x0000000087c00000, 0x0000000087b00000| Untracked 
| 124|0x0000000087c00000, 0x0000000087d00000, 0x0000000087d00000|100%| O|  |TAMS 0x0000000087d00000, 0x0000000087c00000| Untracked 
| 125|0x0000000087d00000, 0x0000000087e00000, 0x0000000087e00000|100%| O|  |TAMS 0x0000000087e00000, 0x0000000087d00000| Untracked 
| 126|0x0000000087e00000, 0x0000000087f00000, 0x0000000087f00000|100%| O|  |TAMS 0x0000000087f00000, 0x0000000087e00000| Untracked 
| 127|0x0000000087f00000, 0x0000000088000000, 0x0000000088000000|100%| O|  |TAMS 0x0000000088000000, 0x0000000087f00000| Untracked 
| 128|0x0000000088000000, 0x0000000088100000, 0x0000000088100000|100%| O|  |TAMS 0x0000000088100000, 0x0000000088000000| Complete 
| 129|0x0000000088100000, 0x0000000088200000, 0x0000000088200000|100%| O|  |TAMS 0x0000000088200000, 0x0000000088100000| Untracked 
| 130|0x0000000088200000, 0x0000000088300000, 0x0000000088300000|100%| O|  |TAMS 0x0000000088300000, 0x0000000088200000| Complete 
| 131|0x0000000088300000, 0x0000000088300000, 0x0000000088400000|  0%| F|  |TAMS 0x0000000088300000, 0x0000000088300000| Untracked 
| 132|0x0000000088400000, 0x0000000088500000, 0x0000000088500000|100%| O|  |TAMS 0x0000000088500000, 0x0000000088400000| Complete 
| 133|0x0000000088500000, 0x0000000088600000, 0x0000000088600000|100%| O|  |TAMS 0x0000000088600000, 0x0000000088500000| Complete 
| 134|0x0000000088600000, 0x0000000088700000, 0x0000000088700000|100%| O|  |TAMS 0x0000000088700000, 0x0000000088600000| Complete 
| 135|0x0000000088700000, 0x0000000088800000, 0x0000000088800000|100%| O|  |TAMS 0x0000000088800000, 0x0000000088700000| Complete 
| 136|0x0000000088800000, 0x0000000088900000, 0x0000000088900000|100%| O|  |TAMS 0x0000000088900000, 0x0000000088800000| Complete 
| 137|0x0000000088900000, 0x00000000889e5e00, 0x0000000088a00000| 89%| O|  |TAMS 0x00000000889e5e00, 0x0000000088900000| Untracked 
| 138|0x0000000088a00000, 0x0000000088a00000, 0x0000000088b00000|  0%| F|  |TAMS 0x0000000088a00000, 0x0000000088a00000| Untracked 
| 139|0x0000000088b00000, 0x0000000088b00000, 0x0000000088c00000|  0%| F|  |TAMS 0x0000000088b00000, 0x0000000088b00000| Untracked 
| 140|0x0000000088c00000, 0x0000000088c00000, 0x0000000088d00000|  0%| F|  |TAMS 0x0000000088c00000, 0x0000000088c00000| Untracked 
| 141|0x0000000088d00000, 0x0000000088d00000, 0x0000000088e00000|  0%| F|  |TAMS 0x0000000088d00000, 0x0000000088d00000| Untracked 
| 142|0x0000000088e00000, 0x0000000088e00000, 0x0000000088f00000|  0%| F|  |TAMS 0x0000000088e00000, 0x0000000088e00000| Untracked 
| 143|0x0000000088f00000, 0x0000000088f00000, 0x0000000089000000|  0%| F|  |TAMS 0x0000000088f00000, 0x0000000088f00000| Untracked 
| 144|0x0000000089000000, 0x0000000089000000, 0x0000000089100000|  0%| F|  |TAMS 0x0000000089000000, 0x0000000089000000| Untracked 
| 145|0x0000000089100000, 0x0000000089100000, 0x0000000089200000|  0%| F|  |TAMS 0x0000000089100000, 0x0000000089100000| Untracked 
| 146|0x0000000089200000, 0x0000000089200000, 0x0000000089300000|  0%| F|  |TAMS 0x0000000089200000, 0x0000000089200000| Untracked 
| 147|0x0000000089300000, 0x0000000089300000, 0x0000000089400000|  0%| F|  |TAMS 0x0000000089300000, 0x0000000089300000| Untracked 
| 148|0x0000000089400000, 0x0000000089400000, 0x0000000089500000|  0%| F|  |TAMS 0x0000000089400000, 0x0000000089400000| Untracked 
| 149|0x0000000089500000, 0x0000000089500000, 0x0000000089600000|  0%| F|  |TAMS 0x0000000089500000, 0x0000000089500000| Untracked 
| 150|0x0000000089600000, 0x0000000089600000, 0x0000000089700000|  0%| F|  |TAMS 0x0000000089600000, 0x0000000089600000| Untracked 
| 151|0x0000000089700000, 0x0000000089700000, 0x0000000089800000|  0%| F|  |TAMS 0x0000000089700000, 0x0000000089700000| Untracked 
| 152|0x0000000089800000, 0x0000000089800000, 0x0000000089900000|  0%| F|  |TAMS 0x0000000089800000, 0x0000000089800000| Untracked 
| 153|0x0000000089900000, 0x0000000089900000, 0x0000000089a00000|  0%| F|  |TAMS 0x0000000089900000, 0x0000000089900000| Untracked 
| 154|0x0000000089a00000, 0x0000000089a00000, 0x0000000089b00000|  0%| F|  |TAMS 0x0000000089a00000, 0x0000000089a00000| Untracked 
| 155|0x0000000089b00000, 0x0000000089b00000, 0x0000000089c00000|  0%| F|  |TAMS 0x0000000089b00000, 0x0000000089b00000| Untracked 
| 156|0x0000000089c00000, 0x0000000089c00000, 0x0000000089d00000|  0%| F|  |TAMS 0x0000000089c00000, 0x0000000089c00000| Untracked 
| 157|0x0000000089d00000, 0x0000000089d00000, 0x0000000089e00000|  0%| F|  |TAMS 0x0000000089d00000, 0x0000000089d00000| Untracked 
| 158|0x0000000089e00000, 0x0000000089e00000, 0x0000000089f00000|  0%| F|  |TAMS 0x0000000089e00000, 0x0000000089e00000| Untracked 
| 159|0x0000000089f00000, 0x0000000089f00000, 0x000000008a000000|  0%| F|  |TAMS 0x0000000089f00000, 0x0000000089f00000| Untracked 
| 160|0x000000008a000000, 0x000000008a000000, 0x000000008a100000|  0%| F|  |TAMS 0x000000008a000000, 0x000000008a000000| Untracked 
| 161|0x000000008a100000, 0x000000008a100000, 0x000000008a200000|  0%| F|  |TAMS 0x000000008a100000, 0x000000008a100000| Untracked 
| 162|0x000000008a200000, 0x000000008a200000, 0x000000008a300000|  0%| F|  |TAMS 0x000000008a200000, 0x000000008a200000| Untracked 
| 163|0x000000008a300000, 0x000000008a300000, 0x000000008a400000|  0%| F|  |TAMS 0x000000008a300000, 0x000000008a300000| Untracked 
| 164|0x000000008a400000, 0x000000008a400000, 0x000000008a500000|  0%| F|  |TAMS 0x000000008a400000, 0x000000008a400000| Untracked 
| 165|0x000000008a500000, 0x000000008a500000, 0x000000008a600000|  0%| F|  |TAMS 0x000000008a500000, 0x000000008a500000| Untracked 
| 166|0x000000008a600000, 0x000000008a600000, 0x000000008a700000|  0%| F|  |TAMS 0x000000008a600000, 0x000000008a600000| Untracked 
| 167|0x000000008a700000, 0x000000008a700000, 0x000000008a800000|  0%| F|  |TAMS 0x000000008a700000, 0x000000008a700000| Untracked 
| 168|0x000000008a800000, 0x000000008a800000, 0x000000008a900000|  0%| F|  |TAMS 0x000000008a800000, 0x000000008a800000| Untracked 
| 169|0x000000008a900000, 0x000000008a900000, 0x000000008aa00000|  0%| F|  |TAMS 0x000000008a900000, 0x000000008a900000| Untracked 
| 170|0x000000008aa00000, 0x000000008aa00000, 0x000000008ab00000|  0%| F|  |TAMS 0x000000008aa00000, 0x000000008aa00000| Untracked 
| 171|0x000000008ab00000, 0x000000008ab426d8, 0x000000008ac00000| 25%| S|CS|TAMS 0x000000008ab00000, 0x000000008ab00000| Complete 
| 172|0x000000008ac00000, 0x000000008ad00000, 0x000000008ad00000|100%| S|CS|TAMS 0x000000008ac00000, 0x000000008ac00000| Complete 
| 173|0x000000008ad00000, 0x000000008ad00000, 0x000000008ae00000|  0%| F|  |TAMS 0x000000008ad00000, 0x000000008ad00000| Untracked 
| 174|0x000000008ae00000, 0x000000008ae00000, 0x000000008af00000|  0%| F|  |TAMS 0x000000008ae00000, 0x000000008ae00000| Untracked 
| 175|0x000000008af00000, 0x000000008af00000, 0x000000008b000000|  0%| F|  |TAMS 0x000000008af00000, 0x000000008af00000| Untracked 
| 176|0x000000008b000000, 0x000000008b000000, 0x000000008b100000|  0%| F|  |TAMS 0x000000008b000000, 0x000000008b000000| Untracked 
| 177|0x000000008b100000, 0x000000008b100000, 0x000000008b200000|  0%| F|  |TAMS 0x000000008b100000, 0x000000008b100000| Untracked 
| 178|0x000000008b200000, 0x000000008b200000, 0x000000008b300000|  0%| F|  |TAMS 0x000000008b200000, 0x000000008b200000| Untracked 
| 179|0x000000008b300000, 0x000000008b300000, 0x000000008b400000|  0%| F|  |TAMS 0x000000008b300000, 0x000000008b300000| Untracked 
| 180|0x000000008b400000, 0x000000008b400000, 0x000000008b500000|  0%| F|  |TAMS 0x000000008b400000, 0x000000008b400000| Untracked 
| 181|0x000000008b500000, 0x000000008b500000, 0x000000008b600000|  0%| F|  |TAMS 0x000000008b500000, 0x000000008b500000| Untracked 
| 182|0x000000008b600000, 0x000000008b600000, 0x000000008b700000|  0%| F|  |TAMS 0x000000008b600000, 0x000000008b600000| Untracked 
| 183|0x000000008b700000, 0x000000008b700000, 0x000000008b800000|  0%| F|  |TAMS 0x000000008b700000, 0x000000008b700000| Untracked 
| 184|0x000000008b800000, 0x000000008b800000, 0x000000008b900000|  0%| F|  |TAMS 0x000000008b800000, 0x000000008b800000| Untracked 
| 185|0x000000008b900000, 0x000000008b900000, 0x000000008ba00000|  0%| F|  |TAMS 0x000000008b900000, 0x000000008b900000| Untracked 
| 186|0x000000008ba00000, 0x000000008ba00000, 0x000000008bb00000|  0%| F|  |TAMS 0x000000008ba00000, 0x000000008ba00000| Untracked 
| 187|0x000000008bb00000, 0x000000008bb00000, 0x000000008bc00000|  0%| F|  |TAMS 0x000000008bb00000, 0x000000008bb00000| Untracked 
| 188|0x000000008bc00000, 0x000000008bc00000, 0x000000008bd00000|  0%| F|  |TAMS 0x000000008bc00000, 0x000000008bc00000| Untracked 
| 189|0x000000008bd00000, 0x000000008bd00000, 0x000000008be00000|  0%| F|  |TAMS 0x000000008bd00000, 0x000000008bd00000| Untracked 
| 190|0x000000008be00000, 0x000000008be00000, 0x000000008bf00000|  0%| F|  |TAMS 0x000000008be00000, 0x000000008be00000| Untracked 
| 191|0x000000008bf00000, 0x000000008bf00000, 0x000000008c000000|  0%| F|  |TAMS 0x000000008bf00000, 0x000000008bf00000| Untracked 
| 192|0x000000008c000000, 0x000000008c000000, 0x000000008c100000|  0%| F|  |TAMS 0x000000008c000000, 0x000000008c000000| Untracked 
| 193|0x000000008c100000, 0x000000008c100000, 0x000000008c200000|  0%| F|  |TAMS 0x000000008c100000, 0x000000008c100000| Untracked 
| 194|0x000000008c200000, 0x000000008c200000, 0x000000008c300000|  0%| F|  |TAMS 0x000000008c200000, 0x000000008c200000| Untracked 
| 195|0x000000008c300000, 0x000000008c300000, 0x000000008c400000|  0%| F|  |TAMS 0x000000008c300000, 0x000000008c300000| Untracked 
| 196|0x000000008c400000, 0x000000008c400000, 0x000000008c500000|  0%| F|  |TAMS 0x000000008c400000, 0x000000008c400000| Untracked 
| 197|0x000000008c500000, 0x000000008c500000, 0x000000008c600000|  0%| F|  |TAMS 0x000000008c500000, 0x000000008c500000| Untracked 
| 198|0x000000008c600000, 0x000000008c600000, 0x000000008c700000|  0%| F|  |TAMS 0x000000008c600000, 0x000000008c600000| Untracked 
| 199|0x000000008c700000, 0x000000008c700000, 0x000000008c800000|  0%| F|  |TAMS 0x000000008c700000, 0x000000008c700000| Untracked 
| 200|0x000000008c800000, 0x000000008c800000, 0x000000008c900000|  0%| F|  |TAMS 0x000000008c800000, 0x000000008c800000| Untracked 
| 201|0x000000008c900000, 0x000000008c900000, 0x000000008ca00000|  0%| F|  |TAMS 0x000000008c900000, 0x000000008c900000| Untracked 
| 202|0x000000008ca00000, 0x000000008ca00000, 0x000000008cb00000|  0%| F|  |TAMS 0x000000008ca00000, 0x000000008ca00000| Untracked 
| 203|0x000000008cb00000, 0x000000008cb00000, 0x000000008cc00000|  0%| F|  |TAMS 0x000000008cb00000, 0x000000008cb00000| Untracked 
| 204|0x000000008cc00000, 0x000000008cc00000, 0x000000008cd00000|  0%| F|  |TAMS 0x000000008cc00000, 0x000000008cc00000| Untracked 
| 205|0x000000008cd00000, 0x000000008cd00000, 0x000000008ce00000|  0%| F|  |TAMS 0x000000008cd00000, 0x000000008cd00000| Untracked 
| 206|0x000000008ce00000, 0x000000008ce00000, 0x000000008cf00000|  0%| F|  |TAMS 0x000000008ce00000, 0x000000008ce00000| Untracked 
| 207|0x000000008cf00000, 0x000000008cf00000, 0x000000008d000000|  0%| F|  |TAMS 0x000000008cf00000, 0x000000008cf00000| Untracked 
| 208|0x000000008d000000, 0x000000008d000000, 0x000000008d100000|  0%| F|  |TAMS 0x000000008d000000, 0x000000008d000000| Untracked 
| 209|0x000000008d100000, 0x000000008d100000, 0x000000008d200000|  0%| F|  |TAMS 0x000000008d100000, 0x000000008d100000| Untracked 
| 210|0x000000008d200000, 0x000000008d200000, 0x000000008d300000|  0%| F|  |TAMS 0x000000008d200000, 0x000000008d200000| Untracked 
| 211|0x000000008d300000, 0x000000008d300000, 0x000000008d400000|  0%| F|  |TAMS 0x000000008d300000, 0x000000008d300000| Untracked 
| 212|0x000000008d400000, 0x000000008d400000, 0x000000008d500000|  0%| F|  |TAMS 0x000000008d400000, 0x000000008d400000| Untracked 
| 213|0x000000008d500000, 0x000000008d500000, 0x000000008d600000|  0%| F|  |TAMS 0x000000008d500000, 0x000000008d500000| Untracked 
| 214|0x000000008d600000, 0x000000008d600000, 0x000000008d700000|  0%| F|  |TAMS 0x000000008d600000, 0x000000008d600000| Untracked 
| 215|0x000000008d700000, 0x000000008d700000, 0x000000008d800000|  0%| F|  |TAMS 0x000000008d700000, 0x000000008d700000| Untracked 
| 216|0x000000008d800000, 0x000000008d800000, 0x000000008d900000|  0%| F|  |TAMS 0x000000008d800000, 0x000000008d800000| Untracked 
| 217|0x000000008d900000, 0x000000008d900000, 0x000000008da00000|  0%| F|  |TAMS 0x000000008d900000, 0x000000008d900000| Untracked 
| 218|0x000000008da00000, 0x000000008da00000, 0x000000008db00000|  0%| F|  |TAMS 0x000000008da00000, 0x000000008da00000| Untracked 
| 219|0x000000008db00000, 0x000000008db00000, 0x000000008dc00000|  0%| F|  |TAMS 0x000000008db00000, 0x000000008db00000| Untracked 
| 220|0x000000008dc00000, 0x000000008dc00000, 0x000000008dd00000|  0%| F|  |TAMS 0x000000008dc00000, 0x000000008dc00000| Untracked 
| 221|0x000000008dd00000, 0x000000008dd00000, 0x000000008de00000|  0%| F|  |TAMS 0x000000008dd00000, 0x000000008dd00000| Untracked 
| 222|0x000000008de00000, 0x000000008de00000, 0x000000008df00000|  0%| F|  |TAMS 0x000000008de00000, 0x000000008de00000| Untracked 
| 223|0x000000008df00000, 0x000000008df00000, 0x000000008e000000|  0%| F|  |TAMS 0x000000008df00000, 0x000000008df00000| Untracked 
| 224|0x000000008e000000, 0x000000008e000000, 0x000000008e100000|  0%| F|  |TAMS 0x000000008e000000, 0x000000008e000000| Untracked 
| 225|0x000000008e100000, 0x000000008e100000, 0x000000008e200000|  0%| F|  |TAMS 0x000000008e100000, 0x000000008e100000| Untracked 
| 226|0x000000008e200000, 0x000000008e200000, 0x000000008e300000|  0%| F|  |TAMS 0x000000008e200000, 0x000000008e200000| Untracked 
| 227|0x000000008e300000, 0x000000008e3bf8f8, 0x000000008e400000| 74%| E|  |TAMS 0x000000008e300000, 0x000000008e300000| Complete 
| 228|0x000000008e400000, 0x000000008e500000, 0x000000008e500000|100%| E|CS|TAMS 0x000000008e400000, 0x000000008e400000| Complete 
| 229|0x000000008e500000, 0x000000008e600000, 0x000000008e600000|100%| E|CS|TAMS 0x000000008e500000, 0x000000008e500000| Complete 
| 230|0x000000008e600000, 0x000000008e700000, 0x000000008e700000|100%| E|CS|TAMS 0x000000008e600000, 0x000000008e600000| Complete 
| 231|0x000000008e700000, 0x000000008e800000, 0x000000008e800000|100%| E|CS|TAMS 0x000000008e700000, 0x000000008e700000| Complete 
| 232|0x000000008e800000, 0x000000008e900000, 0x000000008e900000|100%| E|CS|TAMS 0x000000008e800000, 0x000000008e800000| Complete 

Card table byte_map: [0x00000274be780000,0x00000274beb80000] _byte_map_base: 0x00000274be380000

Marking Bits (Prev, Next): (CMBitMap*) 0x00000274ab2ac9c8, (CMBitMap*) 0x00000274ab2aca00
 Prev Bits: [0x00000274bef80000, 0x00000274c0f80000)
 Next Bits: [0x00000274c0f80000, 0x00000274c2f80000)

Polling page: 0x00000274a9930000

Metaspace:

Usage:
  Non-class:    126.57 MB capacity,   124.59 MB ( 98%) used,     1.64 MB (  1%) free+waste,   346.56 KB ( <1%) overhead. 
      Class:     19.11 MB capacity,    18.04 MB ( 94%) used,   940.36 KB (  5%) free+waste,   152.31 KB ( <1%) overhead. 
       Both:    145.68 MB capacity,   142.63 MB ( 98%) used,     2.56 MB (  2%) free+waste,   498.88 KB ( <1%) overhead. 

Virtual space:
  Non-class space:      128.00 MB reserved,     126.70 MB ( 99%) committed 
      Class space:        1.00 GB reserved,      19.13 MB (  2%) committed 
             Both:        1.13 GB reserved,     145.82 MB ( 13%) committed 

Chunk freelists:
   Non-Class:  66.00 KB
       Class:  19.00 KB
        Both:  85.00 KB

MaxMetaspaceSize: 17179869184.00 GB
CompressedClassSpaceSize: 1.00 GB

CodeHeap 'non-profiled nmethods': size=120064Kb used=13734Kb max_used=13734Kb free=106329Kb
 bounds [0x00000274b6820000, 0x00000274b7590000, 0x00000274bdd60000]
CodeHeap 'profiled nmethods': size=120000Kb used=39887Kb max_used=39887Kb free=80112Kb
 bounds [0x00000274af2f0000, 0x00000274b1a30000, 0x00000274b6820000]
CodeHeap 'non-nmethods': size=5696Kb used=2346Kb max_used=2411Kb free=3349Kb
 bounds [0x00000274aed60000, 0x00000274aefd0000, 0x00000274af2f0000]
 total_blobs=18221 nmethods=17242 adapters=890
 compilation: enabled
              stopped_count=0, restarted_count=0
 full_count=0

Compilation events (20 events):
Event: 6577.778 Thread 0x00000274c55dc000 18979       2       org.objectweb.asm.ByteVector::putLong (145 bytes)
Event: 6577.778 Thread 0x00000274c55dc000 nmethod 18979 0x00000274b01a2010 code [0x00000274b01a21e0, 0x00000274b01a2488]
Event: 6578.257 Thread 0x00000274c55dc000 18981       2       com.google.common.cache.LocalCache$Segment::recordRead (29 bytes)
Event: 6578.257 Thread 0x00000274c55dc000 nmethod 18981 0x00000274b003c190 code [0x00000274b003c360, 0x00000274b003c4f8]
Event: 6578.433 Thread 0x00000274c55dc000 18982   !   2       com.google.common.cache.LocalCache$Segment::get (210 bytes)
Event: 6578.437 Thread 0x00000274c55dc000 nmethod 18982 0x00000274b035db10 code [0x00000274b035de80, 0x00000274b035ead8]
Event: 6578.438 Thread 0x00000274c55dc000 18983       2       com.google.common.collect.ImmutableList::copyOf (44 bytes)
Event: 6578.439 Thread 0x00000274c55dc000 nmethod 18983 0x00000274b02b7f90 code [0x00000274b02b81a0, 0x00000274b02b84a8]
Event: 6578.440 Thread 0x00000274c55dc000 18984       2       com.google.common.collect.ImmutableMapEntry$NonTerminalImmutableMapEntry::<init> (12 bytes)
Event: 6578.440 Thread 0x00000274c55dc000 nmethod 18984 0x00000274b01d7390 code [0x00000274b01d7560, 0x00000274b01d77a8]
Event: 6578.453 Thread 0x00000274c55dc000 18985       2       java.lang.Character::valueOf (21 bytes)
Event: 6578.454 Thread 0x00000274c55dc000 nmethod 18985 0x00000274b0053a90 code [0x00000274b0053c40, 0x00000274b0053db8]
Event: 6578.478 Thread 0x00000274c55dc000 18986       2       org.gradle.internal.reflect.annotations.impl.DefaultTypeAnnotationMetadataStore::getOrCreateBuilder (24 bytes)
Event: 6578.478 Thread 0x00000274c55dc000 nmethod 18986 0x00000274b0239110 code [0x00000274b02392e0, 0x00000274b02394f8]
Event: 6578.478 Thread 0x00000274c55dc000 18987       2       org.gradle.internal.reflect.annotations.impl.DefaultTypeAnnotationMetadataStore$$Lambda$670/0x0000000100830c40::get$Lambda (12 bytes)
Event: 6578.479 Thread 0x00000274c55dc000 nmethod 18987 0x00000274b0282a90 code [0x00000274b0282c40, 0x00000274b0282ef8]
Event: 6578.479 Thread 0x00000274c55dc000 18988       2       org.gradle.internal.reflect.annotations.impl.DefaultTypeAnnotationMetadataStore$$Lambda$670/0x0000000100830c40::<init> (26 bytes)
Event: 6578.480 Thread 0x00000274c55dc000 nmethod 18988 0x00000274b02f7910 code [0x00000274b02f7ac0, 0x00000274b02f7d38]
Event: 6578.481 Thread 0x00000274c55dc000 18989       2       com.android.build.api.variant.impl.ApplicationVariantBuilderImpl_Decorated::getName (40 bytes)
Event: 6578.482 Thread 0x00000274c55dc000 nmethod 18989 0x00000274b02f7190 code [0x00000274b02f73a0, 0x00000274b02f76e8]

GC Heap History (20 events):
Event: 6567.390 GC heap before
{Heap before GC invocations=94 (full 0):
 garbage-first heap   total 238592K, used 133641K [0x0000000080000000, 0x0000000100000000)
  region size 1024K, 11 young (11264K), 8 survivors (8192K)
 Metaspace       used 144456K, capacity 147646K, committed 147788K, reserved 1177600K
  class space    used 18341K, capacity 19460K, committed 19584K, reserved 1048576K
}
Event: 6567.408 GC heap after
{Heap after GC invocations=95 (full 0):
 garbage-first heap   total 238592K, used 131334K [0x0000000080000000, 0x0000000100000000)
  region size 1024K, 2 young (2048K), 2 survivors (2048K)
 Metaspace       used 144456K, capacity 147646K, committed 147788K, reserved 1177600K
  class space    used 18341K, capacity 19460K, committed 19584K, reserved 1048576K
}
Event: 6571.083 GC heap before
{Heap before GC invocations=95 (full 0):
 garbage-first heap   total 238592K, used 200966K [0x0000000080000000, 0x0000000100000000)
  region size 1024K, 72 young (73728K), 2 survivors (2048K)
 Metaspace       used 145225K, capacity 148464K, committed 148556K, reserved 1177600K
  class space    used 18408K, capacity 19551K, committed 19584K, reserved 1048576K
}
Event: 6571.095 GC heap after
{Heap after GC invocations=96 (full 0):
 garbage-first heap   total 238592K, used 132477K [0x0000000080000000, 0x0000000100000000)
  region size 1024K, 3 young (3072K), 3 survivors (3072K)
 Metaspace       used 145225K, capacity 148464K, committed 148556K, reserved 1177600K
  class space    used 18408K, capacity 19551K, committed 19584K, reserved 1048576K
}
Event: 6574.986 GC heap before
{Heap before GC invocations=97 (full 0):
 garbage-first heap   total 238592K, used 209277K [0x0000000080000000, 0x0000000100000000)
  region size 1024K, 72 young (73728K), 3 survivors (3072K)
 Metaspace       used 145455K, capacity 148649K, committed 148812K, reserved 1179648K
  class space    used 18414K, capacity 19539K, committed 19584K, reserved 1048576K
}
Event: 6574.997 GC heap after
{Heap after GC invocations=98 (full 0):
 garbage-first heap   total 238592K, used 137025K [0x0000000080000000, 0x0000000100000000)
  region size 1024K, 6 young (6144K), 6 survivors (6144K)
 Metaspace       used 145455K, capacity 148649K, committed 148812K, reserved 1179648K
  class space    used 18414K, capacity 19539K, committed 19584K, reserved 1048576K
}
Event: 6575.036 GC heap before
{Heap before GC invocations=98 (full 0):
 garbage-first heap   total 238592K, used 141121K [0x0000000080000000, 0x0000000100000000)
  region size 1024K, 11 young (11264K), 6 survivors (6144K)
 Metaspace       used 145457K, capacity 148649K, committed 148812K, reserved 1179648K
  class space    used 18414K, capacity 19539K, committed 19584K, reserved 1048576K
}
Event: 6575.046 GC heap after
{Heap after GC invocations=99 (full 0):
 garbage-first heap   total 238592K, used 137845K [0x0000000080000000, 0x0000000100000000)
  region size 1024K, 2 young (2048K), 2 survivors (2048K)
 Metaspace       used 145457K, capacity 148649K, committed 148812K, reserved 1179648K
  class space    used 18414K, capacity 19539K, committed 19584K, reserved 1048576K
}
Event: 6575.624 GC heap before
{Heap before GC invocations=99 (full 0):
 garbage-first heap   total 238592K, used 202357K [0x0000000080000000, 0x0000000100000000)
  region size 1024K, 65 young (66560K), 2 survivors (2048K)
 Metaspace       used 145473K, capacity 148649K, committed 148812K, reserved 1179648K
  class space    used 18414K, capacity 19539K, committed 19584K, reserved 1048576K
}
Event: 6575.630 GC heap after
{Heap after GC invocations=100 (full 0):
 garbage-first heap   total 238592K, used 137934K [0x0000000080000000, 0x0000000100000000)
  region size 1024K, 2 young (2048K), 2 survivors (2048K)
 Metaspace       used 145473K, capacity 148649K, committed 148812K, reserved 1179648K
  class space    used 18414K, capacity 19539K, committed 19584K, reserved 1048576K
}
Event: 6576.376 GC heap before
{Heap before GC invocations=101 (full 0):
 garbage-first heap   total 238592K, used 203470K [0x0000000080000000, 0x0000000100000000)
  region size 1024K, 66 young (67584K), 2 survivors (2048K)
 Metaspace       used 145505K, capacity 148685K, committed 148812K, reserved 1179648K
  class space    used 18409K, capacity 19530K, committed 19584K, reserved 1048576K
}
Event: 6576.381 GC heap after
{Heap after GC invocations=102 (full 0):
 garbage-first heap   total 238592K, used 137876K [0x0000000080000000, 0x0000000100000000)
  region size 1024K, 2 young (2048K), 2 survivors (2048K)
 Metaspace       used 145505K, capacity 148685K, committed 148812K, reserved 1179648K
  class space    used 18409K, capacity 19530K, committed 19584K, reserved 1048576K
}
Event: 6576.729 GC heap before
{Heap before GC invocations=102 (full 0):
 garbage-first heap   total 238592K, used 176788K [0x0000000080000000, 0x0000000100000000)
  region size 1024K, 41 young (41984K), 2 survivors (2048K)
 Metaspace       used 145507K, capacity 148685K, committed 148812K, reserved 1179648K
  class space    used 18409K, capacity 19530K, committed 19584K, reserved 1048576K
}
Event: 6576.738 GC heap after
{Heap after GC invocations=103 (full 0):
 garbage-first heap   total 238592K, used 141236K [0x0000000080000000, 0x0000000100000000)
  region size 1024K, 5 young (5120K), 5 survivors (5120K)
 Metaspace       used 145507K, capacity 148685K, committed 148812K, reserved 1179648K
  class space    used 18409K, capacity 19530K, committed 19584K, reserved 1048576K
}
Event: 6577.418 GC heap before
{Heap before GC invocations=104 (full 0):
 garbage-first heap   total 238592K, used 198580K [0x0000000080000000, 0x0000000100000000)
  region size 1024K, 61 young (62464K), 5 survivors (5120K)
 Metaspace       used 145514K, capacity 148685K, committed 148812K, reserved 1179648K
  class space    used 18409K, capacity 19530K, committed 19584K, reserved 1048576K
}
Event: 6577.424 GC heap after
{Heap after GC invocations=105 (full 0):
 garbage-first heap   total 238592K, used 140650K [0x0000000080000000, 0x0000000100000000)
  region size 1024K, 4 young (4096K), 4 survivors (4096K)
 Metaspace       used 145514K, capacity 148685K, committed 148812K, reserved 1179648K
  class space    used 18409K, capacity 19530K, committed 19584K, reserved 1048576K
}
Event: 6577.441 GC heap before
{Heap before GC invocations=105 (full 0):
 garbage-first heap   total 238592K, used 146794K [0x0000000080000000, 0x0000000100000000)
  region size 1024K, 11 young (11264K), 4 survivors (4096K)
 Metaspace       used 145530K, capacity 148685K, committed 148812K, reserved 1179648K
  class space    used 18410K, capacity 19530K, committed 19584K, reserved 1048576K
}
Event: 6577.447 GC heap after
{Heap after GC invocations=106 (full 0):
 garbage-first heap   total 238592K, used 139873K [0x0000000080000000, 0x0000000100000000)
  region size 1024K, 1 young (1024K), 1 survivors (1024K)
 Metaspace       used 145530K, capacity 148685K, committed 148812K, reserved 1179648K
  class space    used 18410K, capacity 19530K, committed 19584K, reserved 1048576K
}
Event: 6577.924 GC heap before
{Heap before GC invocations=106 (full 0):
 garbage-first heap   total 238592K, used 199265K [0x0000000080000000, 0x0000000100000000)
  region size 1024K, 60 young (61440K), 1 survivors (1024K)
 Metaspace       used 145914K, capacity 149037K, committed 149324K, reserved 1179648K
  class space    used 18452K, capacity 19562K, committed 19584K, reserved 1048576K
}
Event: 6577.928 GC heap after
{Heap after GC invocations=107 (full 0):
 garbage-first heap   total 238592K, used 140449K [0x0000000080000000, 0x0000000100000000)
  region size 1024K, 2 young (2048K), 2 survivors (2048K)
 Metaspace       used 145914K, capacity 149037K, committed 149324K, reserved 1179648K
  class space    used 18452K, capacity 19562K, committed 19584K, reserved 1048576K
}

Deoptimization events (20 events):
Event: 6577.453 Thread 0x00000274cb7b0000 DEOPT PACKING pc=0x00000274b7575fb8 sp=0x00000091d55fb160
Event: 6577.453 Thread 0x00000274cb7b0000 DEOPT UNPACKING pc=0x00000274aed86a29 sp=0x00000091d55fb0e0 mode 2
Event: 6577.477 Thread 0x00000274cb7b2800 DEOPT PACKING pc=0x00000274b0386037 sp=0x00000091d57faa50
Event: 6577.477 Thread 0x00000274cb7b2800 DEOPT UNPACKING pc=0x00000274aed8683f sp=0x00000091d57f9f78 mode 0
Event: 6577.533 Thread 0x00000274cb7b2800 DEOPT PACKING pc=0x00000274b0386037 sp=0x00000091d57fa930
Event: 6577.533 Thread 0x00000274cb7b2800 DEOPT UNPACKING pc=0x00000274aed8683f sp=0x00000091d57f9e58 mode 0
Event: 6577.544 Thread 0x00000274cb7b2800 DEOPT PACKING pc=0x00000274b0386037 sp=0x00000091d57fa8d0
Event: 6577.544 Thread 0x00000274cb7b2800 DEOPT UNPACKING pc=0x00000274aed8683f sp=0x00000091d57f9df8 mode 0
Event: 6577.554 Thread 0x00000274cb7b2800 DEOPT PACKING pc=0x00000274b0386037 sp=0x00000091d57fa8d0
Event: 6577.554 Thread 0x00000274cb7b2800 DEOPT UNPACKING pc=0x00000274aed8683f sp=0x00000091d57f9df8 mode 0
Event: 6577.634 Thread 0x00000274cb7b2800 DEOPT PACKING pc=0x00000274b0386037 sp=0x00000091d57faa50
Event: 6577.634 Thread 0x00000274cb7b2800 DEOPT UNPACKING pc=0x00000274aed8683f sp=0x00000091d57f9f78 mode 0
Event: 6577.719 Thread 0x00000274cb7b2800 DEOPT PACKING pc=0x00000274b0386037 sp=0x00000091d57faa50
Event: 6577.719 Thread 0x00000274cb7b2800 DEOPT UNPACKING pc=0x00000274aed8683f sp=0x00000091d57f9f78 mode 0
Event: 6577.733 Thread 0x00000274cb7b2800 DEOPT PACKING pc=0x00000274b0386037 sp=0x00000091d57fa8d0
Event: 6577.733 Thread 0x00000274cb7b2800 DEOPT UNPACKING pc=0x00000274aed8683f sp=0x00000091d57f9df8 mode 0
Event: 6577.783 Thread 0x00000274cb7b2800 DEOPT PACKING pc=0x00000274b0386037 sp=0x00000091d57fa8d0
Event: 6577.784 Thread 0x00000274cb7b2800 DEOPT UNPACKING pc=0x00000274aed8683f sp=0x00000091d57f9df8 mode 0
Event: 6577.869 Thread 0x00000274cb7b0000 DEOPT PACKING pc=0x00000274b0386037 sp=0x00000091d55fb150
Event: 6577.869 Thread 0x00000274cb7b0000 DEOPT UNPACKING pc=0x00000274aed8683f sp=0x00000091d55fa678 mode 0

Classes redefined (0 events):
No events

Internal exceptions (20 events):
Event: 6567.441 Thread 0x00000274cb7b2800 Exception <a 'java/lang/NoSuchMethodError'{0x000000008e6556e8}: 'void java.lang.invoke.DirectMethodHandle$Holder.invokeStatic(java.lang.Object, java.lang.Object, java.lang.Object, java.lang.Object, java.lang.Object, java.lang.Object, java.lang.Object)'> (0x000000008e6556e8) thrown at [./src/hotspot/share/interpreter/linkResolver.cpp, line 773]
Event: 6567.444 Thread 0x00000274cb7b6800 Exception <a 'java/lang/NoSuchMethodError'{0x000000008e721c80}: 'void java.lang.invoke.DirectMethodHandle$Holder.invokeStatic(java.lang.Object, java.lang.Object, java.lang.Object, java.lang.Object, java.lang.Object, java.lang.Object, java.lang.Object)'> (0x000000008e721c80) thrown at [./src/hotspot/share/interpreter/linkResolver.cpp, line 773]
Event: 6567.618 Thread 0x00000274ca0da800 Exception <a 'sun/nio/fs/WindowsException'{0x000000008de2c468}> (0x000000008de2c468) thrown at [./src/hotspot/share/prims/jni.cpp, line 615]
Event: 6567.885 Thread 0x00000274cb7b0000 Exception <a 'sun/nio/fs/WindowsException'{0x000000008d2ffb40}> (0x000000008d2ffb40) thrown at [./src/hotspot/share/prims/jni.cpp, line 615]
Event: 6568.547 Thread 0x00000274cb7b0000 Exception <a 'sun/nio/fs/WindowsException'{0x000000008c79fde8}> (0x000000008c79fde8) thrown at [./src/hotspot/share/prims/jni.cpp, line 615]
Event: 6568.598 Thread 0x00000274ca0da800 Exception <a 'sun/nio/fs/WindowsException'{0x000000008c3ebd30}> (0x000000008c3ebd30) thrown at [./src/hotspot/share/prims/jni.cpp, line 615]
Event: 6569.192 Thread 0x00000274ca0da800 Implicit null exception at 0x00000274b6aff4e9 to 0x00000274b6affd38
Event: 6569.675 Thread 0x00000274cb7b0000 Exception <a 'java/net/SocketTimeoutException'{0x000000008b9def00}: Read timed out> (0x000000008b9def00) thrown at [./src/hotspot/share/prims/jni.cpp, line 636]
Event: 6570.805 Thread 0x00000274cb7b2800 Implicit null exception at 0x00000274b704bc93 to 0x00000274b704bda0
Event: 6572.433 Thread 0x00000274cb7b2800 Exception <a 'sun/nio/fs/WindowsException'{0x000000008d6b0268}> (0x000000008d6b0268) thrown at [./src/hotspot/share/prims/jni.cpp, line 615]
Event: 6572.440 Thread 0x00000274ca0da800 Exception <a 'sun/nio/fs/WindowsException'{0x000000008d506d48}> (0x000000008d506d48) thrown at [./src/hotspot/share/prims/jni.cpp, line 615]
Event: 6573.443 Thread 0x00000274cb7b2800 Exception <a 'sun/nio/fs/WindowsException'{0x000000008cde2510}> (0x000000008cde2510) thrown at [./src/hotspot/share/prims/jni.cpp, line 615]
Event: 6573.782 Thread 0x00000274ca0da800 Exception <a 'java/net/SocketTimeoutException'{0x000000008ca8fbc0}: Read timed out> (0x000000008ca8fbc0) thrown at [./src/hotspot/share/prims/jni.cpp, line 636]
Event: 6574.298 Thread 0x00000274cb7b6800 Exception <a 'sun/nio/fs/WindowsException'{0x000000008c1ad878}> (0x000000008c1ad878) thrown at [./src/hotspot/share/prims/jni.cpp, line 615]
Event: 6574.519 Thread 0x00000274cb7b0000 Exception <a 'sun/nio/fs/WindowsException'{0x000000008bb7e070}> (0x000000008bb7e070) thrown at [./src/hotspot/share/prims/jni.cpp, line 615]
Event: 6574.732 Thread 0x00000274cb7b6000 Exception <a 'sun/nio/fs/WindowsException'{0x000000008b509610}> (0x000000008b509610) thrown at [./src/hotspot/share/prims/jni.cpp, line 615]
Event: 6577.610 Thread 0x00000274cb7b6000 Exception <a 'sun/nio/fs/WindowsException'{0x000000008cdca930}> (0x000000008cdca930) thrown at [./src/hotspot/share/prims/jni.cpp, line 615]
Event: 6577.685 Thread 0x00000274cb7b6800 Exception <a 'sun/nio/fs/WindowsException'{0x000000008c1bca58}> (0x000000008c1bca58) thrown at [./src/hotspot/share/prims/jni.cpp, line 615]
Event: 6577.791 Thread 0x00000274cb7b2800 Exception <a 'sun/nio/fs/WindowsException'{0x000000008b54a268}> (0x000000008b54a268) thrown at [./src/hotspot/share/prims/jni.cpp, line 615]
Event: 6577.940 Thread 0x00000274cb7b0000 Exception <a 'sun/nio/fs/WindowsException'{0x000000008e71a498}> (0x000000008e71a498) thrown at [./src/hotspot/share/prims/jni.cpp, line 615]

Events (20 events):
Event: 6577.658 loading class org/jdom2/AttributeList$1
Event: 6577.658 loading class org/jdom2/AttributeList$1 done
Event: 6577.661 loading class org/jdom2/internal/ArrayCopy
Event: 6577.661 loading class org/jdom2/internal/ArrayCopy done
Event: 6577.671 loading class org/jdom2/filter/ElementFilter
Event: 6577.671 loading class org/jdom2/filter/ElementFilter done
Event: 6577.672 loading class org/jdom2/filter/AbstractFilter
Event: 6577.672 loading class org/jdom2/filter/AbstractFilter done
Event: 6577.673 loading class org/jdom2/ContentList$FilterList
Event: 6577.673 loading class org/jdom2/ContentList$FilterList done
Event: 6577.678 loading class org/jdom2/ContentList$FilterListIterator
Event: 6577.678 loading class org/jdom2/ContentList$FilterListIterator done
Event: 6577.680 loading class org/jdom2/ContentList$CLIterator
Event: 6577.680 loading class org/jdom2/ContentList$CLIterator done
Event: 6577.924 Executing VM operation: G1CollectForAllocation
Event: 6577.928 Executing VM operation: G1CollectForAllocation done
Event: 6578.295 Executing VM operation: CGC_Operation
Event: 6578.327 Executing VM operation: CGC_Operation done
Event: 6578.451 loading class com/android/builder/model/Dependencies$ProjectIdentifier
Event: 6578.451 loading class com/android/builder/model/Dependencies$ProjectIdentifier done


Dynamic libraries:
0x00007ff76c870000 - 0x00007ff76c87a000 	C:\Program Files\Android\Android Studio\jre\bin\java.exe
0x00007ffeff090000 - 0x00007ffeff285000 	C:\Windows\SYSTEM32\ntdll.dll
0x00007ffefe8d0000 - 0x00007ffefe98e000 	C:\Windows\System32\KERNEL32.DLL
0x00007ffefce10000 - 0x00007ffefd0d9000 	C:\Windows\System32\KERNELBASE.dll
0x00007ffefc7b0000 - 0x00007ffefc8b0000 	C:\Windows\System32\ucrtbase.dll
0x00007ffef2460000 - 0x00007ffef2479000 	C:\Program Files\Android\Android Studio\jre\bin\jli.dll
0x00007ffef2440000 - 0x00007ffef2457000 	C:\Program Files\Android\Android Studio\jre\bin\VCRUNTIME140.dll
0x00007ffefee10000 - 0x00007ffefefb1000 	C:\Windows\System32\USER32.dll
0x00007ffefccd0000 - 0x00007ffefccf2000 	C:\Windows\System32\win32u.dll
0x00007ffef12b0000 - 0x00007ffef154a000 	C:\Windows\WinSxS\amd64_microsoft.windows.common-controls_6595b64144ccf1df_6.0.19041.1110_none_60b5254171f9507e\COMCTL32.dll
0x00007ffefd610000 - 0x00007ffefd63b000 	C:\Windows\System32\GDI32.dll
0x00007ffefe7d0000 - 0x00007ffefe86e000 	C:\Windows\System32\msvcrt.dll
0x00007ffefcd00000 - 0x00007ffefce0b000 	C:\Windows\System32\gdi32full.dll
0x00007ffefc960000 - 0x00007ffefc9fd000 	C:\Windows\System32\msvcp_win.dll
0x00007ffefdae0000 - 0x00007ffefdb10000 	C:\Windows\System32\IMM32.DLL
0x00007ffecdcb0000 - 0x00007ffecdd4d000 	C:\Program Files\Android\Android Studio\jre\bin\msvcp140.dll
0x00007ffec20c0000 - 0x00007ffec2b8f000 	C:\Program Files\Android\Android Studio\jre\bin\server\jvm.dll
0x00007ffefd0e0000 - 0x00007ffefd18c000 	C:\Windows\System32\ADVAPI32.dll
0x00007ffefed70000 - 0x00007ffefee0b000 	C:\Windows\System32\sechost.dll
0x00007ffefd9b0000 - 0x00007ffefdada000 	C:\Windows\System32\RPCRT4.dll
0x00007ffefd930000 - 0x00007ffefd938000 	C:\Windows\System32\PSAPI.DLL
0x00007ffef9fe0000 - 0x00007ffef9fe9000 	C:\Windows\SYSTEM32\WSOCK32.dll
0x00007ffedf9f0000 - 0x00007ffedfa17000 	C:\Windows\SYSTEM32\WINMM.dll
0x00007ffefeb60000 - 0x00007ffefebcb000 	C:\Windows\System32\WS2_32.dll
0x00007ffef1bb0000 - 0x00007ffef1bba000 	C:\Windows\SYSTEM32\VERSION.dll
0x00007ffefa6d0000 - 0x00007ffefa6e2000 	C:\Windows\SYSTEM32\kernel.appcore.dll
0x00007ffef7da0000 - 0x00007ffef7db1000 	C:\Program Files\Android\Android Studio\jre\bin\verify.dll
0x00007ffed8200000 - 0x00007ffed83e4000 	C:\Windows\SYSTEM32\DBGHELP.DLL
0x00007ffeda140000 - 0x00007ffeda16c000 	C:\Windows\SYSTEM32\dbgcore.DLL
0x00007ffefca80000 - 0x00007ffefcb03000 	C:\Windows\System32\bcryptPrimitives.dll
0x00007ffef7320000 - 0x00007ffef7349000 	C:\Program Files\Android\Android Studio\jre\bin\java.dll
0x00007ffef78c0000 - 0x00007ffef78cb000 	C:\Program Files\Android\Android Studio\jre\bin\jimage.dll
0x00007ffef7030000 - 0x00007ffef7048000 	C:\Program Files\Android\Android Studio\jre\bin\zip.dll
0x00007ffefe090000 - 0x00007ffefe7cf000 	C:\Windows\System32\SHELL32.dll
0x00007ffefa8d0000 - 0x00007ffefb060000 	C:\Windows\SYSTEM32\windows.storage.dll
0x00007ffefdc00000 - 0x00007ffefdf55000 	C:\Windows\System32\combase.dll
0x00007ffefc130000 - 0x00007ffefc15c000 	C:\Windows\SYSTEM32\Wldp.dll
0x00007ffefd7f0000 - 0x00007ffefd89d000 	C:\Windows\System32\SHCORE.dll
0x00007ffefecb0000 - 0x00007ffefed05000 	C:\Windows\System32\shlwapi.dll
0x00007ffefc6f0000 - 0x00007ffefc70f000 	C:\Windows\SYSTEM32\profapi.dll
0x00007ffef7010000 - 0x00007ffef702a000 	C:\Program Files\Android\Android Studio\jre\bin\net.dll
0x00007ffef4490000 - 0x00007ffef4598000 	C:\Windows\SYSTEM32\WINHTTP.dll
0x00007ffefbe90000 - 0x00007ffefbefa000 	C:\Windows\system32\mswsock.dll
0x00007ffef6ff0000 - 0x00007ffef7004000 	C:\Program Files\Android\Android Studio\jre\bin\nio.dll
0x00007ffef7060000 - 0x00007ffef7087000 	C:\Users\MARIA TERESA\.gradle\native\8bec1ad78214c89d9ad589b4d07fe93259594b29d510b10fafb7a158f7737e5d\windows-amd64\native-platform.dll
0x00007ffec5fa0000 - 0x00007ffec60dd000 	C:\Users\MARIA TERESA\.gradle\native\53dbd7edfb1c66fb8903c78663c9afc45aea4f116125fa6feffd364cf09443e8\windows-amd64\native-platform-file-events.dll
0x00007ffef78b0000 - 0x00007ffef78ba000 	C:\Program Files\Android\Android Studio\jre\bin\management.dll
0x00007ffef6c50000 - 0x00007ffef6c5c000 	C:\Program Files\Android\Android Studio\jre\bin\management_ext.dll
0x00007ffefc080000 - 0x00007ffefc098000 	C:\Windows\SYSTEM32\CRYPTSP.dll
0x00007ffefb810000 - 0x00007ffefb844000 	C:\Windows\system32\rsaenh.dll
0x00007ffefca00000 - 0x00007ffefca27000 	C:\Windows\System32\bcrypt.dll
0x00007ffefc6b0000 - 0x00007ffefc6de000 	C:\Windows\SYSTEM32\USERENV.dll
0x00007ffefc0a0000 - 0x00007ffefc0ac000 	C:\Windows\SYSTEM32\CRYPTBASE.dll
0x00007ffefbb80000 - 0x00007ffefbbbb000 	C:\Windows\SYSTEM32\IPHLPAPI.DLL
0x00007ffefd9a0000 - 0x00007ffefd9a8000 	C:\Windows\System32\NSI.dll
0x00007ffef6c00000 - 0x00007ffef6c17000 	C:\Windows\SYSTEM32\dhcpcsvc6.DLL
0x00007ffef6bc0000 - 0x00007ffef6bdd000 	C:\Windows\SYSTEM32\dhcpcsvc.DLL
0x00007ffefbbc0000 - 0x00007ffefbc8c000 	C:\Windows\SYSTEM32\DNSAPI.dll
0x00007ffef35f0000 - 0x00007ffef3617000 	C:\Program Files\Android\Android Studio\jre\bin\sunec.dll
0x00007ffef33d0000 - 0x00007ffef33da000 	C:\Windows\System32\rasadhlp.dll
0x00007ffef3620000 - 0x00007ffef369f000 	C:\Windows\System32\fwpuclnt.dll
0x00007ffefb4a0000 - 0x00007ffefb4d3000 	C:\Windows\SYSTEM32\ntmarta.dll

dbghelp: loaded successfully - version: 4.0.5 - missing functions: none
symbol engine: initialized successfully - sym options: 0x614 - pdb path: .;C:\Program Files\Android\Android Studio\jre\bin;C:\Windows\SYSTEM32;C:\Windows\WinSxS\amd64_microsoft.windows.common-controls_6595b64144ccf1df_6.0.19041.1110_none_60b5254171f9507e;C:\Program Files\Android\Android Studio\jre\bin\server;C:\Users\MARIA TERESA\.gradle\native\8bec1ad78214c89d9ad589b4d07fe93259594b29d510b10fafb7a158f7737e5d\windows-amd64;C:\Users\MARIA TERESA\.gradle\native\53dbd7edfb1c66fb8903c78663c9afc45aea4f116125fa6feffd364cf09443e8\windows-amd64

VM Arguments:
jvm_args: --add-opens=java.base/java.util=ALL-UNNAMED --add-opens=java.base/java.lang=ALL-UNNAMED --add-opens=java.base/java.lang.invoke=ALL-UNNAMED --add-opens=java.base/java.util=ALL-UNNAMED --add-opens=java.prefs/java.util.prefs=ALL-UNNAMED --add-opens=java.prefs/java.util.prefs=ALL-UNNAMED --add-opens=java.base/java.nio.charset=ALL-UNNAMED --add-opens=java.base/java.net=ALL-UNNAMED --add-opens=java.base/java.util.concurrent.atomic=ALL-UNNAMED -Xmx2048m -Dfile.encoding=UTF-8 -Duser.country=CO -Duser.language=es -Duser.variant 
java_command: org.gradle.launcher.daemon.bootstrap.GradleDaemon 7.0.2
java_class_path (initial): C:\Users\MARIA TERESA\.gradle\wrapper\dists\gradle-7.0.2-bin\857tjihv64xamwrf0h14cai3r\gradle-7.0.2\lib\gradle-launcher-7.0.2.jar
Launcher Type: SUN_STANDARD

[Global flags]
     intx CICompilerCount                          = 3                                         {product} {ergonomic}
     uint ConcGCThreads                            = 1                                         {product} {ergonomic}
     uint G1ConcRefinementThreads                  = 4                                         {product} {ergonomic}
   size_t G1HeapRegionSize                         = 1048576                                   {product} {ergonomic}
    uintx GCDrainStackTargetSize                   = 64                                        {product} {ergonomic}
   size_t InitialHeapSize                          = 96468992                                  {product} {ergonomic}
   size_t MarkStackSize                            = 4194304                                   {product} {ergonomic}
   size_t MaxHeapSize                              = 2147483648                                {product} {command line}
   size_t MaxNewSize                               = 1287651328                                {product} {ergonomic}
   size_t MinHeapDeltaBytes                        = 1048576                                   {product} {ergonomic}
    uintx NonNMethodCodeHeapSize                   = 5830732                                {pd product} {ergonomic}
    uintx NonProfiledCodeHeapSize                  = 122913754                              {pd product} {ergonomic}
    uintx ProfiledCodeHeapSize                     = 122913754                              {pd product} {ergonomic}
    uintx ReservedCodeCacheSize                    = 251658240                              {pd product} {ergonomic}
     bool SegmentedCodeCache                       = true                                      {product} {ergonomic}
     bool UseCompressedClassPointers               = true                                 {lp64_product} {ergonomic}
     bool UseCompressedOops                        = true                                 {lp64_product} {ergonomic}
     bool UseG1GC                                  = true                                      {product} {ergonomic}
     bool UseLargePagesIndividualAllocation        = false                                  {pd product} {ergonomic}

Logging:
Log output configuration:
 #0: stdout all=warning uptime,level,tags
 #1: stderr all=off uptime,level,tags

Environment Variables:
PATH=C:\Program Files\Common Files\Oracle\Java\javapath;C:\Program Files\Microsoft MPI\Bin\;C:\Windows\system32;C:\Windows;C:\Windows\System32\Wbem;C:\Windows\System32\WindowsPowerShell\v1.0\;C:\Windows\System32\OpenSSH\;C:\Program Files\Azure Data Studio\bin;C:\Program Files (x86)\Microsoft SQL Server\150\Tools\Binn\;C:\Program Files\Microsoft SQL Server\150\Tools\Binn\;C:\Program Files (x86)\Microsoft SQL Server\150\DTS\Binn\;C:\Program Files\Microsoft SQL Server\150\DTS\Binn\;C:\Program Files\Microsoft SQL Server\Client SDK\ODBC\170\Tools\Binn\;C:\Program Files\dotnet\;C:\Program Files\Git\cmd;C:\Users\MARIA TERESA\AppData\Local\Microsoft\WindowsApps;;C:\Users\MARIA TERESA\AppData\Local\Programs\Microsoft VS Code\bin;C:\Program Files\Azure Data Studio\bin;C:\Users\MARIA TERESA\.dotnet\tools
USERNAME=MARIA TERESA
OS=Windows_NT
PROCESSOR_IDENTIFIER=Intel64 Family 6 Model 37 Stepping 2, GenuineIntel



---------------  S Y S T E M  ---------------

OS: Windows 10 , 64 bit Build 19041 (10.0.19041.1202)
OS uptime: 8 days 0:28 hours

CPU:total 4 (initial active 4) (2 cores per cpu, 2 threads per core) family 6 model 37 stepping 2 microcode 0x11, cmov, cx8, fxsr, mmx, sse, sse2, sse3, ssse3, sse4.1, sse4.2, popcnt, ht, tsc, tscinvbit

Memory: 4k page, system-wide physical 5879M (749M free)
TotalPageFile size 5879M (AvailPageFile size 1M)
current process WorkingSet (physical memory assigned to process): 549M, peak: 549M
current process commit charge ("private bytes"): 643M, peak: 643M

vm_info: OpenJDK 64-Bit Server VM (11.0.10+0-b96-7249189) for windows-amd64 JRE (11.0.10+0-b96-7249189), built on Mar 31 2021 21:44:00 by "builder" with MS VC++ 14.0 (VS2015)

END.
