#
# There is insufficient memory for the Java Runtime Environment to continue.
# Native memory allocation (mmap) failed to map 71303168 bytes for Failed to commit area from 0x0000000096b00000 to 0x000000009af00000 of length 71303168.
# Possible reasons:
#   The system is out of physical RAM or swap space
#   The process is running with CompressedOops enabled, and the Java Heap may be blocking the growth of the native heap
# Possible solutions:
#   Reduce memory load on the system
#   Increase physical memory or swap space
#   Check if swap backing store is full
#   Decrease Java heap size (-Xmx/-Xms)
#   Decrease number of Java threads
#   Decrease Java thread stack sizes (-Xss)
#   Set larger code cache with -XX:ReservedCodeCacheSize=
#   JVM is running with Unscaled Compressed Oops mode in which the Java heap is
#     placed in the first 4GB address space. The Java Heap base address is the
#     maximum limit for the native heap growth. Please use -XX:HeapBaseMinAddress
#     to set the Java Heap base and to place the Java Heap above 4GB virtual address.
# This output file may be truncated or incomplete.
#
#  Out of Memory Error (./src/hotspot/os/windows/os_windows.cpp:3301), pid=10620, tid=10304
#
# JRE version: OpenJDK Runtime Environment (11.0.10) (build 11.0.10+0-b96-7249189)
# Java VM: OpenJDK 64-Bit Server VM (11.0.10+0-b96-7249189, mixed mode, tiered, compressed oops, g1 gc, windows-amd64)
# No core dump will be written. Minidumps are not enabled by default on client versions of Windows
#

---------------  S U M M A R Y ------------

Command Line: --add-opens=java.base/java.util=ALL-UNNAMED --add-opens=java.base/java.lang=ALL-UNNAMED --add-opens=java.base/java.lang.invoke=ALL-UNNAMED --add-opens=java.base/java.util=ALL-UNNAMED --add-opens=java.prefs/java.util.prefs=ALL-UNNAMED --add-opens=java.prefs/java.util.prefs=ALL-UNNAMED --add-opens=java.base/java.nio.charset=ALL-UNNAMED --add-opens=java.base/java.net=ALL-UNNAMED --add-opens=java.base/java.util.concurrent.atomic=ALL-UNNAMED -Xmx2048m -Dfile.encoding=UTF-8 -Duser.country=CO -Duser.language=es -Duser.variant org.gradle.launcher.daemon.bootstrap.GradleDaemon 7.0.2

Host: Intel(R) Core(TM) i3 CPU         540  @ 3.07GHz, 4 cores, 5G,  Windows 10 , 64 bit Build 19041 (10.0.19041.1202)
Time: Fri Nov 12 09:31:01 2021 Hora est. Pacífico, Sudamérica elapsed time: 90.022916 seconds (0d 0h 1m 30s)

---------------  T H R E A D  ---------------

Current thread (0x00000207fb4d1000):  VMThread "VM Thread" [stack: 0x000000b4b4f00000,0x000000b4b5000000] [id=10304]

Stack: [0x000000b4b4f00000,0x000000b4b5000000]
[error occurred during error reporting (printing stack bounds), id 0xc0000005, EXCEPTION_ACCESS_VIOLATION (0xc0000005) at pc=0x00000207e4ce0f3d]

Native frames: (J=compiled Java code, j=interpreted, Vv=VM code, C=native code)
V  [jvm.dll+0x5ecfaa]
V  [jvm.dll+0x722bd5]
V  [jvm.dll+0x72412d]
V  [jvm.dll+0x724745]
V  [jvm.dll+0x7246fb]
V  [jvm.dll+0x5ec348]
V  [jvm.dll+0x5ecad8]
C  [ntdll.dll+0xa20cf]
C  [ntdll.dll+0x51454]
C  [ntdll.dll+0xa0bfe]
C  0x00000207e4ce0f3d

VM_Operation (0x000000b4b74f94c0): G1CollectForAllocation, mode: safepoint, requested by thread 0x0000020781542000


---------------  P R O C E S S  ---------------

Threads class SMR info:
_java_thread_list=0x0000020785721630, length=51, elements={
0x00000207df9bd800, 0x00000207fb4d3800, 0x00000207fb4d7000, 0x00000207fb4ed000,
0x00000207fb4ee000, 0x00000207fb4ef000, 0x00000207fb4f3000, 0x00000207fb4f6000,
0x00000207fb4f9000, 0x00000207fbfba000, 0x00000207fd444000, 0x00000207fc91d000,
0x00000207fd6af800, 0x00000207fd908000, 0x00000207fd8e1800, 0x00000207fd768000,
0x00000207fd8e0800, 0x00000207fd9c9000, 0x00000207fdf0d000, 0x00000207fdf09800,
0x00000207fdf0e800, 0x00000207fdf09000, 0x00000207fdf0a800, 0x00000207fdf0f800,
0x00000207fdf0b000, 0x00000207fdf0c000, 0x00000207fdf0d800, 0x000002078153a800,
0x000002078153d000, 0x000002078153b800, 0x000002078153d800, 0x0000020781539800,
0x000002078153f800, 0x0000020781540000, 0x0000020781541000, 0x0000020781542000,
0x000002078153c000, 0x0000020781547800, 0x0000020781546800, 0x0000020781542800,
0x0000020781543800, 0x0000020781545000, 0x0000020781546000, 0x00000207fe928000,
0x00000207fe926800, 0x00000207fe929000, 0x00000207fe927800, 0x00000207fe92a000,
0x00000207fe92a800, 0x00000207fc368000, 0x00000207fe925000
}

Java Threads: ( => current thread )
  0x00000207df9bd800 JavaThread "main" [_thread_blocked, id=2188, stack(0x000000b4b4900000,0x000000b4b4a00000)]
  0x00000207fb4d3800 JavaThread "Reference Handler" daemon [_thread_blocked, id=1252, stack(0x000000b4b5000000,0x000000b4b5100000)]
  0x00000207fb4d7000 JavaThread "Finalizer" daemon [_thread_blocked, id=4672, stack(0x000000b4b5100000,0x000000b4b5200000)]
  0x00000207fb4ed000 JavaThread "Signal Dispatcher" daemon [_thread_blocked, id=10952, stack(0x000000b4b5200000,0x000000b4b5300000)]
  0x00000207fb4ee000 JavaThread "Attach Listener" daemon [_thread_blocked, id=6216, stack(0x000000b4b5300000,0x000000b4b5400000)]
  0x00000207fb4ef000 JavaThread "Service Thread" daemon [_thread_blocked, id=8660, stack(0x000000b4b5400000,0x000000b4b5500000)]
  0x00000207fb4f3000 JavaThread "C2 CompilerThread0" daemon [_thread_in_native, id=7640, stack(0x000000b4b5500000,0x000000b4b5600000)]
  0x00000207fb4f6000 JavaThread "C1 CompilerThread0" daemon [_thread_blocked, id=1704, stack(0x000000b4b5600000,0x000000b4b5700000)]
  0x00000207fb4f9000 JavaThread "Sweeper thread" daemon [_thread_blocked, id=10888, stack(0x000000b4b5700000,0x000000b4b5800000)]
  0x00000207fbfba000 JavaThread "Common-Cleaner" daemon [_thread_blocked, id=4348, stack(0x000000b4b5800000,0x000000b4b5900000)]
  0x00000207fd444000 JavaThread "Daemon health stats" [_thread_blocked, id=4124, stack(0x000000b4b5c00000,0x000000b4b5d00000)]
  0x00000207fc91d000 JavaThread "Incoming local TCP Connector on port 57031" [_thread_in_native, id=11180, stack(0x000000b4b5b00000,0x000000b4b5c00000)]
  0x00000207fd6af800 JavaThread "Daemon periodic checks" [_thread_blocked, id=10416, stack(0x000000b4b5d00000,0x000000b4b5e00000)]
  0x00000207fd908000 JavaThread "Daemon" [_thread_blocked, id=1760, stack(0x000000b4b6000000,0x000000b4b6100000)]
  0x00000207fd8e1800 JavaThread "Handler for socket connection from /127.0.0.1:57031 to /127.0.0.1:57033" [_thread_in_native, id=3520, stack(0x000000b4b6100000,0x000000b4b6200000)]
  0x00000207fd768000 JavaThread "Cancel handler" [_thread_blocked, id=9692, stack(0x000000b4b6200000,0x000000b4b6300000)]
  0x00000207fd8e0800 JavaThread "Daemon worker" [_thread_blocked, id=5180, stack(0x000000b4b6300000,0x000000b4b6400000)]
  0x00000207fd9c9000 JavaThread "Asynchronous log dispatcher for DefaultDaemonConnection: socket connection from /127.0.0.1:57031 to /127.0.0.1:57033" [_thread_blocked, id=4572, stack(0x000000b4b6400000,0x000000b4b6500000)]
  0x00000207fdf0d000 JavaThread "Daemon client event forwarder" [_thread_blocked, id=9340, stack(0x000000b4b6600000,0x000000b4b6700000)]
  0x00000207fdf09800 JavaThread "Cache worker for file hash cache (C:\Users\MARIA TERESA\.gradle\caches\7.0.2\fileHashes)" [_thread_blocked, id=8760, stack(0x000000b4b6700000,0x000000b4b6800000)]
  0x00000207fdf0e800 JavaThread "File lock request listener" [_thread_in_native, id=8940, stack(0x000000b4b6800000,0x000000b4b6900000)]
  0x00000207fdf09000 JavaThread "Cache worker for journal cache (C:\Users\MARIA TERESA\.gradle\caches\journal-1)" [_thread_blocked, id=6320, stack(0x000000b4b6900000,0x000000b4b6a00000)]
  0x00000207fdf0a800 JavaThread "Cache worker for file hash cache (G:\DOWNLOADS\androidstudioprojects\.gradle\7.0.2\fileHashes)" [_thread_blocked, id=8516, stack(0x000000b4b6a00000,0x000000b4b6b00000)]
  0x00000207fdf0f800 JavaThread "File watcher server" daemon [_thread_blocked, id=8216, stack(0x000000b4b6b00000,0x000000b4b6c00000)]
  0x00000207fdf0b000 JavaThread "File watcher consumer" daemon [_thread_blocked, id=7980, stack(0x000000b4b6c00000,0x000000b4b6d00000)]
  0x00000207fdf0c000 JavaThread "Cache worker for checksums cache (G:\DOWNLOADS\androidstudioprojects\.gradle\checksums)" [_thread_blocked, id=4168, stack(0x000000b4b6d00000,0x000000b4b6e00000)]
  0x00000207fdf0d800 JavaThread "Cache worker for cache directory md-supplier (C:\Users\MARIA TERESA\.gradle\caches\7.0.2\md-supplier)" [_thread_blocked, id=4316, stack(0x000000b4b6e00000,0x000000b4b6f00000)]
  0x000002078153a800 JavaThread "Cache worker for cache directory md-rule (C:\Users\MARIA TERESA\.gradle\caches\7.0.2\md-rule)" [_thread_blocked, id=6436, stack(0x000000b4b7000000,0x000000b4b7100000)]
  0x000002078153d000 JavaThread "Cache worker for execution history cache (C:\Users\MARIA TERESA\.gradle\caches\7.0.2\executionHistory)" [_thread_blocked, id=5972, stack(0x000000b4b7100000,0x000000b4b7200000)]
  0x000002078153b800 JavaThread "jar transforms" [_thread_blocked, id=1424, stack(0x000000b4b6f00000,0x000000b4b7000000)]
  0x000002078153d800 JavaThread "jar transforms Thread 2" [_thread_blocked, id=9548, stack(0x000000b4b7200000,0x000000b4b7300000)]
  0x0000020781539800 JavaThread "Cache worker for file content cache (C:\Users\MARIA TERESA\.gradle\caches\7.0.2\fileContent)" [_thread_blocked, id=8692, stack(0x000000b4b7300000,0x000000b4b7400000)]
  0x000002078153f800 JavaThread "Cache worker for dependencies-accessors (G:\DOWNLOADS\androidstudioprojects\.gradle\7.0.2\dependencies-accessors)" [_thread_blocked, id=8200, stack(0x000000b4b7500000,0x000000b4b7600000)]
  0x0000020781540000 JavaThread "jar transforms Thread 3" [_thread_blocked, id=3620, stack(0x000000b4b7600000,0x000000b4b7700000)]
  0x0000020781541000 JavaThread "Cache worker for Build Output Cleanup Cache (G:\DOWNLOADS\androidstudioprojects\.gradle\buildOutputCleanup)" [_thread_blocked, id=8268, stack(0x000000b4b7700000,0x000000b4b7800000)]
  0x0000020781542000 JavaThread "Build operations" [_thread_blocked, id=11168, stack(0x000000b4b7400000,0x000000b4b7500000)]
  0x000002078153c000 JavaThread "Build operations Thread 2" [_thread_blocked, id=1968, stack(0x000000b4b7800000,0x000000b4b7900000)]
  0x0000020781547800 JavaThread "Build operations Thread 3" [_thread_blocked, id=4860, stack(0x000000b4b7900000,0x000000b4b7a00000)]
  0x0000020781546800 JavaThread "Build operations Thread 4" [_thread_blocked, id=7856, stack(0x000000b4b7a00000,0x000000b4b7b00000)]
  0x0000020781542800 JavaThread "jar transforms Thread 4" [_thread_blocked, id=9620, stack(0x000000b4b7c00000,0x000000b4b7d00000)]
  0x0000020781543800 JavaThread "Memory manager" [_thread_blocked, id=1008, stack(0x000000b4b7d00000,0x000000b4b7e00000)]
  0x0000020781545000 JavaThread "build event listener" [_thread_blocked, id=10524, stack(0x000000b4b4700000,0x000000b4b4800000)]
  0x0000020781546000 JavaThread "Execution worker for ':'" [_thread_blocked, id=8424, stack(0x000000b4b7e00000,0x000000b4b7f00000)]
  0x00000207fe928000 JavaThread "Execution worker for ':' Thread 2" [_thread_blocked, id=10968, stack(0x000000b4b7f00000,0x000000b4b8000000)]
  0x00000207fe926800 JavaThread "Execution worker for ':' Thread 3" [_thread_blocked, id=9720, stack(0x000000b4b8000000,0x000000b4b8100000)]
  0x00000207fe929000 JavaThread "Cache worker for execution history cache (G:\DOWNLOADS\androidstudioprojects\.gradle\7.0.2\executionHistory)" [_thread_blocked, id=4968, stack(0x000000b4b8100000,0x000000b4b8200000)]
  0x00000207fe927800 JavaThread "WorkerExecutor Queue" [_thread_blocked, id=11140, stack(0x000000b4b8400000,0x000000b4b8500000)]
  0x00000207fe92a000 JavaThread "WorkerExecutor Queue Thread 2" [_thread_blocked, id=8804, stack(0x000000b4b8500000,0x000000b4b8600000)]
  0x00000207fe92a800 JavaThread "WorkerExecutor Queue Thread 3" [_thread_blocked, id=10404, stack(0x000000b4b8600000,0x000000b4b8700000)]
  0x00000207fc368000 JavaThread "C2 CompilerThread1" daemon [_thread_blocked, id=6148, stack(0x000000b4b7b00000,0x000000b4b7c00000)]
  0x00000207fe925000 JavaThread "WorkerExecutor Queue Thread 4" [_thread_blocked, id=9296, stack(0x000000b4b8700000,0x000000b4b8800000)]

Other Threads:
=>0x00000207fb4d1000 VMThread "VM Thread" [stack: 0x000000b4b4f00000,0x000000b4b5000000] [id=10304]
  0x00000207fbfeb800 WatcherThread [stack: 0x000000b4b5900000,0x000000b4b5a00000] [id=8724]
  0x00000207df9d5000 GCTaskThread "GC Thread#0" [stack: 0x000000b4b4a00000,0x000000b4b4b00000] [id=3692]
  0x00000207fcafd000 GCTaskThread "GC Thread#1" [stack: 0x000000b4b5a00000,0x000000b4b5b00000] [id=2528]
  0x00000207fcd2a800 GCTaskThread "GC Thread#2" [stack: 0x000000b4b5e00000,0x000000b4b5f00000] [id=508]
  0x00000207fd6ce800 GCTaskThread "GC Thread#3" [stack: 0x000000b4b5f00000,0x000000b4b6000000] [id=7160]
  0x00000207dfa05000 ConcurrentGCThread "G1 Main Marker" [stack: 0x000000b4b4b00000,0x000000b4b4c00000] [id=2244]
  0x00000207dfa07800 ConcurrentGCThread "G1 Conc#0" [stack: 0x000000b4b4c00000,0x000000b4b4d00000] [id=9452]
  0x00000207dfa6d800 ConcurrentGCThread "G1 Refine#0" [stack: 0x000000b4b4d00000,0x000000b4b4e00000] [id=8768]
  0x00000207dfa6e800 ConcurrentGCThread "G1 Young RemSet Sampling" [stack: 0x000000b4b4e00000,0x000000b4b4f00000] [id=7308]

Threads with active compile tasks:
C2 CompilerThread0  90048 18423       4       com.android.tools.r8.internal.F7::s (1713 bytes)
C2 CompilerThread1  90048 18427       4       com.android.tools.r8.internal.Mv::a (1305 bytes)

VM state:at safepoint (normal execution)

VM Mutex/Monitor currently owned by a thread:  ([mutex/lock_event])
[0x00000207df9ba6f0] Threads_lock - owner thread: 0x00000207fb4d1000
[0x00000207df9b96a0] Heap_lock - owner thread: 0x0000020781542000

Heap address: 0x0000000080000000, size: 2048 MB, Compressed Oops mode: 32-bit
Narrow klass base: 0x0000000000000000, Narrow klass shift: 3
Compressed class space size: 1073741824 Address: 0x0000000100000000

Heap:
 garbage-first heap   total 441344K, used 191467K [0x0000000080000000, 0x0000000100000000)
  region size 1024K, 4 young (4096K), 4 survivors (4096K)
 Metaspace       used 109076K, capacity 111747K, committed 111872K, reserved 1146880K
  class space    used 13771K, capacity 14811K, committed 14848K, reserved 1048576K
Heap Regions: E=young(eden), S=young(survivor), O=old, HS=humongous(starts), HC=humongous(continues), CS=collection set, F=free, A=archive, TAMS=top-at-mark-start (previous, next)
|   0|0x0000000080000000, 0x0000000080100000, 0x0000000080100000|100%|HS|  |TAMS 0x0000000080100000, 0x0000000080000000| Complete 
|   1|0x0000000080100000, 0x0000000080200000, 0x0000000080200000|100%|HC|  |TAMS 0x0000000080200000, 0x0000000080100000| Complete 
|   2|0x0000000080200000, 0x0000000080300000, 0x0000000080300000|100%|HC|  |TAMS 0x0000000080300000, 0x0000000080200000| Complete 
|   3|0x0000000080300000, 0x0000000080400000, 0x0000000080400000|100%| O|  |TAMS 0x0000000080400000, 0x0000000080300000| Untracked 
|   4|0x0000000080400000, 0x0000000080500000, 0x0000000080500000|100%| O|  |TAMS 0x0000000080500000, 0x0000000080400000| Untracked 
|   5|0x0000000080500000, 0x0000000080600000, 0x0000000080600000|100%| O|  |TAMS 0x0000000080600000, 0x0000000080500000| Untracked 
|   6|0x0000000080600000, 0x0000000080700000, 0x0000000080700000|100%| O|  |TAMS 0x0000000080700000, 0x0000000080600000| Untracked 
|   7|0x0000000080700000, 0x0000000080800000, 0x0000000080800000|100%| O|  |TAMS 0x0000000080800000, 0x0000000080700000| Untracked 
|   8|0x0000000080800000, 0x0000000080900000, 0x0000000080900000|100%| O|  |TAMS 0x0000000080900000, 0x0000000080800000| Untracked 
|   9|0x0000000080900000, 0x0000000080a00000, 0x0000000080a00000|100%| O|  |TAMS 0x0000000080a00000, 0x0000000080900000| Untracked 
|  10|0x0000000080a00000, 0x0000000080b00000, 0x0000000080b00000|100%| O|  |TAMS 0x0000000080b00000, 0x0000000080a00000| Untracked 
|  11|0x0000000080b00000, 0x0000000080c00000, 0x0000000080c00000|100%| O|  |TAMS 0x0000000080c00000, 0x0000000080b00000| Untracked 
|  12|0x0000000080c00000, 0x0000000080d00000, 0x0000000080d00000|100%| O|  |TAMS 0x0000000080d00000, 0x0000000080c00000| Untracked 
|  13|0x0000000080d00000, 0x0000000080e00000, 0x0000000080e00000|100%| O|  |TAMS 0x0000000080e00000, 0x0000000080d00000| Untracked 
|  14|0x0000000080e00000, 0x0000000080f00000, 0x0000000080f00000|100%| O|  |TAMS 0x0000000080f00000, 0x0000000080e00000| Untracked 
|  15|0x0000000080f00000, 0x0000000081000000, 0x0000000081000000|100%|HS|  |TAMS 0x0000000081000000, 0x0000000080f00000| Complete 
|  16|0x0000000081000000, 0x0000000081100000, 0x0000000081100000|100%| O|  |TAMS 0x0000000081100000, 0x0000000081000000| Untracked 
|  17|0x0000000081100000, 0x0000000081200000, 0x0000000081200000|100%| O|  |TAMS 0x0000000081200000, 0x0000000081100000| Untracked 
|  18|0x0000000081200000, 0x0000000081300000, 0x0000000081300000|100%| O|  |TAMS 0x0000000081300000, 0x0000000081200000| Untracked 
|  19|0x0000000081300000, 0x0000000081400000, 0x0000000081400000|100%| O|  |TAMS 0x0000000081400000, 0x0000000081300000| Untracked 
|  20|0x0000000081400000, 0x0000000081500000, 0x0000000081500000|100%| O|  |TAMS 0x0000000081500000, 0x0000000081400000| Untracked 
|  21|0x0000000081500000, 0x0000000081600000, 0x0000000081600000|100%| O|  |TAMS 0x0000000081600000, 0x0000000081500000| Untracked 
|  22|0x0000000081600000, 0x0000000081700000, 0x0000000081700000|100%| O|  |TAMS 0x0000000081700000, 0x0000000081600000| Untracked 
|  23|0x0000000081700000, 0x0000000081800000, 0x0000000081800000|100%| O|  |TAMS 0x0000000081800000, 0x0000000081700000| Untracked 
|  24|0x0000000081800000, 0x0000000081900000, 0x0000000081900000|100%| O|  |TAMS 0x0000000081900000, 0x0000000081800000| Untracked 
|  25|0x0000000081900000, 0x0000000081a00000, 0x0000000081a00000|100%| O|  |TAMS 0x0000000081a00000, 0x0000000081900000| Untracked 
|  26|0x0000000081a00000, 0x0000000081b00000, 0x0000000081b00000|100%|HS|  |TAMS 0x0000000081b00000, 0x0000000081a00000| Complete 
|  27|0x0000000081b00000, 0x0000000081c00000, 0x0000000081c00000|100%|HS|  |TAMS 0x0000000081c00000, 0x0000000081b00000| Complete 
|  28|0x0000000081c00000, 0x0000000081d00000, 0x0000000081d00000|100%|HS|  |TAMS 0x0000000081d00000, 0x0000000081c00000| Complete 
|  29|0x0000000081d00000, 0x0000000081e00000, 0x0000000081e00000|100%|HC|  |TAMS 0x0000000081e00000, 0x0000000081d00000| Complete 
|  30|0x0000000081e00000, 0x0000000081f00000, 0x0000000081f00000|100%|HC|  |TAMS 0x0000000081f00000, 0x0000000081e00000| Complete 
|  31|0x0000000081f00000, 0x0000000082000000, 0x0000000082000000|100%|HS|  |TAMS 0x0000000082000000, 0x0000000081f00000| Complete 
|  32|0x0000000082000000, 0x0000000082100000, 0x0000000082100000|100%|HC|  |TAMS 0x0000000082100000, 0x0000000082000000| Complete 
|  33|0x0000000082100000, 0x0000000082200000, 0x0000000082200000|100%| O|  |TAMS 0x0000000082200000, 0x0000000082100000| Untracked 
|  34|0x0000000082200000, 0x0000000082300000, 0x0000000082300000|100%| O|  |TAMS 0x0000000082300000, 0x0000000082200000| Untracked 
|  35|0x0000000082300000, 0x0000000082400000, 0x0000000082400000|100%| O|  |TAMS 0x0000000082400000, 0x0000000082300000| Untracked 
|  36|0x0000000082400000, 0x0000000082500000, 0x0000000082500000|100%| O|  |TAMS 0x0000000082500000, 0x0000000082400000| Untracked 
|  37|0x0000000082500000, 0x0000000082600000, 0x0000000082600000|100%| O|  |TAMS 0x0000000082600000, 0x0000000082500000| Untracked 
|  38|0x0000000082600000, 0x0000000082700000, 0x0000000082700000|100%| O|  |TAMS 0x0000000082700000, 0x0000000082600000| Untracked 
|  39|0x0000000082700000, 0x0000000082800000, 0x0000000082800000|100%| O|  |TAMS 0x0000000082800000, 0x0000000082700000| Untracked 
|  40|0x0000000082800000, 0x0000000082900000, 0x0000000082900000|100%| O|  |TAMS 0x0000000082900000, 0x0000000082800000| Untracked 
|  41|0x0000000082900000, 0x0000000082a00000, 0x0000000082a00000|100%| O|  |TAMS 0x0000000082a00000, 0x0000000082900000| Untracked 
|  42|0x0000000082a00000, 0x0000000082b00000, 0x0000000082b00000|100%| O|  |TAMS 0x0000000082b00000, 0x0000000082a00000| Untracked 
|  43|0x0000000082b00000, 0x0000000082c00000, 0x0000000082c00000|100%| O|  |TAMS 0x0000000082c00000, 0x0000000082b00000| Untracked 
|  44|0x0000000082c00000, 0x0000000082d00000, 0x0000000082d00000|100%| O|  |TAMS 0x0000000082d00000, 0x0000000082c00000| Untracked 
|  45|0x0000000082d00000, 0x0000000082e00000, 0x0000000082e00000|100%| O|  |TAMS 0x0000000082e00000, 0x0000000082d00000| Untracked 
|  46|0x0000000082e00000, 0x0000000082f00000, 0x0000000082f00000|100%| O|  |TAMS 0x0000000082f00000, 0x0000000082e00000| Untracked 
|  47|0x0000000082f00000, 0x0000000083000000, 0x0000000083000000|100%| O|  |TAMS 0x0000000083000000, 0x0000000082f00000| Untracked 
|  48|0x0000000083000000, 0x0000000083100000, 0x0000000083100000|100%| O|  |TAMS 0x0000000083100000, 0x0000000083000000| Untracked 
|  49|0x0000000083100000, 0x0000000083200000, 0x0000000083200000|100%| O|  |TAMS 0x0000000083200000, 0x0000000083100000| Untracked 
|  50|0x0000000083200000, 0x0000000083300000, 0x0000000083300000|100%| O|  |TAMS 0x0000000083300000, 0x0000000083200000| Untracked 
|  51|0x0000000083300000, 0x0000000083400000, 0x0000000083400000|100%| O|  |TAMS 0x0000000083400000, 0x0000000083300000| Untracked 
|  52|0x0000000083400000, 0x0000000083500000, 0x0000000083500000|100%| O|  |TAMS 0x0000000083500000, 0x0000000083400000| Untracked 
|  53|0x0000000083500000, 0x0000000083600000, 0x0000000083600000|100%| O|  |TAMS 0x0000000083600000, 0x0000000083500000| Untracked 
|  54|0x0000000083600000, 0x0000000083700000, 0x0000000083700000|100%| O|  |TAMS 0x0000000083700000, 0x0000000083600000| Untracked 
|  55|0x0000000083700000, 0x0000000083800000, 0x0000000083800000|100%| O|  |TAMS 0x0000000083800000, 0x0000000083700000| Untracked 
|  56|0x0000000083800000, 0x0000000083900000, 0x0000000083900000|100%| O|  |TAMS 0x0000000083900000, 0x0000000083800000| Untracked 
|  57|0x0000000083900000, 0x0000000083a00000, 0x0000000083a00000|100%| O|  |TAMS 0x0000000083a00000, 0x0000000083900000| Untracked 
|  58|0x0000000083a00000, 0x0000000083b00000, 0x0000000083b00000|100%| O|  |TAMS 0x0000000083b00000, 0x0000000083a00000| Untracked 
|  59|0x0000000083b00000, 0x0000000083c00000, 0x0000000083c00000|100%| O|  |TAMS 0x0000000083c00000, 0x0000000083b00000| Untracked 
|  60|0x0000000083c00000, 0x0000000083d00000, 0x0000000083d00000|100%| O|  |TAMS 0x0000000083d00000, 0x0000000083c00000| Untracked 
|  61|0x0000000083d00000, 0x0000000083e00000, 0x0000000083e00000|100%| O|  |TAMS 0x0000000083e00000, 0x0000000083d00000| Untracked 
|  62|0x0000000083e00000, 0x0000000083f00000, 0x0000000083f00000|100%| O|  |TAMS 0x0000000083f00000, 0x0000000083e00000| Untracked 
|  63|0x0000000083f00000, 0x0000000084000000, 0x0000000084000000|100%| O|  |TAMS 0x0000000084000000, 0x0000000083f00000| Untracked 
|  64|0x0000000084000000, 0x0000000084100000, 0x0000000084100000|100%| O|  |TAMS 0x0000000084100000, 0x0000000084000000| Untracked 
|  65|0x0000000084100000, 0x0000000084200000, 0x0000000084200000|100%| O|  |TAMS 0x0000000084200000, 0x0000000084100000| Untracked 
|  66|0x0000000084200000, 0x0000000084300000, 0x0000000084300000|100%| O|  |TAMS 0x0000000084300000, 0x0000000084200000| Untracked 
|  67|0x0000000084300000, 0x0000000084400000, 0x0000000084400000|100%| O|  |TAMS 0x0000000084400000, 0x0000000084300000| Untracked 
|  68|0x0000000084400000, 0x0000000084500000, 0x0000000084500000|100%| O|  |TAMS 0x0000000084500000, 0x0000000084400000| Untracked 
|  69|0x0000000084500000, 0x0000000084600000, 0x0000000084600000|100%| O|  |TAMS 0x0000000084600000, 0x0000000084500000| Untracked 
|  70|0x0000000084600000, 0x0000000084700000, 0x0000000084700000|100%| O|  |TAMS 0x0000000084700000, 0x0000000084600000| Untracked 
|  71|0x0000000084700000, 0x0000000084800000, 0x0000000084800000|100%| O|  |TAMS 0x0000000084800000, 0x0000000084700000| Untracked 
|  72|0x0000000084800000, 0x0000000084900000, 0x0000000084900000|100%| O|  |TAMS 0x0000000084900000, 0x0000000084800000| Untracked 
|  73|0x0000000084900000, 0x0000000084a00000, 0x0000000084a00000|100%| O|  |TAMS 0x0000000084a00000, 0x0000000084900000| Untracked 
|  74|0x0000000084a00000, 0x0000000084b00000, 0x0000000084b00000|100%| O|  |TAMS 0x0000000084b00000, 0x0000000084a00000| Untracked 
|  75|0x0000000084b00000, 0x0000000084c00000, 0x0000000084c00000|100%| O|  |TAMS 0x0000000084c00000, 0x0000000084b00000| Untracked 
|  76|0x0000000084c00000, 0x0000000084d00000, 0x0000000084d00000|100%| O|  |TAMS 0x0000000084d00000, 0x0000000084c00000| Untracked 
|  77|0x0000000084d00000, 0x0000000084e00000, 0x0000000084e00000|100%| O|  |TAMS 0x0000000084e00000, 0x0000000084d00000| Untracked 
|  78|0x0000000084e00000, 0x0000000084f00000, 0x0000000084f00000|100%| O|  |TAMS 0x0000000084f00000, 0x0000000084e00000| Untracked 
|  79|0x0000000084f00000, 0x0000000085000000, 0x0000000085000000|100%| O|  |TAMS 0x0000000085000000, 0x0000000084f00000| Untracked 
|  80|0x0000000085000000, 0x0000000085100000, 0x0000000085100000|100%| O|  |TAMS 0x0000000085100000, 0x0000000085000000| Untracked 
|  81|0x0000000085100000, 0x0000000085200000, 0x0000000085200000|100%| O|  |TAMS 0x0000000085200000, 0x0000000085100000| Untracked 
|  82|0x0000000085200000, 0x0000000085300000, 0x0000000085300000|100%| O|  |TAMS 0x0000000085300000, 0x0000000085200000| Untracked 
|  83|0x0000000085300000, 0x0000000085400000, 0x0000000085400000|100%| O|  |TAMS 0x0000000085400000, 0x0000000085300000| Untracked 
|  84|0x0000000085400000, 0x0000000085500000, 0x0000000085500000|100%| O|  |TAMS 0x0000000085500000, 0x0000000085400000| Untracked 
|  85|0x0000000085500000, 0x0000000085600000, 0x0000000085600000|100%| O|  |TAMS 0x0000000085600000, 0x0000000085500000| Untracked 
|  86|0x0000000085600000, 0x0000000085700000, 0x0000000085700000|100%| O|  |TAMS 0x0000000085700000, 0x0000000085600000| Untracked 
|  87|0x0000000085700000, 0x0000000085800000, 0x0000000085800000|100%| O|  |TAMS 0x0000000085800000, 0x0000000085700000| Untracked 
|  88|0x0000000085800000, 0x0000000085900000, 0x0000000085900000|100%| O|  |TAMS 0x0000000085900000, 0x0000000085800000| Untracked 
|  89|0x0000000085900000, 0x0000000085a00000, 0x0000000085a00000|100%| O|  |TAMS 0x0000000085a00000, 0x0000000085900000| Untracked 
|  90|0x0000000085a00000, 0x0000000085b00000, 0x0000000085b00000|100%| O|  |TAMS 0x0000000085b00000, 0x0000000085a00000| Untracked 
|  91|0x0000000085b00000, 0x0000000085c00000, 0x0000000085c00000|100%| O|  |TAMS 0x0000000085c00000, 0x0000000085b00000| Untracked 
|  92|0x0000000085c00000, 0x0000000085d00000, 0x0000000085d00000|100%| O|  |TAMS 0x0000000085d00000, 0x0000000085c00000| Untracked 
|  93|0x0000000085d00000, 0x0000000085e00000, 0x0000000085e00000|100%| O|  |TAMS 0x0000000085e00000, 0x0000000085d00000| Untracked 
|  94|0x0000000085e00000, 0x0000000085f00000, 0x0000000085f00000|100%| O|  |TAMS 0x0000000085f00000, 0x0000000085e00000| Untracked 
|  95|0x0000000085f00000, 0x0000000086000000, 0x0000000086000000|100%| O|  |TAMS 0x0000000086000000, 0x0000000085f00000| Untracked 
|  96|0x0000000086000000, 0x0000000086100000, 0x0000000086100000|100%| O|  |TAMS 0x0000000086100000, 0x0000000086000000| Untracked 
|  97|0x0000000086100000, 0x0000000086200000, 0x0000000086200000|100%| O|  |TAMS 0x0000000086200000, 0x0000000086100000| Untracked 
|  98|0x0000000086200000, 0x0000000086300000, 0x0000000086300000|100%| O|  |TAMS 0x0000000086200000, 0x0000000086200000| Untracked 
|  99|0x0000000086300000, 0x0000000086400000, 0x0000000086400000|100%| O|  |TAMS 0x0000000086300000, 0x0000000086300000| Untracked 
| 100|0x0000000086400000, 0x0000000086500000, 0x0000000086500000|100%| O|  |TAMS 0x0000000086400000, 0x0000000086400000| Untracked 
| 101|0x0000000086500000, 0x0000000086600000, 0x0000000086600000|100%| O|  |TAMS 0x0000000086500000, 0x0000000086500000| Untracked 
| 102|0x0000000086600000, 0x0000000086700000, 0x0000000086700000|100%| O|  |TAMS 0x0000000086600000, 0x0000000086600000| Untracked 
| 103|0x0000000086700000, 0x0000000086800000, 0x0000000086800000|100%| O|  |TAMS 0x0000000086700000, 0x0000000086700000| Untracked 
| 104|0x0000000086800000, 0x0000000086900000, 0x0000000086900000|100%| O|  |TAMS 0x0000000086800000, 0x0000000086800000| Untracked 
| 105|0x0000000086900000, 0x0000000086a00000, 0x0000000086a00000|100%| O|  |TAMS 0x0000000086a00000, 0x0000000086900000| Untracked 
| 106|0x0000000086a00000, 0x0000000086b00000, 0x0000000086b00000|100%| O|  |TAMS 0x0000000086a00000, 0x0000000086a00000| Untracked 
| 107|0x0000000086b00000, 0x0000000086c00000, 0x0000000086c00000|100%| O|  |TAMS 0x0000000086b00000, 0x0000000086b00000| Untracked 
| 108|0x0000000086c00000, 0x0000000086d00000, 0x0000000086d00000|100%| O|  |TAMS 0x0000000086c00000, 0x0000000086c00000| Untracked 
| 109|0x0000000086d00000, 0x0000000086e00000, 0x0000000086e00000|100%| O|  |TAMS 0x0000000086d00000, 0x0000000086d00000| Untracked 
| 110|0x0000000086e00000, 0x0000000086f00000, 0x0000000086f00000|100%| O|  |TAMS 0x0000000086e00000, 0x0000000086e00000| Untracked 
| 111|0x0000000086f00000, 0x0000000087000000, 0x0000000087000000|100%| O|  |TAMS 0x0000000086f00000, 0x0000000086f00000| Untracked 
| 112|0x0000000087000000, 0x0000000087100000, 0x0000000087100000|100%| O|  |TAMS 0x0000000087000000, 0x0000000087000000| Untracked 
| 113|0x0000000087100000, 0x0000000087200000, 0x0000000087200000|100%| O|  |TAMS 0x0000000087100000, 0x0000000087100000| Untracked 
| 114|0x0000000087200000, 0x0000000087300000, 0x0000000087300000|100%| O|  |TAMS 0x0000000087200000, 0x0000000087200000| Untracked 
| 115|0x0000000087300000, 0x0000000087400000, 0x0000000087400000|100%| O|  |TAMS 0x0000000087300000, 0x0000000087300000| Untracked 
| 116|0x0000000087400000, 0x0000000087500000, 0x0000000087500000|100%|HS|  |TAMS 0x0000000087400000, 0x0000000087400000| Complete 
| 117|0x0000000087500000, 0x0000000087600000, 0x0000000087600000|100%| O|  |TAMS 0x0000000087500000, 0x0000000087500000| Untracked 
| 118|0x0000000087600000, 0x0000000087700000, 0x0000000087700000|100%| O|  |TAMS 0x0000000087600000, 0x0000000087600000| Untracked 
| 119|0x0000000087700000, 0x0000000087800000, 0x0000000087800000|100%| O|  |TAMS 0x0000000087700000, 0x0000000087700000| Untracked 
| 120|0x0000000087800000, 0x0000000087900000, 0x0000000087900000|100%| O|  |TAMS 0x0000000087800000, 0x0000000087800000| Untracked 
| 121|0x0000000087900000, 0x0000000087a00000, 0x0000000087a00000|100%| O|  |TAMS 0x0000000087900000, 0x0000000087900000| Untracked 
| 122|0x0000000087a00000, 0x0000000087b00000, 0x0000000087b00000|100%| O|  |TAMS 0x0000000087a00000, 0x0000000087a00000| Untracked 
| 123|0x0000000087b00000, 0x0000000087c00000, 0x0000000087c00000|100%| O|  |TAMS 0x0000000087b00000, 0x0000000087b00000| Untracked 
| 124|0x0000000087c00000, 0x0000000087d00000, 0x0000000087d00000|100%| O|  |TAMS 0x0000000087c00000, 0x0000000087c00000| Untracked 
| 125|0x0000000087d00000, 0x0000000087e00000, 0x0000000087e00000|100%| O|  |TAMS 0x0000000087d00000, 0x0000000087d00000| Untracked 
| 126|0x0000000087e00000, 0x0000000087f00000, 0x0000000087f00000|100%| O|  |TAMS 0x0000000087e00000, 0x0000000087e00000| Untracked 
| 127|0x0000000087f00000, 0x0000000088000000, 0x0000000088000000|100%| O|  |TAMS 0x0000000087f00000, 0x0000000087f00000| Untracked 
| 128|0x0000000088000000, 0x0000000088100000, 0x0000000088100000|100%| O|  |TAMS 0x0000000088000000, 0x0000000088000000| Untracked 
| 129|0x0000000088100000, 0x0000000088200000, 0x0000000088200000|100%| O|  |TAMS 0x0000000088100000, 0x0000000088100000| Untracked 
| 130|0x0000000088200000, 0x0000000088300000, 0x0000000088300000|100%| O|  |TAMS 0x0000000088200000, 0x0000000088200000| Untracked 
| 131|0x0000000088300000, 0x0000000088400000, 0x0000000088400000|100%| O|  |TAMS 0x0000000088300000, 0x0000000088300000| Untracked 
| 132|0x0000000088400000, 0x0000000088500000, 0x0000000088500000|100%| O|  |TAMS 0x0000000088400000, 0x0000000088400000| Untracked 
| 133|0x0000000088500000, 0x0000000088600000, 0x0000000088600000|100%| O|  |TAMS 0x0000000088500000, 0x0000000088500000| Untracked 
| 134|0x0000000088600000, 0x0000000088700000, 0x0000000088700000|100%| O|  |TAMS 0x0000000088600000, 0x0000000088600000| Untracked 
| 135|0x0000000088700000, 0x0000000088800000, 0x0000000088800000|100%| O|  |TAMS 0x0000000088700000, 0x0000000088700000| Untracked 
| 136|0x0000000088800000, 0x0000000088900000, 0x0000000088900000|100%| O|  |TAMS 0x0000000088800000, 0x0000000088800000| Untracked 
| 137|0x0000000088900000, 0x0000000088a00000, 0x0000000088a00000|100%| O|  |TAMS 0x0000000088900000, 0x0000000088900000| Untracked 
| 138|0x0000000088a00000, 0x0000000088b00000, 0x0000000088b00000|100%| O|  |TAMS 0x0000000088a00000, 0x0000000088a00000| Untracked 
| 139|0x0000000088b00000, 0x0000000088c00000, 0x0000000088c00000|100%| O|  |TAMS 0x0000000088b00000, 0x0000000088b00000| Untracked 
| 140|0x0000000088c00000, 0x0000000088d00000, 0x0000000088d00000|100%| O|  |TAMS 0x0000000088c00000, 0x0000000088c00000| Untracked 
| 141|0x0000000088d00000, 0x0000000088e00000, 0x0000000088e00000|100%| O|  |TAMS 0x0000000088d00000, 0x0000000088d00000| Untracked 
| 142|0x0000000088e00000, 0x0000000088f00000, 0x0000000088f00000|100%| O|  |TAMS 0x0000000088e00000, 0x0000000088e00000| Untracked 
| 143|0x0000000088f00000, 0x0000000089000000, 0x0000000089000000|100%| O|  |TAMS 0x0000000088f00000, 0x0000000088f00000| Untracked 
| 144|0x0000000089000000, 0x0000000089100000, 0x0000000089100000|100%| O|  |TAMS 0x0000000089000000, 0x0000000089000000| Untracked 
| 145|0x0000000089100000, 0x0000000089200000, 0x0000000089200000|100%| O|  |TAMS 0x0000000089100000, 0x0000000089100000| Untracked 
| 146|0x0000000089200000, 0x0000000089300000, 0x0000000089300000|100%| O|  |TAMS 0x0000000089200000, 0x0000000089200000| Untracked 
| 147|0x0000000089300000, 0x0000000089400000, 0x0000000089400000|100%| O|  |TAMS 0x0000000089300000, 0x0000000089300000| Untracked 
| 148|0x0000000089400000, 0x0000000089500000, 0x0000000089500000|100%| O|  |TAMS 0x0000000089400000, 0x0000000089400000| Untracked 
| 149|0x0000000089500000, 0x0000000089600000, 0x0000000089600000|100%| O|  |TAMS 0x0000000089500000, 0x0000000089500000| Untracked 
| 150|0x0000000089600000, 0x0000000089700000, 0x0000000089700000|100%| O|  |TAMS 0x0000000089600000, 0x0000000089600000| Untracked 
| 151|0x0000000089700000, 0x0000000089800000, 0x0000000089800000|100%| O|  |TAMS 0x0000000089700000, 0x0000000089700000| Untracked 
| 152|0x0000000089800000, 0x0000000089900000, 0x0000000089900000|100%| O|  |TAMS 0x0000000089800000, 0x0000000089800000| Untracked 
| 153|0x0000000089900000, 0x0000000089a00000, 0x0000000089a00000|100%| O|  |TAMS 0x0000000089900000, 0x0000000089900000| Untracked 
| 154|0x0000000089a00000, 0x0000000089b00000, 0x0000000089b00000|100%| O|  |TAMS 0x0000000089a00000, 0x0000000089a00000| Untracked 
| 155|0x0000000089b00000, 0x0000000089c00000, 0x0000000089c00000|100%| O|  |TAMS 0x0000000089b00000, 0x0000000089b00000| Untracked 
| 156|0x0000000089c00000, 0x0000000089d00000, 0x0000000089d00000|100%| O|  |TAMS 0x0000000089c00000, 0x0000000089c00000| Untracked 
| 157|0x0000000089d00000, 0x0000000089e00000, 0x0000000089e00000|100%| O|  |TAMS 0x0000000089d00000, 0x0000000089d00000| Untracked 
| 158|0x0000000089e00000, 0x0000000089f00000, 0x0000000089f00000|100%| O|  |TAMS 0x0000000089e00000, 0x0000000089e00000| Untracked 
| 159|0x0000000089f00000, 0x000000008a000000, 0x000000008a000000|100%| O|  |TAMS 0x0000000089f00000, 0x0000000089f00000| Untracked 
| 160|0x000000008a000000, 0x000000008a100000, 0x000000008a100000|100%| O|  |TAMS 0x000000008a000000, 0x000000008a000000| Untracked 
| 161|0x000000008a100000, 0x000000008a200000, 0x000000008a200000|100%| O|  |TAMS 0x000000008a100000, 0x000000008a100000| Untracked 
| 162|0x000000008a200000, 0x000000008a300000, 0x000000008a300000|100%| O|  |TAMS 0x000000008a200000, 0x000000008a200000| Untracked 
| 163|0x000000008a300000, 0x000000008a400000, 0x000000008a400000|100%| O|  |TAMS 0x000000008a300000, 0x000000008a300000| Untracked 
| 164|0x000000008a400000, 0x000000008a500000, 0x000000008a500000|100%| O|  |TAMS 0x000000008a400000, 0x000000008a400000| Untracked 
| 165|0x000000008a500000, 0x000000008a600000, 0x000000008a600000|100%| O|  |TAMS 0x000000008a500000, 0x000000008a500000| Untracked 
| 166|0x000000008a600000, 0x000000008a700000, 0x000000008a700000|100%| O|  |TAMS 0x000000008a600000, 0x000000008a600000| Untracked 
| 167|0x000000008a700000, 0x000000008a800000, 0x000000008a800000|100%| O|  |TAMS 0x000000008a700000, 0x000000008a700000| Untracked 
| 168|0x000000008a800000, 0x000000008a900000, 0x000000008a900000|100%| O|  |TAMS 0x000000008a800000, 0x000000008a800000| Untracked 
| 169|0x000000008a900000, 0x000000008aa00000, 0x000000008aa00000|100%| O|  |TAMS 0x000000008a900000, 0x000000008a900000| Untracked 
| 170|0x000000008aa00000, 0x000000008ab00000, 0x000000008ab00000|100%| O|  |TAMS 0x000000008aa00000, 0x000000008aa00000| Untracked 
| 171|0x000000008ab00000, 0x000000008ac00000, 0x000000008ac00000|100%| O|  |TAMS 0x000000008ab00000, 0x000000008ab00000| Untracked 
| 172|0x000000008ac00000, 0x000000008ad00000, 0x000000008ad00000|100%| O|  |TAMS 0x000000008ac00000, 0x000000008ac00000| Untracked 
| 173|0x000000008ad00000, 0x000000008ae00000, 0x000000008ae00000|100%| O|  |TAMS 0x000000008ad00000, 0x000000008ad00000| Untracked 
| 174|0x000000008ae00000, 0x000000008af00000, 0x000000008af00000|100%| O|  |TAMS 0x000000008ae00000, 0x000000008ae00000| Untracked 
| 175|0x000000008af00000, 0x000000008b000000, 0x000000008b000000|100%| O|  |TAMS 0x000000008af00000, 0x000000008af00000| Untracked 
| 176|0x000000008b000000, 0x000000008b100000, 0x000000008b100000|100%| O|  |TAMS 0x000000008b000000, 0x000000008b000000| Untracked 
| 177|0x000000008b100000, 0x000000008b200000, 0x000000008b200000|100%| O|  |TAMS 0x000000008b100000, 0x000000008b100000| Untracked 
| 178|0x000000008b200000, 0x000000008b300000, 0x000000008b300000|100%| O|  |TAMS 0x000000008b200000, 0x000000008b200000| Untracked 
| 179|0x000000008b300000, 0x000000008b400000, 0x000000008b400000|100%| O|  |TAMS 0x000000008b300000, 0x000000008b300000| Untracked 
| 180|0x000000008b400000, 0x000000008b500000, 0x000000008b500000|100%| O|  |TAMS 0x000000008b400000, 0x000000008b400000| Untracked 
| 181|0x000000008b500000, 0x000000008b600000, 0x000000008b600000|100%| O|  |TAMS 0x000000008b500000, 0x000000008b500000| Untracked 
| 182|0x000000008b600000, 0x000000008b6fae00, 0x000000008b700000| 97%| O|  |TAMS 0x000000008b600000, 0x000000008b600000| Untracked 
| 183|0x000000008b700000, 0x000000008b700000, 0x000000008b800000|  0%| F|  |TAMS 0x000000008b700000, 0x000000008b700000| Untracked 
| 184|0x000000008b800000, 0x000000008b800000, 0x000000008b900000|  0%| F|  |TAMS 0x000000008b800000, 0x000000008b800000| Untracked 
| 185|0x000000008b900000, 0x000000008b900000, 0x000000008ba00000|  0%| F|  |TAMS 0x000000008b900000, 0x000000008b900000| Untracked 
| 186|0x000000008ba00000, 0x000000008ba00000, 0x000000008bb00000|  0%| F|  |TAMS 0x000000008ba00000, 0x000000008ba00000| Untracked 
| 187|0x000000008bb00000, 0x000000008bb00000, 0x000000008bc00000|  0%| F|  |TAMS 0x000000008bb00000, 0x000000008bb00000| Untracked 
| 188|0x000000008bc00000, 0x000000008bc00000, 0x000000008bd00000|  0%| F|  |TAMS 0x000000008bc00000, 0x000000008bc00000| Untracked 
| 189|0x000000008bd00000, 0x000000008bd00000, 0x000000008be00000|  0%| F|  |TAMS 0x000000008bd00000, 0x000000008bd00000| Untracked 
| 190|0x000000008be00000, 0x000000008be00000, 0x000000008bf00000|  0%| F|  |TAMS 0x000000008be00000, 0x000000008be00000| Untracked 
| 191|0x000000008bf00000, 0x000000008bf00000, 0x000000008c000000|  0%| F|  |TAMS 0x000000008bf00000, 0x000000008bf00000| Untracked 
| 192|0x000000008c000000, 0x000000008c000000, 0x000000008c100000|  0%| F|  |TAMS 0x000000008c000000, 0x000000008c000000| Untracked 
| 193|0x000000008c100000, 0x000000008c100000, 0x000000008c200000|  0%| F|  |TAMS 0x000000008c100000, 0x000000008c100000| Untracked 
| 194|0x000000008c200000, 0x000000008c200000, 0x000000008c300000|  0%| F|  |TAMS 0x000000008c200000, 0x000000008c200000| Untracked 
| 195|0x000000008c300000, 0x000000008c300000, 0x000000008c400000|  0%| F|  |TAMS 0x000000008c300000, 0x000000008c300000| Untracked 
| 196|0x000000008c400000, 0x000000008c400000, 0x000000008c500000|  0%| F|  |TAMS 0x000000008c400000, 0x000000008c400000| Untracked 
| 197|0x000000008c500000, 0x000000008c500000, 0x000000008c600000|  0%| F|  |TAMS 0x000000008c500000, 0x000000008c500000| Untracked 
| 198|0x000000008c600000, 0x000000008c600000, 0x000000008c700000|  0%| F|  |TAMS 0x000000008c600000, 0x000000008c600000| Untracked 
| 199|0x000000008c700000, 0x000000008c700000, 0x000000008c800000|  0%| F|  |TAMS 0x000000008c700000, 0x000000008c700000| Untracked 
| 200|0x000000008c800000, 0x000000008c800000, 0x000000008c900000|  0%| F|  |TAMS 0x000000008c800000, 0x000000008c800000| Untracked 
| 201|0x000000008c900000, 0x000000008c900000, 0x000000008ca00000|  0%| F|  |TAMS 0x000000008c900000, 0x000000008c900000| Untracked 
| 202|0x000000008ca00000, 0x000000008ca00000, 0x000000008cb00000|  0%| F|  |TAMS 0x000000008ca00000, 0x000000008ca00000| Untracked 
| 203|0x000000008cb00000, 0x000000008cb00000, 0x000000008cc00000|  0%| F|  |TAMS 0x000000008cb00000, 0x000000008cb00000| Untracked 
| 204|0x000000008cc00000, 0x000000008cc00000, 0x000000008cd00000|  0%| F|  |TAMS 0x000000008cc00000, 0x000000008cc00000| Untracked 
| 205|0x000000008cd00000, 0x000000008cd00000, 0x000000008ce00000|  0%| F|  |TAMS 0x000000008cd00000, 0x000000008cd00000| Untracked 
| 206|0x000000008ce00000, 0x000000008ce00000, 0x000000008cf00000|  0%| F|  |TAMS 0x000000008ce00000, 0x000000008ce00000| Untracked 
| 207|0x000000008cf00000, 0x000000008cf00000, 0x000000008d000000|  0%| F|  |TAMS 0x000000008cf00000, 0x000000008cf00000| Untracked 
| 208|0x000000008d000000, 0x000000008d000000, 0x000000008d100000|  0%| F|  |TAMS 0x000000008d000000, 0x000000008d000000| Untracked 
| 209|0x000000008d100000, 0x000000008d100000, 0x000000008d200000|  0%| F|  |TAMS 0x000000008d100000, 0x000000008d100000| Untracked 
| 210|0x000000008d200000, 0x000000008d200000, 0x000000008d300000|  0%| F|  |TAMS 0x000000008d200000, 0x000000008d200000| Untracked 
| 211|0x000000008d300000, 0x000000008d300000, 0x000000008d400000|  0%| F|  |TAMS 0x000000008d300000, 0x000000008d300000| Untracked 
| 212|0x000000008d400000, 0x000000008d400000, 0x000000008d500000|  0%| F|  |TAMS 0x000000008d400000, 0x000000008d400000| Untracked 
| 213|0x000000008d500000, 0x000000008d500000, 0x000000008d600000|  0%| F|  |TAMS 0x000000008d500000, 0x000000008d500000| Untracked 
| 214|0x000000008d600000, 0x000000008d600000, 0x000000008d700000|  0%| F|  |TAMS 0x000000008d600000, 0x000000008d600000| Untracked 
| 215|0x000000008d700000, 0x000000008d700000, 0x000000008d800000|  0%| F|  |TAMS 0x000000008d700000, 0x000000008d700000| Untracked 
| 216|0x000000008d800000, 0x000000008d800000, 0x000000008d900000|  0%| F|  |TAMS 0x000000008d800000, 0x000000008d800000| Untracked 
| 217|0x000000008d900000, 0x000000008d900000, 0x000000008da00000|  0%| F|  |TAMS 0x000000008d900000, 0x000000008d900000| Untracked 
| 218|0x000000008da00000, 0x000000008da00000, 0x000000008db00000|  0%| F|  |TAMS 0x000000008da00000, 0x000000008da00000| Untracked 
| 219|0x000000008db00000, 0x000000008db00000, 0x000000008dc00000|  0%| F|  |TAMS 0x000000008db00000, 0x000000008db00000| Untracked 
| 220|0x000000008dc00000, 0x000000008dc00000, 0x000000008dd00000|  0%| F|  |TAMS 0x000000008dc00000, 0x000000008dc00000| Untracked 
| 221|0x000000008dd00000, 0x000000008dd00000, 0x000000008de00000|  0%| F|  |TAMS 0x000000008dd00000, 0x000000008dd00000| Untracked 
| 222|0x000000008de00000, 0x000000008de00000, 0x000000008df00000|  0%| F|  |TAMS 0x000000008de00000, 0x000000008de00000| Untracked 
| 223|0x000000008df00000, 0x000000008df00000, 0x000000008e000000|  0%| F|  |TAMS 0x000000008df00000, 0x000000008df00000| Untracked 
| 224|0x000000008e000000, 0x000000008e000000, 0x000000008e100000|  0%| F|  |TAMS 0x000000008e000000, 0x000000008e000000| Untracked 
| 225|0x000000008e100000, 0x000000008e100000, 0x000000008e200000|  0%| F|  |TAMS 0x000000008e100000, 0x000000008e100000| Untracked 
| 226|0x000000008e200000, 0x000000008e300000, 0x000000008e300000|100%| S|CS|TAMS 0x000000008e200000, 0x000000008e200000| Complete 
| 227|0x000000008e300000, 0x000000008e400000, 0x000000008e400000|100%| S|CS|TAMS 0x000000008e300000, 0x000000008e300000| Complete 
| 228|0x000000008e400000, 0x000000008e400000, 0x000000008e500000|  0%| F|  |TAMS 0x000000008e400000, 0x000000008e400000| Untracked 
| 229|0x000000008e500000, 0x000000008e500000, 0x000000008e600000|  0%| F|  |TAMS 0x000000008e500000, 0x000000008e500000| Untracked 
| 230|0x000000008e600000, 0x000000008e700000, 0x000000008e700000|100%| S|CS|TAMS 0x000000008e600000, 0x000000008e600000| Complete 
| 231|0x000000008e700000, 0x000000008e800000, 0x000000008e800000|100%| S|CS|TAMS 0x000000008e700000, 0x000000008e700000| Complete 
| 232|0x000000008e800000, 0x000000008e800000, 0x000000008e900000|  0%| F|  |TAMS 0x000000008e800000, 0x000000008e800000| Untracked 
| 233|0x000000008e900000, 0x000000008e900000, 0x000000008ea00000|  0%| F|  |TAMS 0x000000008e900000, 0x000000008e900000| Untracked 
| 234|0x000000008ea00000, 0x000000008ea00000, 0x000000008eb00000|  0%| F|  |TAMS 0x000000008ea00000, 0x000000008ea00000| Untracked 
| 235|0x000000008eb00000, 0x000000008eb00000, 0x000000008ec00000|  0%| F|  |TAMS 0x000000008eb00000, 0x000000008eb00000| Untracked 
| 236|0x000000008ec00000, 0x000000008ec00000, 0x000000008ed00000|  0%| F|  |TAMS 0x000000008ec00000, 0x000000008ec00000| Untracked 
| 237|0x000000008ed00000, 0x000000008ed00000, 0x000000008ee00000|  0%| F|  |TAMS 0x000000008ed00000, 0x000000008ed00000| Untracked 
| 238|0x000000008ee00000, 0x000000008ee00000, 0x000000008ef00000|  0%| F|  |TAMS 0x000000008ee00000, 0x000000008ee00000| Untracked 
| 239|0x000000008ef00000, 0x000000008ef00000, 0x000000008f000000|  0%| F|  |TAMS 0x000000008ef00000, 0x000000008ef00000| Untracked 
| 240|0x000000008f000000, 0x000000008f000000, 0x000000008f100000|  0%| F|  |TAMS 0x000000008f000000, 0x000000008f000000| Untracked 
| 241|0x000000008f100000, 0x000000008f100000, 0x000000008f200000|  0%| F|  |TAMS 0x000000008f100000, 0x000000008f100000| Untracked 
| 242|0x000000008f200000, 0x000000008f200000, 0x000000008f300000|  0%| F|  |TAMS 0x000000008f200000, 0x000000008f200000| Untracked 
| 243|0x000000008f300000, 0x000000008f300000, 0x000000008f400000|  0%| F|  |TAMS 0x000000008f300000, 0x000000008f300000| Untracked 
| 244|0x000000008f400000, 0x000000008f400000, 0x000000008f500000|  0%| F|  |TAMS 0x000000008f400000, 0x000000008f400000| Untracked 
| 245|0x000000008f500000, 0x000000008f500000, 0x000000008f600000|  0%| F|  |TAMS 0x000000008f500000, 0x000000008f500000| Untracked 
| 246|0x000000008f600000, 0x000000008f600000, 0x000000008f700000|  0%| F|  |TAMS 0x000000008f600000, 0x000000008f600000| Untracked 
| 247|0x000000008f700000, 0x000000008f700000, 0x000000008f800000|  0%| F|  |TAMS 0x000000008f700000, 0x000000008f700000| Untracked 
| 248|0x000000008f800000, 0x000000008f800000, 0x000000008f900000|  0%| F|  |TAMS 0x000000008f800000, 0x000000008f800000| Untracked 
| 249|0x000000008f900000, 0x000000008f900000, 0x000000008fa00000|  0%| F|  |TAMS 0x000000008f900000, 0x000000008f900000| Untracked 
| 250|0x000000008fa00000, 0x000000008fa00000, 0x000000008fb00000|  0%| F|  |TAMS 0x000000008fa00000, 0x000000008fa00000| Untracked 
| 251|0x000000008fb00000, 0x000000008fb00000, 0x000000008fc00000|  0%| F|  |TAMS 0x000000008fb00000, 0x000000008fb00000| Untracked 
| 252|0x000000008fc00000, 0x000000008fc00000, 0x000000008fd00000|  0%| F|  |TAMS 0x000000008fc00000, 0x000000008fc00000| Untracked 
| 253|0x000000008fd00000, 0x000000008fd00000, 0x000000008fe00000|  0%| F|  |TAMS 0x000000008fd00000, 0x000000008fd00000| Untracked 
| 254|0x000000008fe00000, 0x000000008fe00000, 0x000000008ff00000|  0%| F|  |TAMS 0x000000008fe00000, 0x000000008fe00000| Untracked 
| 255|0x000000008ff00000, 0x000000008ff00000, 0x0000000090000000|  0%| F|  |TAMS 0x000000008ff00000, 0x000000008ff00000| Untracked 
| 256|0x0000000090000000, 0x0000000090000000, 0x0000000090100000|  0%| F|  |TAMS 0x0000000090000000, 0x0000000090000000| Untracked 
| 257|0x0000000090100000, 0x0000000090100000, 0x0000000090200000|  0%| F|  |TAMS 0x0000000090100000, 0x0000000090100000| Untracked 
| 258|0x0000000090200000, 0x0000000090200000, 0x0000000090300000|  0%| F|  |TAMS 0x0000000090200000, 0x0000000090200000| Untracked 
| 259|0x0000000090300000, 0x0000000090300000, 0x0000000090400000|  0%| F|  |TAMS 0x0000000090300000, 0x0000000090300000| Untracked 
| 260|0x0000000090400000, 0x0000000090400000, 0x0000000090500000|  0%| F|  |TAMS 0x0000000090400000, 0x0000000090400000| Untracked 
| 261|0x0000000090500000, 0x0000000090500000, 0x0000000090600000|  0%| F|  |TAMS 0x0000000090500000, 0x0000000090500000| Untracked 
| 262|0x0000000090600000, 0x0000000090600000, 0x0000000090700000|  0%| F|  |TAMS 0x0000000090600000, 0x0000000090600000| Untracked 
| 263|0x0000000090700000, 0x0000000090700000, 0x0000000090800000|  0%| F|  |TAMS 0x0000000090700000, 0x0000000090700000| Untracked 
| 264|0x0000000090800000, 0x0000000090800000, 0x0000000090900000|  0%| F|  |TAMS 0x0000000090800000, 0x0000000090800000| Untracked 
| 265|0x0000000090900000, 0x0000000090900000, 0x0000000090a00000|  0%| F|  |TAMS 0x0000000090900000, 0x0000000090900000| Untracked 
| 266|0x0000000090a00000, 0x0000000090a00000, 0x0000000090b00000|  0%| F|  |TAMS 0x0000000090a00000, 0x0000000090a00000| Untracked 
| 267|0x0000000090b00000, 0x0000000090b00000, 0x0000000090c00000|  0%| F|  |TAMS 0x0000000090b00000, 0x0000000090b00000| Untracked 
| 268|0x0000000090c00000, 0x0000000090c00000, 0x0000000090d00000|  0%| F|  |TAMS 0x0000000090c00000, 0x0000000090c00000| Untracked 
| 269|0x0000000090d00000, 0x0000000090d00000, 0x0000000090e00000|  0%| F|  |TAMS 0x0000000090d00000, 0x0000000090d00000| Untracked 
| 270|0x0000000090e00000, 0x0000000090e00000, 0x0000000090f00000|  0%| F|  |TAMS 0x0000000090e00000, 0x0000000090e00000| Untracked 
| 271|0x0000000090f00000, 0x0000000090f00000, 0x0000000091000000|  0%| F|  |TAMS 0x0000000090f00000, 0x0000000090f00000| Untracked 
| 272|0x0000000091000000, 0x0000000091000000, 0x0000000091100000|  0%| F|  |TAMS 0x0000000091000000, 0x0000000091000000| Untracked 
| 273|0x0000000091100000, 0x0000000091100000, 0x0000000091200000|  0%| F|  |TAMS 0x0000000091100000, 0x0000000091100000| Untracked 
| 274|0x0000000091200000, 0x0000000091200000, 0x0000000091300000|  0%| F|  |TAMS 0x0000000091200000, 0x0000000091200000| Untracked 
| 275|0x0000000091300000, 0x0000000091300000, 0x0000000091400000|  0%| F|  |TAMS 0x0000000091300000, 0x0000000091300000| Untracked 
| 276|0x0000000091400000, 0x0000000091400000, 0x0000000091500000|  0%| F|  |TAMS 0x0000000091400000, 0x0000000091400000| Untracked 
| 277|0x0000000091500000, 0x0000000091500000, 0x0000000091600000|  0%| F|  |TAMS 0x0000000091500000, 0x0000000091500000| Untracked 
| 278|0x0000000091600000, 0x0000000091600000, 0x0000000091700000|  0%| F|  |TAMS 0x0000000091600000, 0x0000000091600000| Untracked 
| 279|0x0000000091700000, 0x0000000091700000, 0x0000000091800000|  0%| F|  |TAMS 0x0000000091700000, 0x0000000091700000| Untracked 
| 280|0x0000000091800000, 0x0000000091800000, 0x0000000091900000|  0%| F|  |TAMS 0x0000000091800000, 0x0000000091800000| Untracked 
| 281|0x0000000091900000, 0x0000000091900000, 0x0000000091a00000|  0%| F|  |TAMS 0x0000000091900000, 0x0000000091900000| Untracked 
| 282|0x0000000091a00000, 0x0000000091a00000, 0x0000000091b00000|  0%| F|  |TAMS 0x0000000091a00000, 0x0000000091a00000| Untracked 
| 283|0x0000000091b00000, 0x0000000091b00000, 0x0000000091c00000|  0%| F|  |TAMS 0x0000000091b00000, 0x0000000091b00000| Untracked 
| 284|0x0000000091c00000, 0x0000000091c00000, 0x0000000091d00000|  0%| F|  |TAMS 0x0000000091c00000, 0x0000000091c00000| Untracked 
| 285|0x0000000091d00000, 0x0000000091d00000, 0x0000000091e00000|  0%| F|  |TAMS 0x0000000091d00000, 0x0000000091d00000| Untracked 
| 286|0x0000000091e00000, 0x0000000091e00000, 0x0000000091f00000|  0%| F|  |TAMS 0x0000000091e00000, 0x0000000091e00000| Untracked 
| 287|0x0000000091f00000, 0x0000000091f00000, 0x0000000092000000|  0%| F|  |TAMS 0x0000000091f00000, 0x0000000091f00000| Untracked 
| 288|0x0000000092000000, 0x0000000092000000, 0x0000000092100000|  0%| F|  |TAMS 0x0000000092000000, 0x0000000092000000| Untracked 
| 289|0x0000000092100000, 0x0000000092100000, 0x0000000092200000|  0%| F|  |TAMS 0x0000000092100000, 0x0000000092100000| Untracked 
| 290|0x0000000092200000, 0x0000000092200000, 0x0000000092300000|  0%| F|  |TAMS 0x0000000092200000, 0x0000000092200000| Untracked 
| 291|0x0000000092300000, 0x0000000092300000, 0x0000000092400000|  0%| F|  |TAMS 0x0000000092300000, 0x0000000092300000| Untracked 
| 292|0x0000000092400000, 0x0000000092400000, 0x0000000092500000|  0%| F|  |TAMS 0x0000000092400000, 0x0000000092400000| Untracked 
| 293|0x0000000092500000, 0x0000000092500000, 0x0000000092600000|  0%| F|  |TAMS 0x0000000092500000, 0x0000000092500000| Untracked 
| 294|0x0000000092600000, 0x0000000092600000, 0x0000000092700000|  0%| F|  |TAMS 0x0000000092600000, 0x0000000092600000| Untracked 
| 295|0x0000000092700000, 0x0000000092700000, 0x0000000092800000|  0%| F|  |TAMS 0x0000000092700000, 0x0000000092700000| Untracked 
| 296|0x0000000092800000, 0x0000000092800000, 0x0000000092900000|  0%| F|  |TAMS 0x0000000092800000, 0x0000000092800000| Untracked 
| 297|0x0000000092900000, 0x0000000092900000, 0x0000000092a00000|  0%| F|  |TAMS 0x0000000092900000, 0x0000000092900000| Untracked 
| 298|0x0000000092a00000, 0x0000000092a00000, 0x0000000092b00000|  0%| F|  |TAMS 0x0000000092a00000, 0x0000000092a00000| Untracked 
| 299|0x0000000092b00000, 0x0000000092b00000, 0x0000000092c00000|  0%| F|  |TAMS 0x0000000092b00000, 0x0000000092b00000| Untracked 
| 300|0x0000000092c00000, 0x0000000092c00000, 0x0000000092d00000|  0%| F|  |TAMS 0x0000000092c00000, 0x0000000092c00000| Untracked 
| 301|0x0000000092d00000, 0x0000000092d00000, 0x0000000092e00000|  0%| F|  |TAMS 0x0000000092d00000, 0x0000000092d00000| Untracked 
| 302|0x0000000092e00000, 0x0000000092e00000, 0x0000000092f00000|  0%| F|  |TAMS 0x0000000092e00000, 0x0000000092e00000| Untracked 
| 303|0x0000000092f00000, 0x0000000092f00000, 0x0000000093000000|  0%| F|  |TAMS 0x0000000092f00000, 0x0000000092f00000| Untracked 
| 304|0x0000000093000000, 0x0000000093000000, 0x0000000093100000|  0%| F|  |TAMS 0x0000000093000000, 0x0000000093000000| Untracked 
| 305|0x0000000093100000, 0x0000000093100000, 0x0000000093200000|  0%| F|  |TAMS 0x0000000093100000, 0x0000000093100000| Untracked 
| 306|0x0000000093200000, 0x0000000093200000, 0x0000000093300000|  0%| F|  |TAMS 0x0000000093200000, 0x0000000093200000| Untracked 
| 307|0x0000000093300000, 0x0000000093300000, 0x0000000093400000|  0%| F|  |TAMS 0x0000000093300000, 0x0000000093300000| Untracked 
| 308|0x0000000093400000, 0x0000000093400000, 0x0000000093500000|  0%| F|  |TAMS 0x0000000093400000, 0x0000000093400000| Untracked 
| 309|0x0000000093500000, 0x0000000093500000, 0x0000000093600000|  0%| F|  |TAMS 0x0000000093500000, 0x0000000093500000| Untracked 
| 310|0x0000000093600000, 0x0000000093600000, 0x0000000093700000|  0%| F|  |TAMS 0x0000000093600000, 0x0000000093600000| Untracked 
| 311|0x0000000093700000, 0x0000000093700000, 0x0000000093800000|  0%| F|  |TAMS 0x0000000093700000, 0x0000000093700000| Untracked 
| 312|0x0000000093800000, 0x0000000093800000, 0x0000000093900000|  0%| F|  |TAMS 0x0000000093800000, 0x0000000093800000| Untracked 
| 313|0x0000000093900000, 0x0000000093900000, 0x0000000093a00000|  0%| F|  |TAMS 0x0000000093900000, 0x0000000093900000| Untracked 
| 314|0x0000000093a00000, 0x0000000093a00000, 0x0000000093b00000|  0%| F|  |TAMS 0x0000000093a00000, 0x0000000093a00000| Untracked 
| 315|0x0000000093b00000, 0x0000000093b00000, 0x0000000093c00000|  0%| F|  |TAMS 0x0000000093b00000, 0x0000000093b00000| Untracked 
| 316|0x0000000093c00000, 0x0000000093c00000, 0x0000000093d00000|  0%| F|  |TAMS 0x0000000093c00000, 0x0000000093c00000| Untracked 
| 317|0x0000000093d00000, 0x0000000093d00000, 0x0000000093e00000|  0%| F|  |TAMS 0x0000000093d00000, 0x0000000093d00000| Untracked 
| 318|0x0000000093e00000, 0x0000000093e00000, 0x0000000093f00000|  0%| F|  |TAMS 0x0000000093e00000, 0x0000000093e00000| Untracked 
| 319|0x0000000093f00000, 0x0000000093f00000, 0x0000000094000000|  0%| F|  |TAMS 0x0000000093f00000, 0x0000000093f00000| Untracked 
| 320|0x0000000094000000, 0x0000000094000000, 0x0000000094100000|  0%| F|  |TAMS 0x0000000094000000, 0x0000000094000000| Untracked 
| 321|0x0000000094100000, 0x0000000094100000, 0x0000000094200000|  0%| F|  |TAMS 0x0000000094100000, 0x0000000094100000| Untracked 
| 322|0x0000000094200000, 0x0000000094200000, 0x0000000094300000|  0%| F|  |TAMS 0x0000000094200000, 0x0000000094200000| Untracked 
| 323|0x0000000094300000, 0x0000000094300000, 0x0000000094400000|  0%| F|  |TAMS 0x0000000094300000, 0x0000000094300000| Untracked 
| 324|0x0000000094400000, 0x0000000094400000, 0x0000000094500000|  0%| F|  |TAMS 0x0000000094400000, 0x0000000094400000| Untracked 
| 325|0x0000000094500000, 0x0000000094500000, 0x0000000094600000|  0%| F|  |TAMS 0x0000000094500000, 0x0000000094500000| Untracked 
| 326|0x0000000094600000, 0x0000000094600000, 0x0000000094700000|  0%| F|  |TAMS 0x0000000094600000, 0x0000000094600000| Untracked 
| 327|0x0000000094700000, 0x0000000094700000, 0x0000000094800000|  0%| F|  |TAMS 0x0000000094700000, 0x0000000094700000| Untracked 
| 328|0x0000000094800000, 0x0000000094800000, 0x0000000094900000|  0%| F|  |TAMS 0x0000000094800000, 0x0000000094800000| Untracked 
| 329|0x0000000094900000, 0x0000000094900000, 0x0000000094a00000|  0%| F|  |TAMS 0x0000000094900000, 0x0000000094900000| Untracked 
| 330|0x0000000094a00000, 0x0000000094a00000, 0x0000000094b00000|  0%| F|  |TAMS 0x0000000094a00000, 0x0000000094a00000| Untracked 
| 331|0x0000000094b00000, 0x0000000094b00000, 0x0000000094c00000|  0%| F|  |TAMS 0x0000000094b00000, 0x0000000094b00000| Untracked 
| 332|0x0000000094c00000, 0x0000000094c00000, 0x0000000094d00000|  0%| F|  |TAMS 0x0000000094c00000, 0x0000000094c00000| Untracked 
| 333|0x0000000094d00000, 0x0000000094d00000, 0x0000000094e00000|  0%| F|  |TAMS 0x0000000094d00000, 0x0000000094d00000| Untracked 
| 334|0x0000000094e00000, 0x0000000094e00000, 0x0000000094f00000|  0%| F|  |TAMS 0x0000000094e00000, 0x0000000094e00000| Untracked 
| 335|0x0000000094f00000, 0x0000000094f00000, 0x0000000095000000|  0%| F|  |TAMS 0x0000000094f00000, 0x0000000094f00000| Untracked 
| 336|0x0000000095000000, 0x0000000095000000, 0x0000000095100000|  0%| F|  |TAMS 0x0000000095000000, 0x0000000095000000| Untracked 
| 337|0x0000000095100000, 0x0000000095100000, 0x0000000095200000|  0%| F|  |TAMS 0x0000000095100000, 0x0000000095100000| Untracked 
| 338|0x0000000095200000, 0x0000000095200000, 0x0000000095300000|  0%| F|  |TAMS 0x0000000095200000, 0x0000000095200000| Untracked 
| 339|0x0000000095300000, 0x0000000095300000, 0x0000000095400000|  0%| F|  |TAMS 0x0000000095300000, 0x0000000095300000| Untracked 
| 340|0x0000000095400000, 0x0000000095400000, 0x0000000095500000|  0%| F|  |TAMS 0x0000000095400000, 0x0000000095400000| Untracked 
| 341|0x0000000095500000, 0x0000000095500000, 0x0000000095600000|  0%| F|  |TAMS 0x0000000095500000, 0x0000000095500000| Untracked 
| 342|0x0000000095600000, 0x0000000095600000, 0x0000000095700000|  0%| F|  |TAMS 0x0000000095600000, 0x0000000095600000| Untracked 
| 343|0x0000000095700000, 0x0000000095700000, 0x0000000095800000|  0%| F|  |TAMS 0x0000000095700000, 0x0000000095700000| Untracked 
| 344|0x0000000095800000, 0x0000000095800000, 0x0000000095900000|  0%| F|  |TAMS 0x0000000095800000, 0x0000000095800000| Untracked 
| 345|0x0000000095900000, 0x0000000095900000, 0x0000000095a00000|  0%| F|  |TAMS 0x0000000095900000, 0x0000000095900000| Untracked 
| 346|0x0000000095a00000, 0x0000000095a00000, 0x0000000095b00000|  0%| F|  |TAMS 0x0000000095a00000, 0x0000000095a00000| Untracked 
| 347|0x0000000095b00000, 0x0000000095b00000, 0x0000000095c00000|  0%| F|  |TAMS 0x0000000095b00000, 0x0000000095b00000| Untracked 
| 348|0x0000000095c00000, 0x0000000095c00000, 0x0000000095d00000|  0%| F|  |TAMS 0x0000000095c00000, 0x0000000095c00000| Untracked 
| 349|0x0000000095d00000, 0x0000000095d00000, 0x0000000095e00000|  0%| F|  |TAMS 0x0000000095d00000, 0x0000000095d00000| Untracked 
| 350|0x0000000095e00000, 0x0000000095e00000, 0x0000000095f00000|  0%| F|  |TAMS 0x0000000095e00000, 0x0000000095e00000| Untracked 
| 351|0x0000000095f00000, 0x0000000095f00000, 0x0000000096000000|  0%| F|  |TAMS 0x0000000095f00000, 0x0000000095f00000| Untracked 
| 352|0x0000000096000000, 0x0000000096000000, 0x0000000096100000|  0%| F|  |TAMS 0x0000000096000000, 0x0000000096000000| Untracked 
| 353|0x0000000096100000, 0x0000000096100000, 0x0000000096200000|  0%| F|  |TAMS 0x0000000096100000, 0x0000000096100000| Untracked 
| 354|0x0000000096200000, 0x0000000096200000, 0x0000000096300000|  0%| F|  |TAMS 0x0000000096200000, 0x0000000096200000| Untracked 
| 355|0x0000000096300000, 0x0000000096300000, 0x0000000096400000|  0%| F|  |TAMS 0x0000000096300000, 0x0000000096300000| Untracked 
| 356|0x0000000096400000, 0x0000000096400000, 0x0000000096500000|  0%| F|  |TAMS 0x0000000096400000, 0x0000000096400000| Untracked 
| 357|0x0000000096500000, 0x0000000096500000, 0x0000000096600000|  0%| F|  |TAMS 0x0000000096500000, 0x0000000096500000| Untracked 
| 358|0x0000000096600000, 0x0000000096600000, 0x0000000096700000|  0%| F|  |TAMS 0x0000000096600000, 0x0000000096600000| Untracked 
| 359|0x0000000096700000, 0x0000000096700000, 0x0000000096800000|  0%| F|  |TAMS 0x0000000096700000, 0x0000000096700000| Untracked 
| 360|0x0000000096800000, 0x0000000096800000, 0x0000000096900000|  0%| F|  |TAMS 0x0000000096800000, 0x0000000096800000| Untracked 
| 361|0x0000000096900000, 0x0000000096900000, 0x0000000096a00000|  0%| F|  |TAMS 0x0000000096900000, 0x0000000096900000| Untracked 
| 362|0x0000000096a00000, 0x0000000096a00000, 0x0000000096b00000|  0%| F|  |TAMS 0x0000000096a00000, 0x0000000096a00000| Untracked 

Card table byte_map: [0x00000207f4700000,0x00000207f4b00000] _byte_map_base: 0x00000207f4300000

Marking Bits (Prev, Next): (CMBitMap*) 0x00000207df9fc570, (CMBitMap*) 0x00000207df9fc538
 Prev Bits: [0x00000207f6f00000, 0x00000207f8f00000)
 Next Bits: [0x00000207f4f00000, 0x00000207f6f00000)

Polling page: 0x00000207df7b0000

Metaspace:

Usage:
  Non-class:     94.66 MB capacity,    93.07 MB ( 98%) used,     1.25 MB (  1%) free+waste,   346.75 KB ( <1%) overhead. 
      Class:     14.46 MB capacity,    13.45 MB ( 93%) used,   888.69 KB (  6%) free+waste,   150.94 KB (  1%) overhead. 
       Both:    109.13 MB capacity,   106.52 MB ( 98%) used,     2.12 MB (  2%) free+waste,   497.69 KB ( <1%) overhead. 

Virtual space:
  Non-class space:       96.00 MB reserved,      94.75 MB ( 99%) committed 
      Class space:        1.00 GB reserved,      14.50 MB (  1%) committed 
             Both:        1.09 GB reserved,     109.25 MB ( 10%) committed 

Chunk freelists:
   Non-Class:  24.00 KB
       Class:  0 bytes
        Both:  24.00 KB

MaxMetaspaceSize: 17179869184.00 GB
CompressedClassSpaceSize: 1.00 GB

CodeHeap 'non-profiled nmethods': size=120064Kb used=13166Kb max_used=13166Kb free=106898Kb
 bounds [0x00000207ec7a0000, 0x00000207ed4c0000, 0x00000207f3ce0000]
CodeHeap 'profiled nmethods': size=120000Kb used=38234Kb max_used=39725Kb free=81765Kb
 bounds [0x00000207e5270000, 0x00000207e7960000, 0x00000207ec7a0000]
CodeHeap 'non-nmethods': size=5696Kb used=2307Kb max_used=2378Kb free=3388Kb
 bounds [0x00000207e4ce0000, 0x00000207e4f50000, 0x00000207e5270000]
 total_blobs=17257 nmethods=16326 adapters=841
 compilation: enabled
              stopped_count=0, restarted_count=0
 full_count=0

Compilation events (20 events):
Event: 89.186 Thread 0x00000207fc368000 nmethod 17119 0x00000207eca43b90 code [0x00000207eca43d60, 0x00000207eca44238]
Event: 89.186 Thread 0x00000207fc368000 18420 %     4       com.android.tools.r8.internal.F7::i @ 9 (231 bytes)
Event: 89.319 Thread 0x00000207fb4f6000 18424       2       java.io.FileDescriptor::setHandle (33 bytes)
Event: 89.319 Thread 0x00000207fb4f6000 nmethod 18424 0x00000207e580be10 code [0x00000207e580bfc0, 0x00000207e580c148]
Event: 89.348 Thread 0x00000207fb4f3000 nmethod 18402 0x00000207ed4a8990 code [0x00000207ed4a8f00, 0x00000207ed4ad748]
Event: 89.349 Thread 0x00000207fb4f3000 18423       4       com.android.tools.r8.internal.F7::s (1713 bytes)
Event: 89.509 Thread 0x00000207fb4f6000 18430       1       com.android.tools.r8.code.K0::a (5 bytes)
Event: 89.509 Thread 0x00000207fb4f6000 nmethod 18430 0x00000207eca29b90 code [0x00000207eca29d40, 0x00000207eca29dd8]
Event: 89.509 Thread 0x00000207fb4f6000 18431       1       com.android.tools.r8.code.K0::b (5 bytes)
Event: 89.509 Thread 0x00000207fb4f6000 nmethod 18431 0x00000207eca68e90 code [0x00000207eca69040, 0x00000207eca690d8]
Event: 89.509 Thread 0x00000207fb4f6000 18432       1       com.android.tools.r8.code.K0::c (5 bytes)
Event: 89.509 Thread 0x00000207fb4f6000 nmethod 18432 0x00000207eca68b90 code [0x00000207eca68d40, 0x00000207eca68dd8]
Event: 89.528 Thread 0x00000207fb4f6000 18434       2       com.android.tools.r8.internal.Qr::<init> (12 bytes)
Event: 89.529 Thread 0x00000207fb4f6000 nmethod 18434 0x00000207e5839590 code [0x00000207e5839740, 0x00000207e58398c8]
Event: 89.548 Thread 0x00000207fc368000 nmethod 18420% 0x00000207ed4b0210 code [0x00000207ed4b0680, 0x00000207ed4b4150]
Event: 89.549 Thread 0x00000207fc368000 18428       4       com.android.tools.r8.internal.X4::b (169 bytes)
Event: 89.579 Thread 0x00000207fb4f6000 18436       1       com.android.tools.r8.code.G0::a (5 bytes)
Event: 89.579 Thread 0x00000207fb4f6000 nmethod 18436 0x00000207eca68890 code [0x00000207eca68a40, 0x00000207eca68ad8]
Event: 89.748 Thread 0x00000207fc368000 nmethod 18428 0x00000207ed4b6510 code [0x00000207ed4b6900, 0x00000207ed4b94c0]
Event: 89.748 Thread 0x00000207fc368000 18427       4       com.android.tools.r8.internal.Mv::a (1305 bytes)

GC Heap History (20 events):
Event: 81.565 GC heap after
{Heap after GC invocations=81 (full 0):
 garbage-first heap   total 371712K, used 174493K [0x0000000080000000, 0x0000000100000000)
  region size 1024K, 15 young (15360K), 15 survivors (15360K)
 Metaspace       used 109025K, capacity 111723K, committed 111872K, reserved 1146880K
  class space    used 13768K, capacity 14808K, committed 14848K, reserved 1048576K
}
Event: 82.587 GC heap before
{Heap before GC invocations=81 (full 0):
 garbage-first heap   total 371712K, used 317853K [0x0000000080000000, 0x0000000100000000)
  region size 1024K, 155 young (158720K), 15 survivors (15360K)
 Metaspace       used 109048K, capacity 111732K, committed 111872K, reserved 1146880K
  class space    used 13768K, capacity 14809K, committed 14848K, reserved 1048576K
}
Event: 82.632 GC heap after
{Heap after GC invocations=82 (full 0):
 garbage-first heap   total 371712K, used 181033K [0x0000000080000000, 0x0000000100000000)
  region size 1024K, 18 young (18432K), 18 survivors (18432K)
 Metaspace       used 109048K, capacity 111732K, committed 111872K, reserved 1146880K
  class space    used 13768K, capacity 14809K, committed 14848K, reserved 1048576K
}
Event: 83.427 GC heap before
{Heap before GC invocations=82 (full 0):
 garbage-first heap   total 371712K, used 314153K [0x0000000080000000, 0x0000000100000000)
  region size 1024K, 148 young (151552K), 18 survivors (18432K)
 Metaspace       used 109051K, capacity 111732K, committed 111872K, reserved 1146880K
  class space    used 13768K, capacity 14809K, committed 14848K, reserved 1048576K
}
Event: 83.477 GC heap after
{Heap after GC invocations=83 (full 0):
 garbage-first heap   total 371712K, used 187408K [0x0000000080000000, 0x0000000100000000)
  region size 1024K, 16 young (16384K), 16 survivors (16384K)
 Metaspace       used 109051K, capacity 111732K, committed 111872K, reserved 1146880K
  class space    used 13768K, capacity 14809K, committed 14848K, reserved 1048576K
}
Event: 84.290 GC heap before
{Heap before GC invocations=83 (full 0):
 garbage-first heap   total 371712K, used 313360K [0x0000000080000000, 0x0000000100000000)
  region size 1024K, 139 young (142336K), 16 survivors (16384K)
 Metaspace       used 109054K, capacity 111732K, committed 111872K, reserved 1146880K
  class space    used 13769K, capacity 14809K, committed 14848K, reserved 1048576K
}
Event: 84.316 GC heap after
{Heap after GC invocations=84 (full 0):
 garbage-first heap   total 371712K, used 189419K [0x0000000080000000, 0x0000000100000000)
  region size 1024K, 2 young (2048K), 2 survivors (2048K)
 Metaspace       used 109054K, capacity 111732K, committed 111872K, reserved 1146880K
  class space    used 13769K, capacity 14809K, committed 14848K, reserved 1048576K
}
Event: 85.107 GC heap before
{Heap before GC invocations=84 (full 0):
 garbage-first heap   total 371712K, used 316395K [0x0000000080000000, 0x0000000100000000)
  region size 1024K, 126 young (129024K), 2 survivors (2048K)
 Metaspace       used 109058K, capacity 111733K, committed 111872K, reserved 1146880K
  class space    used 13769K, capacity 14809K, committed 14848K, reserved 1048576K
}
Event: 85.118 GC heap after
{Heap after GC invocations=85 (full 0):
 garbage-first heap   total 371712K, used 189295K [0x0000000080000000, 0x0000000100000000)
  region size 1024K, 2 young (2048K), 2 survivors (2048K)
 Metaspace       used 109058K, capacity 111733K, committed 111872K, reserved 1146880K
  class space    used 13769K, capacity 14809K, committed 14848K, reserved 1048576K
}
Event: 85.954 GC heap before
{Heap before GC invocations=85 (full 0):
 garbage-first heap   total 371712K, used 318319K [0x0000000080000000, 0x0000000100000000)
  region size 1024K, 128 young (131072K), 2 survivors (2048K)
 Metaspace       used 109059K, capacity 111733K, committed 111872K, reserved 1146880K
  class space    used 13770K, capacity 14809K, committed 14848K, reserved 1048576K
}
Event: 85.975 GC heap after
{Heap after GC invocations=86 (full 0):
 garbage-first heap   total 371712K, used 189285K [0x0000000080000000, 0x0000000100000000)
  region size 1024K, 2 young (2048K), 2 survivors (2048K)
 Metaspace       used 109059K, capacity 111733K, committed 111872K, reserved 1146880K
  class space    used 13770K, capacity 14809K, committed 14848K, reserved 1048576K
}
Event: 86.873 GC heap before
{Heap before GC invocations=86 (full 0):
 garbage-first heap   total 371712K, used 320357K [0x0000000080000000, 0x0000000100000000)
  region size 1024K, 130 young (133120K), 2 survivors (2048K)
 Metaspace       used 109060K, capacity 111733K, committed 111872K, reserved 1146880K
  class space    used 13770K, capacity 14809K, committed 14848K, reserved 1048576K
}
Event: 86.888 GC heap after
{Heap after GC invocations=87 (full 0):
 garbage-first heap   total 371712K, used 189994K [0x0000000080000000, 0x0000000100000000)
  region size 1024K, 3 young (3072K), 3 survivors (3072K)
 Metaspace       used 109060K, capacity 111733K, committed 111872K, reserved 1146880K
  class space    used 13770K, capacity 14809K, committed 14848K, reserved 1048576K
}
Event: 87.646 GC heap before
{Heap before GC invocations=87 (full 0):
 garbage-first heap   total 371712K, used 321066K [0x0000000080000000, 0x0000000100000000)
  region size 1024K, 131 young (134144K), 3 survivors (3072K)
 Metaspace       used 109062K, capacity 111733K, committed 111872K, reserved 1146880K
  class space    used 13770K, capacity 14809K, committed 14848K, reserved 1048576K
}
Event: 87.664 GC heap after
{Heap after GC invocations=88 (full 0):
 garbage-first heap   total 371712K, used 190670K [0x0000000080000000, 0x0000000100000000)
  region size 1024K, 4 young (4096K), 4 survivors (4096K)
 Metaspace       used 109062K, capacity 111733K, committed 111872K, reserved 1146880K
  class space    used 13770K, capacity 14809K, committed 14848K, reserved 1048576K
}
Event: 88.338 GC heap before
{Heap before GC invocations=88 (full 0):
 garbage-first heap   total 371712K, used 322766K [0x0000000080000000, 0x0000000100000000)
  region size 1024K, 133 young (136192K), 4 survivors (4096K)
 Metaspace       used 109070K, capacity 111745K, committed 111872K, reserved 1146880K
  class space    used 13771K, capacity 14811K, committed 14848K, reserved 1048576K
}
Event: 88.354 GC heap after
{Heap after GC invocations=89 (full 0):
 garbage-first heap   total 371712K, used 191300K [0x0000000080000000, 0x0000000100000000)
  region size 1024K, 4 young (4096K), 4 survivors (4096K)
 Metaspace       used 109070K, capacity 111745K, committed 111872K, reserved 1146880K
  class space    used 13771K, capacity 14811K, committed 14848K, reserved 1048576K
}
Event: 89.203 GC heap before
{Heap before GC invocations=89 (full 0):
 garbage-first heap   total 371712K, used 325444K [0x0000000080000000, 0x0000000100000000)
  region size 1024K, 134 young (137216K), 4 survivors (4096K)
 Metaspace       used 109076K, capacity 111747K, committed 111872K, reserved 1146880K
  class space    used 13771K, capacity 14811K, committed 14848K, reserved 1048576K
}
Event: 89.232 GC heap after
{Heap after GC invocations=90 (full 0):
 garbage-first heap   total 371712K, used 190772K [0x0000000080000000, 0x0000000100000000)
  region size 1024K, 4 young (4096K), 4 survivors (4096K)
 Metaspace       used 109076K, capacity 111747K, committed 111872K, reserved 1146880K
  class space    used 13771K, capacity 14811K, committed 14848K, reserved 1048576K
}
Event: 90.004 GC heap before
{Heap before GC invocations=90 (full 0):
 garbage-first heap   total 371712K, used 323892K [0x0000000080000000, 0x0000000100000000)
  region size 1024K, 134 young (137216K), 4 survivors (4096K)
 Metaspace       used 109076K, capacity 111747K, committed 111872K, reserved 1146880K
  class space    used 13771K, capacity 14811K, committed 14848K, reserved 1048576K
}

Deoptimization events (20 events):
Event: 87.919 Thread 0x0000020781546800 DEOPT PACKING pc=0x00000207e76aa041 sp=0x000000b4b7af9540
Event: 87.919 Thread 0x0000020781546800 DEOPT UNPACKING pc=0x00000207e4d0683f sp=0x000000b4b7af8bb0 mode 0
Event: 87.942 Thread 0x0000020781542000 Uncommon trap: trap_request=0xffffff76 fr.pc=0x00000207ec8f05a8 relative=0x00000000000003e8
Event: 87.942 Thread 0x0000020781542000 Uncommon trap: reason=loop_limit_check action=maybe_recompile pc=0x00000207ec8f05a8 method=com.android.tools.r8.internal.Ph.a(I)Z @ 44 c2
Event: 87.942 Thread 0x0000020781542000 DEOPT PACKING pc=0x00000207ec8f05a8 sp=0x000000b4b74f96a0
Event: 87.942 Thread 0x0000020781542000 DEOPT UNPACKING pc=0x00000207e4d06a29 sp=0x000000b4b74f9650 mode 2
Event: 88.509 Thread 0x0000020781542000 Uncommon trap: trap_request=0xffffffc6 fr.pc=0x00000207ed2ac0b8 relative=0x0000000000004238
Event: 88.509 Thread 0x0000020781542000 Uncommon trap: reason=bimorphic_or_optimized_type_check action=maybe_recompile pc=0x00000207ed2ac0b8 method=com.android.tools.r8.internal.F7.i(Lcom/android/tools/r8/internal/Ne;)V @ 73 c2
Event: 88.509 Thread 0x0000020781542000 DEOPT PACKING pc=0x00000207ed2ac0b8 sp=0x000000b4b74f97d0
Event: 88.509 Thread 0x0000020781542000 DEOPT UNPACKING pc=0x00000207e4d06a29 sp=0x000000b4b74f9818 mode 2
Event: 88.687 Thread 0x0000020781547800 DEOPT PACKING pc=0x00000207e5675aaa sp=0x000000b4b79fae40
Event: 88.687 Thread 0x0000020781547800 DEOPT UNPACKING pc=0x00000207e4d0683f sp=0x000000b4b79fa3b0 mode 0
Event: 88.800 Thread 0x0000020781547800 DEOPT PACKING pc=0x00000207e7756fea sp=0x000000b4b79fa8b0
Event: 88.800 Thread 0x0000020781547800 DEOPT UNPACKING pc=0x00000207e4d0683f sp=0x000000b4b79f9d48 mode 0
Event: 88.814 Thread 0x0000020781547800 DEOPT PACKING pc=0x00000207e54b27d5 sp=0x000000b4b79fab20
Event: 88.814 Thread 0x0000020781547800 DEOPT UNPACKING pc=0x00000207e4d0683f sp=0x000000b4b79f9fc0 mode 0
Event: 89.733 Thread 0x0000020781542000 DEOPT PACKING pc=0x00000207e6ed6898 sp=0x000000b4b74f9030
Event: 89.733 Thread 0x0000020781542000 DEOPT UNPACKING pc=0x00000207e4d0683f sp=0x000000b4b74f8530 mode 0
Event: 89.964 Thread 0x0000020781542000 DEOPT PACKING pc=0x00000207e57ef114 sp=0x000000b4b74f9780
Event: 89.964 Thread 0x0000020781542000 DEOPT UNPACKING pc=0x00000207e4d0683f sp=0x000000b4b74f8d10 mode 0

Classes redefined (0 events):
No events

Internal exceptions (20 events):
Event: 73.772 Thread 0x0000020781542000 Exception <a 'sun/nio/fs/WindowsException'{0x00000000927e84d8}> (0x00000000927e84d8) thrown at [./src/hotspot/share/prims/jni.cpp, line 615]
Event: 73.809 Thread 0x000002078153c000 Exception <a 'sun/nio/fs/WindowsException'{0x00000000918ac9e0}> (0x00000000918ac9e0) thrown at [./src/hotspot/share/prims/jni.cpp, line 615]
Event: 74.755 Thread 0x000002078153c000 Exception <a 'sun/nio/fs/WindowsException'{0x0000000095c70bd8}> (0x0000000095c70bd8) thrown at [./src/hotspot/share/prims/jni.cpp, line 615]
Event: 75.723 Thread 0x000002078153c000 Exception <a 'sun/nio/fs/WindowsException'{0x00000000956fa578}> (0x00000000956fa578) thrown at [./src/hotspot/share/prims/jni.cpp, line 615]
Event: 76.310 Thread 0x000002078153c000 Exception <a 'sun/nio/fs/WindowsException'{0x0000000091296e58}> (0x0000000091296e58) thrown at [./src/hotspot/share/prims/jni.cpp, line 615]
Event: 77.149 Thread 0x000002078153c000 Exception <a 'sun/nio/fs/WindowsException'{0x0000000092576568}> (0x0000000092576568) thrown at [./src/hotspot/share/prims/jni.cpp, line 615]
Event: 77.634 Thread 0x0000020781542000 Exception <a 'sun/nio/fs/WindowsException'{0x000000008ef7c1b0}> (0x000000008ef7c1b0) thrown at [./src/hotspot/share/prims/jni.cpp, line 615]
Event: 77.922 Thread 0x000002078153c000 Exception <a 'sun/nio/fs/WindowsException'{0x0000000095fb5a78}> (0x0000000095fb5a78) thrown at [./src/hotspot/share/prims/jni.cpp, line 615]
Event: 78.448 Thread 0x0000020781542000 Exception <a 'sun/nio/fs/WindowsException'{0x00000000960ad618}> (0x00000000960ad618) thrown at [./src/hotspot/share/prims/jni.cpp, line 615]
Event: 78.473 Thread 0x0000020781542000 Exception <a 'sun/nio/fs/WindowsException'{0x0000000090b49ba0}> (0x0000000090b49ba0) thrown at [./src/hotspot/share/prims/jni.cpp, line 615]
Event: 79.097 Thread 0x000002078153c000 Implicit null exception at 0x00000207ed31d469 to 0x00000207ed322378
Event: 79.276 Thread 0x000002078153c000 Exception <a 'sun/nio/fs/WindowsException'{0x00000000955a4cc0}> (0x00000000955a4cc0) thrown at [./src/hotspot/share/prims/jni.cpp, line 615]
Event: 79.624 Thread 0x0000020781542000 Exception <a 'sun/nio/fs/WindowsException'{0x0000000092fbc138}> (0x0000000092fbc138) thrown at [./src/hotspot/share/prims/jni.cpp, line 615]
Event: 80.069 Thread 0x0000020781547800 Exception <a 'sun/nio/fs/WindowsException'{0x00000000902adb58}> (0x00000000902adb58) thrown at [./src/hotspot/share/prims/jni.cpp, line 615]
Event: 80.133 Thread 0x0000020781542000 Exception <a 'sun/nio/fs/WindowsException'{0x000000008fb01150}> (0x000000008fb01150) thrown at [./src/hotspot/share/prims/jni.cpp, line 615]
Event: 80.279 Thread 0x0000020781547800 Exception <a 'sun/nio/fs/WindowsException'{0x000000008ed7e598}> (0x000000008ed7e598) thrown at [./src/hotspot/share/prims/jni.cpp, line 615]
Event: 81.011 Thread 0x0000020781542000 Exception <a 'sun/nio/fs/WindowsException'{0x000000009209dce8}> (0x000000009209dce8) thrown at [./src/hotspot/share/prims/jni.cpp, line 615]
Event: 81.848 Thread 0x0000020781542000 Exception <a 'sun/nio/fs/WindowsException'{0x0000000093d4cc00}> (0x0000000093d4cc00) thrown at [./src/hotspot/share/prims/jni.cpp, line 615]
Event: 82.381 Thread 0x0000020781542000 Exception <a 'sun/nio/fs/WindowsException'{0x0000000090183c48}> (0x0000000090183c48) thrown at [./src/hotspot/share/prims/jni.cpp, line 615]
Event: 89.053 Thread 0x0000020781547800 Exception <a 'sun/nio/fs/WindowsException'{0x0000000090ec5030}> (0x0000000090ec5030) thrown at [./src/hotspot/share/prims/jni.cpp, line 615]

Events (20 events):
Event: 83.477 Executing VM operation: G1CollectForAllocation done
Event: 83.695 loading class com/android/tools/r8/internal/gu
Event: 83.695 loading class com/android/tools/r8/internal/gu done
Event: 84.262 Executing VM operation: G1CollectForAllocation
Event: 84.316 Executing VM operation: G1CollectForAllocation done
Event: 85.105 Executing VM operation: G1CollectForAllocation
Event: 85.119 Executing VM operation: G1CollectForAllocation done
Event: 85.485 loading class com/android/tools/r8/internal/mf
Event: 85.485 loading class com/android/tools/r8/internal/mf done
Event: 85.953 Executing VM operation: G1CollectForAllocation
Event: 85.975 Executing VM operation: G1CollectForAllocation done
Event: 86.872 Executing VM operation: G1CollectForAllocation
Event: 86.888 Executing VM operation: G1CollectForAllocation done
Event: 87.643 Executing VM operation: G1CollectForAllocation
Event: 87.664 Executing VM operation: G1CollectForAllocation done
Event: 88.338 Executing VM operation: G1CollectForAllocation
Event: 88.354 Executing VM operation: G1CollectForAllocation done
Event: 89.203 Executing VM operation: G1CollectForAllocation
Event: 89.232 Executing VM operation: G1CollectForAllocation done
Event: 90.001 Executing VM operation: G1CollectForAllocation


Dynamic libraries:
0x00007ff7ce570000 - 0x00007ff7ce57a000 	C:\Program Files\Android\Android Studio\jre\bin\java.exe
0x00007ffeff090000 - 0x00007ffeff285000 	C:\Windows\SYSTEM32\ntdll.dll
0x00007ffefe8d0000 - 0x00007ffefe98e000 	C:\Windows\System32\KERNEL32.DLL
0x00007ffefce10000 - 0x00007ffefd0d9000 	C:\Windows\System32\KERNELBASE.dll
0x00007ffef16b0000 - 0x00007ffef16c9000 	C:\Program Files\Android\Android Studio\jre\bin\jli.dll
0x00007ffefee10000 - 0x00007ffefefb1000 	C:\Windows\System32\USER32.dll
0x00007ffefccd0000 - 0x00007ffefccf2000 	C:\Windows\System32\win32u.dll
0x00007ffefd610000 - 0x00007ffefd63b000 	C:\Windows\System32\GDI32.dll
0x00007ffefcd00000 - 0x00007ffefce0b000 	C:\Windows\System32\gdi32full.dll
0x00007ffefc960000 - 0x00007ffefc9fd000 	C:\Windows\System32\msvcp_win.dll
0x00007ffefc7b0000 - 0x00007ffefc8b0000 	C:\Windows\System32\ucrtbase.dll
0x00007ffef1690000 - 0x00007ffef16a7000 	C:\Program Files\Android\Android Studio\jre\bin\VCRUNTIME140.dll
0x00007ffef12b0000 - 0x00007ffef154a000 	C:\Windows\WinSxS\amd64_microsoft.windows.common-controls_6595b64144ccf1df_6.0.19041.1110_none_60b5254171f9507e\COMCTL32.dll
0x00007ffefe7d0000 - 0x00007ffefe86e000 	C:\Windows\System32\msvcrt.dll
0x00007ffefdae0000 - 0x00007ffefdb10000 	C:\Windows\System32\IMM32.DLL
0x00007ffecffd0000 - 0x00007ffed006d000 	C:\Program Files\Android\Android Studio\jre\bin\msvcp140.dll
0x00007ffebe620000 - 0x00007ffebf0ef000 	C:\Program Files\Android\Android Studio\jre\bin\server\jvm.dll
0x00007ffefd0e0000 - 0x00007ffefd18c000 	C:\Windows\System32\ADVAPI32.dll
0x00007ffefed70000 - 0x00007ffefee0b000 	C:\Windows\System32\sechost.dll
0x00007ffefd9b0000 - 0x00007ffefdada000 	C:\Windows\System32\RPCRT4.dll
0x00007ffefd930000 - 0x00007ffefd938000 	C:\Windows\System32\PSAPI.DLL
0x00007ffef8360000 - 0x00007ffef8369000 	C:\Windows\SYSTEM32\WSOCK32.dll
0x00007ffefeb60000 - 0x00007ffefebcb000 	C:\Windows\System32\WS2_32.dll
0x00007ffedf9f0000 - 0x00007ffedfa17000 	C:\Windows\SYSTEM32\WINMM.dll
0x00007ffef1bb0000 - 0x00007ffef1bba000 	C:\Windows\SYSTEM32\VERSION.dll
0x00007ffefa6d0000 - 0x00007ffefa6e2000 	C:\Windows\SYSTEM32\kernel.appcore.dll
0x00007ffeedfe0000 - 0x00007ffeedff1000 	C:\Program Files\Android\Android Studio\jre\bin\verify.dll
0x00007ffed8200000 - 0x00007ffed83e4000 	C:\Windows\SYSTEM32\DBGHELP.DLL
0x00007ffeda140000 - 0x00007ffeda16c000 	C:\Windows\SYSTEM32\dbgcore.DLL
0x00007ffefca80000 - 0x00007ffefcb03000 	C:\Windows\System32\bcryptPrimitives.dll
0x00007ffedefd0000 - 0x00007ffedeff9000 	C:\Program Files\Android\Android Studio\jre\bin\java.dll
0x00007ffef8350000 - 0x00007ffef835b000 	C:\Program Files\Android\Android Studio\jre\bin\jimage.dll
0x00007ffedb2c0000 - 0x00007ffedb2d8000 	C:\Program Files\Android\Android Studio\jre\bin\zip.dll
0x00007ffefe090000 - 0x00007ffefe7cf000 	C:\Windows\System32\SHELL32.dll
0x00007ffefa8d0000 - 0x00007ffefb060000 	C:\Windows\SYSTEM32\windows.storage.dll
0x00007ffefdc00000 - 0x00007ffefdf55000 	C:\Windows\System32\combase.dll
0x00007ffefc130000 - 0x00007ffefc15c000 	C:\Windows\SYSTEM32\Wldp.dll
0x00007ffefd7f0000 - 0x00007ffefd89d000 	C:\Windows\System32\SHCORE.dll
0x00007ffefecb0000 - 0x00007ffefed05000 	C:\Windows\System32\shlwapi.dll
0x00007ffefc6f0000 - 0x00007ffefc70f000 	C:\Windows\SYSTEM32\profapi.dll
0x00007ffed9de0000 - 0x00007ffed9dfa000 	C:\Program Files\Android\Android Studio\jre\bin\net.dll
0x00007ffef4490000 - 0x00007ffef4598000 	C:\Windows\SYSTEM32\WINHTTP.dll
0x00007ffefbe90000 - 0x00007ffefbefa000 	C:\Windows\system32\mswsock.dll
0x00007ffed99a0000 - 0x00007ffed99b4000 	C:\Program Files\Android\Android Studio\jre\bin\nio.dll
0x00007ffef16d0000 - 0x00007ffef16f7000 	C:\Users\MARIA TERESA\.gradle\native\8bec1ad78214c89d9ad589b4d07fe93259594b29d510b10fafb7a158f7737e5d\windows-amd64\native-platform.dll
0x00007ffecdc80000 - 0x00007ffecddbd000 	C:\Users\MARIA TERESA\.gradle\native\53dbd7edfb1c66fb8903c78663c9afc45aea4f116125fa6feffd364cf09443e8\windows-amd64\native-platform-file-events.dll
0x00007ffef3070000 - 0x00007ffef307a000 	C:\Program Files\Android\Android Studio\jre\bin\management.dll
0x00007ffef2d80000 - 0x00007ffef2d8c000 	C:\Program Files\Android\Android Studio\jre\bin\management_ext.dll
0x00007ffefc080000 - 0x00007ffefc098000 	C:\Windows\SYSTEM32\CRYPTSP.dll
0x00007ffefb810000 - 0x00007ffefb844000 	C:\Windows\system32\rsaenh.dll
0x00007ffefca00000 - 0x00007ffefca27000 	C:\Windows\System32\bcrypt.dll
0x00007ffefc6b0000 - 0x00007ffefc6de000 	C:\Windows\SYSTEM32\USERENV.dll
0x00007ffefc0a0000 - 0x00007ffefc0ac000 	C:\Windows\SYSTEM32\CRYPTBASE.dll
0x00007ffefbb80000 - 0x00007ffefbbbb000 	C:\Windows\SYSTEM32\IPHLPAPI.DLL
0x00007ffefd9a0000 - 0x00007ffefd9a8000 	C:\Windows\System32\NSI.dll
0x00007ffef6c00000 - 0x00007ffef6c17000 	C:\Windows\SYSTEM32\dhcpcsvc6.DLL
0x00007ffef6bc0000 - 0x00007ffef6bdd000 	C:\Windows\SYSTEM32\dhcpcsvc.DLL
0x00007ffefbbc0000 - 0x00007ffefbc8c000 	C:\Windows\SYSTEM32\DNSAPI.dll

dbghelp: loaded successfully - version: 4.0.5 - missing functions: none
symbol engine: initialized successfully - sym options: 0x614 - pdb path: .;C:\Program Files\Android\Android Studio\jre\bin;C:\Windows\SYSTEM32;C:\Windows\WinSxS\amd64_microsoft.windows.common-controls_6595b64144ccf1df_6.0.19041.1110_none_60b5254171f9507e;C:\Program Files\Android\Android Studio\jre\bin\server;C:\Users\MARIA TERESA\.gradle\native\8bec1ad78214c89d9ad589b4d07fe93259594b29d510b10fafb7a158f7737e5d\windows-amd64;C:\Users\MARIA TERESA\.gradle\native\53dbd7edfb1c66fb8903c78663c9afc45aea4f116125fa6feffd364cf09443e8\windows-amd64

VM Arguments:
jvm_args: --add-opens=java.base/java.util=ALL-UNNAMED --add-opens=java.base/java.lang=ALL-UNNAMED --add-opens=java.base/java.lang.invoke=ALL-UNNAMED --add-opens=java.base/java.util=ALL-UNNAMED --add-opens=java.prefs/java.util.prefs=ALL-UNNAMED --add-opens=java.prefs/java.util.prefs=ALL-UNNAMED --add-opens=java.base/java.nio.charset=ALL-UNNAMED --add-opens=java.base/java.net=ALL-UNNAMED --add-opens=java.base/java.util.concurrent.atomic=ALL-UNNAMED -Xmx2048m -Dfile.encoding=UTF-8 -Duser.country=CO -Duser.language=es -Duser.variant 
java_command: org.gradle.launcher.daemon.bootstrap.GradleDaemon 7.0.2
java_class_path (initial): C:\Users\MARIA TERESA\.gradle\wrapper\dists\gradle-7.0.2-bin\857tjihv64xamwrf0h14cai3r\gradle-7.0.2\lib\gradle-launcher-7.0.2.jar
Launcher Type: SUN_STANDARD

[Global flags]
     intx CICompilerCount                          = 3                                         {product} {ergonomic}
     uint ConcGCThreads                            = 1                                         {product} {ergonomic}
     uint G1ConcRefinementThreads                  = 4                                         {product} {ergonomic}
   size_t G1HeapRegionSize                         = 1048576                                   {product} {ergonomic}
    uintx GCDrainStackTargetSize                   = 64                                        {product} {ergonomic}
   size_t InitialHeapSize                          = 96468992                                  {product} {ergonomic}
   size_t MarkStackSize                            = 4194304                                   {product} {ergonomic}
   size_t MaxHeapSize                              = 2147483648                                {product} {command line}
   size_t MaxNewSize                               = 1287651328                                {product} {ergonomic}
   size_t MinHeapDeltaBytes                        = 1048576                                   {product} {ergonomic}
    uintx NonNMethodCodeHeapSize                   = 5830732                                {pd product} {ergonomic}
    uintx NonProfiledCodeHeapSize                  = 122913754                              {pd product} {ergonomic}
    uintx ProfiledCodeHeapSize                     = 122913754                              {pd product} {ergonomic}
    uintx ReservedCodeCacheSize                    = 251658240                              {pd product} {ergonomic}
     bool SegmentedCodeCache                       = true                                      {product} {ergonomic}
     bool UseCompressedClassPointers               = true                                 {lp64_product} {ergonomic}
     bool UseCompressedOops                        = true                                 {lp64_product} {ergonomic}
     bool UseG1GC                                  = true                                      {product} {ergonomic}
     bool UseLargePagesIndividualAllocation        = false                                  {pd product} {ergonomic}

Logging:
Log output configuration:
 #0: stdout all=warning uptime,level,tags
 #1: stderr all=off uptime,level,tags

Environment Variables:
PATH=C:\Program Files\Common Files\Oracle\Java\javapath;C:\Program Files\Microsoft MPI\Bin\;C:\Windows\system32;C:\Windows;C:\Windows\System32\Wbem;C:\Windows\System32\WindowsPowerShell\v1.0\;C:\Windows\System32\OpenSSH\;C:\Program Files\Azure Data Studio\bin;C:\Program Files (x86)\Microsoft SQL Server\150\Tools\Binn\;C:\Program Files\Microsoft SQL Server\150\Tools\Binn\;C:\Program Files (x86)\Microsoft SQL Server\150\DTS\Binn\;C:\Program Files\Microsoft SQL Server\150\DTS\Binn\;C:\Program Files\Microsoft SQL Server\Client SDK\ODBC\170\Tools\Binn\;C:\Program Files\dotnet\;C:\Program Files\Git\cmd;C:\Users\MARIA TERESA\AppData\Local\Microsoft\WindowsApps;;C:\Users\MARIA TERESA\AppData\Local\Programs\Microsoft VS Code\bin;C:\Program Files\Azure Data Studio\bin;C:\Users\MARIA TERESA\.dotnet\tools
USERNAME=MARIA TERESA
OS=Windows_NT
PROCESSOR_IDENTIFIER=Intel64 Family 6 Model 37 Stepping 2, GenuineIntel



---------------  S Y S T E M  ---------------

OS: Windows 10 , 64 bit Build 19041 (10.0.19041.1202)
OS uptime: 12 days 11:00 hours

CPU:total 4 (initial active 4) (2 cores per cpu, 2 threads per core) family 6 model 37 stepping 2 microcode 0x11, cmov, cx8, fxsr, mmx, sse, sse2, sse3, ssse3, sse4.1, sse4.2, popcnt, ht, tsc, tscinvbit

Memory: 4k page, system-wide physical 5879M (527M free)
TotalPageFile size 5879M (AvailPageFile size 44M)
current process WorkingSet (physical memory assigned to process): 758M, peak: 774M
current process commit charge ("private bytes"): 799M, peak: 867M

vm_info: OpenJDK 64-Bit Server VM (11.0.10+0-b96-7249189) for windows-amd64 JRE (11.0.10+0-b96-7249189), built on Mar 31 2021 21:44:00 by "builder" with MS VC++ 14.0 (VS2015)

END.
