#
# There is insufficient memory for the Java Runtime Environment to continue.
# Native memory allocation (malloc) failed to allocate 1139776 bytes for Chunk::new
# Possible reasons:
#   The system is out of physical RAM or swap space
#   The process is running with CompressedOops enabled, and the Java Heap may be blocking the growth of the native heap
# Possible solutions:
#   Reduce memory load on the system
#   Increase physical memory or swap space
#   Check if swap backing store is full
#   Decrease Java heap size (-Xmx/-Xms)
#   Decrease number of Java threads
#   Decrease Java thread stack sizes (-Xss)
#   Set larger code cache with -XX:ReservedCodeCacheSize=
#   JVM is running with Unscaled Compressed Oops mode in which the Java heap is
#     placed in the first 4GB address space. The Java Heap base address is the
#     maximum limit for the native heap growth. Please use -XX:HeapBaseMinAddress
#     to set the Java Heap base and to place the Java Heap above 4GB virtual address.
# This output file may be truncated or incomplete.
#
#  Out of Memory Error (./src/hotspot/share/memory/arena.cpp:197), pid=2628, tid=3088
#
# JRE version: OpenJDK Runtime Environment (11.0.10) (build 11.0.10+0-b96-7249189)
# Java VM: OpenJDK 64-Bit Server VM (11.0.10+0-b96-7249189, mixed mode, tiered, compressed oops, g1 gc, windows-amd64)
# No core dump will be written. Minidumps are not enabled by default on client versions of Windows
#

---------------  S U M M A R Y ------------

Command Line: --add-opens=java.base/java.util=ALL-UNNAMED --add-opens=java.base/java.lang=ALL-UNNAMED --add-opens=java.base/java.lang.invoke=ALL-UNNAMED --add-opens=java.base/java.util=ALL-UNNAMED --add-opens=java.prefs/java.util.prefs=ALL-UNNAMED --add-opens=java.prefs/java.util.prefs=ALL-UNNAMED --add-opens=java.base/java.nio.charset=ALL-UNNAMED --add-opens=java.base/java.net=ALL-UNNAMED --add-opens=java.base/java.util.concurrent.atomic=ALL-UNNAMED -Xmx2048m -Dfile.encoding=UTF-8 -Duser.country=CO -Duser.language=es -Duser.variant org.gradle.launcher.daemon.bootstrap.GradleDaemon 7.0.2

Host: Intel(R) Core(TM) i3 CPU         540  @ 3.07GHz, 4 cores, 5G,  Windows 10 , 64 bit Build 19041 (10.0.19041.1202)
Time: Fri Nov 12 09:28:31 2021 Hora est. Pacífico, Sudamérica elapsed time: 23.315988 seconds (0d 0h 0m 23s)

---------------  T H R E A D  ---------------

Current thread (0x0000029b5c46d000):  JavaThread "C2 CompilerThread1" daemon [_thread_in_native, id=3088, stack(0x000000f1b0a00000,0x000000f1b0b00000)]


Current CompileTask:
C2:  23316 6665 %     4       org.gradle.internal.instantiation.generator.AbstractClassGenerator::inspectType @ 207 (560 bytes)

Stack: [0x000000f1b0a00000,0x000000f1b0b00000]
Native frames: (J=compiled Java code, j=interpreted, Vv=VM code, C=native code)
V  [jvm.dll+0x5ecfaa]
V  [jvm.dll+0x722bd5]
V  [jvm.dll+0x72412d]
V  [jvm.dll+0x7247e3]
V  [jvm.dll+0x242928]
V  [jvm.dll+0xbc4fc]
V  [jvm.dll+0xbca0c]
V  [jvm.dll+0x2b4fd4]
V  [jvm.dll+0x506028]
V  [jvm.dll+0x1fcbde]
V  [jvm.dll+0x1fa77f]
V  [jvm.dll+0x18354c]
V  [jvm.dll+0x208ee7]
V  [jvm.dll+0x207731]
V  [jvm.dll+0x6eb1cf]
V  [jvm.dll+0x6e3d45]
V  [jvm.dll+0x5ebe96]
C  [ucrtbase.dll+0x21bb2]
C  [KERNEL32.DLL+0x17034]
C  [ntdll.dll+0x52651]


---------------  P R O C E S S  ---------------

Threads class SMR info:
_java_thread_list=0x0000029b5d01a1c0, length=43, elements={
0x0000029b3f28d800, 0x0000029b58e63800, 0x0000029b58e6a000, 0x0000029b59812800,
0x0000029b59813800, 0x0000029b58e6c000, 0x0000029b58e75000, 0x0000029b58e79000,
0x0000029b58e87000, 0x0000029b59943000, 0x0000029b5abd5000, 0x0000029b5c1d8000,
0x0000029b5b7d8000, 0x0000029b5c09f000, 0x0000029b5c0a2000, 0x0000029b59972800,
0x0000029b5a9e0000, 0x0000029b5bc34000, 0x0000029b5b996000, 0x0000029b5bc52800,
0x0000029b5bc4f800, 0x0000029b5bc53800, 0x0000029b5bc50000, 0x0000029b5bc4e800,
0x0000029b5bc4d800, 0x0000029b5bc52000, 0x0000029b5bc51000, 0x0000029b5bc54800,
0x0000029b5c465800, 0x0000029b5c461800, 0x0000029b5c464000, 0x0000029b5c460800,
0x0000029b5c464800, 0x0000029b5c462000, 0x0000029b5c467000, 0x0000029b5c469000,
0x0000029b5c469800, 0x0000029b5c46a800, 0x0000029b5c46b000, 0x0000029b5c46c000,
0x0000029b5c466800, 0x0000029b5c46e800, 0x0000029b5c46d000
}

Java Threads: ( => current thread )
  0x0000029b3f28d800 JavaThread "main" [_thread_blocked, id=544, stack(0x000000f1ae900000,0x000000f1aea00000)]
  0x0000029b58e63800 JavaThread "Reference Handler" daemon [_thread_blocked, id=996, stack(0x000000f1af000000,0x000000f1af100000)]
  0x0000029b58e6a000 JavaThread "Finalizer" daemon [_thread_blocked, id=9024, stack(0x000000f1af100000,0x000000f1af200000)]
  0x0000029b59812800 JavaThread "Signal Dispatcher" daemon [_thread_blocked, id=3284, stack(0x000000f1af200000,0x000000f1af300000)]
  0x0000029b59813800 JavaThread "Attach Listener" daemon [_thread_blocked, id=8720, stack(0x000000f1af300000,0x000000f1af400000)]
  0x0000029b58e6c000 JavaThread "Service Thread" daemon [_thread_blocked, id=7248, stack(0x000000f1af400000,0x000000f1af500000)]
  0x0000029b58e75000 JavaThread "C2 CompilerThread0" daemon [_thread_in_native, id=10788, stack(0x000000f1af500000,0x000000f1af600000)]
  0x0000029b58e79000 JavaThread "C1 CompilerThread0" daemon [_thread_blocked, id=2000, stack(0x000000f1af600000,0x000000f1af700000)]
  0x0000029b58e87000 JavaThread "Sweeper thread" daemon [_thread_blocked, id=10944, stack(0x000000f1af700000,0x000000f1af800000)]
  0x0000029b59943000 JavaThread "Common-Cleaner" daemon [_thread_blocked, id=5244, stack(0x000000f1af800000,0x000000f1af900000)]
  0x0000029b5abd5000 JavaThread "Daemon health stats" [_thread_blocked, id=10892, stack(0x000000f1afc00000,0x000000f1afd00000)]
  0x0000029b5c1d8000 JavaThread "Incoming local TCP Connector on port 56915" [_thread_in_native, id=2620, stack(0x000000f1afd00000,0x000000f1afe00000)]
  0x0000029b5b7d8000 JavaThread "Daemon" [_thread_blocked, id=9724, stack(0x000000f1afe00000,0x000000f1aff00000)]
  0x0000029b5c09f000 JavaThread "Daemon periodic checks" [_thread_blocked, id=4104, stack(0x000000f1aff00000,0x000000f1b0000000)]
  0x0000029b5c0a2000 JavaThread "Handler for socket connection from /127.0.0.1:56915 to /127.0.0.1:56916" [_thread_in_native, id=5416, stack(0x000000f1b0000000,0x000000f1b0100000)]
  0x0000029b59972800 JavaThread "Cancel handler" [_thread_blocked, id=6056, stack(0x000000f1afa00000,0x000000f1afb00000)]
  0x0000029b5a9e0000 JavaThread "Daemon worker" [_thread_in_native, id=2396, stack(0x000000f1b0300000,0x000000f1b0400000)]
  0x0000029b5bc34000 JavaThread "Asynchronous log dispatcher for DefaultDaemonConnection: socket connection from /127.0.0.1:56915 to /127.0.0.1:56916" [_thread_blocked, id=6148, stack(0x000000f1b0400000,0x000000f1b0500000)]
  0x0000029b5b996000 JavaThread "Stdin handler" [_thread_blocked, id=1364, stack(0x000000f1b0500000,0x000000f1b0600000)]
  0x0000029b5bc52800 JavaThread "Daemon client event forwarder" [_thread_blocked, id=4472, stack(0x000000f1b0600000,0x000000f1b0700000)]
  0x0000029b5bc4f800 JavaThread "Cache worker for file hash cache (C:\Users\MARIA TERESA\.gradle\caches\7.0.2\fileHashes)" [_thread_blocked, id=9664, stack(0x000000f1b0700000,0x000000f1b0800000)]
  0x0000029b5bc53800 JavaThread "File lock request listener" [_thread_in_native, id=1852, stack(0x000000f1b0800000,0x000000f1b0900000)]
  0x0000029b5bc50000 JavaThread "Cache worker for journal cache (C:\Users\MARIA TERESA\.gradle\caches\journal-1)" [_thread_blocked, id=8748, stack(0x000000f1b0900000,0x000000f1b0a00000)]
  0x0000029b5bc4e800 JavaThread "Cache worker for file hash cache (G:\DOWNLOADS\androidstudioprojects\.gradle\7.0.2\fileHashes)" [_thread_blocked, id=564, stack(0x000000f1b0b00000,0x000000f1b0c00000)]
  0x0000029b5bc4d800 JavaThread "File watcher server" daemon [_thread_in_native, id=8796, stack(0x000000f1b0c00000,0x000000f1b0d00000)]
  0x0000029b5bc52000 JavaThread "File watcher consumer" daemon [_thread_blocked, id=9296, stack(0x000000f1b0d00000,0x000000f1b0e00000)]
  0x0000029b5bc51000 JavaThread "Cache worker for checksums cache (G:\DOWNLOADS\androidstudioprojects\.gradle\checksums)" [_thread_blocked, id=8292, stack(0x000000f1b0e00000,0x000000f1b0f00000)]
  0x0000029b5bc54800 JavaThread "Cache worker for cache directory md-supplier (C:\Users\MARIA TERESA\.gradle\caches\7.0.2\md-supplier)" [_thread_blocked, id=5776, stack(0x000000f1b0f00000,0x000000f1b1000000)]
  0x0000029b5c465800 JavaThread "Cache worker for cache directory md-rule (C:\Users\MARIA TERESA\.gradle\caches\7.0.2\md-rule)" [_thread_blocked, id=9424, stack(0x000000f1b1000000,0x000000f1b1100000)]
  0x0000029b5c461800 JavaThread "Cache worker for execution history cache (C:\Users\MARIA TERESA\.gradle\caches\7.0.2\executionHistory)" [_thread_blocked, id=2912, stack(0x000000f1b1100000,0x000000f1b1200000)]
  0x0000029b5c464000 JavaThread "jar transforms" [_thread_blocked, id=5748, stack(0x000000f1b1200000,0x000000f1b1300000)]
  0x0000029b5c460800 JavaThread "jar transforms Thread 2" [_thread_blocked, id=10440, stack(0x000000f1b1300000,0x000000f1b1400000)]
  0x0000029b5c464800 JavaThread "Cache worker for file content cache (C:\Users\MARIA TERESA\.gradle\caches\7.0.2\fileContent)" [_thread_blocked, id=10880, stack(0x000000f1b1400000,0x000000f1b1500000)]
  0x0000029b5c462000 JavaThread "Cache worker for dependencies-accessors (G:\DOWNLOADS\androidstudioprojects\.gradle\7.0.2\dependencies-accessors)" [_thread_blocked, id=8140, stack(0x000000f1b1500000,0x000000f1b1600000)]
  0x0000029b5c467000 JavaThread "jar transforms Thread 3" [_thread_blocked, id=2340, stack(0x000000f1b1600000,0x000000f1b1700000)]
  0x0000029b5c469000 JavaThread "Cache worker for Build Output Cleanup Cache (G:\DOWNLOADS\androidstudioprojects\.gradle\buildOutputCleanup)" [_thread_blocked, id=6388, stack(0x000000f1b1700000,0x000000f1b1800000)]
  0x0000029b5c469800 JavaThread "Build operations" [_thread_blocked, id=9136, stack(0x000000f1b1800000,0x000000f1b1900000)]
  0x0000029b5c46a800 JavaThread "Build operations Thread 2" [_thread_blocked, id=10876, stack(0x000000f1b1900000,0x000000f1b1a00000)]
  0x0000029b5c46b000 JavaThread "Build operations Thread 3" [_thread_blocked, id=8560, stack(0x000000f1b1a00000,0x000000f1b1b00000)]
  0x0000029b5c46c000 JavaThread "Build operations Thread 4" [_thread_blocked, id=4628, stack(0x000000f1b1b00000,0x000000f1b1c00000)]
  0x0000029b5c466800 JavaThread "jar transforms Thread 4" [_thread_blocked, id=9816, stack(0x000000f1b1c00000,0x000000f1b1d00000)]
  0x0000029b5c46e800 JavaThread "Memory manager" [_thread_blocked, id=6516, stack(0x000000f1b1d00000,0x000000f1b1e00000)]
=>0x0000029b5c46d000 JavaThread "C2 CompilerThread1" daemon [_thread_in_native, id=3088, stack(0x000000f1b0a00000,0x000000f1b0b00000)]

Other Threads:
  0x0000029b58e3b000 VMThread "VM Thread" [stack: 0x000000f1aef00000,0x000000f1af000000] [id=9040]
  0x0000029b59969000 WatcherThread [stack: 0x000000f1af900000,0x000000f1afa00000] [id=4196]
  0x0000029b3f2a6000 GCTaskThread "GC Thread#0" [stack: 0x000000f1aea00000,0x000000f1aeb00000] [id=1388]
  0x0000029b59868800 GCTaskThread "GC Thread#1" [stack: 0x000000f1afb00000,0x000000f1afc00000] [id=10480]
  0x0000029b5986d800 GCTaskThread "GC Thread#2" [stack: 0x000000f1b0100000,0x000000f1b0200000] [id=2360]
  0x0000029b5986c000 GCTaskThread "GC Thread#3" [stack: 0x000000f1b0200000,0x000000f1b0300000] [id=540]
  0x0000029b3f2d6000 ConcurrentGCThread "G1 Main Marker" [stack: 0x000000f1aeb00000,0x000000f1aec00000] [id=7696]
  0x0000029b3f2da000 ConcurrentGCThread "G1 Conc#0" [stack: 0x000000f1aec00000,0x000000f1aed00000] [id=1096]
  0x0000029b3f33b000 ConcurrentGCThread "G1 Refine#0" [stack: 0x000000f1aed00000,0x000000f1aee00000] [id=2552]
  0x0000029b3f33c000 ConcurrentGCThread "G1 Young RemSet Sampling" [stack: 0x000000f1aee00000,0x000000f1aef00000] [id=5228]

Threads with active compile tasks:
C2 CompilerThread0  23354 6667       4       org.objectweb.asm.Frame::merge (395 bytes)
C2 CompilerThread1  23354 6665 %     4       org.gradle.internal.instantiation.generator.AbstractClassGenerator::inspectType @ 207 (560 bytes)

VM state:not at safepoint (normal execution)

VM Mutex/Monitor currently owned by a thread: None

Heap address: 0x0000000080000000, size: 2048 MB, Compressed Oops mode: 32-bit
Narrow klass base: 0x0000000000000000, Narrow klass shift: 3
Compressed class space size: 1073741824 Address: 0x0000000100000000

Heap:
 garbage-first heap   total 137216K, used 60036K [0x0000000080000000, 0x0000000100000000)
  region size 1024K, 8 young (8192K), 6 survivors (6144K)
 Metaspace       used 67996K, capacity 69541K, committed 69760K, reserved 1116160K
  class space    used 8638K, capacity 9247K, committed 9344K, reserved 1048576K
Heap Regions: E=young(eden), S=young(survivor), O=old, HS=humongous(starts), HC=humongous(continues), CS=collection set, F=free, A=archive, TAMS=top-at-mark-start (previous, next)
|   0|0x0000000080000000, 0x0000000080100000, 0x0000000080100000|100%|HS|  |TAMS 0x0000000080100000, 0x0000000080100000| Complete 
|   1|0x0000000080100000, 0x0000000080200000, 0x0000000080200000|100%|HC|  |TAMS 0x0000000080200000, 0x0000000080200000| Complete 
|   2|0x0000000080200000, 0x0000000080300000, 0x0000000080300000|100%|HC|  |TAMS 0x0000000080300000, 0x0000000080300000| Complete 
|   3|0x0000000080300000, 0x0000000080400000, 0x0000000080400000|100%| O|  |TAMS 0x0000000080400000, 0x0000000080400000| Untracked 
|   4|0x0000000080400000, 0x0000000080500000, 0x0000000080500000|100%| O|  |TAMS 0x0000000080500000, 0x0000000080500000| Untracked 
|   5|0x0000000080500000, 0x0000000080600000, 0x0000000080600000|100%| O|  |TAMS 0x0000000080600000, 0x0000000080600000| Untracked 
|   6|0x0000000080600000, 0x0000000080700000, 0x0000000080700000|100%| O|  |TAMS 0x0000000080700000, 0x0000000080700000| Untracked 
|   7|0x0000000080700000, 0x0000000080800000, 0x0000000080800000|100%| O|  |TAMS 0x0000000080800000, 0x0000000080800000| Untracked 
|   8|0x0000000080800000, 0x0000000080900000, 0x0000000080900000|100%| O|  |TAMS 0x0000000080900000, 0x0000000080900000| Untracked 
|   9|0x0000000080900000, 0x0000000080a00000, 0x0000000080a00000|100%| O|  |TAMS 0x0000000080a00000, 0x0000000080a00000| Untracked 
|  10|0x0000000080a00000, 0x0000000080b00000, 0x0000000080b00000|100%| O|  |TAMS 0x0000000080b00000, 0x0000000080b00000| Untracked 
|  11|0x0000000080b00000, 0x0000000080c00000, 0x0000000080c00000|100%| O|  |TAMS 0x0000000080c00000, 0x0000000080c00000| Untracked 
|  12|0x0000000080c00000, 0x0000000080d00000, 0x0000000080d00000|100%| O|  |TAMS 0x0000000080d00000, 0x0000000080d00000| Untracked 
|  13|0x0000000080d00000, 0x0000000080e00000, 0x0000000080e00000|100%| O|  |TAMS 0x0000000080e00000, 0x0000000080e00000| Untracked 
|  14|0x0000000080e00000, 0x0000000080f00000, 0x0000000080f00000|100%| O|  |TAMS 0x0000000080f00000, 0x0000000080f00000| Untracked 
|  15|0x0000000080f00000, 0x0000000081000000, 0x0000000081000000|100%| O|  |TAMS 0x0000000081000000, 0x0000000081000000| Untracked 
|  16|0x0000000081000000, 0x0000000081100000, 0x0000000081100000|100%| O|  |TAMS 0x0000000081100000, 0x0000000081100000| Untracked 
|  17|0x0000000081100000, 0x0000000081200000, 0x0000000081200000|100%| O|  |TAMS 0x0000000081200000, 0x0000000081200000| Untracked 
|  18|0x0000000081200000, 0x0000000081300000, 0x0000000081300000|100%| O|  |TAMS 0x0000000081300000, 0x0000000081300000| Untracked 
|  19|0x0000000081300000, 0x0000000081400000, 0x0000000081400000|100%| O|  |TAMS 0x0000000081400000, 0x0000000081400000| Untracked 
|  20|0x0000000081400000, 0x0000000081500000, 0x0000000081500000|100%| O|  |TAMS 0x0000000081500000, 0x0000000081500000| Untracked 
|  21|0x0000000081500000, 0x0000000081600000, 0x0000000081600000|100%| O|  |TAMS 0x0000000081600000, 0x0000000081600000| Untracked 
|  22|0x0000000081600000, 0x0000000081700000, 0x0000000081700000|100%| O|  |TAMS 0x0000000081700000, 0x0000000081700000| Untracked 
|  23|0x0000000081700000, 0x0000000081800000, 0x0000000081800000|100%| O|  |TAMS 0x0000000081800000, 0x0000000081800000| Untracked 
|  24|0x0000000081800000, 0x0000000081900000, 0x0000000081900000|100%| O|  |TAMS 0x0000000081900000, 0x0000000081900000| Untracked 
|  25|0x0000000081900000, 0x0000000081a00000, 0x0000000081a00000|100%|HS|  |TAMS 0x0000000081a00000, 0x0000000081a00000| Complete 
|  26|0x0000000081a00000, 0x0000000081b00000, 0x0000000081b00000|100%|HS|  |TAMS 0x0000000081b00000, 0x0000000081b00000| Complete 
|  27|0x0000000081b00000, 0x0000000081c00000, 0x0000000081c00000|100%|HS|  |TAMS 0x0000000081c00000, 0x0000000081c00000| Complete 
|  28|0x0000000081c00000, 0x0000000081d00000, 0x0000000081d00000|100%|HS|  |TAMS 0x0000000081d00000, 0x0000000081d00000| Complete 
|  29|0x0000000081d00000, 0x0000000081e00000, 0x0000000081e00000|100%|HC|  |TAMS 0x0000000081e00000, 0x0000000081e00000| Complete 
|  30|0x0000000081e00000, 0x0000000081f00000, 0x0000000081f00000|100%|HC|  |TAMS 0x0000000081f00000, 0x0000000081f00000| Complete 
|  31|0x0000000081f00000, 0x0000000082000000, 0x0000000082000000|100%|HS|  |TAMS 0x0000000082000000, 0x0000000082000000| Complete 
|  32|0x0000000082000000, 0x0000000082100000, 0x0000000082100000|100%|HC|  |TAMS 0x0000000082100000, 0x0000000082100000| Complete 
|  33|0x0000000082100000, 0x0000000082200000, 0x0000000082200000|100%| O|  |TAMS 0x0000000082200000, 0x0000000082200000| Untracked 
|  34|0x0000000082200000, 0x0000000082300000, 0x0000000082300000|100%| O|  |TAMS 0x0000000082300000, 0x0000000082300000| Untracked 
|  35|0x0000000082300000, 0x0000000082400000, 0x0000000082400000|100%| O|  |TAMS 0x0000000082400000, 0x0000000082400000| Untracked 
|  36|0x0000000082400000, 0x0000000082500000, 0x0000000082500000|100%| O|  |TAMS 0x0000000082500000, 0x0000000082500000| Untracked 
|  37|0x0000000082500000, 0x0000000082600000, 0x0000000082600000|100%| O|  |TAMS 0x0000000082600000, 0x0000000082600000| Untracked 
|  38|0x0000000082600000, 0x0000000082700000, 0x0000000082700000|100%| O|  |TAMS 0x0000000082700000, 0x0000000082700000| Untracked 
|  39|0x0000000082700000, 0x0000000082800000, 0x0000000082800000|100%| O|  |TAMS 0x0000000082800000, 0x0000000082800000| Untracked 
|  40|0x0000000082800000, 0x0000000082900000, 0x0000000082900000|100%| O|  |TAMS 0x0000000082900000, 0x0000000082900000| Untracked 
|  41|0x0000000082900000, 0x0000000082a00000, 0x0000000082a00000|100%| O|  |TAMS 0x0000000082a00000, 0x0000000082a00000| Untracked 
|  42|0x0000000082a00000, 0x0000000082b00000, 0x0000000082b00000|100%| O|  |TAMS 0x0000000082b00000, 0x0000000082b00000| Untracked 
|  43|0x0000000082b00000, 0x0000000082c00000, 0x0000000082c00000|100%| O|  |TAMS 0x0000000082c00000, 0x0000000082c00000| Untracked 
|  44|0x0000000082c00000, 0x0000000082d00000, 0x0000000082d00000|100%| O|  |TAMS 0x0000000082d00000, 0x0000000082d00000| Untracked 
|  45|0x0000000082d00000, 0x0000000082e00000, 0x0000000082e00000|100%| O|  |TAMS 0x0000000082e00000, 0x0000000082e00000| Untracked 
|  46|0x0000000082e00000, 0x0000000082f00000, 0x0000000082f00000|100%| O|  |TAMS 0x0000000082e71000, 0x0000000082f00000| Untracked 
|  47|0x0000000082f00000, 0x0000000082f00000, 0x0000000083000000|  0%| F|  |TAMS 0x0000000082f00000, 0x0000000082f00000| Untracked 
|  48|0x0000000083000000, 0x0000000083100000, 0x0000000083100000|100%| O|  |TAMS 0x0000000083000000, 0x0000000083100000| Untracked 
|  49|0x0000000083100000, 0x0000000083200000, 0x0000000083200000|100%| O|  |TAMS 0x0000000083100000, 0x0000000083200000| Untracked 
|  50|0x0000000083200000, 0x0000000083300000, 0x0000000083300000|100%| O|  |TAMS 0x0000000083200000, 0x0000000083300000| Untracked 
|  51|0x0000000083300000, 0x0000000083400000, 0x0000000083400000|100%| O|  |TAMS 0x0000000083300000, 0x0000000083400000| Untracked 
|  52|0x0000000083400000, 0x0000000083500000, 0x0000000083500000|100%| O|  |TAMS 0x0000000083400000, 0x0000000083500000| Untracked 
|  53|0x0000000083500000, 0x0000000083511800, 0x0000000083600000|  6%| O|  |TAMS 0x0000000083500000, 0x0000000083511800| Untracked 
|  54|0x0000000083600000, 0x0000000083600000, 0x0000000083700000|  0%| F|  |TAMS 0x0000000083600000, 0x0000000083600000| Untracked 
|  55|0x0000000083700000, 0x0000000083700000, 0x0000000083800000|  0%| F|  |TAMS 0x0000000083700000, 0x0000000083700000| Untracked 
|  56|0x0000000083800000, 0x0000000083800000, 0x0000000083900000|  0%| F|  |TAMS 0x0000000083800000, 0x0000000083800000| Untracked 
|  57|0x0000000083900000, 0x0000000083900000, 0x0000000083a00000|  0%| F|  |TAMS 0x0000000083900000, 0x0000000083900000| Untracked 
|  58|0x0000000083a00000, 0x0000000083a00000, 0x0000000083b00000|  0%| F|  |TAMS 0x0000000083a00000, 0x0000000083a00000| Untracked 
|  59|0x0000000083b00000, 0x0000000083b00000, 0x0000000083c00000|  0%| F|  |TAMS 0x0000000083b00000, 0x0000000083b00000| Untracked 
|  60|0x0000000083c00000, 0x0000000083c00000, 0x0000000083d00000|  0%| F|  |TAMS 0x0000000083c00000, 0x0000000083c00000| Untracked 
|  61|0x0000000083d00000, 0x0000000083d00000, 0x0000000083e00000|  0%| F|  |TAMS 0x0000000083d00000, 0x0000000083d00000| Untracked 
|  62|0x0000000083e00000, 0x0000000083e00000, 0x0000000083f00000|  0%| F|  |TAMS 0x0000000083e00000, 0x0000000083e00000| Untracked 
|  63|0x0000000083f00000, 0x0000000083f00000, 0x0000000084000000|  0%| F|  |TAMS 0x0000000083f00000, 0x0000000083f00000| Untracked 
|  64|0x0000000084000000, 0x0000000084000000, 0x0000000084100000|  0%| F|  |TAMS 0x0000000084000000, 0x0000000084000000| Untracked 
|  65|0x0000000084100000, 0x0000000084100000, 0x0000000084200000|  0%| F|  |TAMS 0x0000000084100000, 0x0000000084100000| Untracked 
|  66|0x0000000084200000, 0x0000000084200000, 0x0000000084300000|  0%| F|  |TAMS 0x0000000084200000, 0x0000000084200000| Untracked 
|  67|0x0000000084300000, 0x0000000084300000, 0x0000000084400000|  0%| F|  |TAMS 0x0000000084300000, 0x0000000084300000| Untracked 
|  68|0x0000000084400000, 0x0000000084400000, 0x0000000084500000|  0%| F|  |TAMS 0x0000000084400000, 0x0000000084400000| Untracked 
|  69|0x0000000084500000, 0x0000000084500000, 0x0000000084600000|  0%| F|  |TAMS 0x0000000084500000, 0x0000000084500000| Untracked 
|  70|0x0000000084600000, 0x0000000084600000, 0x0000000084700000|  0%| F|  |TAMS 0x0000000084600000, 0x0000000084600000| Untracked 
|  71|0x0000000084700000, 0x0000000084700000, 0x0000000084800000|  0%| F|  |TAMS 0x0000000084700000, 0x0000000084700000| Untracked 
|  72|0x0000000084800000, 0x0000000084800000, 0x0000000084900000|  0%| F|  |TAMS 0x0000000084800000, 0x0000000084800000| Untracked 
|  73|0x0000000084900000, 0x0000000084900000, 0x0000000084a00000|  0%| F|  |TAMS 0x0000000084900000, 0x0000000084900000| Untracked 
|  74|0x0000000084a00000, 0x0000000084a00000, 0x0000000084b00000|  0%| F|  |TAMS 0x0000000084a00000, 0x0000000084a00000| Untracked 
|  75|0x0000000084b00000, 0x0000000084b00000, 0x0000000084c00000|  0%| F|  |TAMS 0x0000000084b00000, 0x0000000084b00000| Untracked 
|  76|0x0000000084c00000, 0x0000000084c00000, 0x0000000084d00000|  0%| F|  |TAMS 0x0000000084c00000, 0x0000000084c00000| Untracked 
|  77|0x0000000084d00000, 0x0000000084d00000, 0x0000000084e00000|  0%| F|  |TAMS 0x0000000084d00000, 0x0000000084d00000| Untracked 
|  78|0x0000000084e00000, 0x0000000084e00000, 0x0000000084f00000|  0%| F|  |TAMS 0x0000000084e00000, 0x0000000084e00000| Untracked 
|  79|0x0000000084f00000, 0x0000000084f00000, 0x0000000085000000|  0%| F|  |TAMS 0x0000000084f00000, 0x0000000084f00000| Untracked 
|  80|0x0000000085000000, 0x0000000085000000, 0x0000000085100000|  0%| F|  |TAMS 0x0000000085000000, 0x0000000085000000| Untracked 
|  81|0x0000000085100000, 0x0000000085100000, 0x0000000085200000|  0%| F|  |TAMS 0x0000000085100000, 0x0000000085100000| Untracked 
|  82|0x0000000085200000, 0x0000000085200000, 0x0000000085300000|  0%| F|  |TAMS 0x0000000085200000, 0x0000000085200000| Untracked 
|  83|0x0000000085300000, 0x0000000085300000, 0x0000000085400000|  0%| F|  |TAMS 0x0000000085300000, 0x0000000085300000| Untracked 
|  84|0x0000000085400000, 0x0000000085400000, 0x0000000085500000|  0%| F|  |TAMS 0x0000000085400000, 0x0000000085400000| Untracked 
|  85|0x0000000085500000, 0x0000000085500000, 0x0000000085600000|  0%| F|  |TAMS 0x0000000085500000, 0x0000000085500000| Untracked 
|  86|0x0000000085600000, 0x0000000085600000, 0x0000000085700000|  0%| F|  |TAMS 0x0000000085600000, 0x0000000085600000| Untracked 
|  87|0x0000000085700000, 0x0000000085700000, 0x0000000085800000|  0%| F|  |TAMS 0x0000000085700000, 0x0000000085700000| Untracked 
|  88|0x0000000085800000, 0x0000000085800000, 0x0000000085900000|  0%| F|  |TAMS 0x0000000085800000, 0x0000000085800000| Untracked 
|  89|0x0000000085900000, 0x0000000085900000, 0x0000000085a00000|  0%| F|  |TAMS 0x0000000085900000, 0x0000000085900000| Untracked 
|  90|0x0000000085a00000, 0x0000000085a00000, 0x0000000085b00000|  0%| F|  |TAMS 0x0000000085a00000, 0x0000000085a00000| Untracked 
|  91|0x0000000085b00000, 0x0000000085b00000, 0x0000000085c00000|  0%| F|  |TAMS 0x0000000085b00000, 0x0000000085b00000| Untracked 
|  92|0x0000000085c00000, 0x0000000085c00000, 0x0000000085d00000|  0%| F|  |TAMS 0x0000000085c00000, 0x0000000085c00000| Untracked 
|  93|0x0000000085d00000, 0x0000000085d8fb40, 0x0000000085e00000| 56%| S|CS|TAMS 0x0000000085d00000, 0x0000000085d00000| Complete 
|  94|0x0000000085e00000, 0x0000000085f00000, 0x0000000085f00000|100%| S|CS|TAMS 0x0000000085e00000, 0x0000000085e00000| Complete 
|  95|0x0000000085f00000, 0x0000000086000000, 0x0000000086000000|100%| S|CS|TAMS 0x0000000085f00000, 0x0000000085f00000| Complete 
|  96|0x0000000086000000, 0x0000000086100000, 0x0000000086100000|100%| S|CS|TAMS 0x0000000086000000, 0x0000000086000000| Complete 
|  97|0x0000000086100000, 0x0000000086200000, 0x0000000086200000|100%| S|CS|TAMS 0x0000000086100000, 0x0000000086100000| Complete 
|  98|0x0000000086200000, 0x0000000086300000, 0x0000000086300000|100%| S|CS|TAMS 0x0000000086200000, 0x0000000086200000| Complete 
|  99|0x0000000086300000, 0x0000000086300000, 0x0000000086400000|  0%| F|  |TAMS 0x0000000086300000, 0x0000000086300000| Untracked 
| 100|0x0000000086400000, 0x0000000086400000, 0x0000000086500000|  0%| F|  |TAMS 0x0000000086400000, 0x0000000086400000| Untracked 
| 101|0x0000000086500000, 0x0000000086500000, 0x0000000086600000|  0%| F|  |TAMS 0x0000000086500000, 0x0000000086500000| Untracked 
| 102|0x0000000086600000, 0x0000000086600000, 0x0000000086700000|  0%| F|  |TAMS 0x0000000086600000, 0x0000000086600000| Untracked 
| 103|0x0000000086700000, 0x0000000086700000, 0x0000000086800000|  0%| F|  |TAMS 0x0000000086700000, 0x0000000086700000| Untracked 
| 104|0x0000000086800000, 0x0000000086800000, 0x0000000086900000|  0%| F|  |TAMS 0x0000000086800000, 0x0000000086800000| Untracked 
| 105|0x0000000086900000, 0x0000000086900000, 0x0000000086a00000|  0%| F|  |TAMS 0x0000000086900000, 0x0000000086900000| Untracked 
| 106|0x0000000086a00000, 0x0000000086a00000, 0x0000000086b00000|  0%| F|  |TAMS 0x0000000086a00000, 0x0000000086a00000| Untracked 
| 107|0x0000000086b00000, 0x0000000086b00000, 0x0000000086c00000|  0%| F|  |TAMS 0x0000000086b00000, 0x0000000086b00000| Untracked 
| 108|0x0000000086c00000, 0x0000000086c00000, 0x0000000086d00000|  0%| F|  |TAMS 0x0000000086c00000, 0x0000000086c00000| Untracked 
| 109|0x0000000086d00000, 0x0000000086d00000, 0x0000000086e00000|  0%| F|  |TAMS 0x0000000086d00000, 0x0000000086d00000| Untracked 
| 110|0x0000000086e00000, 0x0000000086e00000, 0x0000000086f00000|  0%| F|  |TAMS 0x0000000086e00000, 0x0000000086e00000| Untracked 
| 111|0x0000000086f00000, 0x0000000086f00000, 0x0000000087000000|  0%| F|  |TAMS 0x0000000086f00000, 0x0000000086f00000| Untracked 
| 112|0x0000000087000000, 0x0000000087000000, 0x0000000087100000|  0%| F|  |TAMS 0x0000000087000000, 0x0000000087000000| Untracked 
| 113|0x0000000087100000, 0x0000000087100000, 0x0000000087200000|  0%| F|  |TAMS 0x0000000087100000, 0x0000000087100000| Untracked 
| 114|0x0000000087200000, 0x0000000087200000, 0x0000000087300000|  0%| F|  |TAMS 0x0000000087200000, 0x0000000087200000| Untracked 
| 115|0x0000000087300000, 0x0000000087300000, 0x0000000087400000|  0%| F|  |TAMS 0x0000000087300000, 0x0000000087300000| Untracked 
| 116|0x0000000087400000, 0x0000000087400000, 0x0000000087500000|  0%| F|  |TAMS 0x0000000087400000, 0x0000000087400000| Untracked 
| 117|0x0000000087500000, 0x0000000087500000, 0x0000000087600000|  0%| F|  |TAMS 0x0000000087500000, 0x0000000087500000| Untracked 
| 118|0x0000000087600000, 0x0000000087600000, 0x0000000087700000|  0%| F|  |TAMS 0x0000000087600000, 0x0000000087600000| Untracked 
| 119|0x0000000087700000, 0x0000000087700000, 0x0000000087800000|  0%| F|  |TAMS 0x0000000087700000, 0x0000000087700000| Untracked 
| 120|0x0000000087800000, 0x0000000087800000, 0x0000000087900000|  0%| F|  |TAMS 0x0000000087800000, 0x0000000087800000| Untracked 
| 121|0x0000000087900000, 0x0000000087900000, 0x0000000087a00000|  0%| F|  |TAMS 0x0000000087900000, 0x0000000087900000| Untracked 
| 122|0x0000000087a00000, 0x0000000087a00000, 0x0000000087b00000|  0%| F|  |TAMS 0x0000000087a00000, 0x0000000087a00000| Untracked 
| 123|0x0000000087b00000, 0x0000000087b00000, 0x0000000087c00000|  0%| F|  |TAMS 0x0000000087b00000, 0x0000000087b00000| Untracked 
| 124|0x0000000087c00000, 0x0000000087c00000, 0x0000000087d00000|  0%| F|  |TAMS 0x0000000087c00000, 0x0000000087c00000| Untracked 
| 125|0x0000000087d00000, 0x0000000087d00000, 0x0000000087e00000|  0%| F|  |TAMS 0x0000000087d00000, 0x0000000087d00000| Untracked 
| 126|0x0000000087e00000, 0x0000000087e00000, 0x0000000087f00000|  0%| F|  |TAMS 0x0000000087e00000, 0x0000000087e00000| Untracked 
| 127|0x0000000087f00000, 0x0000000087f00000, 0x0000000088000000|  0%| F|  |TAMS 0x0000000087f00000, 0x0000000087f00000| Untracked 
| 128|0x0000000088000000, 0x0000000088000000, 0x0000000088100000|  0%| F|  |TAMS 0x0000000088000000, 0x0000000088000000| Untracked 
| 129|0x0000000088100000, 0x0000000088100000, 0x0000000088200000|  0%| F|  |TAMS 0x0000000088100000, 0x0000000088100000| Untracked 
| 130|0x0000000088200000, 0x0000000088200000, 0x0000000088300000|  0%| F|  |TAMS 0x0000000088200000, 0x0000000088200000| Untracked 
| 131|0x0000000088300000, 0x0000000088300000, 0x0000000088400000|  0%| F|  |TAMS 0x0000000088300000, 0x0000000088300000| Untracked 
| 132|0x0000000088400000, 0x0000000088500000, 0x0000000088500000|100%| E|  |TAMS 0x0000000088400000, 0x0000000088400000| Complete 
| 133|0x0000000088500000, 0x0000000088600000, 0x0000000088600000|100%| E|CS|TAMS 0x0000000088500000, 0x0000000088500000| Complete 

Card table byte_map: [0x0000029b52180000,0x0000029b52580000] _byte_map_base: 0x0000029b51d80000

Marking Bits (Prev, Next): (CMBitMap*) 0x0000029b3f2cd318, (CMBitMap*) 0x0000029b3f2cd350
 Prev Bits: [0x0000029b52980000, 0x0000029b54980000)
 Next Bits: [0x0000029b54980000, 0x0000029b56980000)

Polling page: 0x0000029b3d230000

Metaspace:

Usage:
  Non-class:     58.94 MB capacity,    57.99 MB ( 98%) used,   802.70 KB (  1%) free+waste,   168.81 KB ( <1%) overhead. 
      Class:      9.03 MB capacity,     8.44 MB ( 94%) used,   522.50 KB (  6%) free+waste,    78.31 KB ( <1%) overhead. 
       Both:     67.97 MB capacity,    66.44 MB ( 98%) used,     1.29 MB (  2%) free+waste,   247.13 KB ( <1%) overhead. 

Virtual space:
  Non-class space:       66.00 MB reserved,      59.00 MB ( 89%) committed 
      Class space:        1.00 GB reserved,       9.13 MB ( <1%) committed 
             Both:        1.06 GB reserved,      68.13 MB (  6%) committed 

Chunk freelists:
   Non-Class:  58.00 KB
       Class:  1.00 KB
        Both:  59.00 KB

MaxMetaspaceSize: 17179869184.00 GB
CompressedClassSpaceSize: 1.00 GB

CodeHeap 'non-profiled nmethods': size=120064Kb used=4380Kb max_used=4380Kb free=115683Kb
 bounds [0x0000029b4a840000, 0x0000029b4ac90000, 0x0000029b51d80000]
CodeHeap 'profiled nmethods': size=120000Kb used=14139Kb max_used=14139Kb free=105860Kb
 bounds [0x0000029b43310000, 0x0000029b440e0000, 0x0000029b4a840000]
CodeHeap 'non-nmethods': size=5696Kb used=2250Kb max_used=2310Kb free=3445Kb
 bounds [0x0000029b42d80000, 0x0000029b42ff0000, 0x0000029b43310000]
 total_blobs=7519 nmethods=6665 adapters=766
 compilation: enabled
              stopped_count=0, restarted_count=0
 full_count=0

Compilation events (20 events):
Event: 23.175 Thread 0x0000029b58e79000 6685       3       org.gradle.api.internal.DefaultCollectionCallbackActionDecorator$BuildOperationEmittingAction$1::run (26 bytes)
Event: 23.175 Thread 0x0000029b58e79000 nmethod 6685 0x0000029b440da210 code [0x0000029b440da3e0, 0x0000029b440da688]
Event: 23.179 Thread 0x0000029b58e79000 6686       3       org.gradle.api.internal.provider.AbstractProperty$NonFinalizedValue::maybeFinalizeOnRead (66 bytes)
Event: 23.180 Thread 0x0000029b58e79000 nmethod 6686 0x0000029b440da810 code [0x0000029b440daa00, 0x0000029b440daec8]
Event: 23.184 Thread 0x0000029b58e79000 6687       3       com.google.common.collect.ImmutableSet::of (4 bytes)
Event: 23.184 Thread 0x0000029b58e79000 nmethod 6687 0x0000029b440db090 code [0x0000029b440db240, 0x0000029b440db338]
Event: 23.238 Thread 0x0000029b58e79000 6688       3       org.gradle.api.internal.tasks.DefaultTaskContainer_Decorated::getMutationGuard (39 bytes)
Event: 23.239 Thread 0x0000029b58e79000 nmethod 6688 0x0000029b440db410 code [0x0000029b440db660, 0x0000029b440dc008]
Event: 23.240 Thread 0x0000029b58e79000 6689       3       org.gradle.api.internal.AbstractMutationGuard::withMutationDisabled (7 bytes)
Event: 23.241 Thread 0x0000029b58e79000 nmethod 6689 0x0000029b440dc310 code [0x0000029b440dc4c0, 0x0000029b440dc688]
Event: 23.241 Thread 0x0000029b58e79000 6690       3       org.gradle.api.internal.DefaultMutationGuard::newActionWithMutation (11 bytes)
Event: 23.241 Thread 0x0000029b58e79000 nmethod 6690 0x0000029b440dc710 code [0x0000029b440dc8e0, 0x0000029b440dcbb8]
Event: 23.241 Thread 0x0000029b58e79000 6691       3       org.gradle.api.internal.DefaultMutationGuard$2::<init> (20 bytes)
Event: 23.241 Thread 0x0000029b58e79000 nmethod 6691 0x0000029b440dcd10 code [0x0000029b440dcec0, 0x0000029b440dd0d8]
Event: 23.249 Thread 0x0000029b58e79000 6692       3       org.gradle.internal.instantiation.generator.AbstractClassGenerator$MethodMetadata::getName (8 bytes)
Event: 23.249 Thread 0x0000029b58e79000 nmethod 6692 0x0000029b440dd190 code [0x0000029b440dd340, 0x0000029b440dd458]
Event: 23.251 Thread 0x0000029b58e79000 6693       3       java.lang.Class::searchFields (43 bytes)
Event: 23.251 Thread 0x0000029b58e79000 nmethod 6693 0x0000029b440dd510 code [0x0000029b440dd6e0, 0x0000029b440dd968]
Event: 23.268 Thread 0x0000029b58e79000 6695       1       org.gradle.api.internal.DefaultNamedDomainObjectCollection$AbstractNamedDomainObjectProvider::getName (5 bytes)
Event: 23.269 Thread 0x0000029b58e79000 nmethod 6695 0x0000029b4ac74e10 code [0x0000029b4ac74fc0, 0x0000029b4ac75078]

GC Heap History (20 events):
Event: 10.519 GC heap before
{Heap before GC invocations=10 (full 0):
 garbage-first heap   total 113664K, used 65767K [0x0000000080000000, 0x0000000100000000)
  region size 1024K, 43 young (44032K), 4 survivors (4096K)
 Metaspace       used 38344K, capacity 39250K, committed 39296K, reserved 1083392K
  class space    used 4885K, capacity 5211K, committed 5248K, reserved 1048576K
}
Event: 10.537 GC heap after
{Heap after GC invocations=11 (full 0):
 garbage-first heap   total 113664K, used 26473K [0x0000000080000000, 0x0000000100000000)
  region size 1024K, 5 young (5120K), 5 survivors (5120K)
 Metaspace       used 38344K, capacity 39250K, committed 39296K, reserved 1083392K
  class space    used 4885K, capacity 5211K, committed 5248K, reserved 1048576K
}
Event: 11.865 GC heap before
{Heap before GC invocations=11 (full 0):
 garbage-first heap   total 113664K, used 67433K [0x0000000080000000, 0x0000000100000000)
  region size 1024K, 45 young (46080K), 5 survivors (5120K)
 Metaspace       used 41378K, capacity 42353K, committed 42624K, reserved 1085440K
  class space    used 5343K, capacity 5706K, committed 5760K, reserved 1048576K
}
Event: 11.876 GC heap after
{Heap after GC invocations=12 (full 0):
 garbage-first heap   total 113664K, used 27808K [0x0000000080000000, 0x0000000100000000)
  region size 1024K, 3 young (3072K), 3 survivors (3072K)
 Metaspace       used 41378K, capacity 42353K, committed 42624K, reserved 1085440K
  class space    used 5343K, capacity 5706K, committed 5760K, reserved 1048576K
}
Event: 12.943 GC heap before
{Heap before GC invocations=12 (full 0):
 garbage-first heap   total 113664K, used 71840K [0x0000000080000000, 0x0000000100000000)
  region size 1024K, 46 young (47104K), 3 survivors (3072K)
 Metaspace       used 45323K, capacity 46466K, committed 46720K, reserved 1089536K
  class space    used 5819K, capacity 6227K, committed 6272K, reserved 1048576K
}
Event: 12.952 GC heap after
{Heap after GC invocations=13 (full 0):
 garbage-first heap   total 113664K, used 29257K [0x0000000080000000, 0x0000000100000000)
  region size 1024K, 4 young (4096K), 4 survivors (4096K)
 Metaspace       used 45323K, capacity 46466K, committed 46720K, reserved 1089536K
  class space    used 5819K, capacity 6227K, committed 6272K, reserved 1048576K
}
Event: 15.406 GC heap before
{Heap before GC invocations=13 (full 0):
 garbage-first heap   total 113664K, used 83529K [0x0000000080000000, 0x0000000100000000)
  region size 1024K, 50 young (51200K), 4 survivors (4096K)
 Metaspace       used 47216K, capacity 48417K, committed 48512K, reserved 1091584K
  class space    used 6017K, capacity 6465K, committed 6528K, reserved 1048576K
}
Event: 15.423 GC heap after
{Heap after GC invocations=14 (full 0):
 garbage-first heap   total 113664K, used 45853K [0x0000000080000000, 0x0000000100000000)
  region size 1024K, 7 young (7168K), 7 survivors (7168K)
 Metaspace       used 47216K, capacity 48417K, committed 48512K, reserved 1091584K
  class space    used 6017K, capacity 6465K, committed 6528K, reserved 1048576K
}
Event: 16.545 GC heap before
{Heap before GC invocations=14 (full 0):
 garbage-first heap   total 113664K, used 80669K [0x0000000080000000, 0x0000000100000000)
  region size 1024K, 41 young (41984K), 7 survivors (7168K)
 Metaspace       used 51083K, capacity 52457K, committed 52608K, reserved 1095680K
  class space    used 6502K, capacity 7006K, committed 7040K, reserved 1048576K
}
Event: 16.563 GC heap after
{Heap after GC invocations=15 (full 0):
 garbage-first heap   total 137216K, used 48163K [0x0000000080000000, 0x0000000100000000)
  region size 1024K, 3 young (3072K), 3 survivors (3072K)
 Metaspace       used 51083K, capacity 52457K, committed 52608K, reserved 1095680K
  class space    used 6502K, capacity 7006K, committed 7040K, reserved 1048576K
}
Event: 18.099 GC heap before
{Heap before GC invocations=15 (full 0):
 garbage-first heap   total 137216K, used 92195K [0x0000000080000000, 0x0000000100000000)
  region size 1024K, 46 young (47104K), 3 survivors (3072K)
 Metaspace       used 57932K, capacity 59392K, committed 59648K, reserved 1101824K
  class space    used 7344K, capacity 7865K, committed 7936K, reserved 1048576K
}
Event: 18.108 GC heap after
{Heap after GC invocations=16 (full 0):
 garbage-first heap   total 137216K, used 49511K [0x0000000080000000, 0x0000000100000000)
  region size 1024K, 4 young (4096K), 4 survivors (4096K)
 Metaspace       used 57932K, capacity 59392K, committed 59648K, reserved 1101824K
  class space    used 7344K, capacity 7865K, committed 7936K, reserved 1048576K
}
Event: 18.232 GC heap before
{Heap before GC invocations=16 (full 0):
 garbage-first heap   total 137216K, used 53607K [0x0000000080000000, 0x0000000100000000)
  region size 1024K, 9 young (9216K), 4 survivors (4096K)
 Metaspace       used 58524K, capacity 60016K, committed 60160K, reserved 1101824K
  class space    used 7409K, capacity 7945K, committed 8064K, reserved 1048576K
}
Event: 18.243 GC heap after
{Heap after GC invocations=17 (full 0):
 garbage-first heap   total 137216K, used 50471K [0x0000000080000000, 0x0000000100000000)
  region size 1024K, 5 young (5120K), 5 survivors (5120K)
 Metaspace       used 58524K, capacity 60016K, committed 60160K, reserved 1101824K
  class space    used 7409K, capacity 7945K, committed 8064K, reserved 1048576K
}
Event: 19.476 GC heap before
{Heap before GC invocations=18 (full 0):
 garbage-first heap   total 137216K, used 90407K [0x0000000080000000, 0x0000000100000000)
  region size 1024K, 45 young (46080K), 5 survivors (5120K)
 Metaspace       used 62353K, capacity 63840K, committed 64128K, reserved 1105920K
  class space    used 7902K, capacity 8466K, committed 8576K, reserved 1048576K
}
Event: 19.493 GC heap after
{Heap after GC invocations=19 (full 0):
 garbage-first heap   total 137216K, used 53637K [0x0000000080000000, 0x0000000100000000)
  region size 1024K, 6 young (6144K), 6 survivors (6144K)
 Metaspace       used 62353K, capacity 63840K, committed 64128K, reserved 1105920K
  class space    used 7902K, capacity 8466K, committed 8576K, reserved 1048576K
}
Event: 21.432 GC heap before
{Heap before GC invocations=20 (full 0):
 garbage-first heap   total 137216K, used 96645K [0x0000000080000000, 0x0000000100000000)
  region size 1024K, 47 young (48128K), 6 survivors (6144K)
 Metaspace       used 65846K, capacity 67413K, committed 67584K, reserved 1107968K
  class space    used 8333K, capacity 8856K, committed 8960K, reserved 1048576K
}
Event: 21.446 GC heap after
{Heap after GC invocations=21 (full 0):
 garbage-first heap   total 137216K, used 56126K [0x0000000080000000, 0x0000000100000000)
  region size 1024K, 3 young (3072K), 3 survivors (3072K)
 Metaspace       used 65846K, capacity 67413K, committed 67584K, reserved 1107968K
  class space    used 8333K, capacity 8856K, committed 8960K, reserved 1048576K
}
Event: 23.273 GC heap before
{Heap before GC invocations=21 (full 0):
 garbage-first heap   total 137216K, used 90942K [0x0000000080000000, 0x0000000100000000)
  region size 1024K, 38 young (38912K), 3 survivors (3072K)
 Metaspace       used 67746K, capacity 69285K, committed 69376K, reserved 1116160K
  class space    used 8583K, capacity 9183K, committed 9216K, reserved 1048576K
}
Event: 23.284 GC heap after
{Heap after GC invocations=22 (full 0):
 garbage-first heap   total 137216K, used 59012K [0x0000000080000000, 0x0000000100000000)
  region size 1024K, 6 young (6144K), 6 survivors (6144K)
 Metaspace       used 67746K, capacity 69285K, committed 69376K, reserved 1116160K
  class space    used 8583K, capacity 9183K, committed 9216K, reserved 1048576K
}

Deoptimization events (20 events):
Event: 20.259 Thread 0x0000029b5a9e0000 DEOPT PACKING pc=0x0000029b438be696 sp=0x000000f1b03f84b0
Event: 20.259 Thread 0x0000029b5a9e0000 DEOPT UNPACKING pc=0x0000029b42da683f sp=0x000000f1b03f79c8 mode 0
Event: 20.262 Thread 0x0000029b5a9e0000 Uncommon trap: trap_request=0xffffff4d fr.pc=0x0000029b4a8e5754 relative=0x0000000000000614
Event: 20.262 Thread 0x0000029b5a9e0000 Uncommon trap: reason=unstable_if action=reinterpret pc=0x0000029b4a8e5754 method=java.lang.String.replace(CC)Ljava/lang/String; @ 2 c2
Event: 20.262 Thread 0x0000029b5a9e0000 DEOPT PACKING pc=0x0000029b4a8e5754 sp=0x000000f1b03f85e0
Event: 20.262 Thread 0x0000029b5a9e0000 DEOPT UNPACKING pc=0x0000029b42da6a29 sp=0x000000f1b03f8590 mode 2
Event: 20.735 Thread 0x0000029b5a9e0000 Uncommon trap: trap_request=0xffffff4d fr.pc=0x0000029b4a9c2030 relative=0x0000000000004a70
Event: 20.735 Thread 0x0000029b5a9e0000 Uncommon trap: reason=unstable_if action=reinterpret pc=0x0000029b4a9c2030 method=sun.net.www.protocol.jar.Handler.parseURL(Ljava/net/URL;Ljava/lang/String;II)V @ 116 c2
Event: 20.735 Thread 0x0000029b5a9e0000 DEOPT PACKING pc=0x0000029b4a9c2030 sp=0x000000f1b03f8550
Event: 20.735 Thread 0x0000029b5a9e0000 DEOPT UNPACKING pc=0x0000029b42da6a29 sp=0x000000f1b03f8448 mode 2
Event: 20.827 Thread 0x0000029b5a9e0000 DEOPT PACKING pc=0x0000029b437c4e11 sp=0x000000f1b03f6e10
Event: 20.827 Thread 0x0000029b5a9e0000 DEOPT UNPACKING pc=0x0000029b42da683f sp=0x000000f1b03f62e8 mode 0
Event: 21.140 Thread 0x0000029b5a9e0000 Uncommon trap: trap_request=0xffffff4d fr.pc=0x0000029b4ab55fcc relative=0x000000000000154c
Event: 21.141 Thread 0x0000029b5a9e0000 Uncommon trap: reason=unstable_if action=reinterpret pc=0x0000029b4ab55fcc method=java.util.concurrent.ConcurrentHashMap.putVal(Ljava/lang/Object;Ljava/lang/Object;Z)Ljava/lang/Object; @ 245 c2
Event: 21.141 Thread 0x0000029b5a9e0000 DEOPT PACKING pc=0x0000029b4ab55fcc sp=0x000000f1b03f7820
Event: 21.141 Thread 0x0000029b5a9e0000 DEOPT UNPACKING pc=0x0000029b42da6a29 sp=0x000000f1b03f77a8 mode 2
Event: 21.465 Thread 0x0000029b5a9e0000 Uncommon trap: trap_request=0xffffff4d fr.pc=0x0000029b4a9e0c80 relative=0x0000000000000340
Event: 21.465 Thread 0x0000029b5a9e0000 Uncommon trap: reason=unstable_if action=reinterpret pc=0x0000029b4a9e0c80 method=java.util.StringJoiner.add(Ljava/lang/CharSequence;)Ljava/util/StringJoiner; @ 33 c2
Event: 21.465 Thread 0x0000029b5a9e0000 DEOPT PACKING pc=0x0000029b4a9e0c80 sp=0x000000f1b03f62e0
Event: 21.465 Thread 0x0000029b5a9e0000 DEOPT UNPACKING pc=0x0000029b42da6a29 sp=0x000000f1b03f6290 mode 2

Classes redefined (0 events):
No events

Internal exceptions (20 events):
Event: 21.924 Thread 0x0000029b5a9e0000 Exception <a 'java/lang/ClassNotFoundException'{0x0000000087786a30}: com/android/build/gradle/internal/dsl/BuildType_DecoratedBeanInfo> (0x0000000087786a30) thrown at [./src/hotspot/share/classfile/systemDictionary.cpp, line 231]
Event: 21.925 Thread 0x0000029b5a9e0000 Exception <a 'java/lang/ClassNotFoundException'{0x00000000877a10b8}: com/android/build/gradle/internal/dsl/BuildTypeBeanInfo> (0x00000000877a10b8) thrown at [./src/hotspot/share/classfile/systemDictionary.cpp, line 231]
Event: 21.926 Thread 0x0000029b5a9e0000 Exception <a 'java/lang/ClassNotFoundException'{0x00000000877baa48}: com/android/builder/core/AbstractBuildTypeBeanInfo> (0x00000000877baa48) thrown at [./src/hotspot/share/classfile/systemDictionary.cpp, line 231]
Event: 21.927 Thread 0x0000029b5a9e0000 Exception <a 'java/lang/ClassNotFoundException'{0x00000000877d4c98}: com/android/builder/core/AbstractBuildTypeCustomizer> (0x00000000877d4c98) thrown at [./src/hotspot/share/classfile/systemDictionary.cpp, line 231]
Event: 21.929 Thread 0x0000029b5a9e0000 Exception <a 'java/lang/ClassNotFoundException'{0x000000008760be60}: com/android/build/gradle/internal/dsl/BuildTypeCustomizer> (0x000000008760be60) thrown at [./src/hotspot/share/classfile/systemDictionary.cpp, line 231]
Event: 21.936 Thread 0x0000029b5a9e0000 Exception <a 'java/lang/ClassNotFoundException'{0x000000008769aa58}: com/android/build/gradle/internal/dsl/BuildType_DecoratedCustomizer> (0x000000008769aa58) thrown at [./src/hotspot/share/classfile/systemDictionary.cpp, line 231]
Event: 21.948 Thread 0x0000029b5a9e0000 Exception <a 'java/lang/ClassNotFoundException'{0x000000008755dc80}: build_5v8auhxzd7d27lhodvncj7461$_run_closure1$_closure4BeanInfo> (0x000000008755dc80) thrown at [./src/hotspot/share/classfile/systemDictionary.cpp, line 231]
Event: 21.949 Thread 0x0000029b5a9e0000 Exception <a 'java/lang/ClassNotFoundException'{0x000000008756f528}: build_5v8auhxzd7d27lhodvncj7461$_run_closure1$_closure4Customizer> (0x000000008756f528) thrown at [./src/hotspot/share/classfile/systemDictionary.cpp, line 231]
Event: 21.955 Thread 0x0000029b5a9e0000 Exception <a 'java/lang/ClassNotFoundException'{0x0000000087599528}: build_5v8auhxzd7d27lhodvncj7461$_run_closure1BeanInfo> (0x0000000087599528) thrown at [./src/hotspot/share/classfile/systemDictionary.cpp, line 231]
Event: 21.956 Thread 0x0000029b5a9e0000 Exception <a 'java/lang/ClassNotFoundException'{0x00000000875aa308}: build_5v8auhxzd7d27lhodvncj7461$_run_closure1Customizer> (0x00000000875aa308) thrown at [./src/hotspot/share/classfile/systemDictionary.cpp, line 231]
Event: 21.964 Thread 0x0000029b5a9e0000 Exception <a 'java/lang/ClassNotFoundException'{0x00000000874089e8}: org/gradle/api/JavaVersionBeanInfo> (0x00000000874089e8) thrown at [./src/hotspot/share/classfile/systemDictionary.cpp, line 231]
Event: 21.966 Thread 0x0000029b5a9e0000 Exception <a 'java/lang/ClassNotFoundException'{0x0000000087433980}: org/gradle/api/JavaVersionCustomizer> (0x0000000087433980) thrown at [./src/hotspot/share/classfile/systemDictionary.cpp, line 231]
Event: 21.971 Thread 0x0000029b5a9e0000 Exception <a 'java/lang/ClassNotFoundException'{0x000000008748ac58}: com/android/build/gradle/internal/CompileOptions_DecoratedBeanInfo> (0x000000008748ac58) thrown at [./src/hotspot/share/classfile/systemDictionary.cpp, line 231]
Event: 21.975 Thread 0x0000029b5a9e0000 Exception <a 'java/lang/ClassNotFoundException'{0x00000000874a4050}: com/android/build/gradle/internal/CompileOptionsBeanInfo> (0x00000000874a4050) thrown at [./src/hotspot/share/classfile/systemDictionary.cpp, line 231]
Event: 21.977 Thread 0x0000029b5a9e0000 Exception <a 'java/lang/ClassNotFoundException'{0x00000000874bdd48}: com/android/build/gradle/internal/CompileOptionsCustomizer> (0x00000000874bdd48) thrown at [./src/hotspot/share/classfile/systemDictionary.cpp, line 231]
Event: 21.979 Thread 0x0000029b5a9e0000 Exception <a 'java/lang/ClassNotFoundException'{0x00000000874e4878}: com/android/build/gradle/internal/CompileOptions_DecoratedCustomizer> (0x00000000874e4878) thrown at [./src/hotspot/share/classfile/systemDictionary.cpp, line 231]
Event: 22.109 Thread 0x0000029b5a9e0000 Exception <a 'java/lang/ClassNotFoundException'{0x00000000872384e8}: org/jetbrains/kotlin/gradle/dsl/KotlinJvmOptionsImplBeanInfo> (0x00000000872384e8) thrown at [./src/hotspot/share/classfile/systemDictionary.cpp, line 231]
Event: 22.111 Thread 0x0000029b5a9e0000 Exception <a 'java/lang/ClassNotFoundException'{0x0000000087252a68}: org/jetbrains/kotlin/gradle/dsl/KotlinJvmOptionsBaseBeanInfo> (0x0000000087252a68) thrown at [./src/hotspot/share/classfile/systemDictionary.cpp, line 231]
Event: 22.112 Thread 0x0000029b5a9e0000 Exception <a 'java/lang/ClassNotFoundException'{0x000000008726d1f0}: org/jetbrains/kotlin/gradle/dsl/KotlinJvmOptionsBaseCustomizer> (0x000000008726d1f0) thrown at [./src/hotspot/share/classfile/systemDictionary.cpp, line 231]
Event: 22.114 Thread 0x0000029b5a9e0000 Exception <a 'java/lang/ClassNotFoundException'{0x00000000872a1c90}: org/jetbrains/kotlin/gradle/dsl/KotlinJvmOptionsImplCustomizer> (0x00000000872a1c90) thrown at [./src/hotspot/share/classfile/systemDictionary.cpp, line 231]

Events (20 events):
Event: 23.273 Executing VM operation: CollectForMetadataAllocation
Event: 23.284 Executing VM operation: CollectForMetadataAllocation done
Event: 23.285 loading class com/android/build/api/transform/TransformInput
Event: 23.285 loading class com/android/build/api/transform/TransformInput done
Event: 23.286 loading class com/android/build/api/transform/QualifiedContent
Event: 23.286 loading class com/android/build/api/transform/QualifiedContent done
Event: 23.286 loading class com/android/build/gradle/internal/pipeline/IncrementalTransformInput
Event: 23.286 loading class com/android/build/gradle/internal/pipeline/IncrementalTransformInput done
Event: 23.287 loading class com/android/build/gradle/internal/pipeline/OriginalStream$OriginalTransformInput
Event: 23.287 loading class com/android/build/gradle/internal/pipeline/OriginalStream$OriginalTransformInput done
Event: 23.288 loading class com/android/build/gradle/internal/pipeline/OriginalStream$Builder
Event: 23.288 loading class com/android/build/gradle/internal/pipeline/OriginalStream$Builder done
Event: 23.289 loading class com/android/build/gradle/internal/dependency/VariantDependencies$Companion$WhenMappings
Event: 23.289 loading class com/android/build/gradle/internal/dependency/VariantDependencies$Companion$WhenMappings done
Event: 23.290 loading class com/android/build/gradle/internal/dependency/VariantDependencies$WhenMappings
Event: 23.290 loading class com/android/build/gradle/internal/dependency/VariantDependencies$WhenMappings done
Event: 23.291 loading class com/android/build/gradle/internal/dependency/VariantDependencies$computeArtifactCollection$attributesAction$1
Event: 23.291 loading class com/android/build/gradle/internal/dependency/VariantDependencies$computeArtifactCollection$attributesAction$1 done
Event: 23.291 loading class com/android/build/gradle/internal/dependency/VariantDependencies$Companion$getComponentFilter$1
Event: 23.291 loading class com/android/build/gradle/internal/dependency/VariantDependencies$Companion$getComponentFilter$1 done


Dynamic libraries:
0x00007ff7ce570000 - 0x00007ff7ce57a000 	C:\Program Files\Android\Android Studio\jre\bin\java.exe
0x00007ffeff090000 - 0x00007ffeff285000 	C:\Windows\SYSTEM32\ntdll.dll
0x00007ffefe8d0000 - 0x00007ffefe98e000 	C:\Windows\System32\KERNEL32.DLL
0x00007ffefce10000 - 0x00007ffefd0d9000 	C:\Windows\System32\KERNELBASE.dll
0x00007ffefc7b0000 - 0x00007ffefc8b0000 	C:\Windows\System32\ucrtbase.dll
0x00007ffedaf70000 - 0x00007ffedaf87000 	C:\Program Files\Android\Android Studio\jre\bin\VCRUNTIME140.dll
0x00007ffed80e0000 - 0x00007ffed80f9000 	C:\Program Files\Android\Android Studio\jre\bin\jli.dll
0x00007ffefee10000 - 0x00007ffefefb1000 	C:\Windows\System32\USER32.dll
0x00007ffef12b0000 - 0x00007ffef154a000 	C:\Windows\WinSxS\amd64_microsoft.windows.common-controls_6595b64144ccf1df_6.0.19041.1110_none_60b5254171f9507e\COMCTL32.dll
0x00007ffefe7d0000 - 0x00007ffefe86e000 	C:\Windows\System32\msvcrt.dll
0x00007ffefd610000 - 0x00007ffefd63b000 	C:\Windows\System32\GDI32.dll
0x00007ffefccd0000 - 0x00007ffefccf2000 	C:\Windows\System32\win32u.dll
0x00007ffefcd00000 - 0x00007ffefce0b000 	C:\Windows\System32\gdi32full.dll
0x00007ffefc960000 - 0x00007ffefc9fd000 	C:\Windows\System32\msvcp_win.dll
0x00007ffefdae0000 - 0x00007ffefdb10000 	C:\Windows\System32\IMM32.DLL
0x00007ffec9110000 - 0x00007ffec91ad000 	C:\Program Files\Android\Android Studio\jre\bin\msvcp140.dll
0x00007ffebe620000 - 0x00007ffebf0ef000 	C:\Program Files\Android\Android Studio\jre\bin\server\jvm.dll
0x00007ffefd0e0000 - 0x00007ffefd18c000 	C:\Windows\System32\ADVAPI32.dll
0x00007ffefed70000 - 0x00007ffefee0b000 	C:\Windows\System32\sechost.dll
0x00007ffefd9b0000 - 0x00007ffefdada000 	C:\Windows\System32\RPCRT4.dll
0x00007ffefd930000 - 0x00007ffefd938000 	C:\Windows\System32\PSAPI.DLL
0x00007ffef8360000 - 0x00007ffef8369000 	C:\Windows\SYSTEM32\WSOCK32.dll
0x00007ffefeb60000 - 0x00007ffefebcb000 	C:\Windows\System32\WS2_32.dll
0x00007ffedf9f0000 - 0x00007ffedfa17000 	C:\Windows\SYSTEM32\WINMM.dll
0x00007ffef1bb0000 - 0x00007ffef1bba000 	C:\Windows\SYSTEM32\VERSION.dll
0x00007ffefa6d0000 - 0x00007ffefa6e2000 	C:\Windows\SYSTEM32\kernel.appcore.dll
0x00007ffeedfe0000 - 0x00007ffeedff1000 	C:\Program Files\Android\Android Studio\jre\bin\verify.dll
0x00007ffed8200000 - 0x00007ffed83e4000 	C:\Windows\SYSTEM32\DBGHELP.DLL
0x00007ffeda140000 - 0x00007ffeda16c000 	C:\Windows\SYSTEM32\dbgcore.DLL
0x00007ffefca80000 - 0x00007ffefcb03000 	C:\Windows\System32\bcryptPrimitives.dll
0x00007ffedefd0000 - 0x00007ffedeff9000 	C:\Program Files\Android\Android Studio\jre\bin\java.dll
0x00007ffef8350000 - 0x00007ffef835b000 	C:\Program Files\Android\Android Studio\jre\bin\jimage.dll
0x00007ffedb2c0000 - 0x00007ffedb2d8000 	C:\Program Files\Android\Android Studio\jre\bin\zip.dll
0x00007ffefe090000 - 0x00007ffefe7cf000 	C:\Windows\System32\SHELL32.dll
0x00007ffefa8d0000 - 0x00007ffefb060000 	C:\Windows\SYSTEM32\windows.storage.dll
0x00007ffefdc00000 - 0x00007ffefdf55000 	C:\Windows\System32\combase.dll
0x00007ffefc130000 - 0x00007ffefc15c000 	C:\Windows\SYSTEM32\Wldp.dll
0x00007ffefd7f0000 - 0x00007ffefd89d000 	C:\Windows\System32\SHCORE.dll
0x00007ffefecb0000 - 0x00007ffefed05000 	C:\Windows\System32\shlwapi.dll
0x00007ffefc6f0000 - 0x00007ffefc70f000 	C:\Windows\SYSTEM32\profapi.dll
0x00007ffed9de0000 - 0x00007ffed9dfa000 	C:\Program Files\Android\Android Studio\jre\bin\net.dll
0x00007ffef4490000 - 0x00007ffef4598000 	C:\Windows\SYSTEM32\WINHTTP.dll
0x00007ffefbe90000 - 0x00007ffefbefa000 	C:\Windows\system32\mswsock.dll
0x00007ffed99a0000 - 0x00007ffed99b4000 	C:\Program Files\Android\Android Studio\jre\bin\nio.dll
0x00007ffef16d0000 - 0x00007ffef16f7000 	C:\Users\MARIA TERESA\.gradle\native\8bec1ad78214c89d9ad589b4d07fe93259594b29d510b10fafb7a158f7737e5d\windows-amd64\native-platform.dll
0x00007ffecdc80000 - 0x00007ffecddbd000 	C:\Users\MARIA TERESA\.gradle\native\53dbd7edfb1c66fb8903c78663c9afc45aea4f116125fa6feffd364cf09443e8\windows-amd64\native-platform-file-events.dll
0x00007ffef3070000 - 0x00007ffef307a000 	C:\Program Files\Android\Android Studio\jre\bin\management.dll
0x00007ffef2d80000 - 0x00007ffef2d8c000 	C:\Program Files\Android\Android Studio\jre\bin\management_ext.dll
0x00007ffefc080000 - 0x00007ffefc098000 	C:\Windows\SYSTEM32\CRYPTSP.dll
0x00007ffefb810000 - 0x00007ffefb844000 	C:\Windows\system32\rsaenh.dll
0x00007ffefca00000 - 0x00007ffefca27000 	C:\Windows\System32\bcrypt.dll
0x00007ffefc6b0000 - 0x00007ffefc6de000 	C:\Windows\SYSTEM32\USERENV.dll
0x00007ffefc0a0000 - 0x00007ffefc0ac000 	C:\Windows\SYSTEM32\CRYPTBASE.dll
0x00007ffefbb80000 - 0x00007ffefbbbb000 	C:\Windows\SYSTEM32\IPHLPAPI.DLL
0x00007ffefd9a0000 - 0x00007ffefd9a8000 	C:\Windows\System32\NSI.dll
0x00007ffef6c00000 - 0x00007ffef6c17000 	C:\Windows\SYSTEM32\dhcpcsvc6.DLL
0x00007ffef6bc0000 - 0x00007ffef6bdd000 	C:\Windows\SYSTEM32\dhcpcsvc.DLL
0x00007ffefbbc0000 - 0x00007ffefbc8c000 	C:\Windows\SYSTEM32\DNSAPI.dll

dbghelp: loaded successfully - version: 4.0.5 - missing functions: none
symbol engine: initialized successfully - sym options: 0x614 - pdb path: .;C:\Program Files\Android\Android Studio\jre\bin;C:\Windows\SYSTEM32;C:\Windows\WinSxS\amd64_microsoft.windows.common-controls_6595b64144ccf1df_6.0.19041.1110_none_60b5254171f9507e;C:\Program Files\Android\Android Studio\jre\bin\server;C:\Users\MARIA TERESA\.gradle\native\8bec1ad78214c89d9ad589b4d07fe93259594b29d510b10fafb7a158f7737e5d\windows-amd64;C:\Users\MARIA TERESA\.gradle\native\53dbd7edfb1c66fb8903c78663c9afc45aea4f116125fa6feffd364cf09443e8\windows-amd64

VM Arguments:
jvm_args: --add-opens=java.base/java.util=ALL-UNNAMED --add-opens=java.base/java.lang=ALL-UNNAMED --add-opens=java.base/java.lang.invoke=ALL-UNNAMED --add-opens=java.base/java.util=ALL-UNNAMED --add-opens=java.prefs/java.util.prefs=ALL-UNNAMED --add-opens=java.prefs/java.util.prefs=ALL-UNNAMED --add-opens=java.base/java.nio.charset=ALL-UNNAMED --add-opens=java.base/java.net=ALL-UNNAMED --add-opens=java.base/java.util.concurrent.atomic=ALL-UNNAMED -Xmx2048m -Dfile.encoding=UTF-8 -Duser.country=CO -Duser.language=es -Duser.variant 
java_command: org.gradle.launcher.daemon.bootstrap.GradleDaemon 7.0.2
java_class_path (initial): C:\Users\MARIA TERESA\.gradle\wrapper\dists\gradle-7.0.2-bin\857tjihv64xamwrf0h14cai3r\gradle-7.0.2\lib\gradle-launcher-7.0.2.jar
Launcher Type: SUN_STANDARD

[Global flags]
     intx CICompilerCount                          = 3                                         {product} {ergonomic}
     uint ConcGCThreads                            = 1                                         {product} {ergonomic}
     uint G1ConcRefinementThreads                  = 4                                         {product} {ergonomic}
   size_t G1HeapRegionSize                         = 1048576                                   {product} {ergonomic}
    uintx GCDrainStackTargetSize                   = 64                                        {product} {ergonomic}
   size_t InitialHeapSize                          = 96468992                                  {product} {ergonomic}
   size_t MarkStackSize                            = 4194304                                   {product} {ergonomic}
   size_t MaxHeapSize                              = 2147483648                                {product} {command line}
   size_t MaxNewSize                               = 1287651328                                {product} {ergonomic}
   size_t MinHeapDeltaBytes                        = 1048576                                   {product} {ergonomic}
    uintx NonNMethodCodeHeapSize                   = 5830732                                {pd product} {ergonomic}
    uintx NonProfiledCodeHeapSize                  = 122913754                              {pd product} {ergonomic}
    uintx ProfiledCodeHeapSize                     = 122913754                              {pd product} {ergonomic}
    uintx ReservedCodeCacheSize                    = 251658240                              {pd product} {ergonomic}
     bool SegmentedCodeCache                       = true                                      {product} {ergonomic}
     bool UseCompressedClassPointers               = true                                 {lp64_product} {ergonomic}
     bool UseCompressedOops                        = true                                 {lp64_product} {ergonomic}
     bool UseG1GC                                  = true                                      {product} {ergonomic}
     bool UseLargePagesIndividualAllocation        = false                                  {pd product} {ergonomic}

Logging:
Log output configuration:
 #0: stdout all=warning uptime,level,tags
 #1: stderr all=off uptime,level,tags

Environment Variables:
PATH=C:\Program Files\Common Files\Oracle\Java\javapath;C:\Program Files\Microsoft MPI\Bin\;C:\Windows\system32;C:\Windows;C:\Windows\System32\Wbem;C:\Windows\System32\WindowsPowerShell\v1.0\;C:\Windows\System32\OpenSSH\;C:\Program Files\Azure Data Studio\bin;C:\Program Files (x86)\Microsoft SQL Server\150\Tools\Binn\;C:\Program Files\Microsoft SQL Server\150\Tools\Binn\;C:\Program Files (x86)\Microsoft SQL Server\150\DTS\Binn\;C:\Program Files\Microsoft SQL Server\150\DTS\Binn\;C:\Program Files\Microsoft SQL Server\Client SDK\ODBC\170\Tools\Binn\;C:\Program Files\dotnet\;C:\Program Files\Git\cmd;C:\Users\MARIA TERESA\AppData\Local\Microsoft\WindowsApps;;C:\Users\MARIA TERESA\AppData\Local\Programs\Microsoft VS Code\bin;C:\Program Files\Azure Data Studio\bin;C:\Users\MARIA TERESA\.dotnet\tools
USERNAME=MARIA TERESA
OS=Windows_NT
PROCESSOR_IDENTIFIER=Intel64 Family 6 Model 37 Stepping 2, GenuineIntel



---------------  S Y S T E M  ---------------

OS: Windows 10 , 64 bit Build 19041 (10.0.19041.1202)
OS uptime: 12 days 10:58 hours

CPU:total 4 (initial active 4) (2 cores per cpu, 2 threads per core) family 6 model 37 stepping 2 microcode 0x11, cmov, cx8, fxsr, mmx, sse, sse2, sse3, ssse3, sse4.1, sse4.2, popcnt, ht, tsc, tscinvbit

Memory: 4k page, system-wide physical 5879M (519M free)
TotalPageFile size 5879M (AvailPageFile size 1M)
current process WorkingSet (physical memory assigned to process): 359M, peak: 367M
current process commit charge ("private bytes"): 388M, peak: 397M

vm_info: OpenJDK 64-Bit Server VM (11.0.10+0-b96-7249189) for windows-amd64 JRE (11.0.10+0-b96-7249189), built on Mar 31 2021 21:44:00 by "builder" with MS VC++ 14.0 (VS2015)

END.
