#
# There is insufficient memory for the Java Runtime Environment to continue.
# Native memory allocation (malloc) failed to allocate 1724016 bytes for Chunk::new
# Possible reasons:
#   The system is out of physical RAM or swap space
#   The process is running with CompressedOops enabled, and the Java Heap may be blocking the growth of the native heap
# Possible solutions:
#   Reduce memory load on the system
#   Increase physical memory or swap space
#   Check if swap backing store is full
#   Decrease Java heap size (-Xmx/-Xms)
#   Decrease number of Java threads
#   Decrease Java thread stack sizes (-Xss)
#   Set larger code cache with -XX:ReservedCodeCacheSize=
#   JVM is running with Unscaled Compressed Oops mode in which the Java heap is
#     placed in the first 4GB address space. The Java Heap base address is the
#     maximum limit for the native heap growth. Please use -XX:HeapBaseMinAddress
#     to set the Java Heap base and to place the Java Heap above 4GB virtual address.
# This output file may be truncated or incomplete.
#
#  Out of Memory Error (./src/hotspot/share/memory/arena.cpp:197), pid=5296, tid=2148
#
# JRE version: OpenJDK Runtime Environment (11.0.10) (build 11.0.10+0-b96-7249189)
# Java VM: OpenJDK 64-Bit Server VM (11.0.10+0-b96-7249189, mixed mode, tiered, compressed oops, g1 gc, windows-amd64)
# No core dump will be written. Minidumps are not enabled by default on client versions of Windows
#

---------------  S U M M A R Y ------------

Command Line: --add-opens=java.base/java.util=ALL-UNNAMED --add-opens=java.base/java.lang=ALL-UNNAMED --add-opens=java.base/java.lang.invoke=ALL-UNNAMED --add-opens=java.base/java.util=ALL-UNNAMED --add-opens=java.prefs/java.util.prefs=ALL-UNNAMED --add-opens=java.prefs/java.util.prefs=ALL-UNNAMED --add-opens=java.base/java.nio.charset=ALL-UNNAMED --add-opens=java.base/java.net=ALL-UNNAMED --add-opens=java.base/java.util.concurrent.atomic=ALL-UNNAMED -Xmx2048m -Dfile.encoding=UTF-8 -Duser.country=CO -Duser.language=es -Duser.variant org.gradle.launcher.daemon.bootstrap.GradleDaemon 7.0.2

Host: Intel(R) Core(TM) i3 CPU         540  @ 3.07GHz, 4 cores, 5G,  Windows 10 , 64 bit Build 19041 (10.0.19041.1348)
Time: Fri Nov 19 16:55:04 2021 Hora est. Pacífico, Sudamérica elapsed time: 24.637361 seconds (0d 0h 0m 24s)

---------------  T H R E A D  ---------------

Current thread (0x000001adf5afa800):  JavaThread "C2 CompilerThread1" daemon [_thread_in_native, id=2148, stack(0x00000030bd400000,0x00000030bd500000)]


Current CompileTask:
C2:  24637 6782 %     4       org.gradle.internal.instantiation.generator.AbstractClassGenerator::inspectType @ 207 (560 bytes)

Stack: [0x00000030bd400000,0x00000030bd500000]
Native frames: (J=compiled Java code, j=interpreted, Vv=VM code, C=native code)
V  [jvm.dll+0x5ecfaa]
V  [jvm.dll+0x722bd5]
V  [jvm.dll+0x72412d]
V  [jvm.dll+0x7247e3]
V  [jvm.dll+0x242928]
V  [jvm.dll+0xbc4fc]
V  [jvm.dll+0xbca0c]
V  [jvm.dll+0x352d7d]
V  [jvm.dll+0x320ad3]
V  [jvm.dll+0x31ffca]
V  [jvm.dll+0x1fb602]
V  [jvm.dll+0x1fa7f4]
V  [jvm.dll+0x18354c]
V  [jvm.dll+0x208ee7]
V  [jvm.dll+0x207731]
V  [jvm.dll+0x6eb1cf]
V  [jvm.dll+0x6e3d45]
V  [jvm.dll+0x5ebe96]
C  [ucrtbase.dll+0x21bb2]
C  [KERNEL32.DLL+0x17034]
C  [ntdll.dll+0x52651]


---------------  P R O C E S S  ---------------

Threads class SMR info:
_java_thread_list=0x000001adef0f2220, length=43, elements={
0x000001add3dec000, 0x000001adee174000, 0x000001adee175800, 0x000001adeeb32800,
0x000001adeeb33800, 0x000001adee17d800, 0x000001adee182800, 0x000001adee18f000,
0x000001adee190800, 0x000001adeec6f000, 0x000001adf10e7800, 0x000001adf04be800,
0x000001adf0267000, 0x000001adf0130000, 0x000001adf0633800, 0x000001adf0d1c000,
0x000001adf0af5000, 0x000001adf0af5800, 0x000001adf0f32000, 0x000001adf1362800,
0x000001adf1363000, 0x000001adf1364000, 0x000001adf1360800, 0x000001adf1365000,
0x000001adf1365800, 0x000001adf1366800, 0x000001adf1367000, 0x000001adf1361800,
0x000001adf3712000, 0x000001adf3712800, 0x000001adf3714000, 0x000001adf3716000,
0x000001adf3716800, 0x000001adf16e6000, 0x000001adf16e7800, 0x000001adf16e8800,
0x000001adf16e7000, 0x000001adf16e2800, 0x000001adf16e9000, 0x000001adf16e3800,
0x000001adf16ea000, 0x000001adf16e5000, 0x000001adf5afa800
}

Java Threads: ( => current thread )
  0x000001add3dec000 JavaThread "main" [_thread_blocked, id=1416, stack(0x00000030ba800000,0x00000030ba900000)]
  0x000001adee174000 JavaThread "Reference Handler" daemon [_thread_blocked, id=5960, stack(0x00000030baf00000,0x00000030bb000000)]
  0x000001adee175800 JavaThread "Finalizer" daemon [_thread_blocked, id=6292, stack(0x00000030bb000000,0x00000030bb100000)]
  0x000001adeeb32800 JavaThread "Signal Dispatcher" daemon [_thread_blocked, id=3932, stack(0x00000030bb100000,0x00000030bb200000)]
  0x000001adeeb33800 JavaThread "Attach Listener" daemon [_thread_blocked, id=2276, stack(0x00000030bb200000,0x00000030bb300000)]
  0x000001adee17d800 JavaThread "Service Thread" daemon [_thread_blocked, id=2156, stack(0x00000030bb300000,0x00000030bb400000)]
  0x000001adee182800 JavaThread "C2 CompilerThread0" daemon [_thread_in_native, id=2724, stack(0x00000030bb400000,0x00000030bb500000)]
  0x000001adee18f000 JavaThread "C1 CompilerThread0" daemon [_thread_blocked, id=8548, stack(0x00000030bb500000,0x00000030bb600000)]
  0x000001adee190800 JavaThread "Sweeper thread" daemon [_thread_blocked, id=7832, stack(0x00000030bb600000,0x00000030bb700000)]
  0x000001adeec6f000 JavaThread "Common-Cleaner" daemon [_thread_blocked, id=4112, stack(0x00000030bb700000,0x00000030bb800000)]
  0x000001adf10e7800 JavaThread "Daemon health stats" [_thread_blocked, id=6604, stack(0x00000030bbb00000,0x00000030bbc00000)]
  0x000001adf04be800 JavaThread "Incoming local TCP Connector on port 65383" [_thread_in_native, id=4808, stack(0x00000030bb900000,0x00000030bba00000)]
  0x000001adf0267000 JavaThread "Daemon periodic checks" [_thread_blocked, id=1256, stack(0x00000030bbc00000,0x00000030bbd00000)]
  0x000001adf0130000 JavaThread "Daemon" [_thread_blocked, id=9032, stack(0x00000030bbd00000,0x00000030bbe00000)]
  0x000001adf0633800 JavaThread "Handler for socket connection from /127.0.0.1:65383 to /127.0.0.1:65384" [_thread_in_native, id=9100, stack(0x00000030bbe00000,0x00000030bbf00000)]
  0x000001adf0d1c000 JavaThread "Cancel handler" [_thread_blocked, id=1844, stack(0x00000030bc100000,0x00000030bc200000)]
  0x000001adf0af5000 JavaThread "Daemon worker" [_thread_in_Java, id=1744, stack(0x00000030bc200000,0x00000030bc300000)]
  0x000001adf0af5800 JavaThread "Asynchronous log dispatcher for DefaultDaemonConnection: socket connection from /127.0.0.1:65383 to /127.0.0.1:65384" [_thread_blocked, id=1500, stack(0x00000030bc300000,0x00000030bc400000)]
  0x000001adf0f32000 JavaThread "Stdin handler" [_thread_blocked, id=8900, stack(0x00000030bc400000,0x00000030bc500000)]
  0x000001adf1362800 JavaThread "Daemon client event forwarder" [_thread_blocked, id=5548, stack(0x00000030bc500000,0x00000030bc600000)]
  0x000001adf1363000 JavaThread "Cache worker for file hash cache (C:\Users\MARIA TERESA\.gradle\caches\7.0.2\fileHashes)" [_thread_blocked, id=6576, stack(0x00000030bc600000,0x00000030bc700000)]
  0x000001adf1364000 JavaThread "File lock request listener" [_thread_in_native, id=8132, stack(0x00000030bc700000,0x00000030bc800000)]
  0x000001adf1360800 JavaThread "Cache worker for journal cache (C:\Users\MARIA TERESA\.gradle\caches\journal-1)" [_thread_blocked, id=3316, stack(0x00000030bc800000,0x00000030bc900000)]
  0x000001adf1365000 JavaThread "Cache worker for file hash cache (G:\DOWNLOADS\androidstudioprojects\.gradle\7.0.2\fileHashes)" [_thread_blocked, id=6748, stack(0x00000030bca00000,0x00000030bcb00000)]
  0x000001adf1365800 JavaThread "File watcher server" daemon [_thread_in_native, id=8328, stack(0x00000030bcb00000,0x00000030bcc00000)]
  0x000001adf1366800 JavaThread "File watcher consumer" daemon [_thread_blocked, id=8672, stack(0x00000030bcc00000,0x00000030bcd00000)]
  0x000001adf1367000 JavaThread "Cache worker for checksums cache (G:\DOWNLOADS\androidstudioprojects\.gradle\checksums)" [_thread_blocked, id=3396, stack(0x00000030bcd00000,0x00000030bce00000)]
  0x000001adf1361800 JavaThread "Cache worker for cache directory md-supplier (C:\Users\MARIA TERESA\.gradle\caches\7.0.2\md-supplier)" [_thread_blocked, id=9172, stack(0x00000030bce00000,0x00000030bcf00000)]
  0x000001adf3712000 JavaThread "Cache worker for cache directory md-rule (C:\Users\MARIA TERESA\.gradle\caches\7.0.2\md-rule)" [_thread_blocked, id=3528, stack(0x00000030bcf00000,0x00000030bd000000)]
  0x000001adf3712800 JavaThread "Cache worker for execution history cache (C:\Users\MARIA TERESA\.gradle\caches\7.0.2\executionHistory)" [_thread_blocked, id=3692, stack(0x00000030bd000000,0x00000030bd100000)]
  0x000001adf3714000 JavaThread "jar transforms" [_thread_blocked, id=4016, stack(0x00000030bd100000,0x00000030bd200000)]
  0x000001adf3716000 JavaThread "jar transforms Thread 2" [_thread_blocked, id=4840, stack(0x00000030bd200000,0x00000030bd300000)]
  0x000001adf3716800 JavaThread "Cache worker for file content cache (C:\Users\MARIA TERESA\.gradle\caches\7.0.2\fileContent)" [_thread_blocked, id=2640, stack(0x00000030bd300000,0x00000030bd400000)]
  0x000001adf16e6000 JavaThread "Cache worker for dependencies-accessors (G:\DOWNLOADS\androidstudioprojects\.gradle\7.0.2\dependencies-accessors)" [_thread_blocked, id=676, stack(0x00000030bc900000,0x00000030bca00000)]
  0x000001adf16e7800 JavaThread "jar transforms Thread 3" [_thread_blocked, id=4540, stack(0x00000030bd500000,0x00000030bd600000)]
  0x000001adf16e8800 JavaThread "Cache worker for Build Output Cleanup Cache (G:\DOWNLOADS\androidstudioprojects\.gradle\buildOutputCleanup)" [_thread_blocked, id=6840, stack(0x00000030bd600000,0x00000030bd700000)]
  0x000001adf16e7000 JavaThread "Build operations" [_thread_blocked, id=4652, stack(0x00000030bd700000,0x00000030bd800000)]
  0x000001adf16e2800 JavaThread "Build operations Thread 2" [_thread_blocked, id=8100, stack(0x00000030bd800000,0x00000030bd900000)]
  0x000001adf16e9000 JavaThread "Build operations Thread 3" [_thread_blocked, id=2020, stack(0x00000030bd900000,0x00000030bda00000)]
  0x000001adf16e3800 JavaThread "Build operations Thread 4" [_thread_blocked, id=2628, stack(0x00000030bda00000,0x00000030bdb00000)]
  0x000001adf16ea000 JavaThread "jar transforms Thread 4" [_thread_blocked, id=1060, stack(0x00000030bdb00000,0x00000030bdc00000)]
  0x000001adf16e5000 JavaThread "Memory manager" [_thread_blocked, id=5488, stack(0x00000030bdc00000,0x00000030bdd00000)]
=>0x000001adf5afa800 JavaThread "C2 CompilerThread1" daemon [_thread_in_native, id=2148, stack(0x00000030bd400000,0x00000030bd500000)]

Other Threads:
  0x000001adee14d000 VMThread "VM Thread" [stack: 0x00000030bae00000,0x00000030baf00000] [id=6560]
  0x000001adeec8c800 WatcherThread [stack: 0x00000030bb800000,0x00000030bb900000] [id=8116]
  0x000001add3e06000 GCTaskThread "GC Thread#0" [stack: 0x00000030ba900000,0x00000030baa00000] [id=1084]
  0x000001adeeb95800 GCTaskThread "GC Thread#1" [stack: 0x00000030bba00000,0x00000030bbb00000] [id=3284]
  0x000001adeeb92800 GCTaskThread "GC Thread#2" [stack: 0x00000030bbf00000,0x00000030bc000000] [id=8016]
  0x000001adeeb96800 GCTaskThread "GC Thread#3" [stack: 0x00000030bc000000,0x00000030bc100000] [id=2772]
  0x000001add3e36800 ConcurrentGCThread "G1 Main Marker" [stack: 0x00000030baa00000,0x00000030bab00000] [id=7996]
  0x000001add3e3e000 ConcurrentGCThread "G1 Conc#0" [stack: 0x00000030bab00000,0x00000030bac00000] [id=6612]
  0x000001add3e9d000 ConcurrentGCThread "G1 Refine#0" [stack: 0x00000030bac00000,0x00000030bad00000] [id=2424]
  0x000001add3e9e000 ConcurrentGCThread "G1 Young RemSet Sampling" [stack: 0x00000030bad00000,0x00000030bae00000] [id=9196]

Threads with active compile tasks:
C2 CompilerThread0  24679 6918   !   4       jdk.internal.loader.Resource::getBytes (242 bytes)
C2 CompilerThread1  24679 6782 %     4       org.gradle.internal.instantiation.generator.AbstractClassGenerator::inspectType @ 207 (560 bytes)

VM state:not at safepoint (normal execution)

VM Mutex/Monitor currently owned by a thread: None

Heap address: 0x0000000080000000, size: 2048 MB, Compressed Oops mode: 32-bit
Narrow klass base: 0x0000000000000000, Narrow klass shift: 3
Compressed class space size: 1073741824 Address: 0x0000000100000000

Heap:
 garbage-first heap   total 137216K, used 98839K [0x0000000080000000, 0x0000000100000000)
  region size 1024K, 48 young (49152K), 8 survivors (8192K)
 Metaspace       used 70173K, capacity 71778K, committed 71936K, reserved 1112064K
  class space    used 9039K, capacity 9626K, committed 9728K, reserved 1048576K
Heap Regions: E=young(eden), S=young(survivor), O=old, HS=humongous(starts), HC=humongous(continues), CS=collection set, F=free, A=archive, TAMS=top-at-mark-start (previous, next)
|   0|0x0000000080000000, 0x0000000080100000, 0x0000000080100000|100%|HS|  |TAMS 0x0000000080100000, 0x0000000080000000| Complete 
|   1|0x0000000080100000, 0x0000000080200000, 0x0000000080200000|100%|HC|  |TAMS 0x0000000080200000, 0x0000000080100000| Complete 
|   2|0x0000000080200000, 0x0000000080300000, 0x0000000080300000|100%|HC|  |TAMS 0x0000000080300000, 0x0000000080200000| Complete 
|   3|0x0000000080300000, 0x0000000080400000, 0x0000000080400000|100%| O|  |TAMS 0x0000000080400000, 0x0000000080300000| Untracked 
|   4|0x0000000080400000, 0x0000000080500000, 0x0000000080500000|100%| O|  |TAMS 0x0000000080500000, 0x0000000080400000| Untracked 
|   5|0x0000000080500000, 0x0000000080600000, 0x0000000080600000|100%| O|  |TAMS 0x0000000080600000, 0x0000000080500000| Untracked 
|   6|0x0000000080600000, 0x0000000080700000, 0x0000000080700000|100%| O|  |TAMS 0x0000000080700000, 0x0000000080600000| Untracked 
|   7|0x0000000080700000, 0x0000000080800000, 0x0000000080800000|100%| O|  |TAMS 0x0000000080800000, 0x0000000080700000| Untracked 
|   8|0x0000000080800000, 0x0000000080900000, 0x0000000080900000|100%| O|  |TAMS 0x0000000080900000, 0x0000000080800000| Untracked 
|   9|0x0000000080900000, 0x0000000080a00000, 0x0000000080a00000|100%| O|  |TAMS 0x0000000080a00000, 0x0000000080900000| Untracked 
|  10|0x0000000080a00000, 0x0000000080b00000, 0x0000000080b00000|100%| O|  |TAMS 0x0000000080b00000, 0x0000000080a00000| Untracked 
|  11|0x0000000080b00000, 0x0000000080c00000, 0x0000000080c00000|100%| O|  |TAMS 0x0000000080c00000, 0x0000000080b00000| Untracked 
|  12|0x0000000080c00000, 0x0000000080d00000, 0x0000000080d00000|100%| O|  |TAMS 0x0000000080d00000, 0x0000000080c00000| Untracked 
|  13|0x0000000080d00000, 0x0000000080e00000, 0x0000000080e00000|100%| O|  |TAMS 0x0000000080e00000, 0x0000000080d00000| Untracked 
|  14|0x0000000080e00000, 0x0000000080f00000, 0x0000000080f00000|100%| O|  |TAMS 0x0000000080f00000, 0x0000000080e00000| Untracked 
|  15|0x0000000080f00000, 0x0000000081000000, 0x0000000081000000|100%| O|  |TAMS 0x0000000081000000, 0x0000000080f00000| Untracked 
|  16|0x0000000081000000, 0x0000000081100000, 0x0000000081100000|100%| O|  |TAMS 0x0000000081100000, 0x0000000081000000| Untracked 
|  17|0x0000000081100000, 0x0000000081200000, 0x0000000081200000|100%|HS|  |TAMS 0x0000000081200000, 0x0000000081100000| Complete 
|  18|0x0000000081200000, 0x0000000081300000, 0x0000000081300000|100%| O|  |TAMS 0x0000000081300000, 0x0000000081200000| Untracked 
|  19|0x0000000081300000, 0x0000000081400000, 0x0000000081400000|100%| O|  |TAMS 0x0000000081400000, 0x0000000081300000| Untracked 
|  20|0x0000000081400000, 0x0000000081500000, 0x0000000081500000|100%| O|  |TAMS 0x0000000081500000, 0x0000000081400000| Untracked 
|  21|0x0000000081500000, 0x0000000081600000, 0x0000000081600000|100%| O|  |TAMS 0x0000000081600000, 0x0000000081500000| Untracked 
|  22|0x0000000081600000, 0x0000000081700000, 0x0000000081700000|100%| O|  |TAMS 0x0000000081700000, 0x0000000081600000| Untracked 
|  23|0x0000000081700000, 0x0000000081800000, 0x0000000081800000|100%| O|  |TAMS 0x0000000081800000, 0x0000000081700000| Untracked 
|  24|0x0000000081800000, 0x0000000081900000, 0x0000000081900000|100%| O|  |TAMS 0x0000000081900000, 0x0000000081800000| Untracked 
|  25|0x0000000081900000, 0x0000000081a00000, 0x0000000081a00000|100%| O|  |TAMS 0x0000000081a00000, 0x0000000081900000| Untracked 
|  26|0x0000000081a00000, 0x0000000081b00000, 0x0000000081b00000|100%| O|  |TAMS 0x0000000081b00000, 0x0000000081a00000| Untracked 
|  27|0x0000000081b00000, 0x0000000081c00000, 0x0000000081c00000|100%| O|  |TAMS 0x0000000081c00000, 0x0000000081b00000| Untracked 
|  28|0x0000000081c00000, 0x0000000081d00000, 0x0000000081d00000|100%|HS|  |TAMS 0x0000000081d00000, 0x0000000081c00000| Complete 
|  29|0x0000000081d00000, 0x0000000081e00000, 0x0000000081e00000|100%|HS|  |TAMS 0x0000000081e00000, 0x0000000081d00000| Complete 
|  30|0x0000000081e00000, 0x0000000081f00000, 0x0000000081f00000|100%|HS|  |TAMS 0x0000000081f00000, 0x0000000081e00000| Complete 
|  31|0x0000000081f00000, 0x0000000082000000, 0x0000000082000000|100%|HC|  |TAMS 0x0000000082000000, 0x0000000081f00000| Complete 
|  32|0x0000000082000000, 0x0000000082100000, 0x0000000082100000|100%|HC|  |TAMS 0x0000000082100000, 0x0000000082000000| Complete 
|  33|0x0000000082100000, 0x0000000082200000, 0x0000000082200000|100%|HS|  |TAMS 0x0000000082200000, 0x0000000082100000| Complete 
|  34|0x0000000082200000, 0x0000000082300000, 0x0000000082300000|100%|HC|  |TAMS 0x0000000082300000, 0x0000000082200000| Complete 
|  35|0x0000000082300000, 0x0000000082400000, 0x0000000082400000|100%| O|  |TAMS 0x0000000082400000, 0x0000000082300000| Untracked 
|  36|0x0000000082400000, 0x0000000082500000, 0x0000000082500000|100%| O|  |TAMS 0x0000000082500000, 0x0000000082400000| Untracked 
|  37|0x0000000082500000, 0x0000000082600000, 0x0000000082600000|100%| O|  |TAMS 0x0000000082600000, 0x0000000082500000| Untracked 
|  38|0x0000000082600000, 0x0000000082700000, 0x0000000082700000|100%| O|  |TAMS 0x0000000082700000, 0x0000000082600000| Untracked 
|  39|0x0000000082700000, 0x0000000082800000, 0x0000000082800000|100%| O|  |TAMS 0x0000000082800000, 0x0000000082700000| Untracked 
|  40|0x0000000082800000, 0x0000000082900000, 0x0000000082900000|100%| O|  |TAMS 0x0000000082900000, 0x0000000082800000| Untracked 
|  41|0x0000000082900000, 0x0000000082a00000, 0x0000000082a00000|100%| O|  |TAMS 0x0000000082a00000, 0x0000000082900000| Untracked 
|  42|0x0000000082a00000, 0x0000000082b00000, 0x0000000082b00000|100%| O|  |TAMS 0x0000000082b00000, 0x0000000082a00000| Untracked 
|  43|0x0000000082b00000, 0x0000000082c00000, 0x0000000082c00000|100%| O|  |TAMS 0x0000000082c00000, 0x0000000082b00000| Untracked 
|  44|0x0000000082c00000, 0x0000000082d00000, 0x0000000082d00000|100%| O|  |TAMS 0x0000000082d00000, 0x0000000082c00000| Untracked 
|  45|0x0000000082d00000, 0x0000000082e00000, 0x0000000082e00000|100%| O|  |TAMS 0x0000000082e00000, 0x0000000082d00000| Untracked 
|  46|0x0000000082e00000, 0x0000000082f00000, 0x0000000082f00000|100%| O|  |TAMS 0x0000000082e87600, 0x0000000082e00000| Untracked 
|  47|0x0000000082f00000, 0x0000000083000000, 0x0000000083000000|100%| O|  |TAMS 0x0000000082f00000, 0x0000000082f00000| Untracked 
|  48|0x0000000083000000, 0x0000000083100000, 0x0000000083100000|100%| O|  |TAMS 0x0000000083000000, 0x0000000083000000| Untracked 
|  49|0x0000000083100000, 0x0000000083185e00, 0x0000000083200000| 52%| O|  |TAMS 0x0000000083100000, 0x0000000083100000| Untracked 
|  50|0x0000000083200000, 0x0000000083200000, 0x0000000083300000|  0%| F|  |TAMS 0x0000000083200000, 0x0000000083200000| Untracked 
|  51|0x0000000083300000, 0x0000000083300000, 0x0000000083400000|  0%| F|  |TAMS 0x0000000083300000, 0x0000000083300000| Untracked 
|  52|0x0000000083400000, 0x0000000083400000, 0x0000000083500000|  0%| F|  |TAMS 0x0000000083400000, 0x0000000083400000| Untracked 
|  53|0x0000000083500000, 0x0000000083500000, 0x0000000083600000|  0%| F|  |TAMS 0x0000000083500000, 0x0000000083500000| Untracked 
|  54|0x0000000083600000, 0x0000000083600000, 0x0000000083700000|  0%| F|  |TAMS 0x0000000083600000, 0x0000000083600000| Untracked 
|  55|0x0000000083700000, 0x0000000083700000, 0x0000000083800000|  0%| F|  |TAMS 0x0000000083700000, 0x0000000083700000| Untracked 
|  56|0x0000000083800000, 0x0000000083800000, 0x0000000083900000|  0%| F|  |TAMS 0x0000000083800000, 0x0000000083800000| Untracked 
|  57|0x0000000083900000, 0x0000000083900000, 0x0000000083a00000|  0%| F|  |TAMS 0x0000000083900000, 0x0000000083900000| Untracked 
|  58|0x0000000083a00000, 0x0000000083a00000, 0x0000000083b00000|  0%| F|  |TAMS 0x0000000083a00000, 0x0000000083a00000| Untracked 
|  59|0x0000000083b00000, 0x0000000083b00000, 0x0000000083c00000|  0%| F|  |TAMS 0x0000000083b00000, 0x0000000083b00000| Untracked 
|  60|0x0000000083c00000, 0x0000000083c00000, 0x0000000083d00000|  0%| F|  |TAMS 0x0000000083c00000, 0x0000000083c00000| Untracked 
|  61|0x0000000083d00000, 0x0000000083d00000, 0x0000000083e00000|  0%| F|  |TAMS 0x0000000083d00000, 0x0000000083d00000| Untracked 
|  62|0x0000000083e00000, 0x0000000083e00000, 0x0000000083f00000|  0%| F|  |TAMS 0x0000000083e00000, 0x0000000083e00000| Untracked 
|  63|0x0000000083f00000, 0x0000000083f00000, 0x0000000084000000|  0%| F|  |TAMS 0x0000000083f00000, 0x0000000083f00000| Untracked 
|  64|0x0000000084000000, 0x0000000084000000, 0x0000000084100000|  0%| F|  |TAMS 0x0000000084000000, 0x0000000084000000| Untracked 
|  65|0x0000000084100000, 0x0000000084100000, 0x0000000084200000|  0%| F|  |TAMS 0x0000000084100000, 0x0000000084100000| Untracked 
|  66|0x0000000084200000, 0x0000000084200000, 0x0000000084300000|  0%| F|  |TAMS 0x0000000084200000, 0x0000000084200000| Untracked 
|  67|0x0000000084300000, 0x0000000084300000, 0x0000000084400000|  0%| F|  |TAMS 0x0000000084300000, 0x0000000084300000| Untracked 
|  68|0x0000000084400000, 0x0000000084400000, 0x0000000084500000|  0%| F|  |TAMS 0x0000000084400000, 0x0000000084400000| Untracked 
|  69|0x0000000084500000, 0x0000000084600000, 0x0000000084600000|100%| S|CS|TAMS 0x0000000084500000, 0x0000000084500000| Complete 
|  70|0x0000000084600000, 0x0000000084700000, 0x0000000084700000|100%| S|CS|TAMS 0x0000000084600000, 0x0000000084600000| Complete 
|  71|0x0000000084700000, 0x0000000084700000, 0x0000000084800000|  0%| F|  |TAMS 0x0000000084700000, 0x0000000084700000| Untracked 
|  72|0x0000000084800000, 0x0000000084800000, 0x0000000084900000|  0%| F|  |TAMS 0x0000000084800000, 0x0000000084800000| Untracked 
|  73|0x0000000084900000, 0x0000000084900000, 0x0000000084a00000|  0%| F|  |TAMS 0x0000000084900000, 0x0000000084900000| Untracked 
|  74|0x0000000084a00000, 0x0000000084a00000, 0x0000000084b00000|  0%| F|  |TAMS 0x0000000084a00000, 0x0000000084a00000| Untracked 
|  75|0x0000000084b00000, 0x0000000084b00000, 0x0000000084c00000|  0%| F|  |TAMS 0x0000000084b00000, 0x0000000084b00000| Untracked 
|  76|0x0000000084c00000, 0x0000000084c00000, 0x0000000084d00000|  0%| F|  |TAMS 0x0000000084c00000, 0x0000000084c00000| Untracked 
|  77|0x0000000084d00000, 0x0000000084d00000, 0x0000000084e00000|  0%| F|  |TAMS 0x0000000084d00000, 0x0000000084d00000| Untracked 
|  78|0x0000000084e00000, 0x0000000084f00000, 0x0000000084f00000|100%| S|CS|TAMS 0x0000000084e00000, 0x0000000084e00000| Complete 
|  79|0x0000000084f00000, 0x0000000085000000, 0x0000000085000000|100%| S|CS|TAMS 0x0000000084f00000, 0x0000000084f00000| Complete 
|  80|0x0000000085000000, 0x0000000085100000, 0x0000000085100000|100%| S|CS|TAMS 0x0000000085000000, 0x0000000085000000| Complete 
|  81|0x0000000085100000, 0x0000000085200000, 0x0000000085200000|100%| S|CS|TAMS 0x0000000085100000, 0x0000000085100000| Complete 
|  82|0x0000000085200000, 0x0000000085300000, 0x0000000085300000|100%| S|CS|TAMS 0x0000000085200000, 0x0000000085200000| Complete 
|  83|0x0000000085300000, 0x0000000085400000, 0x0000000085400000|100%| S|CS|TAMS 0x0000000085300000, 0x0000000085300000| Complete 
|  84|0x0000000085400000, 0x0000000085400000, 0x0000000085500000|  0%| F|  |TAMS 0x0000000085400000, 0x0000000085400000| Untracked 
|  85|0x0000000085500000, 0x0000000085500000, 0x0000000085600000|  0%| F|  |TAMS 0x0000000085500000, 0x0000000085500000| Untracked 
|  86|0x0000000085600000, 0x0000000085600000, 0x0000000085700000|  0%| F|  |TAMS 0x0000000085600000, 0x0000000085600000| Untracked 
|  87|0x0000000085700000, 0x0000000085700000, 0x0000000085800000|  0%| F|  |TAMS 0x0000000085700000, 0x0000000085700000| Untracked 
|  88|0x0000000085800000, 0x0000000085800000, 0x0000000085900000|  0%| F|  |TAMS 0x0000000085800000, 0x0000000085800000| Untracked 
|  89|0x0000000085900000, 0x0000000085900000, 0x0000000085a00000|  0%| F|  |TAMS 0x0000000085900000, 0x0000000085900000| Untracked 
|  90|0x0000000085a00000, 0x0000000085a00000, 0x0000000085b00000|  0%| F|  |TAMS 0x0000000085a00000, 0x0000000085a00000| Untracked 
|  91|0x0000000085b00000, 0x0000000085b00000, 0x0000000085c00000|  0%| F|  |TAMS 0x0000000085b00000, 0x0000000085b00000| Untracked 
|  92|0x0000000085c00000, 0x0000000085c00000, 0x0000000085d00000|  0%| F|  |TAMS 0x0000000085c00000, 0x0000000085c00000| Untracked 
|  93|0x0000000085d00000, 0x0000000085d00000, 0x0000000085e00000|  0%| F|  |TAMS 0x0000000085d00000, 0x0000000085d00000| Untracked 
|  94|0x0000000085e00000, 0x0000000085f00000, 0x0000000085f00000|100%| E|  |TAMS 0x0000000085e00000, 0x0000000085e00000| Complete 
|  95|0x0000000085f00000, 0x0000000086000000, 0x0000000086000000|100%| E|CS|TAMS 0x0000000085f00000, 0x0000000085f00000| Complete 
|  96|0x0000000086000000, 0x0000000086100000, 0x0000000086100000|100%| E|CS|TAMS 0x0000000086000000, 0x0000000086000000| Complete 
|  97|0x0000000086100000, 0x0000000086200000, 0x0000000086200000|100%| E|CS|TAMS 0x0000000086100000, 0x0000000086100000| Complete 
|  98|0x0000000086200000, 0x0000000086300000, 0x0000000086300000|100%| E|CS|TAMS 0x0000000086200000, 0x0000000086200000| Complete 
|  99|0x0000000086300000, 0x0000000086400000, 0x0000000086400000|100%| E|CS|TAMS 0x0000000086300000, 0x0000000086300000| Complete 
| 100|0x0000000086400000, 0x0000000086500000, 0x0000000086500000|100%| E|CS|TAMS 0x0000000086400000, 0x0000000086400000| Complete 
| 101|0x0000000086500000, 0x0000000086600000, 0x0000000086600000|100%| E|CS|TAMS 0x0000000086500000, 0x0000000086500000| Complete 
| 102|0x0000000086600000, 0x0000000086700000, 0x0000000086700000|100%| E|CS|TAMS 0x0000000086600000, 0x0000000086600000| Complete 
| 103|0x0000000086700000, 0x0000000086800000, 0x0000000086800000|100%| E|CS|TAMS 0x0000000086700000, 0x0000000086700000| Complete 
| 104|0x0000000086800000, 0x0000000086900000, 0x0000000086900000|100%| E|CS|TAMS 0x0000000086800000, 0x0000000086800000| Complete 
| 105|0x0000000086900000, 0x0000000086a00000, 0x0000000086a00000|100%| E|CS|TAMS 0x0000000086900000, 0x0000000086900000| Complete 
| 106|0x0000000086a00000, 0x0000000086b00000, 0x0000000086b00000|100%| E|CS|TAMS 0x0000000086a00000, 0x0000000086a00000| Complete 
| 107|0x0000000086b00000, 0x0000000086c00000, 0x0000000086c00000|100%| E|CS|TAMS 0x0000000086b00000, 0x0000000086b00000| Complete 
| 108|0x0000000086c00000, 0x0000000086d00000, 0x0000000086d00000|100%| E|CS|TAMS 0x0000000086c00000, 0x0000000086c00000| Complete 
| 109|0x0000000086d00000, 0x0000000086e00000, 0x0000000086e00000|100%| E|CS|TAMS 0x0000000086d00000, 0x0000000086d00000| Complete 
| 110|0x0000000086e00000, 0x0000000086f00000, 0x0000000086f00000|100%| E|CS|TAMS 0x0000000086e00000, 0x0000000086e00000| Complete 
| 111|0x0000000086f00000, 0x0000000087000000, 0x0000000087000000|100%| E|CS|TAMS 0x0000000086f00000, 0x0000000086f00000| Complete 
| 112|0x0000000087000000, 0x0000000087100000, 0x0000000087100000|100%| E|CS|TAMS 0x0000000087000000, 0x0000000087000000| Complete 
| 113|0x0000000087100000, 0x0000000087200000, 0x0000000087200000|100%| E|CS|TAMS 0x0000000087100000, 0x0000000087100000| Complete 
| 114|0x0000000087200000, 0x0000000087300000, 0x0000000087300000|100%| E|CS|TAMS 0x0000000087200000, 0x0000000087200000| Complete 
| 115|0x0000000087300000, 0x0000000087400000, 0x0000000087400000|100%| E|CS|TAMS 0x0000000087300000, 0x0000000087300000| Complete 
| 116|0x0000000087400000, 0x0000000087500000, 0x0000000087500000|100%| E|CS|TAMS 0x0000000087400000, 0x0000000087400000| Complete 
| 117|0x0000000087500000, 0x0000000087600000, 0x0000000087600000|100%| E|CS|TAMS 0x0000000087500000, 0x0000000087500000| Complete 
| 118|0x0000000087600000, 0x0000000087700000, 0x0000000087700000|100%| E|CS|TAMS 0x0000000087600000, 0x0000000087600000| Complete 
| 119|0x0000000087700000, 0x0000000087800000, 0x0000000087800000|100%| E|CS|TAMS 0x0000000087700000, 0x0000000087700000| Complete 
| 120|0x0000000087800000, 0x0000000087900000, 0x0000000087900000|100%| E|CS|TAMS 0x0000000087800000, 0x0000000087800000| Complete 
| 121|0x0000000087900000, 0x0000000087a00000, 0x0000000087a00000|100%| E|CS|TAMS 0x0000000087900000, 0x0000000087900000| Complete 
| 122|0x0000000087a00000, 0x0000000087b00000, 0x0000000087b00000|100%| E|CS|TAMS 0x0000000087a00000, 0x0000000087a00000| Complete 
| 123|0x0000000087b00000, 0x0000000087c00000, 0x0000000087c00000|100%| E|CS|TAMS 0x0000000087b00000, 0x0000000087b00000| Complete 
| 124|0x0000000087c00000, 0x0000000087d00000, 0x0000000087d00000|100%| E|CS|TAMS 0x0000000087c00000, 0x0000000087c00000| Complete 
| 125|0x0000000087d00000, 0x0000000087e00000, 0x0000000087e00000|100%| E|CS|TAMS 0x0000000087d00000, 0x0000000087d00000| Complete 
| 126|0x0000000087e00000, 0x0000000087f00000, 0x0000000087f00000|100%| E|CS|TAMS 0x0000000087e00000, 0x0000000087e00000| Complete 
| 127|0x0000000087f00000, 0x0000000088000000, 0x0000000088000000|100%| E|CS|TAMS 0x0000000087f00000, 0x0000000087f00000| Complete 
| 128|0x0000000088000000, 0x0000000088100000, 0x0000000088100000|100%| E|CS|TAMS 0x0000000088000000, 0x0000000088000000| Complete 
| 129|0x0000000088100000, 0x0000000088200000, 0x0000000088200000|100%| E|CS|TAMS 0x0000000088100000, 0x0000000088100000| Complete 
| 130|0x0000000088200000, 0x0000000088300000, 0x0000000088300000|100%| E|CS|TAMS 0x0000000088200000, 0x0000000088200000| Complete 
| 131|0x0000000088300000, 0x0000000088400000, 0x0000000088400000|100%| E|CS|TAMS 0x0000000088300000, 0x0000000088300000| Complete 
| 132|0x0000000088400000, 0x0000000088500000, 0x0000000088500000|100%| E|CS|TAMS 0x0000000088400000, 0x0000000088400000| Complete 
| 133|0x0000000088500000, 0x0000000088600000, 0x0000000088600000|100%| E|CS|TAMS 0x0000000088500000, 0x0000000088500000| Complete 

Card table byte_map: [0x000001ade7330000,0x000001ade7730000] _byte_map_base: 0x000001ade6f30000

Marking Bits (Prev, Next): (CMBitMap*) 0x000001add3e2ddf8, (CMBitMap*) 0x000001add3e2de30
 Prev Bits: [0x000001ade7b30000, 0x000001ade9b30000)
 Next Bits: [0x000001ade9b30000, 0x000001adebb30000)

Polling page: 0x000001add27a0000

Metaspace:

Usage:
  Non-class:     60.70 MB capacity,    59.73 MB ( 98%) used,   819.27 KB (  1%) free+waste,   172.75 KB ( <1%) overhead. 
      Class:      9.40 MB capacity,     8.83 MB ( 94%) used,   502.62 KB (  5%) free+waste,    80.38 KB ( <1%) overhead. 
       Both:     70.10 MB capacity,    68.56 MB ( 98%) used,     1.29 MB (  2%) free+waste,   253.13 KB ( <1%) overhead. 

Virtual space:
  Non-class space:       62.00 MB reserved,      60.75 MB ( 98%) committed 
      Class space:        1.00 GB reserved,       9.50 MB ( <1%) committed 
             Both:        1.06 GB reserved,      70.25 MB (  6%) committed 

Chunk freelists:
   Non-Class:  56.00 KB
       Class:  6.00 KB
        Both:  62.00 KB

MaxMetaspaceSize: 17179869184.00 GB
CompressedClassSpaceSize: 1.00 GB

CodeHeap 'non-profiled nmethods': size=120064Kb used=4356Kb max_used=4356Kb free=115707Kb
 bounds [0x000001addf3b0000, 0x000001addf800000, 0x000001ade68f0000]
CodeHeap 'profiled nmethods': size=120000Kb used=14831Kb max_used=14831Kb free=105168Kb
 bounds [0x000001add7e80000, 0x000001add8d00000, 0x000001addf3b0000]
CodeHeap 'non-nmethods': size=5696Kb used=2252Kb max_used=2297Kb free=3443Kb
 bounds [0x000001add78f0000, 0x000001add7b60000, 0x000001add7e80000]
 total_blobs=7757 nmethods=6901 adapters=768
 compilation: enabled
              stopped_count=0, restarted_count=0
 full_count=0

Compilation events (20 events):
Event: 24.613 Thread 0x000001adee18f000 6908       3       org.gradle.api.internal.tasks.DefaultTaskContainer_Decorated::getInstantiator (39 bytes)
Event: 24.614 Thread 0x000001adee18f000 nmethod 6908 0x000001add8cef690 code [0x000001add8cef8c0, 0x000001add8cf0048]
Event: 24.614 Thread 0x000001adee18f000 6909       3       org.gradle.internal.ImmutableActionSet::access$300 (6 bytes)
Event: 24.614 Thread 0x000001adee18f000 nmethod 6909 0x000001add8cf0290 code [0x000001add8cf04a0, 0x000001add8cf09a8]
Event: 24.614 Thread 0x000001adee18f000 6910       3       org.gradle.internal.ImmutableActionSet::plus (24 bytes)
Event: 24.615 Thread 0x000001adee18f000 nmethod 6910 0x000001add8cf0b90 code [0x000001add8cf0dc0, 0x000001add8cf14a8]
Event: 24.618 Thread 0x000001adee18f000 6911       3       java.security.ProtectionDomain::<init> (99 bytes)
Event: 24.619 Thread 0x000001adee18f000 nmethod 6911 0x000001add8cf1710 code [0x000001add8cf1940, 0x000001add8cf2428]
Event: 24.625 Thread 0x000001adee18f000 6912       3       org.gradle.invocation.DefaultGradle_Decorated::getIdentityPath (39 bytes)
Event: 24.627 Thread 0x000001adee18f000 nmethod 6912 0x000001add8cf2690 code [0x000001add8cf29a0, 0x000001add8cf3e48]
Event: 24.627 Thread 0x000001adee18f000 6914       3       org.gradle.model.internal.core.ModelPath::compareTo (19 bytes)
Event: 24.627 Thread 0x000001adee18f000 nmethod 6914 0x000001add8cf4390 code [0x000001add8cf4560, 0x000001add8cf46e8]
Event: 24.627 Thread 0x000001adee18f000 6915       3       org.gradle.api.internal.file.DefaultFilePropertyFactory::newDirectoryProperty (20 bytes)
Event: 24.628 Thread 0x000001adee18f000 nmethod 6915 0x000001add8cf4810 code [0x000001add8cf4a80, 0x000001add8cf5658]
Event: 24.628 Thread 0x000001adee18f000 6916       3       org.gradle.api.internal.file.DefaultFilePropertyFactory$DefaultDirectoryVar::<init> (18 bytes)
Event: 24.629 Thread 0x000001adee18f000 nmethod 6916 0x000001add8cf5a90 code [0x000001add8cf5ce0, 0x000001add8cf67d8]
Event: 24.629 Thread 0x000001adee18f000 6917       3       org.gradle.api.internal.model.DefaultObjectFactory::directoryProperty (10 bytes)
Event: 24.630 Thread 0x000001adee18f000 nmethod 6917 0x000001add8cf6b90 code [0x000001add8cf6d80, 0x000001add8cf7188]
Event: 24.630 Thread 0x000001adee18f000 6913       3       org.gradle.invocation.DefaultGradle::getIdentityPath (35 bytes)
Event: 24.630 Thread 0x000001adee18f000 nmethod 6913 0x000001add8cf7390 code [0x000001add8cf75a0, 0x000001add8cf7cc8]

GC Heap History (20 events):
Event: 5.448 GC heap before
{Heap before GC invocations=6 (full 0):
 garbage-first heap   total 94208K, used 57152K [0x0000000080000000, 0x0000000100000000)
  region size 1024K, 41 young (41984K), 2 survivors (2048K)
 Metaspace       used 24550K, capacity 25122K, committed 25472K, reserved 1071104K
  class space    used 3160K, capacity 3355K, committed 3456K, reserved 1048576K
}
Event: 5.456 GC heap after
{Heap after GC invocations=7 (full 0):
 garbage-first heap   total 113664K, used 18441K [0x0000000080000000, 0x0000000100000000)
  region size 1024K, 3 young (3072K), 3 survivors (3072K)
 Metaspace       used 24550K, capacity 25122K, committed 25472K, reserved 1071104K
  class space    used 3160K, capacity 3355K, committed 3456K, reserved 1048576K
}
Event: 6.966 GC heap before
{Heap before GC invocations=7 (full 0):
 garbage-first heap   total 113664K, used 72713K [0x0000000080000000, 0x0000000100000000)
  region size 1024K, 56 young (57344K), 3 survivors (3072K)
 Metaspace       used 30017K, capacity 30747K, committed 30976K, reserved 1075200K
  class space    used 4021K, capacity 4274K, committed 4352K, reserved 1048576K
}
Event: 6.977 GC heap after
{Heap after GC invocations=8 (full 0):
 garbage-first heap   total 113664K, used 19923K [0x0000000080000000, 0x0000000100000000)
  region size 1024K, 5 young (5120K), 5 survivors (5120K)
 Metaspace       used 30017K, capacity 30747K, committed 30976K, reserved 1075200K
  class space    used 4021K, capacity 4274K, committed 4352K, reserved 1048576K
}
Event: 8.734 GC heap before
{Heap before GC invocations=8 (full 0):
 garbage-first heap   total 113664K, used 36307K [0x0000000080000000, 0x0000000100000000)
  region size 1024K, 22 young (22528K), 5 survivors (5120K)
 Metaspace       used 35077K, capacity 35830K, committed 35840K, reserved 1081344K
  class space    used 4543K, capacity 4864K, committed 4864K, reserved 1048576K
}
Event: 8.750 GC heap after
{Heap after GC invocations=9 (full 0):
 garbage-first heap   total 113664K, used 22518K [0x0000000080000000, 0x0000000100000000)
  region size 1024K, 6 young (6144K), 6 survivors (6144K)
 Metaspace       used 35077K, capacity 35830K, committed 35840K, reserved 1081344K
  class space    used 4543K, capacity 4864K, committed 4864K, reserved 1048576K
}
Event: 13.397 GC heap before
{Heap before GC invocations=10 (full 0):
 garbage-first heap   total 113664K, used 81910K [0x0000000080000000, 0x0000000100000000)
  region size 1024K, 62 young (63488K), 6 survivors (6144K)
 Metaspace       used 39231K, capacity 40127K, committed 40192K, reserved 1083392K
  class space    used 5001K, capacity 5352K, committed 5376K, reserved 1048576K
}
Event: 13.417 GC heap after
{Heap after GC invocations=11 (full 0):
 garbage-first heap   total 113664K, used 27091K [0x0000000080000000, 0x0000000100000000)
  region size 1024K, 8 young (8192K), 8 survivors (8192K)
 Metaspace       used 39231K, capacity 40127K, committed 40192K, reserved 1083392K
  class space    used 5001K, capacity 5352K, committed 5376K, reserved 1048576K
}
Event: 14.679 GC heap before
{Heap before GC invocations=11 (full 0):
 garbage-first heap   total 113664K, used 83411K [0x0000000080000000, 0x0000000100000000)
  region size 1024K, 63 young (64512K), 8 survivors (8192K)
 Metaspace       used 44330K, capacity 45357K, committed 45568K, reserved 1089536K
  class space    used 5684K, capacity 6068K, committed 6144K, reserved 1048576K
}
Event: 14.699 GC heap after
{Heap after GC invocations=12 (full 0):
 garbage-first heap   total 137216K, used 29669K [0x0000000080000000, 0x0000000100000000)
  region size 1024K, 3 young (3072K), 3 survivors (3072K)
 Metaspace       used 44330K, capacity 45357K, committed 45568K, reserved 1089536K
  class space    used 5684K, capacity 6068K, committed 6144K, reserved 1048576K
}
Event: 17.399 GC heap before
{Heap before GC invocations=12 (full 0):
 garbage-first heap   total 137216K, used 102373K [0x0000000080000000, 0x0000000100000000)
  region size 1024K, 66 young (67584K), 3 survivors (3072K)
 Metaspace       used 47575K, capacity 48798K, committed 49024K, reserved 1091584K
  class space    used 6067K, capacity 6502K, committed 6528K, reserved 1048576K
}
Event: 17.413 GC heap after
{Heap after GC invocations=13 (full 0):
 garbage-first heap   total 137216K, used 47409K [0x0000000080000000, 0x0000000100000000)
  region size 1024K, 9 young (9216K), 9 survivors (9216K)
 Metaspace       used 47575K, capacity 48798K, committed 49024K, reserved 1091584K
  class space    used 6067K, capacity 6502K, committed 6528K, reserved 1048576K
}
Event: 19.460 GC heap before
{Heap before GC invocations=13 (full 0):
 garbage-first heap   total 137216K, used 103729K [0x0000000080000000, 0x0000000100000000)
  region size 1024K, 64 young (65536K), 9 survivors (9216K)
 Metaspace       used 55516K, capacity 56941K, committed 57216K, reserved 1099776K
  class space    used 7017K, capacity 7518K, committed 7552K, reserved 1048576K
}
Event: 19.476 GC heap after
{Heap after GC invocations=14 (full 0):
 garbage-first heap   total 137216K, used 49927K [0x0000000080000000, 0x0000000100000000)
  region size 1024K, 3 young (3072K), 3 survivors (3072K)
 Metaspace       used 55516K, capacity 56941K, committed 57216K, reserved 1099776K
  class space    used 7017K, capacity 7518K, committed 7552K, reserved 1048576K
}
Event: 20.374 GC heap before
{Heap before GC invocations=14 (full 0):
 garbage-first heap   total 137216K, used 70407K [0x0000000080000000, 0x0000000100000000)
  region size 1024K, 24 young (24576K), 3 survivors (3072K)
 Metaspace       used 58535K, capacity 60031K, committed 60160K, reserved 1101824K
  class space    used 7414K, capacity 7948K, committed 8064K, reserved 1048576K
}
Event: 20.383 GC heap after
{Heap after GC invocations=15 (full 0):
 garbage-first heap   total 137216K, used 51164K [0x0000000080000000, 0x0000000100000000)
  region size 1024K, 4 young (4096K), 4 survivors (4096K)
 Metaspace       used 58535K, capacity 60031K, committed 60160K, reserved 1101824K
  class space    used 7414K, capacity 7948K, committed 8064K, reserved 1048576K
}
Event: 21.939 GC heap before
{Heap before GC invocations=16 (full 0):
 garbage-first heap   total 137216K, used 104412K [0x0000000080000000, 0x0000000100000000)
  region size 1024K, 56 young (57344K), 4 survivors (4096K)
 Metaspace       used 63754K, capacity 65266K, committed 65536K, reserved 1105920K
  class space    used 8073K, capacity 8615K, committed 8704K, reserved 1048576K
}
Event: 21.957 GC heap after
{Heap after GC invocations=17 (full 0):
 garbage-first heap   total 137216K, used 54813K [0x0000000080000000, 0x0000000100000000)
  region size 1024K, 7 young (7168K), 7 survivors (7168K)
 Metaspace       used 63754K, capacity 65266K, committed 65536K, reserved 1105920K
  class space    used 8073K, capacity 8615K, committed 8704K, reserved 1048576K
}
Event: 23.212 GC heap before
{Heap before GC invocations=18 (full 0):
 garbage-first heap   total 137216K, used 106013K [0x0000000080000000, 0x0000000100000000)
  region size 1024K, 57 young (58368K), 7 survivors (7168K)
 Metaspace       used 66063K, capacity 67632K, committed 67968K, reserved 1107968K
  class space    used 8375K, capacity 8970K, committed 9088K, reserved 1048576K
}
Event: 23.233 GC heap after
{Heap after GC invocations=19 (full 0):
 garbage-first heap   total 137216K, used 58903K [0x0000000080000000, 0x0000000100000000)
  region size 1024K, 8 young (8192K), 8 survivors (8192K)
 Metaspace       used 66063K, capacity 67632K, committed 67968K, reserved 1107968K
  class space    used 8375K, capacity 8970K, committed 9088K, reserved 1048576K
}

Deoptimization events (20 events):
Event: 22.937 Thread 0x000001adf0af5000 DEOPT PACKING pc=0x000001addf6bcb70 sp=0x00000030bc2f76e0
Event: 22.937 Thread 0x000001adf0af5000 DEOPT UNPACKING pc=0x000001add7916a29 sp=0x00000030bc2f76a8 mode 2
Event: 22.954 Thread 0x000001adf0af5000 Uncommon trap: trap_request=0xffffff4d fr.pc=0x000001addf7b2184 relative=0x0000000000000764
Event: 22.954 Thread 0x000001adf0af5000 Uncommon trap: reason=unstable_if action=reinterpret pc=0x000001addf7b2184 method=com.sun.beans.introspect.MethodInfo$MethodOrder.compare(Ljava/lang/reflect/Method;Ljava/lang/reflect/Method;)I @ 124 c2
Event: 22.954 Thread 0x000001adf0af5000 DEOPT PACKING pc=0x000001addf7b2184 sp=0x00000030bc2f7730
Event: 22.954 Thread 0x000001adf0af5000 DEOPT UNPACKING pc=0x000001add7916a29 sp=0x00000030bc2f76d0 mode 2
Event: 22.992 Thread 0x000001adf0af5000 Uncommon trap: trap_request=0xffffffdc fr.pc=0x000001addf7b6850 relative=0x0000000000000290
Event: 22.992 Thread 0x000001adf0af5000 Uncommon trap: reason=class_check action=make_not_entrant pc=0x000001addf7b6850 method=java.util.ArrayList.toArray([Ljava/lang/Object;)[Ljava/lang/Object; @ 21 c2
Event: 22.992 Thread 0x000001adf0af5000 DEOPT PACKING pc=0x000001addf7b6850 sp=0x00000030bc2f86d0
Event: 22.992 Thread 0x000001adf0af5000 DEOPT UNPACKING pc=0x000001add7916a29 sp=0x00000030bc2f8690 mode 2
Event: 23.033 Thread 0x000001adf0af5000 Uncommon trap: trap_request=0xffffff4d fr.pc=0x000001addf54a680 relative=0x0000000000000340
Event: 23.033 Thread 0x000001adf0af5000 Uncommon trap: reason=unstable_if action=reinterpret pc=0x000001addf54a680 method=java.util.StringJoiner.add(Ljava/lang/CharSequence;)Ljava/util/StringJoiner; @ 33 c2
Event: 23.033 Thread 0x000001adf0af5000 DEOPT PACKING pc=0x000001addf54a680 sp=0x00000030bc2f62f0
Event: 23.033 Thread 0x000001adf0af5000 DEOPT UNPACKING pc=0x000001add7916a29 sp=0x00000030bc2f62a0 mode 2
Event: 23.463 Thread 0x000001adf0af5000 Uncommon trap: trap_request=0xfffffff4 fr.pc=0x000001addf63d628 relative=0x0000000000000728
Event: 23.463 Thread 0x000001adf0af5000 Uncommon trap: reason=null_check action=make_not_entrant pc=0x000001addf63d628 method=org.gradle.util.internal.SimpleMapInterner.intern(Ljava/lang/Object;)Ljava/lang/Object; @ 2 c2
Event: 23.463 Thread 0x000001adf0af5000 DEOPT PACKING pc=0x000001addf63d628 sp=0x00000030bc2f7f30
Event: 23.463 Thread 0x000001adf0af5000 DEOPT UNPACKING pc=0x000001add7916a29 sp=0x00000030bc2f7ef8 mode 2
Event: 23.471 Thread 0x000001adf0af5000 DEOPT PACKING pc=0x000001add834d8f9 sp=0x00000030bc2f89c0
Event: 23.471 Thread 0x000001adf0af5000 DEOPT UNPACKING pc=0x000001add791683f sp=0x00000030bc2f7e88 mode 0

Classes redefined (0 events):
No events

Internal exceptions (20 events):
Event: 23.325 Thread 0x000001adf0af5000 Exception <a 'java/lang/ClassNotFoundException'{0x000000008819d200}: com/android/build/gradle/internal/dsl/BuildTypeBeanInfo> (0x000000008819d200) thrown at [./src/hotspot/share/classfile/systemDictionary.cpp, line 231]
Event: 23.326 Thread 0x000001adf0af5000 Exception <a 'java/lang/ClassNotFoundException'{0x00000000881b6e30}: com/android/builder/core/AbstractBuildTypeBeanInfo> (0x00000000881b6e30) thrown at [./src/hotspot/share/classfile/systemDictionary.cpp, line 231]
Event: 23.327 Thread 0x000001adf0af5000 Exception <a 'java/lang/ClassNotFoundException'{0x00000000881d1340}: com/android/builder/core/AbstractBuildTypeCustomizer> (0x00000000881d1340) thrown at [./src/hotspot/share/classfile/systemDictionary.cpp, line 231]
Event: 23.330 Thread 0x000001adf0af5000 Exception <a 'java/lang/ClassNotFoundException'{0x00000000880086e0}: com/android/build/gradle/internal/dsl/BuildTypeCustomizer> (0x00000000880086e0) thrown at [./src/hotspot/share/classfile/systemDictionary.cpp, line 231]
Event: 23.373 Thread 0x000001adf0af5000 Exception <a 'java/lang/ClassNotFoundException'{0x000000008809b778}: com/android/build/gradle/internal/dsl/BuildType_DecoratedCustomizer> (0x000000008809b778) thrown at [./src/hotspot/share/classfile/systemDictionary.cpp, line 231]
Event: 23.384 Thread 0x000001adf0af5000 Exception <a 'java/lang/ClassNotFoundException'{0x0000000087f64890}: build_5v8auhxzd7d27lhodvncj7461$_run_closure1$_closure4BeanInfo> (0x0000000087f64890) thrown at [./src/hotspot/share/classfile/systemDictionary.cpp, line 231]
Event: 23.384 Thread 0x000001adf0af5000 Exception <a 'java/lang/ClassNotFoundException'{0x0000000087f762b8}: build_5v8auhxzd7d27lhodvncj7461$_run_closure1$_closure4Customizer> (0x0000000087f762b8) thrown at [./src/hotspot/share/classfile/systemDictionary.cpp, line 231]
Event: 23.389 Thread 0x000001adf0af5000 Exception <a 'java/lang/ClassNotFoundException'{0x0000000087fa6168}: build_5v8auhxzd7d27lhodvncj7461$_run_closure1BeanInfo> (0x0000000087fa6168) thrown at [./src/hotspot/share/classfile/systemDictionary.cpp, line 231]
Event: 23.390 Thread 0x000001adf0af5000 Exception <a 'java/lang/ClassNotFoundException'{0x0000000087fb70a8}: build_5v8auhxzd7d27lhodvncj7461$_run_closure1Customizer> (0x0000000087fb70a8) thrown at [./src/hotspot/share/classfile/systemDictionary.cpp, line 231]
Event: 23.399 Thread 0x000001adf0af5000 Exception <a 'java/lang/ClassNotFoundException'{0x0000000087e15780}: org/gradle/api/JavaVersionBeanInfo> (0x0000000087e15780) thrown at [./src/hotspot/share/classfile/systemDictionary.cpp, line 231]
Event: 23.400 Thread 0x000001adf0af5000 Exception <a 'java/lang/ClassNotFoundException'{0x0000000087e40838}: org/gradle/api/JavaVersionCustomizer> (0x0000000087e40838) thrown at [./src/hotspot/share/classfile/systemDictionary.cpp, line 231]
Event: 23.409 Thread 0x000001adf0af5000 Exception <a 'java/lang/ClassNotFoundException'{0x0000000087e9bc40}: com/android/build/gradle/internal/CompileOptions_DecoratedBeanInfo> (0x0000000087e9bc40) thrown at [./src/hotspot/share/classfile/systemDictionary.cpp, line 231]
Event: 23.409 Thread 0x000001adf0af5000 Exception <a 'java/lang/ClassNotFoundException'{0x0000000087eb52f8}: com/android/build/gradle/internal/CompileOptionsBeanInfo> (0x0000000087eb52f8) thrown at [./src/hotspot/share/classfile/systemDictionary.cpp, line 231]
Event: 23.410 Thread 0x000001adf0af5000 Exception <a 'java/lang/ClassNotFoundException'{0x0000000087ecf2d0}: com/android/build/gradle/internal/CompileOptionsCustomizer> (0x0000000087ecf2d0) thrown at [./src/hotspot/share/classfile/systemDictionary.cpp, line 231]
Event: 23.417 Thread 0x000001adf0af5000 Exception <a 'java/lang/ClassNotFoundException'{0x0000000087ef6140}: com/android/build/gradle/internal/CompileOptions_DecoratedCustomizer> (0x0000000087ef6140) thrown at [./src/hotspot/share/classfile/systemDictionary.cpp, line 231]
Event: 23.446 Thread 0x000001adf0af5000 Exception <a 'java/lang/ClassNotFoundException'{0x0000000087c4a9b8}: org/jetbrains/kotlin/gradle/dsl/KotlinJvmOptionsImplBeanInfo> (0x0000000087c4a9b8) thrown at [./src/hotspot/share/classfile/systemDictionary.cpp, line 231]
Event: 23.446 Thread 0x000001adf0af5000 Exception <a 'java/lang/ClassNotFoundException'{0x0000000087c65238}: org/jetbrains/kotlin/gradle/dsl/KotlinJvmOptionsBaseBeanInfo> (0x0000000087c65238) thrown at [./src/hotspot/share/classfile/systemDictionary.cpp, line 231]
Event: 23.447 Thread 0x000001adf0af5000 Exception <a 'java/lang/ClassNotFoundException'{0x0000000087c7fcc0}: org/jetbrains/kotlin/gradle/dsl/KotlinJvmOptionsBaseCustomizer> (0x0000000087c7fcc0) thrown at [./src/hotspot/share/classfile/systemDictionary.cpp, line 231]
Event: 23.449 Thread 0x000001adf0af5000 Exception <a 'java/lang/ClassNotFoundException'{0x0000000087cb4ac8}: org/jetbrains/kotlin/gradle/dsl/KotlinJvmOptionsImplCustomizer> (0x0000000087cb4ac8) thrown at [./src/hotspot/share/classfile/systemDictionary.cpp, line 231]
Event: 23.463 Thread 0x000001adf0af5000 Implicit null exception at 0x000001addf63cf31 to 0x000001addf63d619

Events (20 events):
Event: 24.622 Executing VM operation: Deoptimize
Event: 24.623 Executing VM operation: Deoptimize done
Event: 24.624 loading class com/android/build/gradle/internal/TaskManager$createRunUnitTestTask$1
Event: 24.624 loading class com/android/build/gradle/internal/TaskManager$createRunUnitTestTask$1 done
Event: 24.625 loading class com/android/build/gradle/internal/TaskManager$createUnitTestVariantTasks$2
Event: 24.625 loading class com/android/build/gradle/internal/TaskManager$createUnitTestVariantTasks$2 done
Event: 24.628 loading class com/android/build/gradle/internal/lint/VariantWithTests
Event: 24.628 loading class com/android/build/gradle/internal/lint/VariantWithTests done
Event: 24.629 loading class com/android/build/gradle/internal/lint/LintModelWriterTask$LintCreationAction
Event: 24.629 loading class com/android/build/gradle/internal/lint/LintModelWriterTask$LintCreationAction done
Event: 24.629 loading class com/android/build/gradle/internal/lint/LintModelWriterTask$BaseCreationAction
Event: 24.629 loading class com/android/build/gradle/internal/lint/LintModelWriterTask$BaseCreationAction done
Event: 24.630 loading class com/android/build/gradle/internal/lint/LintModelWriterTask$BaseCreationAction$Companion
Event: 24.630 loading class com/android/build/gradle/internal/lint/LintModelWriterTask$BaseCreationAction$Companion done
Event: 24.631 loading class com/android/build/gradle/internal/lint/LintModelWriterTask
Event: 24.631 loading class com/android/build/gradle/internal/lint/LintModelWriterTask done
Event: 24.632 loading class com/android/build/gradle/internal/lint/LintModelWriterTask$BaseCreationAction$Companion$registerOutputArtifacts$1
Event: 24.632 loading class com/android/build/gradle/internal/lint/LintModelWriterTask$BaseCreationAction$Companion$registerOutputArtifacts$1 done
Event: 24.633 loading class com/android/build/gradle/internal/lint/AndroidLintAnalysisTask$SingleVariantCreationAction
Event: 24.633 loading class com/android/build/gradle/internal/lint/AndroidLintAnalysisTask$SingleVariantCreationAction done


Dynamic libraries:
0x00007ff740ca0000 - 0x00007ff740caa000 	C:\Program Files\Android\Android Studio\jre\bin\java.exe
0x00007ffdb9930000 - 0x00007ffdb9b25000 	C:\Windows\SYSTEM32\ntdll.dll
0x00007ffdb8430000 - 0x00007ffdb84ee000 	C:\Windows\System32\KERNEL32.DLL
0x00007ffdb7160000 - 0x00007ffdb7428000 	C:\Windows\System32\KERNELBASE.dll
0x00007ffdb75c0000 - 0x00007ffdb76c0000 	C:\Windows\System32\ucrtbase.dll
0x00007ffd8b6c0000 - 0x00007ffd8b6d9000 	C:\Program Files\Android\Android Studio\jre\bin\jli.dll
0x00007ffd83d90000 - 0x00007ffd83da7000 	C:\Program Files\Android\Android Studio\jre\bin\VCRUNTIME140.dll
0x00007ffdb7e20000 - 0x00007ffdb7fc1000 	C:\Windows\System32\USER32.dll
0x00007ffdb7430000 - 0x00007ffdb7452000 	C:\Windows\System32\win32u.dll
0x00007ffd9ef10000 - 0x00007ffd9f1aa000 	C:\Windows\WinSxS\amd64_microsoft.windows.common-controls_6595b64144ccf1df_6.0.19041.1110_none_60b5254171f9507e\COMCTL32.dll
0x00007ffdb9180000 - 0x00007ffdb91ab000 	C:\Windows\System32\GDI32.dll
0x00007ffdb76c0000 - 0x00007ffdb77cb000 	C:\Windows\System32\gdi32full.dll
0x00007ffdb78e0000 - 0x00007ffdb797d000 	C:\Windows\System32\msvcp_win.dll
0x00007ffdb81c0000 - 0x00007ffdb825e000 	C:\Windows\System32\msvcrt.dll
0x00007ffdb9210000 - 0x00007ffdb9240000 	C:\Windows\System32\IMM32.DLL
0x00007ffd78b00000 - 0x00007ffd78b9d000 	C:\Program Files\Android\Android Studio\jre\bin\msvcp140.dll
0x00007ffd7b7a0000 - 0x00007ffd7c26f000 	C:\Program Files\Android\Android Studio\jre\bin\server\jvm.dll
0x00007ffdb8110000 - 0x00007ffdb81bc000 	C:\Windows\System32\ADVAPI32.dll
0x00007ffdb8260000 - 0x00007ffdb82fb000 	C:\Windows\System32\sechost.dll
0x00007ffdb9340000 - 0x00007ffdb946a000 	C:\Windows\System32\RPCRT4.dll
0x00007ffdb8080000 - 0x00007ffdb8088000 	C:\Windows\System32\PSAPI.DLL
0x00007ffdaea80000 - 0x00007ffdaea89000 	C:\Windows\SYSTEM32\WSOCK32.dll
0x00007ffd9aa40000 - 0x00007ffd9aa67000 	C:\Windows\SYSTEM32\WINMM.dll
0x00007ffdb9550000 - 0x00007ffdb95bb000 	C:\Windows\System32\WS2_32.dll
0x00007ffdaaa60000 - 0x00007ffdaaa6a000 	C:\Windows\SYSTEM32\VERSION.dll
0x00007ffdb4f70000 - 0x00007ffdb4f82000 	C:\Windows\SYSTEM32\kernel.appcore.dll
0x00007ffdade80000 - 0x00007ffdade91000 	C:\Program Files\Android\Android Studio\jre\bin\verify.dll
0x00007ffd928d0000 - 0x00007ffd92ab4000 	C:\Windows\SYSTEM32\DBGHELP.DLL
0x00007ffd92880000 - 0x00007ffd928ac000 	C:\Windows\SYSTEM32\dbgcore.DLL
0x00007ffdb7820000 - 0x00007ffdb78a3000 	C:\Windows\System32\bcryptPrimitives.dll
0x00007ffd913d0000 - 0x00007ffd913f9000 	C:\Program Files\Android\Android Studio\jre\bin\java.dll
0x00007ffdae820000 - 0x00007ffdae82b000 	C:\Program Files\Android\Android Studio\jre\bin\jimage.dll
0x00007ffdad780000 - 0x00007ffdad798000 	C:\Program Files\Android\Android Studio\jre\bin\zip.dll
0x00007ffdb89e0000 - 0x00007ffdb911f000 	C:\Windows\System32\SHELL32.dll
0x00007ffdb5170000 - 0x00007ffdb5900000 	C:\Windows\SYSTEM32\windows.storage.dll
0x00007ffdb8610000 - 0x00007ffdb8965000 	C:\Windows\System32\combase.dll
0x00007ffdb69d0000 - 0x00007ffdb69fe000 	C:\Windows\SYSTEM32\Wldp.dll
0x00007ffdb7fd0000 - 0x00007ffdb807d000 	C:\Windows\System32\SHCORE.dll
0x00007ffdb8980000 - 0x00007ffdb89d5000 	C:\Windows\System32\shlwapi.dll
0x00007ffdb6f90000 - 0x00007ffdb6faf000 	C:\Windows\SYSTEM32\profapi.dll
0x00007ffd9afc0000 - 0x00007ffd9afda000 	C:\Program Files\Android\Android Studio\jre\bin\net.dll
0x00007ffdac9b0000 - 0x00007ffdacabc000 	C:\Windows\SYSTEM32\WINHTTP.dll
0x00007ffdb6730000 - 0x00007ffdb679a000 	C:\Windows\system32\mswsock.dll
0x00007ffd962a0000 - 0x00007ffd962b4000 	C:\Program Files\Android\Android Studio\jre\bin\nio.dll
0x00007ffd83690000 - 0x00007ffd836b7000 	C:\Users\MARIA TERESA\.gradle\native\8bec1ad78214c89d9ad589b4d07fe93259594b29d510b10fafb7a158f7737e5d\windows-amd64\native-platform.dll
0x00007ffd7c6b0000 - 0x00007ffd7c7ed000 	C:\Users\MARIA TERESA\.gradle\native\53dbd7edfb1c66fb8903c78663c9afc45aea4f116125fa6feffd364cf09443e8\windows-amd64\native-platform-file-events.dll
0x00007ffdabc90000 - 0x00007ffdabc9a000 	C:\Program Files\Android\Android Studio\jre\bin\management.dll
0x00007ffdabc60000 - 0x00007ffdabc6c000 	C:\Program Files\Android\Android Studio\jre\bin\management_ext.dll
0x00007ffdb6920000 - 0x00007ffdb6938000 	C:\Windows\SYSTEM32\CRYPTSP.dll
0x00007ffdb60b0000 - 0x00007ffdb60e4000 	C:\Windows\system32\rsaenh.dll
0x00007ffdb78b0000 - 0x00007ffdb78d7000 	C:\Windows\System32\bcrypt.dll
0x00007ffdb6f50000 - 0x00007ffdb6f7e000 	C:\Windows\SYSTEM32\USERENV.dll
0x00007ffdb6940000 - 0x00007ffdb694c000 	C:\Windows\SYSTEM32\CRYPTBASE.dll
0x00007ffdb6420000 - 0x00007ffdb645b000 	C:\Windows\SYSTEM32\IPHLPAPI.DLL
0x00007ffdb8970000 - 0x00007ffdb8978000 	C:\Windows\System32\NSI.dll
0x00007ffdb1260000 - 0x00007ffdb1277000 	C:\Windows\SYSTEM32\dhcpcsvc6.DLL
0x00007ffdb1190000 - 0x00007ffdb11ad000 	C:\Windows\SYSTEM32\dhcpcsvc.DLL
0x00007ffdb6460000 - 0x00007ffdb652b000 	C:\Windows\SYSTEM32\DNSAPI.dll

dbghelp: loaded successfully - version: 4.0.5 - missing functions: none
symbol engine: initialized successfully - sym options: 0x614 - pdb path: .;C:\Program Files\Android\Android Studio\jre\bin;C:\Windows\SYSTEM32;C:\Windows\WinSxS\amd64_microsoft.windows.common-controls_6595b64144ccf1df_6.0.19041.1110_none_60b5254171f9507e;C:\Program Files\Android\Android Studio\jre\bin\server;C:\Users\MARIA TERESA\.gradle\native\8bec1ad78214c89d9ad589b4d07fe93259594b29d510b10fafb7a158f7737e5d\windows-amd64;C:\Users\MARIA TERESA\.gradle\native\53dbd7edfb1c66fb8903c78663c9afc45aea4f116125fa6feffd364cf09443e8\windows-amd64

VM Arguments:
jvm_args: --add-opens=java.base/java.util=ALL-UNNAMED --add-opens=java.base/java.lang=ALL-UNNAMED --add-opens=java.base/java.lang.invoke=ALL-UNNAMED --add-opens=java.base/java.util=ALL-UNNAMED --add-opens=java.prefs/java.util.prefs=ALL-UNNAMED --add-opens=java.prefs/java.util.prefs=ALL-UNNAMED --add-opens=java.base/java.nio.charset=ALL-UNNAMED --add-opens=java.base/java.net=ALL-UNNAMED --add-opens=java.base/java.util.concurrent.atomic=ALL-UNNAMED -Xmx2048m -Dfile.encoding=UTF-8 -Duser.country=CO -Duser.language=es -Duser.variant 
java_command: org.gradle.launcher.daemon.bootstrap.GradleDaemon 7.0.2
java_class_path (initial): C:\Users\MARIA TERESA\.gradle\wrapper\dists\gradle-7.0.2-bin\857tjihv64xamwrf0h14cai3r\gradle-7.0.2\lib\gradle-launcher-7.0.2.jar
Launcher Type: SUN_STANDARD

[Global flags]
     intx CICompilerCount                          = 3                                         {product} {ergonomic}
     uint ConcGCThreads                            = 1                                         {product} {ergonomic}
     uint G1ConcRefinementThreads                  = 4                                         {product} {ergonomic}
   size_t G1HeapRegionSize                         = 1048576                                   {product} {ergonomic}
    uintx GCDrainStackTargetSize                   = 64                                        {product} {ergonomic}
   size_t InitialHeapSize                          = 96468992                                  {product} {ergonomic}
   size_t MarkStackSize                            = 4194304                                   {product} {ergonomic}
   size_t MaxHeapSize                              = 2147483648                                {product} {command line}
   size_t MaxNewSize                               = 1287651328                                {product} {ergonomic}
   size_t MinHeapDeltaBytes                        = 1048576                                   {product} {ergonomic}
    uintx NonNMethodCodeHeapSize                   = 5830732                                {pd product} {ergonomic}
    uintx NonProfiledCodeHeapSize                  = 122913754                              {pd product} {ergonomic}
    uintx ProfiledCodeHeapSize                     = 122913754                              {pd product} {ergonomic}
    uintx ReservedCodeCacheSize                    = 251658240                              {pd product} {ergonomic}
     bool SegmentedCodeCache                       = true                                      {product} {ergonomic}
     bool UseCompressedClassPointers               = true                                 {lp64_product} {ergonomic}
     bool UseCompressedOops                        = true                                 {lp64_product} {ergonomic}
     bool UseG1GC                                  = true                                      {product} {ergonomic}
     bool UseLargePagesIndividualAllocation        = false                                  {pd product} {ergonomic}

Logging:
Log output configuration:
 #0: stdout all=warning uptime,level,tags
 #1: stderr all=off uptime,level,tags

Environment Variables:
PATH=C:\Program Files\Common Files\Oracle\Java\javapath;C:\Program Files\Microsoft MPI\Bin\;C:\Windows\system32;C:\Windows;C:\Windows\System32\Wbem;C:\Windows\System32\WindowsPowerShell\v1.0\;C:\Windows\System32\OpenSSH\;C:\Program Files\Azure Data Studio\bin;C:\Program Files (x86)\Microsoft SQL Server\150\Tools\Binn\;C:\Program Files\Microsoft SQL Server\150\Tools\Binn\;C:\Program Files (x86)\Microsoft SQL Server\150\DTS\Binn\;C:\Program Files\Microsoft SQL Server\150\DTS\Binn\;C:\Program Files\Microsoft SQL Server\Client SDK\ODBC\170\Tools\Binn\;C:\Program Files\dotnet\;C:\Program Files\Git\cmd;C:\Users\MARIA TERESA\AppData\Local\Microsoft\WindowsApps;;C:\Users\MARIA TERESA\AppData\Local\Programs\Microsoft VS Code\bin;C:\Program Files\Azure Data Studio\bin;C:\Users\MARIA TERESA\.dotnet\tools
USERNAME=MARIA TERESA
OS=Windows_NT
PROCESSOR_IDENTIFIER=Intel64 Family 6 Model 37 Stepping 2, GenuineIntel



---------------  S Y S T E M  ---------------

OS: Windows 10 , 64 bit Build 19041 (10.0.19041.1348)
OS uptime: 0 days 19:50 hours

CPU:total 4 (initial active 4) (2 cores per cpu, 2 threads per core) family 6 model 37 stepping 2 microcode 0x11, cmov, cx8, fxsr, mmx, sse, sse2, sse3, ssse3, sse4.1, sse4.2, popcnt, ht, tsc, tscinvbit

Memory: 4k page, system-wide physical 5879M (662M free)
TotalPageFile size 5879M (AvailPageFile size 5M)
current process WorkingSet (physical memory assigned to process): 341M, peak: 342M
current process commit charge ("private bytes"): 372M, peak: 373M

vm_info: OpenJDK 64-Bit Server VM (11.0.10+0-b96-7249189) for windows-amd64 JRE (11.0.10+0-b96-7249189), built on Mar 31 2021 21:44:00 by "builder" with MS VC++ 14.0 (VS2015)

END.
