#
# There is insufficient memory for the Java Runtime Environment to continue.
# Native memory allocation (malloc) failed to allocate 32744 bytes for ChunkPool::allocate
# Possible reasons:
#   The system is out of physical RAM or swap space
#   The process is running with CompressedOops enabled, and the Java Heap may be blocking the growth of the native heap
# Possible solutions:
#   Reduce memory load on the system
#   Increase physical memory or swap space
#   Check if swap backing store is full
#   Decrease Java heap size (-Xmx/-Xms)
#   Decrease number of Java threads
#   Decrease Java thread stack sizes (-Xss)
#   Set larger code cache with -XX:ReservedCodeCacheSize=
#   JVM is running with Unscaled Compressed Oops mode in which the Java heap is
#     placed in the first 4GB address space. The Java Heap base address is the
#     maximum limit for the native heap growth. Please use -XX:HeapBaseMinAddress
#     to set the Java Heap base and to place the Java Heap above 4GB virtual address.
# This output file may be truncated or incomplete.
#
#  Out of Memory Error (./src/hotspot/share/memory/arena.cpp:81), pid=2420, tid=9480
#
# JRE version: OpenJDK Runtime Environment (11.0.10) (build 11.0.10+0-b96-7249189)
# Java VM: OpenJDK 64-Bit Server VM (11.0.10+0-b96-7249189, mixed mode, tiered, compressed oops, g1 gc, windows-amd64)
# No core dump will be written. Minidumps are not enabled by default on client versions of Windows
#

---------------  S U M M A R Y ------------

Command Line: --add-opens=java.base/java.util=ALL-UNNAMED --add-opens=java.base/java.lang=ALL-UNNAMED --add-opens=java.base/java.lang.invoke=ALL-UNNAMED --add-opens=java.base/java.util=ALL-UNNAMED --add-opens=java.prefs/java.util.prefs=ALL-UNNAMED --add-opens=java.prefs/java.util.prefs=ALL-UNNAMED --add-opens=java.base/java.nio.charset=ALL-UNNAMED --add-opens=java.base/java.net=ALL-UNNAMED --add-opens=java.base/java.util.concurrent.atomic=ALL-UNNAMED -Xmx2048m -Dfile.encoding=UTF-8 -Duser.country=CO -Duser.language=es -Duser.variant org.gradle.launcher.daemon.bootstrap.GradleDaemon 7.0.2

Host: Intel(R) Core(TM) i3 CPU         540  @ 3.07GHz, 4 cores, 5G,  Windows 10 , 64 bit Build 19041 (10.0.19041.1202)
Time: Sun Nov  7 23:14:41 2021 Hora est. Pacífico, Sudamérica elapsed time: 56.792212 seconds (0d 0h 0m 56s)

---------------  T H R E A D  ---------------

Current thread (0x000001afadf6f800):  JavaThread "C2 CompilerThread0" daemon [_thread_in_native, id=9480, stack(0x00000099bba00000,0x00000099bbb00000)]


Current CompileTask:
C2:  56792 13564       4       java.util.zip.ZipFile$Source::getEntryPos (206 bytes)

Stack: [0x00000099bba00000,0x00000099bbb00000]
Native frames: (J=compiled Java code, j=interpreted, Vv=VM code, C=native code)
V  [jvm.dll+0x5ecfaa]
V  [jvm.dll+0x722bd5]
V  [jvm.dll+0x72412d]
V  [jvm.dll+0x7247e3]
V  [jvm.dll+0x242928]
V  [jvm.dll+0xbc75b]
V  [jvm.dll+0xbca0c]
V  [jvm.dll+0x358676]
V  [jvm.dll+0x357ef1]
V  [jvm.dll+0x357f34]
V  [jvm.dll+0x351294]
V  [jvm.dll+0x198049]
V  [jvm.dll+0x1fb70e]
V  [jvm.dll+0x1fa7f4]
V  [jvm.dll+0x18354c]
V  [jvm.dll+0x208ee7]
V  [jvm.dll+0x207731]
V  [jvm.dll+0x6eb1cf]
V  [jvm.dll+0x6e3d45]
V  [jvm.dll+0x5ebe96]
C  [ucrtbase.dll+0x21bb2]
C  [KERNEL32.DLL+0x17034]
C  [ntdll.dll+0x52651]


---------------  P R O C E S S  ---------------

Threads class SMR info:
_java_thread_list=0x000001afb4a65c70, length=50, elements={
0x000001af94383000, 0x000001afadf63000, 0x000001afadf64800, 0x000001afae912800,
0x000001afadf6a800, 0x000001afadf6b800, 0x000001afadf6f800, 0x000001afadf72800,
0x000001afae940800, 0x000001afaea33000, 0x000001afb1576800, 0x000001afaeb30800,
0x000001afafe45800, 0x000001afafd39000, 0x000001afb0402000, 0x000001afafe42800,
0x000001afaf794800, 0x000001afaf795800, 0x000001afb03e7000, 0x000001afb0a46000,
0x000001afb0a45800, 0x000001afb0a48000, 0x000001afb0a49800, 0x000001afb0a47000,
0x000001afb0a48800, 0x000001afb0a44000, 0x000001afb0a4a800, 0x000001afb0a44800,
0x000001afb49f5800, 0x000001afb49f0000, 0x000001afb49f6800, 0x000001afb49f2000,
0x000001afb49f0800, 0x000001afb49f7000, 0x000001afb49f8000, 0x000001afb49f8800,
0x000001afb49f3000, 0x000001afb49f9800, 0x000001afb49f4000, 0x000001afb49fd000,
0x000001afb49fd800, 0x000001afb49fe800, 0x000001afb49fc000, 0x000001afb49fb000,
0x000001afb4f10000, 0x000001afb4f0f000, 0x000001afb4f11000, 0x000001afb4f0c000,
0x000001afb4f11800, 0x000001afb4f0d000
}

Java Threads: ( => current thread )
  0x000001af94383000 JavaThread "main" [_thread_blocked, id=6424, stack(0x00000099bae00000,0x00000099baf00000)]
  0x000001afadf63000 JavaThread "Reference Handler" daemon [_thread_blocked, id=8124, stack(0x00000099bb500000,0x00000099bb600000)]
  0x000001afadf64800 JavaThread "Finalizer" daemon [_thread_blocked, id=564, stack(0x00000099bb600000,0x00000099bb700000)]
  0x000001afae912800 JavaThread "Signal Dispatcher" daemon [_thread_blocked, id=2056, stack(0x00000099bb700000,0x00000099bb800000)]
  0x000001afadf6a800 JavaThread "Attach Listener" daemon [_thread_blocked, id=9064, stack(0x00000099bb800000,0x00000099bb900000)]
  0x000001afadf6b800 JavaThread "Service Thread" daemon [_thread_blocked, id=9784, stack(0x00000099bb900000,0x00000099bba00000)]
=>0x000001afadf6f800 JavaThread "C2 CompilerThread0" daemon [_thread_in_native, id=9480, stack(0x00000099bba00000,0x00000099bbb00000)]
  0x000001afadf72800 JavaThread "C1 CompilerThread0" daemon [_thread_in_native, id=4060, stack(0x00000099bbb00000,0x00000099bbc00000)]
  0x000001afae940800 JavaThread "Sweeper thread" daemon [_thread_blocked, id=8208, stack(0x00000099bbc00000,0x00000099bbd00000)]
  0x000001afaea33000 JavaThread "Common-Cleaner" daemon [_thread_blocked, id=7720, stack(0x00000099bbd00000,0x00000099bbe00000)]
  0x000001afb1576800 JavaThread "Daemon health stats" [_thread_blocked, id=6216, stack(0x00000099bc100000,0x00000099bc200000)]
  0x000001afaeb30800 JavaThread "Incoming local TCP Connector on port 50910" [_thread_in_native, id=9368, stack(0x00000099bbf00000,0x00000099bc000000)]
  0x000001afafe45800 JavaThread "Daemon periodic checks" [_thread_blocked, id=9312, stack(0x00000099bc200000,0x00000099bc300000)]
  0x000001afafd39000 JavaThread "Daemon" [_thread_blocked, id=9876, stack(0x00000099bc300000,0x00000099bc400000)]
  0x000001afb0402000 JavaThread "Handler for socket connection from /127.0.0.1:50910 to /127.0.0.1:50911" [_thread_in_native, id=7908, stack(0x00000099bc400000,0x00000099bc500000)]
  0x000001afafe42800 JavaThread "Cancel handler" [_thread_blocked, id=4964, stack(0x00000099bc500000,0x00000099bc600000)]
  0x000001afaf794800 JavaThread "Daemon worker" [_thread_blocked, id=9872, stack(0x00000099bc600000,0x00000099bc700000)]
  0x000001afaf795800 JavaThread "Asynchronous log dispatcher for DefaultDaemonConnection: socket connection from /127.0.0.1:50910 to /127.0.0.1:50911" [_thread_blocked, id=9372, stack(0x00000099bc700000,0x00000099bc800000)]
  0x000001afb03e7000 JavaThread "Stdin handler" [_thread_blocked, id=8292, stack(0x00000099bc800000,0x00000099bc900000)]
  0x000001afb0a46000 JavaThread "Daemon client event forwarder" [_thread_blocked, id=9608, stack(0x00000099bcb00000,0x00000099bcc00000)]
  0x000001afb0a45800 JavaThread "Cache worker for file hash cache (C:\Users\MARIA TERESA\.gradle\caches\7.0.2\fileHashes)" [_thread_blocked, id=8304, stack(0x00000099bcc00000,0x00000099bcd00000)]
  0x000001afb0a48000 JavaThread "File lock request listener" [_thread_in_native, id=6884, stack(0x00000099bcd00000,0x00000099bce00000)]
  0x000001afb0a49800 JavaThread "Cache worker for journal cache (C:\Users\MARIA TERESA\.gradle\caches\journal-1)" [_thread_blocked, id=3592, stack(0x00000099bce00000,0x00000099bcf00000)]
  0x000001afb0a47000 JavaThread "Cache worker for file hash cache (G:\DOWNLOADS\androidstudioprojects\.gradle\7.0.2\fileHashes)" [_thread_blocked, id=4204, stack(0x00000099bcf00000,0x00000099bd000000)]
  0x000001afb0a48800 JavaThread "File watcher server" daemon [_thread_in_native, id=1960, stack(0x00000099bd100000,0x00000099bd200000)]
  0x000001afb0a44000 JavaThread "File watcher consumer" daemon [_thread_blocked, id=4828, stack(0x00000099bd200000,0x00000099bd300000)]
  0x000001afb0a4a800 JavaThread "Cache worker for checksums cache (G:\DOWNLOADS\androidstudioprojects\.gradle\checksums)" [_thread_blocked, id=2216, stack(0x00000099bd300000,0x00000099bd400000)]
  0x000001afb0a44800 JavaThread "Cache worker for cache directory md-supplier (C:\Users\MARIA TERESA\.gradle\caches\7.0.2\md-supplier)" [_thread_blocked, id=9252, stack(0x00000099bd400000,0x00000099bd500000)]
  0x000001afb49f5800 JavaThread "Cache worker for cache directory md-rule (C:\Users\MARIA TERESA\.gradle\caches\7.0.2\md-rule)" [_thread_blocked, id=9136, stack(0x00000099bd500000,0x00000099bd600000)]
  0x000001afb49f0000 JavaThread "Cache worker for execution history cache (C:\Users\MARIA TERESA\.gradle\caches\7.0.2\executionHistory)" [_thread_in_native, id=5484, stack(0x00000099bd600000,0x00000099bd700000)]
  0x000001afb49f6800 JavaThread "jar transforms" [_thread_blocked, id=496, stack(0x00000099bd700000,0x00000099bd800000)]
  0x000001afb49f2000 JavaThread "jar transforms Thread 2" [_thread_blocked, id=9588, stack(0x00000099bd800000,0x00000099bd900000)]
  0x000001afb49f0800 JavaThread "Cache worker for file content cache (C:\Users\MARIA TERESA\.gradle\caches\7.0.2\fileContent)" [_thread_blocked, id=8128, stack(0x00000099bd900000,0x00000099bda00000)]
  0x000001afb49f7000 JavaThread "Cache worker for dependencies-accessors (G:\DOWNLOADS\androidstudioprojects\.gradle\7.0.2\dependencies-accessors)" [_thread_blocked, id=5836, stack(0x00000099bda00000,0x00000099bdb00000)]
  0x000001afb49f8000 JavaThread "jar transforms Thread 3" [_thread_blocked, id=3800, stack(0x00000099bdb00000,0x00000099bdc00000)]
  0x000001afb49f8800 JavaThread "Cache worker for Build Output Cleanup Cache (G:\DOWNLOADS\androidstudioprojects\.gradle\buildOutputCleanup)" [_thread_blocked, id=7808, stack(0x00000099bdc00000,0x00000099bdd00000)]
  0x000001afb49f3000 JavaThread "Build operations" [_thread_blocked, id=224, stack(0x00000099bdd00000,0x00000099bde00000)]
  0x000001afb49f9800 JavaThread "Build operations Thread 2" [_thread_blocked, id=7260, stack(0x00000099bde00000,0x00000099bdf00000)]
  0x000001afb49f4000 JavaThread "Build operations Thread 3" [_thread_in_native, id=6440, stack(0x00000099bdf00000,0x00000099be000000)]
  0x000001afb49fd000 JavaThread "Build operations Thread 4" [_thread_blocked, id=9336, stack(0x00000099be000000,0x00000099be100000)]
  0x000001afb49fd800 JavaThread "jar transforms Thread 4" [_thread_blocked, id=4952, stack(0x00000099be100000,0x00000099be200000)]
  0x000001afb49fe800 JavaThread "Memory manager" [_thread_blocked, id=7132, stack(0x00000099be200000,0x00000099be300000)]
  0x000001afb49fc000 JavaThread "build event listener" [_thread_blocked, id=4940, stack(0x00000099bab00000,0x00000099bac00000)]
  0x000001afb49fb000 JavaThread "Execution worker for ':'" [_thread_blocked, id=8616, stack(0x00000099be300000,0x00000099be400000)]
  0x000001afb4f10000 JavaThread "Execution worker for ':' Thread 2" [_thread_blocked, id=2324, stack(0x00000099be400000,0x00000099be500000)]
  0x000001afb4f0f000 JavaThread "Execution worker for ':' Thread 3" [_thread_blocked, id=8836, stack(0x00000099be500000,0x00000099be600000)]
  0x000001afb4f11000 JavaThread "Cache worker for execution history cache (G:\DOWNLOADS\androidstudioprojects\.gradle\7.0.2\executionHistory)" [_thread_blocked, id=1628, stack(0x00000099be600000,0x00000099be700000)]
  0x000001afb4f0c000 JavaThread "WorkerExecutor Queue" [_thread_blocked, id=764, stack(0x00000099be900000,0x00000099bea00000)]
  0x000001afb4f11800 JavaThread "WorkerExecutor Queue Thread 2" [_thread_blocked, id=8152, stack(0x00000099bea00000,0x00000099beb00000)]
  0x000001afb4f0d000 JavaThread "WorkerExecutor Queue Thread 4" [_thread_blocked, id=9648, stack(0x00000099bec00000,0x00000099bed00000)]

Other Threads:
  0x000001afadf3b800 VMThread "VM Thread" [stack: 0x00000099bb400000,0x00000099bb500000] [id=2404]
  0x000001afaea67000 WatcherThread [stack: 0x00000099bbe00000,0x00000099bbf00000] [id=9260]
  0x000001af94396800 GCTaskThread "GC Thread#0" [stack: 0x00000099baf00000,0x00000099bb000000] [id=6084]
  0x000001afaf5cf800 GCTaskThread "GC Thread#1" [stack: 0x00000099bc000000,0x00000099bc100000] [id=1168]
  0x000001afb0e63000 GCTaskThread "GC Thread#2" [stack: 0x00000099bc900000,0x00000099bca00000] [id=4264]
  0x000001afaff93000 GCTaskThread "GC Thread#3" [stack: 0x00000099bca00000,0x00000099bcb00000] [id=7448]
  0x000001af943c6800 ConcurrentGCThread "G1 Main Marker" [stack: 0x00000099bb000000,0x00000099bb100000] [id=5172]
  0x000001af943ca800 ConcurrentGCThread "G1 Conc#0" [stack: 0x00000099bb100000,0x00000099bb200000] [id=8824]
  0x000001af9442a800 ConcurrentGCThread "G1 Refine#0" [stack: 0x00000099bb200000,0x00000099bb300000] [id=4640]
  0x000001af9442b800 ConcurrentGCThread "G1 Young RemSet Sampling" [stack: 0x00000099bb300000,0x00000099bb400000] [id=2592]

Threads with active compile tasks:
C2 CompilerThread0  56848 13564       4       java.util.zip.ZipFile$Source::getEntryPos (206 bytes)
C1 CompilerThread0  56848 13572       3       com.google.common.collect.ImmutableSortedMap::fromEntries (305 bytes)

VM state:not at safepoint (normal execution)

VM Mutex/Monitor currently owned by a thread: None

OutOfMemory and StackOverflow Exception counts:
OutOfMemoryError java_heap_errors=2
LinkageErrors=132

Heap address: 0x0000000080000000, size: 2048 MB, Compressed Oops mode: 32-bit
Narrow klass base: 0x0000000000000000, Narrow klass shift: 3
Compressed class space size: 1073741824 Address: 0x0000000100000000

Heap:
 garbage-first heap   total 198656K, used 138160K [0x0000000080000000, 0x0000000100000000)
  region size 1024K, 55 young (56320K), 3 survivors (3072K)
 Metaspace       used 96712K, capacity 98928K, committed 99276K, reserved 1136640K
  class space    used 12093K, capacity 12907K, committed 13004K, reserved 1048576K
Heap Regions: E=young(eden), S=young(survivor), O=old, HS=humongous(starts), HC=humongous(continues), CS=collection set, F=free, A=archive, TAMS=top-at-mark-start (previous, next)
|   0|0x0000000080000000, 0x0000000080100000, 0x0000000080100000|100%|HS|  |TAMS 0x0000000080100000, 0x0000000080000000| Complete 
|   1|0x0000000080100000, 0x0000000080200000, 0x0000000080200000|100%|HC|  |TAMS 0x0000000080200000, 0x0000000080100000| Complete 
|   2|0x0000000080200000, 0x0000000080300000, 0x0000000080300000|100%|HC|  |TAMS 0x0000000080300000, 0x0000000080200000| Complete 
|   3|0x0000000080300000, 0x0000000080400000, 0x0000000080400000|100%| O|  |TAMS 0x0000000080400000, 0x0000000080300000| Untracked 
|   4|0x0000000080400000, 0x0000000080500000, 0x0000000080500000|100%| O|  |TAMS 0x0000000080500000, 0x0000000080400000| Untracked 
|   5|0x0000000080500000, 0x0000000080600000, 0x0000000080600000|100%| O|  |TAMS 0x0000000080600000, 0x0000000080500000| Untracked 
|   6|0x0000000080600000, 0x0000000080700000, 0x0000000080700000|100%| O|  |TAMS 0x0000000080700000, 0x0000000080600000| Untracked 
|   7|0x0000000080700000, 0x0000000080800000, 0x0000000080800000|100%| O|  |TAMS 0x0000000080800000, 0x0000000080700000| Untracked 
|   8|0x0000000080800000, 0x0000000080900000, 0x0000000080900000|100%| O|  |TAMS 0x0000000080900000, 0x0000000080800000| Untracked 
|   9|0x0000000080900000, 0x0000000080a00000, 0x0000000080a00000|100%| O|  |TAMS 0x0000000080a00000, 0x0000000080900000| Untracked 
|  10|0x0000000080a00000, 0x0000000080b00000, 0x0000000080b00000|100%| O|  |TAMS 0x0000000080b00000, 0x0000000080a00000| Untracked 
|  11|0x0000000080b00000, 0x0000000080c00000, 0x0000000080c00000|100%| O|  |TAMS 0x0000000080c00000, 0x0000000080b00000| Untracked 
|  12|0x0000000080c00000, 0x0000000080d00000, 0x0000000080d00000|100%| O|  |TAMS 0x0000000080d00000, 0x0000000080c00000| Untracked 
|  13|0x0000000080d00000, 0x0000000080e00000, 0x0000000080e00000|100%| O|  |TAMS 0x0000000080e00000, 0x0000000080d00000| Untracked 
|  14|0x0000000080e00000, 0x0000000080f00000, 0x0000000080f00000|100%| O|  |TAMS 0x0000000080f00000, 0x0000000080e00000| Untracked 
|  15|0x0000000080f00000, 0x0000000081000000, 0x0000000081000000|100%| O|  |TAMS 0x0000000081000000, 0x0000000080f00000| Untracked 
|  16|0x0000000081000000, 0x0000000081100000, 0x0000000081100000|100%| O|  |TAMS 0x0000000081100000, 0x0000000081000000| Untracked 
|  17|0x0000000081100000, 0x0000000081200000, 0x0000000081200000|100%| O|  |TAMS 0x0000000081200000, 0x0000000081100000| Untracked 
|  18|0x0000000081200000, 0x0000000081300000, 0x0000000081300000|100%| O|  |TAMS 0x0000000081300000, 0x0000000081200000| Untracked 
|  19|0x0000000081300000, 0x0000000081400000, 0x0000000081400000|100%| O|  |TAMS 0x0000000081400000, 0x0000000081300000| Untracked 
|  20|0x0000000081400000, 0x0000000081500000, 0x0000000081500000|100%| O|  |TAMS 0x0000000081500000, 0x0000000081400000| Untracked 
|  21|0x0000000081500000, 0x0000000081600000, 0x0000000081600000|100%| O|  |TAMS 0x0000000081600000, 0x0000000081500000| Untracked 
|  22|0x0000000081600000, 0x0000000081700000, 0x0000000081700000|100%| O|  |TAMS 0x0000000081700000, 0x0000000081600000| Untracked 
|  23|0x0000000081700000, 0x0000000081800000, 0x0000000081800000|100%| O|  |TAMS 0x0000000081800000, 0x0000000081700000| Untracked 
|  24|0x0000000081800000, 0x0000000081900000, 0x0000000081900000|100%| O|  |TAMS 0x0000000081900000, 0x0000000081800000| Untracked 
|  25|0x0000000081900000, 0x0000000081a00000, 0x0000000081a00000|100%| O|  |TAMS 0x0000000081a00000, 0x0000000081900000| Untracked 
|  26|0x0000000081a00000, 0x0000000081b00000, 0x0000000081b00000|100%|HS|  |TAMS 0x0000000081b00000, 0x0000000081a00000| Complete 
|  27|0x0000000081b00000, 0x0000000081c00000, 0x0000000081c00000|100%|HS|  |TAMS 0x0000000081c00000, 0x0000000081b00000| Complete 
|  28|0x0000000081c00000, 0x0000000081d00000, 0x0000000081d00000|100%|HS|  |TAMS 0x0000000081d00000, 0x0000000081c00000| Complete 
|  29|0x0000000081d00000, 0x0000000081e00000, 0x0000000081e00000|100%|HS|  |TAMS 0x0000000081e00000, 0x0000000081d00000| Complete 
|  30|0x0000000081e00000, 0x0000000081f00000, 0x0000000081f00000|100%|HC|  |TAMS 0x0000000081f00000, 0x0000000081e00000| Complete 
|  31|0x0000000081f00000, 0x0000000082000000, 0x0000000082000000|100%|HC|  |TAMS 0x0000000082000000, 0x0000000081f00000| Complete 
|  32|0x0000000082000000, 0x0000000082100000, 0x0000000082100000|100%|HS|  |TAMS 0x0000000082100000, 0x0000000082000000| Complete 
|  33|0x0000000082100000, 0x0000000082200000, 0x0000000082200000|100%|HC|  |TAMS 0x0000000082200000, 0x0000000082100000| Complete 
|  34|0x0000000082200000, 0x0000000082300000, 0x0000000082300000|100%| O|  |TAMS 0x0000000082300000, 0x0000000082200000| Untracked 
|  35|0x0000000082300000, 0x0000000082400000, 0x0000000082400000|100%| O|  |TAMS 0x0000000082400000, 0x0000000082300000| Untracked 
|  36|0x0000000082400000, 0x0000000082500000, 0x0000000082500000|100%| O|  |TAMS 0x0000000082500000, 0x0000000082400000| Untracked 
|  37|0x0000000082500000, 0x0000000082600000, 0x0000000082600000|100%| O|  |TAMS 0x0000000082600000, 0x0000000082500000| Untracked 
|  38|0x0000000082600000, 0x0000000082700000, 0x0000000082700000|100%| O|  |TAMS 0x0000000082700000, 0x0000000082600000| Untracked 
|  39|0x0000000082700000, 0x0000000082800000, 0x0000000082800000|100%| O|  |TAMS 0x0000000082800000, 0x0000000082700000| Untracked 
|  40|0x0000000082800000, 0x0000000082900000, 0x0000000082900000|100%| O|  |TAMS 0x0000000082900000, 0x0000000082800000| Untracked 
|  41|0x0000000082900000, 0x0000000082a00000, 0x0000000082a00000|100%| O|  |TAMS 0x0000000082a00000, 0x0000000082900000| Untracked 
|  42|0x0000000082a00000, 0x0000000082b00000, 0x0000000082b00000|100%| O|  |TAMS 0x0000000082b00000, 0x0000000082a00000| Untracked 
|  43|0x0000000082b00000, 0x0000000082c00000, 0x0000000082c00000|100%| O|  |TAMS 0x0000000082c00000, 0x0000000082b00000| Untracked 
|  44|0x0000000082c00000, 0x0000000082d00000, 0x0000000082d00000|100%| O|  |TAMS 0x0000000082d00000, 0x0000000082c00000| Untracked 
|  45|0x0000000082d00000, 0x0000000082e00000, 0x0000000082e00000|100%| O|  |TAMS 0x0000000082e00000, 0x0000000082d00000| Untracked 
|  46|0x0000000082e00000, 0x0000000082f00000, 0x0000000082f00000|100%| O|  |TAMS 0x0000000082f00000, 0x0000000082e00000| Untracked 
|  47|0x0000000082f00000, 0x0000000083000000, 0x0000000083000000|100%| O|  |TAMS 0x0000000083000000, 0x0000000082f00000| Untracked 
|  48|0x0000000083000000, 0x0000000083100000, 0x0000000083100000|100%| O|  |TAMS 0x0000000083100000, 0x0000000083000000| Untracked 
|  49|0x0000000083100000, 0x0000000083200000, 0x0000000083200000|100%| O|  |TAMS 0x0000000083200000, 0x0000000083100000| Untracked 
|  50|0x0000000083200000, 0x0000000083300000, 0x0000000083300000|100%| O|  |TAMS 0x0000000083300000, 0x0000000083200000| Untracked 
|  51|0x0000000083300000, 0x0000000083400000, 0x0000000083400000|100%| O|  |TAMS 0x0000000083400000, 0x0000000083300000| Untracked 
|  52|0x0000000083400000, 0x0000000083500000, 0x0000000083500000|100%| O|  |TAMS 0x0000000083500000, 0x0000000083400000| Untracked 
|  53|0x0000000083500000, 0x0000000083600000, 0x0000000083600000|100%| O|  |TAMS 0x0000000083600000, 0x0000000083500000| Untracked 
|  54|0x0000000083600000, 0x0000000083700000, 0x0000000083700000|100%| O|  |TAMS 0x0000000083700000, 0x0000000083600000| Untracked 
|  55|0x0000000083700000, 0x0000000083800000, 0x0000000083800000|100%| O|  |TAMS 0x0000000083800000, 0x0000000083700000| Untracked 
|  56|0x0000000083800000, 0x0000000083900000, 0x0000000083900000|100%| O|  |TAMS 0x0000000083900000, 0x0000000083800000| Untracked 
|  57|0x0000000083900000, 0x0000000083a00000, 0x0000000083a00000|100%| O|  |TAMS 0x0000000083a00000, 0x0000000083900000| Untracked 
|  58|0x0000000083a00000, 0x0000000083b00000, 0x0000000083b00000|100%| O|  |TAMS 0x0000000083b00000, 0x0000000083a00000| Untracked 
|  59|0x0000000083b00000, 0x0000000083c00000, 0x0000000083c00000|100%| O|  |TAMS 0x0000000083c00000, 0x0000000083b00000| Untracked 
|  60|0x0000000083c00000, 0x0000000083d00000, 0x0000000083d00000|100%| O|  |TAMS 0x0000000083d00000, 0x0000000083c00000| Untracked 
|  61|0x0000000083d00000, 0x0000000083e00000, 0x0000000083e00000|100%| O|  |TAMS 0x0000000083e00000, 0x0000000083d00000| Untracked 
|  62|0x0000000083e00000, 0x0000000083f00000, 0x0000000083f00000|100%| O|  |TAMS 0x0000000083f00000, 0x0000000083e00000| Untracked 
|  63|0x0000000083f00000, 0x0000000084000000, 0x0000000084000000|100%| O|  |TAMS 0x0000000084000000, 0x0000000083f00000| Untracked 
|  64|0x0000000084000000, 0x0000000084100000, 0x0000000084100000|100%| O|  |TAMS 0x0000000084100000, 0x0000000084000000| Untracked 
|  65|0x0000000084100000, 0x0000000084200000, 0x0000000084200000|100%| O|  |TAMS 0x0000000084200000, 0x0000000084100000| Untracked 
|  66|0x0000000084200000, 0x00000000842f9400, 0x0000000084300000| 97%| O|  |TAMS 0x0000000084200000, 0x0000000084200000| Untracked 
|  67|0x0000000084300000, 0x0000000084300000, 0x0000000084400000|  0%| F|  |TAMS 0x0000000084300000, 0x0000000084300000| Untracked 
|  68|0x0000000084400000, 0x0000000084500000, 0x0000000084500000|100%| O|  |TAMS 0x0000000084500000, 0x0000000084400000| Untracked 
|  69|0x0000000084500000, 0x0000000084600000, 0x0000000084600000|100%| O|  |TAMS 0x0000000084600000, 0x0000000084500000| Untracked 
|  70|0x0000000084600000, 0x0000000084700000, 0x0000000084700000|100%| O|  |TAMS 0x0000000084700000, 0x0000000084600000| Untracked 
|  71|0x0000000084700000, 0x0000000084800000, 0x0000000084800000|100%| O|  |TAMS 0x0000000084800000, 0x0000000084700000| Untracked 
|  72|0x0000000084800000, 0x0000000084900000, 0x0000000084900000|100%| O|  |TAMS 0x0000000084900000, 0x0000000084800000| Untracked 
|  73|0x0000000084900000, 0x0000000084a00000, 0x0000000084a00000|100%| O|  |TAMS 0x0000000084a00000, 0x0000000084900000| Untracked 
|  74|0x0000000084a00000, 0x0000000084a00000, 0x0000000084b00000|  0%| F|  |TAMS 0x0000000084a00000, 0x0000000084a00000| Untracked 
|  75|0x0000000084b00000, 0x0000000084b00000, 0x0000000084c00000|  0%| F|  |TAMS 0x0000000084b00000, 0x0000000084b00000| Untracked 
|  76|0x0000000084c00000, 0x0000000084c00000, 0x0000000084d00000|  0%| F|  |TAMS 0x0000000084c00000, 0x0000000084c00000| Untracked 
|  77|0x0000000084d00000, 0x0000000084d00000, 0x0000000084e00000|  0%| F|  |TAMS 0x0000000084d00000, 0x0000000084d00000| Untracked 
|  78|0x0000000084e00000, 0x0000000084f00000, 0x0000000084f00000|100%| O|  |TAMS 0x0000000084f00000, 0x0000000084e00000| Untracked 
|  79|0x0000000084f00000, 0x0000000085000000, 0x0000000085000000|100%| O|  |TAMS 0x0000000085000000, 0x0000000084f00000| Untracked 
|  80|0x0000000085000000, 0x0000000085000000, 0x0000000085100000|  0%| F|  |TAMS 0x0000000085000000, 0x0000000085000000| Untracked 
|  81|0x0000000085100000, 0x0000000085200000, 0x0000000085200000|100%| O|  |TAMS 0x00000000851b5c00, 0x0000000085100000| Untracked 
|  82|0x0000000085200000, 0x0000000085200000, 0x0000000085300000|  0%| F|  |TAMS 0x0000000085200000, 0x0000000085200000| Untracked 
|  83|0x0000000085300000, 0x0000000085300000, 0x0000000085400000|  0%| F|  |TAMS 0x0000000085300000, 0x0000000085300000| Untracked 
|  84|0x0000000085400000, 0x0000000085400000, 0x0000000085500000|  0%| F|  |TAMS 0x0000000085400000, 0x0000000085400000| Untracked 
|  85|0x0000000085500000, 0x0000000085500000, 0x0000000085600000|  0%| F|  |TAMS 0x0000000085500000, 0x0000000085500000| Untracked 
|  86|0x0000000085600000, 0x0000000085600000, 0x0000000085700000|  0%| F|  |TAMS 0x0000000085600000, 0x0000000085600000| Untracked 
|  87|0x0000000085700000, 0x0000000085700000, 0x0000000085800000|  0%| F|  |TAMS 0x0000000085700000, 0x0000000085700000| Untracked 
|  88|0x0000000085800000, 0x0000000085800000, 0x0000000085900000|  0%| F|  |TAMS 0x0000000085800000, 0x0000000085800000| Untracked 
|  89|0x0000000085900000, 0x0000000085a00000, 0x0000000085a00000|100%| O|  |TAMS 0x0000000085a00000, 0x0000000085900000| Untracked 
|  90|0x0000000085a00000, 0x0000000085a00000, 0x0000000085b00000|  0%| F|  |TAMS 0x0000000085a00000, 0x0000000085a00000| Untracked 
|  91|0x0000000085b00000, 0x0000000085b00000, 0x0000000085c00000|  0%| F|  |TAMS 0x0000000085b00000, 0x0000000085b00000| Untracked 
|  92|0x0000000085c00000, 0x0000000085c00000, 0x0000000085d00000|  0%| F|  |TAMS 0x0000000085c00000, 0x0000000085c00000| Untracked 
|  93|0x0000000085d00000, 0x0000000085e00000, 0x0000000085e00000|100%| O|  |TAMS 0x0000000085e00000, 0x0000000085d00000| Untracked 
|  94|0x0000000085e00000, 0x0000000085f00000, 0x0000000085f00000|100%| O|  |TAMS 0x0000000085f00000, 0x0000000085e00000| Untracked 
|  95|0x0000000085f00000, 0x0000000086000000, 0x0000000086000000|100%| O|  |TAMS 0x0000000086000000, 0x0000000085f00000| Untracked 
|  96|0x0000000086000000, 0x0000000086100000, 0x0000000086100000|100%| O|  |TAMS 0x0000000086100000, 0x0000000086000000| Untracked 
|  97|0x0000000086100000, 0x0000000086100000, 0x0000000086200000|  0%| F|  |TAMS 0x0000000086100000, 0x0000000086100000| Untracked 
|  98|0x0000000086200000, 0x0000000086200000, 0x0000000086300000|  0%| F|  |TAMS 0x0000000086200000, 0x0000000086200000| Untracked 
|  99|0x0000000086300000, 0x0000000086300000, 0x0000000086400000|  0%| F|  |TAMS 0x0000000086300000, 0x0000000086300000| Untracked 
| 100|0x0000000086400000, 0x0000000086400000, 0x0000000086500000|  0%| F|  |TAMS 0x0000000086400000, 0x0000000086400000| Untracked 
| 101|0x0000000086500000, 0x0000000086500000, 0x0000000086600000|  0%| F|  |TAMS 0x0000000086500000, 0x0000000086500000| Untracked 
| 102|0x0000000086600000, 0x0000000086600000, 0x0000000086700000|  0%| F|  |TAMS 0x0000000086600000, 0x0000000086600000| Untracked 
| 103|0x0000000086700000, 0x0000000086700000, 0x0000000086800000|  0%| F|  |TAMS 0x0000000086700000, 0x0000000086700000| Untracked 
| 104|0x0000000086800000, 0x0000000086800000, 0x0000000086900000|  0%| F|  |TAMS 0x0000000086800000, 0x0000000086800000| Untracked 
| 105|0x0000000086900000, 0x0000000086900000, 0x0000000086a00000|  0%| F|  |TAMS 0x0000000086900000, 0x0000000086900000| Untracked 
| 106|0x0000000086a00000, 0x0000000086a00000, 0x0000000086b00000|  0%| F|  |TAMS 0x0000000086a00000, 0x0000000086a00000| Untracked 
| 107|0x0000000086b00000, 0x0000000086b00000, 0x0000000086c00000|  0%| F|  |TAMS 0x0000000086b00000, 0x0000000086b00000| Untracked 
| 108|0x0000000086c00000, 0x0000000086c00000, 0x0000000086d00000|  0%| F|  |TAMS 0x0000000086c00000, 0x0000000086c00000| Untracked 
| 109|0x0000000086d00000, 0x0000000086d00000, 0x0000000086e00000|  0%| F|  |TAMS 0x0000000086d00000, 0x0000000086d00000| Untracked 
| 110|0x0000000086e00000, 0x0000000086e00000, 0x0000000086f00000|  0%| F|  |TAMS 0x0000000086e00000, 0x0000000086e00000| Untracked 
| 111|0x0000000086f00000, 0x0000000087000000, 0x0000000087000000|100%| O|  |TAMS 0x0000000087000000, 0x0000000086f00000| Untracked 
| 112|0x0000000087000000, 0x0000000087000000, 0x0000000087100000|  0%| F|  |TAMS 0x0000000087000000, 0x0000000087000000| Untracked 
| 113|0x0000000087100000, 0x0000000087100000, 0x0000000087200000|  0%| F|  |TAMS 0x0000000087100000, 0x0000000087100000| Untracked 
| 114|0x0000000087200000, 0x0000000087200000, 0x0000000087300000|  0%| F|  |TAMS 0x0000000087200000, 0x0000000087200000| Untracked 
| 115|0x0000000087300000, 0x0000000087300000, 0x0000000087400000|  0%| F|  |TAMS 0x0000000087300000, 0x0000000087300000| Untracked 
| 116|0x0000000087400000, 0x0000000087400000, 0x0000000087500000|  0%| F|  |TAMS 0x0000000087400000, 0x0000000087400000| Untracked 
| 117|0x0000000087500000, 0x0000000087500000, 0x0000000087600000|  0%| F|  |TAMS 0x0000000087500000, 0x0000000087500000| Untracked 
| 118|0x0000000087600000, 0x0000000087600000, 0x0000000087700000|  0%| F|  |TAMS 0x0000000087600000, 0x0000000087600000| Untracked 
| 119|0x0000000087700000, 0x0000000087700000, 0x0000000087800000|  0%| F|  |TAMS 0x0000000087700000, 0x0000000087700000| Untracked 
| 120|0x0000000087800000, 0x0000000087800000, 0x0000000087900000|  0%| F|  |TAMS 0x0000000087800000, 0x0000000087800000| Untracked 
| 121|0x0000000087900000, 0x0000000087900000, 0x0000000087a00000|  0%| F|  |TAMS 0x0000000087900000, 0x0000000087900000| Untracked 
| 122|0x0000000087a00000, 0x0000000087a00000, 0x0000000087b00000|  0%| F|  |TAMS 0x0000000087a00000, 0x0000000087a00000| Untracked 
| 123|0x0000000087b00000, 0x0000000087b00000, 0x0000000087c00000|  0%| F|  |TAMS 0x0000000087b00000, 0x0000000087b00000| Untracked 
| 124|0x0000000087c00000, 0x0000000087c00000, 0x0000000087d00000|  0%| F|  |TAMS 0x0000000087c00000, 0x0000000087c00000| Untracked 
| 125|0x0000000087d00000, 0x0000000087d00000, 0x0000000087e00000|  0%| F|  |TAMS 0x0000000087d00000, 0x0000000087d00000| Untracked 
| 126|0x0000000087e00000, 0x0000000087e00000, 0x0000000087f00000|  0%| F|  |TAMS 0x0000000087e00000, 0x0000000087e00000| Untracked 
| 127|0x0000000087f00000, 0x0000000087f00000, 0x0000000088000000|  0%| F|  |TAMS 0x0000000087f00000, 0x0000000087f00000| Untracked 
| 128|0x0000000088000000, 0x0000000088000000, 0x0000000088100000|  0%| F|  |TAMS 0x0000000088000000, 0x0000000088000000| Untracked 
| 129|0x0000000088100000, 0x0000000088100000, 0x0000000088200000|  0%| F|  |TAMS 0x0000000088100000, 0x0000000088100000| Untracked 
| 130|0x0000000088200000, 0x0000000088200000, 0x0000000088300000|  0%| F|  |TAMS 0x0000000088200000, 0x0000000088200000| Untracked 
| 131|0x0000000088300000, 0x00000000883f2dc0, 0x0000000088400000| 94%| S|CS|TAMS 0x0000000088300000, 0x0000000088300000| Complete 
| 132|0x0000000088400000, 0x0000000088500000, 0x0000000088500000|100%| S|CS|TAMS 0x0000000088400000, 0x0000000088400000| Complete 
| 133|0x0000000088500000, 0x0000000088600000, 0x0000000088600000|100%| S|CS|TAMS 0x0000000088500000, 0x0000000088500000| Complete 
| 134|0x0000000088600000, 0x0000000088600000, 0x0000000088700000|  0%| F|  |TAMS 0x0000000088600000, 0x0000000088600000| Untracked 
| 135|0x0000000088700000, 0x0000000088700000, 0x0000000088800000|  0%| F|  |TAMS 0x0000000088700000, 0x0000000088700000| Untracked 
| 136|0x0000000088800000, 0x0000000088800000, 0x0000000088900000|  0%| F|  |TAMS 0x0000000088800000, 0x0000000088800000| Untracked 
| 137|0x0000000088900000, 0x0000000088900000, 0x0000000088a00000|  0%| F|  |TAMS 0x0000000088900000, 0x0000000088900000| Untracked 
| 138|0x0000000088a00000, 0x0000000088a00000, 0x0000000088b00000|  0%| F|  |TAMS 0x0000000088a00000, 0x0000000088a00000| Untracked 
| 139|0x0000000088b00000, 0x0000000088b00000, 0x0000000088c00000|  0%| F|  |TAMS 0x0000000088b00000, 0x0000000088b00000| Untracked 
| 140|0x0000000088c00000, 0x0000000088c00000, 0x0000000088d00000|  0%| F|  |TAMS 0x0000000088c00000, 0x0000000088c00000| Untracked 
| 141|0x0000000088d00000, 0x0000000088d00000, 0x0000000088e00000|  0%| F|  |TAMS 0x0000000088d00000, 0x0000000088d00000| Untracked 
| 142|0x0000000088e00000, 0x0000000088e84188, 0x0000000088f00000| 51%| E|  |TAMS 0x0000000088e00000, 0x0000000088e00000| Complete 
| 143|0x0000000088f00000, 0x0000000089000000, 0x0000000089000000|100%| E|CS|TAMS 0x0000000088f00000, 0x0000000088f00000| Complete 
| 144|0x0000000089000000, 0x0000000089100000, 0x0000000089100000|100%| E|CS|TAMS 0x0000000089000000, 0x0000000089000000| Complete 
| 145|0x0000000089100000, 0x0000000089200000, 0x0000000089200000|100%| E|CS|TAMS 0x0000000089100000, 0x0000000089100000| Complete 
| 146|0x0000000089200000, 0x0000000089300000, 0x0000000089300000|100%| E|CS|TAMS 0x0000000089200000, 0x0000000089200000| Complete 
| 147|0x0000000089300000, 0x0000000089400000, 0x0000000089400000|100%| E|CS|TAMS 0x0000000089300000, 0x0000000089300000| Complete 
| 148|0x0000000089400000, 0x0000000089500000, 0x0000000089500000|100%| E|CS|TAMS 0x0000000089400000, 0x0000000089400000| Complete 
| 149|0x0000000089500000, 0x0000000089600000, 0x0000000089600000|100%| E|  |TAMS 0x0000000089500000, 0x0000000089500000| Complete 
| 150|0x0000000089600000, 0x0000000089700000, 0x0000000089700000|100%| E|CS|TAMS 0x0000000089600000, 0x0000000089600000| Complete 
| 151|0x0000000089700000, 0x0000000089800000, 0x0000000089800000|100%| E|CS|TAMS 0x0000000089700000, 0x0000000089700000| Complete 
| 152|0x0000000089800000, 0x0000000089900000, 0x0000000089900000|100%| E|CS|TAMS 0x0000000089800000, 0x0000000089800000| Complete 
| 153|0x0000000089900000, 0x0000000089a00000, 0x0000000089a00000|100%| E|CS|TAMS 0x0000000089900000, 0x0000000089900000| Complete 
| 154|0x0000000089a00000, 0x0000000089b00000, 0x0000000089b00000|100%| E|CS|TAMS 0x0000000089a00000, 0x0000000089a00000| Complete 
| 155|0x0000000089b00000, 0x0000000089c00000, 0x0000000089c00000|100%| E|CS|TAMS 0x0000000089b00000, 0x0000000089b00000| Complete 
| 156|0x0000000089c00000, 0x0000000089d00000, 0x0000000089d00000|100%| E|CS|TAMS 0x0000000089c00000, 0x0000000089c00000| Complete 
| 157|0x0000000089d00000, 0x0000000089e00000, 0x0000000089e00000|100%| E|CS|TAMS 0x0000000089d00000, 0x0000000089d00000| Complete 
| 158|0x0000000089e00000, 0x0000000089f00000, 0x0000000089f00000|100%| E|CS|TAMS 0x0000000089e00000, 0x0000000089e00000| Complete 
| 159|0x0000000089f00000, 0x000000008a000000, 0x000000008a000000|100%| E|CS|TAMS 0x0000000089f00000, 0x0000000089f00000| Complete 
| 160|0x000000008a000000, 0x000000008a100000, 0x000000008a100000|100%| E|CS|TAMS 0x000000008a000000, 0x000000008a000000| Complete 
| 161|0x000000008a100000, 0x000000008a200000, 0x000000008a200000|100%| E|CS|TAMS 0x000000008a100000, 0x000000008a100000| Complete 
| 162|0x000000008a200000, 0x000000008a300000, 0x000000008a300000|100%| E|CS|TAMS 0x000000008a200000, 0x000000008a200000| Complete 
| 163|0x000000008a300000, 0x000000008a400000, 0x000000008a400000|100%| E|CS|TAMS 0x000000008a300000, 0x000000008a300000| Complete 
| 164|0x000000008a400000, 0x000000008a500000, 0x000000008a500000|100%| E|CS|TAMS 0x000000008a400000, 0x000000008a400000| Complete 
| 165|0x000000008a500000, 0x000000008a600000, 0x000000008a600000|100%| E|CS|TAMS 0x000000008a500000, 0x000000008a500000| Complete 
| 166|0x000000008a600000, 0x000000008a700000, 0x000000008a700000|100%| E|CS|TAMS 0x000000008a600000, 0x000000008a600000| Complete 
| 167|0x000000008a700000, 0x000000008a800000, 0x000000008a800000|100%| E|CS|TAMS 0x000000008a700000, 0x000000008a700000| Complete 
| 168|0x000000008a800000, 0x000000008a900000, 0x000000008a900000|100%| E|CS|TAMS 0x000000008a800000, 0x000000008a800000| Complete 
| 169|0x000000008a900000, 0x000000008aa00000, 0x000000008aa00000|100%| E|CS|TAMS 0x000000008a900000, 0x000000008a900000| Complete 
| 170|0x000000008aa00000, 0x000000008ab00000, 0x000000008ab00000|100%| E|CS|TAMS 0x000000008aa00000, 0x000000008aa00000| Complete 
| 171|0x000000008ab00000, 0x000000008ac00000, 0x000000008ac00000|100%| E|CS|TAMS 0x000000008ab00000, 0x000000008ab00000| Complete 
| 172|0x000000008ac00000, 0x000000008ad00000, 0x000000008ad00000|100%| E|CS|TAMS 0x000000008ac00000, 0x000000008ac00000| Complete 
| 173|0x000000008ad00000, 0x000000008ae00000, 0x000000008ae00000|100%| E|CS|TAMS 0x000000008ad00000, 0x000000008ad00000| Complete 
| 174|0x000000008ae00000, 0x000000008af00000, 0x000000008af00000|100%| E|CS|TAMS 0x000000008ae00000, 0x000000008ae00000| Complete 
| 175|0x000000008af00000, 0x000000008b000000, 0x000000008b000000|100%| E|CS|TAMS 0x000000008af00000, 0x000000008af00000| Complete 
| 176|0x000000008b000000, 0x000000008b100000, 0x000000008b100000|100%| E|CS|TAMS 0x000000008b000000, 0x000000008b000000| Complete 
| 177|0x000000008b100000, 0x000000008b200000, 0x000000008b200000|100%| E|CS|TAMS 0x000000008b100000, 0x000000008b100000| Complete 
| 178|0x000000008b200000, 0x000000008b300000, 0x000000008b300000|100%| E|CS|TAMS 0x000000008b200000, 0x000000008b200000| Complete 
| 179|0x000000008b300000, 0x000000008b400000, 0x000000008b400000|100%| E|CS|TAMS 0x000000008b300000, 0x000000008b300000| Complete 
| 180|0x000000008b400000, 0x000000008b500000, 0x000000008b500000|100%| E|CS|TAMS 0x000000008b400000, 0x000000008b400000| Complete 
| 181|0x000000008b500000, 0x000000008b600000, 0x000000008b600000|100%| E|CS|TAMS 0x000000008b500000, 0x000000008b500000| Complete 
| 182|0x000000008b600000, 0x000000008b700000, 0x000000008b700000|100%| E|CS|TAMS 0x000000008b600000, 0x000000008b600000| Complete 
| 183|0x000000008b700000, 0x000000008b800000, 0x000000008b800000|100%| E|CS|TAMS 0x000000008b700000, 0x000000008b700000| Complete 
| 184|0x000000008b800000, 0x000000008b900000, 0x000000008b900000|100%| E|CS|TAMS 0x000000008b800000, 0x000000008b800000| Complete 
| 185|0x000000008b900000, 0x000000008ba00000, 0x000000008ba00000|100%| E|CS|TAMS 0x000000008b900000, 0x000000008b900000| Complete 
| 186|0x000000008ba00000, 0x000000008bb00000, 0x000000008bb00000|100%| E|CS|TAMS 0x000000008ba00000, 0x000000008ba00000| Complete 
| 187|0x000000008bb00000, 0x000000008bc00000, 0x000000008bc00000|100%| E|CS|TAMS 0x000000008bb00000, 0x000000008bb00000| Complete 
| 188|0x000000008bc00000, 0x000000008bd00000, 0x000000008bd00000|100%| E|CS|TAMS 0x000000008bc00000, 0x000000008bc00000| Complete 
| 189|0x000000008bd00000, 0x000000008be00000, 0x000000008be00000|100%| E|CS|TAMS 0x000000008bd00000, 0x000000008bd00000| Complete 
| 190|0x000000008be00000, 0x000000008bf00000, 0x000000008bf00000|100%| E|CS|TAMS 0x000000008be00000, 0x000000008be00000| Complete 
| 191|0x000000008bf00000, 0x000000008c000000, 0x000000008c000000|100%| E|CS|TAMS 0x000000008bf00000, 0x000000008bf00000| Complete 
| 192|0x000000008c000000, 0x000000008c100000, 0x000000008c100000|100%| E|CS|TAMS 0x000000008c000000, 0x000000008c000000| Complete 
| 193|0x000000008c100000, 0x000000008c200000, 0x000000008c200000|100%| E|CS|TAMS 0x000000008c100000, 0x000000008c100000| Complete 

Card table byte_map: [0x000001afa7270000,0x000001afa7670000] _byte_map_base: 0x000001afa6e70000

Marking Bits (Prev, Next): (CMBitMap*) 0x000001af943bd9f0, (CMBitMap*) 0x000001af943bd9b8
 Prev Bits: [0x000001afa9a70000, 0x000001afaba70000)
 Next Bits: [0x000001afa7a70000, 0x000001afa9a70000)

Polling page: 0x000001af92220000

Metaspace:

Usage:
  Non-class:     84.00 MB capacity,    82.64 MB ( 98%) used,     1.11 MB (  1%) free+waste,   262.13 KB ( <1%) overhead. 
      Class:     12.60 MB capacity,    11.81 MB ( 94%) used,   697.79 KB (  5%) free+waste,   115.25 KB ( <1%) overhead. 
       Both:     96.61 MB capacity,    94.45 MB ( 98%) used,     1.80 MB (  2%) free+waste,   377.38 KB ( <1%) overhead. 

Virtual space:
  Non-class space:       86.00 MB reserved,      84.25 MB ( 98%) committed 
      Class space:        1.00 GB reserved,      12.70 MB (  1%) committed 
             Both:        1.08 GB reserved,      96.95 MB (  9%) committed 

Chunk freelists:
   Non-Class:  59.00 KB
       Class:  0 bytes
        Both:  59.00 KB

MaxMetaspaceSize: 17179869184.00 GB
CompressedClassSpaceSize: 1.00 GB

CodeHeap 'non-profiled nmethods': size=120064Kb used=9193Kb max_used=9193Kb free=110870Kb
 bounds [0x000001af9f930000, 0x000001afa0230000, 0x000001afa6e70000]
CodeHeap 'profiled nmethods': size=120000Kb used=30656Kb max_used=30656Kb free=89344Kb
 bounds [0x000001af98400000, 0x000001af9a200000, 0x000001af9f930000]
CodeHeap 'non-nmethods': size=5696Kb used=2292Kb max_used=2357Kb free=3403Kb
 bounds [0x000001af97e70000, 0x000001af980e0000, 0x000001af98400000]
 total_blobs=14392 nmethods=13482 adapters=822
 compilation: enabled
              stopped_count=0, restarted_count=0
 full_count=0

Compilation events (20 events):
Event: 56.763 Thread 0x000001afadf72800 nmethod 13561 0x000001af9a1ed110 code [0x000001af9a1ed340, 0x000001af9a1ed948]
Event: 56.763 Thread 0x000001afadf72800 13562       3       com.android.tools.r8.ProgramResource$ByteResource::<init> (10 bytes)
Event: 56.763 Thread 0x000001afadf6f800 nmethod 13554 0x000001afa022a410 code [0x000001afa022a5a0, 0x000001afa022a618]
Event: 56.763 Thread 0x000001afadf72800 nmethod 13562 0x000001af9a1edc90 code [0x000001af9a1ede40, 0x000001af9a1edf68]
Event: 56.763 Thread 0x000001afadf72800 13563       3       com.android.tools.r8.ProgramResource::fromBytes (13 bytes)
Event: 56.764 Thread 0x000001afadf72800 nmethod 13563 0x000001af9a1ee010 code [0x000001af9a1ee1e0, 0x000001af9a1ee3e8]
Event: 56.764 Thread 0x000001afadf6f800 13564       4       java.util.zip.ZipFile$Source::getEntryPos (206 bytes)
Event: 56.773 Thread 0x000001afadf72800 13565   !   3       org.gradle.initialization.DefaultBuildCancellationToken::removeCallback (29 bytes)
Event: 56.773 Thread 0x000001afadf72800 nmethod 13565 0x000001af9a1ee510 code [0x000001af9a1ee6e0, 0x000001af9a1eea48]
Event: 56.785 Thread 0x000001afadf72800 13566       3       org.gradle.internal.execution.steps.ResolveChangesStep$1::getIdentity (10 bytes)
Event: 56.785 Thread 0x000001afadf72800 nmethod 13566 0x000001af9a1eeb90 code [0x000001af9a1eed40, 0x000001af9a1eef08]
Event: 56.785 Thread 0x000001afadf72800 13567       3       org.gradle.internal.execution.steps.ResolveCachingStateStep$1::getIdentity (10 bytes)
Event: 56.785 Thread 0x000001afadf72800 nmethod 13567 0x000001af9a1ef010 code [0x000001af9a1ef1c0, 0x000001af9a1ef388]
Event: 56.786 Thread 0x000001afadf72800 13568       3       org.gradle.internal.execution.steps.CaptureStateBeforeExecutionStep$1::getIdentity (10 bytes)
Event: 56.786 Thread 0x000001afadf72800 nmethod 13568 0x000001af9a1ef490 code [0x000001af9a1ef640, 0x000001af9a1ef808]
Event: 56.786 Thread 0x000001afadf72800 13569       3       org.gradle.internal.execution.steps.ValidateStep$1::getIdentity (10 bytes)
Event: 56.786 Thread 0x000001afadf72800 nmethod 13569 0x000001af9a1ef910 code [0x000001af9a1efac0, 0x000001af9a1efc88]
Event: 56.786 Thread 0x000001afadf72800 13570       3       org.gradle.internal.execution.steps.ResolveChangesStep$1::getHistory (10 bytes)
Event: 56.786 Thread 0x000001afadf72800 nmethod 13570 0x000001af9a1efd90 code [0x000001af9a1eff40, 0x000001af9a1f0108]
Event: 56.786 Thread 0x000001afadf72800 13572       3       com.google.common.collect.ImmutableSortedMap::fromEntries (305 bytes)

GC Heap History (20 events):
Event: 42.161 GC heap before
{Heap before GC invocations=32 (full 0):
 garbage-first heap   total 164864K, used 125215K [0x0000000080000000, 0x0000000100000000)
  region size 1024K, 30 young (30720K), 1 survivors (1024K)
 Metaspace       used 85730K, capacity 87869K, committed 88140K, reserved 1126400K
  class space    used 11036K, capacity 11798K, committed 11852K, reserved 1048576K
}
Event: 42.163 GC heap after
{Heap after GC invocations=33 (full 0):
 garbage-first heap   total 164864K, used 95170K [0x0000000080000000, 0x0000000100000000)
  region size 1024K, 1 young (1024K), 1 survivors (1024K)
 Metaspace       used 85730K, capacity 87869K, committed 88140K, reserved 1126400K
  class space    used 11036K, capacity 11798K, committed 11852K, reserved 1048576K
}
Event: 42.506 GC heap before
{Heap before GC invocations=34 (full 0):
 garbage-first heap   total 164864K, used 99266K [0x0000000080000000, 0x0000000100000000)
  region size 1024K, 6 young (6144K), 1 survivors (1024K)
 Metaspace       used 85735K, capacity 87869K, committed 88140K, reserved 1126400K
  class space    used 11036K, capacity 11798K, committed 11852K, reserved 1048576K
}
Event: 42.514 GC heap after
{Heap after GC invocations=35 (full 0):
 garbage-first heap   total 164864K, used 99132K [0x0000000080000000, 0x0000000100000000)
  region size 1024K, 4 young (4096K), 4 survivors (4096K)
 Metaspace       used 85735K, capacity 87869K, committed 88140K, reserved 1126400K
  class space    used 11036K, capacity 11798K, committed 11852K, reserved 1048576K
}
Event: 43.400 GC heap before
{Heap before GC invocations=36 (full 0):
 garbage-first heap   total 164864K, used 143164K [0x0000000080000000, 0x0000000100000000)
  region size 1024K, 32 young (32768K), 4 survivors (4096K)
 Metaspace       used 87463K, capacity 89613K, committed 89804K, reserved 1126400K
  class space    used 11153K, capacity 11910K, committed 11980K, reserved 1048576K
}
Event: 43.417 GC heap after
{Heap after GC invocations=37 (full 0):
 garbage-first heap   total 164864K, used 102542K [0x0000000080000000, 0x0000000100000000)
  region size 1024K, 4 young (4096K), 4 survivors (4096K)
 Metaspace       used 87463K, capacity 89613K, committed 89804K, reserved 1126400K
  class space    used 11153K, capacity 11910K, committed 11980K, reserved 1048576K
}
Event: 44.053 GC heap before
{Heap before GC invocations=37 (full 0):
 garbage-first heap   total 164864K, used 129166K [0x0000000080000000, 0x0000000100000000)
  region size 1024K, 31 young (31744K), 4 survivors (4096K)
 Metaspace       used 89899K, capacity 91991K, committed 92364K, reserved 1130496K
  class space    used 11348K, capacity 12102K, committed 12236K, reserved 1048576K
}
Event: 44.080 GC heap after
{Heap after GC invocations=38 (full 0):
 garbage-first heap   total 164864K, used 106633K [0x0000000080000000, 0x0000000100000000)
  region size 1024K, 4 young (4096K), 4 survivors (4096K)
 Metaspace       used 89899K, capacity 91991K, committed 92364K, reserved 1130496K
  class space    used 11348K, capacity 12102K, committed 12236K, reserved 1048576K
}
Event: 45.256 GC heap before
{Heap before GC invocations=39 (full 0):
 garbage-first heap   total 164864K, used 125065K [0x0000000080000000, 0x0000000100000000)
  region size 1024K, 29 young (29696K), 4 survivors (4096K)
 Metaspace       used 90124K, capacity 92247K, committed 92620K, reserved 1130496K
  class space    used 11359K, capacity 12102K, committed 12236K, reserved 1048576K
}
Event: 45.267 GC heap after
{Heap after GC invocations=40 (full 0):
 garbage-first heap   total 198656K, used 99424K [0x0000000080000000, 0x0000000100000000)
  region size 1024K, 1 young (1024K), 1 survivors (1024K)
 Metaspace       used 90124K, capacity 92247K, committed 92620K, reserved 1130496K
  class space    used 11359K, capacity 12102K, committed 12236K, reserved 1048576K
}
Event: 45.553 GC heap before
{Heap before GC invocations=40 (full 0):
 garbage-first heap   total 198656K, used 107616K [0x0000000080000000, 0x0000000100000000)
  region size 1024K, 9 young (9216K), 1 survivors (1024K)
 Metaspace       used 90128K, capacity 92248K, committed 92620K, reserved 1130496K
  class space    used 11359K, capacity 12102K, committed 12236K, reserved 1048576K
}
Event: 45.558 GC heap after
{Heap after GC invocations=41 (full 0):
 garbage-first heap   total 198656K, used 86178K [0x0000000080000000, 0x0000000100000000)
  region size 1024K, 1 young (1024K), 1 survivors (1024K)
 Metaspace       used 90128K, capacity 92248K, committed 92620K, reserved 1130496K
  class space    used 11359K, capacity 12102K, committed 12236K, reserved 1048576K
}
Event: 46.219 GC heap before
{Heap before GC invocations=41 (full 0):
 garbage-first heap   total 198656K, used 110754K [0x0000000080000000, 0x0000000100000000)
  region size 1024K, 24 young (24576K), 1 survivors (1024K)
 Metaspace       used 90681K, capacity 92792K, committed 93132K, reserved 1130496K
  class space    used 11395K, capacity 12134K, committed 12236K, reserved 1048576K
}
Event: 46.222 GC heap after
{Heap after GC invocations=42 (full 0):
 garbage-first heap   total 198656K, used 87393K [0x0000000080000000, 0x0000000100000000)
  region size 1024K, 1 young (1024K), 1 survivors (1024K)
 Metaspace       used 90681K, capacity 92792K, committed 93132K, reserved 1130496K
  class space    used 11395K, capacity 12134K, committed 12236K, reserved 1048576K
}
Event: 49.336 GC heap before
{Heap before GC invocations=43 (full 0):
 garbage-first heap   total 198656K, used 146785K [0x0000000080000000, 0x0000000100000000)
  region size 1024K, 54 young (55296K), 1 survivors (1024K)
 Metaspace       used 92715K, capacity 94899K, committed 95180K, reserved 1132544K
  class space    used 11645K, capacity 12405K, committed 12492K, reserved 1048576K
}
Event: 49.342 GC heap after
{Heap after GC invocations=44 (full 0):
 garbage-first heap   total 198656K, used 85973K [0x0000000080000000, 0x0000000100000000)
  region size 1024K, 2 young (2048K), 2 survivors (2048K)
 Metaspace       used 92715K, capacity 94899K, committed 95180K, reserved 1132544K
  class space    used 11645K, capacity 12405K, committed 12492K, reserved 1048576K
}
Event: 49.501 GC heap before
{Heap before GC invocations=44 (full 0):
 garbage-first heap   total 198656K, used 93141K [0x0000000080000000, 0x0000000100000000)
  region size 1024K, 9 young (9216K), 2 survivors (2048K)
 Metaspace       used 93204K, capacity 95347K, committed 95436K, reserved 1132544K
  class space    used 11717K, capacity 12469K, committed 12492K, reserved 1048576K
}
Event: 49.510 GC heap after
{Heap after GC invocations=45 (full 0):
 garbage-first heap   total 198656K, used 84037K [0x0000000080000000, 0x0000000100000000)
  region size 1024K, 1 young (1024K), 1 survivors (1024K)
 Metaspace       used 93204K, capacity 95347K, committed 95436K, reserved 1132544K
  class space    used 11717K, capacity 12469K, committed 12492K, reserved 1048576K
}
Event: 53.639 GC heap before
{Heap before GC invocations=45 (full 0):
 garbage-first heap   total 198656K, used 143429K [0x0000000080000000, 0x0000000100000000)
  region size 1024K, 60 young (61440K), 1 survivors (1024K)
 Metaspace       used 95789K, capacity 98076K, committed 98380K, reserved 1134592K
  class space    used 11981K, capacity 12781K, committed 12876K, reserved 1048576K
}
Event: 53.648 GC heap after
{Heap after GC invocations=46 (full 0):
 garbage-first heap   total 198656K, used 86960K [0x0000000080000000, 0x0000000100000000)
  region size 1024K, 3 young (3072K), 3 survivors (3072K)
 Metaspace       used 95789K, capacity 98076K, committed 98380K, reserved 1134592K
  class space    used 11981K, capacity 12781K, committed 12876K, reserved 1048576K
}

Deoptimization events (20 events):
Event: 54.725 Thread 0x000001afaf794800 DEOPT PACKING pc=0x000001afa0209e7c sp=0x00000099bc6f7a80
Event: 54.725 Thread 0x000001afaf794800 DEOPT UNPACKING pc=0x000001af97e96a29 sp=0x00000099bc6f7a40 mode 2
Event: 55.243 Thread 0x000001afb49f4000 Uncommon trap: trap_request=0x00000186 fr.pc=0x000001afa011a0fc relative=0x0000000000000f9c
Event: 55.243 Thread 0x000001afb49f4000 Uncommon trap: reason=unloaded action=reinterpret pc=0x000001afa011a0fc method=java.util.regex.Pattern.newSlice([IIZ)Ljava/util/regex/Pattern$Node; @ 68 c2
Event: 55.244 Thread 0x000001afb49f4000 DEOPT PACKING pc=0x000001afa011a0fc sp=0x00000099bdff9e90
Event: 55.244 Thread 0x000001afb49f4000 DEOPT UNPACKING pc=0x000001af97e96a29 sp=0x00000099bdff9de8 mode 2
Event: 55.657 Thread 0x000001afb49f3000 Uncommon trap: trap_request=0xffffff4d fr.pc=0x000001af9f9636e0 relative=0x0000000000000780
Event: 55.657 Thread 0x000001afb49f3000 Uncommon trap: reason=unstable_if action=reinterpret pc=0x000001af9f9636e0 method=java.util.zip.ZipFile$Source.getEntryPos([BZ)I @ 105 c2
Event: 55.657 Thread 0x000001afb49f3000 DEOPT PACKING pc=0x000001af9f9636e0 sp=0x00000099bddf7170
Event: 55.657 Thread 0x000001afb49f3000 DEOPT UNPACKING pc=0x000001af97e96a29 sp=0x00000099bddf7110 mode 2
Event: 56.769 Thread 0x000001afb49f3000 Uncommon trap: trap_request=0xffffffde fr.pc=0x000001af9fab6454 relative=0x0000000000000514
Event: 56.769 Thread 0x000001afb49f3000 Uncommon trap: reason=class_check action=maybe_recompile pc=0x000001af9fab6454 method=java.lang.Throwable.<init>(Ljava/lang/String;Ljava/lang/Throwable;)V @ 24 c2
Event: 56.769 Thread 0x000001afb49f3000 DEOPT PACKING pc=0x000001af9fab6454 sp=0x00000099bddfabc0
Event: 56.769 Thread 0x000001afb49f3000 DEOPT UNPACKING pc=0x000001af97e96a29 sp=0x00000099bddfab88 mode 2
Event: 56.770 Thread 0x000001afb49f3000 Uncommon trap: trap_request=0xffffff4d fr.pc=0x000001af9fb46d80 relative=0x00000000000009a0
Event: 56.770 Thread 0x000001afb49f3000 Uncommon trap: reason=unstable_if action=reinterpret pc=0x000001af9fb46d80 method=java.util.zip.ZipFile$CleanableResource.releaseInflater(Ljava/util/zip/Inflater;)V @ 6 c2
Event: 56.770 Thread 0x000001afb49f3000 DEOPT PACKING pc=0x000001af9fb46d80 sp=0x00000099bddfaae0
Event: 56.770 Thread 0x000001afb49f3000 DEOPT UNPACKING pc=0x000001af97e96a29 sp=0x00000099bddfaab8 mode 2
Event: 56.787 Thread 0x000001afb49f3000 Uncommon trap: trap_request=0xffffffde fr.pc=0x000001af9fab6454 relative=0x0000000000000514
Event: 56.787 Thread 0x000001afb49f3000 Uncommon trap: reason=class_check action=maybe_recompile pc=0x000001af9fab6454 method=java.lang.Throwable.<init>(Ljava/lang/String;Ljava/lang/Throwable;)V @ 24 c2

Classes redefined (0 events):
No events

Internal exceptions (20 events):
Event: 53.915 Thread 0x000001afb49f9800 Exception <a 'sun/nio/fs/WindowsException'{0x000000008b7e5c48}> (0x000000008b7e5c48) thrown at [./src/hotspot/share/prims/jni.cpp, line 615]
Event: 53.917 Thread 0x000001afb49f4000 Exception <a 'sun/nio/fs/WindowsException'{0x000000008b6f1348}> (0x000000008b6f1348) thrown at [./src/hotspot/share/prims/jni.cpp, line 615]
Event: 53.925 Thread 0x000001afb49fd000 Exception <a 'sun/nio/fs/WindowsException'{0x000000008b6d3448}> (0x000000008b6d3448) thrown at [./src/hotspot/share/prims/jni.cpp, line 615]
Event: 53.925 Thread 0x000001afb49f9800 Exception <a 'sun/nio/fs/WindowsException'{0x000000008b545948}> (0x000000008b545948) thrown at [./src/hotspot/share/prims/jni.cpp, line 615]
Event: 53.925 Thread 0x000001afb49f3000 Exception <a 'sun/nio/fs/WindowsException'{0x000000008b5665e0}> (0x000000008b5665e0) thrown at [./src/hotspot/share/prims/jni.cpp, line 615]
Event: 53.927 Thread 0x000001afb49f4000 Exception <a 'sun/nio/fs/WindowsException'{0x000000008b559698}> (0x000000008b559698) thrown at [./src/hotspot/share/prims/jni.cpp, line 615]
Event: 53.936 Thread 0x000001afb49fd000 Exception <a 'sun/nio/fs/WindowsException'{0x000000008b58a468}> (0x000000008b58a468) thrown at [./src/hotspot/share/prims/jni.cpp, line 615]
Event: 53.952 Thread 0x000001afb49fd000 Exception <a 'sun/nio/fs/WindowsException'{0x000000008b4554c0}> (0x000000008b4554c0) thrown at [./src/hotspot/share/prims/jni.cpp, line 615]
Event: 53.962 Thread 0x000001afb49fd000 Exception <a 'sun/nio/fs/WindowsException'{0x000000008b47de00}> (0x000000008b47de00) thrown at [./src/hotspot/share/prims/jni.cpp, line 615]
Event: 53.988 Thread 0x000001afb49f4000 Exception <a 'sun/nio/fs/WindowsException'{0x000000008b4e7d30}> (0x000000008b4e7d30) thrown at [./src/hotspot/share/prims/jni.cpp, line 615]
Event: 53.989 Thread 0x000001afb49f9800 Exception <a 'sun/nio/fs/WindowsException'{0x000000008b30b0e0}> (0x000000008b30b0e0) thrown at [./src/hotspot/share/prims/jni.cpp, line 615]
Event: 54.003 Thread 0x000001afb49f9800 Exception <a 'sun/nio/fs/WindowsException'{0x000000008b3b2d98}> (0x000000008b3b2d98) thrown at [./src/hotspot/share/prims/jni.cpp, line 615]
Event: 54.008 Thread 0x000001afb49f3000 Exception <a 'sun/nio/fs/WindowsException'{0x000000008b203488}> (0x000000008b203488) thrown at [./src/hotspot/share/prims/jni.cpp, line 615]
Event: 54.009 Thread 0x000001afb49f4000 Exception <a 'sun/nio/fs/WindowsException'{0x000000008b3f8578}> (0x000000008b3f8578) thrown at [./src/hotspot/share/prims/jni.cpp, line 615]
Event: 54.022 Thread 0x000001afb4f0f000 Exception <a 'sun/nio/fs/WindowsException'{0x000000008b2ec230}> (0x000000008b2ec230) thrown at [./src/hotspot/share/prims/jni.cpp, line 615]
Event: 54.027 Thread 0x000001afb49f4000 Exception <a 'sun/nio/fs/WindowsException'{0x000000008b1b8a68}> (0x000000008b1b8a68) thrown at [./src/hotspot/share/prims/jni.cpp, line 615]
Event: 54.041 Thread 0x000001afb49fd000 Exception <a 'sun/nio/fs/WindowsException'{0x000000008b07ccf8}> (0x000000008b07ccf8) thrown at [./src/hotspot/share/prims/jni.cpp, line 615]
Event: 54.121 Thread 0x000001afb4f0f000 Exception <a 'sun/nio/fs/WindowsException'{0x000000008b065118}> (0x000000008b065118) thrown at [./src/hotspot/share/prims/jni.cpp, line 615]
Event: 56.769 Thread 0x000001afb49f3000 Exception <a 'java/lang/OutOfMemoryError'{0x00000000893b1698}> (0x00000000893b1698) thrown at [./src/hotspot/share/prims/jni.cpp, line 636]
Event: 56.769 Thread 0x000001afb49f3000 Implicit null exception at 0x000001af9fb46420 to 0x000001af9fb46d70

Events (20 events):
Event: 56.752 loading class com/android/tools/r8/ClassFileResourceProvider
Event: 56.752 loading class com/android/tools/r8/ClassFileResourceProvider done
Event: 56.752 loading class com/android/tools/r8/BaseCommand$Builder
Event: 56.752 loading class com/android/tools/r8/BaseCommand$Builder done
Event: 56.752 loading class com/android/tools/r8/utils/A
Event: 56.752 loading class com/android/tools/r8/utils/A done
Event: 56.769 loading class java/util/zip/DataFormatException
Event: 56.769 loading class java/util/zip/DataFormatException done
Event: 56.770 loading class org/gradle/internal/Try
Event: 56.770 loading class org/gradle/internal/Try done
Event: 56.771 loading class org/gradle/internal/execution/steps/Result
Event: 56.771 loading class org/gradle/internal/execution/steps/Result done
Event: 56.774 loading class com/android/tools/r8/ClassFileResourceProvider
Event: 56.774 loading class com/android/tools/r8/ClassFileResourceProvider done
Event: 56.774 loading class com/android/tools/r8/BaseCommand$Builder
Event: 56.774 loading class com/android/tools/r8/BaseCommand$Builder done
Event: 56.775 loading class com/android/tools/r8/internal/p3
Event: 56.775 loading class com/android/tools/r8/internal/p3 done
Event: 56.775 loading class com/android/tools/r8/ClassFileResourceProvider
Event: 56.775 loading class com/android/tools/r8/ClassFileResourceProvider done


Dynamic libraries:
0x00007ff76c870000 - 0x00007ff76c87a000 	C:\Program Files\Android\Android Studio\jre\bin\java.exe
0x00007ffeff090000 - 0x00007ffeff285000 	C:\Windows\SYSTEM32\ntdll.dll
0x00007ffefe8d0000 - 0x00007ffefe98e000 	C:\Windows\System32\KERNEL32.DLL
0x00007ffefce10000 - 0x00007ffefd0d9000 	C:\Windows\System32\KERNELBASE.dll
0x00007ffefc7b0000 - 0x00007ffefc8b0000 	C:\Windows\System32\ucrtbase.dll
0x00007ffeedf90000 - 0x00007ffeedfa9000 	C:\Program Files\Android\Android Studio\jre\bin\jli.dll
0x00007ffedf020000 - 0x00007ffedf037000 	C:\Program Files\Android\Android Studio\jre\bin\VCRUNTIME140.dll
0x00007ffefee10000 - 0x00007ffefefb1000 	C:\Windows\System32\USER32.dll
0x00007ffefccd0000 - 0x00007ffefccf2000 	C:\Windows\System32\win32u.dll
0x00007ffefd610000 - 0x00007ffefd63b000 	C:\Windows\System32\GDI32.dll
0x00007ffefcd00000 - 0x00007ffefce0b000 	C:\Windows\System32\gdi32full.dll
0x00007ffefc960000 - 0x00007ffefc9fd000 	C:\Windows\System32\msvcp_win.dll
0x00007ffef12b0000 - 0x00007ffef154a000 	C:\Windows\WinSxS\amd64_microsoft.windows.common-controls_6595b64144ccf1df_6.0.19041.1110_none_60b5254171f9507e\COMCTL32.dll
0x00007ffefe7d0000 - 0x00007ffefe86e000 	C:\Windows\System32\msvcrt.dll
0x00007ffefdae0000 - 0x00007ffefdb10000 	C:\Windows\System32\IMM32.DLL
0x00007ffec4830000 - 0x00007ffec48cd000 	C:\Program Files\Android\Android Studio\jre\bin\msvcp140.dll
0x00007ffebb190000 - 0x00007ffebbc5f000 	C:\Program Files\Android\Android Studio\jre\bin\server\jvm.dll
0x00007ffefd0e0000 - 0x00007ffefd18c000 	C:\Windows\System32\ADVAPI32.dll
0x00007ffefed70000 - 0x00007ffefee0b000 	C:\Windows\System32\sechost.dll
0x00007ffefd9b0000 - 0x00007ffefdada000 	C:\Windows\System32\RPCRT4.dll
0x00007ffefd930000 - 0x00007ffefd938000 	C:\Windows\System32\PSAPI.DLL
0x00007ffef9fe0000 - 0x00007ffef9fe9000 	C:\Windows\SYSTEM32\WSOCK32.dll
0x00007ffefeb60000 - 0x00007ffefebcb000 	C:\Windows\System32\WS2_32.dll
0x00007ffedf9f0000 - 0x00007ffedfa17000 	C:\Windows\SYSTEM32\WINMM.dll
0x00007ffef1bb0000 - 0x00007ffef1bba000 	C:\Windows\SYSTEM32\VERSION.dll
0x00007ffefa6d0000 - 0x00007ffefa6e2000 	C:\Windows\SYSTEM32\kernel.appcore.dll
0x00007ffef7370000 - 0x00007ffef7381000 	C:\Program Files\Android\Android Studio\jre\bin\verify.dll
0x00007ffed8200000 - 0x00007ffed83e4000 	C:\Windows\SYSTEM32\DBGHELP.DLL
0x00007ffeda140000 - 0x00007ffeda16c000 	C:\Windows\SYSTEM32\dbgcore.DLL
0x00007ffefca80000 - 0x00007ffefcb03000 	C:\Windows\System32\bcryptPrimitives.dll
0x00007ffef7320000 - 0x00007ffef7349000 	C:\Program Files\Android\Android Studio\jre\bin\java.dll
0x00007ffef7440000 - 0x00007ffef744b000 	C:\Program Files\Android\Android Studio\jre\bin\jimage.dll
0x00007ffef7070000 - 0x00007ffef7088000 	C:\Program Files\Android\Android Studio\jre\bin\zip.dll
0x00007ffefe090000 - 0x00007ffefe7cf000 	C:\Windows\System32\SHELL32.dll
0x00007ffefa8d0000 - 0x00007ffefb060000 	C:\Windows\SYSTEM32\windows.storage.dll
0x00007ffefdc00000 - 0x00007ffefdf55000 	C:\Windows\System32\combase.dll
0x00007ffefc130000 - 0x00007ffefc15c000 	C:\Windows\SYSTEM32\Wldp.dll
0x00007ffefd7f0000 - 0x00007ffefd89d000 	C:\Windows\System32\SHCORE.dll
0x00007ffefecb0000 - 0x00007ffefed05000 	C:\Windows\System32\shlwapi.dll
0x00007ffefc6f0000 - 0x00007ffefc70f000 	C:\Windows\SYSTEM32\profapi.dll
0x00007ffef7030000 - 0x00007ffef704a000 	C:\Program Files\Android\Android Studio\jre\bin\net.dll
0x00007ffef4490000 - 0x00007ffef4598000 	C:\Windows\SYSTEM32\WINHTTP.dll
0x00007ffefbe90000 - 0x00007ffefbefa000 	C:\Windows\system32\mswsock.dll
0x00007ffef7010000 - 0x00007ffef7024000 	C:\Program Files\Android\Android Studio\jre\bin\nio.dll
0x00007ffef2290000 - 0x00007ffef22b7000 	C:\Users\MARIA TERESA\.gradle\native\8bec1ad78214c89d9ad589b4d07fe93259594b29d510b10fafb7a158f7737e5d\windows-amd64\native-platform.dll
0x00007ffec4e10000 - 0x00007ffec4f4d000 	C:\Users\MARIA TERESA\.gradle\native\53dbd7edfb1c66fb8903c78663c9afc45aea4f116125fa6feffd364cf09443e8\windows-amd64\native-platform-file-events.dll
0x00007ffef7060000 - 0x00007ffef706a000 	C:\Program Files\Android\Android Studio\jre\bin\management.dll
0x00007ffef7000000 - 0x00007ffef700c000 	C:\Program Files\Android\Android Studio\jre\bin\management_ext.dll
0x00007ffefc080000 - 0x00007ffefc098000 	C:\Windows\SYSTEM32\CRYPTSP.dll
0x00007ffefb810000 - 0x00007ffefb844000 	C:\Windows\system32\rsaenh.dll
0x00007ffefca00000 - 0x00007ffefca27000 	C:\Windows\System32\bcrypt.dll
0x00007ffefc6b0000 - 0x00007ffefc6de000 	C:\Windows\SYSTEM32\USERENV.dll
0x00007ffefc0a0000 - 0x00007ffefc0ac000 	C:\Windows\SYSTEM32\CRYPTBASE.dll
0x00007ffefbb80000 - 0x00007ffefbbbb000 	C:\Windows\SYSTEM32\IPHLPAPI.DLL
0x00007ffefd9a0000 - 0x00007ffefd9a8000 	C:\Windows\System32\NSI.dll
0x00007ffef6c00000 - 0x00007ffef6c17000 	C:\Windows\SYSTEM32\dhcpcsvc6.DLL
0x00007ffef6bc0000 - 0x00007ffef6bdd000 	C:\Windows\SYSTEM32\dhcpcsvc.DLL
0x00007ffefbbc0000 - 0x00007ffefbc8c000 	C:\Windows\SYSTEM32\DNSAPI.dll

dbghelp: loaded successfully - version: 4.0.5 - missing functions: none
symbol engine: initialized successfully - sym options: 0x614 - pdb path: .;C:\Program Files\Android\Android Studio\jre\bin;C:\Windows\SYSTEM32;C:\Windows\WinSxS\amd64_microsoft.windows.common-controls_6595b64144ccf1df_6.0.19041.1110_none_60b5254171f9507e;C:\Program Files\Android\Android Studio\jre\bin\server;C:\Users\MARIA TERESA\.gradle\native\8bec1ad78214c89d9ad589b4d07fe93259594b29d510b10fafb7a158f7737e5d\windows-amd64;C:\Users\MARIA TERESA\.gradle\native\53dbd7edfb1c66fb8903c78663c9afc45aea4f116125fa6feffd364cf09443e8\windows-amd64

VM Arguments:
jvm_args: --add-opens=java.base/java.util=ALL-UNNAMED --add-opens=java.base/java.lang=ALL-UNNAMED --add-opens=java.base/java.lang.invoke=ALL-UNNAMED --add-opens=java.base/java.util=ALL-UNNAMED --add-opens=java.prefs/java.util.prefs=ALL-UNNAMED --add-opens=java.prefs/java.util.prefs=ALL-UNNAMED --add-opens=java.base/java.nio.charset=ALL-UNNAMED --add-opens=java.base/java.net=ALL-UNNAMED --add-opens=java.base/java.util.concurrent.atomic=ALL-UNNAMED -Xmx2048m -Dfile.encoding=UTF-8 -Duser.country=CO -Duser.language=es -Duser.variant 
java_command: org.gradle.launcher.daemon.bootstrap.GradleDaemon 7.0.2
java_class_path (initial): C:\Users\MARIA TERESA\.gradle\wrapper\dists\gradle-7.0.2-bin\857tjihv64xamwrf0h14cai3r\gradle-7.0.2\lib\gradle-launcher-7.0.2.jar
Launcher Type: SUN_STANDARD

[Global flags]
     intx CICompilerCount                          = 3                                         {product} {ergonomic}
     uint ConcGCThreads                            = 1                                         {product} {ergonomic}
     uint G1ConcRefinementThreads                  = 4                                         {product} {ergonomic}
   size_t G1HeapRegionSize                         = 1048576                                   {product} {ergonomic}
    uintx GCDrainStackTargetSize                   = 64                                        {product} {ergonomic}
   size_t InitialHeapSize                          = 96468992                                  {product} {ergonomic}
   size_t MarkStackSize                            = 4194304                                   {product} {ergonomic}
   size_t MaxHeapSize                              = 2147483648                                {product} {command line}
   size_t MaxNewSize                               = 1287651328                                {product} {ergonomic}
   size_t MinHeapDeltaBytes                        = 1048576                                   {product} {ergonomic}
    uintx NonNMethodCodeHeapSize                   = 5830732                                {pd product} {ergonomic}
    uintx NonProfiledCodeHeapSize                  = 122913754                              {pd product} {ergonomic}
    uintx ProfiledCodeHeapSize                     = 122913754                              {pd product} {ergonomic}
    uintx ReservedCodeCacheSize                    = 251658240                              {pd product} {ergonomic}
     bool SegmentedCodeCache                       = true                                      {product} {ergonomic}
     bool UseCompressedClassPointers               = true                                 {lp64_product} {ergonomic}
     bool UseCompressedOops                        = true                                 {lp64_product} {ergonomic}
     bool UseG1GC                                  = true                                      {product} {ergonomic}
     bool UseLargePagesIndividualAllocation        = false                                  {pd product} {ergonomic}

Logging:
Log output configuration:
 #0: stdout all=warning uptime,level,tags
 #1: stderr all=off uptime,level,tags

Environment Variables:
PATH=C:\Program Files\Common Files\Oracle\Java\javapath;C:\Program Files\Microsoft MPI\Bin\;C:\Windows\system32;C:\Windows;C:\Windows\System32\Wbem;C:\Windows\System32\WindowsPowerShell\v1.0\;C:\Windows\System32\OpenSSH\;C:\Program Files\Azure Data Studio\bin;C:\Program Files (x86)\Microsoft SQL Server\150\Tools\Binn\;C:\Program Files\Microsoft SQL Server\150\Tools\Binn\;C:\Program Files (x86)\Microsoft SQL Server\150\DTS\Binn\;C:\Program Files\Microsoft SQL Server\150\DTS\Binn\;C:\Program Files\Microsoft SQL Server\Client SDK\ODBC\170\Tools\Binn\;C:\Program Files\dotnet\;C:\Program Files\Git\cmd;C:\Users\MARIA TERESA\AppData\Local\Microsoft\WindowsApps;;C:\Users\MARIA TERESA\AppData\Local\Programs\Microsoft VS Code\bin;C:\Program Files\Azure Data Studio\bin;C:\Users\MARIA TERESA\.dotnet\tools
USERNAME=MARIA TERESA
OS=Windows_NT
PROCESSOR_IDENTIFIER=Intel64 Family 6 Model 37 Stepping 2, GenuineIntel



---------------  S Y S T E M  ---------------

OS: Windows 10 , 64 bit Build 19041 (10.0.19041.1202)
OS uptime: 8 days 0:44 hours

CPU:total 4 (initial active 4) (2 cores per cpu, 2 threads per core) family 6 model 37 stepping 2 microcode 0x11, cmov, cx8, fxsr, mmx, sse, sse2, sse3, ssse3, sse4.1, sse4.2, popcnt, ht, tsc, tscinvbit

Memory: 4k page, system-wide physical 5879M (630M free)
TotalPageFile size 5879M (AvailPageFile size 1M)
current process WorkingSet (physical memory assigned to process): 439M, peak: 483M
current process commit charge ("private bytes"): 483M, peak: 516M

vm_info: OpenJDK 64-Bit Server VM (11.0.10+0-b96-7249189) for windows-amd64 JRE (11.0.10+0-b96-7249189), built on Mar 31 2021 21:44:00 by "builder" with MS VC++ 14.0 (VS2015)

END.
