#
# There is insufficient memory for the Java Runtime Environment to continue.
# Native memory allocation (malloc) failed to allocate 1370736 bytes for Chunk::new
# Possible reasons:
#   The system is out of physical RAM or swap space
#   The process is running with CompressedOops enabled, and the Java Heap may be blocking the growth of the native heap
# Possible solutions:
#   Reduce memory load on the system
#   Increase physical memory or swap space
#   Check if swap backing store is full
#   Decrease Java heap size (-Xmx/-Xms)
#   Decrease number of Java threads
#   Decrease Java thread stack sizes (-Xss)
#   Set larger code cache with -XX:ReservedCodeCacheSize=
#   JVM is running with Unscaled Compressed Oops mode in which the Java heap is
#     placed in the first 4GB address space. The Java Heap base address is the
#     maximum limit for the native heap growth. Please use -XX:HeapBaseMinAddress
#     to set the Java Heap base and to place the Java Heap above 4GB virtual address.
# This output file may be truncated or incomplete.
#
#  Out of Memory Error (./src/hotspot/share/memory/arena.cpp:197), pid=5536, tid=6520
#
# JRE version: OpenJDK Runtime Environment (11.0.10) (build 11.0.10+0-b96-7249189)
# Java VM: OpenJDK 64-Bit Server VM (11.0.10+0-b96-7249189, mixed mode, tiered, compressed oops, g1 gc, windows-amd64)
# No core dump will be written. Minidumps are not enabled by default on client versions of Windows
#

---------------  S U M M A R Y ------------

Command Line: --add-opens=java.base/java.util=ALL-UNNAMED --add-opens=java.base/java.lang=ALL-UNNAMED --add-opens=java.base/java.lang.invoke=ALL-UNNAMED --add-opens=java.base/java.util=ALL-UNNAMED --add-opens=java.prefs/java.util.prefs=ALL-UNNAMED --add-opens=java.prefs/java.util.prefs=ALL-UNNAMED --add-opens=java.base/java.nio.charset=ALL-UNNAMED --add-opens=java.base/java.net=ALL-UNNAMED --add-opens=java.base/java.util.concurrent.atomic=ALL-UNNAMED -Xmx2048m -Dfile.encoding=UTF-8 -Duser.country=CO -Duser.language=es -Duser.variant org.gradle.launcher.daemon.bootstrap.GradleDaemon 7.0.2

Host: Intel(R) Core(TM) i3 CPU         540  @ 3.07GHz, 4 cores, 5G,  Windows 10 , 64 bit Build 19041 (10.0.19041.1202)
Time: Thu Nov 11 17:46:56 2021 Hora est. Pacífico, Sudamérica elapsed time: 7.106540 seconds (0d 0h 0m 7s)

---------------  T H R E A D  ---------------

Current thread (0x0000022c1e9f4000):  JavaThread "C2 CompilerThread0" daemon [_thread_in_native, id=6520, stack(0x000000a7a9e00000,0x000000a7a9f00000)]


Current CompileTask:
C2:   7106 2335   !   4       java.net.URL::<init> (543 bytes)

Stack: [0x000000a7a9e00000,0x000000a7a9f00000]
Native frames: (J=compiled Java code, j=interpreted, Vv=VM code, C=native code)
V  [jvm.dll+0x5ecfaa]
V  [jvm.dll+0x722bd5]
V  [jvm.dll+0x72412d]
V  [jvm.dll+0x7247e3]
V  [jvm.dll+0x242928]
V  [jvm.dll+0xbc4fc]
V  [jvm.dll+0xbca0c]
V  [jvm.dll+0x352d3b]
V  [jvm.dll+0x320ad3]
V  [jvm.dll+0x31ffca]
V  [jvm.dll+0x1fb602]
V  [jvm.dll+0x1fa7f4]
V  [jvm.dll+0x18354c]
V  [jvm.dll+0x208ee7]
V  [jvm.dll+0x207731]
V  [jvm.dll+0x6eb1cf]
V  [jvm.dll+0x6e3d45]
V  [jvm.dll+0x5ebe96]
C  [ucrtbase.dll+0x21bb2]
C  [KERNEL32.DLL+0x17034]
C  [ntdll.dll+0x52651]


---------------  P R O C E S S  ---------------

Threads class SMR info:
_java_thread_list=0x0000022c233e7830, length=29, elements={
0x0000022c04e0d800, 0x0000022c1e9e6800, 0x0000022c1e9ce800, 0x0000022c1f393800,
0x0000022c1e9eb000, 0x0000022c1e9ec000, 0x0000022c1e9f4000, 0x0000022c1ea03000,
0x0000022c1ea10000, 0x0000022c1f4c2000, 0x0000022c2195b000, 0x0000022c1f713800,
0x0000022c20e41000, 0x0000022c21952000, 0x0000022c213bb800, 0x0000022c218c0000,
0x0000022c21a60000, 0x0000022c21e40800, 0x0000022c21e41800, 0x0000022c21906800,
0x0000022c21905800, 0x0000022c21904000, 0x0000022c21907800, 0x0000022c21905000,
0x0000022c21908000, 0x0000022c21909000, 0x0000022c21903000, 0x0000022c21909800,
0x0000022c22d69800
}

Java Threads: ( => current thread )
  0x0000022c04e0d800 JavaThread "main" [_thread_blocked, id=5124, stack(0x000000a7a9100000,0x000000a7a9200000)]
  0x0000022c1e9e6800 JavaThread "Reference Handler" daemon [_thread_blocked, id=7132, stack(0x000000a7a9800000,0x000000a7a9900000)]
  0x0000022c1e9ce800 JavaThread "Finalizer" daemon [_thread_blocked, id=8344, stack(0x000000a7a9900000,0x000000a7a9a00000)]
  0x0000022c1f393800 JavaThread "Signal Dispatcher" daemon [_thread_blocked, id=2012, stack(0x000000a7a9b00000,0x000000a7a9c00000)]
  0x0000022c1e9eb000 JavaThread "Attach Listener" daemon [_thread_blocked, id=2128, stack(0x000000a7a9c00000,0x000000a7a9d00000)]
  0x0000022c1e9ec000 JavaThread "Service Thread" daemon [_thread_blocked, id=9624, stack(0x000000a7a9d00000,0x000000a7a9e00000)]
=>0x0000022c1e9f4000 JavaThread "C2 CompilerThread0" daemon [_thread_in_native, id=6520, stack(0x000000a7a9e00000,0x000000a7a9f00000)]
  0x0000022c1ea03000 JavaThread "C1 CompilerThread0" daemon [_thread_blocked, id=5532, stack(0x000000a7a9f00000,0x000000a7aa000000)]
  0x0000022c1ea10000 JavaThread "Sweeper thread" daemon [_thread_blocked, id=9436, stack(0x000000a7aa000000,0x000000a7aa100000)]
  0x0000022c1f4c2000 JavaThread "Common-Cleaner" daemon [_thread_blocked, id=8236, stack(0x000000a7aa100000,0x000000a7aa200000)]
  0x0000022c2195b000 JavaThread "Daemon health stats" [_thread_blocked, id=9272, stack(0x000000a7aa500000,0x000000a7aa600000)]
  0x0000022c1f713800 JavaThread "Incoming local TCP Connector on port 55866" [_thread_in_native, id=1648, stack(0x000000a7aa300000,0x000000a7aa400000)]
  0x0000022c20e41000 JavaThread "Daemon periodic checks" [_thread_blocked, id=2288, stack(0x000000a7aa600000,0x000000a7aa700000)]
  0x0000022c21952000 JavaThread "Daemon" [_thread_blocked, id=6204, stack(0x000000a7aa700000,0x000000a7aa800000)]
  0x0000022c213bb800 JavaThread "Handler for socket connection from /127.0.0.1:55866 to /127.0.0.1:55867" [_thread_in_native, id=3624, stack(0x000000a7aa800000,0x000000a7aa900000)]
  0x0000022c218c0000 JavaThread "Cancel handler" [_thread_blocked, id=9308, stack(0x000000a7aa900000,0x000000a7aaa00000)]
  0x0000022c21a60000 JavaThread "Daemon worker" [_thread_in_native, id=6344, stack(0x000000a7aac00000,0x000000a7aad00000)]
  0x0000022c21e40800 JavaThread "Asynchronous log dispatcher for DefaultDaemonConnection: socket connection from /127.0.0.1:55866 to /127.0.0.1:55867" [_thread_blocked, id=4756, stack(0x000000a7aad00000,0x000000a7aae00000)]
  0x0000022c21e41800 JavaThread "Stdin handler" [_thread_blocked, id=752, stack(0x000000a7aae00000,0x000000a7aaf00000)]
  0x0000022c21906800 JavaThread "Daemon client event forwarder" [_thread_blocked, id=1876, stack(0x000000a7aaf00000,0x000000a7ab000000)]
  0x0000022c21905800 JavaThread "Cache worker for file hash cache (C:\Users\MARIA TERESA\.gradle\caches\7.0.2\fileHashes)" [_thread_blocked, id=5340, stack(0x000000a7ab000000,0x000000a7ab100000)]
  0x0000022c21904000 JavaThread "File lock request listener" [_thread_in_native, id=1440, stack(0x000000a7ab100000,0x000000a7ab200000)]
  0x0000022c21907800 JavaThread "Cache worker for journal cache (C:\Users\MARIA TERESA\.gradle\caches\journal-1)" [_thread_blocked, id=9172, stack(0x000000a7ab200000,0x000000a7ab300000)]
  0x0000022c21905000 JavaThread "Cache worker for file hash cache (G:\DOWNLOADS\androidstudioprojects\.gradle\7.0.2\fileHashes)" [_thread_blocked, id=5168, stack(0x000000a7ab400000,0x000000a7ab500000)]
  0x0000022c21908000 JavaThread "File watcher server" daemon [_thread_in_native, id=2484, stack(0x000000a7ab500000,0x000000a7ab600000)]
  0x0000022c21909000 JavaThread "File watcher consumer" daemon [_thread_blocked, id=3560, stack(0x000000a7ab600000,0x000000a7ab700000)]
  0x0000022c21903000 JavaThread "Cache worker for checksums cache (G:\DOWNLOADS\androidstudioprojects\.gradle\checksums)" [_thread_blocked, id=1420, stack(0x000000a7ab700000,0x000000a7ab800000)]
  0x0000022c21909800 JavaThread "Cache worker for cache directory md-supplier (C:\Users\MARIA TERESA\.gradle\caches\7.0.2\md-supplier)" [_thread_blocked, id=8452, stack(0x000000a7ab800000,0x000000a7ab900000)]
  0x0000022c22d69800 JavaThread "Cache worker for cache directory md-rule (C:\Users\MARIA TERESA\.gradle\caches\7.0.2\md-rule)" [_thread_blocked, id=3492, stack(0x000000a7ab300000,0x000000a7ab400000)]

Other Threads:
  0x0000022c1e9c1000 VMThread "VM Thread" [stack: 0x000000a7a9700000,0x000000a7a9800000] [id=5376]
  0x0000022c1f50a000 WatcherThread [stack: 0x000000a7aa200000,0x000000a7aa300000] [id=8792]
  0x0000022c04e26000 GCTaskThread "GC Thread#0" [stack: 0x000000a7a9200000,0x000000a7a9300000] [id=6700]
  0x0000022c1f5c1800 GCTaskThread "GC Thread#1" [stack: 0x000000a7aa400000,0x000000a7aa500000] [id=4732]
  0x0000022c207a2000 GCTaskThread "GC Thread#2" [stack: 0x000000a7aaa00000,0x000000a7aab00000] [id=7956]
  0x0000022c21460000 GCTaskThread "GC Thread#3" [stack: 0x000000a7aab00000,0x000000a7aac00000] [id=4796]
  0x0000022c04e56800 ConcurrentGCThread "G1 Main Marker" [stack: 0x000000a7a9300000,0x000000a7a9400000] [id=6908]
  0x0000022c04e59000 ConcurrentGCThread "G1 Conc#0" [stack: 0x000000a7a9400000,0x000000a7a9500000] [id=9360]
  0x0000022c04eb9800 ConcurrentGCThread "G1 Refine#0" [stack: 0x000000a7a9500000,0x000000a7a9600000] [id=3536]
  0x0000022c04eba800 ConcurrentGCThread "G1 Young RemSet Sampling" [stack: 0x000000a7a9600000,0x000000a7a9700000] [id=9696]

Threads with active compile tasks:
C2 CompilerThread0   7148 2335   !   4       java.net.URL::<init> (543 bytes)

VM state:not at safepoint (normal execution)

VM Mutex/Monitor currently owned by a thread: None

Heap address: 0x0000000080000000, size: 2048 MB, Compressed Oops mode: 32-bit
Narrow klass base: 0x0000000000000000, Narrow klass shift: 3
Compressed class space size: 1073741824 Address: 0x0000000100000000

Heap:
 garbage-first heap   total 113664K, used 50069K [0x0000000080000000, 0x0000000100000000)
  region size 1024K, 35 young (35840K), 3 survivors (3072K)
 Metaspace       used 27965K, capacity 28639K, committed 28800K, reserved 1077248K
  class space    used 3709K, capacity 3933K, committed 3968K, reserved 1048576K
Heap Regions: E=young(eden), S=young(survivor), O=old, HS=humongous(starts), HC=humongous(continues), CS=collection set, F=free, A=archive, TAMS=top-at-mark-start (previous, next)
|   0|0x0000000080000000, 0x0000000080100000, 0x0000000080100000|100%|HS|  |TAMS 0x0000000080100000, 0x0000000080000000| Complete 
|   1|0x0000000080100000, 0x0000000080200000, 0x0000000080200000|100%|HC|  |TAMS 0x0000000080200000, 0x0000000080100000| Complete 
|   2|0x0000000080200000, 0x0000000080300000, 0x0000000080300000|100%|HC|  |TAMS 0x0000000080300000, 0x0000000080200000| Complete 
|   3|0x0000000080300000, 0x0000000080400000, 0x0000000080400000|100%| O|  |TAMS 0x0000000080400000, 0x0000000080300000| Untracked 
|   4|0x0000000080400000, 0x0000000080500000, 0x0000000080500000|100%| O|  |TAMS 0x0000000080500000, 0x0000000080400000| Untracked 
|   5|0x0000000080500000, 0x0000000080600000, 0x0000000080600000|100%| O|  |TAMS 0x0000000080600000, 0x0000000080500000| Untracked 
|   6|0x0000000080600000, 0x0000000080700000, 0x0000000080700000|100%| O|  |TAMS 0x0000000080700000, 0x0000000080600000| Untracked 
|   7|0x0000000080700000, 0x0000000080800000, 0x0000000080800000|100%| O|  |TAMS 0x0000000080800000, 0x0000000080700000| Untracked 
|   8|0x0000000080800000, 0x0000000080900000, 0x0000000080900000|100%| O|  |TAMS 0x0000000080900000, 0x0000000080800000| Untracked 
|   9|0x0000000080900000, 0x0000000080a00000, 0x0000000080a00000|100%| O|  |TAMS 0x0000000080a00000, 0x0000000080900000| Untracked 
|  10|0x0000000080a00000, 0x0000000080b00000, 0x0000000080b00000|100%| O|  |TAMS 0x0000000080b00000, 0x0000000080a00000| Untracked 
|  11|0x0000000080b00000, 0x0000000080c00000, 0x0000000080c00000|100%| O|  |TAMS 0x0000000080c00000, 0x0000000080b00000| Untracked 
|  12|0x0000000080c00000, 0x0000000080d00000, 0x0000000080d00000|100%| O|  |TAMS 0x0000000080d00000, 0x0000000080c00000| Untracked 
|  13|0x0000000080d00000, 0x0000000080e00000, 0x0000000080e00000|100%| O|  |TAMS 0x0000000080e00000, 0x0000000080d00000| Untracked 
|  14|0x0000000080e00000, 0x0000000080f00000, 0x0000000080f00000|100%| O|  |TAMS 0x0000000080f00000, 0x0000000080e00000| Untracked 
|  15|0x0000000080f00000, 0x0000000080f3a000, 0x0000000081000000| 22%| O|  |TAMS 0x0000000080f3a000, 0x0000000080f00000| Untracked 
|  16|0x0000000081000000, 0x0000000081000000, 0x0000000081100000|  0%| F|  |TAMS 0x0000000081000000, 0x0000000081000000| Untracked 
|  17|0x0000000081100000, 0x0000000081100000, 0x0000000081200000|  0%| F|  |TAMS 0x0000000081100000, 0x0000000081100000| Untracked 
|  18|0x0000000081200000, 0x0000000081200000, 0x0000000081300000|  0%| F|  |TAMS 0x0000000081200000, 0x0000000081200000| Untracked 
|  19|0x0000000081300000, 0x0000000081300000, 0x0000000081400000|  0%| F|  |TAMS 0x0000000081300000, 0x0000000081300000| Untracked 
|  20|0x0000000081400000, 0x0000000081400000, 0x0000000081500000|  0%| F|  |TAMS 0x0000000081400000, 0x0000000081400000| Untracked 
|  21|0x0000000081500000, 0x0000000081500000, 0x0000000081600000|  0%| F|  |TAMS 0x0000000081500000, 0x0000000081500000| Untracked 
|  22|0x0000000081600000, 0x0000000081600000, 0x0000000081700000|  0%| F|  |TAMS 0x0000000081600000, 0x0000000081600000| Untracked 
|  23|0x0000000081700000, 0x0000000081700000, 0x0000000081800000|  0%| F|  |TAMS 0x0000000081700000, 0x0000000081700000| Untracked 
|  24|0x0000000081800000, 0x0000000081800000, 0x0000000081900000|  0%| F|  |TAMS 0x0000000081800000, 0x0000000081800000| Untracked 
|  25|0x0000000081900000, 0x0000000081900000, 0x0000000081a00000|  0%| F|  |TAMS 0x0000000081900000, 0x0000000081900000| Untracked 
|  26|0x0000000081a00000, 0x0000000081a00000, 0x0000000081b00000|  0%| F|  |TAMS 0x0000000081a00000, 0x0000000081a00000| Untracked 
|  27|0x0000000081b00000, 0x0000000081b00000, 0x0000000081c00000|  0%| F|  |TAMS 0x0000000081b00000, 0x0000000081b00000| Untracked 
|  28|0x0000000081c00000, 0x0000000081c00000, 0x0000000081d00000|  0%| F|  |TAMS 0x0000000081c00000, 0x0000000081c00000| Untracked 
|  29|0x0000000081d00000, 0x0000000081d00000, 0x0000000081e00000|  0%| F|  |TAMS 0x0000000081d00000, 0x0000000081d00000| Untracked 
|  30|0x0000000081e00000, 0x0000000081e00000, 0x0000000081f00000|  0%| F|  |TAMS 0x0000000081e00000, 0x0000000081e00000| Untracked 
|  31|0x0000000081f00000, 0x0000000081f00000, 0x0000000082000000|  0%| F|  |TAMS 0x0000000081f00000, 0x0000000081f00000| Untracked 
|  32|0x0000000082000000, 0x0000000082000000, 0x0000000082100000|  0%| F|  |TAMS 0x0000000082000000, 0x0000000082000000| Untracked 
|  33|0x0000000082100000, 0x0000000082100000, 0x0000000082200000|  0%| F|  |TAMS 0x0000000082100000, 0x0000000082100000| Untracked 
|  34|0x0000000082200000, 0x0000000082200000, 0x0000000082300000|  0%| F|  |TAMS 0x0000000082200000, 0x0000000082200000| Untracked 
|  35|0x0000000082300000, 0x0000000082300000, 0x0000000082400000|  0%| F|  |TAMS 0x0000000082300000, 0x0000000082300000| Untracked 
|  36|0x0000000082400000, 0x0000000082400000, 0x0000000082500000|  0%| F|  |TAMS 0x0000000082400000, 0x0000000082400000| Untracked 
|  37|0x0000000082500000, 0x0000000082500000, 0x0000000082600000|  0%| F|  |TAMS 0x0000000082500000, 0x0000000082500000| Untracked 
|  38|0x0000000082600000, 0x0000000082600000, 0x0000000082700000|  0%| F|  |TAMS 0x0000000082600000, 0x0000000082600000| Untracked 
|  39|0x0000000082700000, 0x0000000082700000, 0x0000000082800000|  0%| F|  |TAMS 0x0000000082700000, 0x0000000082700000| Untracked 
|  40|0x0000000082800000, 0x0000000082800000, 0x0000000082900000|  0%| F|  |TAMS 0x0000000082800000, 0x0000000082800000| Untracked 
|  41|0x0000000082900000, 0x0000000082900000, 0x0000000082a00000|  0%| F|  |TAMS 0x0000000082900000, 0x0000000082900000| Untracked 
|  42|0x0000000082a00000, 0x0000000082a00000, 0x0000000082b00000|  0%| F|  |TAMS 0x0000000082a00000, 0x0000000082a00000| Untracked 
|  43|0x0000000082b00000, 0x0000000082b00000, 0x0000000082c00000|  0%| F|  |TAMS 0x0000000082b00000, 0x0000000082b00000| Untracked 
|  44|0x0000000082c00000, 0x0000000082c00000, 0x0000000082d00000|  0%| F|  |TAMS 0x0000000082c00000, 0x0000000082c00000| Untracked 
|  45|0x0000000082d00000, 0x0000000082d00000, 0x0000000082e00000|  0%| F|  |TAMS 0x0000000082d00000, 0x0000000082d00000| Untracked 
|  46|0x0000000082e00000, 0x0000000082e00000, 0x0000000082f00000|  0%| F|  |TAMS 0x0000000082e00000, 0x0000000082e00000| Untracked 
|  47|0x0000000082f00000, 0x0000000082f00000, 0x0000000083000000|  0%| F|  |TAMS 0x0000000082f00000, 0x0000000082f00000| Untracked 
|  48|0x0000000083000000, 0x0000000083000000, 0x0000000083100000|  0%| F|  |TAMS 0x0000000083000000, 0x0000000083000000| Untracked 
|  49|0x0000000083100000, 0x0000000083100000, 0x0000000083200000|  0%| F|  |TAMS 0x0000000083100000, 0x0000000083100000| Untracked 
|  50|0x0000000083200000, 0x0000000083200000, 0x0000000083300000|  0%| F|  |TAMS 0x0000000083200000, 0x0000000083200000| Untracked 
|  51|0x0000000083300000, 0x0000000083300000, 0x0000000083400000|  0%| F|  |TAMS 0x0000000083300000, 0x0000000083300000| Untracked 
|  52|0x0000000083400000, 0x0000000083400000, 0x0000000083500000|  0%| F|  |TAMS 0x0000000083400000, 0x0000000083400000| Untracked 
|  53|0x0000000083500000, 0x0000000083500000, 0x0000000083600000|  0%| F|  |TAMS 0x0000000083500000, 0x0000000083500000| Untracked 
|  54|0x0000000083600000, 0x0000000083600000, 0x0000000083700000|  0%| F|  |TAMS 0x0000000083600000, 0x0000000083600000| Untracked 
|  55|0x0000000083700000, 0x0000000083700000, 0x0000000083800000|  0%| F|  |TAMS 0x0000000083700000, 0x0000000083700000| Untracked 
|  56|0x0000000083800000, 0x0000000083800000, 0x0000000083900000|  0%| F|  |TAMS 0x0000000083800000, 0x0000000083800000| Untracked 
|  57|0x0000000083900000, 0x0000000083900000, 0x0000000083a00000|  0%| F|  |TAMS 0x0000000083900000, 0x0000000083900000| Untracked 
|  58|0x0000000083a00000, 0x0000000083a00000, 0x0000000083b00000|  0%| F|  |TAMS 0x0000000083a00000, 0x0000000083a00000| Untracked 
|  59|0x0000000083b00000, 0x0000000083b00000, 0x0000000083c00000|  0%| F|  |TAMS 0x0000000083b00000, 0x0000000083b00000| Untracked 
|  60|0x0000000083c00000, 0x0000000083c00000, 0x0000000083d00000|  0%| F|  |TAMS 0x0000000083c00000, 0x0000000083c00000| Untracked 
|  61|0x0000000083d00000, 0x0000000083d00000, 0x0000000083e00000|  0%| F|  |TAMS 0x0000000083d00000, 0x0000000083d00000| Untracked 
|  62|0x0000000083e00000, 0x0000000083e00000, 0x0000000083f00000|  0%| F|  |TAMS 0x0000000083e00000, 0x0000000083e00000| Untracked 
|  63|0x0000000083f00000, 0x0000000083f00000, 0x0000000084000000|  0%| F|  |TAMS 0x0000000083f00000, 0x0000000083f00000| Untracked 
|  64|0x0000000084000000, 0x0000000084000000, 0x0000000084100000|  0%| F|  |TAMS 0x0000000084000000, 0x0000000084000000| Untracked 
|  65|0x0000000084100000, 0x00000000841ab550, 0x0000000084200000| 66%| S|CS|TAMS 0x0000000084100000, 0x0000000084100000| Complete 
|  66|0x0000000084200000, 0x0000000084300000, 0x0000000084300000|100%| S|CS|TAMS 0x0000000084200000, 0x0000000084200000| Complete 
|  67|0x0000000084300000, 0x0000000084400000, 0x0000000084400000|100%| S|CS|TAMS 0x0000000084300000, 0x0000000084300000| Complete 
|  68|0x0000000084400000, 0x0000000084400000, 0x0000000084500000|  0%| F|  |TAMS 0x0000000084400000, 0x0000000084400000| Untracked 
|  69|0x0000000084500000, 0x0000000084500000, 0x0000000084600000|  0%| F|  |TAMS 0x0000000084500000, 0x0000000084500000| Untracked 
|  70|0x0000000084600000, 0x0000000084600000, 0x0000000084700000|  0%| F|  |TAMS 0x0000000084600000, 0x0000000084600000| Untracked 
|  71|0x0000000084700000, 0x0000000084700000, 0x0000000084800000|  0%| F|  |TAMS 0x0000000084700000, 0x0000000084700000| Untracked 
|  72|0x0000000084800000, 0x0000000084800000, 0x0000000084900000|  0%| F|  |TAMS 0x0000000084800000, 0x0000000084800000| Untracked 
|  73|0x0000000084900000, 0x0000000084900000, 0x0000000084a00000|  0%| F|  |TAMS 0x0000000084900000, 0x0000000084900000| Untracked 
|  74|0x0000000084a00000, 0x0000000084a00000, 0x0000000084b00000|  0%| F|  |TAMS 0x0000000084a00000, 0x0000000084a00000| Untracked 
|  75|0x0000000084b00000, 0x0000000084b00000, 0x0000000084c00000|  0%| F|  |TAMS 0x0000000084b00000, 0x0000000084b00000| Untracked 
|  76|0x0000000084c00000, 0x0000000084c00000, 0x0000000084d00000|  0%| F|  |TAMS 0x0000000084c00000, 0x0000000084c00000| Untracked 
|  77|0x0000000084d00000, 0x0000000084d00000, 0x0000000084e00000|  0%| F|  |TAMS 0x0000000084d00000, 0x0000000084d00000| Untracked 
|  78|0x0000000084e00000, 0x0000000084e00000, 0x0000000084f00000|  0%| F|  |TAMS 0x0000000084e00000, 0x0000000084e00000| Untracked 
|  79|0x0000000084f00000, 0x0000000085000000, 0x0000000085000000|100%| E|  |TAMS 0x0000000084f00000, 0x0000000084f00000| Complete 
|  80|0x0000000085000000, 0x0000000085100000, 0x0000000085100000|100%| E|CS|TAMS 0x0000000085000000, 0x0000000085000000| Complete 
|  81|0x0000000085100000, 0x0000000085200000, 0x0000000085200000|100%| E|CS|TAMS 0x0000000085100000, 0x0000000085100000| Complete 
|  82|0x0000000085200000, 0x0000000085300000, 0x0000000085300000|100%| E|CS|TAMS 0x0000000085200000, 0x0000000085200000| Complete 
|  83|0x0000000085300000, 0x0000000085400000, 0x0000000085400000|100%| E|CS|TAMS 0x0000000085300000, 0x0000000085300000| Complete 
|  84|0x0000000085400000, 0x0000000085500000, 0x0000000085500000|100%| E|CS|TAMS 0x0000000085400000, 0x0000000085400000| Complete 
|  85|0x0000000085500000, 0x0000000085600000, 0x0000000085600000|100%| E|CS|TAMS 0x0000000085500000, 0x0000000085500000| Complete 
|  86|0x0000000085600000, 0x0000000085700000, 0x0000000085700000|100%| E|CS|TAMS 0x0000000085600000, 0x0000000085600000| Complete 
|  87|0x0000000085700000, 0x0000000085800000, 0x0000000085800000|100%| E|CS|TAMS 0x0000000085700000, 0x0000000085700000| Complete 
|  88|0x0000000085800000, 0x0000000085900000, 0x0000000085900000|100%| E|CS|TAMS 0x0000000085800000, 0x0000000085800000| Complete 
|  89|0x0000000085900000, 0x0000000085a00000, 0x0000000085a00000|100%| E|CS|TAMS 0x0000000085900000, 0x0000000085900000| Complete 
|  90|0x0000000085a00000, 0x0000000085b00000, 0x0000000085b00000|100%| E|CS|TAMS 0x0000000085a00000, 0x0000000085a00000| Complete 
|  91|0x0000000085b00000, 0x0000000085c00000, 0x0000000085c00000|100%| E|CS|TAMS 0x0000000085b00000, 0x0000000085b00000| Complete 
|  92|0x0000000085c00000, 0x0000000085d00000, 0x0000000085d00000|100%| E|CS|TAMS 0x0000000085c00000, 0x0000000085c00000| Complete 
|  93|0x0000000085d00000, 0x0000000085e00000, 0x0000000085e00000|100%| E|CS|TAMS 0x0000000085d00000, 0x0000000085d00000| Complete 
|  94|0x0000000085e00000, 0x0000000085f00000, 0x0000000085f00000|100%| E|CS|TAMS 0x0000000085e00000, 0x0000000085e00000| Complete 
|  95|0x0000000085f00000, 0x0000000086000000, 0x0000000086000000|100%| E|CS|TAMS 0x0000000085f00000, 0x0000000085f00000| Complete 
|  96|0x0000000086000000, 0x0000000086100000, 0x0000000086100000|100%| E|CS|TAMS 0x0000000086000000, 0x0000000086000000| Complete 
|  97|0x0000000086100000, 0x0000000086200000, 0x0000000086200000|100%| E|CS|TAMS 0x0000000086100000, 0x0000000086100000| Complete 
|  98|0x0000000086200000, 0x0000000086300000, 0x0000000086300000|100%| E|CS|TAMS 0x0000000086200000, 0x0000000086200000| Complete 
|  99|0x0000000086300000, 0x0000000086400000, 0x0000000086400000|100%| E|CS|TAMS 0x0000000086300000, 0x0000000086300000| Complete 
| 100|0x0000000086400000, 0x0000000086500000, 0x0000000086500000|100%| E|CS|TAMS 0x0000000086400000, 0x0000000086400000| Complete 
| 101|0x0000000086500000, 0x0000000086600000, 0x0000000086600000|100%| E|CS|TAMS 0x0000000086500000, 0x0000000086500000| Complete 
| 102|0x0000000086600000, 0x0000000086700000, 0x0000000086700000|100%| E|CS|TAMS 0x0000000086600000, 0x0000000086600000| Complete 
| 103|0x0000000086700000, 0x0000000086800000, 0x0000000086800000|100%| E|CS|TAMS 0x0000000086700000, 0x0000000086700000| Complete 
| 104|0x0000000086800000, 0x0000000086900000, 0x0000000086900000|100%| E|CS|TAMS 0x0000000086800000, 0x0000000086800000| Complete 
| 105|0x0000000086900000, 0x0000000086a00000, 0x0000000086a00000|100%| E|CS|TAMS 0x0000000086900000, 0x0000000086900000| Complete 
| 106|0x0000000086a00000, 0x0000000086b00000, 0x0000000086b00000|100%| E|CS|TAMS 0x0000000086a00000, 0x0000000086a00000| Complete 
| 107|0x0000000086b00000, 0x0000000086c00000, 0x0000000086c00000|100%| E|CS|TAMS 0x0000000086b00000, 0x0000000086b00000| Complete 
| 108|0x0000000086c00000, 0x0000000086d00000, 0x0000000086d00000|100%| E|CS|TAMS 0x0000000086c00000, 0x0000000086c00000| Complete 
| 109|0x0000000086d00000, 0x0000000086e00000, 0x0000000086e00000|100%| E|CS|TAMS 0x0000000086d00000, 0x0000000086d00000| Complete 
| 110|0x0000000086e00000, 0x0000000086f00000, 0x0000000086f00000|100%| E|CS|TAMS 0x0000000086e00000, 0x0000000086e00000| Complete 

Card table byte_map: [0x0000022c17d00000,0x0000022c18100000] _byte_map_base: 0x0000022c17900000

Marking Bits (Prev, Next): (CMBitMap*) 0x0000022c04e4ceb0, (CMBitMap*) 0x0000022c04e4ce78
 Prev Bits: [0x0000022c1a500000, 0x0000022c1c500000)
 Next Bits: [0x0000022c18500000, 0x0000022c1a500000)

Polling page: 0x0000022c02d80000

Metaspace:

Usage:
  Non-class:     24.19 MB capacity,    23.70 MB ( 98%) used,   445.82 KB (  2%) free+waste,    56.75 KB ( <1%) overhead. 
      Class:      3.84 MB capacity,     3.62 MB ( 94%) used,   193.13 KB (  5%) free+waste,    28.69 KB ( <1%) overhead. 
       Both:     28.03 MB capacity,    27.32 MB ( 97%) used,   638.95 KB (  2%) free+waste,    85.44 KB ( <1%) overhead. 

Virtual space:
  Non-class space:       28.00 MB reserved,      24.25 MB ( 87%) committed 
      Class space:        1.00 GB reserved,       3.88 MB ( <1%) committed 
             Both:        1.03 GB reserved,      28.13 MB (  3%) committed 

Chunk freelists:
   Non-Class:  62.00 KB
       Class:  3.00 KB
        Both:  65.00 KB

MaxMetaspaceSize: 17179869184.00 GB
CompressedClassSpaceSize: 1.00 GB

CodeHeap 'non-profiled nmethods': size=120064Kb used=1206Kb max_used=1206Kb free=118857Kb
 bounds [0x0000022c103c0000, 0x0000022c10630000, 0x0000022c17900000]
CodeHeap 'profiled nmethods': size=120000Kb used=5291Kb max_used=5291Kb free=114708Kb
 bounds [0x0000022c08e90000, 0x0000022c093c0000, 0x0000022c103c0000]
CodeHeap 'non-nmethods': size=5696Kb used=1150Kb max_used=1223Kb free=4545Kb
 bounds [0x0000022c08900000, 0x0000022c08b70000, 0x0000022c08e90000]
 total_blobs=2902 nmethods=2399 adapters=415
 compilation: enabled
              stopped_count=0, restarted_count=0
 full_count=0

Compilation events (20 events):
Event: 7.062 Thread 0x0000022c1ea03000 2382       3       org.objectweb.asm.MethodWriter::addSuccessorToCurrentBasicBlock (24 bytes)
Event: 7.063 Thread 0x0000022c1ea03000 nmethod 2382 0x0000022c093ae610 code [0x0000022c093ae7e0, 0x0000022c093aeb18]
Event: 7.063 Thread 0x0000022c1ea03000 2383       3       org.objectweb.asm.Edge::<init> (20 bytes)
Event: 7.063 Thread 0x0000022c1ea03000 nmethod 2383 0x0000022c093aec90 code [0x0000022c093aee40, 0x0000022c093af058]
Event: 7.063 Thread 0x0000022c1ea03000 2384       3       org.objectweb.asm.MethodWriter::visitFrameStart (55 bytes)
Event: 7.063 Thread 0x0000022c1ea03000 nmethod 2384 0x0000022c093af110 code [0x0000022c093af2e0, 0x0000022c093af5d8]
Event: 7.063 Thread 0x0000022c1ea03000 2385       3       org.objectweb.asm.MethodWriter::visitFrameEnd (53 bytes)
Event: 7.064 Thread 0x0000022c1ea03000 nmethod 2385 0x0000022c093af710 code [0x0000022c093af900, 0x0000022c093afdc8]
Event: 7.064 Thread 0x0000022c1ea03000 2386       3       org.objectweb.asm.Type::getReturnTypeOffset (64 bytes)
Event: 7.066 Thread 0x0000022c1ea03000 nmethod 2386 0x0000022c093aff10 code [0x0000022c093b0240, 0x0000022c093b1618]
Event: 7.071 Thread 0x0000022c1ea03000 2388       1       com.google.common.collect.LinkedHashMultimap$ValueSet::size (5 bytes)
Event: 7.071 Thread 0x0000022c1ea03000 nmethod 2388 0x0000022c104ecf90 code [0x0000022c104ed140, 0x0000022c104ed1f8]
Event: 7.071 Thread 0x0000022c1ea03000 2390       3       java.lang.reflect.Constructor::copy (72 bytes)
Event: 7.071 Thread 0x0000022c1ea03000 nmethod 2390 0x0000022c093b1d90 code [0x0000022c093b1f60, 0x0000022c093b22f8]
Event: 7.071 Thread 0x0000022c1ea03000 2389       1       com.google.common.collect.LinkedHashMultimap$ValueSet::access$100 (5 bytes)
Event: 7.072 Thread 0x0000022c1ea03000 nmethod 2389 0x0000022c104ed290 code [0x0000022c104ed440, 0x0000022c104ed4d8]
Event: 7.072 Thread 0x0000022c1ea03000 2391       3       jdk.internal.reflect.ConstantPool::getUTF8At (10 bytes)
Event: 7.072 Thread 0x0000022c1ea03000 nmethod 2391 0x0000022c093b2410 code [0x0000022c093b25c0, 0x0000022c093b26e8]
Event: 7.085 Thread 0x0000022c1ea03000 2393       3       com.google.common.base.MoreObjects::firstNonNull (22 bytes)
Event: 7.086 Thread 0x0000022c1ea03000 nmethod 2393 0x0000022c093b2790 code [0x0000022c093b2960, 0x0000022c093b2b88]

GC Heap History (12 events):
Event: 0.884 GC heap before
{Heap before GC invocations=0 (full 0):
 garbage-first heap   total 94208K, used 17408K [0x0000000080000000, 0x0000000100000000)
  region size 1024K, 14 young (14336K), 0 survivors (0K)
 Metaspace       used 6780K, capacity 6993K, committed 7168K, reserved 1056768K
  class space    used 584K, capacity 650K, committed 768K, reserved 1048576K
}
Event: 0.893 GC heap after
{Heap after GC invocations=1 (full 0):
 garbage-first heap   total 94208K, used 4332K [0x0000000080000000, 0x0000000100000000)
  region size 1024K, 2 young (2048K), 2 survivors (2048K)
 Metaspace       used 6780K, capacity 6993K, committed 7168K, reserved 1056768K
  class space    used 584K, capacity 650K, committed 768K, reserved 1048576K
}
Event: 1.373 GC heap before
{Heap before GC invocations=1 (full 0):
 garbage-first heap   total 94208K, used 19692K [0x0000000080000000, 0x0000000100000000)
  region size 1024K, 14 young (14336K), 2 survivors (2048K)
 Metaspace       used 10273K, capacity 10495K, committed 10624K, reserved 1058816K
  class space    used 1066K, capacity 1141K, committed 1152K, reserved 1048576K
}
Event: 1.381 GC heap after
{Heap after GC invocations=2 (full 0):
 garbage-first heap   total 94208K, used 9198K [0x0000000080000000, 0x0000000100000000)
  region size 1024K, 2 young (2048K), 2 survivors (2048K)
 Metaspace       used 10273K, capacity 10495K, committed 10624K, reserved 1058816K
  class space    used 1066K, capacity 1141K, committed 1152K, reserved 1048576K
}
Event: 2.085 GC heap before
{Heap before GC invocations=2 (full 0):
 garbage-first heap   total 94208K, used 35822K [0x0000000080000000, 0x0000000100000000)
  region size 1024K, 28 young (28672K), 2 survivors (2048K)
 Metaspace       used 11209K, capacity 11512K, committed 11776K, reserved 1060864K
  class space    used 1168K, capacity 1245K, committed 1280K, reserved 1048576K
}
Event: 2.092 GC heap after
{Heap after GC invocations=3 (full 0):
 garbage-first heap   total 94208K, used 10471K [0x0000000080000000, 0x0000000100000000)
  region size 1024K, 3 young (3072K), 3 survivors (3072K)
 Metaspace       used 11209K, capacity 11512K, committed 11776K, reserved 1060864K
  class space    used 1168K, capacity 1245K, committed 1280K, reserved 1048576K
}
Event: 3.434 GC heap before
{Heap before GC invocations=3 (full 0):
 garbage-first heap   total 94208K, used 48359K [0x0000000080000000, 0x0000000100000000)
  region size 1024K, 39 young (39936K), 3 survivors (3072K)
 Metaspace       used 16867K, capacity 17270K, committed 17536K, reserved 1064960K
  class space    used 1937K, capacity 2087K, committed 2176K, reserved 1048576K
}
Event: 3.444 GC heap after
{Heap after GC invocations=4 (full 0):
 garbage-first heap   total 94208K, used 15360K [0x0000000080000000, 0x0000000100000000)
  region size 1024K, 5 young (5120K), 5 survivors (5120K)
 Metaspace       used 16867K, capacity 17270K, committed 17536K, reserved 1064960K
  class space    used 1937K, capacity 2087K, committed 2176K, reserved 1048576K
}
Event: 4.485 GC heap before
{Heap before GC invocations=4 (full 0):
 garbage-first heap   total 94208K, used 46080K [0x0000000080000000, 0x0000000100000000)
  region size 1024K, 37 young (37888K), 5 survivors (5120K)
 Metaspace       used 20593K, capacity 21096K, committed 21248K, reserved 1067008K
  class space    used 2505K, capacity 2690K, committed 2816K, reserved 1048576K
}
Event: 4.499 GC heap after
{Heap after GC invocations=5 (full 0):
 garbage-first heap   total 113664K, used 16846K [0x0000000080000000, 0x0000000100000000)
  region size 1024K, 2 young (2048K), 2 survivors (2048K)
 Metaspace       used 20593K, capacity 21096K, committed 21248K, reserved 1067008K
  class space    used 2505K, capacity 2690K, committed 2816K, reserved 1048576K
}
Event: 5.527 GC heap before
{Heap before GC invocations=6 (full 0):
 garbage-first heap   total 113664K, used 60878K [0x0000000080000000, 0x0000000100000000)
  region size 1024K, 45 young (46080K), 2 survivors (2048K)
 Metaspace       used 25119K, capacity 25677K, committed 25728K, reserved 1071104K
  class space    used 3254K, capacity 3455K, committed 3456K, reserved 1048576K
}
Event: 5.535 GC heap after
{Heap after GC invocations=7 (full 0):
 garbage-first heap   total 113664K, used 18325K [0x0000000080000000, 0x0000000100000000)
  region size 1024K, 3 young (3072K), 3 survivors (3072K)
 Metaspace       used 25119K, capacity 25677K, committed 25728K, reserved 1071104K
  class space    used 3254K, capacity 3455K, committed 3456K, reserved 1048576K
}

Deoptimization events (20 events):
Event: 5.614 Thread 0x0000022c21a60000 DEOPT PACKING pc=0x0000022c1049d4a8 sp=0x000000a7aacfc890
Event: 5.614 Thread 0x0000022c21a60000 DEOPT UNPACKING pc=0x0000022c08926a29 sp=0x000000a7aacfc888 mode 2
Event: 5.614 Thread 0x0000022c21a60000 Uncommon trap: trap_request=0xffffffde fr.pc=0x0000022c1049d4a8 relative=0x00000000000002e8
Event: 5.614 Thread 0x0000022c21a60000 Uncommon trap: reason=class_check action=maybe_recompile pc=0x0000022c1049d4a8 method=java.util.Collections$SetFromMap.remove(Ljava/lang/Object;)Z @ 5 c2
Event: 5.614 Thread 0x0000022c21a60000 DEOPT PACKING pc=0x0000022c1049d4a8 sp=0x000000a7aacfc810
Event: 5.614 Thread 0x0000022c21a60000 DEOPT UNPACKING pc=0x0000022c08926a29 sp=0x000000a7aacfc808 mode 2
Event: 5.707 Thread 0x0000022c21a60000 Uncommon trap: trap_request=0xffffff4d fr.pc=0x0000022c1044a804 relative=0x0000000000001324
Event: 5.707 Thread 0x0000022c21a60000 Uncommon trap: reason=unstable_if action=reinterpret pc=0x0000022c1044a804 method=java.net.URI.quote(Ljava/lang/String;JJ)Ljava/lang/String; @ 183 c2
Event: 5.707 Thread 0x0000022c21a60000 DEOPT PACKING pc=0x0000022c1044a804 sp=0x000000a7aacfb3d0
Event: 5.707 Thread 0x0000022c21a60000 DEOPT UNPACKING pc=0x0000022c08926a29 sp=0x000000a7aacfb3b8 mode 2
Event: 6.504 Thread 0x0000022c21a60000 DEOPT PACKING pc=0x0000022c08f735fa sp=0x000000a7aacf5d20
Event: 6.504 Thread 0x0000022c21a60000 DEOPT UNPACKING pc=0x0000022c0892683f sp=0x000000a7aacf5310 mode 0
Event: 6.736 Thread 0x0000022c21a60000 Uncommon trap: trap_request=0xffffff4d fr.pc=0x0000022c104ada4c relative=0x000000000000020c
Event: 6.736 Thread 0x0000022c21a60000 Uncommon trap: reason=unstable_if action=reinterpret pc=0x0000022c104ada4c method=java.util.HashMap.hash(Ljava/lang/Object;)I @ 1 c2
Event: 6.736 Thread 0x0000022c21a60000 DEOPT PACKING pc=0x0000022c104ada4c sp=0x000000a7aacf9620
Event: 6.736 Thread 0x0000022c21a60000 DEOPT UNPACKING pc=0x0000022c08926a29 sp=0x000000a7aacf9558 mode 2
Event: 6.737 Thread 0x0000022c21a60000 Uncommon trap: trap_request=0xffffff4d fr.pc=0x0000022c104a40ac relative=0x000000000000008c
Event: 6.737 Thread 0x0000022c21a60000 Uncommon trap: reason=unstable_if action=reinterpret pc=0x0000022c104a40ac method=java.util.HashMap.hash(Ljava/lang/Object;)I @ 1 c2
Event: 6.737 Thread 0x0000022c21a60000 DEOPT PACKING pc=0x0000022c104a40ac sp=0x000000a7aacf93a0
Event: 6.737 Thread 0x0000022c21a60000 DEOPT UNPACKING pc=0x0000022c08926a29 sp=0x000000a7aacf9338 mode 2

Classes redefined (0 events):
No events

Internal exceptions (20 events):
Event: 4.672 Thread 0x0000022c21a60000 Exception <a 'java/lang/NoSuchMethodError'{0x000000008680bcb8}: 'void java.lang.invoke.DirectMethodHandle$Holder.invokeSpecial(java.lang.Object, java.lang.Object)'> (0x000000008680bcb8) thrown at [./src/hotspot/share/interpreter/linkResolver.cpp, line 773]
Event: 4.717 Thread 0x0000022c21a60000 Exception <a 'java/lang/NoSuchMethodError'{0x00000000866413d8}: 'java.lang.Object java.lang.invoke.DirectMethodHandle$Holder.invokeSpecial(java.lang.Object, java.lang.Object, java.lang.Object, java.lang.Object, java.lang.Object, java.lang.Object, java.lang.Object, java.lang.Object, java.lang.Object)'> (0x00000000866413d8) thrown at [./src/hotspot/share/interpreter/linkResolver.cpp, line 773]
Event: 4.834 Thread 0x0000022c21a60000 Exception <a 'java/lang/NoSuchMethodError'{0x0000000085dc00a8}: 'java.lang.Object java.lang.invoke.DirectMethodHandle$Holder.invokeVirtual(java.lang.Object, java.lang.Object, java.lang.Object, java.lang.Object)'> (0x0000000085dc00a8) thrown at [./src/hotspot/share/interpreter/linkResolver.cpp, line 773]
Event: 4.874 Thread 0x0000022c21a60000 Exception <a 'java/lang/NoSuchMethodError'{0x0000000085a8a1d0}: 'java.lang.Object java.lang.invoke.Invokers$Holder.invoker(java.lang.Object, java.lang.Object, java.lang.Object, java.lang.Object, java.lang.Object)'> (0x0000000085a8a1d0) thrown at [./src/hotspot/share/interpreter/linkResolver.cpp, line 773]
Event: 5.040 Thread 0x0000022c21a60000 Exception <a 'java/lang/NoSuchMethodError'{0x00000000856db1e8}: 'void java.lang.invoke.DirectMethodHandle$Holder.invokeSpecial(java.lang.Object, java.lang.Object, java.lang.Object, java.lang.Object, java.lang.Object, java.lang.Object)'> (0x00000000856db1e8) thrown at [./src/hotspot/share/interpreter/linkResolver.cpp, line 773]
Event: 5.059 Thread 0x0000022c21a60000 Exception <a 'java/lang/NoSuchMethodError'{0x00000000855413e8}: 'void java.lang.invoke.DirectMethodHandle$Holder.invokeSpecial(java.lang.Object, java.lang.Object, java.lang.Object, java.lang.Object, java.lang.Object, java.lang.Object, java.lang.Object)'> (0x00000000855413e8) thrown at [./src/hotspot/share/interpreter/linkResolver.cpp, line 773]
Event: 5.061 Thread 0x0000022c21a60000 Exception <a 'java/lang/NoSuchMethodError'{0x0000000085549630}: 'java.lang.Object java.lang.invoke.Invokers$Holder.linkToTargetMethod(java.lang.Object, java.lang.Object, java.lang.Object, java.lang.Object, java.lang.Object, java.lang.Object)'> (0x0000000085549630) thrown at [./src/hotspot/share/interpreter/linkResolver.cpp, line 773]
Event: 5.363 Thread 0x0000022c21a60000 Exception <a 'java/lang/NoSuchMethodError'{0x000000008488b9c8}: 'void java.lang.invoke.DirectMethodHandle$Holder.invokeStaticInit(java.lang.Object, java.lang.Object)'> (0x000000008488b9c8) thrown at [./src/hotspot/share/interpreter/linkResolver.cpp, line 773]
Event: 5.586 Thread 0x0000022c21a60000 Exception <a 'java/lang/NoSuchMethodError'{0x0000000086c12260}: 'void java.lang.invoke.DirectMethodHandle$Holder.invokeStatic(java.lang.Object, java.lang.Object, java.lang.Object, java.lang.Object)'> (0x0000000086c12260) thrown at [./src/hotspot/share/interpreter/linkResolver.cpp, line 773]
Event: 5.594 Thread 0x0000022c21a60000 Exception <a 'java/lang/NoSuchMethodError'{0x0000000086c25d50}: 'int java.lang.invoke.DirectMethodHandle$Holder.invokeInterface(java.lang.Object, java.lang.Object)'> (0x0000000086c25d50) thrown at [./src/hotspot/share/interpreter/linkResolver.cpp, line 773]
Event: 5.707 Thread 0x0000022c21a60000 Implicit null exception at 0x0000022c10449880 to 0x0000022c1044a7f5
Event: 6.004 Thread 0x0000022c21a60000 Exception <a 'java/lang/NoSuchMethodError'{0x00000000861c3c10}: 'java.lang.Object java.lang.invoke.DirectMethodHandle$Holder.invokeSpecialIFC(java.lang.Object, java.lang.Object, java.lang.Object, java.lang.Object)'> (0x00000000861c3c10) thrown at [./src/hotspot/share/interpreter/linkResolver.cpp, line 773]
Event: 6.065 Thread 0x0000022c21a60000 Exception <a 'java/lang/NoSuchMethodError'{0x000000008609f128}: 'java.lang.Object java.lang.invoke.DirectMethodHandle$Holder.invokeSpecial(java.lang.Object, java.lang.Object, java.lang.Object, java.lang.Object, java.lang.Object, java.lang.Object, java.lang.Object, java.lang.Object, java.lang.Object, java.lang.Object, java.lang.Object, java.lang.Object, java.lang.Object)'> (0x000000008609f128) thrown at [./src/hotspot/share/interpreter/linkResolver.cpp, line 773]
Event: 6.068 Thread 0x0000022c21a60000 Exception <a 'java/lang/NoSuchMethodError'{0x00000000860b03b0}: 'java.lang.Object java.lang.invoke.DirectMethodHandle$Holder.invokeSpecial(java.lang.Object, java.lang.Object, java.lang.Object, java.lang.Object, java.lang.Object, java.lang.Object, java.lang.Object, java.lang.Object, java.lang.Object, java.lang.Object, java.lang.Object, java.lang.Object)'> (0x00000000860b03b0) thrown at [./src/hotspot/share/interpreter/linkResolver.cpp, line 773]
Event: 6.069 Thread 0x0000022c21a60000 Exception <a 'java/lang/NoSuchMethodError'{0x00000000860b54d8}: 'java.lang.Object java.lang.invoke.Invokers$Holder.linkToTargetMethod(java.lang.Object, java.lang.Object, java.lang.Object, java.lang.Object, java.lang.Object, java.lang.Object, java.lang.Object, java.lang.Object, java.lang.Object, java.lang.Object, java.lang.Object)'> (0x00000000860b54d8) thrown at [./src/hotspot/share/interpreter/linkResolver.cpp, line 773]
Event: 6.092 Thread 0x0000022c21a60000 Exception <a 'java/lang/NoSuchMethodError'{0x0000000085ff5ff0}: 'java.lang.Object java.lang.invoke.DirectMethodHandle$Holder.invokeSpecial(java.lang.Object, java.lang.Object, java.lang.Object, java.lang.Object, java.lang.Object, java.lang.Object, java.lang.Object, java.lang.Object, java.lang.Object, java.lang.Object, java.lang.Object, java.lang.Object, java.lang.Object, java.lang.Object)'> (0x0000000085ff5ff0) thrown at [./src/hotspot/share/interpreter/linkResolver.cpp, line 773]
Event: 6.098 Thread 0x0000022c21a60000 Exception <a 'java/lang/NoSuchMethodError'{0x0000000085e0aa48}: 'java.lang.Object java.lang.invoke.Invokers$Holder.linkToTargetMethod(java.lang.Object, java.lang.Object, java.lang.Object, java.lang.Object, java.lang.Object, java.lang.Object, java.lang.Object, java.lang.Object, java.lang.Object, java.lang.Object, java.lang.Object, java.lang.Object)'> (0x0000000085e0aa48) thrown at [./src/hotspot/share/interpreter/linkResolver.cpp, line 773]
Event: 6.207 Thread 0x0000022c21a60000 Exception <a 'java/lang/NoSuchMethodError'{0x0000000085e9c450}: 'java.lang.Object java.lang.invoke.DirectMethodHandle$Holder.invokeStaticInit(java.lang.Object, java.lang.Object, java.lang.Object, java.lang.Object)'> (0x0000000085e9c450) thrown at [./src/hotspot/share/interpreter/linkResolver.cpp, line 773]
Event: 6.736 Thread 0x0000022c21a60000 Implicit null exception at 0x0000022c104ad875 to 0x0000022c104ada3c
Event: 6.737 Thread 0x0000022c21a60000 Implicit null exception at 0x0000022c104a402f to 0x0000022c104a409d

Events (20 events):
Event: 7.084 loading class com/google/common/collect/MapMakerInternalMap$StrongKeyDummyValueSegment
Event: 7.084 loading class com/google/common/collect/MapMakerInternalMap$StrongKeyDummyValueSegment done
Event: 7.085 loading class org/gradle/api/artifacts/dsl/RepositoryHandler
Event: 7.085 loading class org/gradle/api/artifacts/dsl/RepositoryHandler done
Event: 7.086 loading class org/gradle/api/artifacts/dsl/RepositoryHandler
Event: 7.086 loading class org/gradle/api/artifacts/dsl/RepositoryHandler done
Event: 7.086 loading class org/gradle/internal/resolve/caching/DesugaringAttributeContainerSerializer
Event: 7.086 loading class org/gradle/internal/resolve/caching/DesugaringAttributeContainerSerializer done
Event: 7.088 loading class org/gradle/internal/component/external/model/ModuleComponentResolveMetadata
Event: 7.088 loading class org/gradle/internal/component/external/model/ModuleComponentResolveMetadata done
Event: 7.089 loading class org/gradle/internal/component/external/model/VirtualComponentIdentifier
Event: 7.089 loading class org/gradle/internal/component/external/model/VirtualComponentIdentifier done
Event: 7.090 loading class org/gradle/internal/component/external/model/ivy/RealisedIvyModuleResolveMetadataSerializationHelper
Event: 7.090 loading class org/gradle/internal/component/external/model/ivy/RealisedIvyModuleResolveMetadataSerializationHelper done
Event: 7.093 loading class org/gradle/internal/component/external/model/AbstractRealisedModuleResolveMetadataSerializationHelper
Event: 7.093 loading class org/gradle/internal/component/external/model/AbstractRealisedModuleResolveMetadataSerializationHelper done
Event: 7.100 loading class org/gradle/internal/component/model/ConfigurationMetadata
Event: 7.100 loading class org/gradle/internal/component/model/ConfigurationMetadata done
Event: 7.101 loading class org/gradle/internal/component/external/model/maven/RealisedMavenModuleResolveMetadataSerializationHelper
Event: 7.101 loading class org/gradle/internal/component/external/model/maven/RealisedMavenModuleResolveMetadataSerializationHelper done


Dynamic libraries:
0x00007ff724c50000 - 0x00007ff724c5a000 	C:\Program Files\Android\Android Studio\jre\bin\java.exe
0x00007ffeff090000 - 0x00007ffeff285000 	C:\Windows\SYSTEM32\ntdll.dll
0x00007ffefe8d0000 - 0x00007ffefe98e000 	C:\Windows\System32\KERNEL32.DLL
0x00007ffefce10000 - 0x00007ffefd0d9000 	C:\Windows\System32\KERNELBASE.dll
0x00007ffefc7b0000 - 0x00007ffefc8b0000 	C:\Windows\System32\ucrtbase.dll
0x00007ffedd640000 - 0x00007ffedd659000 	C:\Program Files\Android\Android Studio\jre\bin\jli.dll
0x00007ffed9990000 - 0x00007ffed99a7000 	C:\Program Files\Android\Android Studio\jre\bin\VCRUNTIME140.dll
0x00007ffefee10000 - 0x00007ffefefb1000 	C:\Windows\System32\USER32.dll
0x00007ffefccd0000 - 0x00007ffefccf2000 	C:\Windows\System32\win32u.dll
0x00007ffef12b0000 - 0x00007ffef154a000 	C:\Windows\WinSxS\amd64_microsoft.windows.common-controls_6595b64144ccf1df_6.0.19041.1110_none_60b5254171f9507e\COMCTL32.dll
0x00007ffefe7d0000 - 0x00007ffefe86e000 	C:\Windows\System32\msvcrt.dll
0x00007ffefd610000 - 0x00007ffefd63b000 	C:\Windows\System32\GDI32.dll
0x00007ffefcd00000 - 0x00007ffefce0b000 	C:\Windows\System32\gdi32full.dll
0x00007ffefc960000 - 0x00007ffefc9fd000 	C:\Windows\System32\msvcp_win.dll
0x00007ffefdae0000 - 0x00007ffefdb10000 	C:\Windows\System32\IMM32.DLL
0x00007ffec9110000 - 0x00007ffec91ad000 	C:\Program Files\Android\Android Studio\jre\bin\msvcp140.dll
0x00007ffebac20000 - 0x00007ffebb6ef000 	C:\Program Files\Android\Android Studio\jre\bin\server\jvm.dll
0x00007ffefd0e0000 - 0x00007ffefd18c000 	C:\Windows\System32\ADVAPI32.dll
0x00007ffefed70000 - 0x00007ffefee0b000 	C:\Windows\System32\sechost.dll
0x00007ffefd9b0000 - 0x00007ffefdada000 	C:\Windows\System32\RPCRT4.dll
0x00007ffefd930000 - 0x00007ffefd938000 	C:\Windows\System32\PSAPI.DLL
0x00007ffef5c70000 - 0x00007ffef5c79000 	C:\Windows\SYSTEM32\WSOCK32.dll
0x00007ffefeb60000 - 0x00007ffefebcb000 	C:\Windows\System32\WS2_32.dll
0x00007ffedf9f0000 - 0x00007ffedfa17000 	C:\Windows\SYSTEM32\WINMM.dll
0x00007ffef1bb0000 - 0x00007ffef1bba000 	C:\Windows\SYSTEM32\VERSION.dll
0x00007ffefa6d0000 - 0x00007ffefa6e2000 	C:\Windows\SYSTEM32\kernel.appcore.dll
0x00007ffef2e30000 - 0x00007ffef2e41000 	C:\Program Files\Android\Android Studio\jre\bin\verify.dll
0x00007ffed8200000 - 0x00007ffed83e4000 	C:\Windows\SYSTEM32\DBGHELP.DLL
0x00007ffeda140000 - 0x00007ffeda16c000 	C:\Windows\SYSTEM32\dbgcore.DLL
0x00007ffefca80000 - 0x00007ffefcb03000 	C:\Windows\System32\bcryptPrimitives.dll
0x00007ffef0230000 - 0x00007ffef0259000 	C:\Program Files\Android\Android Studio\jre\bin\java.dll
0x00007ffef3b70000 - 0x00007ffef3b7b000 	C:\Program Files\Android\Android Studio\jre\bin\jimage.dll
0x00007ffef2250000 - 0x00007ffef2268000 	C:\Program Files\Android\Android Studio\jre\bin\zip.dll
0x00007ffefe090000 - 0x00007ffefe7cf000 	C:\Windows\System32\SHELL32.dll
0x00007ffefa8d0000 - 0x00007ffefb060000 	C:\Windows\SYSTEM32\windows.storage.dll
0x00007ffefdc00000 - 0x00007ffefdf55000 	C:\Windows\System32\combase.dll
0x00007ffefc130000 - 0x00007ffefc15c000 	C:\Windows\SYSTEM32\Wldp.dll
0x00007ffefd7f0000 - 0x00007ffefd89d000 	C:\Windows\System32\SHCORE.dll
0x00007ffefecb0000 - 0x00007ffefed05000 	C:\Windows\System32\shlwapi.dll
0x00007ffefc6f0000 - 0x00007ffefc70f000 	C:\Windows\SYSTEM32\profapi.dll
0x00007ffeef6a0000 - 0x00007ffeef6ba000 	C:\Program Files\Android\Android Studio\jre\bin\net.dll
0x00007ffef4490000 - 0x00007ffef4598000 	C:\Windows\SYSTEM32\WINHTTP.dll
0x00007ffefbe90000 - 0x00007ffefbefa000 	C:\Windows\system32\mswsock.dll
0x00007ffeeeef0000 - 0x00007ffeeef04000 	C:\Program Files\Android\Android Studio\jre\bin\nio.dll
0x00007ffed9de0000 - 0x00007ffed9e07000 	C:\Users\MARIA TERESA\.gradle\native\8bec1ad78214c89d9ad589b4d07fe93259594b29d510b10fafb7a158f7737e5d\windows-amd64\native-platform.dll
0x00007ffebf3f0000 - 0x00007ffebf52d000 	C:\Users\MARIA TERESA\.gradle\native\53dbd7edfb1c66fb8903c78663c9afc45aea4f116125fa6feffd364cf09443e8\windows-amd64\native-platform-file-events.dll
0x00007ffef35f0000 - 0x00007ffef35fa000 	C:\Program Files\Android\Android Studio\jre\bin\management.dll
0x00007ffef2d80000 - 0x00007ffef2d8c000 	C:\Program Files\Android\Android Studio\jre\bin\management_ext.dll
0x00007ffefc080000 - 0x00007ffefc098000 	C:\Windows\SYSTEM32\CRYPTSP.dll
0x00007ffefb810000 - 0x00007ffefb844000 	C:\Windows\system32\rsaenh.dll
0x00007ffefca00000 - 0x00007ffefca27000 	C:\Windows\System32\bcrypt.dll
0x00007ffefc6b0000 - 0x00007ffefc6de000 	C:\Windows\SYSTEM32\USERENV.dll
0x00007ffefc0a0000 - 0x00007ffefc0ac000 	C:\Windows\SYSTEM32\CRYPTBASE.dll
0x00007ffefbb80000 - 0x00007ffefbbbb000 	C:\Windows\SYSTEM32\IPHLPAPI.DLL
0x00007ffefd9a0000 - 0x00007ffefd9a8000 	C:\Windows\System32\NSI.dll
0x00007ffef6c00000 - 0x00007ffef6c17000 	C:\Windows\SYSTEM32\dhcpcsvc6.DLL
0x00007ffef6bc0000 - 0x00007ffef6bdd000 	C:\Windows\SYSTEM32\dhcpcsvc.DLL
0x00007ffefbbc0000 - 0x00007ffefbc8c000 	C:\Windows\SYSTEM32\DNSAPI.dll

dbghelp: loaded successfully - version: 4.0.5 - missing functions: none
symbol engine: initialized successfully - sym options: 0x614 - pdb path: .;C:\Program Files\Android\Android Studio\jre\bin;C:\Windows\SYSTEM32;C:\Windows\WinSxS\amd64_microsoft.windows.common-controls_6595b64144ccf1df_6.0.19041.1110_none_60b5254171f9507e;C:\Program Files\Android\Android Studio\jre\bin\server;C:\Users\MARIA TERESA\.gradle\native\8bec1ad78214c89d9ad589b4d07fe93259594b29d510b10fafb7a158f7737e5d\windows-amd64;C:\Users\MARIA TERESA\.gradle\native\53dbd7edfb1c66fb8903c78663c9afc45aea4f116125fa6feffd364cf09443e8\windows-amd64

VM Arguments:
jvm_args: --add-opens=java.base/java.util=ALL-UNNAMED --add-opens=java.base/java.lang=ALL-UNNAMED --add-opens=java.base/java.lang.invoke=ALL-UNNAMED --add-opens=java.base/java.util=ALL-UNNAMED --add-opens=java.prefs/java.util.prefs=ALL-UNNAMED --add-opens=java.prefs/java.util.prefs=ALL-UNNAMED --add-opens=java.base/java.nio.charset=ALL-UNNAMED --add-opens=java.base/java.net=ALL-UNNAMED --add-opens=java.base/java.util.concurrent.atomic=ALL-UNNAMED -Xmx2048m -Dfile.encoding=UTF-8 -Duser.country=CO -Duser.language=es -Duser.variant 
java_command: org.gradle.launcher.daemon.bootstrap.GradleDaemon 7.0.2
java_class_path (initial): C:\Users\MARIA TERESA\.gradle\wrapper\dists\gradle-7.0.2-bin\857tjihv64xamwrf0h14cai3r\gradle-7.0.2\lib\gradle-launcher-7.0.2.jar
Launcher Type: SUN_STANDARD

[Global flags]
     intx CICompilerCount                          = 3                                         {product} {ergonomic}
     uint ConcGCThreads                            = 1                                         {product} {ergonomic}
     uint G1ConcRefinementThreads                  = 4                                         {product} {ergonomic}
   size_t G1HeapRegionSize                         = 1048576                                   {product} {ergonomic}
    uintx GCDrainStackTargetSize                   = 64                                        {product} {ergonomic}
   size_t InitialHeapSize                          = 96468992                                  {product} {ergonomic}
   size_t MarkStackSize                            = 4194304                                   {product} {ergonomic}
   size_t MaxHeapSize                              = 2147483648                                {product} {command line}
   size_t MaxNewSize                               = 1287651328                                {product} {ergonomic}
   size_t MinHeapDeltaBytes                        = 1048576                                   {product} {ergonomic}
    uintx NonNMethodCodeHeapSize                   = 5830732                                {pd product} {ergonomic}
    uintx NonProfiledCodeHeapSize                  = 122913754                              {pd product} {ergonomic}
    uintx ProfiledCodeHeapSize                     = 122913754                              {pd product} {ergonomic}
    uintx ReservedCodeCacheSize                    = 251658240                              {pd product} {ergonomic}
     bool SegmentedCodeCache                       = true                                      {product} {ergonomic}
     bool UseCompressedClassPointers               = true                                 {lp64_product} {ergonomic}
     bool UseCompressedOops                        = true                                 {lp64_product} {ergonomic}
     bool UseG1GC                                  = true                                      {product} {ergonomic}
     bool UseLargePagesIndividualAllocation        = false                                  {pd product} {ergonomic}

Logging:
Log output configuration:
 #0: stdout all=warning uptime,level,tags
 #1: stderr all=off uptime,level,tags

Environment Variables:
PATH=C:\Program Files\Common Files\Oracle\Java\javapath;C:\Program Files\Microsoft MPI\Bin\;C:\Windows\system32;C:\Windows;C:\Windows\System32\Wbem;C:\Windows\System32\WindowsPowerShell\v1.0\;C:\Windows\System32\OpenSSH\;C:\Program Files\Azure Data Studio\bin;C:\Program Files (x86)\Microsoft SQL Server\150\Tools\Binn\;C:\Program Files\Microsoft SQL Server\150\Tools\Binn\;C:\Program Files (x86)\Microsoft SQL Server\150\DTS\Binn\;C:\Program Files\Microsoft SQL Server\150\DTS\Binn\;C:\Program Files\Microsoft SQL Server\Client SDK\ODBC\170\Tools\Binn\;C:\Program Files\dotnet\;C:\Program Files\Git\cmd;C:\Users\MARIA TERESA\AppData\Local\Microsoft\WindowsApps;;C:\Users\MARIA TERESA\AppData\Local\Programs\Microsoft VS Code\bin;C:\Program Files\Azure Data Studio\bin;C:\Users\MARIA TERESA\.dotnet\tools
USERNAME=MARIA TERESA
OS=Windows_NT
PROCESSOR_IDENTIFIER=Intel64 Family 6 Model 37 Stepping 2, GenuineIntel



---------------  S Y S T E M  ---------------

OS: Windows 10 , 64 bit Build 19041 (10.0.19041.1202)
OS uptime: 11 days 19:16 hours

CPU:total 4 (initial active 4) (2 cores per cpu, 2 threads per core) family 6 model 37 stepping 2 microcode 0x11, cmov, cx8, fxsr, mmx, sse, sse2, sse3, ssse3, sse4.1, sse4.2, popcnt, ht, tsc, tscinvbit

Memory: 4k page, system-wide physical 5879M (549M free)
TotalPageFile size 5879M (AvailPageFile size 7M)
current process WorkingSet (physical memory assigned to process): 211M, peak: 215M
current process commit charge ("private bytes"): 275M, peak: 280M

vm_info: OpenJDK 64-Bit Server VM (11.0.10+0-b96-7249189) for windows-amd64 JRE (11.0.10+0-b96-7249189), built on Mar 31 2021 21:44:00 by "builder" with MS VC++ 14.0 (VS2015)

END.
