#
# There is insufficient memory for the Java Runtime Environment to continue.
# Native memory allocation (malloc) failed to allocate 551536 bytes for Chunk::new
# Possible reasons:
#   The system is out of physical RAM or swap space
#   The process is running with CompressedOops enabled, and the Java Heap may be blocking the growth of the native heap
# Possible solutions:
#   Reduce memory load on the system
#   Increase physical memory or swap space
#   Check if swap backing store is full
#   Decrease Java heap size (-Xmx/-Xms)
#   Decrease number of Java threads
#   Decrease Java thread stack sizes (-Xss)
#   Set larger code cache with -XX:ReservedCodeCacheSize=
#   JVM is running with Unscaled Compressed Oops mode in which the Java heap is
#     placed in the first 4GB address space. The Java Heap base address is the
#     maximum limit for the native heap growth. Please use -XX:HeapBaseMinAddress
#     to set the Java Heap base and to place the Java Heap above 4GB virtual address.
# This output file may be truncated or incomplete.
#
#  Out of Memory Error (./src/hotspot/share/memory/arena.cpp:197), pid=5976, tid=3932
#
# JRE version: OpenJDK Runtime Environment (11.0.10) (build 11.0.10+0-b96-7249189)
# Java VM: OpenJDK 64-Bit Server VM (11.0.10+0-b96-7249189, mixed mode, tiered, compressed oops, g1 gc, windows-amd64)
# No core dump will be written. Minidumps are not enabled by default on client versions of Windows
#

---------------  S U M M A R Y ------------

Command Line: --add-opens=java.base/java.util=ALL-UNNAMED --add-opens=java.base/java.lang=ALL-UNNAMED --add-opens=java.base/java.lang.invoke=ALL-UNNAMED --add-opens=java.base/java.util=ALL-UNNAMED --add-opens=java.prefs/java.util.prefs=ALL-UNNAMED --add-opens=java.prefs/java.util.prefs=ALL-UNNAMED --add-opens=java.base/java.nio.charset=ALL-UNNAMED --add-opens=java.base/java.net=ALL-UNNAMED --add-opens=java.base/java.util.concurrent.atomic=ALL-UNNAMED -Xmx2048m -Dfile.encoding=UTF-8 -Duser.country=CO -Duser.language=es -Duser.variant org.gradle.launcher.daemon.bootstrap.GradleDaemon 7.0.2

Host: Intel(R) Core(TM) i3 CPU         540  @ 3.07GHz, 4 cores, 5G,  Windows 10 , 64 bit Build 19041 (10.0.19041.1348)
Time: Fri Nov 19 16:56:09 2021 Hora est. Pacífico, Sudamérica elapsed time: 16.996436 seconds (0d 0h 0m 16s)

---------------  T H R E A D  ---------------

Current thread (0x00000216493ce800):  JavaThread "C2 CompilerThread1" daemon [_thread_in_native, id=3932, stack(0x00000077da100000,0x00000077da200000)]


Current CompileTask:
C2:  16996 6285   !   4       java.util.zip.ZipFile::getInputStream (323 bytes)

Stack: [0x00000077da100000,0x00000077da200000]
Native frames: (J=compiled Java code, j=interpreted, Vv=VM code, C=native code)
V  [jvm.dll+0x5ecfaa]
V  [jvm.dll+0x722bd5]
V  [jvm.dll+0x72412d]
V  [jvm.dll+0x7247e3]
V  [jvm.dll+0x242928]
V  [jvm.dll+0xbc4fc]
V  [jvm.dll+0xbca0c]
V  [jvm.dll+0x352d7d]
V  [jvm.dll+0x320ad3]
V  [jvm.dll+0x31ffca]
V  [jvm.dll+0x1fb602]
V  [jvm.dll+0x1fa7f4]
V  [jvm.dll+0x18354c]
V  [jvm.dll+0x208ee7]
V  [jvm.dll+0x207731]
V  [jvm.dll+0x6eb1cf]
V  [jvm.dll+0x6e3d45]
V  [jvm.dll+0x5ebe96]
C  [ucrtbase.dll+0x21bb2]
C  [KERNEL32.DLL+0x17034]
C  [ntdll.dll+0x52651]


---------------  P R O C E S S  ---------------

Threads class SMR info:
_java_thread_list=0x0000021648dc46f0, length=43, elements={
0x000002162a54d000, 0x00000216460a7000, 0x00000216460ab000, 0x0000021646a52800,
0x0000021646a53000, 0x00000216460ad800, 0x00000216460b5800, 0x00000216460bc800,
0x00000216460c7800, 0x0000021646b8b000, 0x0000021649423000, 0x0000021648c63800,
0x00000216475c3800, 0x0000021647f91000, 0x0000021649f6e000, 0x0000021649180800,
0x0000021647f7d800, 0x0000021647f7e000, 0x0000021648d05800, 0x000002164964d000,
0x000002164964b000, 0x000002164964c000, 0x000002164964d800, 0x00000216493ce800,
0x000002164964e800, 0x0000021649648800, 0x000002164964f000, 0x0000021649649800,
0x000002164964a800, 0x000002164cba6800, 0x000002164cba3000, 0x000002164cba4000,
0x000002164cba8000, 0x000002164cba5000, 0x000002164cba9000, 0x000002164cbad000,
0x000002164cba7800, 0x000002164cbae000, 0x000002164cba9800, 0x000002164cbab800,
0x000002164cbae800, 0x000002164cbaf800, 0x000002164cbb0000
}

Java Threads: ( => current thread )
  0x000002162a54d000 JavaThread "main" [_thread_blocked, id=9024, stack(0x00000077d8000000,0x00000077d8100000)]
  0x00000216460a7000 JavaThread "Reference Handler" daemon [_thread_blocked, id=2944, stack(0x00000077d8700000,0x00000077d8800000)]
  0x00000216460ab000 JavaThread "Finalizer" daemon [_thread_blocked, id=1316, stack(0x00000077d8800000,0x00000077d8900000)]
  0x0000021646a52800 JavaThread "Signal Dispatcher" daemon [_thread_blocked, id=6880, stack(0x00000077d8900000,0x00000077d8a00000)]
  0x0000021646a53000 JavaThread "Attach Listener" daemon [_thread_blocked, id=2248, stack(0x00000077d8a00000,0x00000077d8b00000)]
  0x00000216460ad800 JavaThread "Service Thread" daemon [_thread_blocked, id=3044, stack(0x00000077d8b00000,0x00000077d8c00000)]
  0x00000216460b5800 JavaThread "C2 CompilerThread0" daemon [_thread_in_native, id=1076, stack(0x00000077d8c00000,0x00000077d8d00000)]
  0x00000216460bc800 JavaThread "C1 CompilerThread0" daemon [_thread_in_vm, id=4892, stack(0x00000077d8d00000,0x00000077d8e00000)]
  0x00000216460c7800 JavaThread "Sweeper thread" daemon [_thread_blocked, id=7704, stack(0x00000077d8e00000,0x00000077d8f00000)]
  0x0000021646b8b000 JavaThread "Common-Cleaner" daemon [_thread_blocked, id=8820, stack(0x00000077d8f00000,0x00000077d9000000)]
  0x0000021649423000 JavaThread "Daemon health stats" [_thread_blocked, id=4384, stack(0x00000077d9300000,0x00000077d9400000)]
  0x0000021648c63800 JavaThread "Incoming local TCP Connector on port 65449" [_thread_in_native, id=4560, stack(0x00000077d9100000,0x00000077d9200000)]
  0x00000216475c3800 JavaThread "Daemon periodic checks" [_thread_blocked, id=3104, stack(0x00000077d9400000,0x00000077d9500000)]
  0x0000021647f91000 JavaThread "Daemon" [_thread_blocked, id=7652, stack(0x00000077d9500000,0x00000077d9600000)]
  0x0000021649f6e000 JavaThread "Handler for socket connection from /127.0.0.1:65449 to /127.0.0.1:65450" [_thread_in_native, id=8676, stack(0x00000077d9600000,0x00000077d9700000)]
  0x0000021649180800 JavaThread "Cancel handler" [_thread_blocked, id=4696, stack(0x00000077d9900000,0x00000077d9a00000)]
  0x0000021647f7d800 JavaThread "Daemon worker" [_thread_in_Java, id=480, stack(0x00000077d9a00000,0x00000077d9b00000)]
  0x0000021647f7e000 JavaThread "Asynchronous log dispatcher for DefaultDaemonConnection: socket connection from /127.0.0.1:65449 to /127.0.0.1:65450" [_thread_blocked, id=3176, stack(0x00000077d9b00000,0x00000077d9c00000)]
  0x0000021648d05800 JavaThread "Stdin handler" [_thread_blocked, id=2476, stack(0x00000077d9c00000,0x00000077d9d00000)]
  0x000002164964d000 JavaThread "Daemon client event forwarder" [_thread_blocked, id=240, stack(0x00000077d9d00000,0x00000077d9e00000)]
  0x000002164964b000 JavaThread "Cache worker for file hash cache (C:\Users\MARIA TERESA\.gradle\caches\7.0.2\fileHashes)" [_thread_blocked, id=3592, stack(0x00000077d9e00000,0x00000077d9f00000)]
  0x000002164964c000 JavaThread "File lock request listener" [_thread_in_native, id=7780, stack(0x00000077d9f00000,0x00000077da000000)]
  0x000002164964d800 JavaThread "Cache worker for journal cache (C:\Users\MARIA TERESA\.gradle\caches\journal-1)" [_thread_blocked, id=1040, stack(0x00000077da000000,0x00000077da100000)]
=>0x00000216493ce800 JavaThread "C2 CompilerThread1" daemon [_thread_in_native, id=3932, stack(0x00000077da100000,0x00000077da200000)]
  0x000002164964e800 JavaThread "Cache worker for file hash cache (G:\DOWNLOADS\androidstudioprojects\.gradle\7.0.2\fileHashes)" [_thread_blocked, id=2276, stack(0x00000077da200000,0x00000077da300000)]
  0x0000021649648800 JavaThread "File watcher server" daemon [_thread_in_native, id=8548, stack(0x00000077da300000,0x00000077da400000)]
  0x000002164964f000 JavaThread "File watcher consumer" daemon [_thread_blocked, id=4112, stack(0x00000077da400000,0x00000077da500000)]
  0x0000021649649800 JavaThread "Cache worker for checksums cache (G:\DOWNLOADS\androidstudioprojects\.gradle\checksums)" [_thread_blocked, id=3284, stack(0x00000077da500000,0x00000077da600000)]
  0x000002164964a800 JavaThread "Cache worker for cache directory md-supplier (C:\Users\MARIA TERESA\.gradle\caches\7.0.2\md-supplier)" [_thread_blocked, id=6604, stack(0x00000077da600000,0x00000077da700000)]
  0x000002164cba6800 JavaThread "Cache worker for cache directory md-rule (C:\Users\MARIA TERESA\.gradle\caches\7.0.2\md-rule)" [_thread_blocked, id=1416, stack(0x00000077da700000,0x00000077da800000)]
  0x000002164cba3000 JavaThread "Cache worker for execution history cache (C:\Users\MARIA TERESA\.gradle\caches\7.0.2\executionHistory)" [_thread_blocked, id=4808, stack(0x00000077da800000,0x00000077da900000)]
  0x000002164cba4000 JavaThread "jar transforms" [_thread_blocked, id=6576, stack(0x00000077da900000,0x00000077daa00000)]
  0x000002164cba8000 JavaThread "jar transforms Thread 2" [_thread_blocked, id=8132, stack(0x00000077daa00000,0x00000077dab00000)]
  0x000002164cba5000 JavaThread "Cache worker for file content cache (C:\Users\MARIA TERESA\.gradle\caches\7.0.2\fileContent)" [_thread_blocked, id=6748, stack(0x00000077dab00000,0x00000077dac00000)]
  0x000002164cba9000 JavaThread "Cache worker for dependencies-accessors (G:\DOWNLOADS\androidstudioprojects\.gradle\7.0.2\dependencies-accessors)" [_thread_blocked, id=8328, stack(0x00000077dac00000,0x00000077dad00000)]
  0x000002164cbad000 JavaThread "jar transforms Thread 3" [_thread_blocked, id=8672, stack(0x00000077dad00000,0x00000077dae00000)]
  0x000002164cba7800 JavaThread "Cache worker for Build Output Cleanup Cache (G:\DOWNLOADS\androidstudioprojects\.gradle\buildOutputCleanup)" [_thread_blocked, id=3528, stack(0x00000077dae00000,0x00000077daf00000)]
  0x000002164cbae000 JavaThread "Build operations" [_thread_blocked, id=2640, stack(0x00000077daf00000,0x00000077db000000)]
  0x000002164cba9800 JavaThread "Build operations Thread 2" [_thread_blocked, id=5548, stack(0x00000077db000000,0x00000077db100000)]
  0x000002164cbab800 JavaThread "Build operations Thread 3" [_thread_blocked, id=5048, stack(0x00000077db100000,0x00000077db200000)]
  0x000002164cbae800 JavaThread "Build operations Thread 4" [_thread_blocked, id=4540, stack(0x00000077db200000,0x00000077db300000)]
  0x000002164cbaf800 JavaThread "jar transforms Thread 4" [_thread_blocked, id=6840, stack(0x00000077db300000,0x00000077db400000)]
  0x000002164cbb0000 JavaThread "Memory manager" [_thread_blocked, id=1268, stack(0x00000077db400000,0x00000077db500000)]

Other Threads:
  0x0000021646080000 VMThread "VM Thread" [stack: 0x00000077d8600000,0x00000077d8700000] [id=5476]
  0x0000021646b93800 WatcherThread [stack: 0x00000077d9000000,0x00000077d9100000] [id=1372]
  0x000002162a566000 GCTaskThread "GC Thread#0" [stack: 0x00000077d8100000,0x00000077d8200000] [id=3688]
  0x0000021647677000 GCTaskThread "GC Thread#1" [stack: 0x00000077d9200000,0x00000077d9300000] [id=1860]
  0x00000216497d2000 GCTaskThread "GC Thread#2" [stack: 0x00000077d9700000,0x00000077d9800000] [id=8376]
  0x00000216497d2800 GCTaskThread "GC Thread#3" [stack: 0x00000077d9800000,0x00000077d9900000] [id=8296]
  0x000002162a595800 ConcurrentGCThread "G1 Main Marker" [stack: 0x00000077d8200000,0x00000077d8300000] [id=8716]
  0x000002162a599000 ConcurrentGCThread "G1 Conc#0" [stack: 0x00000077d8300000,0x00000077d8400000] [id=4060]
  0x000002162a5fb000 ConcurrentGCThread "G1 Refine#0" [stack: 0x00000077d8400000,0x00000077d8500000] [id=8124]
  0x000002162a5fd800 ConcurrentGCThread "G1 Young RemSet Sampling" [stack: 0x00000077d8500000,0x00000077d8600000] [id=4208]

Threads with active compile tasks:
C2 CompilerThread0  17026 6280       4       java.util.TreeMap::put (247 bytes)
C1 CompilerThread0  17026 6313   !   3       com.google.gson.internal.bind.ReflectiveTypeAdapterFactory$Adapter::read (116 bytes)
C2 CompilerThread1  17026 6285   !   4       java.util.zip.ZipFile::getInputStream (323 bytes)

VM state:not at safepoint (normal execution)

VM Mutex/Monitor currently owned by a thread: None

Heap address: 0x0000000080000000, size: 2048 MB, Compressed Oops mode: 32-bit
Narrow klass base: 0x0000000000000000, Narrow klass shift: 3
Compressed class space size: 1073741824 Address: 0x0000000100000000

Heap:
 garbage-first heap   total 164864K, used 95091K [0x0000000080000000, 0x0000000100000000)
  region size 1024K, 48 young (49152K), 4 survivors (4096K)
 Metaspace       used 62821K, capacity 64352K, committed 64640K, reserved 1105920K
  class space    used 7939K, capacity 8504K, committed 8576K, reserved 1048576K
Heap Regions: E=young(eden), S=young(survivor), O=old, HS=humongous(starts), HC=humongous(continues), CS=collection set, F=free, A=archive, TAMS=top-at-mark-start (previous, next)
|   0|0x0000000080000000, 0x0000000080100000, 0x0000000080100000|100%|HS|  |TAMS 0x0000000080100000, 0x0000000080000000| Complete 
|   1|0x0000000080100000, 0x0000000080200000, 0x0000000080200000|100%|HC|  |TAMS 0x0000000080200000, 0x0000000080100000| Complete 
|   2|0x0000000080200000, 0x0000000080300000, 0x0000000080300000|100%|HC|  |TAMS 0x0000000080300000, 0x0000000080200000| Complete 
|   3|0x0000000080300000, 0x0000000080400000, 0x0000000080400000|100%| O|  |TAMS 0x0000000080400000, 0x0000000080300000| Untracked 
|   4|0x0000000080400000, 0x0000000080500000, 0x0000000080500000|100%| O|  |TAMS 0x0000000080500000, 0x0000000080400000| Untracked 
|   5|0x0000000080500000, 0x0000000080600000, 0x0000000080600000|100%| O|  |TAMS 0x0000000080600000, 0x0000000080500000| Untracked 
|   6|0x0000000080600000, 0x0000000080700000, 0x0000000080700000|100%| O|  |TAMS 0x0000000080700000, 0x0000000080600000| Untracked 
|   7|0x0000000080700000, 0x0000000080800000, 0x0000000080800000|100%| O|  |TAMS 0x0000000080800000, 0x0000000080700000| Untracked 
|   8|0x0000000080800000, 0x0000000080900000, 0x0000000080900000|100%| O|  |TAMS 0x0000000080900000, 0x0000000080800000| Untracked 
|   9|0x0000000080900000, 0x0000000080a00000, 0x0000000080a00000|100%| O|  |TAMS 0x0000000080a00000, 0x0000000080900000| Untracked 
|  10|0x0000000080a00000, 0x0000000080b00000, 0x0000000080b00000|100%| O|  |TAMS 0x0000000080b00000, 0x0000000080a00000| Untracked 
|  11|0x0000000080b00000, 0x0000000080c00000, 0x0000000080c00000|100%| O|  |TAMS 0x0000000080c00000, 0x0000000080b00000| Untracked 
|  12|0x0000000080c00000, 0x0000000080d00000, 0x0000000080d00000|100%| O|  |TAMS 0x0000000080d00000, 0x0000000080c00000| Untracked 
|  13|0x0000000080d00000, 0x0000000080e00000, 0x0000000080e00000|100%| O|  |TAMS 0x0000000080e00000, 0x0000000080d00000| Untracked 
|  14|0x0000000080e00000, 0x0000000080f00000, 0x0000000080f00000|100%| O|  |TAMS 0x0000000080f00000, 0x0000000080e00000| Untracked 
|  15|0x0000000080f00000, 0x0000000081000000, 0x0000000081000000|100%| O|  |TAMS 0x0000000081000000, 0x0000000080f00000| Untracked 
|  16|0x0000000081000000, 0x0000000081100000, 0x0000000081100000|100%| O|  |TAMS 0x0000000081100000, 0x0000000081000000| Untracked 
|  17|0x0000000081100000, 0x0000000081200000, 0x0000000081200000|100%| O|  |TAMS 0x0000000081200000, 0x0000000081100000| Untracked 
|  18|0x0000000081200000, 0x0000000081300000, 0x0000000081300000|100%|HS|  |TAMS 0x0000000081300000, 0x0000000081200000| Complete 
|  19|0x0000000081300000, 0x0000000081400000, 0x0000000081400000|100%| O|  |TAMS 0x0000000081400000, 0x0000000081300000| Untracked 
|  20|0x0000000081400000, 0x0000000081500000, 0x0000000081500000|100%| O|  |TAMS 0x0000000081500000, 0x0000000081400000| Untracked 
|  21|0x0000000081500000, 0x0000000081600000, 0x0000000081600000|100%| O|  |TAMS 0x0000000081600000, 0x0000000081500000| Untracked 
|  22|0x0000000081600000, 0x0000000081700000, 0x0000000081700000|100%| O|  |TAMS 0x0000000081700000, 0x0000000081600000| Untracked 
|  23|0x0000000081700000, 0x0000000081800000, 0x0000000081800000|100%| O|  |TAMS 0x0000000081800000, 0x0000000081700000| Untracked 
|  24|0x0000000081800000, 0x0000000081900000, 0x0000000081900000|100%| O|  |TAMS 0x0000000081900000, 0x0000000081800000| Untracked 
|  25|0x0000000081900000, 0x0000000081a00000, 0x0000000081a00000|100%| O|  |TAMS 0x0000000081a00000, 0x0000000081900000| Untracked 
|  26|0x0000000081a00000, 0x0000000081b00000, 0x0000000081b00000|100%| O|  |TAMS 0x0000000081b00000, 0x0000000081a00000| Untracked 
|  27|0x0000000081b00000, 0x0000000081c00000, 0x0000000081c00000|100%|HS|  |TAMS 0x0000000081c00000, 0x0000000081b00000| Complete 
|  28|0x0000000081c00000, 0x0000000081d00000, 0x0000000081d00000|100%|HS|  |TAMS 0x0000000081d00000, 0x0000000081c00000| Complete 
|  29|0x0000000081d00000, 0x0000000081e00000, 0x0000000081e00000|100%|HS|  |TAMS 0x0000000081e00000, 0x0000000081d00000| Complete 
|  30|0x0000000081e00000, 0x0000000081f00000, 0x0000000081f00000|100%|HC|  |TAMS 0x0000000081f00000, 0x0000000081e00000| Complete 
|  31|0x0000000081f00000, 0x0000000082000000, 0x0000000082000000|100%|HC|  |TAMS 0x0000000082000000, 0x0000000081f00000| Complete 
|  32|0x0000000082000000, 0x0000000082100000, 0x0000000082100000|100%|HS|  |TAMS 0x0000000082100000, 0x0000000082000000| Complete 
|  33|0x0000000082100000, 0x0000000082200000, 0x0000000082200000|100%|HC|  |TAMS 0x0000000082200000, 0x0000000082100000| Complete 
|  34|0x0000000082200000, 0x0000000082300000, 0x0000000082300000|100%| O|  |TAMS 0x0000000082300000, 0x0000000082200000| Untracked 
|  35|0x0000000082300000, 0x0000000082400000, 0x0000000082400000|100%| O|  |TAMS 0x0000000082400000, 0x0000000082300000| Untracked 
|  36|0x0000000082400000, 0x0000000082500000, 0x0000000082500000|100%| O|  |TAMS 0x0000000082500000, 0x0000000082400000| Untracked 
|  37|0x0000000082500000, 0x0000000082600000, 0x0000000082600000|100%| O|  |TAMS 0x0000000082600000, 0x0000000082500000| Untracked 
|  38|0x0000000082600000, 0x0000000082700000, 0x0000000082700000|100%| O|  |TAMS 0x0000000082700000, 0x0000000082600000| Untracked 
|  39|0x0000000082700000, 0x0000000082800000, 0x0000000082800000|100%| O|  |TAMS 0x0000000082800000, 0x0000000082700000| Untracked 
|  40|0x0000000082800000, 0x0000000082900000, 0x0000000082900000|100%| O|  |TAMS 0x0000000082900000, 0x0000000082800000| Untracked 
|  41|0x0000000082900000, 0x0000000082a00000, 0x0000000082a00000|100%| O|  |TAMS 0x0000000082a00000, 0x0000000082900000| Untracked 
|  42|0x0000000082a00000, 0x0000000082b00000, 0x0000000082b00000|100%| O|  |TAMS 0x0000000082b00000, 0x0000000082a00000| Untracked 
|  43|0x0000000082b00000, 0x0000000082c00000, 0x0000000082c00000|100%| O|  |TAMS 0x0000000082c00000, 0x0000000082b00000| Untracked 
|  44|0x0000000082c00000, 0x0000000082d00000, 0x0000000082d00000|100%| O|  |TAMS 0x0000000082d00000, 0x0000000082c00000| Untracked 
|  45|0x0000000082d00000, 0x0000000082e00000, 0x0000000082e00000|100%|HS|  |TAMS 0x0000000082d00000, 0x0000000082d00000| Complete 
|  46|0x0000000082e00000, 0x0000000082e00000, 0x0000000082f00000|  0%| F|  |TAMS 0x0000000082e00000, 0x0000000082e00000| Untracked 
|  47|0x0000000082f00000, 0x0000000082f00000, 0x0000000083000000|  0%| F|  |TAMS 0x0000000082f00000, 0x0000000082f00000| Untracked 
|  48|0x0000000083000000, 0x0000000083000000, 0x0000000083100000|  0%| F|  |TAMS 0x0000000083000000, 0x0000000083000000| Untracked 
|  49|0x0000000083100000, 0x0000000083100000, 0x0000000083200000|  0%| F|  |TAMS 0x0000000083100000, 0x0000000083100000| Untracked 
|  50|0x0000000083200000, 0x0000000083200000, 0x0000000083300000|  0%| F|  |TAMS 0x0000000083200000, 0x0000000083200000| Untracked 
|  51|0x0000000083300000, 0x0000000083300000, 0x0000000083400000|  0%| F|  |TAMS 0x0000000083300000, 0x0000000083300000| Untracked 
|  52|0x0000000083400000, 0x0000000083400000, 0x0000000083500000|  0%| F|  |TAMS 0x0000000083400000, 0x0000000083400000| Untracked 
|  53|0x0000000083500000, 0x0000000083500000, 0x0000000083600000|  0%| F|  |TAMS 0x0000000083500000, 0x0000000083500000| Untracked 
|  54|0x0000000083600000, 0x0000000083600000, 0x0000000083700000|  0%| F|  |TAMS 0x0000000083600000, 0x0000000083600000| Untracked 
|  55|0x0000000083700000, 0x0000000083800000, 0x0000000083800000|100%| O|  |TAMS 0x0000000083800000, 0x0000000083700000| Untracked 
|  56|0x0000000083800000, 0x00000000838b6200, 0x0000000083900000| 71%| O|  |TAMS 0x00000000838b6200, 0x0000000083800000| Untracked 
|  57|0x0000000083900000, 0x0000000083900000, 0x0000000083a00000|  0%| F|  |TAMS 0x0000000083900000, 0x0000000083900000| Untracked 
|  58|0x0000000083a00000, 0x0000000083a00000, 0x0000000083b00000|  0%| F|  |TAMS 0x0000000083a00000, 0x0000000083a00000| Untracked 
|  59|0x0000000083b00000, 0x0000000083b00000, 0x0000000083c00000|  0%| F|  |TAMS 0x0000000083b00000, 0x0000000083b00000| Untracked 
|  60|0x0000000083c00000, 0x0000000083c00000, 0x0000000083d00000|  0%| F|  |TAMS 0x0000000083c00000, 0x0000000083c00000| Untracked 
|  61|0x0000000083d00000, 0x0000000083d00000, 0x0000000083e00000|  0%| F|  |TAMS 0x0000000083d00000, 0x0000000083d00000| Untracked 
|  62|0x0000000083e00000, 0x0000000083e00000, 0x0000000083f00000|  0%| F|  |TAMS 0x0000000083e00000, 0x0000000083e00000| Untracked 
|  63|0x0000000083f00000, 0x0000000083f00000, 0x0000000084000000|  0%| F|  |TAMS 0x0000000083f00000, 0x0000000083f00000| Untracked 
|  64|0x0000000084000000, 0x0000000084000000, 0x0000000084100000|  0%| F|  |TAMS 0x0000000084000000, 0x0000000084000000| Untracked 
|  65|0x0000000084100000, 0x0000000084100000, 0x0000000084200000|  0%| F|  |TAMS 0x0000000084100000, 0x0000000084100000| Untracked 
|  66|0x0000000084200000, 0x0000000084200000, 0x0000000084300000|  0%| F|  |TAMS 0x0000000084200000, 0x0000000084200000| Untracked 
|  67|0x0000000084300000, 0x0000000084300000, 0x0000000084400000|  0%| F|  |TAMS 0x0000000084300000, 0x0000000084300000| Untracked 
|  68|0x0000000084400000, 0x0000000084400000, 0x0000000084500000|  0%| F|  |TAMS 0x0000000084400000, 0x0000000084400000| Untracked 
|  69|0x0000000084500000, 0x0000000084500000, 0x0000000084600000|  0%| F|  |TAMS 0x0000000084500000, 0x0000000084500000| Untracked 
|  70|0x0000000084600000, 0x0000000084600000, 0x0000000084700000|  0%| F|  |TAMS 0x0000000084600000, 0x0000000084600000| Untracked 
|  71|0x0000000084700000, 0x0000000084700000, 0x0000000084800000|  0%| F|  |TAMS 0x0000000084700000, 0x0000000084700000| Untracked 
|  72|0x0000000084800000, 0x0000000084800000, 0x0000000084900000|  0%| F|  |TAMS 0x0000000084800000, 0x0000000084800000| Untracked 
|  73|0x0000000084900000, 0x0000000084900000, 0x0000000084a00000|  0%| F|  |TAMS 0x0000000084900000, 0x0000000084900000| Untracked 
|  74|0x0000000084a00000, 0x0000000084a00000, 0x0000000084b00000|  0%| F|  |TAMS 0x0000000084a00000, 0x0000000084a00000| Untracked 
|  75|0x0000000084b00000, 0x0000000084b00000, 0x0000000084c00000|  0%| F|  |TAMS 0x0000000084b00000, 0x0000000084b00000| Untracked 
|  76|0x0000000084c00000, 0x0000000084c00000, 0x0000000084d00000|  0%| F|  |TAMS 0x0000000084c00000, 0x0000000084c00000| Untracked 
|  77|0x0000000084d00000, 0x0000000084d00000, 0x0000000084e00000|  0%| F|  |TAMS 0x0000000084d00000, 0x0000000084d00000| Untracked 
|  78|0x0000000084e00000, 0x0000000084e00000, 0x0000000084f00000|  0%| F|  |TAMS 0x0000000084e00000, 0x0000000084e00000| Untracked 
|  79|0x0000000084f00000, 0x0000000084f00000, 0x0000000085000000|  0%| F|  |TAMS 0x0000000084f00000, 0x0000000084f00000| Untracked 
|  80|0x0000000085000000, 0x0000000085000000, 0x0000000085100000|  0%| F|  |TAMS 0x0000000085000000, 0x0000000085000000| Untracked 
|  81|0x0000000085100000, 0x0000000085100000, 0x0000000085200000|  0%| F|  |TAMS 0x0000000085100000, 0x0000000085100000| Untracked 
|  82|0x0000000085200000, 0x0000000085200000, 0x0000000085300000|  0%| F|  |TAMS 0x0000000085200000, 0x0000000085200000| Untracked 
|  83|0x0000000085300000, 0x0000000085300000, 0x0000000085400000|  0%| F|  |TAMS 0x0000000085300000, 0x0000000085300000| Untracked 
|  84|0x0000000085400000, 0x0000000085400000, 0x0000000085500000|  0%| F|  |TAMS 0x0000000085400000, 0x0000000085400000| Untracked 
|  85|0x0000000085500000, 0x0000000085500000, 0x0000000085600000|  0%| F|  |TAMS 0x0000000085500000, 0x0000000085500000| Untracked 
|  86|0x0000000085600000, 0x0000000085600000, 0x0000000085700000|  0%| F|  |TAMS 0x0000000085600000, 0x0000000085600000| Untracked 
|  87|0x0000000085700000, 0x0000000085700000, 0x0000000085800000|  0%| F|  |TAMS 0x0000000085700000, 0x0000000085700000| Untracked 
|  88|0x0000000085800000, 0x0000000085800000, 0x0000000085900000|  0%| F|  |TAMS 0x0000000085800000, 0x0000000085800000| Untracked 
|  89|0x0000000085900000, 0x0000000085900000, 0x0000000085a00000|  0%| F|  |TAMS 0x0000000085900000, 0x0000000085900000| Untracked 
|  90|0x0000000085a00000, 0x0000000085a00000, 0x0000000085b00000|  0%| F|  |TAMS 0x0000000085a00000, 0x0000000085a00000| Untracked 
|  91|0x0000000085b00000, 0x0000000085b00000, 0x0000000085c00000|  0%| F|  |TAMS 0x0000000085b00000, 0x0000000085b00000| Untracked 
|  92|0x0000000085c00000, 0x0000000085c00000, 0x0000000085d00000|  0%| F|  |TAMS 0x0000000085c00000, 0x0000000085c00000| Untracked 
|  93|0x0000000085d00000, 0x0000000085d00000, 0x0000000085e00000|  0%| F|  |TAMS 0x0000000085d00000, 0x0000000085d00000| Untracked 
|  94|0x0000000085e00000, 0x0000000085e00000, 0x0000000085f00000|  0%| F|  |TAMS 0x0000000085e00000, 0x0000000085e00000| Untracked 
|  95|0x0000000085f00000, 0x0000000085f00000, 0x0000000086000000|  0%| F|  |TAMS 0x0000000085f00000, 0x0000000085f00000| Untracked 
|  96|0x0000000086000000, 0x0000000086000000, 0x0000000086100000|  0%| F|  |TAMS 0x0000000086000000, 0x0000000086000000| Untracked 
|  97|0x0000000086100000, 0x0000000086100000, 0x0000000086200000|  0%| F|  |TAMS 0x0000000086100000, 0x0000000086100000| Untracked 
|  98|0x0000000086200000, 0x0000000086200000, 0x0000000086300000|  0%| F|  |TAMS 0x0000000086200000, 0x0000000086200000| Untracked 
|  99|0x0000000086300000, 0x0000000086300000, 0x0000000086400000|  0%| F|  |TAMS 0x0000000086300000, 0x0000000086300000| Untracked 
| 100|0x0000000086400000, 0x0000000086400000, 0x0000000086500000|  0%| F|  |TAMS 0x0000000086400000, 0x0000000086400000| Untracked 
| 101|0x0000000086500000, 0x0000000086500000, 0x0000000086600000|  0%| F|  |TAMS 0x0000000086500000, 0x0000000086500000| Untracked 
| 102|0x0000000086600000, 0x0000000086600000, 0x0000000086700000|  0%| F|  |TAMS 0x0000000086600000, 0x0000000086600000| Untracked 
| 103|0x0000000086700000, 0x0000000086700000, 0x0000000086800000|  0%| F|  |TAMS 0x0000000086700000, 0x0000000086700000| Untracked 
| 104|0x0000000086800000, 0x0000000086800000, 0x0000000086900000|  0%| F|  |TAMS 0x0000000086800000, 0x0000000086800000| Untracked 
| 105|0x0000000086900000, 0x0000000086900000, 0x0000000086a00000|  0%| F|  |TAMS 0x0000000086900000, 0x0000000086900000| Untracked 
| 106|0x0000000086a00000, 0x0000000086a00000, 0x0000000086b00000|  0%| F|  |TAMS 0x0000000086a00000, 0x0000000086a00000| Untracked 
| 107|0x0000000086b00000, 0x0000000086b00000, 0x0000000086c00000|  0%| F|  |TAMS 0x0000000086b00000, 0x0000000086b00000| Untracked 
| 108|0x0000000086c00000, 0x0000000086c00000, 0x0000000086d00000|  0%| F|  |TAMS 0x0000000086c00000, 0x0000000086c00000| Untracked 
| 109|0x0000000086d00000, 0x0000000086d00000, 0x0000000086e00000|  0%| F|  |TAMS 0x0000000086d00000, 0x0000000086d00000| Untracked 
| 110|0x0000000086e00000, 0x0000000086e00000, 0x0000000086f00000|  0%| F|  |TAMS 0x0000000086e00000, 0x0000000086e00000| Untracked 
| 111|0x0000000086f00000, 0x0000000086f00000, 0x0000000087000000|  0%| F|  |TAMS 0x0000000086f00000, 0x0000000086f00000| Untracked 
| 112|0x0000000087000000, 0x0000000087000000, 0x0000000087100000|  0%| F|  |TAMS 0x0000000087000000, 0x0000000087000000| Untracked 
| 113|0x0000000087100000, 0x0000000087180800, 0x0000000087200000| 50%| E|  |TAMS 0x0000000087100000, 0x0000000087100000| Complete 
| 114|0x0000000087200000, 0x0000000087300000, 0x0000000087300000|100%| E|CS|TAMS 0x0000000087200000, 0x0000000087200000| Complete 
| 115|0x0000000087300000, 0x0000000087400000, 0x0000000087400000|100%| E|  |TAMS 0x0000000087300000, 0x0000000087300000| Complete 
| 116|0x0000000087400000, 0x0000000087500000, 0x0000000087500000|100%| E|CS|TAMS 0x0000000087400000, 0x0000000087400000| Complete 
| 117|0x0000000087500000, 0x0000000087600000, 0x0000000087600000|100%| E|CS|TAMS 0x0000000087500000, 0x0000000087500000| Complete 
| 118|0x0000000087600000, 0x0000000087700000, 0x0000000087700000|100%| E|CS|TAMS 0x0000000087600000, 0x0000000087600000| Complete 
| 119|0x0000000087700000, 0x0000000087800000, 0x0000000087800000|100%| E|CS|TAMS 0x0000000087700000, 0x0000000087700000| Complete 
| 120|0x0000000087800000, 0x0000000087900000, 0x0000000087900000|100%| E|CS|TAMS 0x0000000087800000, 0x0000000087800000| Complete 
| 121|0x0000000087900000, 0x0000000087a00000, 0x0000000087a00000|100%| E|CS|TAMS 0x0000000087900000, 0x0000000087900000| Complete 
| 122|0x0000000087a00000, 0x0000000087b00000, 0x0000000087b00000|100%| E|CS|TAMS 0x0000000087a00000, 0x0000000087a00000| Complete 
| 123|0x0000000087b00000, 0x0000000087c00000, 0x0000000087c00000|100%| E|CS|TAMS 0x0000000087b00000, 0x0000000087b00000| Complete 
| 124|0x0000000087c00000, 0x0000000087d00000, 0x0000000087d00000|100%| E|CS|TAMS 0x0000000087c00000, 0x0000000087c00000| Complete 
| 125|0x0000000087d00000, 0x0000000087e00000, 0x0000000087e00000|100%| E|CS|TAMS 0x0000000087d00000, 0x0000000087d00000| Complete 
| 126|0x0000000087e00000, 0x0000000087f00000, 0x0000000087f00000|100%| E|CS|TAMS 0x0000000087e00000, 0x0000000087e00000| Complete 
| 127|0x0000000087f00000, 0x0000000088000000, 0x0000000088000000|100%| E|CS|TAMS 0x0000000087f00000, 0x0000000087f00000| Complete 
| 128|0x0000000088000000, 0x0000000088026a20, 0x0000000088100000| 15%| S|CS|TAMS 0x0000000088000000, 0x0000000088000000| Complete 
| 129|0x0000000088100000, 0x0000000088200000, 0x0000000088200000|100%| S|CS|TAMS 0x0000000088100000, 0x0000000088100000| Complete 
| 130|0x0000000088200000, 0x0000000088300000, 0x0000000088300000|100%| S|CS|TAMS 0x0000000088200000, 0x0000000088200000| Complete 
| 131|0x0000000088300000, 0x0000000088400000, 0x0000000088400000|100%| S|CS|TAMS 0x0000000088300000, 0x0000000088300000| Complete 
| 132|0x0000000088400000, 0x0000000088500000, 0x0000000088500000|100%| E|CS|TAMS 0x0000000088400000, 0x0000000088400000| Complete 
| 133|0x0000000088500000, 0x0000000088600000, 0x0000000088600000|100%| E|CS|TAMS 0x0000000088500000, 0x0000000088500000| Complete 
| 134|0x0000000088600000, 0x0000000088700000, 0x0000000088700000|100%| E|CS|TAMS 0x0000000088600000, 0x0000000088600000| Complete 
| 135|0x0000000088700000, 0x0000000088800000, 0x0000000088800000|100%| E|CS|TAMS 0x0000000088700000, 0x0000000088700000| Complete 
| 136|0x0000000088800000, 0x0000000088900000, 0x0000000088900000|100%| E|CS|TAMS 0x0000000088800000, 0x0000000088800000| Complete 
| 137|0x0000000088900000, 0x0000000088a00000, 0x0000000088a00000|100%| E|CS|TAMS 0x0000000088900000, 0x0000000088900000| Complete 
| 138|0x0000000088a00000, 0x0000000088b00000, 0x0000000088b00000|100%| E|CS|TAMS 0x0000000088a00000, 0x0000000088a00000| Complete 
| 139|0x0000000088b00000, 0x0000000088c00000, 0x0000000088c00000|100%| E|CS|TAMS 0x0000000088b00000, 0x0000000088b00000| Complete 
| 140|0x0000000088c00000, 0x0000000088d00000, 0x0000000088d00000|100%| E|CS|TAMS 0x0000000088c00000, 0x0000000088c00000| Complete 
| 141|0x0000000088d00000, 0x0000000088e00000, 0x0000000088e00000|100%| E|CS|TAMS 0x0000000088d00000, 0x0000000088d00000| Complete 
| 142|0x0000000088e00000, 0x0000000088f00000, 0x0000000088f00000|100%| E|CS|TAMS 0x0000000088e00000, 0x0000000088e00000| Complete 
| 143|0x0000000088f00000, 0x0000000089000000, 0x0000000089000000|100%| E|CS|TAMS 0x0000000088f00000, 0x0000000088f00000| Complete 
| 144|0x0000000089000000, 0x0000000089100000, 0x0000000089100000|100%| E|CS|TAMS 0x0000000089000000, 0x0000000089000000| Complete 
| 145|0x0000000089100000, 0x0000000089200000, 0x0000000089200000|100%| E|CS|TAMS 0x0000000089100000, 0x0000000089100000| Complete 
| 146|0x0000000089200000, 0x0000000089300000, 0x0000000089300000|100%| E|CS|TAMS 0x0000000089200000, 0x0000000089200000| Complete 
| 147|0x0000000089300000, 0x0000000089400000, 0x0000000089400000|100%| E|CS|TAMS 0x0000000089300000, 0x0000000089300000| Complete 
| 148|0x0000000089400000, 0x0000000089500000, 0x0000000089500000|100%| E|CS|TAMS 0x0000000089400000, 0x0000000089400000| Complete 
| 149|0x0000000089500000, 0x0000000089600000, 0x0000000089600000|100%| E|CS|TAMS 0x0000000089500000, 0x0000000089500000| Complete 
| 150|0x0000000089600000, 0x0000000089700000, 0x0000000089700000|100%| E|CS|TAMS 0x0000000089600000, 0x0000000089600000| Complete 
| 151|0x0000000089700000, 0x0000000089800000, 0x0000000089800000|100%| E|CS|TAMS 0x0000000089700000, 0x0000000089700000| Complete 
| 152|0x0000000089800000, 0x0000000089900000, 0x0000000089900000|100%| E|CS|TAMS 0x0000000089800000, 0x0000000089800000| Complete 
| 153|0x0000000089900000, 0x0000000089a00000, 0x0000000089a00000|100%| E|CS|TAMS 0x0000000089900000, 0x0000000089900000| Complete 
| 154|0x0000000089a00000, 0x0000000089b00000, 0x0000000089b00000|100%| E|CS|TAMS 0x0000000089a00000, 0x0000000089a00000| Complete 
| 155|0x0000000089b00000, 0x0000000089c00000, 0x0000000089c00000|100%| E|CS|TAMS 0x0000000089b00000, 0x0000000089b00000| Complete 
| 156|0x0000000089c00000, 0x0000000089d00000, 0x0000000089d00000|100%| E|CS|TAMS 0x0000000089c00000, 0x0000000089c00000| Complete 
| 157|0x0000000089d00000, 0x0000000089e00000, 0x0000000089e00000|100%| E|CS|TAMS 0x0000000089d00000, 0x0000000089d00000| Complete 
| 158|0x0000000089e00000, 0x0000000089f00000, 0x0000000089f00000|100%| E|CS|TAMS 0x0000000089e00000, 0x0000000089e00000| Complete 
| 159|0x0000000089f00000, 0x000000008a000000, 0x000000008a000000|100%| E|CS|TAMS 0x0000000089f00000, 0x0000000089f00000| Complete 
| 160|0x000000008a000000, 0x000000008a100000, 0x000000008a100000|100%| E|CS|TAMS 0x000000008a000000, 0x000000008a000000| Complete 

Card table byte_map: [0x000002163f260000,0x000002163f660000] _byte_map_base: 0x000002163ee60000

Marking Bits (Prev, Next): (CMBitMap*) 0x000002162a58ce70, (CMBitMap*) 0x000002162a58ce38
 Prev Bits: [0x0000021641a60000, 0x0000021643a60000)
 Next Bits: [0x000002163fa60000, 0x0000021641a60000)

Polling page: 0x000002162a630000

Metaspace:

Usage:
  Non-class:     54.54 MB capacity,    53.62 MB ( 98%) used,   785.48 KB (  1%) free+waste,   159.56 KB ( <1%) overhead. 
      Class:      8.34 MB capacity,     7.76 MB ( 93%) used,   518.98 KB (  6%) free+waste,    74.81 KB ( <1%) overhead. 
       Both:     62.88 MB capacity,    61.37 MB ( 98%) used,     1.27 MB (  2%) free+waste,   234.38 KB ( <1%) overhead. 

Virtual space:
  Non-class space:       56.00 MB reserved,      54.75 MB ( 98%) committed 
      Class space:        1.00 GB reserved,       8.38 MB ( <1%) committed 
             Both:        1.05 GB reserved,      63.13 MB (  6%) committed 

Chunk freelists:
   Non-Class:  24.00 KB
       Class:  8.00 KB
        Both:  32.00 KB

MaxMetaspaceSize: 17179869184.00 GB
CompressedClassSpaceSize: 1.00 GB

CodeHeap 'non-profiled nmethods': size=120064Kb used=3629Kb max_used=3629Kb free=116434Kb
 bounds [0x0000021637300000, 0x0000021637690000, 0x000002163e840000]
CodeHeap 'profiled nmethods': size=120000Kb used=13365Kb max_used=13365Kb free=106634Kb
 bounds [0x000002162fdd0000, 0x0000021630ae0000, 0x0000021637300000]
CodeHeap 'non-nmethods': size=5696Kb used=2248Kb max_used=2277Kb free=3447Kb
 bounds [0x000002162f840000, 0x000002162fab0000, 0x000002162fdd0000]
 total_blobs=7127 nmethods=6277 adapters=762
 compilation: enabled
              stopped_count=0, restarted_count=0
 full_count=0

Compilation events (20 events):
Event: 16.905 Thread 0x00000216460bc800 nmethod 6277 0x0000021630ac0690 code [0x0000021630ac0840, 0x0000021630ac0938]
Event: 16.905 Thread 0x00000216460bc800 6281       3       org.gradle.tooling.internal.provider.runner.ClientForwardingProjectConfigurationOperationListener$$Lambda$377/0x0000000100587440::test (12 bytes)
Event: 16.906 Thread 0x00000216460bc800 nmethod 6281 0x0000021630ac0a10 code [0x0000021630ac0be0, 0x0000021630ac0f28]
Event: 16.906 Thread 0x00000216460bc800 6282       3       org.gradle.tooling.internal.provider.runner.ClientForwardingProjectConfigurationOperationListener::lambda$hasNoEnclosingRunningPluginApplicationForSamePlugin$1 (9 bytes)
Event: 16.906 Thread 0x00000216493ce800 6283       4       java.lang.ThreadLocal$ThreadLocalMap::set (136 bytes)
Event: 16.906 Thread 0x00000216460bc800 nmethod 6282 0x0000021630ac1090 code [0x0000021630ac1240, 0x0000021630ac1408]
Event: 16.929 Thread 0x00000216493ce800 nmethod 6283 0x0000021637688410 code [0x00000216376885e0, 0x0000021637688f18]
Event: 16.929 Thread 0x00000216493ce800 6284   !   4       java.util.concurrent.ConcurrentHashMap::replaceNode (437 bytes)
Event: 16.946 Thread 0x00000216460bc800 6288       3       java.nio.HeapByteBuffer::compact (85 bytes)
Event: 16.947 Thread 0x00000216460bc800 nmethod 6288 0x0000021630ac1510 code [0x0000021630ac1720, 0x0000021630ac1d28]
Event: 16.947 Thread 0x00000216460bc800 6289       3       java.io.FilterInputStream::read (11 bytes)
Event: 16.948 Thread 0x00000216460bc800 nmethod 6289 0x0000021630ac1f10 code [0x0000021630ac20c0, 0x0000021630ac2288]
Event: 16.950 Thread 0x00000216460bc800 6290       1       com.google.gson.reflect.TypeToken::getRawType (5 bytes)
Event: 16.951 Thread 0x00000216460bc800 nmethod 6290 0x0000021637689290 code [0x0000021637689440, 0x00000216376894f8]
Event: 16.951 Thread 0x00000216493ce800 nmethod 6284 0x0000021637689590 code [0x0000021637689740, 0x000002163768a068]
Event: 16.951 Thread 0x00000216493ce800 6287   !   4       java.util.zip.ZipFile$CleanableResource::getInflater (47 bytes)
Event: 16.960 Thread 0x00000216493ce800 nmethod 6287 0x000002163768a510 code [0x000002163768a6e0, 0x000002163768ad18]
Event: 16.960 Thread 0x00000216493ce800 6285   !   4       java.util.zip.ZipFile::getInputStream (323 bytes)
Event: 16.984 Thread 0x00000216460bc800 6291       3       jdk.internal.reflect.ByteVectorImpl::put (27 bytes)
Event: 16.984 Thread 0x00000216460bc800 nmethod 6291 0x0000021630ac2390 code [0x0000021630ac2560, 0x0000021630ac2728]

GC Heap History (20 events):
Event: 3.849 GC heap before
{Heap before GC invocations=3 (full 0):
 garbage-first heap   total 94208K, used 46171K [0x0000000080000000, 0x0000000100000000)
  region size 1024K, 38 young (38912K), 3 survivors (3072K)
 Metaspace       used 16673K, capacity 17097K, committed 17152K, reserved 1064960K
  class space    used 1903K, capacity 2043K, committed 2048K, reserved 1048576K
}
Event: 3.857 GC heap after
{Heap after GC invocations=4 (full 0):
 garbage-first heap   total 94208K, used 15806K [0x0000000080000000, 0x0000000100000000)
  region size 1024K, 5 young (5120K), 5 survivors (5120K)
 Metaspace       used 16673K, capacity 17097K, committed 17152K, reserved 1064960K
  class space    used 1903K, capacity 2043K, committed 2048K, reserved 1048576K
}
Event: 4.436 GC heap before
{Heap before GC invocations=4 (full 0):
 garbage-first heap   total 94208K, used 47550K [0x0000000080000000, 0x0000000100000000)
  region size 1024K, 38 young (38912K), 5 survivors (5120K)
 Metaspace       used 20537K, capacity 21092K, committed 21248K, reserved 1067008K
  class space    used 2501K, capacity 2690K, committed 2816K, reserved 1048576K
}
Event: 4.446 GC heap after
{Heap after GC invocations=5 (full 0):
 garbage-first heap   total 113664K, used 16732K [0x0000000080000000, 0x0000000100000000)
  region size 1024K, 5 young (5120K), 5 survivors (5120K)
 Metaspace       used 20537K, capacity 21092K, committed 21248K, reserved 1067008K
  class space    used 2501K, capacity 2690K, committed 2816K, reserved 1048576K
}
Event: 5.468 GC heap before
{Heap before GC invocations=6 (full 0):
 garbage-first heap   total 113664K, used 60764K [0x0000000080000000, 0x0000000100000000)
  region size 1024K, 48 young (49152K), 5 survivors (5120K)
 Metaspace       used 25138K, capacity 25737K, committed 25984K, reserved 1071104K
  class space    used 3255K, capacity 3455K, committed 3456K, reserved 1048576K
}
Event: 5.476 GC heap after
{Heap after GC invocations=7 (full 0):
 garbage-first heap   total 113664K, used 18568K [0x0000000080000000, 0x0000000100000000)
  region size 1024K, 3 young (3072K), 3 survivors (3072K)
 Metaspace       used 25138K, capacity 25737K, committed 25984K, reserved 1071104K
  class space    used 3255K, capacity 3455K, committed 3456K, reserved 1048576K
}
Event: 7.225 GC heap before
{Heap before GC invocations=7 (full 0):
 garbage-first heap   total 113664K, used 75912K [0x0000000080000000, 0x0000000100000000)
  region size 1024K, 59 young (60416K), 3 survivors (3072K)
 Metaspace       used 31794K, capacity 32558K, committed 32640K, reserved 1077248K
  class space    used 4193K, capacity 4475K, committed 4480K, reserved 1048576K
}
Event: 7.237 GC heap after
{Heap after GC invocations=8 (full 0):
 garbage-first heap   total 113664K, used 20983K [0x0000000080000000, 0x0000000100000000)
  region size 1024K, 6 young (6144K), 6 survivors (6144K)
 Metaspace       used 31794K, capacity 32558K, committed 32640K, reserved 1077248K
  class space    used 4193K, capacity 4475K, committed 4480K, reserved 1048576K
}
Event: 7.564 GC heap before
{Heap before GC invocations=8 (full 0):
 garbage-first heap   total 113664K, used 29175K [0x0000000080000000, 0x0000000100000000)
  region size 1024K, 15 young (15360K), 6 survivors (6144K)
 Metaspace       used 35015K, capacity 35794K, committed 35840K, reserved 1081344K
  class space    used 4535K, capacity 4832K, committed 4864K, reserved 1048576K
}
Event: 7.580 GC heap after
{Heap after GC invocations=9 (full 0):
 garbage-first heap   total 113664K, used 23129K [0x0000000080000000, 0x0000000100000000)
  region size 1024K, 5 young (5120K), 5 survivors (5120K)
 Metaspace       used 35015K, capacity 35794K, committed 35840K, reserved 1081344K
  class space    used 4535K, capacity 4832K, committed 4864K, reserved 1048576K
}
Event: 9.053 GC heap before
{Heap before GC invocations=10 (full 0):
 garbage-first heap   total 113664K, used 83545K [0x0000000080000000, 0x0000000100000000)
  region size 1024K, 61 young (62464K), 5 survivors (5120K)
 Metaspace       used 39051K, capacity 39948K, committed 40192K, reserved 1083392K
  class space    used 4975K, capacity 5315K, committed 5376K, reserved 1048576K
}
Event: 9.071 GC heap after
{Heap after GC invocations=11 (full 0):
 garbage-first heap   total 137216K, used 27583K [0x0000000080000000, 0x0000000100000000)
  region size 1024K, 7 young (7168K), 7 survivors (7168K)
 Metaspace       used 39051K, capacity 39948K, committed 40192K, reserved 1083392K
  class space    used 4975K, capacity 5315K, committed 5376K, reserved 1048576K
}
Event: 10.667 GC heap before
{Heap before GC invocations=11 (full 0):
 garbage-first heap   total 137216K, used 94143K [0x0000000080000000, 0x0000000100000000)
  region size 1024K, 71 young (72704K), 7 survivors (7168K)
 Metaspace       used 45016K, capacity 46090K, committed 46208K, reserved 1089536K
  class space    used 5775K, capacity 6187K, committed 6272K, reserved 1048576K
}
Event: 10.683 GC heap after
{Heap after GC invocations=12 (full 0):
 garbage-first heap   total 137216K, used 29140K [0x0000000080000000, 0x0000000100000000)
  region size 1024K, 3 young (3072K), 3 survivors (3072K)
 Metaspace       used 45016K, capacity 46090K, committed 46208K, reserved 1089536K
  class space    used 5775K, capacity 6187K, committed 6272K, reserved 1048576K
}
Event: 13.278 GC heap before
{Heap before GC invocations=12 (full 0):
 garbage-first heap   total 137216K, used 114132K [0x0000000080000000, 0x0000000100000000)
  region size 1024K, 79 young (80896K), 3 survivors (3072K)
 Metaspace       used 49874K, capacity 51235K, committed 51456K, reserved 1093632K
  class space    used 6332K, capacity 6835K, committed 6912K, reserved 1048576K
}
Event: 13.294 GC heap after
{Heap after GC invocations=13 (full 0):
 garbage-first heap   total 137216K, used 47767K [0x0000000080000000, 0x0000000100000000)
  region size 1024K, 10 young (10240K), 10 survivors (10240K)
 Metaspace       used 49874K, capacity 51235K, committed 51456K, reserved 1093632K
  class space    used 6332K, capacity 6835K, committed 6912K, reserved 1048576K
}
Event: 15.240 GC heap before
{Heap before GC invocations=13 (full 0):
 garbage-first heap   total 137216K, used 105111K [0x0000000080000000, 0x0000000100000000)
  region size 1024K, 66 young (67584K), 10 survivors (10240K)
 Metaspace       used 58287K, capacity 59850K, committed 60032K, reserved 1101824K
  class space    used 7391K, capacity 7975K, committed 8064K, reserved 1048576K
}
Event: 15.258 GC heap after
{Heap after GC invocations=14 (full 0):
 garbage-first heap   total 137216K, used 50904K [0x0000000080000000, 0x0000000100000000)
  region size 1024K, 3 young (3072K), 3 survivors (3072K)
 Metaspace       used 58287K, capacity 59850K, committed 60032K, reserved 1101824K
  class space    used 7391K, capacity 7975K, committed 8064K, reserved 1048576K
}
Event: 15.359 GC heap before
{Heap before GC invocations=14 (full 0):
 garbage-first heap   total 137216K, used 51928K [0x0000000080000000, 0x0000000100000000)
  region size 1024K, 5 young (5120K), 3 survivors (3072K)
 Metaspace       used 58536K, capacity 60045K, committed 60160K, reserved 1101824K
  class space    used 7410K, capacity 7976K, committed 8064K, reserved 1048576K
}
Event: 15.369 GC heap after
{Heap after GC invocations=15 (full 0):
 garbage-first heap   total 164864K, used 51059K [0x0000000080000000, 0x0000000100000000)
  region size 1024K, 4 young (4096K), 4 survivors (4096K)
 Metaspace       used 58536K, capacity 60045K, committed 60160K, reserved 1101824K
  class space    used 7410K, capacity 7976K, committed 8064K, reserved 1048576K
}

Deoptimization events (20 events):
Event: 15.821 Thread 0x0000021647f7d800 DEOPT PACKING pc=0x0000021630a2cb28 sp=0x00000077d9af3ce0
Event: 15.821 Thread 0x0000021647f7d800 DEOPT UNPACKING pc=0x000002162f86683f sp=0x00000077d9af3198 mode 0
Event: 15.821 Thread 0x0000021647f7d800 DEOPT PACKING pc=0x0000021630a2cb28 sp=0x00000077d9af3ce0
Event: 15.821 Thread 0x0000021647f7d800 DEOPT UNPACKING pc=0x000002162f86683f sp=0x00000077d9af3198 mode 0
Event: 15.823 Thread 0x0000021647f7d800 DEOPT PACKING pc=0x0000021630a2cb28 sp=0x00000077d9af3ce0
Event: 15.823 Thread 0x0000021647f7d800 DEOPT UNPACKING pc=0x000002162f86683f sp=0x00000077d9af3198 mode 0
Event: 15.823 Thread 0x0000021647f7d800 DEOPT PACKING pc=0x0000021630a2cb28 sp=0x00000077d9af3ce0
Event: 15.823 Thread 0x0000021647f7d800 DEOPT UNPACKING pc=0x000002162f86683f sp=0x00000077d9af3198 mode 0
Event: 15.824 Thread 0x0000021647f7d800 DEOPT PACKING pc=0x0000021630a2cb28 sp=0x00000077d9af3ce0
Event: 15.824 Thread 0x0000021647f7d800 DEOPT UNPACKING pc=0x000002162f86683f sp=0x00000077d9af3198 mode 0
Event: 15.825 Thread 0x0000021647f7d800 DEOPT PACKING pc=0x0000021630a2cb28 sp=0x00000077d9af3ce0
Event: 15.825 Thread 0x0000021647f7d800 DEOPT UNPACKING pc=0x000002162f86683f sp=0x00000077d9af3198 mode 0
Event: 15.826 Thread 0x0000021647f7d800 DEOPT PACKING pc=0x0000021630a2cb28 sp=0x00000077d9af3ce0
Event: 15.826 Thread 0x0000021647f7d800 DEOPT UNPACKING pc=0x000002162f86683f sp=0x00000077d9af3198 mode 0
Event: 15.826 Thread 0x0000021647f7d800 DEOPT PACKING pc=0x0000021630a2cb28 sp=0x00000077d9af3ce0
Event: 15.826 Thread 0x0000021647f7d800 DEOPT UNPACKING pc=0x000002162f86683f sp=0x00000077d9af3198 mode 0
Event: 16.742 Thread 0x0000021647f7d800 Uncommon trap: trap_request=0xffffff4d fr.pc=0x000002163760151c relative=0x000000000000033c
Event: 16.742 Thread 0x0000021647f7d800 Uncommon trap: reason=unstable_if action=reinterpret pc=0x000002163760151c method=org.gradle.internal.reflect.PropertyAccessorType.of(Ljava/lang/reflect/Method;)Lorg/gradle/internal/reflect/PropertyAccessorType; @ 56 c2
Event: 16.742 Thread 0x0000021647f7d800 DEOPT PACKING pc=0x000002163760151c sp=0x00000077d9af7870
Event: 16.742 Thread 0x0000021647f7d800 DEOPT UNPACKING pc=0x000002162f866a29 sp=0x00000077d9af7830 mode 2

Classes redefined (0 events):
No events

Internal exceptions (20 events):
Event: 12.751 Thread 0x000002164964d000 Exception <a 'java/lang/NoSuchMethodError'{0x0000000084bad190}: <clinit>> (0x0000000084bad190) thrown at [./src/hotspot/share/prims/jni.cpp, line 1362]
Event: 12.752 Thread 0x000002164964d000 Exception <a 'java/lang/NoSuchMethodError'{0x0000000084bb7980}: <clinit>> (0x0000000084bb7980) thrown at [./src/hotspot/share/prims/jni.cpp, line 1362]
Event: 12.760 Thread 0x000002164964d000 Exception <a 'java/lang/NoSuchMethodError'{0x0000000084bcb758}: <clinit>> (0x0000000084bcb758) thrown at [./src/hotspot/share/prims/jni.cpp, line 1362]
Event: 12.805 Thread 0x0000021647f7d800 Exception <a 'java/lang/ClassNotFoundException'{0x0000000084a0f418}: build_5v8auhxzd7d27lhodvncj7461BeanInfo> (0x0000000084a0f418) thrown at [./src/hotspot/share/classfile/systemDictionary.cpp, line 231]
Event: 12.806 Thread 0x0000021647f7d800 Exception <a 'java/lang/ClassNotFoundException'{0x0000000084a1a340}: build_5v8auhxzd7d27lhodvncj7461Customizer> (0x0000000084a1a340) thrown at [./src/hotspot/share/classfile/systemDictionary.cpp, line 231]
Event: 12.831 Thread 0x0000021647f7d800 Exception <a 'java/lang/ClassNotFoundException'{0x0000000084a9bb40}: org/gradle/plugin/use/internal/PluginRequestCollector$PluginDependenciesSpecImplBeanInfo> (0x0000000084a9bb40) thrown at [./src/hotspot/share/classfile/systemDictionary.cpp, line 231]
Event: 12.841 Thread 0x0000021647f7d800 Exception <a 'java/lang/ClassNotFoundException'{0x0000000084ac99f0}: org/gradle/plugin/use/internal/PluginRequestCollector$PluginDependenciesSpecImplCustomizer> (0x0000000084ac99f0) thrown at [./src/hotspot/share/classfile/systemDictionary.cpp, line 231]
Event: 12.949 Thread 0x0000021647f7d800 Exception <a 'java/lang/ClassNotFoundException'{0x00000000847bc538}: org/gradle/api/internal/plugins/DefaultObjectConfigurationActionBeanInfo> (0x00000000847bc538) thrown at [./src/hotspot/share/classfile/systemDictionary.cpp, line 231]
Event: 12.950 Thread 0x0000021647f7d800 Exception <a 'java/lang/ClassNotFoundException'{0x00000000847f10c0}: org/gradle/api/internal/plugins/DefaultObjectConfigurationActionCustomizer> (0x00000000847f10c0) thrown at [./src/hotspot/share/classfile/systemDictionary.cpp, line 231]
Event: 13.196 Thread 0x0000021647f7d800 Exception <a 'java/lang/NoSuchMethodError'{0x00000000839030b0}: 'java.lang.Object java.lang.invoke.DirectMethodHandle$Holder.invokeStatic(java.lang.Object, java.lang.Object, java.lang.Object, java.lang.Object, int)'> (0x00000000839030b0) thrown at [./src/hotspot/share/interpreter/linkResolver.cpp, line 773]
Event: 13.196 Thread 0x0000021647f7d800 Exception <a 'java/lang/NoSuchMethodError'{0x0000000083907aa8}: 'java.lang.Object java.lang.invoke.DirectMethodHandle$Holder.invokeSpecial(java.lang.Object, java.lang.Object, java.lang.Object, java.lang.Object, java.lang.Object, int)'> (0x0000000083907aa8) thrown at [./src/hotspot/share/interpreter/linkResolver.cpp, line 773]
Event: 13.197 Thread 0x0000021647f7d800 Exception <a 'java/lang/NoSuchMethodError'{0x000000008390c0e8}: 'java.lang.Object java.lang.invoke.Invokers$Holder.linkToTargetMethod(java.lang.Object, java.lang.Object, java.lang.Object, int, java.lang.Object)'> (0x000000008390c0e8) thrown at [./src/hotspot/share/interpreter/linkResolver.cpp, line 773]
Event: 13.267 Thread 0x0000021647f7d800 Implicit null exception at 0x0000021637581992 to 0x0000021637581e20
Event: 13.705 Thread 0x0000021647f7d800 Exception <a 'java/lang/NoSuchMethodError'{0x0000000087ad6838}: 'java.lang.Object java.lang.invoke.DirectMethodHandle$Holder.invokeSpecial(java.lang.Object, java.lang.Object, int, int, java.lang.Object, java.lang.Object, java.lang.Object)'> (0x0000000087ad6838) thrown at [./src/hotspot/share/interpreter/linkResolver.cpp, line 773]
Event: 13.705 Thread 0x0000021647f7d800 Exception <a 'java/lang/NoSuchMethodError'{0x0000000087adadb8}: 'java.lang.Object java.lang.invoke.DelegatingMethodHandle$Holder.reinvoke_L(java.lang.Object, int, int, java.lang.Object, java.lang.Object, java.lang.Object)'> (0x0000000087adadb8) thrown at [./src/hotspot/share/interpreter/linkResolver.cpp, line 773]
Event: 14.141 Thread 0x0000021647f7d800 Exception <a 'java/lang/NoSuchMethodError'{0x0000000086d19e80}: 'int java.lang.invoke.DirectMethodHandle$Holder.invokeInterface(java.lang.Object, java.lang.Object, java.lang.Object, java.lang.Object)'> (0x0000000086d19e80) thrown at [./src/hotspot/share/interpreter/linkResolver.cpp, line 773]
Event: 14.639 Thread 0x0000021647f7d800 Exception <a 'java/lang/NoSuchMethodError'{0x0000000085d0fc20}: 'void java.lang.invoke.DirectMethodHandle$Holder.invokeInterface(java.lang.Object, java.lang.Object, java.lang.Object, java.lang.Object)'> (0x0000000085d0fc20) thrown at [./src/hotspot/share/interpreter/linkResolver.cpp, line 773]
Event: 14.936 Thread 0x0000021647f7d800 Exception <a 'java/lang/IncompatibleClassChangeError'{0x0000000085538c78}: Found class java.lang.Object, but interface was expected> (0x0000000085538c78) thrown at [./src/hotspot/share/interpreter/linkResolver.cpp, line 839]
Event: 15.323 Thread 0x0000021647f7d800 Implicit null exception at 0x000002163760952d to 0x00000216376097a4
Event: 15.902 Thread 0x0000021647f7d800 Exception <a 'sun/nio/fs/WindowsException'{0x000000008938f0d8}> (0x000000008938f0d8) thrown at [./src/hotspot/share/prims/jni.cpp, line 615]

Events (20 events):
Event: 16.957 loading class com/google/gson/internal/UnsafeAllocator$2
Event: 16.957 loading class com/google/gson/internal/UnsafeAllocator$2 done
Event: 16.957 loading class com/google/gson/internal/UnsafeAllocator$3
Event: 16.957 loading class com/google/gson/internal/UnsafeAllocator$3 done
Event: 16.958 loading class com/google/gson/internal/UnsafeAllocator$4
Event: 16.958 loading class com/google/gson/internal/UnsafeAllocator$4 done
Event: 16.975 loading class sun/reflect/generics/repository/FieldRepository
Event: 16.975 loading class sun/reflect/generics/repository/FieldRepository done
Event: 16.975 loading class com/google/gson/internal/$Gson$Types$ParameterizedTypeImpl
Event: 16.975 loading class com/google/gson/internal/$Gson$Types$ParameterizedTypeImpl done
Event: 16.977 loading class com/google/gson/internal/ConstructorConstructor$8
Event: 16.977 loading class com/google/gson/internal/ConstructorConstructor$8 done
Event: 16.979 loading class com/android/tools/build/jetifier/core/rule/RewriteRule$JsonData
Event: 16.979 loading class com/android/tools/build/jetifier/core/rule/RewriteRule$JsonData done
Event: 16.982 loading class com/android/tools/build/jetifier/core/PackageMap$PackageRule$JsonData
Event: 16.982 loading class com/android/tools/build/jetifier/core/PackageMap$PackageRule$JsonData done
Event: 16.986 loading class com/android/tools/build/jetifier/core/pom/PomRewriteRule$JsonData
Event: 16.986 loading class com/android/tools/build/jetifier/core/pom/PomRewriteRule$JsonData done
Event: 16.988 loading class com/android/tools/build/jetifier/core/pom/PomDependency
Event: 16.988 loading class com/android/tools/build/jetifier/core/pom/PomDependency done


Dynamic libraries:
0x00007ff740ca0000 - 0x00007ff740caa000 	C:\Program Files\Android\Android Studio\jre\bin\java.exe
0x00007ffdb9930000 - 0x00007ffdb9b25000 	C:\Windows\SYSTEM32\ntdll.dll
0x00007ffdb8430000 - 0x00007ffdb84ee000 	C:\Windows\System32\KERNEL32.DLL
0x00007ffdb7160000 - 0x00007ffdb7428000 	C:\Windows\System32\KERNELBASE.dll
0x00007ffdb75c0000 - 0x00007ffdb76c0000 	C:\Windows\System32\ucrtbase.dll
0x00007ffd911f0000 - 0x00007ffd91209000 	C:\Program Files\Android\Android Studio\jre\bin\jli.dll
0x00007ffd90840000 - 0x00007ffd90857000 	C:\Program Files\Android\Android Studio\jre\bin\VCRUNTIME140.dll
0x00007ffdb7e20000 - 0x00007ffdb7fc1000 	C:\Windows\System32\USER32.dll
0x00007ffdb7430000 - 0x00007ffdb7452000 	C:\Windows\System32\win32u.dll
0x00007ffdb9180000 - 0x00007ffdb91ab000 	C:\Windows\System32\GDI32.dll
0x00007ffd9ef10000 - 0x00007ffd9f1aa000 	C:\Windows\WinSxS\amd64_microsoft.windows.common-controls_6595b64144ccf1df_6.0.19041.1110_none_60b5254171f9507e\COMCTL32.dll
0x00007ffdb76c0000 - 0x00007ffdb77cb000 	C:\Windows\System32\gdi32full.dll
0x00007ffdb81c0000 - 0x00007ffdb825e000 	C:\Windows\System32\msvcrt.dll
0x00007ffdb78e0000 - 0x00007ffdb797d000 	C:\Windows\System32\msvcp_win.dll
0x00007ffdb9210000 - 0x00007ffdb9240000 	C:\Windows\System32\IMM32.DLL
0x00007ffd83de0000 - 0x00007ffd83e7d000 	C:\Program Files\Android\Android Studio\jre\bin\msvcp140.dll
0x00007ffd7b7a0000 - 0x00007ffd7c26f000 	C:\Program Files\Android\Android Studio\jre\bin\server\jvm.dll
0x00007ffdb8110000 - 0x00007ffdb81bc000 	C:\Windows\System32\ADVAPI32.dll
0x00007ffdb8260000 - 0x00007ffdb82fb000 	C:\Windows\System32\sechost.dll
0x00007ffdb9340000 - 0x00007ffdb946a000 	C:\Windows\System32\RPCRT4.dll
0x00007ffdb8080000 - 0x00007ffdb8088000 	C:\Windows\System32\PSAPI.DLL
0x00007ffdaea80000 - 0x00007ffdaea89000 	C:\Windows\SYSTEM32\WSOCK32.dll
0x00007ffdb9550000 - 0x00007ffdb95bb000 	C:\Windows\System32\WS2_32.dll
0x00007ffd9aa40000 - 0x00007ffd9aa67000 	C:\Windows\SYSTEM32\WINMM.dll
0x00007ffdaaa60000 - 0x00007ffdaaa6a000 	C:\Windows\SYSTEM32\VERSION.dll
0x00007ffdb4f70000 - 0x00007ffdb4f82000 	C:\Windows\SYSTEM32\kernel.appcore.dll
0x00007ffdade80000 - 0x00007ffdade91000 	C:\Program Files\Android\Android Studio\jre\bin\verify.dll
0x00007ffd928d0000 - 0x00007ffd92ab4000 	C:\Windows\SYSTEM32\DBGHELP.DLL
0x00007ffd92880000 - 0x00007ffd928ac000 	C:\Windows\SYSTEM32\dbgcore.DLL
0x00007ffdb7820000 - 0x00007ffdb78a3000 	C:\Windows\System32\bcryptPrimitives.dll
0x00007ffd913d0000 - 0x00007ffd913f9000 	C:\Program Files\Android\Android Studio\jre\bin\java.dll
0x00007ffdae820000 - 0x00007ffdae82b000 	C:\Program Files\Android\Android Studio\jre\bin\jimage.dll
0x00007ffdad780000 - 0x00007ffdad798000 	C:\Program Files\Android\Android Studio\jre\bin\zip.dll
0x00007ffdb89e0000 - 0x00007ffdb911f000 	C:\Windows\System32\SHELL32.dll
0x00007ffdb5170000 - 0x00007ffdb5900000 	C:\Windows\SYSTEM32\windows.storage.dll
0x00007ffdb8610000 - 0x00007ffdb8965000 	C:\Windows\System32\combase.dll
0x00007ffdb69d0000 - 0x00007ffdb69fe000 	C:\Windows\SYSTEM32\Wldp.dll
0x00007ffdb7fd0000 - 0x00007ffdb807d000 	C:\Windows\System32\SHCORE.dll
0x00007ffdb8980000 - 0x00007ffdb89d5000 	C:\Windows\System32\shlwapi.dll
0x00007ffdb6f90000 - 0x00007ffdb6faf000 	C:\Windows\SYSTEM32\profapi.dll
0x00007ffd9afc0000 - 0x00007ffd9afda000 	C:\Program Files\Android\Android Studio\jre\bin\net.dll
0x00007ffdac9b0000 - 0x00007ffdacabc000 	C:\Windows\SYSTEM32\WINHTTP.dll
0x00007ffdb6730000 - 0x00007ffdb679a000 	C:\Windows\system32\mswsock.dll
0x00007ffd962a0000 - 0x00007ffd962b4000 	C:\Program Files\Android\Android Studio\jre\bin\nio.dll
0x00007ffd83690000 - 0x00007ffd836b7000 	C:\Users\MARIA TERESA\.gradle\native\8bec1ad78214c89d9ad589b4d07fe93259594b29d510b10fafb7a158f7737e5d\windows-amd64\native-platform.dll
0x00007ffd7c6b0000 - 0x00007ffd7c7ed000 	C:\Users\MARIA TERESA\.gradle\native\53dbd7edfb1c66fb8903c78663c9afc45aea4f116125fa6feffd364cf09443e8\windows-amd64\native-platform-file-events.dll
0x00007ffdabc90000 - 0x00007ffdabc9a000 	C:\Program Files\Android\Android Studio\jre\bin\management.dll
0x00007ffdabc60000 - 0x00007ffdabc6c000 	C:\Program Files\Android\Android Studio\jre\bin\management_ext.dll
0x00007ffdb6920000 - 0x00007ffdb6938000 	C:\Windows\SYSTEM32\CRYPTSP.dll
0x00007ffdb60b0000 - 0x00007ffdb60e4000 	C:\Windows\system32\rsaenh.dll
0x00007ffdb78b0000 - 0x00007ffdb78d7000 	C:\Windows\System32\bcrypt.dll
0x00007ffdb6f50000 - 0x00007ffdb6f7e000 	C:\Windows\SYSTEM32\USERENV.dll
0x00007ffdb6940000 - 0x00007ffdb694c000 	C:\Windows\SYSTEM32\CRYPTBASE.dll
0x00007ffdb6420000 - 0x00007ffdb645b000 	C:\Windows\SYSTEM32\IPHLPAPI.DLL
0x00007ffdb8970000 - 0x00007ffdb8978000 	C:\Windows\System32\NSI.dll
0x00007ffdb1260000 - 0x00007ffdb1277000 	C:\Windows\SYSTEM32\dhcpcsvc6.DLL
0x00007ffdb1190000 - 0x00007ffdb11ad000 	C:\Windows\SYSTEM32\dhcpcsvc.DLL
0x00007ffdb6460000 - 0x00007ffdb652b000 	C:\Windows\SYSTEM32\DNSAPI.dll

dbghelp: loaded successfully - version: 4.0.5 - missing functions: none
symbol engine: initialized successfully - sym options: 0x614 - pdb path: .;C:\Program Files\Android\Android Studio\jre\bin;C:\Windows\SYSTEM32;C:\Windows\WinSxS\amd64_microsoft.windows.common-controls_6595b64144ccf1df_6.0.19041.1110_none_60b5254171f9507e;C:\Program Files\Android\Android Studio\jre\bin\server;C:\Users\MARIA TERESA\.gradle\native\8bec1ad78214c89d9ad589b4d07fe93259594b29d510b10fafb7a158f7737e5d\windows-amd64;C:\Users\MARIA TERESA\.gradle\native\53dbd7edfb1c66fb8903c78663c9afc45aea4f116125fa6feffd364cf09443e8\windows-amd64

VM Arguments:
jvm_args: --add-opens=java.base/java.util=ALL-UNNAMED --add-opens=java.base/java.lang=ALL-UNNAMED --add-opens=java.base/java.lang.invoke=ALL-UNNAMED --add-opens=java.base/java.util=ALL-UNNAMED --add-opens=java.prefs/java.util.prefs=ALL-UNNAMED --add-opens=java.prefs/java.util.prefs=ALL-UNNAMED --add-opens=java.base/java.nio.charset=ALL-UNNAMED --add-opens=java.base/java.net=ALL-UNNAMED --add-opens=java.base/java.util.concurrent.atomic=ALL-UNNAMED -Xmx2048m -Dfile.encoding=UTF-8 -Duser.country=CO -Duser.language=es -Duser.variant 
java_command: org.gradle.launcher.daemon.bootstrap.GradleDaemon 7.0.2
java_class_path (initial): C:\Users\MARIA TERESA\.gradle\wrapper\dists\gradle-7.0.2-bin\857tjihv64xamwrf0h14cai3r\gradle-7.0.2\lib\gradle-launcher-7.0.2.jar
Launcher Type: SUN_STANDARD

[Global flags]
     intx CICompilerCount                          = 3                                         {product} {ergonomic}
     uint ConcGCThreads                            = 1                                         {product} {ergonomic}
     uint G1ConcRefinementThreads                  = 4                                         {product} {ergonomic}
   size_t G1HeapRegionSize                         = 1048576                                   {product} {ergonomic}
    uintx GCDrainStackTargetSize                   = 64                                        {product} {ergonomic}
   size_t InitialHeapSize                          = 96468992                                  {product} {ergonomic}
   size_t MarkStackSize                            = 4194304                                   {product} {ergonomic}
   size_t MaxHeapSize                              = 2147483648                                {product} {command line}
   size_t MaxNewSize                               = 1287651328                                {product} {ergonomic}
   size_t MinHeapDeltaBytes                        = 1048576                                   {product} {ergonomic}
    uintx NonNMethodCodeHeapSize                   = 5830732                                {pd product} {ergonomic}
    uintx NonProfiledCodeHeapSize                  = 122913754                              {pd product} {ergonomic}
    uintx ProfiledCodeHeapSize                     = 122913754                              {pd product} {ergonomic}
    uintx ReservedCodeCacheSize                    = 251658240                              {pd product} {ergonomic}
     bool SegmentedCodeCache                       = true                                      {product} {ergonomic}
     bool UseCompressedClassPointers               = true                                 {lp64_product} {ergonomic}
     bool UseCompressedOops                        = true                                 {lp64_product} {ergonomic}
     bool UseG1GC                                  = true                                      {product} {ergonomic}
     bool UseLargePagesIndividualAllocation        = false                                  {pd product} {ergonomic}

Logging:
Log output configuration:
 #0: stdout all=warning uptime,level,tags
 #1: stderr all=off uptime,level,tags

Environment Variables:
PATH=C:\Program Files\Common Files\Oracle\Java\javapath;C:\Program Files\Microsoft MPI\Bin\;C:\Windows\system32;C:\Windows;C:\Windows\System32\Wbem;C:\Windows\System32\WindowsPowerShell\v1.0\;C:\Windows\System32\OpenSSH\;C:\Program Files\Azure Data Studio\bin;C:\Program Files (x86)\Microsoft SQL Server\150\Tools\Binn\;C:\Program Files\Microsoft SQL Server\150\Tools\Binn\;C:\Program Files (x86)\Microsoft SQL Server\150\DTS\Binn\;C:\Program Files\Microsoft SQL Server\150\DTS\Binn\;C:\Program Files\Microsoft SQL Server\Client SDK\ODBC\170\Tools\Binn\;C:\Program Files\dotnet\;C:\Program Files\Git\cmd;C:\Users\MARIA TERESA\AppData\Local\Microsoft\WindowsApps;;C:\Users\MARIA TERESA\AppData\Local\Programs\Microsoft VS Code\bin;C:\Program Files\Azure Data Studio\bin;C:\Users\MARIA TERESA\.dotnet\tools
USERNAME=MARIA TERESA
OS=Windows_NT
PROCESSOR_IDENTIFIER=Intel64 Family 6 Model 37 Stepping 2, GenuineIntel



---------------  S Y S T E M  ---------------

OS: Windows 10 , 64 bit Build 19041 (10.0.19041.1348)
OS uptime: 0 days 19:51 hours

CPU:total 4 (initial active 4) (2 cores per cpu, 2 threads per core) family 6 model 37 stepping 2 microcode 0x11, cmov, cx8, fxsr, mmx, sse, sse2, sse3, ssse3, sse4.1, sse4.2, popcnt, ht, tsc, tscinvbit

Memory: 4k page, system-wide physical 5879M (556M free)
TotalPageFile size 5879M (AvailPageFile size 2M)
current process WorkingSet (physical memory assigned to process): 349M, peak: 356M
current process commit charge ("private bytes"): 381M, peak: 390M

vm_info: OpenJDK 64-Bit Server VM (11.0.10+0-b96-7249189) for windows-amd64 JRE (11.0.10+0-b96-7249189), built on Mar 31 2021 21:44:00 by "builder" with MS VC++ 14.0 (VS2015)

END.
