#
# There is insufficient memory for the Java Runtime Environment to continue.
# Native memory allocation (mmap) failed to map 31457280 bytes for Failed to commit area from 0x0000000089500000 to 0x000000008b300000 of length 31457280.
# Possible reasons:
#   The system is out of physical RAM or swap space
#   The process is running with CompressedOops enabled, and the Java Heap may be blocking the growth of the native heap
# Possible solutions:
#   Reduce memory load on the system
#   Increase physical memory or swap space
#   Check if swap backing store is full
#   Decrease Java heap size (-Xmx/-Xms)
#   Decrease number of Java threads
#   Decrease Java thread stack sizes (-Xss)
#   Set larger code cache with -XX:ReservedCodeCacheSize=
#   JVM is running with Unscaled Compressed Oops mode in which the Java heap is
#     placed in the first 4GB address space. The Java Heap base address is the
#     maximum limit for the native heap growth. Please use -XX:HeapBaseMinAddress
#     to set the Java Heap base and to place the Java Heap above 4GB virtual address.
# This output file may be truncated or incomplete.
#
#  Out of Memory Error (./src/hotspot/os/windows/os_windows.cpp:3301), pid=10920, tid=8436
#
# JRE version: OpenJDK Runtime Environment (11.0.10) (build 11.0.10+0-b96-7249189)
# Java VM: OpenJDK 64-Bit Server VM (11.0.10+0-b96-7249189, mixed mode, tiered, compressed oops, g1 gc, windows-amd64)
# No core dump will be written. Minidumps are not enabled by default on client versions of Windows
#

---------------  S U M M A R Y ------------

Command Line: --add-opens=java.base/java.util=ALL-UNNAMED --add-opens=java.base/java.lang=ALL-UNNAMED --add-opens=java.base/java.lang.invoke=ALL-UNNAMED --add-opens=java.base/java.util=ALL-UNNAMED --add-opens=java.prefs/java.util.prefs=ALL-UNNAMED --add-opens=java.prefs/java.util.prefs=ALL-UNNAMED --add-opens=java.base/java.nio.charset=ALL-UNNAMED --add-opens=java.base/java.net=ALL-UNNAMED --add-opens=java.base/java.util.concurrent.atomic=ALL-UNNAMED -Xmx2048m -Dfile.encoding=UTF-8 -Duser.country=CO -Duser.language=es -Duser.variant org.gradle.launcher.daemon.bootstrap.GradleDaemon 7.0.2

Host: Intel(R) Core(TM) i3 CPU         540  @ 3.07GHz, 4 cores, 5G,  Windows 10 , 64 bit Build 19041 (10.0.19041.1202)
Time: Sat Nov 13 12:43:49 2021 Hora est. Pacífico, Sudamérica elapsed time: 112.223108 seconds (0d 0h 1m 52s)

---------------  T H R E A D  ---------------

Current thread (0x0000021c62a7e800):  VMThread "VM Thread" [stack: 0x0000005817e00000,0x0000005817f00000] [id=8436]

Stack: [0x0000005817e00000,0x0000005817f00000]
[error occurred during error reporting (printing stack bounds), id 0xc0000005, EXCEPTION_ACCESS_VIOLATION (0xc0000005) at pc=0x0000021c4c240f3d]

Native frames: (J=compiled Java code, j=interpreted, Vv=VM code, C=native code)
V  [jvm.dll+0x5ecfaa]
V  [jvm.dll+0x722bd5]
V  [jvm.dll+0x72412d]
V  [jvm.dll+0x724745]
V  [jvm.dll+0x7246fb]
V  [jvm.dll+0x5ec348]
V  [jvm.dll+0x5ecad8]
C  [ntdll.dll+0xa20cf]
C  [ntdll.dll+0x51454]
C  [ntdll.dll+0xa0bfe]
C  0x0000021c4c240f3d

VM_Operation (0x000000581a8fd230): G1CollectForAllocation, mode: safepoint, requested by thread 0x0000021c6589a000


---------------  P R O C E S S  ---------------

Threads class SMR info:
_java_thread_list=0x0000021c68fcd580, length=43, elements={
0x0000021c4874d000, 0x0000021c62aa7000, 0x0000021c62aad000, 0x0000021c62aaf800,
0x0000021c62ab0800, 0x0000021c62ab1000, 0x0000021c62abe800, 0x0000021c62abf800,
0x0000021c62ac7000, 0x0000021c6358a000, 0x0000021c64ada800, 0x0000021c65480800,
0x0000021c64851000, 0x0000021c65454800, 0x0000021c6433a000, 0x0000021c65897800,
0x0000021c65899000, 0x0000021c6589b000, 0x0000021c6589c800, 0x0000021c6589d800,
0x0000021c6589e000, 0x0000021c65898800, 0x0000021c6777f000, 0x0000021c6777f800,
0x0000021c6777e000, 0x0000021c6777c800, 0x0000021c6777a000, 0x0000021c6777d800,
0x0000021c67780800, 0x0000021c6777b800, 0x0000021c67784800, 0x0000021c67786800,
0x0000021c67787000, 0x0000021c67782000, 0x0000021c67785800, 0x0000021c67788000,
0x0000021c67784000, 0x0000021c67788800, 0x0000021c6589b800, 0x0000021c6589a000,
0x0000021c63790800, 0x0000021c63795800, 0x0000021c69489000
}

Java Threads: ( => current thread )
  0x0000021c4874d000 JavaThread "main" [_thread_blocked, id=9092, stack(0x0000005817800000,0x0000005817900000)]
  0x0000021c62aa7000 JavaThread "Reference Handler" daemon [_thread_blocked, id=6392, stack(0x0000005817f00000,0x0000005818000000)]
  0x0000021c62aad000 JavaThread "Finalizer" daemon [_thread_blocked, id=2124, stack(0x0000005818000000,0x0000005818100000)]
  0x0000021c62aaf800 JavaThread "Signal Dispatcher" daemon [_thread_blocked, id=9296, stack(0x0000005818100000,0x0000005818200000)]
  0x0000021c62ab0800 JavaThread "Attach Listener" daemon [_thread_blocked, id=6912, stack(0x0000005818200000,0x0000005818300000)]
  0x0000021c62ab1000 JavaThread "Service Thread" daemon [_thread_blocked, id=3352, stack(0x0000005818300000,0x0000005818400000)]
  0x0000021c62abe800 JavaThread "C2 CompilerThread0" daemon [_thread_blocked, id=5496, stack(0x0000005818400000,0x0000005818500000)]
  0x0000021c62abf800 JavaThread "C1 CompilerThread0" daemon [_thread_blocked, id=11008, stack(0x0000005818500000,0x0000005818600000)]
  0x0000021c62ac7000 JavaThread "Sweeper thread" daemon [_thread_blocked, id=5744, stack(0x0000005818600000,0x0000005818700000)]
  0x0000021c6358a000 JavaThread "Common-Cleaner" daemon [_thread_blocked, id=10844, stack(0x0000005818700000,0x0000005818800000)]
  0x0000021c64ada800 JavaThread "Daemon health stats" [_thread_blocked, id=8328, stack(0x0000005818b00000,0x0000005818c00000)]
  0x0000021c65480800 JavaThread "Incoming local TCP Connector on port 63069" [_thread_in_native, id=10244, stack(0x0000005818c00000,0x0000005818d00000)]
  0x0000021c64851000 JavaThread "Daemon periodic checks" [_thread_blocked, id=8668, stack(0x0000005818d00000,0x0000005818e00000)]
  0x0000021c65454800 JavaThread "Daemon" [_thread_blocked, id=7464, stack(0x0000005819000000,0x0000005819100000)]
  0x0000021c6433a000 JavaThread "Daemon worker" [_thread_blocked, id=1264, stack(0x0000005819300000,0x0000005819400000)]
  0x0000021c65897800 JavaThread "Cache worker for file hash cache (C:\Users\MARIA TERESA\.gradle\caches\7.0.2\fileHashes)" [_thread_blocked, id=4796, stack(0x0000005819700000,0x0000005819800000)]
  0x0000021c65899000 JavaThread "File lock request listener" [_thread_in_native, id=6400, stack(0x0000005819800000,0x0000005819900000)]
  0x0000021c6589b000 JavaThread "Cache worker for journal cache (C:\Users\MARIA TERESA\.gradle\caches\journal-1)" [_thread_blocked, id=8144, stack(0x0000005819900000,0x0000005819a00000)]
  0x0000021c6589c800 JavaThread "File watcher server" daemon [_thread_in_native, id=9488, stack(0x0000005819b00000,0x0000005819c00000)]
  0x0000021c6589d800 JavaThread "File watcher consumer" daemon [_thread_blocked, id=1744, stack(0x0000005819c00000,0x0000005819d00000)]
  0x0000021c6589e000 JavaThread "jar transforms" [_thread_blocked, id=9440, stack(0x0000005819d00000,0x0000005819e00000)]
  0x0000021c65898800 JavaThread "jar transforms Thread 2" [_thread_blocked, id=11056, stack(0x0000005819e00000,0x0000005819f00000)]
  0x0000021c6777f000 JavaThread "jar transforms Thread 3" [_thread_blocked, id=4684, stack(0x0000005819f00000,0x000000581a000000)]
  0x0000021c6777f800 JavaThread "jar transforms Thread 4" [_thread_blocked, id=7848, stack(0x000000581a000000,0x000000581a100000)]
  0x0000021c6777e000 JavaThread "Cache worker for execution history cache (C:\Users\MARIA TERESA\.gradle\caches\7.0.2\executionHistory)" [_thread_blocked, id=4944, stack(0x000000581a400000,0x000000581a500000)]
  0x0000021c6777c800 JavaThread "Cache worker for file content cache (C:\Users\MARIA TERESA\.gradle\caches\7.0.2\fileContent)" [_thread_blocked, id=5432, stack(0x000000581a500000,0x000000581a600000)]
  0x0000021c6777a000 JavaThread "Handler for socket connection from /127.0.0.1:63069 to /127.0.0.1:63091" [_thread_in_native, id=3640, stack(0x0000005817500000,0x0000005817600000)]
  0x0000021c6777d800 JavaThread "Cancel handler" [_thread_blocked, id=8024, stack(0x0000005817600000,0x0000005817700000)]
  0x0000021c67780800 JavaThread "Asynchronous log dispatcher for DefaultDaemonConnection: socket connection from /127.0.0.1:63069 to /127.0.0.1:63091" [_thread_blocked, id=300, stack(0x0000005817700000,0x0000005817800000)]
  0x0000021c6777b800 JavaThread "Stdin handler" [_thread_blocked, id=8348, stack(0x0000005819200000,0x0000005819300000)]
  0x0000021c67784800 JavaThread "Daemon client event forwarder" [_thread_blocked, id=9988, stack(0x0000005819400000,0x0000005819500000)]
  0x0000021c67786800 JavaThread "Cache worker for file hash cache (G:\DOWNLOADS\androidstudioprojects\.gradle\7.0.2\fileHashes)" [_thread_blocked, id=2300, stack(0x0000005819500000,0x0000005819600000)]
  0x0000021c67787000 JavaThread "Cache worker for checksums cache (G:\DOWNLOADS\androidstudioprojects\.gradle\checksums)" [_thread_blocked, id=2120, stack(0x0000005819600000,0x0000005819700000)]
  0x0000021c67782000 JavaThread "Cache worker for cache directory md-supplier (C:\Users\MARIA TERESA\.gradle\caches\7.0.2\md-supplier)" [_thread_blocked, id=1824, stack(0x0000005819a00000,0x0000005819b00000)]
  0x0000021c67785800 JavaThread "Cache worker for cache directory md-rule (C:\Users\MARIA TERESA\.gradle\caches\7.0.2\md-rule)" [_thread_blocked, id=7676, stack(0x000000581a100000,0x000000581a200000)]
  0x0000021c67788000 JavaThread "Cache worker for dependencies-accessors (G:\DOWNLOADS\androidstudioprojects\.gradle\7.0.2\dependencies-accessors)" [_thread_blocked, id=10224, stack(0x000000581a300000,0x000000581a400000)]
  0x0000021c67784000 JavaThread "Cache worker for Build Output Cleanup Cache (G:\DOWNLOADS\androidstudioprojects\.gradle\buildOutputCleanup)" [_thread_blocked, id=4648, stack(0x000000581a600000,0x000000581a700000)]
  0x0000021c67788800 JavaThread "Build operations" [_thread_blocked, id=7808, stack(0x000000581a200000,0x000000581a300000)]
  0x0000021c6589b800 JavaThread "Build operations Thread 2" [_thread_blocked, id=9064, stack(0x000000581a700000,0x000000581a800000)]
  0x0000021c6589a000 JavaThread "Build operations Thread 3" [_thread_blocked, id=8884, stack(0x000000581a800000,0x000000581a900000)]
  0x0000021c63790800 JavaThread "Build operations Thread 4" [_thread_blocked, id=9432, stack(0x000000581a900000,0x000000581aa00000)]
  0x0000021c63795800 JavaThread "Memory manager" [_thread_blocked, id=5872, stack(0x000000581ab00000,0x000000581ac00000)]
  0x0000021c69489000 JavaThread "C2 CompilerThread1" daemon [_thread_in_native, id=4356, stack(0x000000581aa00000,0x000000581ab00000)]

Other Threads:
=>0x0000021c62a7e800 VMThread "VM Thread" [stack: 0x0000005817e00000,0x0000005817f00000] [id=8436]
  0x0000021c63598800 WatcherThread [stack: 0x0000005818800000,0x0000005818900000] [id=2640]
  0x0000021c48765800 GCTaskThread "GC Thread#0" [stack: 0x0000005817900000,0x0000005817a00000] [id=4100]
  0x0000021c63f52800 GCTaskThread "GC Thread#1" [stack: 0x0000005818a00000,0x0000005818b00000] [id=10268]
  0x0000021c6406f800 GCTaskThread "GC Thread#2" [stack: 0x0000005818e00000,0x0000005818f00000] [id=9744]
  0x0000021c65c2d000 GCTaskThread "GC Thread#3" [stack: 0x0000005818f00000,0x0000005819000000] [id=3480]
  0x0000021c48797800 ConcurrentGCThread "G1 Main Marker" [stack: 0x0000005817a00000,0x0000005817b00000] [id=4584]
  0x0000021c48798800 ConcurrentGCThread "G1 Conc#0" [stack: 0x0000005817b00000,0x0000005817c00000] [id=10536]
  0x0000021c487fe800 ConcurrentGCThread "G1 Refine#0" [stack: 0x0000005817c00000,0x0000005817d00000] [id=9288]
  0x0000021c48801800 ConcurrentGCThread "G1 Young RemSet Sampling" [stack: 0x0000005817d00000,0x0000005817e00000] [id=9256]

Threads with active compile tasks:
C2 CompilerThread0 112248 11385   !   4       org.gradle.internal.instantiation.generator.DependencyInjectingInstantiator::doCreate (64 bytes)
C2 CompilerThread1 112248 11302   !   4       org.gradle.api.internal.attributes.DefaultImmutableAttributesFactory::doConcatIsolatable (128 bytes)

VM state:at safepoint (normal execution)

VM Mutex/Monitor currently owned by a thread:  ([mutex/lock_event])
[0x0000021c4874abe0] Threads_lock - owner thread: 0x0000021c62a7e800
[0x0000021c48749950] Heap_lock - owner thread: 0x0000021c6589a000

Heap address: 0x0000000080000000, size: 2048 MB, Compressed Oops mode: 32-bit
Narrow klass base: 0x0000000000000000, Narrow klass shift: 3
Compressed class space size: 1073741824 Address: 0x0000000100000000

Heap:
 garbage-first heap   total 183296K, used 107004K [0x0000000080000000, 0x0000000100000000)
  region size 1024K, 4 young (4096K), 4 survivors (4096K)
 Metaspace       used 95297K, capacity 97840K, committed 97920K, reserved 1134592K
  class space    used 12253K, capacity 13146K, committed 13184K, reserved 1048576K
Heap Regions: E=young(eden), S=young(survivor), O=old, HS=humongous(starts), HC=humongous(continues), CS=collection set, F=free, A=archive, TAMS=top-at-mark-start (previous, next)
|   0|0x0000000080000000, 0x0000000080100000, 0x0000000080100000|100%|HS|  |TAMS 0x0000000080100000, 0x0000000080000000| Complete 
|   1|0x0000000080100000, 0x0000000080200000, 0x0000000080200000|100%|HC|  |TAMS 0x0000000080200000, 0x0000000080100000| Complete 
|   2|0x0000000080200000, 0x0000000080300000, 0x0000000080300000|100%|HC|  |TAMS 0x0000000080300000, 0x0000000080200000| Complete 
|   3|0x0000000080300000, 0x0000000080400000, 0x0000000080400000|100%| O|  |TAMS 0x0000000080400000, 0x0000000080300000| Untracked 
|   4|0x0000000080400000, 0x0000000080500000, 0x0000000080500000|100%| O|  |TAMS 0x0000000080500000, 0x0000000080400000| Untracked 
|   5|0x0000000080500000, 0x0000000080600000, 0x0000000080600000|100%| O|  |TAMS 0x0000000080600000, 0x0000000080500000| Untracked 
|   6|0x0000000080600000, 0x0000000080700000, 0x0000000080700000|100%| O|  |TAMS 0x0000000080700000, 0x0000000080600000| Untracked 
|   7|0x0000000080700000, 0x0000000080800000, 0x0000000080800000|100%| O|  |TAMS 0x0000000080800000, 0x0000000080700000| Untracked 
|   8|0x0000000080800000, 0x0000000080900000, 0x0000000080900000|100%| O|  |TAMS 0x0000000080900000, 0x0000000080800000| Untracked 
|   9|0x0000000080900000, 0x0000000080a00000, 0x0000000080a00000|100%| O|  |TAMS 0x0000000080a00000, 0x0000000080900000| Untracked 
|  10|0x0000000080a00000, 0x0000000080b00000, 0x0000000080b00000|100%| O|  |TAMS 0x0000000080b00000, 0x0000000080a00000| Untracked 
|  11|0x0000000080b00000, 0x0000000080c00000, 0x0000000080c00000|100%| O|  |TAMS 0x0000000080c00000, 0x0000000080b00000| Untracked 
|  12|0x0000000080c00000, 0x0000000080d00000, 0x0000000080d00000|100%| O|  |TAMS 0x0000000080d00000, 0x0000000080c00000| Untracked 
|  13|0x0000000080d00000, 0x0000000080e00000, 0x0000000080e00000|100%| O|  |TAMS 0x0000000080e00000, 0x0000000080d00000| Untracked 
|  14|0x0000000080e00000, 0x0000000080f00000, 0x0000000080f00000|100%| O|  |TAMS 0x0000000080f00000, 0x0000000080e00000| Untracked 
|  15|0x0000000080f00000, 0x0000000081000000, 0x0000000081000000|100%| O|  |TAMS 0x0000000081000000, 0x0000000080f00000| Untracked 
|  16|0x0000000081000000, 0x0000000081100000, 0x0000000081100000|100%|HS|  |TAMS 0x0000000081100000, 0x0000000081000000| Complete 
|  17|0x0000000081100000, 0x0000000081200000, 0x0000000081200000|100%|HC|  |TAMS 0x0000000081200000, 0x0000000081100000| Complete 
|  18|0x0000000081200000, 0x0000000081300000, 0x0000000081300000|100%|HS|  |TAMS 0x0000000081300000, 0x0000000081200000| Complete 
|  19|0x0000000081300000, 0x0000000081400000, 0x0000000081400000|100%|HC|  |TAMS 0x0000000081400000, 0x0000000081300000| Complete 
|  20|0x0000000081400000, 0x0000000081500000, 0x0000000081500000|100%|HC|  |TAMS 0x0000000081500000, 0x0000000081400000| Complete 
|  21|0x0000000081500000, 0x0000000081600000, 0x0000000081600000|100%|HS|  |TAMS 0x0000000081600000, 0x0000000081500000| Complete 
|  22|0x0000000081600000, 0x0000000081700000, 0x0000000081700000|100%|HC|  |TAMS 0x0000000081700000, 0x0000000081600000| Complete 
|  23|0x0000000081700000, 0x0000000081800000, 0x0000000081800000|100%|HC|  |TAMS 0x0000000081800000, 0x0000000081700000| Complete 
|  24|0x0000000081800000, 0x0000000081900000, 0x0000000081900000|100%|HC|  |TAMS 0x0000000081900000, 0x0000000081800000| Complete 
|  25|0x0000000081900000, 0x0000000081a00000, 0x0000000081a00000|100%|HC|  |TAMS 0x0000000081a00000, 0x0000000081900000| Complete 
|  26|0x0000000081a00000, 0x0000000081b00000, 0x0000000081b00000|100%|HS|  |TAMS 0x0000000081b00000, 0x0000000081a00000| Complete 
|  27|0x0000000081b00000, 0x0000000081c00000, 0x0000000081c00000|100%|HC|  |TAMS 0x0000000081c00000, 0x0000000081b00000| Complete 
|  28|0x0000000081c00000, 0x0000000081d00000, 0x0000000081d00000|100%|HC|  |TAMS 0x0000000081d00000, 0x0000000081c00000| Complete 
|  29|0x0000000081d00000, 0x0000000081e00000, 0x0000000081e00000|100%| O|  |TAMS 0x0000000081e00000, 0x0000000081d00000| Untracked 
|  30|0x0000000081e00000, 0x0000000081f00000, 0x0000000081f00000|100%| O|  |TAMS 0x0000000081f00000, 0x0000000081e00000| Untracked 
|  31|0x0000000081f00000, 0x0000000082000000, 0x0000000082000000|100%| O|  |TAMS 0x0000000082000000, 0x0000000081f00000| Untracked 
|  32|0x0000000082000000, 0x0000000082100000, 0x0000000082100000|100%| O|  |TAMS 0x0000000082100000, 0x0000000082000000| Untracked 
|  33|0x0000000082100000, 0x0000000082200000, 0x0000000082200000|100%| O|  |TAMS 0x0000000082200000, 0x0000000082100000| Untracked 
|  34|0x0000000082200000, 0x0000000082300000, 0x0000000082300000|100%| O|  |TAMS 0x0000000082300000, 0x0000000082200000| Untracked 
|  35|0x0000000082300000, 0x0000000082400000, 0x0000000082400000|100%| O|  |TAMS 0x0000000082400000, 0x0000000082300000| Untracked 
|  36|0x0000000082400000, 0x0000000082500000, 0x0000000082500000|100%| O|  |TAMS 0x0000000082500000, 0x0000000082400000| Untracked 
|  37|0x0000000082500000, 0x0000000082600000, 0x0000000082600000|100%|HS|  |TAMS 0x0000000082600000, 0x0000000082500000| Complete 
|  38|0x0000000082600000, 0x0000000082700000, 0x0000000082700000|100%|HC|  |TAMS 0x0000000082700000, 0x0000000082600000| Complete 
|  39|0x0000000082700000, 0x0000000082800000, 0x0000000082800000|100%|HC|  |TAMS 0x0000000082800000, 0x0000000082700000| Complete 
|  40|0x0000000082800000, 0x0000000082900000, 0x0000000082900000|100%|HC|  |TAMS 0x0000000082900000, 0x0000000082800000| Complete 
|  41|0x0000000082900000, 0x0000000082a00000, 0x0000000082a00000|100%|HC|  |TAMS 0x0000000082a00000, 0x0000000082900000| Complete 
|  42|0x0000000082a00000, 0x0000000082b00000, 0x0000000082b00000|100%| O|  |TAMS 0x0000000082b00000, 0x0000000082a00000| Untracked 
|  43|0x0000000082b00000, 0x0000000082c00000, 0x0000000082c00000|100%| O|  |TAMS 0x0000000082c00000, 0x0000000082b00000| Untracked 
|  44|0x0000000082c00000, 0x0000000082d00000, 0x0000000082d00000|100%| O|  |TAMS 0x0000000082d00000, 0x0000000082c00000| Untracked 
|  45|0x0000000082d00000, 0x0000000082e00000, 0x0000000082e00000|100%| O|  |TAMS 0x0000000082e00000, 0x0000000082d00000| Untracked 
|  46|0x0000000082e00000, 0x0000000082f00000, 0x0000000082f00000|100%| O|  |TAMS 0x0000000082f00000, 0x0000000082e00000| Untracked 
|  47|0x0000000082f00000, 0x0000000083000000, 0x0000000083000000|100%| O|  |TAMS 0x0000000083000000, 0x0000000082f00000| Untracked 
|  48|0x0000000083000000, 0x0000000083100000, 0x0000000083100000|100%| O|  |TAMS 0x0000000083100000, 0x0000000083000000| Untracked 
|  49|0x0000000083100000, 0x0000000083200000, 0x0000000083200000|100%| O|  |TAMS 0x0000000083200000, 0x0000000083100000| Untracked 
|  50|0x0000000083200000, 0x0000000083300000, 0x0000000083300000|100%| O|  |TAMS 0x0000000083300000, 0x0000000083200000| Untracked 
|  51|0x0000000083300000, 0x0000000083400000, 0x0000000083400000|100%| O|  |TAMS 0x0000000083400000, 0x0000000083300000| Untracked 
|  52|0x0000000083400000, 0x0000000083500000, 0x0000000083500000|100%|HS|  |TAMS 0x0000000083500000, 0x0000000083400000| Complete 
|  53|0x0000000083500000, 0x0000000083600000, 0x0000000083600000|100%|HS|  |TAMS 0x0000000083600000, 0x0000000083500000| Complete 
|  54|0x0000000083600000, 0x0000000083700000, 0x0000000083700000|100%|HS|  |TAMS 0x0000000083700000, 0x0000000083600000| Complete 
|  55|0x0000000083700000, 0x0000000083800000, 0x0000000083800000|100%|HS|  |TAMS 0x0000000083800000, 0x0000000083700000| Complete 
|  56|0x0000000083800000, 0x0000000083900000, 0x0000000083900000|100%|HC|  |TAMS 0x0000000083900000, 0x0000000083800000| Complete 
|  57|0x0000000083900000, 0x0000000083a00000, 0x0000000083a00000|100%|HC|  |TAMS 0x0000000083a00000, 0x0000000083900000| Complete 
|  58|0x0000000083a00000, 0x0000000083b00000, 0x0000000083b00000|100%|HS|  |TAMS 0x0000000083b00000, 0x0000000083a00000| Complete 
|  59|0x0000000083b00000, 0x0000000083c00000, 0x0000000083c00000|100%|HC|  |TAMS 0x0000000083c00000, 0x0000000083b00000| Complete 
|  60|0x0000000083c00000, 0x0000000083d00000, 0x0000000083d00000|100%| O|  |TAMS 0x0000000083d00000, 0x0000000083c00000| Untracked 
|  61|0x0000000083d00000, 0x0000000083e00000, 0x0000000083e00000|100%| O|  |TAMS 0x0000000083e00000, 0x0000000083d00000| Untracked 
|  62|0x0000000083e00000, 0x0000000083f00000, 0x0000000083f00000|100%| O|  |TAMS 0x0000000083f00000, 0x0000000083e00000| Untracked 
|  63|0x0000000083f00000, 0x0000000084000000, 0x0000000084000000|100%| O|  |TAMS 0x0000000084000000, 0x0000000083f00000| Untracked 
|  64|0x0000000084000000, 0x0000000084100000, 0x0000000084100000|100%| O|  |TAMS 0x0000000084100000, 0x0000000084000000| Untracked 
|  65|0x0000000084100000, 0x0000000084200000, 0x0000000084200000|100%| O|  |TAMS 0x0000000084200000, 0x0000000084100000| Untracked 
|  66|0x0000000084200000, 0x0000000084300000, 0x0000000084300000|100%| O|  |TAMS 0x0000000084300000, 0x0000000084200000| Untracked 
|  67|0x0000000084300000, 0x0000000084400000, 0x0000000084400000|100%| O|  |TAMS 0x0000000084400000, 0x0000000084300000| Untracked 
|  68|0x0000000084400000, 0x0000000084500000, 0x0000000084500000|100%| O|  |TAMS 0x0000000084500000, 0x0000000084400000| Untracked 
|  69|0x0000000084500000, 0x0000000084600000, 0x0000000084600000|100%| O|  |TAMS 0x0000000084600000, 0x0000000084500000| Untracked 
|  70|0x0000000084600000, 0x0000000084700000, 0x0000000084700000|100%| O|  |TAMS 0x0000000084700000, 0x0000000084600000| Untracked 
|  71|0x0000000084700000, 0x0000000084800000, 0x0000000084800000|100%| O|  |TAMS 0x0000000084800000, 0x0000000084700000| Untracked 
|  72|0x0000000084800000, 0x0000000084900000, 0x0000000084900000|100%| O|  |TAMS 0x0000000084900000, 0x0000000084800000| Untracked 
|  73|0x0000000084900000, 0x0000000084a00000, 0x0000000084a00000|100%| O|  |TAMS 0x0000000084a00000, 0x0000000084900000| Untracked 
|  74|0x0000000084a00000, 0x0000000084b00000, 0x0000000084b00000|100%| O|  |TAMS 0x0000000084b00000, 0x0000000084a00000| Untracked 
|  75|0x0000000084b00000, 0x0000000084c00000, 0x0000000084c00000|100%| O|  |TAMS 0x0000000084c00000, 0x0000000084b00000| Untracked 
|  76|0x0000000084c00000, 0x0000000084d00000, 0x0000000084d00000|100%| O|  |TAMS 0x0000000084d00000, 0x0000000084c00000| Untracked 
|  77|0x0000000084d00000, 0x0000000084e00000, 0x0000000084e00000|100%| O|  |TAMS 0x0000000084e00000, 0x0000000084d00000| Untracked 
|  78|0x0000000084e00000, 0x0000000084f00000, 0x0000000084f00000|100%| O|  |TAMS 0x0000000084f00000, 0x0000000084e00000| Untracked 
|  79|0x0000000084f00000, 0x0000000085000000, 0x0000000085000000|100%| O|  |TAMS 0x0000000085000000, 0x0000000084f00000| Untracked 
|  80|0x0000000085000000, 0x0000000085100000, 0x0000000085100000|100%| O|  |TAMS 0x0000000085100000, 0x0000000085000000| Untracked 
|  81|0x0000000085100000, 0x0000000085200000, 0x0000000085200000|100%| O|  |TAMS 0x0000000085200000, 0x0000000085100000| Untracked 
|  82|0x0000000085200000, 0x0000000085300000, 0x0000000085300000|100%| O|  |TAMS 0x0000000085300000, 0x0000000085200000| Untracked 
|  83|0x0000000085300000, 0x0000000085400000, 0x0000000085400000|100%| O|  |TAMS 0x0000000085400000, 0x0000000085300000| Untracked 
|  84|0x0000000085400000, 0x0000000085500000, 0x0000000085500000|100%| O|  |TAMS 0x0000000085500000, 0x0000000085400000| Untracked 
|  85|0x0000000085500000, 0x0000000085600000, 0x0000000085600000|100%| O|  |TAMS 0x0000000085600000, 0x0000000085500000| Untracked 
|  86|0x0000000085600000, 0x0000000085700000, 0x0000000085700000|100%| O|  |TAMS 0x0000000085700000, 0x0000000085600000| Untracked 
|  87|0x0000000085700000, 0x0000000085800000, 0x0000000085800000|100%| O|  |TAMS 0x0000000085800000, 0x0000000085700000| Untracked 
|  88|0x0000000085800000, 0x0000000085900000, 0x0000000085900000|100%| O|  |TAMS 0x0000000085900000, 0x0000000085800000| Untracked 
|  89|0x0000000085900000, 0x0000000085a00000, 0x0000000085a00000|100%| O|  |TAMS 0x0000000085a00000, 0x0000000085900000| Untracked 
|  90|0x0000000085a00000, 0x0000000085b00000, 0x0000000085b00000|100%| O|  |TAMS 0x0000000085b00000, 0x0000000085a00000| Untracked 
|  91|0x0000000085b00000, 0x0000000085c00000, 0x0000000085c00000|100%| O|  |TAMS 0x0000000085c00000, 0x0000000085b00000| Untracked 
|  92|0x0000000085c00000, 0x0000000085d00000, 0x0000000085d00000|100%| O|  |TAMS 0x0000000085d00000, 0x0000000085c00000| Untracked 
|  93|0x0000000085d00000, 0x0000000085e00000, 0x0000000085e00000|100%| O|  |TAMS 0x0000000085e00000, 0x0000000085d00000| Untracked 
|  94|0x0000000085e00000, 0x0000000085f00000, 0x0000000085f00000|100%| O|  |TAMS 0x0000000085f00000, 0x0000000085e00000| Untracked 
|  95|0x0000000085f00000, 0x0000000086000000, 0x0000000086000000|100%| O|  |TAMS 0x0000000086000000, 0x0000000085f00000| Untracked 
|  96|0x0000000086000000, 0x0000000086100000, 0x0000000086100000|100%| O|  |TAMS 0x0000000086100000, 0x0000000086000000| Untracked 
|  97|0x0000000086100000, 0x0000000086200000, 0x0000000086200000|100%| O|  |TAMS 0x0000000086200000, 0x0000000086100000| Untracked 
|  98|0x0000000086200000, 0x0000000086300000, 0x0000000086300000|100%| O|  |TAMS 0x0000000086300000, 0x0000000086200000| Untracked 
|  99|0x0000000086300000, 0x0000000086400000, 0x0000000086400000|100%| O|  |TAMS 0x0000000086400000, 0x0000000086300000| Untracked 
| 100|0x0000000086400000, 0x0000000086500000, 0x0000000086500000|100%| O|  |TAMS 0x0000000086500000, 0x0000000086400000| Untracked 
| 101|0x0000000086500000, 0x000000008654cc00, 0x0000000086600000| 29%| O|  |TAMS 0x000000008654cc00, 0x0000000086500000| Untracked 
| 102|0x0000000086600000, 0x0000000086600000, 0x0000000086700000|  0%| F|  |TAMS 0x0000000086600000, 0x0000000086600000| Untracked 
| 103|0x0000000086700000, 0x0000000086700000, 0x0000000086800000|  0%| F|  |TAMS 0x0000000086700000, 0x0000000086700000| Untracked 
| 104|0x0000000086800000, 0x0000000086800000, 0x0000000086900000|  0%| F|  |TAMS 0x0000000086800000, 0x0000000086800000| Untracked 
| 105|0x0000000086900000, 0x0000000086900000, 0x0000000086a00000|  0%| F|  |TAMS 0x0000000086900000, 0x0000000086900000| Untracked 
| 106|0x0000000086a00000, 0x0000000086a00000, 0x0000000086b00000|  0%| F|  |TAMS 0x0000000086a00000, 0x0000000086a00000| Untracked 
| 107|0x0000000086b00000, 0x0000000086b00000, 0x0000000086c00000|  0%| F|  |TAMS 0x0000000086b00000, 0x0000000086b00000| Untracked 
| 108|0x0000000086c00000, 0x0000000086c00000, 0x0000000086d00000|  0%| F|  |TAMS 0x0000000086c00000, 0x0000000086c00000| Untracked 
| 109|0x0000000086d00000, 0x0000000086d00000, 0x0000000086e00000|  0%| F|  |TAMS 0x0000000086d00000, 0x0000000086d00000| Untracked 
| 110|0x0000000086e00000, 0x0000000086e00000, 0x0000000086f00000|  0%| F|  |TAMS 0x0000000086e00000, 0x0000000086e00000| Untracked 
| 111|0x0000000086f00000, 0x0000000086f00000, 0x0000000087000000|  0%| F|  |TAMS 0x0000000086f00000, 0x0000000086f00000| Untracked 
| 112|0x0000000087000000, 0x0000000087000000, 0x0000000087100000|  0%| F|  |TAMS 0x0000000087000000, 0x0000000087000000| Untracked 
| 113|0x0000000087100000, 0x0000000087100000, 0x0000000087200000|  0%| F|  |TAMS 0x0000000087100000, 0x0000000087100000| Untracked 
| 114|0x0000000087200000, 0x0000000087200000, 0x0000000087300000|  0%| F|  |TAMS 0x0000000087200000, 0x0000000087200000| Untracked 
| 115|0x0000000087300000, 0x0000000087300000, 0x0000000087400000|  0%| F|  |TAMS 0x0000000087300000, 0x0000000087300000| Untracked 
| 116|0x0000000087400000, 0x0000000087400000, 0x0000000087500000|  0%| F|  |TAMS 0x0000000087400000, 0x0000000087400000| Untracked 
| 117|0x0000000087500000, 0x0000000087500000, 0x0000000087600000|  0%| F|  |TAMS 0x0000000087500000, 0x0000000087500000| Untracked 
| 118|0x0000000087600000, 0x0000000087600000, 0x0000000087700000|  0%| F|  |TAMS 0x0000000087600000, 0x0000000087600000| Untracked 
| 119|0x0000000087700000, 0x0000000087700000, 0x0000000087800000|  0%| F|  |TAMS 0x0000000087700000, 0x0000000087700000| Untracked 
| 120|0x0000000087800000, 0x00000000878327f0, 0x0000000087900000| 19%| S|CS|TAMS 0x0000000087800000, 0x0000000087800000| Complete 
| 121|0x0000000087900000, 0x0000000087a00000, 0x0000000087a00000|100%| S|CS|TAMS 0x0000000087900000, 0x0000000087900000| Complete 
| 122|0x0000000087a00000, 0x0000000087b00000, 0x0000000087b00000|100%| S|CS|TAMS 0x0000000087a00000, 0x0000000087a00000| Complete 
| 123|0x0000000087b00000, 0x0000000087c00000, 0x0000000087c00000|100%| S|CS|TAMS 0x0000000087b00000, 0x0000000087b00000| Complete 
| 124|0x0000000087c00000, 0x0000000087c00000, 0x0000000087d00000|  0%| F|  |TAMS 0x0000000087c00000, 0x0000000087c00000| Untracked 
| 125|0x0000000087d00000, 0x0000000087d00000, 0x0000000087e00000|  0%| F|  |TAMS 0x0000000087d00000, 0x0000000087d00000| Untracked 
| 126|0x0000000087e00000, 0x0000000087e00000, 0x0000000087f00000|  0%| F|  |TAMS 0x0000000087e00000, 0x0000000087e00000| Untracked 
| 127|0x0000000087f00000, 0x0000000087f00000, 0x0000000088000000|  0%| F|  |TAMS 0x0000000087f00000, 0x0000000087f00000| Untracked 
| 128|0x0000000088000000, 0x0000000088000000, 0x0000000088100000|  0%| F|  |TAMS 0x0000000088000000, 0x0000000088000000| Untracked 
| 129|0x0000000088100000, 0x0000000088100000, 0x0000000088200000|  0%| F|  |TAMS 0x0000000088100000, 0x0000000088100000| Untracked 
| 130|0x0000000088200000, 0x0000000088200000, 0x0000000088300000|  0%| F|  |TAMS 0x0000000088200000, 0x0000000088200000| Untracked 
| 131|0x0000000088300000, 0x0000000088300000, 0x0000000088400000|  0%| F|  |TAMS 0x0000000088300000, 0x0000000088300000| Untracked 
| 132|0x0000000088400000, 0x0000000088400000, 0x0000000088500000|  0%| F|  |TAMS 0x0000000088400000, 0x0000000088400000| Untracked 
| 133|0x0000000088500000, 0x0000000088500000, 0x0000000088600000|  0%| F|  |TAMS 0x0000000088500000, 0x0000000088500000| Untracked 
| 134|0x0000000088600000, 0x0000000088600000, 0x0000000088700000|  0%| F|  |TAMS 0x0000000088600000, 0x0000000088600000| Untracked 
| 135|0x0000000088700000, 0x0000000088700000, 0x0000000088800000|  0%| F|  |TAMS 0x0000000088700000, 0x0000000088700000| Untracked 
| 136|0x0000000088800000, 0x0000000088800000, 0x0000000088900000|  0%| F|  |TAMS 0x0000000088800000, 0x0000000088800000| Untracked 
| 137|0x0000000088900000, 0x0000000088900000, 0x0000000088a00000|  0%| F|  |TAMS 0x0000000088900000, 0x0000000088900000| Untracked 
| 138|0x0000000088a00000, 0x0000000088a00000, 0x0000000088b00000|  0%| F|  |TAMS 0x0000000088a00000, 0x0000000088a00000| Untracked 
| 139|0x0000000088b00000, 0x0000000088b00000, 0x0000000088c00000|  0%| F|  |TAMS 0x0000000088b00000, 0x0000000088b00000| Untracked 
| 140|0x0000000088c00000, 0x0000000088c00000, 0x0000000088d00000|  0%| F|  |TAMS 0x0000000088c00000, 0x0000000088c00000| Untracked 
| 141|0x0000000088d00000, 0x0000000088d00000, 0x0000000088e00000|  0%| F|  |TAMS 0x0000000088d00000, 0x0000000088d00000| Untracked 
| 142|0x0000000088e00000, 0x0000000088e00000, 0x0000000088f00000|  0%| F|  |TAMS 0x0000000088e00000, 0x0000000088e00000| Untracked 
| 143|0x0000000088f00000, 0x0000000088f00000, 0x0000000089000000|  0%| F|  |TAMS 0x0000000088f00000, 0x0000000088f00000| Untracked 
| 144|0x0000000089000000, 0x0000000089000000, 0x0000000089100000|  0%| F|  |TAMS 0x0000000089000000, 0x0000000089000000| Untracked 
| 145|0x0000000089100000, 0x0000000089100000, 0x0000000089200000|  0%| F|  |TAMS 0x0000000089100000, 0x0000000089100000| Untracked 
| 146|0x0000000089200000, 0x0000000089200000, 0x0000000089300000|  0%| F|  |TAMS 0x0000000089200000, 0x0000000089200000| Untracked 
| 147|0x0000000089300000, 0x0000000089300000, 0x0000000089400000|  0%| F|  |TAMS 0x0000000089300000, 0x0000000089300000| Untracked 
| 148|0x0000000089400000, 0x0000000089400000, 0x0000000089500000|  0%| F|  |TAMS 0x0000000089400000, 0x0000000089400000| Untracked 

Card table byte_map: [0x0000021c5bc60000,0x0000021c5c060000] _byte_map_base: 0x0000021c5b860000

Marking Bits (Prev, Next): (CMBitMap*) 0x0000021c4878ed08, (CMBitMap*) 0x0000021c4878ed40
 Prev Bits: [0x0000021c5c460000, 0x0000021c5e460000)
 Next Bits: [0x0000021c5e460000, 0x0000021c60460000)

Polling page: 0x0000021c46e00000

Metaspace:

Usage:
  Non-class:     82.71 MB capacity,    81.10 MB ( 98%) used,     1.35 MB (  2%) free+waste,   271.19 KB ( <1%) overhead. 
      Class:     12.84 MB capacity,    11.97 MB ( 93%) used,   769.07 KB (  6%) free+waste,   123.38 KB ( <1%) overhead. 
       Both:     95.55 MB capacity,    93.06 MB ( 97%) used,     2.10 MB (  2%) free+waste,   394.56 KB ( <1%) overhead. 

Virtual space:
  Non-class space:       84.00 MB reserved,      82.75 MB ( 99%) committed 
      Class space:        1.00 GB reserved,      12.88 MB (  1%) committed 
             Both:        1.08 GB reserved,      95.63 MB (  9%) committed 

Chunk freelists:
   Non-Class:  42.00 KB
       Class:  6.00 KB
        Both:  48.00 KB

MaxMetaspaceSize: 17179869184.00 GB
CompressedClassSpaceSize: 1.00 GB

CodeHeap 'non-profiled nmethods': size=120064Kb used=6887Kb max_used=6887Kb free=113176Kb
 bounds [0x0000021c53d00000, 0x0000021c543c0000, 0x0000021c5b240000]
CodeHeap 'profiled nmethods': size=120000Kb used=25655Kb max_used=25655Kb free=94344Kb
 bounds [0x0000021c4c7d0000, 0x0000021c4e0e0000, 0x0000021c53d00000]
CodeHeap 'non-nmethods': size=5696Kb used=2285Kb max_used=2345Kb free=3410Kb
 bounds [0x0000021c4c240000, 0x0000021c4c4b0000, 0x0000021c4c7d0000]
 total_blobs=12266 nmethods=11364 adapters=814
 compilation: enabled
              stopped_count=0, restarted_count=0
 full_count=0

Compilation events (20 events):
Event: 112.179 Thread 0x0000021c62abf800 11509   !   3       sun.nio.ch.ChannelInputStream::read (95 bytes)
Event: 112.180 Thread 0x0000021c62abf800 nmethod 11509 0x0000021c4e0d5010 code [0x0000021c4e0d5260, 0x0000021c4e0d5cc8]
Event: 112.182 Thread 0x0000021c62abf800 11510       3       org.gradle.api.internal.artifacts.transform.CacheableInvocation$1::invoke (17 bytes)
Event: 112.183 Thread 0x0000021c62abf800 nmethod 11510 0x0000021c4e0d6090 code [0x0000021c4e0d6260, 0x0000021c4e0d64f8]
Event: 112.183 Thread 0x0000021c62abf800 11511       3       org.gradle.api.internal.artifacts.transform.DefaultTransformerInvocationFactory$1$$Lambda$941/0x0000000100c9dc40::get (12 bytes)
Event: 112.183 Thread 0x0000021c62abf800 nmethod 11511 0x0000021c4e0d6610 code [0x0000021c4e0d6840, 0x0000021c4e0d7078]
Event: 112.183 Thread 0x0000021c62abf800 11512       3       org.gradle.api.internal.artifacts.transform.DefaultTransformerInvocationFactory$1::lambda$processDeferredOutput$0 (14 bytes)
Event: 112.184 Thread 0x0000021c62abf800 nmethod 11512 0x0000021c4e0d7390 code [0x0000021c4e0d75c0, 0x0000021c4e0d7d98]
Event: 112.184 Thread 0x0000021c62abf800 11513       3       com.google.common.collect.ImmutableList::of (16 bytes)
Event: 112.185 Thread 0x0000021c62abf800 nmethod 11513 0x0000021c4e0d8010 code [0x0000021c4e0d8260, 0x0000021c4e0d8c48]
Event: 112.186 Thread 0x0000021c62abf800 11514       3       org.gradle.internal.snapshot.ChildMapFactory::childMap (43 bytes)
Event: 112.188 Thread 0x0000021c62abf800 nmethod 11514 0x0000021c4e0d8f90 code [0x0000021c4e0d92c0, 0x0000021c4e0da848]
Event: 112.188 Thread 0x0000021c62abf800 11515       3       org.gradle.api.internal.artifacts.transform.DefaultTransformerInvocationFactory$1$$Lambda$926/0x0000000100c99c40::get (20 bytes)
Event: 112.189 Thread 0x0000021c62abf800 nmethod 11515 0x0000021c4e0dae90 code [0x0000021c4e0db0c0, 0x0000021c4e0db868]
Event: 112.189 Thread 0x0000021c62abf800 11516       3       org.gradle.api.internal.artifacts.transform.DefaultTransformerInvocationFactory$1::lambda$processDeferredOutput$1 (20 bytes)
Event: 112.189 Thread 0x0000021c62abf800 nmethod 11516 0x0000021c4e0dbb10 code [0x0000021c4e0dbd20, 0x0000021c4e0dc448]
Event: 112.197 Thread 0x0000021c62abf800 11517   !   3       com.sun.proxy.$Proxy49::beforeTransformerInvocation (38 bytes)
Event: 112.197 Thread 0x0000021c62abf800 nmethod 11517 0x0000021c4e0dc710 code [0x0000021c4e0dc900, 0x0000021c4e0dcf58]
Event: 112.201 Thread 0x0000021c62abf800 11518   !   3       com.sun.proxy.$Proxy49::afterTransformerInvocation (38 bytes)
Event: 112.201 Thread 0x0000021c62abf800 nmethod 11518 0x0000021c4e0dd210 code [0x0000021c4e0dd400, 0x0000021c4e0dda58]

GC Heap History (20 events):
Event: 103.569 GC heap after
{Heap after GC invocations=22 (full 0):
 garbage-first heap   total 152576K, used 86785K [0x0000000080000000, 0x0000000100000000)
  region size 1024K, 5 young (5120K), 5 survivors (5120K)
 Metaspace       used 72512K, capacity 74428K, committed 74624K, reserved 1114112K
  class space    used 9194K, capacity 9838K, committed 9856K, reserved 1048576K
}
Event: 104.219 GC heap before
{Heap before GC invocations=22 (full 0):
 garbage-first heap   total 152576K, used 123649K [0x0000000080000000, 0x0000000100000000)
  region size 1024K, 41 young (41984K), 5 survivors (5120K)
 Metaspace       used 74528K, capacity 76514K, committed 76800K, reserved 1116160K
  class space    used 9465K, capacity 10168K, committed 10240K, reserved 1048576K
}
Event: 104.239 GC heap after
{Heap after GC invocations=23 (full 0):
 garbage-first heap   total 152576K, used 90272K [0x0000000080000000, 0x0000000100000000)
  region size 1024K, 6 young (6144K), 6 survivors (6144K)
 Metaspace       used 74528K, capacity 76514K, committed 76800K, reserved 1116160K
  class space    used 9465K, capacity 10168K, committed 10240K, reserved 1048576K
}
Event: 105.276 GC heap before
{Heap before GC invocations=24 (full 0):
 garbage-first heap   total 152576K, used 126112K [0x0000000080000000, 0x0000000100000000)
  region size 1024K, 41 young (41984K), 6 survivors (6144K)
 Metaspace       used 78543K, capacity 80691K, committed 80768K, reserved 1120256K
  class space    used 10127K, capacity 10851K, committed 10880K, reserved 1048576K
}
Event: 105.292 GC heap after
{Heap after GC invocations=25 (full 0):
 garbage-first heap   total 152576K, used 92552K [0x0000000080000000, 0x0000000100000000)
  region size 1024K, 3 young (3072K), 3 survivors (3072K)
 Metaspace       used 78543K, capacity 80691K, committed 80768K, reserved 1120256K
  class space    used 10127K, capacity 10851K, committed 10880K, reserved 1048576K
}
Event: 106.224 GC heap before
{Heap before GC invocations=25 (full 0):
 garbage-first heap   total 152576K, used 127368K [0x0000000080000000, 0x0000000100000000)
  region size 1024K, 37 young (37888K), 3 survivors (3072K)
 Metaspace       used 81066K, capacity 83211K, committed 83456K, reserved 1122304K
  class space    used 10496K, capacity 11219K, committed 11264K, reserved 1048576K
}
Event: 106.236 GC heap after
{Heap after GC invocations=26 (full 0):
 garbage-first heap   total 152576K, used 93794K [0x0000000080000000, 0x0000000100000000)
  region size 1024K, 4 young (4096K), 4 survivors (4096K)
 Metaspace       used 81066K, capacity 83211K, committed 83456K, reserved 1122304K
  class space    used 10496K, capacity 11219K, committed 11264K, reserved 1048576K
}
Event: 107.173 GC heap before
{Heap before GC invocations=27 (full 0):
 garbage-first heap   total 152576K, used 128610K [0x0000000080000000, 0x0000000100000000)
  region size 1024K, 38 young (38912K), 4 survivors (4096K)
 Metaspace       used 82942K, capacity 85214K, committed 85248K, reserved 1122304K
  class space    used 10742K, capacity 11499K, committed 11520K, reserved 1048576K
}
Event: 107.185 GC heap after
{Heap after GC invocations=28 (full 0):
 garbage-first heap   total 152576K, used 96357K [0x0000000080000000, 0x0000000100000000)
  region size 1024K, 4 young (4096K), 4 survivors (4096K)
 Metaspace       used 82942K, capacity 85214K, committed 85248K, reserved 1122304K
  class space    used 10742K, capacity 11499K, committed 11520K, reserved 1048576K
}
Event: 107.769 GC heap before
{Heap before GC invocations=28 (full 0):
 garbage-first heap   total 152576K, used 122981K [0x0000000080000000, 0x0000000100000000)
  region size 1024K, 32 young (32768K), 4 survivors (4096K)
 Metaspace       used 84990K, capacity 87354K, committed 87680K, reserved 1124352K
  class space    used 11004K, capacity 11785K, committed 11904K, reserved 1048576K
}
Event: 107.780 GC heap after
{Heap after GC invocations=29 (full 0):
 garbage-first heap   total 152576K, used 99154K [0x0000000080000000, 0x0000000100000000)
  region size 1024K, 5 young (5120K), 5 survivors (5120K)
 Metaspace       used 84990K, capacity 87354K, committed 87680K, reserved 1124352K
  class space    used 11004K, capacity 11785K, committed 11904K, reserved 1048576K
}
Event: 108.706 GC heap before
{Heap before GC invocations=30 (full 0):
 garbage-first heap   total 152576K, used 129874K [0x0000000080000000, 0x0000000100000000)
  region size 1024K, 34 young (34816K), 5 survivors (5120K)
 Metaspace       used 88891K, capacity 91228K, committed 91392K, reserved 1128448K
  class space    used 11484K, capacity 12256K, committed 12288K, reserved 1048576K
}
Event: 108.718 GC heap after
{Heap after GC invocations=31 (full 0):
 garbage-first heap   total 152576K, used 99781K [0x0000000080000000, 0x0000000100000000)
  region size 1024K, 4 young (4096K), 4 survivors (4096K)
 Metaspace       used 88891K, capacity 91228K, committed 91392K, reserved 1128448K
  class space    used 11484K, capacity 12256K, committed 12288K, reserved 1048576K
}
Event: 109.578 GC heap before
{Heap before GC invocations=31 (full 0):
 garbage-first heap   total 152576K, used 129477K [0x0000000080000000, 0x0000000100000000)
  region size 1024K, 33 young (33792K), 4 survivors (4096K)
 Metaspace       used 92746K, capacity 95149K, committed 95232K, reserved 1132544K
  class space    used 11942K, capacity 12746K, committed 12800K, reserved 1048576K
}
Event: 109.592 GC heap after
{Heap after GC invocations=32 (full 0):
 garbage-first heap   total 152576K, used 101761K [0x0000000080000000, 0x0000000100000000)
  region size 1024K, 4 young (4096K), 4 survivors (4096K)
 Metaspace       used 92746K, capacity 95149K, committed 95232K, reserved 1132544K
  class space    used 11942K, capacity 12746K, committed 12800K, reserved 1048576K
}
Event: 110.598 GC heap before
{Heap before GC invocations=33 (full 0):
 garbage-first heap   total 152576K, used 128385K [0x0000000080000000, 0x0000000100000000)
  region size 1024K, 31 young (31744K), 4 survivors (4096K)
 Metaspace       used 94464K, capacity 97055K, committed 97152K, reserved 1132544K
  class space    used 12201K, capacity 13099K, committed 13184K, reserved 1048576K
}
Event: 110.611 GC heap after
{Heap after GC invocations=34 (full 0):
 garbage-first heap   total 152576K, used 103910K [0x0000000080000000, 0x0000000100000000)
  region size 1024K, 4 young (4096K), 4 survivors (4096K)
 Metaspace       used 94464K, capacity 97055K, committed 97152K, reserved 1132544K
  class space    used 12201K, capacity 13099K, committed 13184K, reserved 1048576K
}
Event: 111.213 GC heap before
{Heap before GC invocations=34 (full 0):
 garbage-first heap   total 152576K, used 130534K [0x0000000080000000, 0x0000000100000000)
  region size 1024K, 31 young (31744K), 4 survivors (4096K)
 Metaspace       used 94664K, capacity 97208K, committed 97408K, reserved 1134592K
  class space    used 12203K, capacity 13101K, committed 13184K, reserved 1048576K
}
Event: 111.226 GC heap after
{Heap after GC invocations=35 (full 0):
 garbage-first heap   total 152576K, used 105454K [0x0000000080000000, 0x0000000100000000)
  region size 1024K, 2 young (2048K), 2 survivors (2048K)
 Metaspace       used 94664K, capacity 97208K, committed 97408K, reserved 1134592K
  class space    used 12203K, capacity 13101K, committed 13184K, reserved 1048576K
}
Event: 112.206 GC heap before
{Heap before GC invocations=36 (full 0):
 garbage-first heap   total 152576K, used 130030K [0x0000000080000000, 0x0000000100000000)
  region size 1024K, 27 young (27648K), 2 survivors (2048K)
 Metaspace       used 95297K, capacity 97840K, committed 97920K, reserved 1134592K
  class space    used 12253K, capacity 13146K, committed 13184K, reserved 1048576K
}

Deoptimization events (20 events):
Event: 112.080 Thread 0x0000021c6433a000 DEOPT PACKING pc=0x0000021c543312b0 sp=0x00000058193f89f0
Event: 112.080 Thread 0x0000021c6433a000 DEOPT UNPACKING pc=0x0000021c4c266a29 sp=0x00000058193f8930 mode 2
Event: 112.080 Thread 0x0000021c6433a000 Uncommon trap: trap_request=0xffffffde fr.pc=0x0000021c543312b0 relative=0x0000000000000450
Event: 112.080 Thread 0x0000021c6433a000 Uncommon trap: reason=class_check action=maybe_recompile pc=0x0000021c543312b0 method=org.gradle.api.internal.artifacts.ivyservice.dependencysubstitution.DefaultDependencySubstitutions$ModuleMatchDependencySubstitutionAction.execute(Lorg/gradle/api/artifa
Event: 112.080 Thread 0x0000021c6433a000 DEOPT PACKING pc=0x0000021c543312b0 sp=0x00000058193f89f0
Event: 112.080 Thread 0x0000021c6433a000 DEOPT UNPACKING pc=0x0000021c4c266a29 sp=0x00000058193f8930 mode 2
Event: 112.080 Thread 0x0000021c6433a000 Uncommon trap: trap_request=0xffffffde fr.pc=0x0000021c543312b0 relative=0x0000000000000450
Event: 112.080 Thread 0x0000021c6433a000 Uncommon trap: reason=class_check action=maybe_recompile pc=0x0000021c543312b0 method=org.gradle.api.internal.artifacts.ivyservice.dependencysubstitution.DefaultDependencySubstitutions$ModuleMatchDependencySubstitutionAction.execute(Lorg/gradle/api/artifa
Event: 112.080 Thread 0x0000021c6433a000 DEOPT PACKING pc=0x0000021c543312b0 sp=0x00000058193f89f0
Event: 112.080 Thread 0x0000021c6433a000 DEOPT UNPACKING pc=0x0000021c4c266a29 sp=0x00000058193f8930 mode 2
Event: 112.081 Thread 0x0000021c6433a000 Uncommon trap: trap_request=0xffffffde fr.pc=0x0000021c543312b0 relative=0x0000000000000450
Event: 112.081 Thread 0x0000021c6433a000 Uncommon trap: reason=class_check action=maybe_recompile pc=0x0000021c543312b0 method=org.gradle.api.internal.artifacts.ivyservice.dependencysubstitution.DefaultDependencySubstitutions$ModuleMatchDependencySubstitutionAction.execute(Lorg/gradle/api/artifa
Event: 112.081 Thread 0x0000021c6433a000 DEOPT PACKING pc=0x0000021c543312b0 sp=0x00000058193f89f0
Event: 112.081 Thread 0x0000021c6433a000 DEOPT UNPACKING pc=0x0000021c4c266a29 sp=0x00000058193f8930 mode 2
Event: 112.094 Thread 0x0000021c6433a000 DEOPT PACKING pc=0x0000021c4dfc3976 sp=0x00000058193f8340
Event: 112.094 Thread 0x0000021c6433a000 DEOPT UNPACKING pc=0x0000021c4c26683f sp=0x00000058193f7860 mode 0
Event: 112.137 Thread 0x0000021c6433a000 Uncommon trap: trap_request=0xffffffc6 fr.pc=0x0000021c540960c8 relative=0x00000000000002e8
Event: 112.137 Thread 0x0000021c6433a000 Uncommon trap: reason=bimorphic_or_optimized_type_check action=maybe_recompile pc=0x0000021c540960c8 method=com.google.common.collect.ImmutableList.copyOf(Ljava/util/Collection;)Lcom/google/common/collect/ImmutableList; @ 11 c2
Event: 112.137 Thread 0x0000021c6433a000 DEOPT PACKING pc=0x0000021c540960c8 sp=0x00000058193f9520
Event: 112.137 Thread 0x0000021c6433a000 DEOPT UNPACKING pc=0x0000021c4c266a29 sp=0x00000058193f94e8 mode 2

Classes redefined (0 events):
No events

Internal exceptions (20 events):
Event: 107.282 Thread 0x0000021c6433a000 Exception <a 'java/lang/ClassNotFoundException'{0x0000000088f87e18}: org/gradle/api/tasks/testing/AbstractTestTaskCustomizer> (0x0000000088f87e18) thrown at [./src/hotspot/share/classfile/systemDictionary.cpp, line 231]
Event: 107.284 Thread 0x0000021c6433a000 Exception <a 'java/lang/ClassNotFoundException'{0x0000000088fc3c50}: org/gradle/api/tasks/testing/TestCustomizer> (0x0000000088fc3c50) thrown at [./src/hotspot/share/classfile/systemDictionary.cpp, line 231]
Event: 107.298 Thread 0x0000021c6433a000 Exception <a 'java/lang/ClassNotFoundException'{0x0000000088e7ea00}: com/android/build/gradle/tasks/factory/AndroidUnitTestCustomizer> (0x0000000088e7ea00) thrown at [./src/hotspot/share/classfile/systemDictionary.cpp, line 231]
Event: 107.300 Thread 0x0000021c6433a000 Exception <a 'java/lang/ClassNotFoundException'{0x0000000088eb4798}: com/android/build/gradle/tasks/factory/AndroidUnitTest_DecoratedCustomizer> (0x0000000088eb4798) thrown at [./src/hotspot/share/classfile/systemDictionary.cpp, line 231]
Event: 107.560 Thread 0x0000021c6433a000 Exception <a 'java/lang/ClassNotFoundException'{0x0000000088128d78}: org/gradle/api/internal/tasks/DefaultSourceSetContainer_DecoratedBeanInfo> (0x0000000088128d78) thrown at [./src/hotspot/share/classfile/systemDictionary.cpp, line 231]
Event: 107.562 Thread 0x0000021c6433a000 Exception <a 'java/lang/ClassNotFoundException'{0x000000008814a0b8}: org/gradle/api/internal/tasks/DefaultSourceSetContainerBeanInfo> (0x000000008814a0b8) thrown at [./src/hotspot/share/classfile/systemDictionary.cpp, line 231]
Event: 107.563 Thread 0x0000021c6433a000 Exception <a 'java/lang/ClassNotFoundException'{0x000000008816b450}: org/gradle/api/internal/tasks/DefaultSourceSetContainerCustomizer> (0x000000008816b450) thrown at [./src/hotspot/share/classfile/systemDictionary.cpp, line 231]
Event: 107.565 Thread 0x0000021c6433a000 Exception <a 'java/lang/ClassNotFoundException'{0x000000008819b780}: org/gradle/api/internal/tasks/DefaultSourceSetContainer_DecoratedCustomizer> (0x000000008819b780) thrown at [./src/hotspot/share/classfile/systemDictionary.cpp, line 231]
Event: 107.925 Thread 0x0000021c6433a000 Exception <a 'sun/nio/fs/WindowsException'{0x00000000890fd2a8}> (0x00000000890fd2a8) thrown at [./src/hotspot/share/prims/jni.cpp, line 615]
Event: 107.926 Thread 0x0000021c6433a000 Exception <a 'sun/nio/fs/WindowsException'{0x00000000890fd8a8}> (0x00000000890fd8a8) thrown at [./src/hotspot/share/prims/jni.cpp, line 615]
Event: 108.210 Thread 0x0000021c6433a000 Exception <a 'java/lang/NullPointerException'{0x0000000088611c78}> (0x0000000088611c78) thrown at [./src/hotspot/share/interpreter/linkResolver.cpp, line 1440]
Event: 108.702 Thread 0x0000021c6433a000 Exception <a 'java/lang/NoSuchMethodError'{0x00000000873e9188}: 'int java.lang.invoke.DirectMethodHandle$Holder.invokeStatic(java.lang.Object, java.lang.Object, int, java.lang.Object)'> (0x00000000873e9188) thrown at [./src/hotspot/share/interpreter/linkResolver.cpp, line 773]
Event: 108.816 Thread 0x0000021c6433a000 Exception <a 'sun/nio/fs/WindowsException'{0x000000008931bdc0}> (0x000000008931bdc0) thrown at [./src/hotspot/share/prims/jni.cpp, line 615]
Event: 108.817 Thread 0x0000021c6433a000 Exception <a 'sun/nio/fs/WindowsException'{0x000000008931d168}> (0x000000008931d168) thrown at [./src/hotspot/share/prims/jni.cpp, line 615]
Event: 108.817 Thread 0x0000021c6433a000 Exception <a 'sun/nio/fs/WindowsException'{0x000000008931e560}> (0x000000008931e560) thrown at [./src/hotspot/share/prims/jni.cpp, line 615]
Event: 108.817 Thread 0x0000021c6433a000 Exception <a 'sun/nio/fs/WindowsException'{0x000000008931f958}> (0x000000008931f958) thrown at [./src/hotspot/share/prims/jni.cpp, line 615]
Event: 109.316 Thread 0x0000021c6433a000 Exception <a 'java/lang/reflect/InvocationTargetException'{0x00000000884f33c0}> (0x00000000884f33c0) thrown at [./src/hotspot/share/runtime/reflection.cpp, line 1247]
Event: 109.453 Thread 0x0000021c6433a000 Implicit null exception at 0x0000021c5430241d to 0x0000021c54303940
Event: 110.428 Thread 0x0000021c6589a000 Exception <a 'java/lang/NoSuchMethodError'{0x00000000881a5918}: 'java.lang.Object java.lang.invoke.DirectMethodHandle$Holder.invokeSpecialIFC(java.lang.Object, java.lang.Object, java.lang.Object)'> (0x00000000881a5918) thrown at [./src/hotspot/share/interpreter/linkResolver.cpp, line 773]
Event: 110.505 Thread 0x0000021c63790800 Exception <a 'java/lang/NoSuchMethodError'{0x0000000087d7f328}: 'int java.lang.invoke.DirectMethodHandle$Holder.invokeStaticInit(java.lang.Object, java.lang.Object, java.lang.Object, java.lang.Object, java.lang.Object)'> (0x0000000087d7f328) thrown at [./src/hotspot/share/interpreter/linkResolver.cpp, line 773]

Events (20 events):
Event: 112.089 loading class org/gradle/internal/component/model/DefaultSelectedByVariantMatchingLocalConfigurationMetadata done
Event: 112.090 Executing VM operation: Deoptimize
Event: 112.092 Executing VM operation: Deoptimize done
Event: 112.126 loading class org/gradle/internal/component/model/VariantWithOverloadAttributes
Event: 112.126 loading class org/gradle/internal/component/model/VariantWithOverloadAttributes done
Event: 112.127 loading class org/gradle/internal/component/model/VariantResolveMetadata
Event: 112.127 loading class org/gradle/internal/component/model/VariantResolveMetadata done
Event: 112.127 loading class org/gradle/internal/component/model/VariantResolveMetadata$Identifier
Event: 112.127 loading class org/gradle/internal/component/model/VariantResolveMetadata$Identifier done
Event: 112.127 loading class org/gradle/api/internal/artifacts/ivyservice/projectmodule/ProjectArtifactSetResolver
Event: 112.127 loading class org/gradle/api/internal/artifacts/ivyservice/projectmodule/ProjectArtifactSetResolver done
Event: 112.128 loading class org/gradle/api/internal/artifacts/ivyservice/projectmodule/ProjectArtifactResolver$ResolvingCalculator
Event: 112.128 loading class org/gradle/api/internal/artifacts/ivyservice/projectmodule/ProjectArtifactResolver$ResolvingCalculator done
Event: 112.129 loading class org/gradle/api/internal/artifacts/ivyservice/resolveengine/artifact/DefaultArtifactSet$MultipleVariantArtifactSet
Event: 112.129 loading class org/gradle/api/internal/artifacts/ivyservice/resolveengine/artifact/DefaultArtifactSet$MultipleVariantArtifactSet done
Event: 112.170 Executing VM operation: RevokeBias
Event: 112.170 Executing VM operation: RevokeBias done
Event: 112.182 Executing VM operation: RevokeBias
Event: 112.182 Executing VM operation: RevokeBias done
Event: 112.206 Executing VM operation: G1CollectForAllocation


Dynamic libraries:
0x00007ff65b7c0000 - 0x00007ff65b7ca000 	C:\Program Files\Android\Android Studio\jre\bin\java.exe
0x00007ffeff090000 - 0x00007ffeff285000 	C:\Windows\SYSTEM32\ntdll.dll
0x00007ffefe8d0000 - 0x00007ffefe98e000 	C:\Windows\System32\KERNEL32.DLL
0x00007ffefce10000 - 0x00007ffefd0d9000 	C:\Windows\System32\KERNELBASE.dll
0x00007ffefc7b0000 - 0x00007ffefc8b0000 	C:\Windows\System32\ucrtbase.dll
0x00007ffeee2d0000 - 0x00007ffeee2e9000 	C:\Program Files\Android\Android Studio\jre\bin\jli.dll
0x00007ffedfa50000 - 0x00007ffedfa67000 	C:\Program Files\Android\Android Studio\jre\bin\VCRUNTIME140.dll
0x00007ffefee10000 - 0x00007ffefefb1000 	C:\Windows\System32\USER32.dll
0x00007ffefccd0000 - 0x00007ffefccf2000 	C:\Windows\System32\win32u.dll
0x00007ffef12b0000 - 0x00007ffef154a000 	C:\Windows\WinSxS\amd64_microsoft.windows.common-controls_6595b64144ccf1df_6.0.19041.1110_none_60b5254171f9507e\COMCTL32.dll
0x00007ffefd610000 - 0x00007ffefd63b000 	C:\Windows\System32\GDI32.dll
0x00007ffefe7d0000 - 0x00007ffefe86e000 	C:\Windows\System32\msvcrt.dll
0x00007ffefcd00000 - 0x00007ffefce0b000 	C:\Windows\System32\gdi32full.dll
0x00007ffefc960000 - 0x00007ffefc9fd000 	C:\Windows\System32\msvcp_win.dll
0x00007ffefdae0000 - 0x00007ffefdb10000 	C:\Windows\System32\IMM32.DLL
0x00007ffec82e0000 - 0x00007ffec837d000 	C:\Program Files\Android\Android Studio\jre\bin\msvcp140.dll
0x00007ffebae10000 - 0x00007ffebb8df000 	C:\Program Files\Android\Android Studio\jre\bin\server\jvm.dll
0x00007ffefd0e0000 - 0x00007ffefd18c000 	C:\Windows\System32\ADVAPI32.dll
0x00007ffefed70000 - 0x00007ffefee0b000 	C:\Windows\System32\sechost.dll
0x00007ffefd9b0000 - 0x00007ffefdada000 	C:\Windows\System32\RPCRT4.dll
0x00007ffefd930000 - 0x00007ffefd938000 	C:\Windows\System32\PSAPI.DLL
0x00007ffef83b0000 - 0x00007ffef83b9000 	C:\Windows\SYSTEM32\WSOCK32.dll
0x00007ffedf9f0000 - 0x00007ffedfa17000 	C:\Windows\SYSTEM32\WINMM.dll
0x00007ffefeb60000 - 0x00007ffefebcb000 	C:\Windows\System32\WS2_32.dll
0x00007ffef1bb0000 - 0x00007ffef1bba000 	C:\Windows\SYSTEM32\VERSION.dll
0x00007ffefa6d0000 - 0x00007ffefa6e2000 	C:\Windows\SYSTEM32\kernel.appcore.dll
0x00007ffef3cd0000 - 0x00007ffef3ce1000 	C:\Program Files\Android\Android Studio\jre\bin\verify.dll
0x00007ffed8200000 - 0x00007ffed83e4000 	C:\Windows\SYSTEM32\DBGHELP.DLL
0x00007ffeda140000 - 0x00007ffeda16c000 	C:\Windows\SYSTEM32\dbgcore.DLL
0x00007ffefca80000 - 0x00007ffefcb03000 	C:\Windows\System32\bcryptPrimitives.dll
0x00007ffef3ca0000 - 0x00007ffef3cc9000 	C:\Program Files\Android\Android Studio\jre\bin\java.dll
0x00007ffef8360000 - 0x00007ffef836b000 	C:\Program Files\Android\Android Studio\jre\bin\jimage.dll
0x00007ffef3140000 - 0x00007ffef3158000 	C:\Program Files\Android\Android Studio\jre\bin\zip.dll
0x00007ffefe090000 - 0x00007ffefe7cf000 	C:\Windows\System32\SHELL32.dll
0x00007ffefa8d0000 - 0x00007ffefb060000 	C:\Windows\SYSTEM32\windows.storage.dll
0x00007ffefdc00000 - 0x00007ffefdf55000 	C:\Windows\System32\combase.dll
0x00007ffefc130000 - 0x00007ffefc15c000 	C:\Windows\SYSTEM32\Wldp.dll
0x00007ffefd7f0000 - 0x00007ffefd89d000 	C:\Windows\System32\SHCORE.dll
0x00007ffefecb0000 - 0x00007ffefed05000 	C:\Windows\System32\shlwapi.dll
0x00007ffefc6f0000 - 0x00007ffefc70f000 	C:\Windows\SYSTEM32\profapi.dll
0x00007ffef3070000 - 0x00007ffef308a000 	C:\Program Files\Android\Android Studio\jre\bin\net.dll
0x00007ffef4490000 - 0x00007ffef4598000 	C:\Windows\SYSTEM32\WINHTTP.dll
0x00007ffefbe90000 - 0x00007ffefbefa000 	C:\Windows\system32\mswsock.dll
0x00007ffef2dc0000 - 0x00007ffef2dd4000 	C:\Program Files\Android\Android Studio\jre\bin\nio.dll
0x00007ffed97b0000 - 0x00007ffed97d7000 	C:\Users\MARIA TERESA\.gradle\native\8bec1ad78214c89d9ad589b4d07fe93259594b29d510b10fafb7a158f7737e5d\windows-amd64\native-platform.dll
0x00007ffec6ca0000 - 0x00007ffec6ddd000 	C:\Users\MARIA TERESA\.gradle\native\53dbd7edfb1c66fb8903c78663c9afc45aea4f116125fa6feffd364cf09443e8\windows-amd64\native-platform-file-events.dll
0x00007ffef6f10000 - 0x00007ffef6f1a000 	C:\Program Files\Android\Android Studio\jre\bin\management.dll
0x00007ffef5c50000 - 0x00007ffef5c5c000 	C:\Program Files\Android\Android Studio\jre\bin\management_ext.dll
0x00007ffefc080000 - 0x00007ffefc098000 	C:\Windows\SYSTEM32\CRYPTSP.dll
0x00007ffefb810000 - 0x00007ffefb844000 	C:\Windows\system32\rsaenh.dll
0x00007ffefca00000 - 0x00007ffefca27000 	C:\Windows\System32\bcrypt.dll
0x00007ffefc6b0000 - 0x00007ffefc6de000 	C:\Windows\SYSTEM32\USERENV.dll
0x00007ffefc0a0000 - 0x00007ffefc0ac000 	C:\Windows\SYSTEM32\CRYPTBASE.dll
0x00007ffefbb80000 - 0x00007ffefbbbb000 	C:\Windows\SYSTEM32\IPHLPAPI.DLL
0x00007ffefd9a0000 - 0x00007ffefd9a8000 	C:\Windows\System32\NSI.dll
0x00007ffef6c00000 - 0x00007ffef6c17000 	C:\Windows\SYSTEM32\dhcpcsvc6.DLL
0x00007ffef6bc0000 - 0x00007ffef6bdd000 	C:\Windows\SYSTEM32\dhcpcsvc.DLL
0x00007ffefbbc0000 - 0x00007ffefbc8c000 	C:\Windows\SYSTEM32\DNSAPI.dll

dbghelp: loaded successfully - version: 4.0.5 - missing functions: none
symbol engine: initialized successfully - sym options: 0x614 - pdb path: .;C:\Program Files\Android\Android Studio\jre\bin;C:\Windows\SYSTEM32;C:\Windows\WinSxS\amd64_microsoft.windows.common-controls_6595b64144ccf1df_6.0.19041.1110_none_60b5254171f9507e;C:\Program Files\Android\Android Studio\jre\bin\server;C:\Users\MARIA TERESA\.gradle\native\8bec1ad78214c89d9ad589b4d07fe93259594b29d510b10fafb7a158f7737e5d\windows-amd64;C:\Users\MARIA TERESA\.gradle\native\53dbd7edfb1c66fb8903c78663c9afc45aea4f116125fa6feffd364cf09443e8\windows-amd64

VM Arguments:
jvm_args: --add-opens=java.base/java.util=ALL-UNNAMED --add-opens=java.base/java.lang=ALL-UNNAMED --add-opens=java.base/java.lang.invoke=ALL-UNNAMED --add-opens=java.base/java.util=ALL-UNNAMED --add-opens=java.prefs/java.util.prefs=ALL-UNNAMED --add-opens=java.prefs/java.util.prefs=ALL-UNNAMED --add-opens=java.base/java.nio.charset=ALL-UNNAMED --add-opens=java.base/java.net=ALL-UNNAMED --add-opens=java.base/java.util.concurrent.atomic=ALL-UNNAMED -Xmx2048m -Dfile.encoding=UTF-8 -Duser.country=CO -Duser.language=es -Duser.variant 
java_command: org.gradle.launcher.daemon.bootstrap.GradleDaemon 7.0.2
java_class_path (initial): C:\Users\MARIA TERESA\.gradle\wrapper\dists\gradle-7.0.2-bin\857tjihv64xamwrf0h14cai3r\gradle-7.0.2\lib\gradle-launcher-7.0.2.jar
Launcher Type: SUN_STANDARD

[Global flags]
     intx CICompilerCount                          = 3                                         {product} {ergonomic}
     uint ConcGCThreads                            = 1                                         {product} {ergonomic}
     uint G1ConcRefinementThreads                  = 4                                         {product} {ergonomic}
   size_t G1HeapRegionSize                         = 1048576                                   {product} {ergonomic}
    uintx GCDrainStackTargetSize                   = 64                                        {product} {ergonomic}
   size_t InitialHeapSize                          = 96468992                                  {product} {ergonomic}
   size_t MarkStackSize                            = 4194304                                   {product} {ergonomic}
   size_t MaxHeapSize                              = 2147483648                                {product} {command line}
   size_t MaxNewSize                               = 1287651328                                {product} {ergonomic}
   size_t MinHeapDeltaBytes                        = 1048576                                   {product} {ergonomic}
    uintx NonNMethodCodeHeapSize                   = 5830732                                {pd product} {ergonomic}
    uintx NonProfiledCodeHeapSize                  = 122913754                              {pd product} {ergonomic}
    uintx ProfiledCodeHeapSize                     = 122913754                              {pd product} {ergonomic}
    uintx ReservedCodeCacheSize                    = 251658240                              {pd product} {ergonomic}
     bool SegmentedCodeCache                       = true                                      {product} {ergonomic}
     bool UseCompressedClassPointers               = true                                 {lp64_product} {ergonomic}
     bool UseCompressedOops                        = true                                 {lp64_product} {ergonomic}
     bool UseG1GC                                  = true                                      {product} {ergonomic}
     bool UseLargePagesIndividualAllocation        = false                                  {pd product} {ergonomic}

Logging:
Log output configuration:
 #0: stdout all=warning uptime,level,tags
 #1: stderr all=off uptime,level,tags

Environment Variables:
PATH=C:\Program Files\Common Files\Oracle\Java\javapath;C:\Program Files\Microsoft MPI\Bin\;C:\Windows\system32;C:\Windows;C:\Windows\System32\Wbem;C:\Windows\System32\WindowsPowerShell\v1.0\;C:\Windows\System32\OpenSSH\;C:\Program Files\Azure Data Studio\bin;C:\Program Files (x86)\Microsoft SQL Server\150\Tools\Binn\;C:\Program Files\Microsoft SQL Server\150\Tools\Binn\;C:\Program Files (x86)\Microsoft SQL Server\150\DTS\Binn\;C:\Program Files\Microsoft SQL Server\150\DTS\Binn\;C:\Program Files\Microsoft SQL Server\Client SDK\ODBC\170\Tools\Binn\;C:\Program Files\dotnet\;C:\Program Files\Git\cmd;C:\Users\MARIA TERESA\AppData\Local\Microsoft\WindowsApps;;C:\Users\MARIA TERESA\AppData\Local\Programs\Microsoft VS Code\bin;C:\Program Files\Azure Data Studio\bin;C:\Users\MARIA TERESA\.dotnet\tools
USERNAME=MARIA TERESA
OS=Windows_NT
PROCESSOR_IDENTIFIER=Intel64 Family 6 Model 37 Stepping 2, GenuineIntel



---------------  S Y S T E M  ---------------

OS: Windows 10 , 64 bit Build 19041 (10.0.19041.1202)
OS uptime: 13 days 14:13 hours

CPU:total 4 (initial active 4) (2 cores per cpu, 2 threads per core) family 6 model 37 stepping 2 microcode 0x11, cmov, cx8, fxsr, mmx, sse, sse2, sse3, ssse3, sse4.1, sse4.2, popcnt, ht, tsc, tscinvbit

Memory: 4k page, system-wide physical 5879M (449M free)
TotalPageFile size 5879M (AvailPageFile size 28M)
current process WorkingSet (physical memory assigned to process): 409M, peak: 411M
current process commit charge ("private bytes"): 441M, peak: 469M

vm_info: OpenJDK 64-Bit Server VM (11.0.10+0-b96-7249189) for windows-amd64 JRE (11.0.10+0-b96-7249189), built on Mar 31 2021 21:44:00 by "builder" with MS VC++ 14.0 (VS2015)

END.
