#
# There is insufficient memory for the Java Runtime Environment to continue.
# Native memory allocation (malloc) failed to allocate 696816 bytes for Chunk::new
# Possible reasons:
#   The system is out of physical RAM or swap space
#   The process is running with CompressedOops enabled, and the Java Heap may be blocking the growth of the native heap
# Possible solutions:
#   Reduce memory load on the system
#   Increase physical memory or swap space
#   Check if swap backing store is full
#   Decrease Java heap size (-Xmx/-Xms)
#   Decrease number of Java threads
#   Decrease Java thread stack sizes (-Xss)
#   Set larger code cache with -XX:ReservedCodeCacheSize=
#   JVM is running with Unscaled Compressed Oops mode in which the Java heap is
#     placed in the first 4GB address space. The Java Heap base address is the
#     maximum limit for the native heap growth. Please use -XX:HeapBaseMinAddress
#     to set the Java Heap base and to place the Java Heap above 4GB virtual address.
# This output file may be truncated or incomplete.
#
#  Out of Memory Error (./src/hotspot/share/memory/arena.cpp:197), pid=7128, tid=5372
#
# JRE version: OpenJDK Runtime Environment (11.0.10) (build 11.0.10+0-b96-7249189)
# Java VM: OpenJDK 64-Bit Server VM (11.0.10+0-b96-7249189, mixed mode, tiered, compressed oops, g1 gc, windows-amd64)
# No core dump will be written. Minidumps are not enabled by default on client versions of Windows
#

---------------  S U M M A R Y ------------

Command Line: --add-opens=java.base/java.util=ALL-UNNAMED --add-opens=java.base/java.lang=ALL-UNNAMED --add-opens=java.base/java.lang.invoke=ALL-UNNAMED --add-opens=java.base/java.util=ALL-UNNAMED --add-opens=java.prefs/java.util.prefs=ALL-UNNAMED --add-opens=java.prefs/java.util.prefs=ALL-UNNAMED --add-opens=java.base/java.nio.charset=ALL-UNNAMED --add-opens=java.base/java.net=ALL-UNNAMED --add-opens=java.base/java.util.concurrent.atomic=ALL-UNNAMED -Xmx2048m -Dfile.encoding=UTF-8 -Duser.country=CO -Duser.language=es -Duser.variant org.gradle.launcher.daemon.bootstrap.GradleDaemon 7.0.2

Host: Intel(R) Core(TM) i3 CPU         540  @ 3.07GHz, 4 cores, 5G,  Windows 10 , 64 bit Build 19041 (10.0.19041.1202)
Time: Tue Nov  9 16:34:26 2021 Hora est. Pacífico, Sudamérica elapsed time: 9.664045 seconds (0d 0h 0m 9s)

---------------  T H R E A D  ---------------

Current thread (0x000001bf6d7af000):  JavaThread "C2 CompilerThread0" daemon [_thread_in_native, id=5372, stack(0x000000950cb00000,0x000000950cc00000)]


Current CompileTask:
C2:   9664 3135       4       java.lang.String::split (324 bytes)

Stack: [0x000000950cb00000,0x000000950cc00000]
Native frames: (J=compiled Java code, j=interpreted, Vv=VM code, C=native code)
V  [jvm.dll+0x5ecfaa]
V  [jvm.dll+0x722bd5]
V  [jvm.dll+0x72412d]
V  [jvm.dll+0x7247e3]
V  [jvm.dll+0x242928]
V  [jvm.dll+0xbc4fc]
V  [jvm.dll+0xbca0c]
V  [jvm.dll+0x2b4fd4]
V  [jvm.dll+0x506028]
V  [jvm.dll+0x1fcbde]
V  [jvm.dll+0x1fa77f]
V  [jvm.dll+0x18354c]
V  [jvm.dll+0x208ee7]
V  [jvm.dll+0x207731]
V  [jvm.dll+0x6eb1cf]
V  [jvm.dll+0x6e3d45]
V  [jvm.dll+0x5ebe96]
C  [ucrtbase.dll+0x21bb2]
C  [KERNEL32.DLL+0x17034]
C  [ntdll.dll+0x52651]


---------------  P R O C E S S  ---------------

Threads class SMR info:
_java_thread_list=0x000001bf6e281960, length=31, elements={
0x000001bf53bcd800, 0x000001bf6d79e800, 0x000001bf6d7a8000, 0x000001bf6e153800,
0x000001bf6d7a9800, 0x000001bf6d7aa800, 0x000001bf6d7af000, 0x000001bf6d7b2000,
0x000001bf6e17f000, 0x000001bf6e274800, 0x000001bf6e506000, 0x000001bf6f5a0000,
0x000001bf6f497000, 0x000001bf6ec7c800, 0x000001bf6ec7d000, 0x000001bf6f235000,
0x000001bf6eff7800, 0x000001bf6ef09000, 0x000001bf6f3ef000, 0x000001bf706ad800,
0x000001bf706b2000, 0x000001bf706b3000, 0x000001bf706b0000, 0x000001bf706b4000,
0x000001bf706ae000, 0x000001bf706b1800, 0x000001bf706b0800, 0x000001bf706af000,
0x000001bf7267a800, 0x000001bf72678000, 0x000001bf6faea800
}

Java Threads: ( => current thread )
  0x000001bf53bcd800 JavaThread "main" [_thread_blocked, id=2864, stack(0x000000950bf00000,0x000000950c000000)]
  0x000001bf6d79e800 JavaThread "Reference Handler" daemon [_thread_blocked, id=1320, stack(0x000000950c600000,0x000000950c700000)]
  0x000001bf6d7a8000 JavaThread "Finalizer" daemon [_thread_blocked, id=3864, stack(0x000000950c700000,0x000000950c800000)]
  0x000001bf6e153800 JavaThread "Signal Dispatcher" daemon [_thread_blocked, id=704, stack(0x000000950c800000,0x000000950c900000)]
  0x000001bf6d7a9800 JavaThread "Attach Listener" daemon [_thread_blocked, id=8388, stack(0x000000950c900000,0x000000950ca00000)]
  0x000001bf6d7aa800 JavaThread "Service Thread" daemon [_thread_blocked, id=4104, stack(0x000000950ca00000,0x000000950cb00000)]
=>0x000001bf6d7af000 JavaThread "C2 CompilerThread0" daemon [_thread_in_native, id=5372, stack(0x000000950cb00000,0x000000950cc00000)]
  0x000001bf6d7b2000 JavaThread "C1 CompilerThread0" daemon [_thread_blocked, id=6180, stack(0x000000950cc00000,0x000000950cd00000)]
  0x000001bf6e17f000 JavaThread "Sweeper thread" daemon [_thread_blocked, id=1156, stack(0x000000950cd00000,0x000000950ce00000)]
  0x000001bf6e274800 JavaThread "Common-Cleaner" daemon [_thread_blocked, id=4172, stack(0x000000950ce00000,0x000000950cf00000)]
  0x000001bf6e506000 JavaThread "Daemon health stats" [_thread_blocked, id=876, stack(0x000000950d000000,0x000000950d100000)]
  0x000001bf6f5a0000 JavaThread "Incoming local TCP Connector on port 62412" [_thread_in_native, id=1820, stack(0x000000950d200000,0x000000950d300000)]
  0x000001bf6f497000 JavaThread "Daemon periodic checks" [_thread_blocked, id=8540, stack(0x000000950d300000,0x000000950d400000)]
  0x000001bf6ec7c800 JavaThread "Daemon" [_thread_blocked, id=9432, stack(0x000000950d400000,0x000000950d500000)]
  0x000001bf6ec7d000 JavaThread "Handler for socket connection from /127.0.0.1:62412 to /127.0.0.1:62413" [_thread_in_native, id=3512, stack(0x000000950d500000,0x000000950d600000)]
  0x000001bf6f235000 JavaThread "Cancel handler" [_thread_blocked, id=7864, stack(0x000000950d800000,0x000000950d900000)]
  0x000001bf6eff7800 JavaThread "Daemon worker" [_thread_in_vm, id=2180, stack(0x000000950d900000,0x000000950da00000)]
  0x000001bf6ef09000 JavaThread "Asynchronous log dispatcher for DefaultDaemonConnection: socket connection from /127.0.0.1:62412 to /127.0.0.1:62413" [_thread_blocked, id=10144, stack(0x000000950da00000,0x000000950db00000)]
  0x000001bf6f3ef000 JavaThread "Stdin handler" [_thread_blocked, id=2888, stack(0x000000950db00000,0x000000950dc00000)]
  0x000001bf706ad800 JavaThread "Daemon client event forwarder" [_thread_blocked, id=1296, stack(0x000000950dc00000,0x000000950dd00000)]
  0x000001bf706b2000 JavaThread "Cache worker for file hash cache (C:\Users\MARIA TERESA\.gradle\caches\7.0.2\fileHashes)" [_thread_blocked, id=9296, stack(0x000000950dd00000,0x000000950de00000)]
  0x000001bf706b3000 JavaThread "File lock request listener" [_thread_in_native, id=724, stack(0x000000950de00000,0x000000950df00000)]
  0x000001bf706b0000 JavaThread "Cache worker for journal cache (C:\Users\MARIA TERESA\.gradle\caches\journal-1)" [_thread_blocked, id=3536, stack(0x000000950df00000,0x000000950e000000)]
  0x000001bf706b4000 JavaThread "Cache worker for file hash cache (G:\DOWNLOADS\androidstudioprojects\.gradle\7.0.2\fileHashes)" [_thread_blocked, id=3444, stack(0x000000950e100000,0x000000950e200000)]
  0x000001bf706ae000 JavaThread "File watcher server" daemon [_thread_in_native, id=3724, stack(0x000000950e200000,0x000000950e300000)]
  0x000001bf706b1800 JavaThread "File watcher consumer" daemon [_thread_blocked, id=2204, stack(0x000000950e300000,0x000000950e400000)]
  0x000001bf706b0800 JavaThread "Cache worker for checksums cache (G:\DOWNLOADS\androidstudioprojects\.gradle\checksums)" [_thread_blocked, id=4432, stack(0x000000950e000000,0x000000950e100000)]
  0x000001bf706af000 JavaThread "Cache worker for cache directory md-supplier (C:\Users\MARIA TERESA\.gradle\caches\7.0.2\md-supplier)" [_thread_blocked, id=8792, stack(0x000000950e400000,0x000000950e500000)]
  0x000001bf7267a800 JavaThread "Cache worker for cache directory md-rule (C:\Users\MARIA TERESA\.gradle\caches\7.0.2\md-rule)" [_thread_blocked, id=9424, stack(0x000000950e600000,0x000000950e700000)]
  0x000001bf72678000 JavaThread "Cache worker for execution history cache (C:\Users\MARIA TERESA\.gradle\caches\7.0.2\executionHistory)" [_thread_blocked, id=7924, stack(0x000000950e700000,0x000000950e800000)]
  0x000001bf6faea800 JavaThread "C2 CompilerThread1" daemon [_thread_in_native, id=8448, stack(0x000000950e500000,0x000000950e600000)]

Other Threads:
  0x000001bf6d77a800 VMThread "VM Thread" [stack: 0x000000950c500000,0x000000950c600000] [id=3676]
  0x000001bf6e2d6800 WatcherThread [stack: 0x000000950cf00000,0x000000950d000000] [id=6488]
  0x000001bf53be6000 GCTaskThread "GC Thread#0" [stack: 0x000000950c000000,0x000000950c100000] [id=4940]
  0x000001bf6e77e000 GCTaskThread "GC Thread#1" [stack: 0x000000950d100000,0x000000950d200000] [id=9648]
  0x000001bf702a2800 GCTaskThread "GC Thread#2" [stack: 0x000000950d600000,0x000000950d700000] [id=664]
  0x000001bf702a3800 GCTaskThread "GC Thread#3" [stack: 0x000000950d700000,0x000000950d800000] [id=10192]
  0x000001bf53c15800 ConcurrentGCThread "G1 Main Marker" [stack: 0x000000950c100000,0x000000950c200000] [id=2624]
  0x000001bf53c18000 ConcurrentGCThread "G1 Conc#0" [stack: 0x000000950c200000,0x000000950c300000] [id=7980]
  0x000001bf53c7a000 ConcurrentGCThread "G1 Refine#0" [stack: 0x000000950c300000,0x000000950c400000] [id=6308]
  0x000001bf53c7b000 ConcurrentGCThread "G1 Young RemSet Sampling" [stack: 0x000000950c400000,0x000000950c500000] [id=8660]

Threads with active compile tasks:
C2 CompilerThread0   9710 3135       4       java.lang.String::split (324 bytes)
C2 CompilerThread1   9710 3127       4       java.util.regex.Pattern::compile (498 bytes)

VM state:not at safepoint (normal execution)

VM Mutex/Monitor currently owned by a thread: None

Heap address: 0x0000000080000000, size: 2048 MB, Compressed Oops mode: 32-bit
Narrow klass base: 0x0000000000000000, Narrow klass shift: 3
Compressed class space size: 1073741824 Address: 0x0000000100000000

Heap:
 garbage-first heap   total 113664K, used 44971K [0x0000000080000000, 0x0000000100000000)
  region size 1024K, 29 young (29696K), 6 survivors (6144K)
 Metaspace       used 36279K, capacity 37074K, committed 37324K, reserved 1081344K
  class space    used 4674K, capacity 4955K, committed 5068K, reserved 1048576K
Heap Regions: E=young(eden), S=young(survivor), O=old, HS=humongous(starts), HC=humongous(continues), CS=collection set, F=free, A=archive, TAMS=top-at-mark-start (previous, next)
|   0|0x0000000080000000, 0x0000000080100000, 0x0000000080100000|100%|HS|  |TAMS 0x0000000080100000, 0x0000000080000000| Complete 
|   1|0x0000000080100000, 0x0000000080200000, 0x0000000080200000|100%|HC|  |TAMS 0x0000000080200000, 0x0000000080100000| Complete 
|   2|0x0000000080200000, 0x0000000080300000, 0x0000000080300000|100%|HC|  |TAMS 0x0000000080300000, 0x0000000080200000| Complete 
|   3|0x0000000080300000, 0x0000000080400000, 0x0000000080400000|100%| O|  |TAMS 0x0000000080400000, 0x0000000080300000| Untracked 
|   4|0x0000000080400000, 0x0000000080500000, 0x0000000080500000|100%| O|  |TAMS 0x0000000080500000, 0x0000000080400000| Untracked 
|   5|0x0000000080500000, 0x0000000080600000, 0x0000000080600000|100%| O|  |TAMS 0x0000000080600000, 0x0000000080500000| Untracked 
|   6|0x0000000080600000, 0x0000000080700000, 0x0000000080700000|100%| O|  |TAMS 0x0000000080700000, 0x0000000080600000| Untracked 
|   7|0x0000000080700000, 0x0000000080800000, 0x0000000080800000|100%| O|  |TAMS 0x0000000080800000, 0x0000000080700000| Untracked 
|   8|0x0000000080800000, 0x0000000080900000, 0x0000000080900000|100%| O|  |TAMS 0x0000000080900000, 0x0000000080800000| Untracked 
|   9|0x0000000080900000, 0x0000000080a00000, 0x0000000080a00000|100%| O|  |TAMS 0x0000000080a00000, 0x0000000080900000| Untracked 
|  10|0x0000000080a00000, 0x0000000080b00000, 0x0000000080b00000|100%| O|  |TAMS 0x0000000080b00000, 0x0000000080a00000| Untracked 
|  11|0x0000000080b00000, 0x0000000080c00000, 0x0000000080c00000|100%| O|  |TAMS 0x0000000080c00000, 0x0000000080b00000| Untracked 
|  12|0x0000000080c00000, 0x0000000080d00000, 0x0000000080d00000|100%| O|  |TAMS 0x0000000080d00000, 0x0000000080c00000| Untracked 
|  13|0x0000000080d00000, 0x0000000080e00000, 0x0000000080e00000|100%| O|  |TAMS 0x0000000080e00000, 0x0000000080d00000| Untracked 
|  14|0x0000000080e00000, 0x0000000080f00000, 0x0000000080f00000|100%| O|  |TAMS 0x0000000080f00000, 0x0000000080e00000| Untracked 
|  15|0x0000000080f00000, 0x0000000081000000, 0x0000000081000000|100%| O|  |TAMS 0x0000000081000000, 0x0000000080f00000| Untracked 
|  16|0x0000000081000000, 0x0000000081069400, 0x0000000081100000| 41%| O|  |TAMS 0x0000000081069400, 0x0000000081000000| Untracked 
|  17|0x0000000081100000, 0x0000000081100000, 0x0000000081200000|  0%| F|  |TAMS 0x0000000081100000, 0x0000000081100000| Untracked 
|  18|0x0000000081200000, 0x0000000081200000, 0x0000000081300000|  0%| F|  |TAMS 0x0000000081200000, 0x0000000081200000| Untracked 
|  19|0x0000000081300000, 0x0000000081300000, 0x0000000081400000|  0%| F|  |TAMS 0x0000000081300000, 0x0000000081300000| Untracked 
|  20|0x0000000081400000, 0x0000000081400000, 0x0000000081500000|  0%| F|  |TAMS 0x0000000081400000, 0x0000000081400000| Untracked 
|  21|0x0000000081500000, 0x0000000081500000, 0x0000000081600000|  0%| F|  |TAMS 0x0000000081500000, 0x0000000081500000| Untracked 
|  22|0x0000000081600000, 0x0000000081600000, 0x0000000081700000|  0%| F|  |TAMS 0x0000000081600000, 0x0000000081600000| Untracked 
|  23|0x0000000081700000, 0x0000000081700000, 0x0000000081800000|  0%| F|  |TAMS 0x0000000081700000, 0x0000000081700000| Untracked 
|  24|0x0000000081800000, 0x0000000081800000, 0x0000000081900000|  0%| F|  |TAMS 0x0000000081800000, 0x0000000081800000| Untracked 
|  25|0x0000000081900000, 0x0000000081900000, 0x0000000081a00000|  0%| F|  |TAMS 0x0000000081900000, 0x0000000081900000| Untracked 
|  26|0x0000000081a00000, 0x0000000081a00000, 0x0000000081b00000|  0%| F|  |TAMS 0x0000000081a00000, 0x0000000081a00000| Untracked 
|  27|0x0000000081b00000, 0x0000000081b00000, 0x0000000081c00000|  0%| F|  |TAMS 0x0000000081b00000, 0x0000000081b00000| Untracked 
|  28|0x0000000081c00000, 0x0000000081c00000, 0x0000000081d00000|  0%| F|  |TAMS 0x0000000081c00000, 0x0000000081c00000| Untracked 
|  29|0x0000000081d00000, 0x0000000081d00000, 0x0000000081e00000|  0%| F|  |TAMS 0x0000000081d00000, 0x0000000081d00000| Untracked 
|  30|0x0000000081e00000, 0x0000000081e00000, 0x0000000081f00000|  0%| F|  |TAMS 0x0000000081e00000, 0x0000000081e00000| Untracked 
|  31|0x0000000081f00000, 0x0000000081f00000, 0x0000000082000000|  0%| F|  |TAMS 0x0000000081f00000, 0x0000000081f00000| Untracked 
|  32|0x0000000082000000, 0x0000000082000000, 0x0000000082100000|  0%| F|  |TAMS 0x0000000082000000, 0x0000000082000000| Untracked 
|  33|0x0000000082100000, 0x0000000082100000, 0x0000000082200000|  0%| F|  |TAMS 0x0000000082100000, 0x0000000082100000| Untracked 
|  34|0x0000000082200000, 0x0000000082200000, 0x0000000082300000|  0%| F|  |TAMS 0x0000000082200000, 0x0000000082200000| Untracked 
|  35|0x0000000082300000, 0x0000000082300000, 0x0000000082400000|  0%| F|  |TAMS 0x0000000082300000, 0x0000000082300000| Untracked 
|  36|0x0000000082400000, 0x0000000082400000, 0x0000000082500000|  0%| F|  |TAMS 0x0000000082400000, 0x0000000082400000| Untracked 
|  37|0x0000000082500000, 0x0000000082500000, 0x0000000082600000|  0%| F|  |TAMS 0x0000000082500000, 0x0000000082500000| Untracked 
|  38|0x0000000082600000, 0x0000000082600000, 0x0000000082700000|  0%| F|  |TAMS 0x0000000082600000, 0x0000000082600000| Untracked 
|  39|0x0000000082700000, 0x0000000082700000, 0x0000000082800000|  0%| F|  |TAMS 0x0000000082700000, 0x0000000082700000| Untracked 
|  40|0x0000000082800000, 0x0000000082800000, 0x0000000082900000|  0%| F|  |TAMS 0x0000000082800000, 0x0000000082800000| Untracked 
|  41|0x0000000082900000, 0x0000000082900000, 0x0000000082a00000|  0%| F|  |TAMS 0x0000000082900000, 0x0000000082900000| Untracked 
|  42|0x0000000082a00000, 0x0000000082a00000, 0x0000000082b00000|  0%| F|  |TAMS 0x0000000082a00000, 0x0000000082a00000| Untracked 
|  43|0x0000000082b00000, 0x0000000082b00000, 0x0000000082c00000|  0%| F|  |TAMS 0x0000000082b00000, 0x0000000082b00000| Untracked 
|  44|0x0000000082c00000, 0x0000000082c00000, 0x0000000082d00000|  0%| F|  |TAMS 0x0000000082c00000, 0x0000000082c00000| Untracked 
|  45|0x0000000082d00000, 0x0000000082d00000, 0x0000000082e00000|  0%| F|  |TAMS 0x0000000082d00000, 0x0000000082d00000| Untracked 
|  46|0x0000000082e00000, 0x0000000082e00000, 0x0000000082f00000|  0%| F|  |TAMS 0x0000000082e00000, 0x0000000082e00000| Untracked 
|  47|0x0000000082f00000, 0x0000000082f00000, 0x0000000083000000|  0%| F|  |TAMS 0x0000000082f00000, 0x0000000082f00000| Untracked 
|  48|0x0000000083000000, 0x0000000083000000, 0x0000000083100000|  0%| F|  |TAMS 0x0000000083000000, 0x0000000083000000| Untracked 
|  49|0x0000000083100000, 0x0000000083100000, 0x0000000083200000|  0%| F|  |TAMS 0x0000000083100000, 0x0000000083100000| Untracked 
|  50|0x0000000083200000, 0x0000000083200000, 0x0000000083300000|  0%| F|  |TAMS 0x0000000083200000, 0x0000000083200000| Untracked 
|  51|0x0000000083300000, 0x0000000083300000, 0x0000000083400000|  0%| F|  |TAMS 0x0000000083300000, 0x0000000083300000| Untracked 
|  52|0x0000000083400000, 0x0000000083400000, 0x0000000083500000|  0%| F|  |TAMS 0x0000000083400000, 0x0000000083400000| Untracked 
|  53|0x0000000083500000, 0x0000000083500000, 0x0000000083600000|  0%| F|  |TAMS 0x0000000083500000, 0x0000000083500000| Untracked 
|  54|0x0000000083600000, 0x0000000083600000, 0x0000000083700000|  0%| F|  |TAMS 0x0000000083600000, 0x0000000083600000| Untracked 
|  55|0x0000000083700000, 0x0000000083700000, 0x0000000083800000|  0%| F|  |TAMS 0x0000000083700000, 0x0000000083700000| Untracked 
|  56|0x0000000083800000, 0x0000000083800000, 0x0000000083900000|  0%| F|  |TAMS 0x0000000083800000, 0x0000000083800000| Untracked 
|  57|0x0000000083900000, 0x0000000083900000, 0x0000000083a00000|  0%| F|  |TAMS 0x0000000083900000, 0x0000000083900000| Untracked 
|  58|0x0000000083a00000, 0x0000000083a00000, 0x0000000083b00000|  0%| F|  |TAMS 0x0000000083a00000, 0x0000000083a00000| Untracked 
|  59|0x0000000083b00000, 0x0000000083b00000, 0x0000000083c00000|  0%| F|  |TAMS 0x0000000083b00000, 0x0000000083b00000| Untracked 
|  60|0x0000000083c00000, 0x0000000083c00000, 0x0000000083d00000|  0%| F|  |TAMS 0x0000000083c00000, 0x0000000083c00000| Untracked 
|  61|0x0000000083d00000, 0x0000000083d81be8, 0x0000000083e00000| 50%| S|CS|TAMS 0x0000000083d00000, 0x0000000083d00000| Complete 
|  62|0x0000000083e00000, 0x0000000083f00000, 0x0000000083f00000|100%| S|CS|TAMS 0x0000000083e00000, 0x0000000083e00000| Complete 
|  63|0x0000000083f00000, 0x0000000084000000, 0x0000000084000000|100%| S|CS|TAMS 0x0000000083f00000, 0x0000000083f00000| Complete 
|  64|0x0000000084000000, 0x0000000084100000, 0x0000000084100000|100%| S|CS|TAMS 0x0000000084000000, 0x0000000084000000| Complete 
|  65|0x0000000084100000, 0x0000000084200000, 0x0000000084200000|100%| S|CS|TAMS 0x0000000084100000, 0x0000000084100000| Complete 
|  66|0x0000000084200000, 0x0000000084300000, 0x0000000084300000|100%| S|CS|TAMS 0x0000000084200000, 0x0000000084200000| Complete 
|  67|0x0000000084300000, 0x0000000084300000, 0x0000000084400000|  0%| F|  |TAMS 0x0000000084300000, 0x0000000084300000| Untracked 
|  68|0x0000000084400000, 0x0000000084400000, 0x0000000084500000|  0%| F|  |TAMS 0x0000000084400000, 0x0000000084400000| Untracked 
|  69|0x0000000084500000, 0x0000000084500000, 0x0000000084600000|  0%| F|  |TAMS 0x0000000084500000, 0x0000000084500000| Untracked 
|  70|0x0000000084600000, 0x0000000084600000, 0x0000000084700000|  0%| F|  |TAMS 0x0000000084600000, 0x0000000084600000| Untracked 
|  71|0x0000000084700000, 0x0000000084700000, 0x0000000084800000|  0%| F|  |TAMS 0x0000000084700000, 0x0000000084700000| Untracked 
|  72|0x0000000084800000, 0x0000000084800000, 0x0000000084900000|  0%| F|  |TAMS 0x0000000084800000, 0x0000000084800000| Untracked 
|  73|0x0000000084900000, 0x0000000084900000, 0x0000000084a00000|  0%| F|  |TAMS 0x0000000084900000, 0x0000000084900000| Untracked 
|  74|0x0000000084a00000, 0x0000000084a00000, 0x0000000084b00000|  0%| F|  |TAMS 0x0000000084a00000, 0x0000000084a00000| Untracked 
|  75|0x0000000084b00000, 0x0000000084b00000, 0x0000000084c00000|  0%| F|  |TAMS 0x0000000084b00000, 0x0000000084b00000| Untracked 
|  76|0x0000000084c00000, 0x0000000084c00000, 0x0000000084d00000|  0%| F|  |TAMS 0x0000000084c00000, 0x0000000084c00000| Untracked 
|  77|0x0000000084d00000, 0x0000000084d00000, 0x0000000084e00000|  0%| F|  |TAMS 0x0000000084d00000, 0x0000000084d00000| Untracked 
|  78|0x0000000084e00000, 0x0000000084e00000, 0x0000000084f00000|  0%| F|  |TAMS 0x0000000084e00000, 0x0000000084e00000| Untracked 
|  79|0x0000000084f00000, 0x0000000084f00000, 0x0000000085000000|  0%| F|  |TAMS 0x0000000084f00000, 0x0000000084f00000| Untracked 
|  80|0x0000000085000000, 0x0000000085000000, 0x0000000085100000|  0%| F|  |TAMS 0x0000000085000000, 0x0000000085000000| Untracked 
|  81|0x0000000085100000, 0x0000000085100000, 0x0000000085200000|  0%| F|  |TAMS 0x0000000085100000, 0x0000000085100000| Untracked 
|  82|0x0000000085200000, 0x0000000085200000, 0x0000000085300000|  0%| F|  |TAMS 0x0000000085200000, 0x0000000085200000| Untracked 
|  83|0x0000000085300000, 0x0000000085300000, 0x0000000085400000|  0%| F|  |TAMS 0x0000000085300000, 0x0000000085300000| Untracked 
|  84|0x0000000085400000, 0x0000000085400000, 0x0000000085500000|  0%| F|  |TAMS 0x0000000085400000, 0x0000000085400000| Untracked 
|  85|0x0000000085500000, 0x0000000085500000, 0x0000000085600000|  0%| F|  |TAMS 0x0000000085500000, 0x0000000085500000| Untracked 
|  86|0x0000000085600000, 0x0000000085600000, 0x0000000085700000|  0%| F|  |TAMS 0x0000000085600000, 0x0000000085600000| Untracked 
|  87|0x0000000085700000, 0x0000000085700000, 0x0000000085800000|  0%| F|  |TAMS 0x0000000085700000, 0x0000000085700000| Untracked 
|  88|0x0000000085800000, 0x0000000085900000, 0x0000000085900000|100%| E|  |TAMS 0x0000000085800000, 0x0000000085800000| Complete 
|  89|0x0000000085900000, 0x0000000085a00000, 0x0000000085a00000|100%| E|CS|TAMS 0x0000000085900000, 0x0000000085900000| Complete 
|  90|0x0000000085a00000, 0x0000000085b00000, 0x0000000085b00000|100%| E|CS|TAMS 0x0000000085a00000, 0x0000000085a00000| Complete 
|  91|0x0000000085b00000, 0x0000000085c00000, 0x0000000085c00000|100%| E|CS|TAMS 0x0000000085b00000, 0x0000000085b00000| Complete 
|  92|0x0000000085c00000, 0x0000000085d00000, 0x0000000085d00000|100%| E|CS|TAMS 0x0000000085c00000, 0x0000000085c00000| Complete 
|  93|0x0000000085d00000, 0x0000000085e00000, 0x0000000085e00000|100%| E|CS|TAMS 0x0000000085d00000, 0x0000000085d00000| Complete 
|  94|0x0000000085e00000, 0x0000000085f00000, 0x0000000085f00000|100%| E|CS|TAMS 0x0000000085e00000, 0x0000000085e00000| Complete 
|  95|0x0000000085f00000, 0x0000000086000000, 0x0000000086000000|100%| E|CS|TAMS 0x0000000085f00000, 0x0000000085f00000| Complete 
|  96|0x0000000086000000, 0x0000000086100000, 0x0000000086100000|100%| E|CS|TAMS 0x0000000086000000, 0x0000000086000000| Complete 
|  97|0x0000000086100000, 0x0000000086200000, 0x0000000086200000|100%| E|CS|TAMS 0x0000000086100000, 0x0000000086100000| Complete 
|  98|0x0000000086200000, 0x0000000086300000, 0x0000000086300000|100%| E|CS|TAMS 0x0000000086200000, 0x0000000086200000| Complete 
|  99|0x0000000086300000, 0x0000000086400000, 0x0000000086400000|100%| E|CS|TAMS 0x0000000086300000, 0x0000000086300000| Complete 
| 100|0x0000000086400000, 0x0000000086500000, 0x0000000086500000|100%| E|CS|TAMS 0x0000000086400000, 0x0000000086400000| Complete 
| 101|0x0000000086500000, 0x0000000086600000, 0x0000000086600000|100%| E|CS|TAMS 0x0000000086500000, 0x0000000086500000| Complete 
| 102|0x0000000086600000, 0x0000000086700000, 0x0000000086700000|100%| E|CS|TAMS 0x0000000086600000, 0x0000000086600000| Complete 
| 103|0x0000000086700000, 0x0000000086800000, 0x0000000086800000|100%| E|CS|TAMS 0x0000000086700000, 0x0000000086700000| Complete 
| 104|0x0000000086800000, 0x0000000086900000, 0x0000000086900000|100%| E|CS|TAMS 0x0000000086800000, 0x0000000086800000| Complete 
| 105|0x0000000086900000, 0x0000000086a00000, 0x0000000086a00000|100%| E|CS|TAMS 0x0000000086900000, 0x0000000086900000| Complete 
| 106|0x0000000086a00000, 0x0000000086b00000, 0x0000000086b00000|100%| E|CS|TAMS 0x0000000086a00000, 0x0000000086a00000| Complete 
| 107|0x0000000086b00000, 0x0000000086c00000, 0x0000000086c00000|100%| E|CS|TAMS 0x0000000086b00000, 0x0000000086b00000| Complete 
| 108|0x0000000086c00000, 0x0000000086d00000, 0x0000000086d00000|100%| E|CS|TAMS 0x0000000086c00000, 0x0000000086c00000| Complete 
| 109|0x0000000086d00000, 0x0000000086e00000, 0x0000000086e00000|100%| E|CS|TAMS 0x0000000086d00000, 0x0000000086d00000| Complete 
| 110|0x0000000086e00000, 0x0000000086f00000, 0x0000000086f00000|100%| E|CS|TAMS 0x0000000086e00000, 0x0000000086e00000| Complete 

Card table byte_map: [0x000001bf66ac0000,0x000001bf66ec0000] _byte_map_base: 0x000001bf666c0000

Marking Bits (Prev, Next): (CMBitMap*) 0x000001bf53c0c968, (CMBitMap*) 0x000001bf53c0c9a0
 Prev Bits: [0x000001bf672c0000, 0x000001bf692c0000)
 Next Bits: [0x000001bf692c0000, 0x000001bf6b2c0000)

Polling page: 0x000001bf51920000

Metaspace:

Usage:
  Non-class:     31.38 MB capacity,    30.87 MB ( 98%) used,   437.59 KB (  1%) free+waste,    79.75 KB ( <1%) overhead. 
      Class:      4.84 MB capacity,     4.57 MB ( 94%) used,   244.16 KB (  5%) free+waste,    38.56 KB ( <1%) overhead. 
       Both:     36.22 MB capacity,    35.44 MB ( 98%) used,   681.76 KB (  2%) free+waste,   118.31 KB ( <1%) overhead. 

Virtual space:
  Non-class space:       32.00 MB reserved,      31.50 MB ( 98%) committed 
      Class space:        1.00 GB reserved,       4.95 MB ( <1%) committed 
             Both:        1.03 GB reserved,      36.45 MB (  3%) committed 

Chunk freelists:
   Non-Class:  0 bytes
       Class:  0 bytes
        Both:  0 bytes

MaxMetaspaceSize: 17179869184.00 GB
CompressedClassSpaceSize: 1.00 GB

CodeHeap 'non-profiled nmethods': size=120064Kb used=1551Kb max_used=1551Kb free=118513Kb
 bounds [0x000001bf5f180000, 0x000001bf5f3f0000, 0x000001bf666c0000]
CodeHeap 'profiled nmethods': size=120000Kb used=6680Kb max_used=6680Kb free=113319Kb
 bounds [0x000001bf57c50000, 0x000001bf582e0000, 0x000001bf5f180000]
CodeHeap 'non-nmethods': size=5696Kb used=1501Kb max_used=1546Kb free=4195Kb
 bounds [0x000001bf576c0000, 0x000001bf57930000, 0x000001bf57c50000]
 total_blobs=3797 nmethods=3179 adapters=530
 compilation: enabled
              stopped_count=0, restarted_count=0
 full_count=0

Compilation events (20 events):
Event: 9.633 Thread 0x000001bf6d7b2000 3176       3       groovy.lang.MetaClassImpl::addToAllMethodsIfPublic (22 bytes)
Event: 9.634 Thread 0x000001bf6d7b2000 nmethod 3176 0x000001bf582c8b90 code [0x000001bf582c8d60, 0x000001bf582c90d8]
Event: 9.634 Thread 0x000001bf6d7b2000 3177       3       groovy.lang.MetaClassImpl::checkIfGroovyObjectMethod (57 bytes)
Event: 9.635 Thread 0x000001bf6d7b2000 nmethod 3177 0x000001bf582c9210 code [0x000001bf582c94a0, 0x000001bf582ca1d8]
Event: 9.635 Thread 0x000001bf6d7b2000 3178       3       groovy.lang.MetaClassImpl::isGenericGetMethod (44 bytes)
Event: 9.636 Thread 0x000001bf6d7b2000 nmethod 3178 0x000001bf582ca490 code [0x000001bf582ca680, 0x000001bf582cab08]
Event: 9.636 Thread 0x000001bf6d7b2000 3179       3       groovy.lang.MetaClassImpl$1::methodNameAction (169 bytes)
Event: 9.637 Thread 0x000001bf6d7b2000 nmethod 3179 0x000001bf582cac90 code [0x000001bf582caf60, 0x000001bf582cc288]
Event: 9.637 Thread 0x000001bf6d7b2000 3180       3       groovy.lang.MetaMethod::getMopName (105 bytes)
Event: 9.639 Thread 0x000001bf6d7b2000 nmethod 3180 0x000001bf582cc710 code [0x000001bf582ccac0, 0x000001bf582ce0a8]
Event: 9.645 Thread 0x000001bf6d7b2000 3181       3       java.lang.reflect.ProxyGenerator::addProxyMethod (233 bytes)
Event: 9.648 Thread 0x000001bf6d7b2000 nmethod 3181 0x000001bf582ce710 code [0x000001bf582ceae0, 0x000001bf582d0628]
Event: 9.649 Thread 0x000001bf6d7b2000 3182       2       jdk.internal.loader.URLClassPath::getResource (74 bytes)
Event: 9.650 Thread 0x000001bf6d7b2000 nmethod 3182 0x000001bf582d0f10 code [0x000001bf582d10e0, 0x000001bf582d12d8]
Event: 9.651 Thread 0x000001bf6d7b2000 3183   !   3       com.sun.beans.TypeResolver::resolve (261 bytes)
Event: 9.653 Thread 0x000001bf6d7b2000 nmethod 3183 0x000001bf582d1410 code [0x000001bf582d1820, 0x000001bf582d3918]
Event: 9.653 Thread 0x000001bf6d7b2000 3184       1       org.codehaus.groovy.util.ComplexKeyHashMap$Entry::getValue (5 bytes)
Event: 9.653 Thread 0x000001bf6d7b2000 nmethod 3184 0x000001bf5f303910 code [0x000001bf5f303ac0, 0x000001bf5f303b78]
Event: 9.656 Thread 0x000001bf6d7b2000 3185       3       com.google.common.collect.RegularImmutableMap$EntrySet$1::get (64 bytes)
Event: 9.657 Thread 0x000001bf6d7b2000 nmethod 3185 0x000001bf582d4090 code [0x000001bf582d42a0, 0x000001bf582d4878]

GC Heap History (16 events):
Event: 1.542 GC heap before
{Heap before GC invocations=0 (full 0):
 garbage-first heap   total 94208K, used 17408K [0x0000000080000000, 0x0000000100000000)
  region size 1024K, 14 young (14336K), 0 survivors (0K)
 Metaspace       used 6770K, capacity 6993K, committed 7168K, reserved 1056768K
  class space    used 584K, capacity 650K, committed 768K, reserved 1048576K
}
Event: 1.557 GC heap after
{Heap after GC invocations=1 (full 0):
 garbage-first heap   total 94208K, used 4809K [0x0000000080000000, 0x0000000100000000)
  region size 1024K, 2 young (2048K), 2 survivors (2048K)
 Metaspace       used 6770K, capacity 6993K, committed 7168K, reserved 1056768K
  class space    used 584K, capacity 650K, committed 768K, reserved 1048576K
}
Event: 2.068 GC heap before
{Heap before GC invocations=1 (full 0):
 garbage-first heap   total 94208K, used 19145K [0x0000000080000000, 0x0000000100000000)
  region size 1024K, 13 young (13312K), 2 survivors (2048K)
 Metaspace       used 10290K, capacity 10495K, committed 10624K, reserved 1058816K
  class space    used 1066K, capacity 1141K, committed 1152K, reserved 1048576K
}
Event: 2.075 GC heap after
{Heap after GC invocations=2 (full 0):
 garbage-first heap   total 94208K, used 9765K [0x0000000080000000, 0x0000000100000000)
  region size 1024K, 2 young (2048K), 2 survivors (2048K)
 Metaspace       used 10290K, capacity 10495K, committed 10624K, reserved 1058816K
  class space    used 1066K, capacity 1141K, committed 1152K, reserved 1048576K
}
Event: 2.916 GC heap before
{Heap before GC invocations=2 (full 0):
 garbage-first heap   total 94208K, used 36389K [0x0000000080000000, 0x0000000100000000)
  region size 1024K, 28 young (28672K), 2 survivors (2048K)
 Metaspace       used 11227K, capacity 11512K, committed 11776K, reserved 1060864K
  class space    used 1168K, capacity 1245K, committed 1280K, reserved 1048576K
}
Event: 2.922 GC heap after
{Heap after GC invocations=3 (full 0):
 garbage-first heap   total 94208K, used 10610K [0x0000000080000000, 0x0000000100000000)
  region size 1024K, 3 young (3072K), 3 survivors (3072K)
 Metaspace       used 11227K, capacity 11512K, committed 11776K, reserved 1060864K
  class space    used 1168K, capacity 1245K, committed 1280K, reserved 1048576K
}
Event: 4.956 GC heap before
{Heap before GC invocations=3 (full 0):
 garbage-first heap   total 94208K, used 46450K [0x0000000080000000, 0x0000000100000000)
  region size 1024K, 38 young (38912K), 3 survivors (3072K)
 Metaspace       used 16321K, capacity 16778K, committed 16896K, reserved 1064960K
  class space    used 1866K, capacity 2002K, committed 2048K, reserved 1048576K
}
Event: 4.983 GC heap after
{Heap after GC invocations=4 (full 0):
 garbage-first heap   total 94208K, used 15568K [0x0000000080000000, 0x0000000100000000)
  region size 1024K, 5 young (5120K), 5 survivors (5120K)
 Metaspace       used 16321K, capacity 16778K, committed 16896K, reserved 1064960K
  class space    used 1866K, capacity 2002K, committed 2048K, reserved 1048576K
}
Event: 5.684 GC heap before
{Heap before GC invocations=4 (full 0):
 garbage-first heap   total 94208K, used 49360K [0x0000000080000000, 0x0000000100000000)
  region size 1024K, 39 young (39936K), 5 survivors (5120K)
 Metaspace       used 20580K, capacity 21096K, committed 21248K, reserved 1067008K
  class space    used 2506K, capacity 2690K, committed 2816K, reserved 1048576K
}
Event: 5.693 GC heap after
{Heap after GC invocations=5 (full 0):
 garbage-first heap   total 94208K, used 17068K [0x0000000080000000, 0x0000000100000000)
  region size 1024K, 2 young (2048K), 2 survivors (2048K)
 Metaspace       used 20580K, capacity 21096K, committed 21248K, reserved 1067008K
  class space    used 2506K, capacity 2690K, committed 2816K, reserved 1048576K
}
Event: 6.761 GC heap before
{Heap before GC invocations=6 (full 0):
 garbage-first heap   total 94208K, used 58028K [0x0000000080000000, 0x0000000100000000)
  region size 1024K, 42 young (43008K), 2 survivors (2048K)
 Metaspace       used 24635K, capacity 25284K, committed 25472K, reserved 1071104K
  class space    used 3182K, capacity 3388K, committed 3456K, reserved 1048576K
}
Event: 6.770 GC heap after
{Heap after GC invocations=7 (full 0):
 garbage-first heap   total 94208K, used 18413K [0x0000000080000000, 0x0000000100000000)
  region size 1024K, 3 young (3072K), 3 survivors (3072K)
 Metaspace       used 24635K, capacity 25284K, committed 25472K, reserved 1071104K
  class space    used 3182K, capacity 3388K, committed 3456K, reserved 1048576K
}
Event: 8.030 GC heap before
{Heap before GC invocations=7 (full 0):
 garbage-first heap   total 94208K, used 63469K [0x0000000080000000, 0x0000000100000000)
  region size 1024K, 47 young (48128K), 3 survivors (3072K)
 Metaspace       used 28933K, capacity 29606K, committed 29824K, reserved 1075200K
  class space    used 3874K, capacity 4106K, committed 4224K, reserved 1048576K
}
Event: 8.042 GC heap after
{Heap after GC invocations=8 (full 0):
 garbage-first heap   total 94208K, used 19787K [0x0000000080000000, 0x0000000100000000)
  region size 1024K, 4 young (4096K), 4 survivors (4096K)
 Metaspace       used 28933K, capacity 29606K, committed 29824K, reserved 1075200K
  class space    used 3874K, capacity 4106K, committed 4224K, reserved 1048576K
}
Event: 8.984 GC heap before
{Heap before GC invocations=8 (full 0):
 garbage-first heap   total 94208K, used 43339K [0x0000000080000000, 0x0000000100000000)
  region size 1024K, 29 young (29696K), 4 survivors (4096K)
 Metaspace       used 35055K, capacity 35830K, committed 35840K, reserved 1081344K
  class space    used 4544K, capacity 4864K, committed 4864K, reserved 1048576K
}
Event: 9.002 GC heap after
{Heap after GC invocations=9 (full 0):
 garbage-first heap   total 113664K, used 22443K [0x0000000080000000, 0x0000000100000000)
  region size 1024K, 6 young (6144K), 6 survivors (6144K)
 Metaspace       used 35055K, capacity 35830K, committed 35840K, reserved 1081344K
  class space    used 4544K, capacity 4864K, committed 4864K, reserved 1048576K
}

Deoptimization events (20 events):
Event: 9.442 Thread 0x000001bf6eff7800 Uncommon trap: trap_request=0xffffffbe fr.pc=0x000001bf5f2f77f8 relative=0x0000000000000998
Event: 9.442 Thread 0x000001bf6eff7800 Uncommon trap: reason=profile_predicate action=maybe_recompile pc=0x000001bf5f2f77f8 method=jdk.internal.jimage.ImageStringsReader.charsFromByteBuffer([CLjava/nio/ByteBuffer;)V @ 6 c2
Event: 9.442 Thread 0x000001bf6eff7800 DEOPT PACKING pc=0x000001bf5f2f77f8 sp=0x000000950d9f9320
Event: 9.442 Thread 0x000001bf6eff7800 DEOPT UNPACKING pc=0x000001bf576e6a29 sp=0x000000950d9f91f8 mode 2
Event: 9.442 Thread 0x000001bf6eff7800 Uncommon trap: trap_request=0xffffffbe fr.pc=0x000001bf5f2f77f8 relative=0x0000000000000998
Event: 9.442 Thread 0x000001bf6eff7800 Uncommon trap: reason=profile_predicate action=maybe_recompile pc=0x000001bf5f2f77f8 method=jdk.internal.jimage.ImageStringsReader.charsFromByteBuffer([CLjava/nio/ByteBuffer;)V @ 6 c2
Event: 9.442 Thread 0x000001bf6eff7800 DEOPT PACKING pc=0x000001bf5f2f77f8 sp=0x000000950d9f9320
Event: 9.442 Thread 0x000001bf6eff7800 DEOPT UNPACKING pc=0x000001bf576e6a29 sp=0x000000950d9f91f8 mode 2
Event: 9.442 Thread 0x000001bf6eff7800 Uncommon trap: trap_request=0xffffffbe fr.pc=0x000001bf5f2f77f8 relative=0x0000000000000998
Event: 9.442 Thread 0x000001bf6eff7800 Uncommon trap: reason=profile_predicate action=maybe_recompile pc=0x000001bf5f2f77f8 method=jdk.internal.jimage.ImageStringsReader.charsFromByteBuffer([CLjava/nio/ByteBuffer;)V @ 6 c2
Event: 9.442 Thread 0x000001bf6eff7800 DEOPT PACKING pc=0x000001bf5f2f77f8 sp=0x000000950d9f9320
Event: 9.442 Thread 0x000001bf6eff7800 DEOPT UNPACKING pc=0x000001bf576e6a29 sp=0x000000950d9f91f8 mode 2
Event: 9.442 Thread 0x000001bf6eff7800 Uncommon trap: trap_request=0xffffffbe fr.pc=0x000001bf5f2f77f8 relative=0x0000000000000998
Event: 9.442 Thread 0x000001bf6eff7800 Uncommon trap: reason=profile_predicate action=maybe_recompile pc=0x000001bf5f2f77f8 method=jdk.internal.jimage.ImageStringsReader.charsFromByteBuffer([CLjava/nio/ByteBuffer;)V @ 6 c2
Event: 9.442 Thread 0x000001bf6eff7800 DEOPT PACKING pc=0x000001bf5f2f77f8 sp=0x000000950d9f9320
Event: 9.442 Thread 0x000001bf6eff7800 DEOPT UNPACKING pc=0x000001bf576e6a29 sp=0x000000950d9f91f8 mode 2
Event: 9.455 Thread 0x000001bf6eff7800 Uncommon trap: trap_request=0xffffffbe fr.pc=0x000001bf5f2f9748 relative=0x00000000000009c8
Event: 9.455 Thread 0x000001bf6eff7800 Uncommon trap: reason=profile_predicate action=maybe_recompile pc=0x000001bf5f2f9748 method=jdk.internal.jimage.ImageStringsReader.charsFromByteBuffer([CLjava/nio/ByteBuffer;)V @ 6 c2
Event: 9.455 Thread 0x000001bf6eff7800 DEOPT PACKING pc=0x000001bf5f2f9748 sp=0x000000950d9f9400
Event: 9.455 Thread 0x000001bf6eff7800 DEOPT UNPACKING pc=0x000001bf576e6a29 sp=0x000000950d9f9208 mode 2

Classes redefined (0 events):
No events

Internal exceptions (20 events):
Event: 8.324 Thread 0x000001bf6eff7800 Exception <a 'java/lang/NoSuchMethodError'{0x00000000850aff20}: 'void java.lang.invoke.DirectMethodHandle$Holder.invokeStaticInit(java.lang.Object, java.lang.Object, java.lang.Object)'> (0x00000000850aff20) thrown at [./src/hotspot/share/interpreter/linkResolver.cpp, line 773]
Event: 8.326 Thread 0x000001bf6eff7800 Exception <a 'java/lang/NoSuchMethodError'{0x00000000850b6cf8}: 'void java.lang.invoke.DirectMethodHandle$Holder.invokeStaticInit(java.lang.Object, java.lang.Object, java.lang.Object, java.lang.Object)'> (0x00000000850b6cf8) thrown at [./src/hotspot/share/interpreter/linkResolver.cpp, line 773]
Event: 8.334 Thread 0x000001bf6eff7800 Exception <a 'java/lang/NoSuchMethodError'{0x00000000850d9330}: 'void java.lang.invoke.DirectMethodHandle$Holder.invokeStaticInit(java.lang.Object, java.lang.Object, java.lang.Object, java.lang.Object, java.lang.Object)'> (0x00000000850d9330) thrown at [./src/hotspot/share/interpreter/linkResolver.cpp, line 773]
Event: 8.335 Thread 0x000001bf6eff7800 Exception <a 'java/lang/NoSuchMethodError'{0x00000000850e0a40}: 'int java.lang.invoke.DirectMethodHandle$Holder.invokeStaticInit(java.lang.Object, java.lang.Object, java.lang.Object)'> (0x00000000850e0a40) thrown at [./src/hotspot/share/interpreter/linkResolver.cpp, line 773]
Event: 8.413 Thread 0x000001bf6eff7800 Exception <a 'java/lang/NoSuchMethodError'{0x0000000084f3fc30}: 'int java.lang.invoke.DirectMethodHandle$Holder.invokeStaticInit(java.lang.Object, java.lang.Object, java.lang.Object, java.lang.Object)'> (0x0000000084f3fc30) thrown at [./src/hotspot/share/interpreter/linkResolver.cpp, line 773]
Event: 8.414 Thread 0x000001bf6eff7800 Exception <a 'java/lang/IncompatibleClassChangeError'{0x0000000084f49190}: Found class java.lang.Object, but interface was expected> (0x0000000084f49190) thrown at [./src/hotspot/share/interpreter/linkResolver.cpp, line 839]
Event: 8.769 Thread 0x000001bf6eff7800 Exception <a 'java/lang/NoSuchMethodError'{0x00000000848bb7a8}: 'java.lang.Object java.lang.invoke.DirectMethodHandle$Holder.invokeStatic(java.lang.Object, java.lang.Object, java.lang.Object, java.lang.Object, java.lang.Object, java.lang.Object, java.lang.Object, java.lang.Object, java.lang.Object, java.lang.Object, java.lang.Object, int)'> (0x00000000848bb7a8) thrown at [./src/hotspot/share/interpreter/linkResolver.cpp, line 773]
Event: 8.775 Thread 0x000001bf6eff7800 Exception <a 'java/lang/NoSuchMethodError'{0x00000000848da228}: 'java.lang.Object java.lang.invoke.DirectMethodHandle$Holder.invokeStatic(java.lang.Object, java.lang.Object, java.lang.Object, java.lang.Object, java.lang.Object, java.lang.Object, java.lang.Object, java.lang.Object, java.lang.Object, java.lang.Object, java.lang.Object, int, int)'> (0x00000000848da228) thrown at [./src/hotspot/share/interpreter/linkResolver.cpp, line 773]
Event: 8.779 Thread 0x000001bf6eff7800 Exception <a 'java/lang/NoSuchMethodError'{0x00000000848f9a58}: 'java.lang.Object java.lang.invoke.DirectMethodHandle$Holder.invokeStatic(java.lang.Object, java.lang.Object, java.lang.Object, java.lang.Object, java.lang.Object, java.lang.Object, java.lang.Object, java.lang.Object, java.lang.Object, java.lang.Object, java.lang.Object, int, int, java.lang.Object)'> (0x00000000848f9a58) thrown at [./src/hotspot/share/interpreter/linkResolver.cpp, line 773]
Event: 8.785 Thread 0x000001bf6eff7800 Exception <a 'java/lang/NoSuchMethodError'{0x000000008471afe8}: 'java.lang.Object java.lang.invoke.DirectMethodHandle$Holder.invokeStatic(java.lang.Object, java.lang.Object, java.lang.Object, java.lang.Object, java.lang.Object, java.lang.Object, java.lang.Object, java.lang.Object, java.lang.Object, java.lang.Object, java.lang.Object, int, int, java.lang.Object, java.lang.Object)'> (0x000000008471afe8) thrown at [./src/hotspot/share/interpreter/linkResolver.cpp, line 773]
Event: 8.791 Thread 0x000001bf6eff7800 Exception <a 'java/lang/ClassNotFoundException'{0x000000008474b340}: groovy/lang/ExpandoMetaClassBeanInfo> (0x000000008474b340) thrown at [./src/hotspot/share/classfile/systemDictionary.cpp, line 231]
Event: 8.792 Thread 0x000001bf6eff7800 Exception <a 'java/lang/ClassNotFoundException'{0x000000008476b6a0}: groovy/lang/MetaClassImplBeanInfo> (0x000000008476b6a0) thrown at [./src/hotspot/share/classfile/systemDictionary.cpp, line 231]
Event: 8.793 Thread 0x000001bf6eff7800 Exception <a 'java/lang/ClassNotFoundException'{0x00000000847747a8}: java/lang/ObjectBeanInfo> (0x00000000847747a8) thrown at [./src/hotspot/share/classfile/systemDictionary.cpp, line 231]
Event: 8.794 Thread 0x000001bf6eff7800 Exception <a 'java/lang/ClassNotFoundException'{0x000000008477fce8}: java/lang/ObjectCustomizer> (0x000000008477fce8) thrown at [./src/hotspot/share/classfile/systemDictionary.cpp, line 231]
Event: 8.804 Thread 0x000001bf6eff7800 Exception <a 'java/lang/ClassNotFoundException'{0x00000000847a71f8}: groovy/lang/MetaClassImplCustomizer> (0x00000000847a71f8) thrown at [./src/hotspot/share/classfile/systemDictionary.cpp, line 231]
Event: 8.810 Thread 0x000001bf6eff7800 Exception <a 'java/lang/ClassNotFoundException'{0x00000000847e6f90}: groovy/lang/ExpandoMetaClassCustomizer> (0x00000000847e6f90) thrown at [./src/hotspot/share/classfile/systemDictionary.cpp, line 231]
Event: 9.641 Thread 0x000001bf6eff7800 Exception <a 'java/lang/ClassNotFoundException'{0x0000000085ad7498}: org/gradle/internal/extensibility/DefaultExtraPropertiesExtensionBeanInfo> (0x0000000085ad7498) thrown at [./src/hotspot/share/classfile/systemDictionary.cpp, line 231]
Event: 9.642 Thread 0x000001bf6eff7800 Exception <a 'java/lang/ClassNotFoundException'{0x0000000085af8a28}: groovy/lang/GroovyObjectSupportBeanInfo> (0x0000000085af8a28) thrown at [./src/hotspot/share/classfile/systemDictionary.cpp, line 231]
Event: 9.644 Thread 0x000001bf6eff7800 Exception <a 'java/lang/ClassNotFoundException'{0x000000008591a4b8}: groovy/lang/GroovyObjectSupportCustomizer> (0x000000008591a4b8) thrown at [./src/hotspot/share/classfile/systemDictionary.cpp, line 231]
Event: 9.650 Thread 0x000001bf6eff7800 Exception <a 'java/lang/ClassNotFoundException'{0x0000000085942090}: org/gradle/internal/extensibility/DefaultExtraPropertiesExtensionCustomizer> (0x0000000085942090) thrown at [./src/hotspot/share/classfile/systemDictionary.cpp, line 231]

Events (20 events):
Event: 9.655 loading class org/gradle/api/NamedDomainObjectCollectionSchema$NamedDomainObjectSchema
Event: 9.655 loading class org/gradle/api/NamedDomainObjectCollectionSchema$NamedDomainObjectSchema done
Event: 9.655 loading class org/gradle/internal/extensibility/ExtraPropertiesDynamicObjectAdapter
Event: 9.655 loading class org/gradle/internal/extensibility/ExtraPropertiesDynamicObjectAdapter done
Event: 9.657 loading class org/gradle/api/invocation/Gradle
Event: 9.657 loading class org/gradle/api/invocation/Gradle done
Event: 9.657 loading class org/gradle/api/invocation/Gradle
Event: 9.657 loading class org/gradle/api/invocation/Gradle done
Event: 9.657 loading class org/gradle/internal/operations/notify/BuildOperationNotificationBridge$2
Event: 9.657 loading class org/gradle/internal/operations/notify/BuildOperationNotificationBridge$2 done
Event: 9.658 loading class org/gradle/internal/event/BroadcastDispatch$ActionInvocationHandler
Event: 9.658 loading class org/gradle/internal/event/BroadcastDispatch$ActionInvocationHandler done
Event: 9.659 loading class org/gradle/configuration/DefaultScriptPluginFactory$ScriptPluginImpl
Event: 9.659 loading class org/gradle/configuration/DefaultScriptPluginFactory$ScriptPluginImpl done
Event: 9.661 loading class org/gradle/groovy/scripts/Script
Event: 9.661 loading class org/gradle/groovy/scripts/Script done
Event: 9.661 loading class org/gradle/configuration/ScriptTarget
Event: 9.661 loading class org/gradle/configuration/ScriptTarget done
Event: 9.662 loading class org/gradle/configuration/BuildOperationScriptPlugin
Event: 9.662 loading class org/gradle/configuration/BuildOperationScriptPlugin done


Dynamic libraries:
0x00007ff7ef5f0000 - 0x00007ff7ef5fa000 	C:\Program Files\Android\Android Studio\jre\bin\java.exe
0x00007ffeff090000 - 0x00007ffeff285000 	C:\Windows\SYSTEM32\ntdll.dll
0x00007ffefe8d0000 - 0x00007ffefe98e000 	C:\Windows\System32\KERNEL32.DLL
0x00007ffefce10000 - 0x00007ffefd0d9000 	C:\Windows\System32\KERNELBASE.dll
0x00007ffefc7b0000 - 0x00007ffefc8b0000 	C:\Windows\System32\ucrtbase.dll
0x00007ffed4d20000 - 0x00007ffed4d39000 	C:\Program Files\Android\Android Studio\jre\bin\jli.dll
0x00007ffed38d0000 - 0x00007ffed38e7000 	C:\Program Files\Android\Android Studio\jre\bin\VCRUNTIME140.dll
0x00007ffefee10000 - 0x00007ffefefb1000 	C:\Windows\System32\USER32.dll
0x00007ffefccd0000 - 0x00007ffefccf2000 	C:\Windows\System32\win32u.dll
0x00007ffefd610000 - 0x00007ffefd63b000 	C:\Windows\System32\GDI32.dll
0x00007ffefcd00000 - 0x00007ffefce0b000 	C:\Windows\System32\gdi32full.dll
0x00007ffefc960000 - 0x00007ffefc9fd000 	C:\Windows\System32\msvcp_win.dll
0x00007ffef12b0000 - 0x00007ffef154a000 	C:\Windows\WinSxS\amd64_microsoft.windows.common-controls_6595b64144ccf1df_6.0.19041.1110_none_60b5254171f9507e\COMCTL32.dll
0x00007ffefe7d0000 - 0x00007ffefe86e000 	C:\Windows\System32\msvcrt.dll
0x00007ffefdae0000 - 0x00007ffefdb10000 	C:\Windows\System32\IMM32.DLL
0x00007ffec9ae0000 - 0x00007ffec9b7d000 	C:\Program Files\Android\Android Studio\jre\bin\msvcp140.dll
0x00007ffebb180000 - 0x00007ffebbc4f000 	C:\Program Files\Android\Android Studio\jre\bin\server\jvm.dll
0x00007ffefd0e0000 - 0x00007ffefd18c000 	C:\Windows\System32\ADVAPI32.dll
0x00007ffefed70000 - 0x00007ffefee0b000 	C:\Windows\System32\sechost.dll
0x00007ffefd9b0000 - 0x00007ffefdada000 	C:\Windows\System32\RPCRT4.dll
0x00007ffefd930000 - 0x00007ffefd938000 	C:\Windows\System32\PSAPI.DLL
0x00007ffef7510000 - 0x00007ffef7519000 	C:\Windows\SYSTEM32\WSOCK32.dll
0x00007ffefeb60000 - 0x00007ffefebcb000 	C:\Windows\System32\WS2_32.dll
0x00007ffedf9f0000 - 0x00007ffedfa17000 	C:\Windows\SYSTEM32\WINMM.dll
0x00007ffef1bb0000 - 0x00007ffef1bba000 	C:\Windows\SYSTEM32\VERSION.dll
0x00007ffefa6d0000 - 0x00007ffefa6e2000 	C:\Windows\SYSTEM32\kernel.appcore.dll
0x00007ffef11f0000 - 0x00007ffef1201000 	C:\Program Files\Android\Android Studio\jre\bin\verify.dll
0x00007ffed8200000 - 0x00007ffed83e4000 	C:\Windows\SYSTEM32\DBGHELP.DLL
0x00007ffeda140000 - 0x00007ffeda16c000 	C:\Windows\SYSTEM32\dbgcore.DLL
0x00007ffefca80000 - 0x00007ffefcb03000 	C:\Windows\System32\bcryptPrimitives.dll
0x00007ffed7820000 - 0x00007ffed7849000 	C:\Program Files\Android\Android Studio\jre\bin\java.dll
0x00007ffef2710000 - 0x00007ffef271b000 	C:\Program Files\Android\Android Studio\jre\bin\jimage.dll
0x00007ffedf3c0000 - 0x00007ffedf3d8000 	C:\Program Files\Android\Android Studio\jre\bin\zip.dll
0x00007ffefe090000 - 0x00007ffefe7cf000 	C:\Windows\System32\SHELL32.dll
0x00007ffefa8d0000 - 0x00007ffefb060000 	C:\Windows\SYSTEM32\windows.storage.dll
0x00007ffefdc00000 - 0x00007ffefdf55000 	C:\Windows\System32\combase.dll
0x00007ffefc130000 - 0x00007ffefc15c000 	C:\Windows\SYSTEM32\Wldp.dll
0x00007ffefd7f0000 - 0x00007ffefd89d000 	C:\Windows\System32\SHCORE.dll
0x00007ffefecb0000 - 0x00007ffefed05000 	C:\Windows\System32\shlwapi.dll
0x00007ffefc6f0000 - 0x00007ffefc70f000 	C:\Windows\SYSTEM32\profapi.dll
0x00007ffed9640000 - 0x00007ffed965a000 	C:\Program Files\Android\Android Studio\jre\bin\net.dll
0x00007ffef4490000 - 0x00007ffef4598000 	C:\Windows\SYSTEM32\WINHTTP.dll
0x00007ffefbe90000 - 0x00007ffefbefa000 	C:\Windows\system32\mswsock.dll
0x00007ffed7f00000 - 0x00007ffed7f14000 	C:\Program Files\Android\Android Studio\jre\bin\nio.dll
0x00007ffed64a0000 - 0x00007ffed64c7000 	C:\Users\MARIA TERESA\.gradle\native\8bec1ad78214c89d9ad589b4d07fe93259594b29d510b10fafb7a158f7737e5d\windows-amd64\native-platform.dll
0x00007ffec7b50000 - 0x00007ffec7c8d000 	C:\Users\MARIA TERESA\.gradle\native\53dbd7edfb1c66fb8903c78663c9afc45aea4f116125fa6feffd364cf09443e8\windows-amd64\native-platform-file-events.dll
0x00007ffef2110000 - 0x00007ffef211a000 	C:\Program Files\Android\Android Studio\jre\bin\management.dll
0x00007ffef1c60000 - 0x00007ffef1c6c000 	C:\Program Files\Android\Android Studio\jre\bin\management_ext.dll
0x00007ffefc080000 - 0x00007ffefc098000 	C:\Windows\SYSTEM32\CRYPTSP.dll
0x00007ffefb810000 - 0x00007ffefb844000 	C:\Windows\system32\rsaenh.dll
0x00007ffefca00000 - 0x00007ffefca27000 	C:\Windows\System32\bcrypt.dll
0x00007ffefc6b0000 - 0x00007ffefc6de000 	C:\Windows\SYSTEM32\USERENV.dll
0x00007ffefc0a0000 - 0x00007ffefc0ac000 	C:\Windows\SYSTEM32\CRYPTBASE.dll
0x00007ffefbb80000 - 0x00007ffefbbbb000 	C:\Windows\SYSTEM32\IPHLPAPI.DLL
0x00007ffefd9a0000 - 0x00007ffefd9a8000 	C:\Windows\System32\NSI.dll
0x00007ffef6c00000 - 0x00007ffef6c17000 	C:\Windows\SYSTEM32\dhcpcsvc6.DLL
0x00007ffef6bc0000 - 0x00007ffef6bdd000 	C:\Windows\SYSTEM32\dhcpcsvc.DLL
0x00007ffefbbc0000 - 0x00007ffefbc8c000 	C:\Windows\SYSTEM32\DNSAPI.dll

dbghelp: loaded successfully - version: 4.0.5 - missing functions: none
symbol engine: initialized successfully - sym options: 0x614 - pdb path: .;C:\Program Files\Android\Android Studio\jre\bin;C:\Windows\SYSTEM32;C:\Windows\WinSxS\amd64_microsoft.windows.common-controls_6595b64144ccf1df_6.0.19041.1110_none_60b5254171f9507e;C:\Program Files\Android\Android Studio\jre\bin\server;C:\Users\MARIA TERESA\.gradle\native\8bec1ad78214c89d9ad589b4d07fe93259594b29d510b10fafb7a158f7737e5d\windows-amd64;C:\Users\MARIA TERESA\.gradle\native\53dbd7edfb1c66fb8903c78663c9afc45aea4f116125fa6feffd364cf09443e8\windows-amd64

VM Arguments:
jvm_args: --add-opens=java.base/java.util=ALL-UNNAMED --add-opens=java.base/java.lang=ALL-UNNAMED --add-opens=java.base/java.lang.invoke=ALL-UNNAMED --add-opens=java.base/java.util=ALL-UNNAMED --add-opens=java.prefs/java.util.prefs=ALL-UNNAMED --add-opens=java.prefs/java.util.prefs=ALL-UNNAMED --add-opens=java.base/java.nio.charset=ALL-UNNAMED --add-opens=java.base/java.net=ALL-UNNAMED --add-opens=java.base/java.util.concurrent.atomic=ALL-UNNAMED -Xmx2048m -Dfile.encoding=UTF-8 -Duser.country=CO -Duser.language=es -Duser.variant 
java_command: org.gradle.launcher.daemon.bootstrap.GradleDaemon 7.0.2
java_class_path (initial): C:\Users\MARIA TERESA\.gradle\wrapper\dists\gradle-7.0.2-bin\857tjihv64xamwrf0h14cai3r\gradle-7.0.2\lib\gradle-launcher-7.0.2.jar
Launcher Type: SUN_STANDARD

[Global flags]
     intx CICompilerCount                          = 3                                         {product} {ergonomic}
     uint ConcGCThreads                            = 1                                         {product} {ergonomic}
     uint G1ConcRefinementThreads                  = 4                                         {product} {ergonomic}
   size_t G1HeapRegionSize                         = 1048576                                   {product} {ergonomic}
    uintx GCDrainStackTargetSize                   = 64                                        {product} {ergonomic}
   size_t InitialHeapSize                          = 96468992                                  {product} {ergonomic}
   size_t MarkStackSize                            = 4194304                                   {product} {ergonomic}
   size_t MaxHeapSize                              = 2147483648                                {product} {command line}
   size_t MaxNewSize                               = 1287651328                                {product} {ergonomic}
   size_t MinHeapDeltaBytes                        = 1048576                                   {product} {ergonomic}
    uintx NonNMethodCodeHeapSize                   = 5830732                                {pd product} {ergonomic}
    uintx NonProfiledCodeHeapSize                  = 122913754                              {pd product} {ergonomic}
    uintx ProfiledCodeHeapSize                     = 122913754                              {pd product} {ergonomic}
    uintx ReservedCodeCacheSize                    = 251658240                              {pd product} {ergonomic}
     bool SegmentedCodeCache                       = true                                      {product} {ergonomic}
     bool UseCompressedClassPointers               = true                                 {lp64_product} {ergonomic}
     bool UseCompressedOops                        = true                                 {lp64_product} {ergonomic}
     bool UseG1GC                                  = true                                      {product} {ergonomic}
     bool UseLargePagesIndividualAllocation        = false                                  {pd product} {ergonomic}

Logging:
Log output configuration:
 #0: stdout all=warning uptime,level,tags
 #1: stderr all=off uptime,level,tags

Environment Variables:
PATH=C:\Program Files\Common Files\Oracle\Java\javapath;C:\Program Files\Microsoft MPI\Bin\;C:\Windows\system32;C:\Windows;C:\Windows\System32\Wbem;C:\Windows\System32\WindowsPowerShell\v1.0\;C:\Windows\System32\OpenSSH\;C:\Program Files\Azure Data Studio\bin;C:\Program Files (x86)\Microsoft SQL Server\150\Tools\Binn\;C:\Program Files\Microsoft SQL Server\150\Tools\Binn\;C:\Program Files (x86)\Microsoft SQL Server\150\DTS\Binn\;C:\Program Files\Microsoft SQL Server\150\DTS\Binn\;C:\Program Files\Microsoft SQL Server\Client SDK\ODBC\170\Tools\Binn\;C:\Program Files\dotnet\;C:\Program Files\Git\cmd;C:\Users\MARIA TERESA\AppData\Local\Microsoft\WindowsApps;;C:\Users\MARIA TERESA\AppData\Local\Programs\Microsoft VS Code\bin;C:\Program Files\Azure Data Studio\bin;C:\Users\MARIA TERESA\.dotnet\tools
USERNAME=MARIA TERESA
OS=Windows_NT
PROCESSOR_IDENTIFIER=Intel64 Family 6 Model 37 Stepping 2, GenuineIntel



---------------  S Y S T E M  ---------------

OS: Windows 10 , 64 bit Build 19041 (10.0.19041.1202)
OS uptime: 9 days 18:04 hours

CPU:total 4 (initial active 4) (2 cores per cpu, 2 threads per core) family 6 model 37 stepping 2 microcode 0x11, cmov, cx8, fxsr, mmx, sse, sse2, sse3, ssse3, sse4.1, sse4.2, popcnt, ht, tsc, tscinvbit

Memory: 4k page, system-wide physical 5879M (558M free)
TotalPageFile size 5879M (AvailPageFile size 4M)
current process WorkingSet (physical memory assigned to process): 224M, peak: 224M
current process commit charge ("private bytes"): 277M, peak: 278M

vm_info: OpenJDK 64-Bit Server VM (11.0.10+0-b96-7249189) for windows-amd64 JRE (11.0.10+0-b96-7249189), built on Mar 31 2021 21:44:00 by "builder" with MS VC++ 14.0 (VS2015)

END.
