#
# There is insufficient memory for the Java Runtime Environment to continue.
# Native memory allocation (malloc) failed to allocate 1297136 bytes for Chunk::new
# Possible reasons:
#   The system is out of physical RAM or swap space
#   The process is running with CompressedOops enabled, and the Java Heap may be blocking the growth of the native heap
# Possible solutions:
#   Reduce memory load on the system
#   Increase physical memory or swap space
#   Check if swap backing store is full
#   Decrease Java heap size (-Xmx/-Xms)
#   Decrease number of Java threads
#   Decrease Java thread stack sizes (-Xss)
#   Set larger code cache with -XX:ReservedCodeCacheSize=
#   JVM is running with Unscaled Compressed Oops mode in which the Java heap is
#     placed in the first 4GB address space. The Java Heap base address is the
#     maximum limit for the native heap growth. Please use -XX:HeapBaseMinAddress
#     to set the Java Heap base and to place the Java Heap above 4GB virtual address.
# This output file may be truncated or incomplete.
#
#  Out of Memory Error (./src/hotspot/share/memory/arena.cpp:197), pid=3952, tid=3972
#
# JRE version: OpenJDK Runtime Environment (11.0.10) (build 11.0.10+0-b96-7249189)
# Java VM: OpenJDK 64-Bit Server VM (11.0.10+0-b96-7249189, mixed mode, tiered, compressed oops, g1 gc, windows-amd64)
# No core dump will be written. Minidumps are not enabled by default on client versions of Windows
#

---------------  S U M M A R Y ------------

Command Line: --add-opens=java.base/java.util=ALL-UNNAMED --add-opens=java.base/java.lang=ALL-UNNAMED --add-opens=java.base/java.lang.invoke=ALL-UNNAMED --add-opens=java.base/java.util=ALL-UNNAMED --add-opens=java.prefs/java.util.prefs=ALL-UNNAMED --add-opens=java.prefs/java.util.prefs=ALL-UNNAMED --add-opens=java.base/java.nio.charset=ALL-UNNAMED --add-opens=java.base/java.net=ALL-UNNAMED --add-opens=java.base/java.util.concurrent.atomic=ALL-UNNAMED -Xmx2048m -Dfile.encoding=UTF-8 -Duser.country=CO -Duser.language=es -Duser.variant org.gradle.launcher.daemon.bootstrap.GradleDaemon 7.0.2

Host: Intel(R) Core(TM) i3 CPU         540  @ 3.07GHz, 4 cores, 5G,  Windows 10 , 64 bit Build 19041 (10.0.19041.1348)
Time: Thu Nov 18 16:20:56 2021 Hora est. Pacífico, Sudamérica elapsed time: 22.487912 seconds (0d 0h 0m 22s)

---------------  T H R E A D  ---------------

Current thread (0x000001d3239d1000):  JavaThread "C2 CompilerThread0" daemon [_thread_in_native, id=3972, stack(0x0000004d38b00000,0x0000004d38c00000)]


Current CompileTask:
C2:  22488 6795 %     4       org.gradle.internal.instantiation.generator.AbstractClassGenerator::inspectType @ 77 (560 bytes)

Stack: [0x0000004d38b00000,0x0000004d38c00000]
Native frames: (J=compiled Java code, j=interpreted, Vv=VM code, C=native code)
V  [jvm.dll+0x5ecfaa]
V  [jvm.dll+0x722bd5]
V  [jvm.dll+0x72412d]
V  [jvm.dll+0x7247e3]
V  [jvm.dll+0x242928]
V  [jvm.dll+0xbc4fc]
V  [jvm.dll+0xbca0c]
V  [jvm.dll+0x2b4fd4]
V  [jvm.dll+0x506028]
V  [jvm.dll+0x203253]
V  [jvm.dll+0x1fd07c]
V  [jvm.dll+0x1fa77f]
V  [jvm.dll+0x18354c]
V  [jvm.dll+0x208ee7]
V  [jvm.dll+0x207731]
V  [jvm.dll+0x6eb1cf]
V  [jvm.dll+0x6e3d45]
V  [jvm.dll+0x5ebe96]
C  [ucrtbase.dll+0x21bb2]
C  [KERNEL32.DLL+0x17034]
C  [ntdll.dll+0x52651]


---------------  P R O C E S S  ---------------

Threads class SMR info:
_java_thread_list=0x000001d32ae669f0, length=43, elements={
0x000001d307e7c800, 0x000001d3239c5000, 0x000001d3239c6800, 0x000001d3239b2000,
0x000001d3239b3000, 0x000001d3239cd000, 0x000001d3239d1000, 0x000001d3239d9000,
0x000001d3239ea800, 0x000001d3244a8800, 0x000001d325aa1000, 0x000001d32545e800,
0x000001d326672800, 0x000001d325863000, 0x000001d32517d800, 0x000001d326507000,
0x000001d326472800, 0x000001d32655c800, 0x000001d3258c6800, 0x000001d325d73800,
0x000001d325d71000, 0x000001d325d71800, 0x000001d325d72800, 0x000001d325d74000,
0x000001d325d70000, 0x000001d325d75000, 0x000001d325d6f000, 0x000001d325d75800,
0x000001d329843800, 0x000001d329846800, 0x000001d329844000, 0x000001d329845000,
0x000001d329847800, 0x000001d329841800, 0x000001d329849000, 0x000001d32984a000,
0x000001d32984b800, 0x000001d32984c800, 0x000001d32984d000, 0x000001d32984a800,
0x000001d32984e000, 0x000001d325d8a000, 0x000001d32984e800
}

Java Threads: ( => current thread )
  0x000001d307e7c800 JavaThread "main" [_thread_blocked, id=9060, stack(0x0000004d37f00000,0x0000004d38000000)]
  0x000001d3239c5000 JavaThread "Reference Handler" daemon [_thread_blocked, id=5564, stack(0x0000004d38600000,0x0000004d38700000)]
  0x000001d3239c6800 JavaThread "Finalizer" daemon [_thread_blocked, id=756, stack(0x0000004d38700000,0x0000004d38800000)]
  0x000001d3239b2000 JavaThread "Signal Dispatcher" daemon [_thread_blocked, id=1004, stack(0x0000004d38800000,0x0000004d38900000)]
  0x000001d3239b3000 JavaThread "Attach Listener" daemon [_thread_blocked, id=5568, stack(0x0000004d38900000,0x0000004d38a00000)]
  0x000001d3239cd000 JavaThread "Service Thread" daemon [_thread_blocked, id=1304, stack(0x0000004d38a00000,0x0000004d38b00000)]
=>0x000001d3239d1000 JavaThread "C2 CompilerThread0" daemon [_thread_in_native, id=3972, stack(0x0000004d38b00000,0x0000004d38c00000)]
  0x000001d3239d9000 JavaThread "C1 CompilerThread0" daemon [_thread_blocked, id=4600, stack(0x0000004d38c00000,0x0000004d38d00000)]
  0x000001d3239ea800 JavaThread "Sweeper thread" daemon [_thread_blocked, id=3804, stack(0x0000004d38d00000,0x0000004d38e00000)]
  0x000001d3244a8800 JavaThread "Common-Cleaner" daemon [_thread_blocked, id=3172, stack(0x0000004d38e00000,0x0000004d38f00000)]
  0x000001d325aa1000 JavaThread "Daemon health stats" [_thread_blocked, id=9036, stack(0x0000004d39200000,0x0000004d39300000)]
  0x000001d32545e800 JavaThread "Incoming local TCP Connector on port 61884" [_thread_in_native, id=6052, stack(0x0000004d39000000,0x0000004d39100000)]
  0x000001d326672800 JavaThread "Daemon periodic checks" [_thread_blocked, id=708, stack(0x0000004d39300000,0x0000004d39400000)]
  0x000001d325863000 JavaThread "Daemon" [_thread_blocked, id=1060, stack(0x0000004d39400000,0x0000004d39500000)]
  0x000001d32517d800 JavaThread "Handler for socket connection from /127.0.0.1:61884 to /127.0.0.1:61885" [_thread_in_native, id=4760, stack(0x0000004d39500000,0x0000004d39600000)]
  0x000001d326507000 JavaThread "Cancel handler" [_thread_blocked, id=9604, stack(0x0000004d39800000,0x0000004d39900000)]
  0x000001d326472800 JavaThread "Daemon worker" [_thread_in_vm, id=6064, stack(0x0000004d39900000,0x0000004d39a00000)]
  0x000001d32655c800 JavaThread "Asynchronous log dispatcher for DefaultDaemonConnection: socket connection from /127.0.0.1:61884 to /127.0.0.1:61885" [_thread_blocked, id=996, stack(0x0000004d39a00000,0x0000004d39b00000)]
  0x000001d3258c6800 JavaThread "Stdin handler" [_thread_blocked, id=1500, stack(0x0000004d39b00000,0x0000004d39c00000)]
  0x000001d325d73800 JavaThread "Daemon client event forwarder" [_thread_blocked, id=9572, stack(0x0000004d39c00000,0x0000004d39d00000)]
  0x000001d325d71000 JavaThread "Cache worker for file hash cache (C:\Users\MARIA TERESA\.gradle\caches\7.0.2\fileHashes)" [_thread_blocked, id=8796, stack(0x0000004d39d00000,0x0000004d39e00000)]
  0x000001d325d71800 JavaThread "File lock request listener" [_thread_in_native, id=9388, stack(0x0000004d39e00000,0x0000004d39f00000)]
  0x000001d325d72800 JavaThread "Cache worker for journal cache (C:\Users\MARIA TERESA\.gradle\caches\journal-1)" [_thread_blocked, id=9752, stack(0x0000004d39f00000,0x0000004d3a000000)]
  0x000001d325d74000 JavaThread "Cache worker for file hash cache (G:\DOWNLOADS\androidstudioprojects\.gradle\7.0.2\fileHashes)" [_thread_blocked, id=5892, stack(0x0000004d3a100000,0x0000004d3a200000)]
  0x000001d325d70000 JavaThread "File watcher server" daemon [_thread_in_native, id=8184, stack(0x0000004d3a200000,0x0000004d3a300000)]
  0x000001d325d75000 JavaThread "File watcher consumer" daemon [_thread_blocked, id=228, stack(0x0000004d3a300000,0x0000004d3a400000)]
  0x000001d325d6f000 JavaThread "Cache worker for checksums cache (G:\DOWNLOADS\androidstudioprojects\.gradle\checksums)" [_thread_blocked, id=7824, stack(0x0000004d3a000000,0x0000004d3a100000)]
  0x000001d325d75800 JavaThread "Cache worker for cache directory md-supplier (C:\Users\MARIA TERESA\.gradle\caches\7.0.2\md-supplier)" [_thread_blocked, id=8556, stack(0x0000004d3a400000,0x0000004d3a500000)]
  0x000001d329843800 JavaThread "Cache worker for cache directory md-rule (C:\Users\MARIA TERESA\.gradle\caches\7.0.2\md-rule)" [_thread_blocked, id=6188, stack(0x0000004d3a600000,0x0000004d3a700000)]
  0x000001d329846800 JavaThread "Cache worker for execution history cache (C:\Users\MARIA TERESA\.gradle\caches\7.0.2\executionHistory)" [_thread_blocked, id=8036, stack(0x0000004d3a700000,0x0000004d3a800000)]
  0x000001d329844000 JavaThread "jar transforms" [_thread_blocked, id=736, stack(0x0000004d3a800000,0x0000004d3a900000)]
  0x000001d329845000 JavaThread "jar transforms Thread 2" [_thread_blocked, id=5132, stack(0x0000004d3a900000,0x0000004d3aa00000)]
  0x000001d329847800 JavaThread "Cache worker for file content cache (C:\Users\MARIA TERESA\.gradle\caches\7.0.2\fileContent)" [_thread_blocked, id=4660, stack(0x0000004d3aa00000,0x0000004d3ab00000)]
  0x000001d329841800 JavaThread "Cache worker for dependencies-accessors (G:\DOWNLOADS\androidstudioprojects\.gradle\7.0.2\dependencies-accessors)" [_thread_blocked, id=6412, stack(0x0000004d3ab00000,0x0000004d3ac00000)]
  0x000001d329849000 JavaThread "jar transforms Thread 3" [_thread_blocked, id=1208, stack(0x0000004d3ac00000,0x0000004d3ad00000)]
  0x000001d32984a000 JavaThread "Cache worker for Build Output Cleanup Cache (G:\DOWNLOADS\androidstudioprojects\.gradle\buildOutputCleanup)" [_thread_blocked, id=6308, stack(0x0000004d3ad00000,0x0000004d3ae00000)]
  0x000001d32984b800 JavaThread "Build operations" [_thread_blocked, id=8940, stack(0x0000004d3ae00000,0x0000004d3af00000)]
  0x000001d32984c800 JavaThread "Build operations Thread 2" [_thread_blocked, id=6476, stack(0x0000004d3af00000,0x0000004d3b000000)]
  0x000001d32984d000 JavaThread "Build operations Thread 3" [_thread_blocked, id=8980, stack(0x0000004d3b000000,0x0000004d3b100000)]
  0x000001d32984a800 JavaThread "Build operations Thread 4" [_thread_blocked, id=5608, stack(0x0000004d3b100000,0x0000004d3b200000)]
  0x000001d32984e000 JavaThread "jar transforms Thread 4" [_thread_blocked, id=7056, stack(0x0000004d3b200000,0x0000004d3b300000)]
  0x000001d325d8a000 JavaThread "C2 CompilerThread1" daemon [_thread_in_native, id=7520, stack(0x0000004d3a500000,0x0000004d3a600000)]
  0x000001d32984e800 JavaThread "Memory manager" [_thread_blocked, id=6376, stack(0x0000004d3b300000,0x0000004d3b400000)]

Other Threads:
  0x000001d32399e800 VMThread "VM Thread" [stack: 0x0000004d38500000,0x0000004d38600000] [id=1496]
  0x000001d3244d7000 WatcherThread [stack: 0x0000004d38f00000,0x0000004d39000000] [id=9948]
  0x000001d307e95000 GCTaskThread "GC Thread#0" [stack: 0x0000004d38000000,0x0000004d38100000] [id=3568]
  0x000001d324f0c800 GCTaskThread "GC Thread#1" [stack: 0x0000004d39100000,0x0000004d39200000] [id=8996]
  0x000001d325775800 GCTaskThread "GC Thread#2" [stack: 0x0000004d39600000,0x0000004d39700000] [id=252]
  0x000001d3265f0800 GCTaskThread "GC Thread#3" [stack: 0x0000004d39700000,0x0000004d39800000] [id=1644]
  0x000001d307ec5000 ConcurrentGCThread "G1 Main Marker" [stack: 0x0000004d38100000,0x0000004d38200000] [id=1096]
  0x000001d307ec9800 ConcurrentGCThread "G1 Conc#0" [stack: 0x0000004d38200000,0x0000004d38300000] [id=4752]
  0x000001d307f29800 ConcurrentGCThread "G1 Refine#0" [stack: 0x0000004d38300000,0x0000004d38400000] [id=976]
  0x000001d307f2a800 ConcurrentGCThread "G1 Young RemSet Sampling" [stack: 0x0000004d38400000,0x0000004d38500000] [id=9632]

Threads with active compile tasks:
C2 CompilerThread0  22532 6795 %     4       org.gradle.internal.instantiation.generator.AbstractClassGenerator::inspectType @ 77 (560 bytes)
C2 CompilerThread1  22532 6862   !   4       java.util.zip.ZipFile::getInputStream (323 bytes)

VM state:not at safepoint (normal execution)

VM Mutex/Monitor currently owned by a thread: None

Heap address: 0x0000000080000000, size: 2048 MB, Compressed Oops mode: 32-bit
Narrow klass base: 0x0000000000000000, Narrow klass shift: 3
Compressed class space size: 1073741824 Address: 0x0000000100000000

Heap:
 garbage-first heap   total 137216K, used 85691K [0x0000000080000000, 0x0000000100000000)
  region size 1024K, 31 young (31744K), 5 survivors (5120K)
 Metaspace       used 68927K, capacity 70447K, committed 70604K, reserved 1110016K
  class space    used 8800K, capacity 9396K, committed 9420K, reserved 1048576K
Heap Regions: E=young(eden), S=young(survivor), O=old, HS=humongous(starts), HC=humongous(continues), CS=collection set, F=free, A=archive, TAMS=top-at-mark-start (previous, next)
|   0|0x0000000080000000, 0x0000000080100000, 0x0000000080100000|100%|HS|  |TAMS 0x0000000080100000, 0x0000000080000000| Complete 
|   1|0x0000000080100000, 0x0000000080200000, 0x0000000080200000|100%|HC|  |TAMS 0x0000000080200000, 0x0000000080100000| Complete 
|   2|0x0000000080200000, 0x0000000080300000, 0x0000000080300000|100%|HC|  |TAMS 0x0000000080300000, 0x0000000080200000| Complete 
|   3|0x0000000080300000, 0x0000000080400000, 0x0000000080400000|100%| O|  |TAMS 0x0000000080400000, 0x0000000080300000| Untracked 
|   4|0x0000000080400000, 0x0000000080500000, 0x0000000080500000|100%| O|  |TAMS 0x0000000080500000, 0x0000000080400000| Untracked 
|   5|0x0000000080500000, 0x0000000080600000, 0x0000000080600000|100%| O|  |TAMS 0x0000000080600000, 0x0000000080500000| Untracked 
|   6|0x0000000080600000, 0x0000000080700000, 0x0000000080700000|100%| O|  |TAMS 0x0000000080700000, 0x0000000080600000| Untracked 
|   7|0x0000000080700000, 0x0000000080800000, 0x0000000080800000|100%| O|  |TAMS 0x0000000080800000, 0x0000000080700000| Untracked 
|   8|0x0000000080800000, 0x0000000080900000, 0x0000000080900000|100%| O|  |TAMS 0x0000000080900000, 0x0000000080800000| Untracked 
|   9|0x0000000080900000, 0x0000000080a00000, 0x0000000080a00000|100%| O|  |TAMS 0x0000000080a00000, 0x0000000080900000| Untracked 
|  10|0x0000000080a00000, 0x0000000080b00000, 0x0000000080b00000|100%| O|  |TAMS 0x0000000080b00000, 0x0000000080a00000| Untracked 
|  11|0x0000000080b00000, 0x0000000080c00000, 0x0000000080c00000|100%| O|  |TAMS 0x0000000080c00000, 0x0000000080b00000| Untracked 
|  12|0x0000000080c00000, 0x0000000080d00000, 0x0000000080d00000|100%| O|  |TAMS 0x0000000080d00000, 0x0000000080c00000| Untracked 
|  13|0x0000000080d00000, 0x0000000080e00000, 0x0000000080e00000|100%| O|  |TAMS 0x0000000080e00000, 0x0000000080d00000| Untracked 
|  14|0x0000000080e00000, 0x0000000080f00000, 0x0000000080f00000|100%| O|  |TAMS 0x0000000080f00000, 0x0000000080e00000| Untracked 
|  15|0x0000000080f00000, 0x0000000081000000, 0x0000000081000000|100%| O|  |TAMS 0x0000000081000000, 0x0000000080f00000| Untracked 
|  16|0x0000000081000000, 0x0000000081100000, 0x0000000081100000|100%| O|  |TAMS 0x0000000081100000, 0x0000000081000000| Untracked 
|  17|0x0000000081100000, 0x0000000081200000, 0x0000000081200000|100%|HS|  |TAMS 0x0000000081200000, 0x0000000081100000| Complete 
|  18|0x0000000081200000, 0x0000000081300000, 0x0000000081300000|100%| O|  |TAMS 0x0000000081300000, 0x0000000081200000| Untracked 
|  19|0x0000000081300000, 0x0000000081400000, 0x0000000081400000|100%| O|  |TAMS 0x0000000081400000, 0x0000000081300000| Untracked 
|  20|0x0000000081400000, 0x0000000081500000, 0x0000000081500000|100%| O|  |TAMS 0x0000000081500000, 0x0000000081400000| Untracked 
|  21|0x0000000081500000, 0x0000000081600000, 0x0000000081600000|100%| O|  |TAMS 0x0000000081600000, 0x0000000081500000| Untracked 
|  22|0x0000000081600000, 0x0000000081700000, 0x0000000081700000|100%| O|  |TAMS 0x0000000081700000, 0x0000000081600000| Untracked 
|  23|0x0000000081700000, 0x0000000081800000, 0x0000000081800000|100%| O|  |TAMS 0x0000000081800000, 0x0000000081700000| Untracked 
|  24|0x0000000081800000, 0x0000000081900000, 0x0000000081900000|100%| O|  |TAMS 0x0000000081900000, 0x0000000081800000| Untracked 
|  25|0x0000000081900000, 0x0000000081a00000, 0x0000000081a00000|100%| O|  |TAMS 0x0000000081a00000, 0x0000000081900000| Untracked 
|  26|0x0000000081a00000, 0x0000000081b00000, 0x0000000081b00000|100%| O|  |TAMS 0x0000000081b00000, 0x0000000081a00000| Untracked 
|  27|0x0000000081b00000, 0x0000000081c00000, 0x0000000081c00000|100%| O|  |TAMS 0x0000000081c00000, 0x0000000081b00000| Untracked 
|  28|0x0000000081c00000, 0x0000000081d00000, 0x0000000081d00000|100%| O|  |TAMS 0x0000000081d00000, 0x0000000081c00000| Untracked 
|  29|0x0000000081d00000, 0x0000000081e00000, 0x0000000081e00000|100%|HS|  |TAMS 0x0000000081e00000, 0x0000000081d00000| Complete 
|  30|0x0000000081e00000, 0x0000000081f00000, 0x0000000081f00000|100%|HS|  |TAMS 0x0000000081f00000, 0x0000000081e00000| Complete 
|  31|0x0000000081f00000, 0x0000000082000000, 0x0000000082000000|100%|HS|  |TAMS 0x0000000082000000, 0x0000000081f00000| Complete 
|  32|0x0000000082000000, 0x0000000082100000, 0x0000000082100000|100%|HC|  |TAMS 0x0000000082100000, 0x0000000082000000| Complete 
|  33|0x0000000082100000, 0x0000000082200000, 0x0000000082200000|100%|HC|  |TAMS 0x0000000082200000, 0x0000000082100000| Complete 
|  34|0x0000000082200000, 0x0000000082300000, 0x0000000082300000|100%|HS|  |TAMS 0x0000000082300000, 0x0000000082200000| Complete 
|  35|0x0000000082300000, 0x0000000082400000, 0x0000000082400000|100%|HC|  |TAMS 0x0000000082400000, 0x0000000082300000| Complete 
|  36|0x0000000082400000, 0x0000000082500000, 0x0000000082500000|100%| O|  |TAMS 0x0000000082500000, 0x0000000082400000| Untracked 
|  37|0x0000000082500000, 0x0000000082600000, 0x0000000082600000|100%| O|  |TAMS 0x0000000082600000, 0x0000000082500000| Untracked 
|  38|0x0000000082600000, 0x0000000082700000, 0x0000000082700000|100%| O|  |TAMS 0x0000000082700000, 0x0000000082600000| Untracked 
|  39|0x0000000082700000, 0x0000000082800000, 0x0000000082800000|100%| O|  |TAMS 0x0000000082800000, 0x0000000082700000| Untracked 
|  40|0x0000000082800000, 0x0000000082900000, 0x0000000082900000|100%| O|  |TAMS 0x0000000082900000, 0x0000000082800000| Untracked 
|  41|0x0000000082900000, 0x0000000082a00000, 0x0000000082a00000|100%| O|  |TAMS 0x0000000082a00000, 0x0000000082900000| Untracked 
|  42|0x0000000082a00000, 0x0000000082b00000, 0x0000000082b00000|100%| O|  |TAMS 0x0000000082b00000, 0x0000000082a00000| Untracked 
|  43|0x0000000082b00000, 0x0000000082c00000, 0x0000000082c00000|100%| O|  |TAMS 0x0000000082c00000, 0x0000000082b00000| Untracked 
|  44|0x0000000082c00000, 0x0000000082d00000, 0x0000000082d00000|100%| O|  |TAMS 0x0000000082d00000, 0x0000000082c00000| Untracked 
|  45|0x0000000082d00000, 0x0000000082e00000, 0x0000000082e00000|100%| O|  |TAMS 0x0000000082d00000, 0x0000000082d00000| Untracked 
|  46|0x0000000082e00000, 0x0000000082f00000, 0x0000000082f00000|100%| O|  |TAMS 0x0000000082f00000, 0x0000000082e00000| Untracked 
|  47|0x0000000082f00000, 0x0000000083000000, 0x0000000083000000|100%| O|  |TAMS 0x0000000083000000, 0x0000000082f00000| Untracked 
|  48|0x0000000083000000, 0x0000000083100000, 0x0000000083100000|100%| O|  |TAMS 0x00000000830c1600, 0x0000000083000000| Untracked 
|  49|0x0000000083100000, 0x0000000083200000, 0x0000000083200000|100%| O|  |TAMS 0x0000000083100000, 0x0000000083100000| Untracked 
|  50|0x0000000083200000, 0x0000000083300000, 0x0000000083300000|100%| O|  |TAMS 0x0000000083200000, 0x0000000083200000| Untracked 
|  51|0x0000000083300000, 0x0000000083400000, 0x0000000083400000|100%| O|  |TAMS 0x0000000083300000, 0x0000000083300000| Untracked 
|  52|0x0000000083400000, 0x0000000083500000, 0x0000000083500000|100%| O|  |TAMS 0x0000000083500000, 0x0000000083400000| Untracked 
|  53|0x0000000083500000, 0x0000000083600000, 0x0000000083600000|100%| O|  |TAMS 0x0000000083500000, 0x0000000083500000| Untracked 
|  54|0x0000000083600000, 0x000000008366e000, 0x0000000083700000| 42%| O|  |TAMS 0x0000000083600000, 0x0000000083600000| Untracked 
|  55|0x0000000083700000, 0x0000000083700000, 0x0000000083800000|  0%| F|  |TAMS 0x0000000083700000, 0x0000000083700000| Untracked 
|  56|0x0000000083800000, 0x0000000083800000, 0x0000000083900000|  0%| F|  |TAMS 0x0000000083800000, 0x0000000083800000| Untracked 
|  57|0x0000000083900000, 0x0000000083900000, 0x0000000083a00000|  0%| F|  |TAMS 0x0000000083900000, 0x0000000083900000| Untracked 
|  58|0x0000000083a00000, 0x0000000083a00000, 0x0000000083b00000|  0%| F|  |TAMS 0x0000000083a00000, 0x0000000083a00000| Untracked 
|  59|0x0000000083b00000, 0x0000000083b00000, 0x0000000083c00000|  0%| F|  |TAMS 0x0000000083b00000, 0x0000000083b00000| Untracked 
|  60|0x0000000083c00000, 0x0000000083c00000, 0x0000000083d00000|  0%| F|  |TAMS 0x0000000083c00000, 0x0000000083c00000| Untracked 
|  61|0x0000000083d00000, 0x0000000083d00000, 0x0000000083e00000|  0%| F|  |TAMS 0x0000000083d00000, 0x0000000083d00000| Untracked 
|  62|0x0000000083e00000, 0x0000000083e00000, 0x0000000083f00000|  0%| F|  |TAMS 0x0000000083e00000, 0x0000000083e00000| Untracked 
|  63|0x0000000083f00000, 0x0000000083f00000, 0x0000000084000000|  0%| F|  |TAMS 0x0000000083f00000, 0x0000000083f00000| Untracked 
|  64|0x0000000084000000, 0x0000000084000000, 0x0000000084100000|  0%| F|  |TAMS 0x0000000084000000, 0x0000000084000000| Untracked 
|  65|0x0000000084100000, 0x0000000084100000, 0x0000000084200000|  0%| F|  |TAMS 0x0000000084100000, 0x0000000084100000| Untracked 
|  66|0x0000000084200000, 0x0000000084200000, 0x0000000084300000|  0%| F|  |TAMS 0x0000000084200000, 0x0000000084200000| Untracked 
|  67|0x0000000084300000, 0x0000000084300000, 0x0000000084400000|  0%| F|  |TAMS 0x0000000084300000, 0x0000000084300000| Untracked 
|  68|0x0000000084400000, 0x0000000084400000, 0x0000000084500000|  0%| F|  |TAMS 0x0000000084400000, 0x0000000084400000| Untracked 
|  69|0x0000000084500000, 0x0000000084500000, 0x0000000084600000|  0%| F|  |TAMS 0x0000000084500000, 0x0000000084500000| Untracked 
|  70|0x0000000084600000, 0x0000000084600000, 0x0000000084700000|  0%| F|  |TAMS 0x0000000084600000, 0x0000000084600000| Untracked 
|  71|0x0000000084700000, 0x0000000084700000, 0x0000000084800000|  0%| F|  |TAMS 0x0000000084700000, 0x0000000084700000| Untracked 
|  72|0x0000000084800000, 0x0000000084800000, 0x0000000084900000|  0%| F|  |TAMS 0x0000000084800000, 0x0000000084800000| Untracked 
|  73|0x0000000084900000, 0x0000000084900000, 0x0000000084a00000|  0%| F|  |TAMS 0x0000000084900000, 0x0000000084900000| Untracked 
|  74|0x0000000084a00000, 0x0000000084a00000, 0x0000000084b00000|  0%| F|  |TAMS 0x0000000084a00000, 0x0000000084a00000| Untracked 
|  75|0x0000000084b00000, 0x0000000084b00000, 0x0000000084c00000|  0%| F|  |TAMS 0x0000000084b00000, 0x0000000084b00000| Untracked 
|  76|0x0000000084c00000, 0x0000000084c00000, 0x0000000084d00000|  0%| F|  |TAMS 0x0000000084c00000, 0x0000000084c00000| Untracked 
|  77|0x0000000084d00000, 0x0000000084d40f20, 0x0000000084e00000| 25%| S|CS|TAMS 0x0000000084d00000, 0x0000000084d00000| Complete 
|  78|0x0000000084e00000, 0x0000000084f00000, 0x0000000084f00000|100%| S|CS|TAMS 0x0000000084e00000, 0x0000000084e00000| Complete 
|  79|0x0000000084f00000, 0x0000000085000000, 0x0000000085000000|100%| S|CS|TAMS 0x0000000084f00000, 0x0000000084f00000| Complete 
|  80|0x0000000085000000, 0x0000000085100000, 0x0000000085100000|100%| S|CS|TAMS 0x0000000085000000, 0x0000000085000000| Complete 
|  81|0x0000000085100000, 0x0000000085200000, 0x0000000085200000|100%| S|CS|TAMS 0x0000000085100000, 0x0000000085100000| Complete 
|  82|0x0000000085200000, 0x0000000085200000, 0x0000000085300000|  0%| F|  |TAMS 0x0000000085200000, 0x0000000085200000| Untracked 
|  83|0x0000000085300000, 0x0000000085300000, 0x0000000085400000|  0%| F|  |TAMS 0x0000000085300000, 0x0000000085300000| Untracked 
|  84|0x0000000085400000, 0x0000000085400000, 0x0000000085500000|  0%| F|  |TAMS 0x0000000085400000, 0x0000000085400000| Untracked 
|  85|0x0000000085500000, 0x0000000085500000, 0x0000000085600000|  0%| F|  |TAMS 0x0000000085500000, 0x0000000085500000| Untracked 
|  86|0x0000000085600000, 0x0000000085600000, 0x0000000085700000|  0%| F|  |TAMS 0x0000000085600000, 0x0000000085600000| Untracked 
|  87|0x0000000085700000, 0x0000000085700000, 0x0000000085800000|  0%| F|  |TAMS 0x0000000085700000, 0x0000000085700000| Untracked 
|  88|0x0000000085800000, 0x0000000085800000, 0x0000000085900000|  0%| F|  |TAMS 0x0000000085800000, 0x0000000085800000| Untracked 
|  89|0x0000000085900000, 0x0000000085900000, 0x0000000085a00000|  0%| F|  |TAMS 0x0000000085900000, 0x0000000085900000| Untracked 
|  90|0x0000000085a00000, 0x0000000085a00000, 0x0000000085b00000|  0%| F|  |TAMS 0x0000000085a00000, 0x0000000085a00000| Untracked 
|  91|0x0000000085b00000, 0x0000000085b00000, 0x0000000085c00000|  0%| F|  |TAMS 0x0000000085b00000, 0x0000000085b00000| Untracked 
|  92|0x0000000085c00000, 0x0000000085c00000, 0x0000000085d00000|  0%| F|  |TAMS 0x0000000085c00000, 0x0000000085c00000| Untracked 
|  93|0x0000000085d00000, 0x0000000085d00000, 0x0000000085e00000|  0%| F|  |TAMS 0x0000000085d00000, 0x0000000085d00000| Untracked 
|  94|0x0000000085e00000, 0x0000000085e00000, 0x0000000085f00000|  0%| F|  |TAMS 0x0000000085e00000, 0x0000000085e00000| Untracked 
|  95|0x0000000085f00000, 0x0000000085f00000, 0x0000000086000000|  0%| F|  |TAMS 0x0000000085f00000, 0x0000000085f00000| Untracked 
|  96|0x0000000086000000, 0x0000000086000000, 0x0000000086100000|  0%| F|  |TAMS 0x0000000086000000, 0x0000000086000000| Untracked 
|  97|0x0000000086100000, 0x0000000086100000, 0x0000000086200000|  0%| F|  |TAMS 0x0000000086100000, 0x0000000086100000| Untracked 
|  98|0x0000000086200000, 0x0000000086200000, 0x0000000086300000|  0%| F|  |TAMS 0x0000000086200000, 0x0000000086200000| Untracked 
|  99|0x0000000086300000, 0x0000000086300000, 0x0000000086400000|  0%| F|  |TAMS 0x0000000086300000, 0x0000000086300000| Untracked 
| 100|0x0000000086400000, 0x0000000086400000, 0x0000000086500000|  0%| F|  |TAMS 0x0000000086400000, 0x0000000086400000| Untracked 
| 101|0x0000000086500000, 0x0000000086500000, 0x0000000086600000|  0%| F|  |TAMS 0x0000000086500000, 0x0000000086500000| Untracked 
| 102|0x0000000086600000, 0x0000000086600000, 0x0000000086700000|  0%| F|  |TAMS 0x0000000086600000, 0x0000000086600000| Untracked 
| 103|0x0000000086700000, 0x0000000086700000, 0x0000000086800000|  0%| F|  |TAMS 0x0000000086700000, 0x0000000086700000| Untracked 
| 104|0x0000000086800000, 0x0000000086800000, 0x0000000086900000|  0%| F|  |TAMS 0x0000000086800000, 0x0000000086800000| Untracked 
| 105|0x0000000086900000, 0x0000000086900000, 0x0000000086a00000|  0%| F|  |TAMS 0x0000000086900000, 0x0000000086900000| Untracked 
| 106|0x0000000086a00000, 0x0000000086a00000, 0x0000000086b00000|  0%| F|  |TAMS 0x0000000086a00000, 0x0000000086a00000| Untracked 
| 107|0x0000000086b00000, 0x0000000086b00000, 0x0000000086c00000|  0%| F|  |TAMS 0x0000000086b00000, 0x0000000086b00000| Untracked 
| 108|0x0000000086c00000, 0x0000000086d00000, 0x0000000086d00000|100%| E|  |TAMS 0x0000000086c00000, 0x0000000086c00000| Complete 
| 109|0x0000000086d00000, 0x0000000086e00000, 0x0000000086e00000|100%| E|CS|TAMS 0x0000000086d00000, 0x0000000086d00000| Complete 
| 110|0x0000000086e00000, 0x0000000086f00000, 0x0000000086f00000|100%| E|CS|TAMS 0x0000000086e00000, 0x0000000086e00000| Complete 
| 111|0x0000000086f00000, 0x0000000087000000, 0x0000000087000000|100%| E|CS|TAMS 0x0000000086f00000, 0x0000000086f00000| Complete 
| 112|0x0000000087000000, 0x0000000087100000, 0x0000000087100000|100%| E|CS|TAMS 0x0000000087000000, 0x0000000087000000| Complete 
| 113|0x0000000087100000, 0x0000000087200000, 0x0000000087200000|100%| E|CS|TAMS 0x0000000087100000, 0x0000000087100000| Complete 
| 114|0x0000000087200000, 0x0000000087300000, 0x0000000087300000|100%| E|CS|TAMS 0x0000000087200000, 0x0000000087200000| Complete 
| 115|0x0000000087300000, 0x0000000087400000, 0x0000000087400000|100%| E|CS|TAMS 0x0000000087300000, 0x0000000087300000| Complete 
| 116|0x0000000087400000, 0x0000000087500000, 0x0000000087500000|100%| E|CS|TAMS 0x0000000087400000, 0x0000000087400000| Complete 
| 117|0x0000000087500000, 0x0000000087600000, 0x0000000087600000|100%| E|CS|TAMS 0x0000000087500000, 0x0000000087500000| Complete 
| 118|0x0000000087600000, 0x0000000087700000, 0x0000000087700000|100%| E|CS|TAMS 0x0000000087600000, 0x0000000087600000| Complete 
| 119|0x0000000087700000, 0x0000000087800000, 0x0000000087800000|100%| E|CS|TAMS 0x0000000087700000, 0x0000000087700000| Complete 
| 120|0x0000000087800000, 0x0000000087900000, 0x0000000087900000|100%| E|CS|TAMS 0x0000000087800000, 0x0000000087800000| Complete 
| 121|0x0000000087900000, 0x0000000087a00000, 0x0000000087a00000|100%| E|CS|TAMS 0x0000000087900000, 0x0000000087900000| Complete 
| 122|0x0000000087a00000, 0x0000000087b00000, 0x0000000087b00000|100%| E|CS|TAMS 0x0000000087a00000, 0x0000000087a00000| Complete 
| 123|0x0000000087b00000, 0x0000000087c00000, 0x0000000087c00000|100%| E|CS|TAMS 0x0000000087b00000, 0x0000000087b00000| Complete 
| 124|0x0000000087c00000, 0x0000000087d00000, 0x0000000087d00000|100%| E|CS|TAMS 0x0000000087c00000, 0x0000000087c00000| Complete 
| 125|0x0000000087d00000, 0x0000000087e00000, 0x0000000087e00000|100%| E|CS|TAMS 0x0000000087d00000, 0x0000000087d00000| Complete 
| 126|0x0000000087e00000, 0x0000000087f00000, 0x0000000087f00000|100%| E|CS|TAMS 0x0000000087e00000, 0x0000000087e00000| Complete 
| 127|0x0000000087f00000, 0x0000000088000000, 0x0000000088000000|100%| E|CS|TAMS 0x0000000087f00000, 0x0000000087f00000| Complete 
| 128|0x0000000088000000, 0x0000000088100000, 0x0000000088100000|100%| E|CS|TAMS 0x0000000088000000, 0x0000000088000000| Complete 
| 129|0x0000000088100000, 0x0000000088200000, 0x0000000088200000|100%| E|CS|TAMS 0x0000000088100000, 0x0000000088100000| Complete 
| 130|0x0000000088200000, 0x0000000088300000, 0x0000000088300000|100%| E|CS|TAMS 0x0000000088200000, 0x0000000088200000| Complete 
| 131|0x0000000088300000, 0x0000000088400000, 0x0000000088400000|100%| E|CS|TAMS 0x0000000088300000, 0x0000000088300000| Complete 
| 132|0x0000000088400000, 0x0000000088500000, 0x0000000088500000|100%| E|CS|TAMS 0x0000000088400000, 0x0000000088400000| Complete 
| 133|0x0000000088500000, 0x0000000088600000, 0x0000000088600000|100%| E|CS|TAMS 0x0000000088500000, 0x0000000088500000| Complete 

Card table byte_map: [0x000001d31cb80000,0x000001d31cf80000] _byte_map_base: 0x000001d31c780000

Marking Bits (Prev, Next): (CMBitMap*) 0x000001d307ebc318, (CMBitMap*) 0x000001d307ebc350
 Prev Bits: [0x000001d31d380000, 0x000001d31f380000)
 Next Bits: [0x000001d31f380000, 0x000001d321380000)

Polling page: 0x000001d307f60000

Metaspace:

Usage:
  Non-class:     59.68 MB capacity,    58.74 MB ( 98%) used,   793.39 KB (  1%) free+waste,   171.31 KB ( <1%) overhead. 
      Class:      9.18 MB capacity,     8.60 MB ( 94%) used,   513.37 KB (  5%) free+waste,    79.56 KB ( <1%) overhead. 
       Both:     68.86 MB capacity,    67.34 MB ( 98%) used,     1.28 MB (  2%) free+waste,   250.88 KB ( <1%) overhead. 

Virtual space:
  Non-class space:       60.00 MB reserved,      59.75 MB (>99%) committed 
      Class space:        1.00 GB reserved,       9.20 MB ( <1%) committed 
             Both:        1.06 GB reserved,      68.95 MB (  6%) committed 

Chunk freelists:
   Non-Class:  5.00 KB
       Class:  12.00 KB
        Both:  17.00 KB

MaxMetaspaceSize: 17179869184.00 GB
CompressedClassSpaceSize: 1.00 GB

CodeHeap 'non-profiled nmethods': size=120064Kb used=4130Kb max_used=4130Kb free=115933Kb
 bounds [0x000001d314c10000, 0x000001d315020000, 0x000001d31c150000]
CodeHeap 'profiled nmethods': size=120000Kb used=14611Kb max_used=14611Kb free=105388Kb
 bounds [0x000001d30d6e0000, 0x000001d30e530000, 0x000001d314c10000]
CodeHeap 'non-nmethods': size=5696Kb used=2253Kb max_used=2317Kb free=3442Kb
 bounds [0x000001d30d150000, 0x000001d30d3c0000, 0x000001d30d6e0000]
 total_blobs=7685 nmethods=6829 adapters=768
 compilation: enabled
              stopped_count=0, restarted_count=0
 full_count=0

Compilation events (20 events):
Event: 22.378 Thread 0x000001d3239d9000 6852       1       org.gradle.api.internal.provider.DefaultProperty::getType (5 bytes)
Event: 22.379 Thread 0x000001d3239d9000 nmethod 6852 0x000001d315015710 code [0x000001d3150158c0, 0x000001d315015978]
Event: 22.384 Thread 0x000001d325d8a000 6853       4       com.google.common.collect.ImmutableSet::construct (252 bytes)
Event: 22.406 Thread 0x000001d3239d9000 6854       3       org.gradle.api.internal.DefaultDomainObjectCollection::withMutationDisabled (11 bytes)
Event: 22.406 Thread 0x000001d3239d9000 nmethod 6854 0x000001d30e520f10 code [0x000001d30e5210e0, 0x000001d30e521358]
Event: 22.415 Thread 0x000001d325d8a000 nmethod 6853 0x000001d315015a10 code [0x000001d315015c20, 0x000001d315016a18]
Event: 22.415 Thread 0x000001d3239d9000 6855       3       org.gradle.api.internal.AbstractMutationGuard::withMutationDisabled (7 bytes)
Event: 22.416 Thread 0x000001d3239d9000 nmethod 6855 0x000001d30e521490 code [0x000001d30e521640, 0x000001d30e521808]
Event: 22.416 Thread 0x000001d3239d9000 6856       3       org.gradle.api.internal.DefaultMutationGuard::newActionWithMutation (11 bytes)
Event: 22.416 Thread 0x000001d325d8a000 6858       4       java.lang.ClassLoader::definePackage (84 bytes)
Event: 22.416 Thread 0x000001d3239d9000 nmethod 6856 0x000001d30e521890 code [0x000001d30e521a60, 0x000001d30e521d38]
Event: 22.416 Thread 0x000001d3239d9000 6857       3       org.gradle.api.internal.DefaultMutationGuard$2::<init> (20 bytes)
Event: 22.416 Thread 0x000001d3239d9000 nmethod 6857 0x000001d30e521e90 code [0x000001d30e522040, 0x000001d30e522258]
Event: 22.438 Thread 0x000001d325d8a000 nmethod 6858 0x000001d315017190 code [0x000001d315017380, 0x000001d315017bb8]
Event: 22.458 Thread 0x000001d3239d9000 6859       1       org.gradle.internal.ImmutableActionSet$SetWithManyActions::isEmpty (2 bytes)
Event: 22.458 Thread 0x000001d3239d9000 nmethod 6859 0x000001d315018190 code [0x000001d315018340, 0x000001d3150183f8]
Event: 22.470 Thread 0x000001d3239d9000 6860       3       org.gradle.api.internal.DefaultNamedDomainObjectCollection::hasWithName (32 bytes)
Event: 22.470 Thread 0x000001d3239d9000 nmethod 6860 0x000001d30e522310 code [0x000001d30e5224e0, 0x000001d30e522818]
Event: 22.470 Thread 0x000001d3239d9000 6861       3       org.gradle.api.internal.project.DefaultProject::getIdentityPath (10 bytes)
Event: 22.470 Thread 0x000001d3239d9000 nmethod 6861 0x000001d30e522910 code [0x000001d30e522ac0, 0x000001d30e522c18]

GC Heap History (20 events):
Event: 6.537 GC heap before
{Heap before GC invocations=6 (full 0):
 garbage-first heap   total 113664K, used 61601K [0x0000000080000000, 0x0000000100000000)
  region size 1024K, 45 young (46080K), 2 survivors (2048K)
 Metaspace       used 25134K, capacity 25741K, committed 25984K, reserved 1071104K
  class space    used 3253K, capacity 3455K, committed 3456K, reserved 1048576K
}
Event: 6.544 GC heap after
{Heap after GC invocations=7 (full 0):
 garbage-first heap   total 113664K, used 19098K [0x0000000080000000, 0x0000000100000000)
  region size 1024K, 3 young (3072K), 3 survivors (3072K)
 Metaspace       used 25134K, capacity 25741K, committed 25984K, reserved 1071104K
  class space    used 3253K, capacity 3455K, committed 3456K, reserved 1048576K
}
Event: 9.526 GC heap before
{Heap before GC invocations=7 (full 0):
 garbage-first heap   total 113664K, used 75418K [0x0000000080000000, 0x0000000100000000)
  region size 1024K, 58 young (59392K), 3 survivors (3072K)
 Metaspace       used 31540K, capacity 32300K, committed 32384K, reserved 1077248K
  class space    used 4179K, capacity 4409K, committed 4480K, reserved 1048576K
}
Event: 9.536 GC heap after
{Heap after GC invocations=8 (full 0):
 garbage-first heap   total 113664K, used 21465K [0x0000000080000000, 0x0000000100000000)
  region size 1024K, 6 young (6144K), 6 survivors (6144K)
 Metaspace       used 31540K, capacity 32300K, committed 32384K, reserved 1077248K
  class space    used 4179K, capacity 4409K, committed 4480K, reserved 1048576K
}
Event: 9.920 GC heap before
{Heap before GC invocations=8 (full 0):
 garbage-first heap   total 113664K, used 29657K [0x0000000080000000, 0x0000000100000000)
  region size 1024K, 16 young (16384K), 6 survivors (6144K)
 Metaspace       used 35067K, capacity 35830K, committed 35840K, reserved 1081344K
  class space    used 4539K, capacity 4864K, committed 4864K, reserved 1048576K
}
Event: 9.935 GC heap after
{Heap after GC invocations=9 (full 0):
 garbage-first heap   total 113664K, used 22861K [0x0000000080000000, 0x0000000100000000)
  region size 1024K, 6 young (6144K), 6 survivors (6144K)
 Metaspace       used 35067K, capacity 35830K, committed 35840K, reserved 1081344K
  class space    used 4539K, capacity 4864K, committed 4864K, reserved 1048576K
}
Event: 11.240 GC heap before
{Heap before GC invocations=10 (full 0):
 garbage-first heap   total 113664K, used 83277K [0x0000000080000000, 0x0000000100000000)
  region size 1024K, 63 young (64512K), 6 survivors (6144K)
 Metaspace       used 39220K, capacity 40129K, committed 40268K, reserved 1083392K
  class space    used 5001K, capacity 5353K, committed 5452K, reserved 1048576K
}
Event: 11.261 GC heap after
{Heap after GC invocations=11 (full 0):
 garbage-first heap   total 113664K, used 28115K [0x0000000080000000, 0x0000000100000000)
  region size 1024K, 8 young (8192K), 8 survivors (8192K)
 Metaspace       used 39220K, capacity 40129K, committed 40268K, reserved 1083392K
  class space    used 5001K, capacity 5353K, committed 5452K, reserved 1048576K
}
Event: 12.594 GC heap before
{Heap before GC invocations=11 (full 0):
 garbage-first heap   total 113664K, used 85459K [0x0000000080000000, 0x0000000100000000)
  region size 1024K, 64 young (65536K), 8 survivors (8192K)
 Metaspace       used 44418K, capacity 45500K, committed 45772K, reserved 1089536K
  class space    used 5692K, capacity 6074K, committed 6092K, reserved 1048576K
}
Event: 12.614 GC heap after
{Heap after GC invocations=12 (full 0):
 garbage-first heap   total 113664K, used 30518K [0x0000000080000000, 0x0000000100000000)
  region size 1024K, 3 young (3072K), 3 survivors (3072K)
 Metaspace       used 44418K, capacity 45500K, committed 45772K, reserved 1089536K
  class space    used 5692K, capacity 6074K, committed 6092K, reserved 1048576K
}
Event: 15.457 GC heap before
{Heap before GC invocations=12 (full 0):
 garbage-first heap   total 113664K, used 94006K [0x0000000080000000, 0x0000000100000000)
  region size 1024K, 58 young (59392K), 3 survivors (3072K)
 Metaspace       used 47221K, capacity 48418K, committed 48460K, reserved 1091584K
  class space    used 6015K, capacity 6462K, committed 6476K, reserved 1048576K
}
Event: 15.475 GC heap after
{Heap after GC invocations=13 (full 0):
 garbage-first heap   total 137216K, used 46975K [0x0000000080000000, 0x0000000100000000)
  region size 1024K, 8 young (8192K), 8 survivors (8192K)
 Metaspace       used 47221K, capacity 48418K, committed 48460K, reserved 1091584K
  class space    used 6015K, capacity 6462K, committed 6476K, reserved 1048576K
}
Event: 17.185 GC heap before
{Heap before GC invocations=13 (full 0):
 garbage-first heap   total 137216K, used 105343K [0x0000000080000000, 0x0000000100000000)
  region size 1024K, 65 young (66560K), 8 survivors (8192K)
 Metaspace       used 54451K, capacity 55841K, committed 56140K, reserved 1097728K
  class space    used 6901K, capacity 7407K, committed 7500K, reserved 1048576K
}
Event: 17.202 GC heap after
{Heap after GC invocations=14 (full 0):
 garbage-first heap   total 137216K, used 50605K [0x0000000080000000, 0x0000000100000000)
  region size 1024K, 4 young (4096K), 4 survivors (4096K)
 Metaspace       used 54451K, capacity 55841K, committed 56140K, reserved 1097728K
  class space    used 6901K, capacity 7407K, committed 7500K, reserved 1048576K
}
Event: 18.358 GC heap before
{Heap before GC invocations=14 (full 0):
 garbage-first heap   total 137216K, used 76205K [0x0000000080000000, 0x0000000100000000)
  region size 1024K, 30 young (30720K), 4 survivors (4096K)
 Metaspace       used 58722K, capacity 60173K, committed 60236K, reserved 1101824K
  class space    used 7430K, capacity 7974K, committed 8012K, reserved 1048576K
}
Event: 18.370 GC heap after
{Heap after GC invocations=15 (full 0):
 garbage-first heap   total 137216K, used 51826K [0x0000000080000000, 0x0000000100000000)
  region size 1024K, 5 young (5120K), 5 survivors (5120K)
 Metaspace       used 58722K, capacity 60173K, committed 60236K, reserved 1101824K
  class space    used 7430K, capacity 7974K, committed 8012K, reserved 1048576K
}
Event: 20.171 GC heap before
{Heap before GC invocations=16 (full 0):
 garbage-first heap   total 137216K, used 108146K [0x0000000080000000, 0x0000000100000000)
  region size 1024K, 60 young (61440K), 5 survivors (5120K)
 Metaspace       used 63899K, capacity 65410K, committed 65484K, reserved 1105920K
  class space    used 8082K, capacity 8619K, committed 8652K, reserved 1048576K
}
Event: 20.197 GC heap after
{Heap after GC invocations=17 (full 0):
 garbage-first heap   total 137216K, used 56060K [0x0000000080000000, 0x0000000100000000)
  region size 1024K, 6 young (6144K), 6 survivors (6144K)
 Metaspace       used 63899K, capacity 65410K, committed 65484K, reserved 1105920K
  class space    used 8082K, capacity 8619K, committed 8652K, reserved 1048576K
}
Event: 21.511 GC heap before
{Heap before GC invocations=18 (full 0):
 garbage-first heap   total 137216K, used 109308K [0x0000000080000000, 0x0000000100000000)
  region size 1024K, 58 young (59392K), 6 survivors (6144K)
 Metaspace       used 66078K, capacity 67636K, committed 67916K, reserved 1107968K
  class space    used 8372K, capacity 8970K, committed 9036K, reserved 1048576K
}
Event: 21.528 GC heap after
{Heap after GC invocations=19 (full 0):
 garbage-first heap   total 137216K, used 60091K [0x0000000080000000, 0x0000000100000000)
  region size 1024K, 5 young (5120K), 5 survivors (5120K)
 Metaspace       used 66078K, capacity 67636K, committed 67916K, reserved 1107968K
  class space    used 8372K, capacity 8970K, committed 9036K, reserved 1048576K
}

Deoptimization events (20 events):
Event: 21.190 Thread 0x000001d326472800 Uncommon trap: trap_request=0xffffff4d fr.pc=0x000001d314da5300 relative=0x0000000000000340
Event: 21.190 Thread 0x000001d326472800 Uncommon trap: reason=unstable_if action=reinterpret pc=0x000001d314da5300 method=java.util.StringJoiner.add(Ljava/lang/CharSequence;)Ljava/util/StringJoiner; @ 33 c2
Event: 21.190 Thread 0x000001d326472800 DEOPT PACKING pc=0x000001d314da5300 sp=0x0000004d399f5c70
Event: 21.190 Thread 0x000001d326472800 DEOPT UNPACKING pc=0x000001d30d176a29 sp=0x0000004d399f5c20 mode 2
Event: 21.481 Thread 0x000001d326472800 Uncommon trap: trap_request=0xffffff4d fr.pc=0x000001d314ecff58 relative=0x0000000000000df8
Event: 21.482 Thread 0x000001d326472800 Uncommon trap: reason=unstable_if action=reinterpret pc=0x000001d314ecff58 method=org.codehaus.groovy.runtime.metaclass.MetaMethodIndex.isOverridden(Lgroovy/lang/MetaMethod;Lgroovy/lang/MetaMethod;)Z @ 33 c2
Event: 21.482 Thread 0x000001d326472800 DEOPT PACKING pc=0x000001d314ecff58 sp=0x0000004d399f4d00
Event: 21.482 Thread 0x000001d326472800 DEOPT UNPACKING pc=0x000001d30d176a29 sp=0x0000004d399f4c58 mode 2
Event: 21.617 Thread 0x000001d326472800 Uncommon trap: trap_request=0xfffffff4 fr.pc=0x000001d314e3c1b4 relative=0x0000000000000734
Event: 21.617 Thread 0x000001d326472800 Uncommon trap: reason=null_check action=make_not_entrant pc=0x000001d314e3c1b4 method=org.gradle.util.internal.SimpleMapInterner.intern(Ljava/lang/Object;)Ljava/lang/Object; @ 2 c2
Event: 21.617 Thread 0x000001d326472800 DEOPT PACKING pc=0x000001d314e3c1b4 sp=0x0000004d399f78b0
Event: 21.617 Thread 0x000001d326472800 DEOPT UNPACKING pc=0x000001d30d176a29 sp=0x0000004d399f7878 mode 2
Event: 21.617 Thread 0x000001d326472800 Uncommon trap: trap_request=0xffffff4d fr.pc=0x000001d314e3d0fc relative=0x000000000000071c
Event: 21.617 Thread 0x000001d326472800 Uncommon trap: reason=unstable_if action=reinterpret pc=0x000001d314e3d0fc method=org.gradle.util.internal.SimpleMapInterner.intern(Ljava/lang/String;)Ljava/lang/String; @ 1 c2
Event: 21.617 Thread 0x000001d326472800 DEOPT PACKING pc=0x000001d314e3d0fc sp=0x0000004d399f7840
Event: 21.617 Thread 0x000001d326472800 DEOPT UNPACKING pc=0x000001d30d176a29 sp=0x0000004d399f7808 mode 2
Event: 21.960 Thread 0x000001d326472800 Uncommon trap: trap_request=0xffffffdc fr.pc=0x000001d314ffc0e0 relative=0x00000000000002a0
Event: 21.960 Thread 0x000001d326472800 Uncommon trap: reason=class_check action=make_not_entrant pc=0x000001d314ffc0e0 method=java.util.ArrayList.toArray([Ljava/lang/Object;)[Ljava/lang/Object; @ 21 c2
Event: 21.960 Thread 0x000001d326472800 DEOPT PACKING pc=0x000001d314ffc0e0 sp=0x0000004d399f8e60
Event: 21.961 Thread 0x000001d326472800 DEOPT UNPACKING pc=0x000001d30d176a29 sp=0x0000004d399f8e30 mode 2

Classes redefined (0 events):
No events

Internal exceptions (20 events):
Event: 21.506 Thread 0x000001d326472800 Exception <a 'java/lang/ClassNotFoundException'{0x00000000852b7100}: com/android/builder/core/AbstractBuildTypeBeanInfo> (0x00000000852b7100) thrown at [./src/hotspot/share/classfile/systemDictionary.cpp, line 231]
Event: 21.507 Thread 0x000001d326472800 Exception <a 'java/lang/ClassNotFoundException'{0x00000000852d1610}: com/android/builder/core/AbstractBuildTypeCustomizer> (0x00000000852d1610) thrown at [./src/hotspot/share/classfile/systemDictionary.cpp, line 231]
Event: 21.529 Thread 0x000001d326472800 Exception <a 'java/lang/ClassNotFoundException'{0x0000000088508988}: com/android/build/gradle/internal/dsl/BuildTypeCustomizer> (0x0000000088508988) thrown at [./src/hotspot/share/classfile/systemDictionary.cpp, line 231]
Event: 21.537 Thread 0x000001d326472800 Exception <a 'java/lang/ClassNotFoundException'{0x00000000885977a8}: com/android/build/gradle/internal/dsl/BuildType_DecoratedCustomizer> (0x00000000885977a8) thrown at [./src/hotspot/share/classfile/systemDictionary.cpp, line 231]
Event: 21.547 Thread 0x000001d326472800 Exception <a 'java/lang/ClassNotFoundException'{0x0000000088460920}: build_5v8auhxzd7d27lhodvncj7461$_run_closure1$_closure4BeanInfo> (0x0000000088460920) thrown at [./src/hotspot/share/classfile/systemDictionary.cpp, line 231]
Event: 21.548 Thread 0x000001d326472800 Exception <a 'java/lang/ClassNotFoundException'{0x0000000088472348}: build_5v8auhxzd7d27lhodvncj7461$_run_closure1$_closure4Customizer> (0x0000000088472348) thrown at [./src/hotspot/share/classfile/systemDictionary.cpp, line 231]
Event: 21.552 Thread 0x000001d326472800 Exception <a 'java/lang/ClassNotFoundException'{0x00000000884a3650}: build_5v8auhxzd7d27lhodvncj7461$_run_closure1BeanInfo> (0x00000000884a3650) thrown at [./src/hotspot/share/classfile/systemDictionary.cpp, line 231]
Event: 21.552 Thread 0x000001d326472800 Exception <a 'java/lang/ClassNotFoundException'{0x00000000884b4590}: build_5v8auhxzd7d27lhodvncj7461$_run_closure1Customizer> (0x00000000884b4590) thrown at [./src/hotspot/share/classfile/systemDictionary.cpp, line 231]
Event: 21.563 Thread 0x000001d326472800 Exception <a 'java/lang/ClassNotFoundException'{0x0000000088315e38}: org/gradle/api/JavaVersionBeanInfo> (0x0000000088315e38) thrown at [./src/hotspot/share/classfile/systemDictionary.cpp, line 231]
Event: 21.565 Thread 0x000001d326472800 Exception <a 'java/lang/ClassNotFoundException'{0x0000000088340ef0}: org/gradle/api/JavaVersionCustomizer> (0x0000000088340ef0) thrown at [./src/hotspot/share/classfile/systemDictionary.cpp, line 231]
Event: 21.573 Thread 0x000001d326472800 Exception <a 'java/lang/ClassNotFoundException'{0x000000008839c368}: com/android/build/gradle/internal/CompileOptions_DecoratedBeanInfo> (0x000000008839c368) thrown at [./src/hotspot/share/classfile/systemDictionary.cpp, line 231]
Event: 21.574 Thread 0x000001d326472800 Exception <a 'java/lang/ClassNotFoundException'{0x00000000883b5a20}: com/android/build/gradle/internal/CompileOptionsBeanInfo> (0x00000000883b5a20) thrown at [./src/hotspot/share/classfile/systemDictionary.cpp, line 231]
Event: 21.574 Thread 0x000001d326472800 Exception <a 'java/lang/ClassNotFoundException'{0x00000000883cf9f8}: com/android/build/gradle/internal/CompileOptionsCustomizer> (0x00000000883cf9f8) thrown at [./src/hotspot/share/classfile/systemDictionary.cpp, line 231]
Event: 21.576 Thread 0x000001d326472800 Exception <a 'java/lang/ClassNotFoundException'{0x00000000883f6868}: com/android/build/gradle/internal/CompileOptions_DecoratedCustomizer> (0x00000000883f6868) thrown at [./src/hotspot/share/classfile/systemDictionary.cpp, line 231]
Event: 21.607 Thread 0x000001d326472800 Exception <a 'java/lang/ClassNotFoundException'{0x000000008814aed0}: org/jetbrains/kotlin/gradle/dsl/KotlinJvmOptionsImplBeanInfo> (0x000000008814aed0) thrown at [./src/hotspot/share/classfile/systemDictionary.cpp, line 231]
Event: 21.608 Thread 0x000001d326472800 Exception <a 'java/lang/ClassNotFoundException'{0x0000000088165750}: org/jetbrains/kotlin/gradle/dsl/KotlinJvmOptionsBaseBeanInfo> (0x0000000088165750) thrown at [./src/hotspot/share/classfile/systemDictionary.cpp, line 231]
Event: 21.609 Thread 0x000001d326472800 Exception <a 'java/lang/ClassNotFoundException'{0x00000000881801d8}: org/jetbrains/kotlin/gradle/dsl/KotlinJvmOptionsBaseCustomizer> (0x00000000881801d8) thrown at [./src/hotspot/share/classfile/systemDictionary.cpp, line 231]
Event: 21.611 Thread 0x000001d326472800 Exception <a 'java/lang/ClassNotFoundException'{0x00000000881b4f88}: org/jetbrains/kotlin/gradle/dsl/KotlinJvmOptionsImplCustomizer> (0x00000000881b4f88) thrown at [./src/hotspot/share/classfile/systemDictionary.cpp, line 231]
Event: 21.617 Thread 0x000001d326472800 Implicit null exception at 0x000001d314e3bab1 to 0x000001d314e3c1a5
Event: 21.617 Thread 0x000001d326472800 Implicit null exception at 0x000001d314e3ca16 to 0x000001d314e3d0e8

Events (20 events):
Event: 22.474 loading class com/android/build/gradle/tasks/JavaCompileCreationAction$handleProvider$1
Event: 22.474 loading class com/android/build/gradle/tasks/JavaCompileCreationAction$handleProvider$1 done
Event: 22.475 loading class com/android/build/gradle/tasks/JavaCompileCreationAction$handleProvider$2
Event: 22.475 loading class com/android/build/gradle/tasks/JavaCompileCreationAction$handleProvider$2 done
Event: 22.476 loading class com/android/build/gradle/internal/feature/BundleAllClasses
Event: 22.476 loading class com/android/build/gradle/internal/feature/BundleAllClasses done
Event: 22.478 loading class com/android/build/gradle/internal/feature/BundleAllClasses$CreationAction$handleProvider$1
Event: 22.478 loading class com/android/build/gradle/internal/feature/BundleAllClasses$CreationAction$handleProvider$1 done
Event: 22.480 loading class com/google/common/collect/ImmutableList
Event: 22.480 loading class com/google/common/collect/ImmutableList done
Event: 22.480 loading class org/gradle/api/internal/file/FileCollectionInternal
Event: 22.480 loading class org/gradle/api/internal/file/FileCollectionInternal done
Event: 22.480 loading class com/google/common/collect/ImmutableList
Event: 22.480 loading class com/google/common/collect/ImmutableList done
Event: 22.481 loading class com/android/build/gradle/internal/tasks/MergeGeneratedProguardFilesCreationAction
Event: 22.481 loading class com/android/build/gradle/internal/tasks/MergeGeneratedProguardFilesCreationAction done
Event: 22.483 loading class com/android/build/gradle/internal/tasks/MergeFileTask
Event: 22.483 loading class com/android/build/gradle/internal/tasks/MergeFileTask done
Event: 22.484 loading class com/android/build/gradle/internal/tasks/MergeGeneratedProguardFilesCreationAction$handleProvider$1
Event: 22.484 loading class com/android/build/gradle/internal/tasks/MergeGeneratedProguardFilesCreationAction$handleProvider$1 done


Dynamic libraries:
0x00007ff71e0e0000 - 0x00007ff71e0ea000 	C:\Program Files\Android\Android Studio\jre\bin\java.exe
0x00007ff8575f0000 - 0x00007ff8577e5000 	C:\Windows\SYSTEM32\ntdll.dll
0x00007ff855c50000 - 0x00007ff855d0e000 	C:\Windows\System32\KERNEL32.DLL
0x00007ff855210000 - 0x00007ff8554d8000 	C:\Windows\System32\KERNELBASE.dll
0x00007ff854fb0000 - 0x00007ff8550b0000 	C:\Windows\System32\ucrtbase.dll
0x00007ff8291c0000 - 0x00007ff8291d9000 	C:\Program Files\Android\Android Studio\jre\bin\jli.dll
0x00007ff856200000 - 0x00007ff8563a1000 	C:\Windows\System32\USER32.dll
0x00007ff855570000 - 0x00007ff855592000 	C:\Windows\System32\win32u.dll
0x00007ff855f90000 - 0x00007ff855fbb000 	C:\Windows\System32\GDI32.dll
0x00007ff8550b0000 - 0x00007ff8551bb000 	C:\Windows\System32\gdi32full.dll
0x00007ff8555a0000 - 0x00007ff85563d000 	C:\Windows\System32\msvcp_win.dll
0x00007ff8495b0000 - 0x00007ff84984a000 	C:\Windows\WinSxS\amd64_microsoft.windows.common-controls_6595b64144ccf1df_6.0.19041.1110_none_60b5254171f9507e\COMCTL32.dll
0x00007ff8281e0000 - 0x00007ff8281f7000 	C:\Program Files\Android\Android Studio\jre\bin\VCRUNTIME140.dll
0x00007ff856090000 - 0x00007ff85612e000 	C:\Windows\System32\msvcrt.dll
0x00007ff855770000 - 0x00007ff8557a0000 	C:\Windows\System32\IMM32.DLL
0x00007ff824010000 - 0x00007ff8240ad000 	C:\Program Files\Android\Android Studio\jre\bin\msvcp140.dll
0x00007ff817e60000 - 0x00007ff81892f000 	C:\Program Files\Android\Android Studio\jre\bin\server\jvm.dll
0x00007ff855ee0000 - 0x00007ff855f8c000 	C:\Windows\System32\ADVAPI32.dll
0x00007ff856fd0000 - 0x00007ff85706b000 	C:\Windows\System32\sechost.dll
0x00007ff855640000 - 0x00007ff85576a000 	C:\Windows\System32\RPCRT4.dll
0x00007ff8558e0000 - 0x00007ff8558e8000 	C:\Windows\System32\PSAPI.DLL
0x00007ff84e070000 - 0x00007ff84e079000 	C:\Windows\SYSTEM32\WSOCK32.dll
0x00007ff838130000 - 0x00007ff838157000 	C:\Windows\SYSTEM32\WINMM.dll
0x00007ff855d10000 - 0x00007ff855d7b000 	C:\Windows\System32\WS2_32.dll
0x00007ff849ef0000 - 0x00007ff849efa000 	C:\Windows\SYSTEM32\VERSION.dll
0x00007ff852c30000 - 0x00007ff852c42000 	C:\Windows\SYSTEM32\kernel.appcore.dll
0x00007ff836aa0000 - 0x00007ff836ab1000 	C:\Program Files\Android\Android Studio\jre\bin\verify.dll
0x00007ff830bf0000 - 0x00007ff830dd4000 	C:\Windows\SYSTEM32\DBGHELP.DLL
0x00007ff832690000 - 0x00007ff8326bc000 	C:\Windows\SYSTEM32\dbgcore.DLL
0x00007ff854d10000 - 0x00007ff854d93000 	C:\Windows\System32\bcryptPrimitives.dll
0x00007ff82bc50000 - 0x00007ff82bc79000 	C:\Program Files\Android\Android Studio\jre\bin\java.dll
0x00007ff84be90000 - 0x00007ff84be9b000 	C:\Program Files\Android\Android Studio\jre\bin\jimage.dll
0x00007ff82bc30000 - 0x00007ff82bc48000 	C:\Program Files\Android\Android Studio\jre\bin\zip.dll
0x00007ff856890000 - 0x00007ff856fcf000 	C:\Windows\System32\SHELL32.dll
0x00007ff852e30000 - 0x00007ff8535c0000 	C:\Windows\SYSTEM32\windows.storage.dll
0x00007ff8558f0000 - 0x00007ff855c45000 	C:\Windows\System32\combase.dll
0x00007ff854690000 - 0x00007ff8546be000 	C:\Windows\SYSTEM32\Wldp.dll
0x00007ff855830000 - 0x00007ff8558dd000 	C:\Windows\System32\SHCORE.dll
0x00007ff856190000 - 0x00007ff8561e5000 	C:\Windows\System32\shlwapi.dll
0x00007ff854c50000 - 0x00007ff854c6f000 	C:\Windows\SYSTEM32\profapi.dll
0x00007ff82b970000 - 0x00007ff82b98a000 	C:\Program Files\Android\Android Studio\jre\bin\net.dll
0x00007ff84c9b0000 - 0x00007ff84cabc000 	C:\Windows\SYSTEM32\WINHTTP.dll
0x00007ff8543f0000 - 0x00007ff85445a000 	C:\Windows\system32\mswsock.dll
0x00007ff82b050000 - 0x00007ff82b064000 	C:\Program Files\Android\Android Studio\jre\bin\nio.dll
0x00007ff82ffa0000 - 0x00007ff82ffc7000 	C:\Users\MARIA TERESA\.gradle\native\8bec1ad78214c89d9ad589b4d07fe93259594b29d510b10fafb7a158f7737e5d\windows-amd64\native-platform.dll
0x00007ff81bb70000 - 0x00007ff81bcad000 	C:\Users\MARIA TERESA\.gradle\native\53dbd7edfb1c66fb8903c78663c9afc45aea4f116125fa6feffd364cf09443e8\windows-amd64\native-platform-file-events.dll
0x00007ff84be40000 - 0x00007ff84be4a000 	C:\Program Files\Android\Android Studio\jre\bin\management.dll
0x00007ff84b5e0000 - 0x00007ff84b5ec000 	C:\Program Files\Android\Android Studio\jre\bin\management_ext.dll
0x00007ff8545e0000 - 0x00007ff8545f8000 	C:\Windows\SYSTEM32\CRYPTSP.dll
0x00007ff853d70000 - 0x00007ff853da4000 	C:\Windows\system32\rsaenh.dll
0x00007ff8554e0000 - 0x00007ff855507000 	C:\Windows\System32\bcrypt.dll
0x00007ff854bd0000 - 0x00007ff854bfe000 	C:\Windows\SYSTEM32\USERENV.dll
0x00007ff854600000 - 0x00007ff85460c000 	C:\Windows\SYSTEM32\CRYPTBASE.dll
0x00007ff8540e0000 - 0x00007ff85411b000 	C:\Windows\SYSTEM32\IPHLPAPI.DLL
0x00007ff8561f0000 - 0x00007ff8561f8000 	C:\Windows\System32\NSI.dll
0x00007ff84f1d0000 - 0x00007ff84f1e7000 	C:\Windows\SYSTEM32\dhcpcsvc6.DLL
0x00007ff84ee70000 - 0x00007ff84ee8d000 	C:\Windows\SYSTEM32\dhcpcsvc.DLL
0x00007ff854120000 - 0x00007ff8541eb000 	C:\Windows\SYSTEM32\DNSAPI.dll

dbghelp: loaded successfully - version: 4.0.5 - missing functions: none
symbol engine: initialized successfully - sym options: 0x614 - pdb path: .;C:\Program Files\Android\Android Studio\jre\bin;C:\Windows\SYSTEM32;C:\Windows\WinSxS\amd64_microsoft.windows.common-controls_6595b64144ccf1df_6.0.19041.1110_none_60b5254171f9507e;C:\Program Files\Android\Android Studio\jre\bin\server;C:\Users\MARIA TERESA\.gradle\native\8bec1ad78214c89d9ad589b4d07fe93259594b29d510b10fafb7a158f7737e5d\windows-amd64;C:\Users\MARIA TERESA\.gradle\native\53dbd7edfb1c66fb8903c78663c9afc45aea4f116125fa6feffd364cf09443e8\windows-amd64

VM Arguments:
jvm_args: --add-opens=java.base/java.util=ALL-UNNAMED --add-opens=java.base/java.lang=ALL-UNNAMED --add-opens=java.base/java.lang.invoke=ALL-UNNAMED --add-opens=java.base/java.util=ALL-UNNAMED --add-opens=java.prefs/java.util.prefs=ALL-UNNAMED --add-opens=java.prefs/java.util.prefs=ALL-UNNAMED --add-opens=java.base/java.nio.charset=ALL-UNNAMED --add-opens=java.base/java.net=ALL-UNNAMED --add-opens=java.base/java.util.concurrent.atomic=ALL-UNNAMED -Xmx2048m -Dfile.encoding=UTF-8 -Duser.country=CO -Duser.language=es -Duser.variant 
java_command: org.gradle.launcher.daemon.bootstrap.GradleDaemon 7.0.2
java_class_path (initial): C:\Users\MARIA TERESA\.gradle\wrapper\dists\gradle-7.0.2-bin\857tjihv64xamwrf0h14cai3r\gradle-7.0.2\lib\gradle-launcher-7.0.2.jar
Launcher Type: SUN_STANDARD

[Global flags]
     intx CICompilerCount                          = 3                                         {product} {ergonomic}
     uint ConcGCThreads                            = 1                                         {product} {ergonomic}
     uint G1ConcRefinementThreads                  = 4                                         {product} {ergonomic}
   size_t G1HeapRegionSize                         = 1048576                                   {product} {ergonomic}
    uintx GCDrainStackTargetSize                   = 64                                        {product} {ergonomic}
   size_t InitialHeapSize                          = 96468992                                  {product} {ergonomic}
   size_t MarkStackSize                            = 4194304                                   {product} {ergonomic}
   size_t MaxHeapSize                              = 2147483648                                {product} {command line}
   size_t MaxNewSize                               = 1287651328                                {product} {ergonomic}
   size_t MinHeapDeltaBytes                        = 1048576                                   {product} {ergonomic}
    uintx NonNMethodCodeHeapSize                   = 5830732                                {pd product} {ergonomic}
    uintx NonProfiledCodeHeapSize                  = 122913754                              {pd product} {ergonomic}
    uintx ProfiledCodeHeapSize                     = 122913754                              {pd product} {ergonomic}
    uintx ReservedCodeCacheSize                    = 251658240                              {pd product} {ergonomic}
     bool SegmentedCodeCache                       = true                                      {product} {ergonomic}
     bool UseCompressedClassPointers               = true                                 {lp64_product} {ergonomic}
     bool UseCompressedOops                        = true                                 {lp64_product} {ergonomic}
     bool UseG1GC                                  = true                                      {product} {ergonomic}
     bool UseLargePagesIndividualAllocation        = false                                  {pd product} {ergonomic}

Logging:
Log output configuration:
 #0: stdout all=warning uptime,level,tags
 #1: stderr all=off uptime,level,tags

Environment Variables:
PATH=C:\Program Files\Common Files\Oracle\Java\javapath;C:\Program Files\Microsoft MPI\Bin\;C:\Windows\system32;C:\Windows;C:\Windows\System32\Wbem;C:\Windows\System32\WindowsPowerShell\v1.0\;C:\Windows\System32\OpenSSH\;C:\Program Files\Azure Data Studio\bin;C:\Program Files (x86)\Microsoft SQL Server\150\Tools\Binn\;C:\Program Files\Microsoft SQL Server\150\Tools\Binn\;C:\Program Files (x86)\Microsoft SQL Server\150\DTS\Binn\;C:\Program Files\Microsoft SQL Server\150\DTS\Binn\;C:\Program Files\Microsoft SQL Server\Client SDK\ODBC\170\Tools\Binn\;C:\Program Files\dotnet\;C:\Program Files\Git\cmd;C:\Users\MARIA TERESA\AppData\Local\Microsoft\WindowsApps;;C:\Users\MARIA TERESA\AppData\Local\Programs\Microsoft VS Code\bin;C:\Program Files\Azure Data Studio\bin;C:\Users\MARIA TERESA\.dotnet\tools
USERNAME=MARIA TERESA
OS=Windows_NT
PROCESSOR_IDENTIFIER=Intel64 Family 6 Model 37 Stepping 2, GenuineIntel



---------------  S Y S T E M  ---------------

OS: Windows 10 , 64 bit Build 19041 (10.0.19041.1348)
OS uptime: 1 days 18:11 hours

CPU:total 4 (initial active 4) (2 cores per cpu, 2 threads per core) family 6 model 37 stepping 2 microcode 0x11, cmov, cx8, fxsr, mmx, sse, sse2, sse3, ssse3, sse4.1, sse4.2, popcnt, ht, tsc, tscinvbit

Memory: 4k page, system-wide physical 5879M (615M free)
TotalPageFile size 5879M (AvailPageFile size 4M)
current process WorkingSet (physical memory assigned to process): 334M, peak: 334M
current process commit charge ("private bytes"): 363M, peak: 364M

vm_info: OpenJDK 64-Bit Server VM (11.0.10+0-b96-7249189) for windows-amd64 JRE (11.0.10+0-b96-7249189), built on Mar 31 2021 21:44:00 by "builder" with MS VC++ 14.0 (VS2015)

END.
